[1.218s] Invoking command in '/home/stephenq0503/Desktop/robot_arm_sim/build/moveit_resources_panda_moveit_config': AMENT_PREFIX_PATH=/home/stephenq0503/Desktop/robot_arm_sim/install/moveit_resources_panda_description:${AMENT_PREFIX_PATH} CMAKE_PREFIX_PATH=/home/stephenq0503/Desktop/robot_arm_sim/install/moveit_resources_panda_description:/home/stephenq0503/Desktop/robot_arm_sim/install/six_dof_arm:/home/stephenq0503/Desktop/robot_arm_sim/install/gazebo_ros2_control:/opt/ros/humble /usr/bin/cmake /home/stephenq0503/Desktop/robot_arm_sim/src/moveit_resources/panda_moveit_config -DCMAKE_INSTALL_PREFIX=/home/stephenq0503/Desktop/robot_arm_sim/install/moveit_resources_panda_moveit_config
[1.496s] -- The C compiler identification is GNU 11.4.0
[1.604s] -- The CXX compiler identification is GNU 11.4.0
[1.621s] -- Detecting C compiler ABI info
[1.991s] -- Detecting C compiler ABI info - done
[2.015s] -- Check for working C compiler: /usr/bin/cc - skipped
[2.016s] -- Detecting C compile features
[2.025s] -- Detecting C compile features - done
[2.041s] -- Detecting CXX compiler ABI info
[2.362s] -- Detecting CXX compiler ABI info - done
[2.383s] -- Check for working CXX compiler: /usr/bin/c++ - skipped
[2.404s] -- Detecting CXX compile features
[2.405s] -- Detecting CXX compile features - done
[2.411s] -- Found ament_cmake: 1.3.7 (/opt/ros/humble/share/ament_cmake/cmake)
[2.967s] -- Found Python3: /usr/bin/python3.10 (found version "3.10.12") found components: Interpreter 
[3.402s] -- Configuring done
[3.409s] -- Generating done
[3.411s] -- Build files have been written to: /home/stephenq0503/Desktop/robot_arm_sim/build/moveit_resources_panda_moveit_config
[3.429s] Invoked command in '/home/stephenq0503/Desktop/robot_arm_sim/build/moveit_resources_panda_moveit_config' returned '0': AMENT_PREFIX_PATH=/home/stephenq0503/Desktop/robot_arm_sim/install/moveit_resources_panda_description:${AMENT_PREFIX_PATH} CMAKE_PREFIX_PATH=/home/stephenq0503/Desktop/robot_arm_sim/install/moveit_resources_panda_description:/home/stephenq0503/Desktop/robot_arm_sim/install/six_dof_arm:/home/stephenq0503/Desktop/robot_arm_sim/install/gazebo_ros2_control:/opt/ros/humble /usr/bin/cmake /home/stephenq0503/Desktop/robot_arm_sim/src/moveit_resources/panda_moveit_config -DCMAKE_INSTALL_PREFIX=/home/stephenq0503/Desktop/robot_arm_sim/install/moveit_resources_panda_moveit_config
[3.439s] Invoking command in '/home/stephenq0503/Desktop/robot_arm_sim/build/moveit_resources_panda_moveit_config': AMENT_PREFIX_PATH=/home/stephenq0503/Desktop/robot_arm_sim/install/moveit_resources_panda_description:${AMENT_PREFIX_PATH} CMAKE_PREFIX_PATH=/home/stephenq0503/Desktop/robot_arm_sim/install/moveit_resources_panda_description:/home/stephenq0503/Desktop/robot_arm_sim/install/six_dof_arm:/home/stephenq0503/Desktop/robot_arm_sim/install/gazebo_ros2_control:/opt/ros/humble /usr/bin/cmake --build /home/stephenq0503/Desktop/robot_arm_sim/build/moveit_resources_panda_moveit_config -- -j8 -l8
[3.610s] Invoked command in '/home/stephenq0503/Desktop/robot_arm_sim/build/moveit_resources_panda_moveit_config' returned '0': AMENT_PREFIX_PATH=/home/stephenq0503/Desktop/robot_arm_sim/install/moveit_resources_panda_description:${AMENT_PREFIX_PATH} CMAKE_PREFIX_PATH=/home/stephenq0503/Desktop/robot_arm_sim/install/moveit_resources_panda_description:/home/stephenq0503/Desktop/robot_arm_sim/install/six_dof_arm:/home/stephenq0503/Desktop/robot_arm_sim/install/gazebo_ros2_control:/opt/ros/humble /usr/bin/cmake --build /home/stephenq0503/Desktop/robot_arm_sim/build/moveit_resources_panda_moveit_config -- -j8 -l8
[3.794s] Invoking command in '/home/stephenq0503/Desktop/robot_arm_sim/build/moveit_resources_panda_moveit_config': AMENT_PREFIX_PATH=/home/stephenq0503/Desktop/robot_arm_sim/install/moveit_resources_panda_description:${AMENT_PREFIX_PATH} CMAKE_PREFIX_PATH=/home/stephenq0503/Desktop/robot_arm_sim/install/moveit_resources_panda_description:/home/stephenq0503/Desktop/robot_arm_sim/install/six_dof_arm:/home/stephenq0503/Desktop/robot_arm_sim/install/gazebo_ros2_control:/opt/ros/humble /usr/bin/cmake --install /home/stephenq0503/Desktop/robot_arm_sim/build/moveit_resources_panda_moveit_config
[3.810s] -- Install configuration: ""
[3.811s] -- Installing: /home/stephenq0503/Desktop/robot_arm_sim/install/moveit_resources_panda_moveit_config/share/ament_index/resource_index/package_run_dependencies/moveit_resources_panda_moveit_config
[3.814s] -- Installing: /home/stephenq0503/Desktop/robot_arm_sim/install/moveit_resources_panda_moveit_config/share/ament_index/resource_index/parent_prefix_path/moveit_resources_panda_moveit_config
[3.814s] -- Installing: /home/stephenq0503/Desktop/robot_arm_sim/install/moveit_resources_panda_moveit_config/share/moveit_resources_panda_moveit_config/environment/ament_prefix_path.sh
[3.817s] -- Installing: /home/stephenq0503/Desktop/robot_arm_sim/install/moveit_resources_panda_moveit_config/share/moveit_resources_panda_moveit_config/environment/ament_prefix_path.dsv
[3.818s] -- Installing: /home/stephenq0503/Desktop/robot_arm_sim/install/moveit_resources_panda_moveit_config/share/moveit_resources_panda_moveit_config/environment/path.sh
[3.818s] -- Installing: /home/stephenq0503/Desktop/robot_arm_sim/install/moveit_resources_panda_moveit_config/share/moveit_resources_panda_moveit_config/environment/path.dsv
[3.819s] -- Installing: /home/stephenq0503/Desktop/robot_arm_sim/install/moveit_resources_panda_moveit_config/share/moveit_resources_panda_moveit_config/local_setup.bash
[3.819s] -- Installing: /home/stephenq0503/Desktop/robot_arm_sim/install/moveit_resources_panda_moveit_config/share/moveit_resources_panda_moveit_config/local_setup.sh
[3.819s] -- Installing: /home/stephenq0503/Desktop/robot_arm_sim/install/moveit_resources_panda_moveit_config/share/moveit_resources_panda_moveit_config/local_setup.zsh
[3.819s] -- Installing: /home/stephenq0503/Desktop/robot_arm_sim/install/moveit_resources_panda_moveit_config/share/moveit_resources_panda_moveit_config/local_setup.dsv
[3.819s] -- Installing: /home/stephenq0503/Desktop/robot_arm_sim/install/moveit_resources_panda_moveit_config/share/moveit_resources_panda_moveit_config/package.dsv
[3.820s] -- Installing: /home/stephenq0503/Desktop/robot_arm_sim/install/moveit_resources_panda_moveit_config/share/ament_index/resource_index/packages/moveit_resources_panda_moveit_config
[3.820s] -- Installing: /home/stephenq0503/Desktop/robot_arm_sim/install/moveit_resources_panda_moveit_config/share/moveit_resources_panda_moveit_config/cmake/moveit_resources_panda_moveit_configConfig.cmake
[3.820s] -- Installing: /home/stephenq0503/Desktop/robot_arm_sim/install/moveit_resources_panda_moveit_config/share/moveit_resources_panda_moveit_config/cmake/moveit_resources_panda_moveit_configConfig-version.cmake
[3.821s] -- Installing: /home/stephenq0503/Desktop/robot_arm_sim/install/moveit_resources_panda_moveit_config/share/moveit_resources_panda_moveit_config/package.xml
[3.821s] -- Installing: /home/stephenq0503/Desktop/robot_arm_sim/install/moveit_resources_panda_moveit_config/share/moveit_resources_panda_moveit_config/launch
[3.822s] -- Installing: /home/stephenq0503/Desktop/robot_arm_sim/install/moveit_resources_panda_moveit_config/share/moveit_resources_panda_moveit_config/launch/moveit_empty.rviz
[3.822s] -- Installing: /home/stephenq0503/Desktop/robot_arm_sim/install/moveit_resources_panda_moveit_config/share/moveit_resources_panda_moveit_config/launch/moveit_rviz.launch.py
[3.823s] -- Installing: /home/stephenq0503/Desktop/robot_arm_sim/install/moveit_resources_panda_moveit_config/share/moveit_resources_panda_moveit_config/launch/moveit.rviz
[3.823s] -- Installing: /home/stephenq0503/Desktop/robot_arm_sim/install/moveit_resources_panda_moveit_config/share/moveit_resources_panda_moveit_config/launch/demo.launch.py
[3.823s] -- Installing: /home/stephenq0503/Desktop/robot_arm_sim/install/moveit_resources_panda_moveit_config/share/moveit_resources_panda_moveit_config/config
[3.823s] -- Installing: /home/stephenq0503/Desktop/robot_arm_sim/install/moveit_resources_panda_moveit_config/share/moveit_resources_panda_moveit_config/config/pilz_industrial_motion_planner_planning.yaml
[3.823s] -- Installing: /home/stephenq0503/Desktop/robot_arm_sim/install/moveit_resources_panda_moveit_config/share/moveit_resources_panda_moveit_config/config/lerp_planning.yaml
[3.823s] -- Installing: /home/stephenq0503/Desktop/robot_arm_sim/install/moveit_resources_panda_moveit_config/share/moveit_resources_panda_moveit_config/config/moveit_controllers.yaml
[3.824s] -- Installing: /home/stephenq0503/Desktop/robot_arm_sim/install/moveit_resources_panda_moveit_config/share/moveit_resources_panda_moveit_config/config/ompl_planning.yaml
[3.825s] -- Installing: /home/stephenq0503/Desktop/robot_arm_sim/install/moveit_resources_panda_moveit_config/share/moveit_resources_panda_moveit_config/config/panda_arm.xacro
[3.825s] -- Installing: /home/stephenq0503/Desktop/robot_arm_sim/install/moveit_resources_panda_moveit_config/share/moveit_resources_panda_moveit_config/config/chomp_planning.yaml
[3.826s] -- Installing: /home/stephenq0503/Desktop/robot_arm_sim/install/moveit_resources_panda_moveit_config/share/moveit_resources_panda_moveit_config/config/panda.srdf
[3.827s] -- Installing: /home/stephenq0503/Desktop/robot_arm_sim/install/moveit_resources_panda_moveit_config/share/moveit_resources_panda_moveit_config/config/panda.ros2_control.xacro
[3.827s] -- Installing: /home/stephenq0503/Desktop/robot_arm_sim/install/moveit_resources_panda_moveit_config/share/moveit_resources_panda_moveit_config/config/gripper_moveit_controllers.yaml
[3.828s] -- Installing: /home/stephenq0503/Desktop/robot_arm_sim/install/moveit_resources_panda_moveit_config/share/moveit_resources_panda_moveit_config/config/initial_positions.yaml
[3.828s] -- Installing: /home/stephenq0503/Desktop/robot_arm_sim/install/moveit_resources_panda_moveit_config/share/moveit_resources_panda_moveit_config/config/joint_limits.yaml
[3.829s] -- Installing: /home/stephenq0503/Desktop/robot_arm_sim/install/moveit_resources_panda_moveit_config/share/moveit_resources_panda_moveit_config/config/hand.xacro
[3.829s] -- Installing: /home/stephenq0503/Desktop/robot_arm_sim/install/moveit_resources_panda_moveit_config/share/moveit_resources_panda_moveit_config/config/kinematics.yaml
[3.831s] -- Installing: /home/stephenq0503/Desktop/robot_arm_sim/install/moveit_resources_panda_moveit_config/share/moveit_resources_panda_moveit_config/config/sensors_kinect_pointcloud.yaml
[3.831s] -- Installing: /home/stephenq0503/Desktop/robot_arm_sim/install/moveit_resources_panda_moveit_config/share/moveit_resources_panda_moveit_config/config/pilz_cartesian_limits.yaml
[3.832s] -- Installing: /home/stephenq0503/Desktop/robot_arm_sim/install/moveit_resources_panda_moveit_config/share/moveit_resources_panda_moveit_config/config/panda_hand.ros2_control.xacro
[3.832s] -- Installing: /home/stephenq0503/Desktop/robot_arm_sim/install/moveit_resources_panda_moveit_config/share/moveit_resources_panda_moveit_config/config/panda.urdf.xacro
[3.832s] -- Installing: /home/stephenq0503/Desktop/robot_arm_sim/install/moveit_resources_panda_moveit_config/share/moveit_resources_panda_moveit_config/config/trajopt_planning.yaml
[3.835s] -- Installing: /home/stephenq0503/Desktop/robot_arm_sim/install/moveit_resources_panda_moveit_config/share/moveit_resources_panda_moveit_config/config/panda_arm_hand.srdf.xacro
[3.837s] -- Installing: /home/stephenq0503/Desktop/robot_arm_sim/install/moveit_resources_panda_moveit_config/share/moveit_resources_panda_moveit_config/config/panda_arm.srdf.xacro
[3.837s] -- Installing: /home/stephenq0503/Desktop/robot_arm_sim/install/moveit_resources_panda_moveit_config/share/moveit_resources_panda_moveit_config/config/sensors_kinect_depthmap.yaml
[3.838s] -- Installing: /home/stephenq0503/Desktop/robot_arm_sim/install/moveit_resources_panda_moveit_config/share/moveit_resources_panda_moveit_config/config/ros2_controllers.yaml
[3.839s] -- Installing: /home/stephenq0503/Desktop/robot_arm_sim/install/moveit_resources_panda_moveit_config/share/moveit_resources_panda_moveit_config/.setup_assistant
[3.845s] Invoked command in '/home/stephenq0503/Desktop/robot_arm_sim/build/moveit_resources_panda_moveit_config' returned '0': AMENT_PREFIX_PATH=/home/stephenq0503/Desktop/robot_arm_sim/install/moveit_resources_panda_description:${AMENT_PREFIX_PATH} CMAKE_PREFIX_PATH=/home/stephenq0503/Desktop/robot_arm_sim/install/moveit_resources_panda_description:/home/stephenq0503/Desktop/robot_arm_sim/install/six_dof_arm:/home/stephenq0503/Desktop/robot_arm_sim/install/gazebo_ros2_control:/opt/ros/humble /usr/bin/cmake --install /home/stephenq0503/Desktop/robot_arm_sim/build/moveit_resources_panda_moveit_config
