[0.316s] Invoking command in '/home/stephenq0503/Desktop/robot_arm_sim/build/moveit_ros_robot_interaction': AMENT_PREFIX_PATH=/home/stephenq0503/Desktop/robot_arm_sim/install/moveit_ros_planning:/home/stephenq0503/Desktop/robot_arm_sim/install/moveit_ros_occupancy_map_monitor:/home/stephenq0503/Desktop/robot_arm_sim/install/moveit_core:/home/stephenq0503/Desktop/robot_arm_sim/install/srdfdom:/home/stephenq0503/Desktop/robot_arm_sim/install/moveit_common:${AMENT_PREFIX_PATH} CMAKE_PREFIX_PATH=/home/stephenq0503/Desktop/robot_arm_sim/install/moveit_ros_planning:/home/stephenq0503/Desktop/robot_arm_sim/install/moveit_ros_occupancy_map_monitor:/home/stephenq0503/Desktop/robot_arm_sim/install/moveit_core:/home/stephenq0503/Desktop/robot_arm_sim/install/srdfdom:/home/stephenq0503/Desktop/robot_arm_sim/install/moveit_common:/home/stephenq0503/Desktop/robot_arm_sim/install/six_dof_arm:/home/stephenq0503/Desktop/robot_arm_sim/install/gazebo_ros2_control:/opt/ros/humble LD_LIBRARY_PATH=/home/stephenq0503/Desktop/robot_arm_sim/install/moveit_ros_planning/lib:/home/stephenq0503/Desktop/robot_arm_sim/install/moveit_ros_occupancy_map_monitor/lib:/home/stephenq0503/Desktop/robot_arm_sim/install/moveit_core/lib:/home/stephenq0503/Desktop/robot_arm_sim/install/srdfdom/lib:${LD_LIBRARY_PATH} PATH=/home/stephenq0503/Desktop/robot_arm_sim/install/moveit_core/bin:${PATH} PYTHONPATH=/home/stephenq0503/Desktop/robot_arm_sim/install/srdfdom/local/lib/python3.10/dist-packages:${PYTHONPATH} /usr/bin/cmake /home/stephenq0503/Desktop/robot_arm_sim/src/moveit2/moveit_ros/robot_interaction -DCMAKE_INSTALL_PREFIX=/home/stephenq0503/Desktop/robot_arm_sim/install/moveit_ros_robot_interaction
[0.660s] -- The C compiler identification is GNU 11.4.0
[0.786s] -- The CXX compiler identification is GNU 11.4.0
[0.806s] -- Detecting C compiler ABI info
[0.975s] -- Detecting C compiler ABI info - done
[0.995s] -- Check for working C compiler: /usr/bin/cc - skipped
[0.995s] -- Detecting C compile features
[0.995s] -- Detecting C compile features - done
[1.000s] -- Detecting CXX compiler ABI info
[1.173s] -- Detecting CXX compiler ABI info - done
[1.199s] -- Check for working CXX compiler: /usr/bin/c++ - skipped
[1.199s] -- Detecting CXX compile features
[1.199s] -- Detecting CXX compile features - done
[1.201s] -- Found moveit_common: 2.5.5 (/home/stephenq0503/Desktop/robot_arm_sim/install/moveit_common/share/moveit_common/cmake)
[1.207s] -- Found ament_cmake: 1.3.7 (/opt/ros/humble/share/ament_cmake/cmake)
[1.735s] -- Found Python3: /usr/bin/python3.10 (found version "3.10.12") found components: Interpreter 
[2.099s] -- Found libdw: /usr/lib/x86_64-linux-gnu/libdw.so  
[2.106s] -- Could NOT find libbfd (missing: LIBBFD_LIBRARY LIBBFD_INCLUDE_DIR) 
[2.107s] -- BACKWARD_HAS_UNWIND=1
[2.107s] -- BACKWARD_HAS_BACKTRACE=0
[2.107s] -- BACKWARD_HAS_BACKTRACE_SYMBOL=0
[2.107s] -- BACKWARD_HAS_DW=1
[2.107s] -- BACKWARD_HAS_BFD=0
[2.109s] -- Found Backward: /opt/ros/humble/share/backward_ros/cmake  
[2.110s] [0mmoveit_ros_robot_interaction: You did not request a specific build type: Choosing 'Release' for maximum performance[0m
[2.111s] -- Found moveit_core: 2.5.5 (/home/stephenq0503/Desktop/robot_arm_sim/install/moveit_core/share/moveit_core/cmake)
[2.626s] -- Found Boost: /usr/lib/x86_64-linux-gnu/cmake/Boost-1.74.0/BoostConfig.cmake (found version "1.74.0") found components: chrono date_time filesystem iostreams program_options regex serialization system thread 
[2.760s] -- Found parameter_traits: 0.3.7 (/opt/ros/humble/share/parameter_traits/cmake)
[2.847s] -- Found rosidl_generator_c: 3.1.5 (/opt/ros/humble/share/rosidl_generator_c/cmake)
[2.862s] -- Found rosidl_adapter: 3.1.5 (/opt/ros/humble/share/rosidl_adapter/cmake)
[2.882s] -- Found rosidl_generator_cpp: 3.1.5 (/opt/ros/humble/share/rosidl_generator_cpp/cmake)
[2.923s] -- Using all available rosidl_typesupport_c: rosidl_typesupport_fastrtps_c;rosidl_typesupport_introspection_c
[2.984s] -- Using all available rosidl_typesupport_cpp: rosidl_typesupport_fastrtps_cpp;rosidl_typesupport_introspection_cpp
[3.157s] -- Found rmw_implementation_cmake: 6.1.1 (/opt/ros/humble/share/rmw_implementation_cmake/cmake)
[3.165s] -- Found rmw_fastrtps_cpp: 6.2.6 (/opt/ros/humble/share/rmw_fastrtps_cpp/cmake)
[3.405s] -- Found OpenSSL: /usr/lib/x86_64-linux-gnu/libcrypto.so (found version "3.0.2")  
[3.454s] -- Found FastRTPS: /opt/ros/humble/include  
[3.556s] -- Using RMW implementation 'rmw_fastrtps_cpp' as default
[3.585s] -- Found Threads: TRUE  
[4.023s] -- Found Eigen3: TRUE (found version "3.4.0") 
[4.031s] -- Found rclcpp_lifecycle: 16.0.8 (/opt/ros/humble/share/rclcpp_lifecycle/cmake)
[4.115s] -- Found Boost: /usr/lib/x86_64-linux-gnu/cmake/Boost-1.74.0/BoostConfig.cmake (found version "1.74.0") found components: filesystem 
[4.433s] -- library: /usr/lib/x86_64-linux-gnu/libcurl.so
[5.227s] -- Ensuring Eigen3 include directory is part of orocos-kdl CMake target
[7.910s] -- Found moveit_ros_planning: 2.5.5 (/home/stephenq0503/Desktop/robot_arm_sim/install/moveit_ros_planning/share/moveit_ros_planning/cmake)
[7.921s] -- Found Boost: /usr/lib/x86_64-linux-gnu/cmake/Boost-1.74.0/BoostConfig.cmake (found version "1.74.0") found components: system filesystem date_time program_options thread chrono 
[9.057s] -- Found interactive_markers: 2.3.2 (/opt/ros/humble/share/interactive_markers/cmake)
[9.096s] -- Performing Test COMPILER_HAS_HIDDEN_VISIBILITY
[9.332s] -- Performing Test COMPILER_HAS_HIDDEN_VISIBILITY - Success
[9.338s] -- Performing Test COMPILER_HAS_HIDDEN_INLINE_VISIBILITY
[9.590s] -- Performing Test COMPILER_HAS_HIDDEN_INLINE_VISIBILITY - Success
[9.590s] -- Performing Test COMPILER_HAS_DEPRECATED_ATTR
[9.890s] -- Performing Test COMPILER_HAS_DEPRECATED_ATTR - Success
[9.905s] -- Found ament_cmake_gtest: 1.3.7 (/opt/ros/humble/share/ament_cmake_gtest/cmake)
[9.913s] -- Found gtest sources under '/opt/ros/humble/src/gtest_vendor': C++ tests using 'Google Test' will be built
[9.947s] -- Found ament_lint_auto: 0.12.10 (/opt/ros/humble/share/ament_lint_auto/cmake)
[9.991s] -- Added test 'cppcheck' to perform static code analysis on C / C++ code
[9.996s] -- Configured cppcheck include dirs: /home/stephenq0503/Desktop/robot_arm_sim/src/moveit2/moveit_ros/robot_interaction/include
[9.996s] -- Configured cppcheck exclude dirs and/or files: 
[9.999s] -- Added test 'lint_cmake' to check CMake code style
[10.003s] -- Added test 'xmllint' to check XML markup files
[10.016s] -- Configuring done
[10.236s] -- Generating done
[10.245s] -- Build files have been written to: /home/stephenq0503/Desktop/robot_arm_sim/build/moveit_ros_robot_interaction
[10.292s] Invoked command in '/home/stephenq0503/Desktop/robot_arm_sim/build/moveit_ros_robot_interaction' returned '0': AMENT_PREFIX_PATH=/home/stephenq0503/Desktop/robot_arm_sim/install/moveit_ros_planning:/home/stephenq0503/Desktop/robot_arm_sim/install/moveit_ros_occupancy_map_monitor:/home/stephenq0503/Desktop/robot_arm_sim/install/moveit_core:/home/stephenq0503/Desktop/robot_arm_sim/install/srdfdom:/home/stephenq0503/Desktop/robot_arm_sim/install/moveit_common:${AMENT_PREFIX_PATH} CMAKE_PREFIX_PATH=/home/stephenq0503/Desktop/robot_arm_sim/install/moveit_ros_planning:/home/stephenq0503/Desktop/robot_arm_sim/install/moveit_ros_occupancy_map_monitor:/home/stephenq0503/Desktop/robot_arm_sim/install/moveit_core:/home/stephenq0503/Desktop/robot_arm_sim/install/srdfdom:/home/stephenq0503/Desktop/robot_arm_sim/install/moveit_common:/home/stephenq0503/Desktop/robot_arm_sim/install/six_dof_arm:/home/stephenq0503/Desktop/robot_arm_sim/install/gazebo_ros2_control:/opt/ros/humble LD_LIBRARY_PATH=/home/stephenq0503/Desktop/robot_arm_sim/install/moveit_ros_planning/lib:/home/stephenq0503/Desktop/robot_arm_sim/install/moveit_ros_occupancy_map_monitor/lib:/home/stephenq0503/Desktop/robot_arm_sim/install/moveit_core/lib:/home/stephenq0503/Desktop/robot_arm_sim/install/srdfdom/lib:${LD_LIBRARY_PATH} PATH=/home/stephenq0503/Desktop/robot_arm_sim/install/moveit_core/bin:${PATH} PYTHONPATH=/home/stephenq0503/Desktop/robot_arm_sim/install/srdfdom/local/lib/python3.10/dist-packages:${PYTHONPATH} /usr/bin/cmake /home/stephenq0503/Desktop/robot_arm_sim/src/moveit2/moveit_ros/robot_interaction -DCMAKE_INSTALL_PREFIX=/home/stephenq0503/Desktop/robot_arm_sim/install/moveit_ros_robot_interaction
[10.293s] Invoking command in '/home/stephenq0503/Desktop/robot_arm_sim/build/moveit_ros_robot_interaction': AMENT_PREFIX_PATH=/home/stephenq0503/Desktop/robot_arm_sim/install/moveit_ros_planning:/home/stephenq0503/Desktop/robot_arm_sim/install/moveit_ros_occupancy_map_monitor:/home/stephenq0503/Desktop/robot_arm_sim/install/moveit_core:/home/stephenq0503/Desktop/robot_arm_sim/install/srdfdom:/home/stephenq0503/Desktop/robot_arm_sim/install/moveit_common:${AMENT_PREFIX_PATH} CMAKE_PREFIX_PATH=/home/stephenq0503/Desktop/robot_arm_sim/install/moveit_ros_planning:/home/stephenq0503/Desktop/robot_arm_sim/install/moveit_ros_occupancy_map_monitor:/home/stephenq0503/Desktop/robot_arm_sim/install/moveit_core:/home/stephenq0503/Desktop/robot_arm_sim/install/srdfdom:/home/stephenq0503/Desktop/robot_arm_sim/install/moveit_common:/home/stephenq0503/Desktop/robot_arm_sim/install/six_dof_arm:/home/stephenq0503/Desktop/robot_arm_sim/install/gazebo_ros2_control:/opt/ros/humble LD_LIBRARY_PATH=/home/stephenq0503/Desktop/robot_arm_sim/install/moveit_ros_planning/lib:/home/stephenq0503/Desktop/robot_arm_sim/install/moveit_ros_occupancy_map_monitor/lib:/home/stephenq0503/Desktop/robot_arm_sim/install/moveit_core/lib:/home/stephenq0503/Desktop/robot_arm_sim/install/srdfdom/lib:${LD_LIBRARY_PATH} PATH=/home/stephenq0503/Desktop/robot_arm_sim/install/moveit_core/bin:${PATH} PYTHONPATH=/home/stephenq0503/Desktop/robot_arm_sim/install/srdfdom/local/lib/python3.10/dist-packages:${PYTHONPATH} /usr/bin/cmake --build /home/stephenq0503/Desktop/robot_arm_sim/build/moveit_ros_robot_interaction -- -j8 -l8
[10.571s] [  7%] [32mBuilding CXX object gtest/CMakeFiles/gtest_main.dir/src/gtest_main.cc.o[0m
[10.616s] [ 15%] [32mBuilding CXX object CMakeFiles/moveit_robot_interaction.dir/src/interactive_marker_helpers.cpp.o[0m
[10.628s] [ 23%] [32mBuilding CXX object CMakeFiles/moveit_robot_interaction.dir/src/kinematic_options.cpp.o[0m
[10.635s] [ 30%] [32mBuilding CXX object gtest/CMakeFiles/gtest.dir/src/gtest-all.cc.o[0m
[10.667s] [ 38%] [32mBuilding CXX object CMakeFiles/moveit_robot_interaction.dir/src/locked_robot_state.cpp.o[0m
[10.672s] [ 46%] [32mBuilding CXX object CMakeFiles/moveit_robot_interaction.dir/src/kinematic_options_map.cpp.o[0m
[10.677s] [ 53%] [32mBuilding CXX object CMakeFiles/moveit_robot_interaction.dir/src/robot_interaction.cpp.o[0m
[10.706s] [ 61%] [32mBuilding CXX object CMakeFiles/moveit_robot_interaction.dir/src/interaction_handler.cpp.o[0m
[22.553s] [ 69%] [32m[1mLinking CXX static library libgtest_main.a[0m
[22.859s] [ 69%] Built target gtest_main
[103.441s] [ 76%] [32m[1mLinking CXX static library libgtest.a[0m
[103.670s] [ 76%] Built target gtest
[128.977s] [ 84%] [32m[1mLinking CXX shared library libmoveit_robot_interaction.so[0m
[129.809s] [ 84%] Built target moveit_robot_interaction
[129.869s] [ 92%] [32mBuilding CXX object CMakeFiles/locked_robot_state_test.dir/test/locked_robot_state_test.cpp.o[0m
[143.944s] [100%] [32m[1mLinking CXX executable locked_robot_state_test[0m
[144.763s] [100%] Built target locked_robot_state_test
[144.842s] Invoked command in '/home/stephenq0503/Desktop/robot_arm_sim/build/moveit_ros_robot_interaction' returned '0': AMENT_PREFIX_PATH=/home/stephenq0503/Desktop/robot_arm_sim/install/moveit_ros_planning:/home/stephenq0503/Desktop/robot_arm_sim/install/moveit_ros_occupancy_map_monitor:/home/stephenq0503/Desktop/robot_arm_sim/install/moveit_core:/home/stephenq0503/Desktop/robot_arm_sim/install/srdfdom:/home/stephenq0503/Desktop/robot_arm_sim/install/moveit_common:${AMENT_PREFIX_PATH} CMAKE_PREFIX_PATH=/home/stephenq0503/Desktop/robot_arm_sim/install/moveit_ros_planning:/home/stephenq0503/Desktop/robot_arm_sim/install/moveit_ros_occupancy_map_monitor:/home/stephenq0503/Desktop/robot_arm_sim/install/moveit_core:/home/stephenq0503/Desktop/robot_arm_sim/install/srdfdom:/home/stephenq0503/Desktop/robot_arm_sim/install/moveit_common:/home/stephenq0503/Desktop/robot_arm_sim/install/six_dof_arm:/home/stephenq0503/Desktop/robot_arm_sim/install/gazebo_ros2_control:/opt/ros/humble LD_LIBRARY_PATH=/home/stephenq0503/Desktop/robot_arm_sim/install/moveit_ros_planning/lib:/home/stephenq0503/Desktop/robot_arm_sim/install/moveit_ros_occupancy_map_monitor/lib:/home/stephenq0503/Desktop/robot_arm_sim/install/moveit_core/lib:/home/stephenq0503/Desktop/robot_arm_sim/install/srdfdom/lib:${LD_LIBRARY_PATH} PATH=/home/stephenq0503/Desktop/robot_arm_sim/install/moveit_core/bin:${PATH} PYTHONPATH=/home/stephenq0503/Desktop/robot_arm_sim/install/srdfdom/local/lib/python3.10/dist-packages:${PYTHONPATH} /usr/bin/cmake --build /home/stephenq0503/Desktop/robot_arm_sim/build/moveit_ros_robot_interaction -- -j8 -l8
[144.940s] Invoking command in '/home/stephenq0503/Desktop/robot_arm_sim/build/moveit_ros_robot_interaction': AMENT_PREFIX_PATH=/home/stephenq0503/Desktop/robot_arm_sim/install/moveit_ros_planning:/home/stephenq0503/Desktop/robot_arm_sim/install/moveit_ros_occupancy_map_monitor:/home/stephenq0503/Desktop/robot_arm_sim/install/moveit_core:/home/stephenq0503/Desktop/robot_arm_sim/install/srdfdom:/home/stephenq0503/Desktop/robot_arm_sim/install/moveit_common:${AMENT_PREFIX_PATH} CMAKE_PREFIX_PATH=/home/stephenq0503/Desktop/robot_arm_sim/install/moveit_ros_planning:/home/stephenq0503/Desktop/robot_arm_sim/install/moveit_ros_occupancy_map_monitor:/home/stephenq0503/Desktop/robot_arm_sim/install/moveit_core:/home/stephenq0503/Desktop/robot_arm_sim/install/srdfdom:/home/stephenq0503/Desktop/robot_arm_sim/install/moveit_common:/home/stephenq0503/Desktop/robot_arm_sim/install/six_dof_arm:/home/stephenq0503/Desktop/robot_arm_sim/install/gazebo_ros2_control:/opt/ros/humble LD_LIBRARY_PATH=/home/stephenq0503/Desktop/robot_arm_sim/install/moveit_ros_planning/lib:/home/stephenq0503/Desktop/robot_arm_sim/install/moveit_ros_occupancy_map_monitor/lib:/home/stephenq0503/Desktop/robot_arm_sim/install/moveit_core/lib:/home/stephenq0503/Desktop/robot_arm_sim/install/srdfdom/lib:${LD_LIBRARY_PATH} PATH=/home/stephenq0503/Desktop/robot_arm_sim/install/moveit_core/bin:${PATH} PYTHONPATH=/home/stephenq0503/Desktop/robot_arm_sim/install/srdfdom/local/lib/python3.10/dist-packages:${PYTHONPATH} /usr/bin/cmake --install /home/stephenq0503/Desktop/robot_arm_sim/build/moveit_ros_robot_interaction
[144.958s] -- Install configuration: "Release"
[144.964s] -- Installing: /home/stephenq0503/Desktop/robot_arm_sim/install/moveit_ros_robot_interaction/lib/libmoveit_robot_interaction.so.2.5.5
[144.969s] -- Set runtime path of "/home/stephenq0503/Desktop/robot_arm_sim/install/moveit_ros_robot_interaction/lib/libmoveit_robot_interaction.so.2.5.5" to ""
[144.969s] -- Installing: /home/stephenq0503/Desktop/robot_arm_sim/install/moveit_ros_robot_interaction/lib/libmoveit_robot_interaction.so
[144.969s] -- Installing: /home/stephenq0503/Desktop/robot_arm_sim/install/moveit_ros_robot_interaction/include
[144.969s] -- Installing: /home/stephenq0503/Desktop/robot_arm_sim/install/moveit_ros_robot_interaction/include/moveit
[144.969s] -- Installing: /home/stephenq0503/Desktop/robot_arm_sim/install/moveit_ros_robot_interaction/include/moveit/robot_interaction
[144.969s] -- Installing: /home/stephenq0503/Desktop/robot_arm_sim/install/moveit_ros_robot_interaction/include/moveit/robot_interaction/interaction.h
[144.970s] -- Installing: /home/stephenq0503/Desktop/robot_arm_sim/install/moveit_ros_robot_interaction/include/moveit/robot_interaction/kinematic_options.h
[144.971s] -- Installing: /home/stephenq0503/Desktop/robot_arm_sim/install/moveit_ros_robot_interaction/include/moveit/robot_interaction/robot_interaction.h
[144.977s] -- Installing: /home/stephenq0503/Desktop/robot_arm_sim/install/moveit_ros_robot_interaction/include/moveit/robot_interaction/interactive_marker_helpers.h
[144.980s] -- Installing: /home/stephenq0503/Desktop/robot_arm_sim/install/moveit_ros_robot_interaction/include/moveit/robot_interaction/interaction_handler.h
[144.981s] -- Installing: /home/stephenq0503/Desktop/robot_arm_sim/install/moveit_ros_robot_interaction/include/moveit/robot_interaction/locked_robot_state.h
[144.982s] -- Installing: /home/stephenq0503/Desktop/robot_arm_sim/install/moveit_ros_robot_interaction/include/moveit/robot_interaction/kinematic_options_map.h
[144.982s] -- Installing: /home/stephenq0503/Desktop/robot_arm_sim/install/moveit_ros_robot_interaction/include/moveit_robot_interaction_export.h
[144.982s] -- Installing: /home/stephenq0503/Desktop/robot_arm_sim/install/moveit_ros_robot_interaction/share/moveit_ros_robot_interaction/resources
[144.983s] -- Installing: /home/stephenq0503/Desktop/robot_arm_sim/install/moveit_ros_robot_interaction/share/moveit_ros_robot_interaction/resources/access-denied.dae
[144.984s] -- Installing: /home/stephenq0503/Desktop/robot_arm_sim/install/moveit_ros_robot_interaction/share/moveit_ros_robot_interaction/resources/access-denied.stl
[144.985s] -- Installing: /home/stephenq0503/Desktop/robot_arm_sim/install/moveit_ros_robot_interaction/share/moveit_ros_robot_interaction/environment/library_path.sh
[144.986s] -- Installing: /home/stephenq0503/Desktop/robot_arm_sim/install/moveit_ros_robot_interaction/share/moveit_ros_robot_interaction/environment/library_path.dsv
[144.988s] -- Installing: /home/stephenq0503/Desktop/robot_arm_sim/install/moveit_ros_robot_interaction/share/ament_index/resource_index/package_run_dependencies/moveit_ros_robot_interaction
[144.989s] -- Installing: /home/stephenq0503/Desktop/robot_arm_sim/install/moveit_ros_robot_interaction/share/ament_index/resource_index/parent_prefix_path/moveit_ros_robot_interaction
[144.989s] -- Installing: /home/stephenq0503/Desktop/robot_arm_sim/install/moveit_ros_robot_interaction/share/moveit_ros_robot_interaction/environment/ament_prefix_path.sh
[144.990s] -- Installing: /home/stephenq0503/Desktop/robot_arm_sim/install/moveit_ros_robot_interaction/share/moveit_ros_robot_interaction/environment/ament_prefix_path.dsv
[144.991s] -- Installing: /home/stephenq0503/Desktop/robot_arm_sim/install/moveit_ros_robot_interaction/share/moveit_ros_robot_interaction/environment/path.sh
[144.992s] -- Installing: /home/stephenq0503/Desktop/robot_arm_sim/install/moveit_ros_robot_interaction/share/moveit_ros_robot_interaction/environment/path.dsv
[144.993s] -- Installing: /home/stephenq0503/Desktop/robot_arm_sim/install/moveit_ros_robot_interaction/share/moveit_ros_robot_interaction/local_setup.bash
[144.995s] -- Installing: /home/stephenq0503/Desktop/robot_arm_sim/install/moveit_ros_robot_interaction/share/moveit_ros_robot_interaction/local_setup.sh
[144.996s] -- Installing: /home/stephenq0503/Desktop/robot_arm_sim/install/moveit_ros_robot_interaction/share/moveit_ros_robot_interaction/local_setup.zsh
[144.997s] -- Installing: /home/stephenq0503/Desktop/robot_arm_sim/install/moveit_ros_robot_interaction/share/moveit_ros_robot_interaction/local_setup.dsv
[144.997s] -- Installing: /home/stephenq0503/Desktop/robot_arm_sim/install/moveit_ros_robot_interaction/share/moveit_ros_robot_interaction/package.dsv
[144.998s] -- Installing: /home/stephenq0503/Desktop/robot_arm_sim/install/moveit_ros_robot_interaction/share/ament_index/resource_index/packages/moveit_ros_robot_interaction
[144.999s] -- Installing: /home/stephenq0503/Desktop/robot_arm_sim/install/moveit_ros_robot_interaction/share/moveit_ros_robot_interaction/cmake/export_moveit_ros_robot_interactionExport.cmake
[145.000s] -- Installing: /home/stephenq0503/Desktop/robot_arm_sim/install/moveit_ros_robot_interaction/share/moveit_ros_robot_interaction/cmake/export_moveit_ros_robot_interactionExport-release.cmake
[145.001s] -- Installing: /home/stephenq0503/Desktop/robot_arm_sim/install/moveit_ros_robot_interaction/share/moveit_ros_robot_interaction/cmake/ament_cmake_export_targets-extras.cmake
[145.001s] -- Installing: /home/stephenq0503/Desktop/robot_arm_sim/install/moveit_ros_robot_interaction/share/moveit_ros_robot_interaction/cmake/ament_cmake_export_dependencies-extras.cmake
[145.002s] -- Installing: /home/stephenq0503/Desktop/robot_arm_sim/install/moveit_ros_robot_interaction/share/moveit_ros_robot_interaction/cmake/moveit_ros_robot_interactionConfig.cmake
[145.003s] -- Installing: /home/stephenq0503/Desktop/robot_arm_sim/install/moveit_ros_robot_interaction/share/moveit_ros_robot_interaction/cmake/moveit_ros_robot_interactionConfig-version.cmake
[145.003s] -- Installing: /home/stephenq0503/Desktop/robot_arm_sim/install/moveit_ros_robot_interaction/share/moveit_ros_robot_interaction/package.xml
[145.007s] Invoked command in '/home/stephenq0503/Desktop/robot_arm_sim/build/moveit_ros_robot_interaction' returned '0': AMENT_PREFIX_PATH=/home/stephenq0503/Desktop/robot_arm_sim/install/moveit_ros_planning:/home/stephenq0503/Desktop/robot_arm_sim/install/moveit_ros_occupancy_map_monitor:/home/stephenq0503/Desktop/robot_arm_sim/install/moveit_core:/home/stephenq0503/Desktop/robot_arm_sim/install/srdfdom:/home/stephenq0503/Desktop/robot_arm_sim/install/moveit_common:${AMENT_PREFIX_PATH} CMAKE_PREFIX_PATH=/home/stephenq0503/Desktop/robot_arm_sim/install/moveit_ros_planning:/home/stephenq0503/Desktop/robot_arm_sim/install/moveit_ros_occupancy_map_monitor:/home/stephenq0503/Desktop/robot_arm_sim/install/moveit_core:/home/stephenq0503/Desktop/robot_arm_sim/install/srdfdom:/home/stephenq0503/Desktop/robot_arm_sim/install/moveit_common:/home/stephenq0503/Desktop/robot_arm_sim/install/six_dof_arm:/home/stephenq0503/Desktop/robot_arm_sim/install/gazebo_ros2_control:/opt/ros/humble LD_LIBRARY_PATH=/home/stephenq0503/Desktop/robot_arm_sim/install/moveit_ros_planning/lib:/home/stephenq0503/Desktop/robot_arm_sim/install/moveit_ros_occupancy_map_monitor/lib:/home/stephenq0503/Desktop/robot_arm_sim/install/moveit_core/lib:/home/stephenq0503/Desktop/robot_arm_sim/install/srdfdom/lib:${LD_LIBRARY_PATH} PATH=/home/stephenq0503/Desktop/robot_arm_sim/install/moveit_core/bin:${PATH} PYTHONPATH=/home/stephenq0503/Desktop/robot_arm_sim/install/srdfdom/local/lib/python3.10/dist-packages:${PYTHONPATH} /usr/bin/cmake --install /home/stephenq0503/Desktop/robot_arm_sim/build/moveit_ros_robot_interaction
