[1.360s] DEBUG:colcon:Command line arguments: ['/usr/bin/colcon', 'build']
[1.360s] DEBUG:colcon:Parsed command line arguments: Namespace(log_base=None, log_level=None, verb_name='build', build_base='build', install_base='install', merge_install=False, symlink_install=False, test_result_base=None, continue_on_error=False, executor='parallel', parallel_workers=8, event_handlers=None, ignore_user_meta=False, metas=['./colcon.meta'], base_paths=['.'], packages_ignore=None, packages_ignore_regex=None, paths=None, packages_up_to=None, packages_up_to_regex=None, packages_above=None, packages_above_and_dependencies=None, packages_above_depth=None, packages_select_by_dep=None, packages_skip_by_dep=None, packages_skip_up_to=None, packages_select_build_failed=False, packages_skip_build_finished=False, packages_select_test_failures=False, packages_skip_test_passed=False, packages_select=None, packages_skip=None, packages_select_regex=None, packages_skip_regex=None, packages_start=None, packages_end=None, allow_overriding=[], cmake_args=None, cmake_target=None, cmake_target_skip_unavailable=False, cmake_clean_cache=False, cmake_clean_first=False, cmake_force_configure=False, ament_cmake_args=None, catkin_cmake_args=None, catkin_skip_building_tests=False, mixin_files=None, mixin=None, verb_parser=<colcon_mixin.mixin.mixin_argument.MixinArgumentDecorator object at 0x7f9010b7b940>, verb_extension=<colcon_core.verb.build.BuildVerb object at 0x7f9010b7a620>, main=<bound method BuildVerb.main of <colcon_core.verb.build.BuildVerb object at 0x7f9010b7a620>>, mixin_verb=('build',))
[1.417s] Level 1:colcon.colcon_core.package_discovery:discover_packages(colcon_meta) check parameters
[1.418s] Level 1:colcon.colcon_core.package_discovery:discover_packages(recursive) check parameters
[1.418s] Level 1:colcon.colcon_core.package_discovery:discover_packages(ignore) check parameters
[1.418s] Level 1:colcon.colcon_core.package_discovery:discover_packages(path) check parameters
[1.418s] Level 1:colcon.colcon_core.package_discovery:discover_packages(colcon_meta) discover
[1.418s] Level 1:colcon.colcon_core.package_discovery:discover_packages(recursive) discover
[1.418s] INFO:colcon.colcon_core.package_discovery:Crawling recursively for packages in '/home/stephenq0503/Desktop/robot_arm_sim'
[1.418s] Level 1:colcon.colcon_core.package_identification:_identify(.) by extensions ['ignore', 'ignore_ament_install']
[1.418s] Level 1:colcon.colcon_core.package_identification:_identify(.) by extension 'ignore'
[1.418s] Level 1:colcon.colcon_core.package_identification:_identify(.) by extension 'ignore_ament_install'
[1.418s] Level 1:colcon.colcon_core.package_identification:_identify(.) by extensions ['colcon_pkg']
[1.418s] Level 1:colcon.colcon_core.package_identification:_identify(.) by extension 'colcon_pkg'
[1.418s] Level 1:colcon.colcon_core.package_identification:_identify(.) by extensions ['colcon_meta']
[1.418s] Level 1:colcon.colcon_core.package_identification:_identify(.) by extension 'colcon_meta'
[1.418s] Level 1:colcon.colcon_core.package_identification:_identify(.) by extensions ['ros']
[1.419s] Level 1:colcon.colcon_core.package_identification:_identify(.) by extension 'ros'
[1.430s] Level 1:colcon.colcon_core.package_identification:_identify(.) by extensions ['cmake', 'python']
[1.430s] Level 1:colcon.colcon_core.package_identification:_identify(.) by extension 'cmake'
[1.430s] Level 1:colcon.colcon_core.package_identification:_identify(.) by extension 'python'
[1.430s] Level 1:colcon.colcon_core.package_identification:_identify(.) by extensions ['python_setup_py']
[1.430s] Level 1:colcon.colcon_core.package_identification:_identify(.) by extension 'python_setup_py'
[1.430s] Level 1:colcon.colcon_core.package_identification:_identify(build) by extensions ['ignore', 'ignore_ament_install']
[1.430s] Level 1:colcon.colcon_core.package_identification:_identify(build) by extension 'ignore'
[1.431s] Level 1:colcon.colcon_core.package_identification:_identify(build) ignored
[1.431s] Level 1:colcon.colcon_core.package_identification:_identify(install) by extensions ['ignore', 'ignore_ament_install']
[1.431s] Level 1:colcon.colcon_core.package_identification:_identify(install) by extension 'ignore'
[1.431s] Level 1:colcon.colcon_core.package_identification:_identify(install) ignored
[1.431s] Level 1:colcon.colcon_core.package_identification:_identify(log) by extensions ['ignore', 'ignore_ament_install']
[1.431s] Level 1:colcon.colcon_core.package_identification:_identify(log) by extension 'ignore'
[1.431s] Level 1:colcon.colcon_core.package_identification:_identify(log) ignored
[1.431s] Level 1:colcon.colcon_core.package_identification:_identify(src) by extensions ['ignore', 'ignore_ament_install']
[1.431s] Level 1:colcon.colcon_core.package_identification:_identify(src) by extension 'ignore'
[1.431s] Level 1:colcon.colcon_core.package_identification:_identify(src) by extension 'ignore_ament_install'
[1.431s] Level 1:colcon.colcon_core.package_identification:_identify(src) by extensions ['colcon_pkg']
[1.431s] Level 1:colcon.colcon_core.package_identification:_identify(src) by extension 'colcon_pkg'
[1.431s] Level 1:colcon.colcon_core.package_identification:_identify(src) by extensions ['colcon_meta']
[1.431s] Level 1:colcon.colcon_core.package_identification:_identify(src) by extension 'colcon_meta'
[1.432s] Level 1:colcon.colcon_core.package_identification:_identify(src) by extensions ['ros']
[1.432s] Level 1:colcon.colcon_core.package_identification:_identify(src) by extension 'ros'
[1.432s] Level 1:colcon.colcon_core.package_identification:_identify(src) by extensions ['cmake', 'python']
[1.432s] Level 1:colcon.colcon_core.package_identification:_identify(src) by extension 'cmake'
[1.432s] Level 1:colcon.colcon_core.package_identification:_identify(src) by extension 'python'
[1.432s] Level 1:colcon.colcon_core.package_identification:_identify(src) by extensions ['python_setup_py']
[1.432s] Level 1:colcon.colcon_core.package_identification:_identify(src) by extension 'python_setup_py'
[1.432s] Level 1:colcon.colcon_core.package_identification:_identify(src/gazebo_ros2_control) by extensions ['ignore', 'ignore_ament_install']
[1.432s] Level 1:colcon.colcon_core.package_identification:_identify(src/gazebo_ros2_control) by extension 'ignore'
[1.432s] Level 1:colcon.colcon_core.package_identification:_identify(src/gazebo_ros2_control) by extension 'ignore_ament_install'
[1.432s] Level 1:colcon.colcon_core.package_identification:_identify(src/gazebo_ros2_control) by extensions ['colcon_pkg']
[1.432s] Level 1:colcon.colcon_core.package_identification:_identify(src/gazebo_ros2_control) by extension 'colcon_pkg'
[1.432s] Level 1:colcon.colcon_core.package_identification:_identify(src/gazebo_ros2_control) by extensions ['colcon_meta']
[1.432s] Level 1:colcon.colcon_core.package_identification:_identify(src/gazebo_ros2_control) by extension 'colcon_meta'
[1.432s] Level 1:colcon.colcon_core.package_identification:_identify(src/gazebo_ros2_control) by extensions ['ros']
[1.432s] Level 1:colcon.colcon_core.package_identification:_identify(src/gazebo_ros2_control) by extension 'ros'
[1.432s] Level 1:colcon.colcon_core.package_identification:_identify(src/gazebo_ros2_control) by extensions ['cmake', 'python']
[1.432s] Level 1:colcon.colcon_core.package_identification:_identify(src/gazebo_ros2_control) by extension 'cmake'
[1.432s] Level 1:colcon.colcon_core.package_identification:_identify(src/gazebo_ros2_control) by extension 'python'
[1.433s] Level 1:colcon.colcon_core.package_identification:_identify(src/gazebo_ros2_control) by extensions ['python_setup_py']
[1.433s] Level 1:colcon.colcon_core.package_identification:_identify(src/gazebo_ros2_control) by extension 'python_setup_py'
[1.433s] Level 1:colcon.colcon_core.package_identification:_identify(src/gazebo_ros2_control/Docker) by extensions ['ignore', 'ignore_ament_install']
[1.433s] Level 1:colcon.colcon_core.package_identification:_identify(src/gazebo_ros2_control/Docker) by extension 'ignore'
[1.433s] Level 1:colcon.colcon_core.package_identification:_identify(src/gazebo_ros2_control/Docker) by extension 'ignore_ament_install'
[1.433s] Level 1:colcon.colcon_core.package_identification:_identify(src/gazebo_ros2_control/Docker) by extensions ['colcon_pkg']
[1.433s] Level 1:colcon.colcon_core.package_identification:_identify(src/gazebo_ros2_control/Docker) by extension 'colcon_pkg'
[1.433s] Level 1:colcon.colcon_core.package_identification:_identify(src/gazebo_ros2_control/Docker) by extensions ['colcon_meta']
[1.433s] Level 1:colcon.colcon_core.package_identification:_identify(src/gazebo_ros2_control/Docker) by extension 'colcon_meta'
[1.433s] Level 1:colcon.colcon_core.package_identification:_identify(src/gazebo_ros2_control/Docker) by extensions ['ros']
[1.433s] Level 1:colcon.colcon_core.package_identification:_identify(src/gazebo_ros2_control/Docker) by extension 'ros'
[1.433s] Level 1:colcon.colcon_core.package_identification:_identify(src/gazebo_ros2_control/Docker) by extensions ['cmake', 'python']
[1.433s] Level 1:colcon.colcon_core.package_identification:_identify(src/gazebo_ros2_control/Docker) by extension 'cmake'
[1.433s] Level 1:colcon.colcon_core.package_identification:_identify(src/gazebo_ros2_control/Docker) by extension 'python'
[1.433s] Level 1:colcon.colcon_core.package_identification:_identify(src/gazebo_ros2_control/Docker) by extensions ['python_setup_py']
[1.433s] Level 1:colcon.colcon_core.package_identification:_identify(src/gazebo_ros2_control/Docker) by extension 'python_setup_py'
[1.433s] Level 1:colcon.colcon_core.package_identification:_identify(src/gazebo_ros2_control/doc) by extensions ['ignore', 'ignore_ament_install']
[1.434s] Level 1:colcon.colcon_core.package_identification:_identify(src/gazebo_ros2_control/doc) by extension 'ignore'
[1.434s] Level 1:colcon.colcon_core.package_identification:_identify(src/gazebo_ros2_control/doc) by extension 'ignore_ament_install'
[1.434s] Level 1:colcon.colcon_core.package_identification:_identify(src/gazebo_ros2_control/doc) by extensions ['colcon_pkg']
[1.434s] Level 1:colcon.colcon_core.package_identification:_identify(src/gazebo_ros2_control/doc) by extension 'colcon_pkg'
[1.434s] Level 1:colcon.colcon_core.package_identification:_identify(src/gazebo_ros2_control/doc) by extensions ['colcon_meta']
[1.434s] Level 1:colcon.colcon_core.package_identification:_identify(src/gazebo_ros2_control/doc) by extension 'colcon_meta'
[1.434s] Level 1:colcon.colcon_core.package_identification:_identify(src/gazebo_ros2_control/doc) by extensions ['ros']
[1.434s] Level 1:colcon.colcon_core.package_identification:_identify(src/gazebo_ros2_control/doc) by extension 'ros'
[1.434s] Level 1:colcon.colcon_core.package_identification:_identify(src/gazebo_ros2_control/doc) by extensions ['cmake', 'python']
[1.434s] Level 1:colcon.colcon_core.package_identification:_identify(src/gazebo_ros2_control/doc) by extension 'cmake'
[1.434s] Level 1:colcon.colcon_core.package_identification:_identify(src/gazebo_ros2_control/doc) by extension 'python'
[1.434s] Level 1:colcon.colcon_core.package_identification:_identify(src/gazebo_ros2_control/doc) by extensions ['python_setup_py']
[1.434s] Level 1:colcon.colcon_core.package_identification:_identify(src/gazebo_ros2_control/doc) by extension 'python_setup_py'
[1.434s] Level 1:colcon.colcon_core.package_identification:_identify(src/gazebo_ros2_control/doc/img) by extensions ['ignore', 'ignore_ament_install']
[1.434s] Level 1:colcon.colcon_core.package_identification:_identify(src/gazebo_ros2_control/doc/img) by extension 'ignore'
[1.434s] Level 1:colcon.colcon_core.package_identification:_identify(src/gazebo_ros2_control/doc/img) by extension 'ignore_ament_install'
[1.434s] Level 1:colcon.colcon_core.package_identification:_identify(src/gazebo_ros2_control/doc/img) by extensions ['colcon_pkg']
[1.434s] Level 1:colcon.colcon_core.package_identification:_identify(src/gazebo_ros2_control/doc/img) by extension 'colcon_pkg'
[1.434s] Level 1:colcon.colcon_core.package_identification:_identify(src/gazebo_ros2_control/doc/img) by extensions ['colcon_meta']
[1.434s] Level 1:colcon.colcon_core.package_identification:_identify(src/gazebo_ros2_control/doc/img) by extension 'colcon_meta'
[1.435s] Level 1:colcon.colcon_core.package_identification:_identify(src/gazebo_ros2_control/doc/img) by extensions ['ros']
[1.435s] Level 1:colcon.colcon_core.package_identification:_identify(src/gazebo_ros2_control/doc/img) by extension 'ros'
[1.435s] Level 1:colcon.colcon_core.package_identification:_identify(src/gazebo_ros2_control/doc/img) by extensions ['cmake', 'python']
[1.435s] Level 1:colcon.colcon_core.package_identification:_identify(src/gazebo_ros2_control/doc/img) by extension 'cmake'
[1.435s] Level 1:colcon.colcon_core.package_identification:_identify(src/gazebo_ros2_control/doc/img) by extension 'python'
[1.435s] Level 1:colcon.colcon_core.package_identification:_identify(src/gazebo_ros2_control/doc/img) by extensions ['python_setup_py']
[1.435s] Level 1:colcon.colcon_core.package_identification:_identify(src/gazebo_ros2_control/doc/img) by extension 'python_setup_py'
[1.435s] Level 1:colcon.colcon_core.package_identification:_identify(src/gazebo_ros2_control/gazebo_ros2_control) by extensions ['ignore', 'ignore_ament_install']
[1.435s] Level 1:colcon.colcon_core.package_identification:_identify(src/gazebo_ros2_control/gazebo_ros2_control) by extension 'ignore'
[1.435s] Level 1:colcon.colcon_core.package_identification:_identify(src/gazebo_ros2_control/gazebo_ros2_control) by extension 'ignore_ament_install'
[1.435s] Level 1:colcon.colcon_core.package_identification:_identify(src/gazebo_ros2_control/gazebo_ros2_control) by extensions ['colcon_pkg']
[1.435s] Level 1:colcon.colcon_core.package_identification:_identify(src/gazebo_ros2_control/gazebo_ros2_control) by extension 'colcon_pkg'
[1.435s] Level 1:colcon.colcon_core.package_identification:_identify(src/gazebo_ros2_control/gazebo_ros2_control) by extensions ['colcon_meta']
[1.435s] Level 1:colcon.colcon_core.package_identification:_identify(src/gazebo_ros2_control/gazebo_ros2_control) by extension 'colcon_meta'
[1.435s] Level 1:colcon.colcon_core.package_identification:_identify(src/gazebo_ros2_control/gazebo_ros2_control) by extensions ['ros']
[1.435s] Level 1:colcon.colcon_core.package_identification:_identify(src/gazebo_ros2_control/gazebo_ros2_control) by extension 'ros'
[1.439s] DEBUG:colcon.colcon_core.package_identification:Package 'src/gazebo_ros2_control/gazebo_ros2_control' with type 'ros.ament_cmake' and name 'gazebo_ros2_control'
[1.439s] Level 1:colcon.colcon_core.package_identification:_identify(src/gazebo_ros2_control/gazebo_ros2_control_demos) by extensions ['ignore', 'ignore_ament_install']
[1.440s] Level 1:colcon.colcon_core.package_identification:_identify(src/gazebo_ros2_control/gazebo_ros2_control_demos) by extension 'ignore'
[1.440s] Level 1:colcon.colcon_core.package_identification:_identify(src/gazebo_ros2_control/gazebo_ros2_control_demos) by extension 'ignore_ament_install'
[1.440s] Level 1:colcon.colcon_core.package_identification:_identify(src/gazebo_ros2_control/gazebo_ros2_control_demos) by extensions ['colcon_pkg']
[1.440s] Level 1:colcon.colcon_core.package_identification:_identify(src/gazebo_ros2_control/gazebo_ros2_control_demos) by extension 'colcon_pkg'
[1.440s] Level 1:colcon.colcon_core.package_identification:_identify(src/gazebo_ros2_control/gazebo_ros2_control_demos) by extensions ['colcon_meta']
[1.440s] Level 1:colcon.colcon_core.package_identification:_identify(src/gazebo_ros2_control/gazebo_ros2_control_demos) by extension 'colcon_meta'
[1.440s] Level 1:colcon.colcon_core.package_identification:_identify(src/gazebo_ros2_control/gazebo_ros2_control_demos) by extensions ['ros']
[1.440s] Level 1:colcon.colcon_core.package_identification:_identify(src/gazebo_ros2_control/gazebo_ros2_control_demos) by extension 'ros'
[1.441s] DEBUG:colcon.colcon_core.package_identification:Package 'src/gazebo_ros2_control/gazebo_ros2_control_demos' with type 'ros.ament_cmake' and name 'gazebo_ros2_control_demos'
[1.441s] Level 1:colcon.colcon_core.package_identification:_identify(src/my_robot_pkg) by extensions ['ignore', 'ignore_ament_install']
[1.441s] Level 1:colcon.colcon_core.package_identification:_identify(src/my_robot_pkg) by extension 'ignore'
[1.441s] Level 1:colcon.colcon_core.package_identification:_identify(src/my_robot_pkg) by extension 'ignore_ament_install'
[1.441s] Level 1:colcon.colcon_core.package_identification:_identify(src/my_robot_pkg) by extensions ['colcon_pkg']
[1.441s] Level 1:colcon.colcon_core.package_identification:_identify(src/my_robot_pkg) by extension 'colcon_pkg'
[1.441s] Level 1:colcon.colcon_core.package_identification:_identify(src/my_robot_pkg) by extensions ['colcon_meta']
[1.441s] Level 1:colcon.colcon_core.package_identification:_identify(src/my_robot_pkg) by extension 'colcon_meta'
[1.441s] Level 1:colcon.colcon_core.package_identification:_identify(src/my_robot_pkg) by extensions ['ros']
[1.441s] Level 1:colcon.colcon_core.package_identification:_identify(src/my_robot_pkg) by extension 'ros'
[1.442s] DEBUG:colcon.colcon_core.package_identification:Package 'src/my_robot_pkg' with type 'ros.ament_python' and name 'my_robot_pkg'
[1.442s] Level 1:colcon.colcon_core.package_discovery:discover_packages(recursive) using defaults
[1.442s] Level 1:colcon.colcon_core.package_discovery:discover_packages(ignore) discover
[1.442s] Level 1:colcon.colcon_core.package_discovery:discover_packages(ignore) using defaults
[1.442s] Level 1:colcon.colcon_core.package_discovery:discover_packages(path) discover
[1.442s] Level 1:colcon.colcon_core.package_discovery:discover_packages(path) using defaults
[1.541s] Level 1:colcon.colcon_core.package_discovery:discover_packages(prefix_path) check parameters
[1.541s] Level 1:colcon.colcon_core.package_discovery:discover_packages(prefix_path) discover
[1.557s] WARNING:colcon.colcon_ros.prefix_path.ament:The path '/home/stephenq0503/Desktop/robot_arm_sim/install/mtc_tutorial' in the environment variable AMENT_PREFIX_PATH doesn't exist
[1.557s] WARNING:colcon.colcon_ros.prefix_path.ament:The path '/home/stephenq0503/Desktop/robot_arm_sim/install/pilz_industrial_motion_planner_testutils' in the environment variable AMENT_PREFIX_PATH doesn't exist
[1.557s] WARNING:colcon.colcon_ros.prefix_path.ament:The path '/home/stephenq0503/Desktop/robot_arm_sim/install/moveit_runtime' in the environment variable AMENT_PREFIX_PATH doesn't exist
[1.558s] WARNING:colcon.colcon_ros.prefix_path.ament:The path '/home/stephenq0503/Desktop/robot_arm_sim/install/moveit2_tutorials' in the environment variable AMENT_PREFIX_PATH doesn't exist
[1.558s] WARNING:colcon.colcon_ros.prefix_path.ament:The path '/home/stephenq0503/Desktop/robot_arm_sim/install/moveit' in the environment variable AMENT_PREFIX_PATH doesn't exist
[1.558s] WARNING:colcon.colcon_ros.prefix_path.ament:The path '/home/stephenq0503/Desktop/robot_arm_sim/install/moveit_planners' in the environment variable AMENT_PREFIX_PATH doesn't exist
[1.558s] WARNING:colcon.colcon_ros.prefix_path.ament:The path '/home/stephenq0503/Desktop/robot_arm_sim/install/pilz_industrial_motion_planner' in the environment variable AMENT_PREFIX_PATH doesn't exist
[1.558s] WARNING:colcon.colcon_ros.prefix_path.ament:The path '/home/stephenq0503/Desktop/robot_arm_sim/install/moveit_visual_tools' in the environment variable AMENT_PREFIX_PATH doesn't exist
[1.558s] WARNING:colcon.colcon_ros.prefix_path.ament:The path '/home/stephenq0503/Desktop/robot_arm_sim/install/moveit_task_constructor_visualization' in the environment variable AMENT_PREFIX_PATH doesn't exist
[1.558s] WARNING:colcon.colcon_ros.prefix_path.ament:The path '/home/stephenq0503/Desktop/robot_arm_sim/install/moveit_task_constructor_demo' in the environment variable AMENT_PREFIX_PATH doesn't exist
[1.558s] WARNING:colcon.colcon_ros.prefix_path.ament:The path '/home/stephenq0503/Desktop/robot_arm_sim/install/moveit_task_constructor_capabilities' in the environment variable AMENT_PREFIX_PATH doesn't exist
[1.558s] WARNING:colcon.colcon_ros.prefix_path.ament:The path '/home/stephenq0503/Desktop/robot_arm_sim/install/moveit_task_constructor_core' in the environment variable AMENT_PREFIX_PATH doesn't exist
[1.558s] WARNING:colcon.colcon_ros.prefix_path.ament:The path '/home/stephenq0503/Desktop/robot_arm_sim/install/moveit_ros_control_interface' in the environment variable AMENT_PREFIX_PATH doesn't exist
[1.558s] WARNING:colcon.colcon_ros.prefix_path.ament:The path '/home/stephenq0503/Desktop/robot_arm_sim/install/moveit_plugins' in the environment variable AMENT_PREFIX_PATH doesn't exist
[1.558s] WARNING:colcon.colcon_ros.prefix_path.ament:The path '/home/stephenq0503/Desktop/robot_arm_sim/install/moveit_simple_controller_manager' in the environment variable AMENT_PREFIX_PATH doesn't exist
[1.558s] WARNING:colcon.colcon_ros.prefix_path.ament:The path '/home/stephenq0503/Desktop/robot_arm_sim/install/moveit_setup_assistant' in the environment variable AMENT_PREFIX_PATH doesn't exist
[1.558s] WARNING:colcon.colcon_ros.prefix_path.ament:The path '/home/stephenq0503/Desktop/robot_arm_sim/install/moveit_setup_srdf_plugins' in the environment variable AMENT_PREFIX_PATH doesn't exist
[1.558s] WARNING:colcon.colcon_ros.prefix_path.ament:The path '/home/stephenq0503/Desktop/robot_arm_sim/install/moveit_setup_core_plugins' in the environment variable AMENT_PREFIX_PATH doesn't exist
[1.558s] WARNING:colcon.colcon_ros.prefix_path.ament:The path '/home/stephenq0503/Desktop/robot_arm_sim/install/moveit_setup_controllers' in the environment variable AMENT_PREFIX_PATH doesn't exist
[1.559s] WARNING:colcon.colcon_ros.prefix_path.ament:The path '/home/stephenq0503/Desktop/robot_arm_sim/install/moveit_setup_app_plugins' in the environment variable AMENT_PREFIX_PATH doesn't exist
[1.559s] WARNING:colcon.colcon_ros.prefix_path.ament:The path '/home/stephenq0503/Desktop/robot_arm_sim/install/moveit_setup_framework' in the environment variable AMENT_PREFIX_PATH doesn't exist
[1.559s] WARNING:colcon.colcon_ros.prefix_path.ament:The path '/home/stephenq0503/Desktop/robot_arm_sim/install/moveit_servo' in the environment variable AMENT_PREFIX_PATH doesn't exist
[1.559s] WARNING:colcon.colcon_ros.prefix_path.ament:The path '/home/stephenq0503/Desktop/robot_arm_sim/install/moveit_ros' in the environment variable AMENT_PREFIX_PATH doesn't exist
[1.559s] WARNING:colcon.colcon_ros.prefix_path.ament:The path '/home/stephenq0503/Desktop/robot_arm_sim/install/moveit_ros_visualization' in the environment variable AMENT_PREFIX_PATH doesn't exist
[1.559s] WARNING:colcon.colcon_ros.prefix_path.ament:The path '/home/stephenq0503/Desktop/robot_arm_sim/install/moveit_hybrid_planning' in the environment variable AMENT_PREFIX_PATH doesn't exist
[1.559s] WARNING:colcon.colcon_ros.prefix_path.ament:The path '/home/stephenq0503/Desktop/robot_arm_sim/install/moveit_ros_planning_interface' in the environment variable AMENT_PREFIX_PATH doesn't exist
[1.559s] WARNING:colcon.colcon_ros.prefix_path.ament:The path '/home/stephenq0503/Desktop/robot_arm_sim/install/moveit_ros_benchmarks' in the environment variable AMENT_PREFIX_PATH doesn't exist
[1.559s] WARNING:colcon.colcon_ros.prefix_path.ament:The path '/home/stephenq0503/Desktop/robot_arm_sim/install/moveit_ros_warehouse' in the environment variable AMENT_PREFIX_PATH doesn't exist
[1.559s] WARNING:colcon.colcon_ros.prefix_path.ament:The path '/home/stephenq0503/Desktop/robot_arm_sim/install/moveit_ros_robot_interaction' in the environment variable AMENT_PREFIX_PATH doesn't exist
[1.559s] WARNING:colcon.colcon_ros.prefix_path.ament:The path '/home/stephenq0503/Desktop/robot_arm_sim/install/moveit_ros_perception' in the environment variable AMENT_PREFIX_PATH doesn't exist
[1.559s] WARNING:colcon.colcon_ros.prefix_path.ament:The path '/home/stephenq0503/Desktop/robot_arm_sim/install/moveit_resources_prbt_pg70_support' in the environment variable AMENT_PREFIX_PATH doesn't exist
[1.559s] WARNING:colcon.colcon_ros.prefix_path.ament:The path '/home/stephenq0503/Desktop/robot_arm_sim/install/moveit_resources_prbt_moveit_config' in the environment variable AMENT_PREFIX_PATH doesn't exist
[1.559s] WARNING:colcon.colcon_ros.prefix_path.ament:The path '/home/stephenq0503/Desktop/robot_arm_sim/install/moveit_ros_move_group' in the environment variable AMENT_PREFIX_PATH doesn't exist
[1.559s] WARNING:colcon.colcon_ros.prefix_path.ament:The path '/home/stephenq0503/Desktop/robot_arm_sim/install/moveit_planners_ompl' in the environment variable AMENT_PREFIX_PATH doesn't exist
[1.560s] WARNING:colcon.colcon_ros.prefix_path.ament:The path '/home/stephenq0503/Desktop/robot_arm_sim/install/moveit_ros_planning' in the environment variable AMENT_PREFIX_PATH doesn't exist
[1.560s] WARNING:colcon.colcon_ros.prefix_path.ament:The path '/home/stephenq0503/Desktop/robot_arm_sim/install/moveit_ros_occupancy_map_monitor' in the environment variable AMENT_PREFIX_PATH doesn't exist
[1.560s] WARNING:colcon.colcon_ros.prefix_path.ament:The path '/home/stephenq0503/Desktop/robot_arm_sim/install/moveit_resources_prbt_ikfast_manipulator_plugin' in the environment variable AMENT_PREFIX_PATH doesn't exist
[1.560s] WARNING:colcon.colcon_ros.prefix_path.ament:The path '/home/stephenq0503/Desktop/robot_arm_sim/install/moveit_planners_chomp' in the environment variable AMENT_PREFIX_PATH doesn't exist
[1.560s] WARNING:colcon.colcon_ros.prefix_path.ament:The path '/home/stephenq0503/Desktop/robot_arm_sim/install/moveit_kinematics' in the environment variable AMENT_PREFIX_PATH doesn't exist
[1.560s] WARNING:colcon.colcon_ros.prefix_path.ament:The path '/home/stephenq0503/Desktop/robot_arm_sim/install/moveit_chomp_optimizer_adapter' in the environment variable AMENT_PREFIX_PATH doesn't exist
[1.560s] WARNING:colcon.colcon_ros.prefix_path.ament:The path '/home/stephenq0503/Desktop/robot_arm_sim/install/chomp_motion_planner' in the environment variable AMENT_PREFIX_PATH doesn't exist
[1.560s] WARNING:colcon.colcon_ros.prefix_path.ament:The path '/home/stephenq0503/Desktop/robot_arm_sim/install/moveit_core' in the environment variable AMENT_PREFIX_PATH doesn't exist
[1.560s] WARNING:colcon.colcon_ros.prefix_path.ament:The path '/home/stephenq0503/Desktop/robot_arm_sim/install/moveit_configs_utils' in the environment variable AMENT_PREFIX_PATH doesn't exist
[1.560s] WARNING:colcon.colcon_ros.prefix_path.ament:The path '/home/stephenq0503/Desktop/robot_arm_sim/install/srdfdom' in the environment variable AMENT_PREFIX_PATH doesn't exist
[1.560s] WARNING:colcon.colcon_ros.prefix_path.ament:The path '/home/stephenq0503/Desktop/robot_arm_sim/install/rviz_marker_tools' in the environment variable AMENT_PREFIX_PATH doesn't exist
[1.560s] WARNING:colcon.colcon_ros.prefix_path.ament:The path '/home/stephenq0503/Desktop/robot_arm_sim/install/rosparam_shortcuts' in the environment variable AMENT_PREFIX_PATH doesn't exist
[1.560s] WARNING:colcon.colcon_ros.prefix_path.ament:The path '/home/stephenq0503/Desktop/robot_arm_sim/install/moveit_task_constructor_msgs' in the environment variable AMENT_PREFIX_PATH doesn't exist
[1.560s] WARNING:colcon.colcon_ros.prefix_path.ament:The path '/home/stephenq0503/Desktop/robot_arm_sim/install/moveit_resources_prbt_support' in the environment variable AMENT_PREFIX_PATH doesn't exist
[1.560s] WARNING:colcon.colcon_ros.prefix_path.ament:The path '/home/stephenq0503/Desktop/robot_arm_sim/install/moveit_resources' in the environment variable AMENT_PREFIX_PATH doesn't exist
[1.560s] WARNING:colcon.colcon_ros.prefix_path.ament:The path '/home/stephenq0503/Desktop/robot_arm_sim/install/moveit_resources_pr2_description' in the environment variable AMENT_PREFIX_PATH doesn't exist
[1.561s] WARNING:colcon.colcon_ros.prefix_path.ament:The path '/home/stephenq0503/Desktop/robot_arm_sim/install/moveit_resources_panda_moveit_config' in the environment variable AMENT_PREFIX_PATH doesn't exist
[1.561s] WARNING:colcon.colcon_ros.prefix_path.ament:The path '/home/stephenq0503/Desktop/robot_arm_sim/install/moveit_resources_panda_description' in the environment variable AMENT_PREFIX_PATH doesn't exist
[1.561s] WARNING:colcon.colcon_ros.prefix_path.ament:The path '/home/stephenq0503/Desktop/robot_arm_sim/install/moveit_resources_fanuc_moveit_config' in the environment variable AMENT_PREFIX_PATH doesn't exist
[1.561s] WARNING:colcon.colcon_ros.prefix_path.ament:The path '/home/stephenq0503/Desktop/robot_arm_sim/install/moveit_resources_fanuc_description' in the environment variable AMENT_PREFIX_PATH doesn't exist
[1.561s] WARNING:colcon.colcon_ros.prefix_path.ament:The path '/home/stephenq0503/Desktop/robot_arm_sim/install/moveit_common' in the environment variable AMENT_PREFIX_PATH doesn't exist
[1.561s] WARNING:colcon.colcon_ros.prefix_path.ament:The path '/home/stephenq0503/Desktop/robot_arm_sim/install/launch_param_builder' in the environment variable AMENT_PREFIX_PATH doesn't exist
[1.561s] WARNING:colcon.colcon_ros.prefix_path.catkin:The path '/home/stephenq0503/Desktop/robot_arm_sim/install/mtc_tutorial' in the environment variable CMAKE_PREFIX_PATH doesn't exist
[1.561s] WARNING:colcon.colcon_ros.prefix_path.catkin:The path '/home/stephenq0503/Desktop/robot_arm_sim/install/pilz_industrial_motion_planner_testutils' in the environment variable CMAKE_PREFIX_PATH doesn't exist
[1.561s] WARNING:colcon.colcon_ros.prefix_path.catkin:The path '/home/stephenq0503/Desktop/robot_arm_sim/install/moveit_runtime' in the environment variable CMAKE_PREFIX_PATH doesn't exist
[1.561s] WARNING:colcon.colcon_ros.prefix_path.catkin:The path '/home/stephenq0503/Desktop/robot_arm_sim/install/moveit2_tutorials' in the environment variable CMAKE_PREFIX_PATH doesn't exist
[1.561s] WARNING:colcon.colcon_ros.prefix_path.catkin:The path '/home/stephenq0503/Desktop/robot_arm_sim/install/moveit' in the environment variable CMAKE_PREFIX_PATH doesn't exist
[1.561s] WARNING:colcon.colcon_ros.prefix_path.catkin:The path '/home/stephenq0503/Desktop/robot_arm_sim/install/moveit_planners' in the environment variable CMAKE_PREFIX_PATH doesn't exist
[1.561s] WARNING:colcon.colcon_ros.prefix_path.catkin:The path '/home/stephenq0503/Desktop/robot_arm_sim/install/pilz_industrial_motion_planner' in the environment variable CMAKE_PREFIX_PATH doesn't exist
[1.561s] WARNING:colcon.colcon_ros.prefix_path.catkin:The path '/home/stephenq0503/Desktop/robot_arm_sim/install/moveit_visual_tools' in the environment variable CMAKE_PREFIX_PATH doesn't exist
[1.562s] WARNING:colcon.colcon_ros.prefix_path.catkin:The path '/home/stephenq0503/Desktop/robot_arm_sim/install/moveit_task_constructor_visualization' in the environment variable CMAKE_PREFIX_PATH doesn't exist
[1.562s] WARNING:colcon.colcon_ros.prefix_path.catkin:The path '/home/stephenq0503/Desktop/robot_arm_sim/install/moveit_task_constructor_demo' in the environment variable CMAKE_PREFIX_PATH doesn't exist
[1.562s] WARNING:colcon.colcon_ros.prefix_path.catkin:The path '/home/stephenq0503/Desktop/robot_arm_sim/install/moveit_task_constructor_capabilities' in the environment variable CMAKE_PREFIX_PATH doesn't exist
[1.562s] WARNING:colcon.colcon_ros.prefix_path.catkin:The path '/home/stephenq0503/Desktop/robot_arm_sim/install/moveit_task_constructor_core' in the environment variable CMAKE_PREFIX_PATH doesn't exist
[1.562s] WARNING:colcon.colcon_ros.prefix_path.catkin:The path '/home/stephenq0503/Desktop/robot_arm_sim/install/moveit_ros_control_interface' in the environment variable CMAKE_PREFIX_PATH doesn't exist
[1.562s] WARNING:colcon.colcon_ros.prefix_path.catkin:The path '/home/stephenq0503/Desktop/robot_arm_sim/install/moveit_plugins' in the environment variable CMAKE_PREFIX_PATH doesn't exist
[1.562s] WARNING:colcon.colcon_ros.prefix_path.catkin:The path '/home/stephenq0503/Desktop/robot_arm_sim/install/moveit_simple_controller_manager' in the environment variable CMAKE_PREFIX_PATH doesn't exist
[1.562s] WARNING:colcon.colcon_ros.prefix_path.catkin:The path '/home/stephenq0503/Desktop/robot_arm_sim/install/moveit_setup_assistant' in the environment variable CMAKE_PREFIX_PATH doesn't exist
[1.562s] WARNING:colcon.colcon_ros.prefix_path.catkin:The path '/home/stephenq0503/Desktop/robot_arm_sim/install/moveit_setup_srdf_plugins' in the environment variable CMAKE_PREFIX_PATH doesn't exist
[1.562s] WARNING:colcon.colcon_ros.prefix_path.catkin:The path '/home/stephenq0503/Desktop/robot_arm_sim/install/moveit_setup_core_plugins' in the environment variable CMAKE_PREFIX_PATH doesn't exist
[1.562s] WARNING:colcon.colcon_ros.prefix_path.catkin:The path '/home/stephenq0503/Desktop/robot_arm_sim/install/moveit_setup_controllers' in the environment variable CMAKE_PREFIX_PATH doesn't exist
[1.562s] WARNING:colcon.colcon_ros.prefix_path.catkin:The path '/home/stephenq0503/Desktop/robot_arm_sim/install/moveit_setup_app_plugins' in the environment variable CMAKE_PREFIX_PATH doesn't exist
[1.562s] WARNING:colcon.colcon_ros.prefix_path.catkin:The path '/home/stephenq0503/Desktop/robot_arm_sim/install/moveit_setup_framework' in the environment variable CMAKE_PREFIX_PATH doesn't exist
[1.562s] WARNING:colcon.colcon_ros.prefix_path.catkin:The path '/home/stephenq0503/Desktop/robot_arm_sim/install/moveit_servo' in the environment variable CMAKE_PREFIX_PATH doesn't exist
[1.562s] WARNING:colcon.colcon_ros.prefix_path.catkin:The path '/home/stephenq0503/Desktop/robot_arm_sim/install/moveit_ros' in the environment variable CMAKE_PREFIX_PATH doesn't exist
[1.563s] WARNING:colcon.colcon_ros.prefix_path.catkin:The path '/home/stephenq0503/Desktop/robot_arm_sim/install/moveit_ros_visualization' in the environment variable CMAKE_PREFIX_PATH doesn't exist
[1.563s] WARNING:colcon.colcon_ros.prefix_path.catkin:The path '/home/stephenq0503/Desktop/robot_arm_sim/install/moveit_hybrid_planning' in the environment variable CMAKE_PREFIX_PATH doesn't exist
[1.563s] WARNING:colcon.colcon_ros.prefix_path.catkin:The path '/home/stephenq0503/Desktop/robot_arm_sim/install/moveit_ros_planning_interface' in the environment variable CMAKE_PREFIX_PATH doesn't exist
[1.563s] WARNING:colcon.colcon_ros.prefix_path.catkin:The path '/home/stephenq0503/Desktop/robot_arm_sim/install/moveit_ros_benchmarks' in the environment variable CMAKE_PREFIX_PATH doesn't exist
[1.563s] WARNING:colcon.colcon_ros.prefix_path.catkin:The path '/home/stephenq0503/Desktop/robot_arm_sim/install/moveit_ros_warehouse' in the environment variable CMAKE_PREFIX_PATH doesn't exist
[1.563s] WARNING:colcon.colcon_ros.prefix_path.catkin:The path '/home/stephenq0503/Desktop/robot_arm_sim/install/moveit_ros_robot_interaction' in the environment variable CMAKE_PREFIX_PATH doesn't exist
[1.563s] WARNING:colcon.colcon_ros.prefix_path.catkin:The path '/home/stephenq0503/Desktop/robot_arm_sim/install/moveit_ros_perception' in the environment variable CMAKE_PREFIX_PATH doesn't exist
[1.563s] WARNING:colcon.colcon_ros.prefix_path.catkin:The path '/home/stephenq0503/Desktop/robot_arm_sim/install/moveit_resources_prbt_pg70_support' in the environment variable CMAKE_PREFIX_PATH doesn't exist
[1.563s] WARNING:colcon.colcon_ros.prefix_path.catkin:The path '/home/stephenq0503/Desktop/robot_arm_sim/install/moveit_resources_prbt_moveit_config' in the environment variable CMAKE_PREFIX_PATH doesn't exist
[1.563s] WARNING:colcon.colcon_ros.prefix_path.catkin:The path '/home/stephenq0503/Desktop/robot_arm_sim/install/moveit_ros_move_group' in the environment variable CMAKE_PREFIX_PATH doesn't exist
[1.563s] WARNING:colcon.colcon_ros.prefix_path.catkin:The path '/home/stephenq0503/Desktop/robot_arm_sim/install/moveit_planners_ompl' in the environment variable CMAKE_PREFIX_PATH doesn't exist
[1.563s] WARNING:colcon.colcon_ros.prefix_path.catkin:The path '/home/stephenq0503/Desktop/robot_arm_sim/install/moveit_ros_planning' in the environment variable CMAKE_PREFIX_PATH doesn't exist
[1.563s] WARNING:colcon.colcon_ros.prefix_path.catkin:The path '/home/stephenq0503/Desktop/robot_arm_sim/install/moveit_ros_occupancy_map_monitor' in the environment variable CMAKE_PREFIX_PATH doesn't exist
[1.563s] WARNING:colcon.colcon_ros.prefix_path.catkin:The path '/home/stephenq0503/Desktop/robot_arm_sim/install/moveit_resources_prbt_ikfast_manipulator_plugin' in the environment variable CMAKE_PREFIX_PATH doesn't exist
[1.563s] WARNING:colcon.colcon_ros.prefix_path.catkin:The path '/home/stephenq0503/Desktop/robot_arm_sim/install/moveit_planners_chomp' in the environment variable CMAKE_PREFIX_PATH doesn't exist
[1.563s] WARNING:colcon.colcon_ros.prefix_path.catkin:The path '/home/stephenq0503/Desktop/robot_arm_sim/install/moveit_kinematics' in the environment variable CMAKE_PREFIX_PATH doesn't exist
[1.564s] WARNING:colcon.colcon_ros.prefix_path.catkin:The path '/home/stephenq0503/Desktop/robot_arm_sim/install/moveit_chomp_optimizer_adapter' in the environment variable CMAKE_PREFIX_PATH doesn't exist
[1.564s] WARNING:colcon.colcon_ros.prefix_path.catkin:The path '/home/stephenq0503/Desktop/robot_arm_sim/install/chomp_motion_planner' in the environment variable CMAKE_PREFIX_PATH doesn't exist
[1.564s] WARNING:colcon.colcon_ros.prefix_path.catkin:The path '/home/stephenq0503/Desktop/robot_arm_sim/install/moveit_core' in the environment variable CMAKE_PREFIX_PATH doesn't exist
[1.564s] WARNING:colcon.colcon_ros.prefix_path.catkin:The path '/home/stephenq0503/Desktop/robot_arm_sim/install/srdfdom' in the environment variable CMAKE_PREFIX_PATH doesn't exist
[1.564s] WARNING:colcon.colcon_ros.prefix_path.catkin:The path '/home/stephenq0503/Desktop/robot_arm_sim/install/rviz_marker_tools' in the environment variable CMAKE_PREFIX_PATH doesn't exist
[1.564s] WARNING:colcon.colcon_ros.prefix_path.catkin:The path '/home/stephenq0503/Desktop/robot_arm_sim/install/rosparam_shortcuts' in the environment variable CMAKE_PREFIX_PATH doesn't exist
[1.564s] WARNING:colcon.colcon_ros.prefix_path.catkin:The path '/home/stephenq0503/Desktop/robot_arm_sim/install/moveit_task_constructor_msgs' in the environment variable CMAKE_PREFIX_PATH doesn't exist
[1.564s] WARNING:colcon.colcon_ros.prefix_path.catkin:The path '/home/stephenq0503/Desktop/robot_arm_sim/install/moveit_resources_prbt_support' in the environment variable CMAKE_PREFIX_PATH doesn't exist
[1.564s] WARNING:colcon.colcon_ros.prefix_path.catkin:The path '/home/stephenq0503/Desktop/robot_arm_sim/install/moveit_resources' in the environment variable CMAKE_PREFIX_PATH doesn't exist
[1.564s] WARNING:colcon.colcon_ros.prefix_path.catkin:The path '/home/stephenq0503/Desktop/robot_arm_sim/install/moveit_resources_pr2_description' in the environment variable CMAKE_PREFIX_PATH doesn't exist
[1.564s] WARNING:colcon.colcon_ros.prefix_path.catkin:The path '/home/stephenq0503/Desktop/robot_arm_sim/install/moveit_resources_panda_moveit_config' in the environment variable CMAKE_PREFIX_PATH doesn't exist
[1.564s] WARNING:colcon.colcon_ros.prefix_path.catkin:The path '/home/stephenq0503/Desktop/robot_arm_sim/install/moveit_resources_panda_description' in the environment variable CMAKE_PREFIX_PATH doesn't exist
[1.564s] WARNING:colcon.colcon_ros.prefix_path.catkin:The path '/home/stephenq0503/Desktop/robot_arm_sim/install/moveit_resources_fanuc_moveit_config' in the environment variable CMAKE_PREFIX_PATH doesn't exist
[1.564s] WARNING:colcon.colcon_ros.prefix_path.catkin:The path '/home/stephenq0503/Desktop/robot_arm_sim/install/moveit_resources_fanuc_description' in the environment variable CMAKE_PREFIX_PATH doesn't exist
[1.564s] WARNING:colcon.colcon_ros.prefix_path.catkin:The path '/home/stephenq0503/Desktop/robot_arm_sim/install/moveit_common' in the environment variable CMAKE_PREFIX_PATH doesn't exist
[1.582s] DEBUG:colcon.colcon_installed_package_information.package_discovery:Found 3 installed packages in /home/stephenq0503/Desktop/robot_arm_sim/install
[1.599s] DEBUG:colcon.colcon_installed_package_information.package_discovery:Found 370 installed packages in /opt/ros/humble
[1.601s] Level 1:colcon.colcon_core.package_discovery:discover_packages(prefix_path) using defaults
[1.710s] Level 5:colcon.colcon_core.verb:set package 'gazebo_ros2_control' build argument 'cmake_args' from command line to 'None'
[1.710s] Level 5:colcon.colcon_core.verb:set package 'gazebo_ros2_control' build argument 'cmake_target' from command line to 'None'
[1.710s] Level 5:colcon.colcon_core.verb:set package 'gazebo_ros2_control' build argument 'cmake_target_skip_unavailable' from command line to 'False'
[1.710s] Level 5:colcon.colcon_core.verb:set package 'gazebo_ros2_control' build argument 'cmake_clean_cache' from command line to 'False'
[1.710s] Level 5:colcon.colcon_core.verb:set package 'gazebo_ros2_control' build argument 'cmake_clean_first' from command line to 'False'
[1.710s] Level 5:colcon.colcon_core.verb:set package 'gazebo_ros2_control' build argument 'cmake_force_configure' from command line to 'False'
[1.710s] Level 5:colcon.colcon_core.verb:set package 'gazebo_ros2_control' build argument 'ament_cmake_args' from command line to 'None'
[1.710s] Level 5:colcon.colcon_core.verb:set package 'gazebo_ros2_control' build argument 'catkin_cmake_args' from command line to 'None'
[1.710s] Level 5:colcon.colcon_core.verb:set package 'gazebo_ros2_control' build argument 'catkin_skip_building_tests' from command line to 'False'
[1.711s] DEBUG:colcon.colcon_core.verb:Building package 'gazebo_ros2_control' with the following arguments: {'ament_cmake_args': None, 'build_base': '/home/stephenq0503/Desktop/robot_arm_sim/build/gazebo_ros2_control', 'catkin_cmake_args': None, 'catkin_skip_building_tests': False, 'cmake_args': None, 'cmake_clean_cache': False, 'cmake_clean_first': False, 'cmake_force_configure': False, 'cmake_target': None, 'cmake_target_skip_unavailable': False, 'install_base': '/home/stephenq0503/Desktop/robot_arm_sim/install/gazebo_ros2_control', 'merge_install': False, 'path': '/home/stephenq0503/Desktop/robot_arm_sim/src/gazebo_ros2_control/gazebo_ros2_control', 'symlink_install': False, 'test_result_base': None}
[1.726s] Level 5:colcon.colcon_core.verb:set package 'my_robot_pkg' build argument 'cmake_args' from command line to 'None'
[1.726s] Level 5:colcon.colcon_core.verb:set package 'my_robot_pkg' build argument 'cmake_target' from command line to 'None'
[1.726s] Level 5:colcon.colcon_core.verb:set package 'my_robot_pkg' build argument 'cmake_target_skip_unavailable' from command line to 'False'
[1.726s] Level 5:colcon.colcon_core.verb:set package 'my_robot_pkg' build argument 'cmake_clean_cache' from command line to 'False'
[1.726s] Level 5:colcon.colcon_core.verb:set package 'my_robot_pkg' build argument 'cmake_clean_first' from command line to 'False'
[1.726s] Level 5:colcon.colcon_core.verb:set package 'my_robot_pkg' build argument 'cmake_force_configure' from command line to 'False'
[1.726s] Level 5:colcon.colcon_core.verb:set package 'my_robot_pkg' build argument 'ament_cmake_args' from command line to 'None'
[1.726s] Level 5:colcon.colcon_core.verb:set package 'my_robot_pkg' build argument 'catkin_cmake_args' from command line to 'None'
[1.726s] Level 5:colcon.colcon_core.verb:set package 'my_robot_pkg' build argument 'catkin_skip_building_tests' from command line to 'False'
[1.726s] DEBUG:colcon.colcon_core.verb:Building package 'my_robot_pkg' with the following arguments: {'ament_cmake_args': None, 'build_base': '/home/stephenq0503/Desktop/robot_arm_sim/build/my_robot_pkg', 'catkin_cmake_args': None, 'catkin_skip_building_tests': False, 'cmake_args': None, 'cmake_clean_cache': False, 'cmake_clean_first': False, 'cmake_force_configure': False, 'cmake_target': None, 'cmake_target_skip_unavailable': False, 'install_base': '/home/stephenq0503/Desktop/robot_arm_sim/install/my_robot_pkg', 'merge_install': False, 'path': '/home/stephenq0503/Desktop/robot_arm_sim/src/my_robot_pkg', 'symlink_install': False, 'test_result_base': None}
[1.743s] Level 5:colcon.colcon_core.verb:set package 'gazebo_ros2_control_demos' build argument 'cmake_args' from command line to 'None'
[1.743s] Level 5:colcon.colcon_core.verb:set package 'gazebo_ros2_control_demos' build argument 'cmake_target' from command line to 'None'
[1.743s] Level 5:colcon.colcon_core.verb:set package 'gazebo_ros2_control_demos' build argument 'cmake_target_skip_unavailable' from command line to 'False'
[1.743s] Level 5:colcon.colcon_core.verb:set package 'gazebo_ros2_control_demos' build argument 'cmake_clean_cache' from command line to 'False'
[1.743s] Level 5:colcon.colcon_core.verb:set package 'gazebo_ros2_control_demos' build argument 'cmake_clean_first' from command line to 'False'
[1.743s] Level 5:colcon.colcon_core.verb:set package 'gazebo_ros2_control_demos' build argument 'cmake_force_configure' from command line to 'False'
[1.743s] Level 5:colcon.colcon_core.verb:set package 'gazebo_ros2_control_demos' build argument 'ament_cmake_args' from command line to 'None'
[1.743s] Level 5:colcon.colcon_core.verb:set package 'gazebo_ros2_control_demos' build argument 'catkin_cmake_args' from command line to 'None'
[1.743s] Level 5:colcon.colcon_core.verb:set package 'gazebo_ros2_control_demos' build argument 'catkin_skip_building_tests' from command line to 'False'
[1.743s] DEBUG:colcon.colcon_core.verb:Building package 'gazebo_ros2_control_demos' with the following arguments: {'ament_cmake_args': None, 'build_base': '/home/stephenq0503/Desktop/robot_arm_sim/build/gazebo_ros2_control_demos', 'catkin_cmake_args': None, 'catkin_skip_building_tests': False, 'cmake_args': None, 'cmake_clean_cache': False, 'cmake_clean_first': False, 'cmake_force_configure': False, 'cmake_target': None, 'cmake_target_skip_unavailable': False, 'install_base': '/home/stephenq0503/Desktop/robot_arm_sim/install/gazebo_ros2_control_demos', 'merge_install': False, 'path': '/home/stephenq0503/Desktop/robot_arm_sim/src/gazebo_ros2_control/gazebo_ros2_control_demos', 'symlink_install': False, 'test_result_base': None}
[1.759s] INFO:colcon.colcon_core.executor:Executing jobs using 'parallel' executor
[1.775s] DEBUG:colcon.colcon_parallel_executor.executor.parallel:run_until_complete
[1.775s] INFO:colcon.colcon_ros.task.ament_cmake.build:Building ROS package in '/home/stephenq0503/Desktop/robot_arm_sim/src/gazebo_ros2_control/gazebo_ros2_control' with build type 'ament_cmake'
[1.776s] INFO:colcon.colcon_cmake.task.cmake.build:Building CMake package in '/home/stephenq0503/Desktop/robot_arm_sim/src/gazebo_ros2_control/gazebo_ros2_control'
[1.793s] INFO:colcon.colcon_core.plugin_system:Skipping extension 'colcon_core.shell.bat': Not used on non-Windows systems
[1.793s] INFO:colcon.colcon_core.shell:Skip shell extension 'powershell' for command environment: Not usable outside of PowerShell
[1.793s] DEBUG:colcon.colcon_core.shell:Skip shell extension 'dsv' for command environment
[1.845s] INFO:colcon.colcon_ros.task.ament_python.build:Building ROS package in '/home/stephenq0503/Desktop/robot_arm_sim/src/my_robot_pkg' with build type 'ament_python'
[1.845s] Level 1:colcon.colcon_core.shell:create_environment_hook('my_robot_pkg', 'ament_prefix_path')
[1.862s] INFO:colcon.colcon_core.shell:Creating environment hook '/home/stephenq0503/Desktop/robot_arm_sim/install/my_robot_pkg/share/my_robot_pkg/hook/ament_prefix_path.ps1'
[1.862s] INFO:colcon.colcon_core.shell:Creating environment descriptor '/home/stephenq0503/Desktop/robot_arm_sim/install/my_robot_pkg/share/my_robot_pkg/hook/ament_prefix_path.dsv'
[1.863s] INFO:colcon.colcon_core.shell:Creating environment hook '/home/stephenq0503/Desktop/robot_arm_sim/install/my_robot_pkg/share/my_robot_pkg/hook/ament_prefix_path.sh'
[1.879s] INFO:colcon.colcon_core.shell:Skip shell extension 'powershell' for command environment: Not usable outside of PowerShell
[1.879s] DEBUG:colcon.colcon_core.shell:Skip shell extension 'dsv' for command environment
[1.937s] DEBUG:colcon.colcon_core.event_handler.log_command:Invoking command in '/home/stephenq0503/Desktop/robot_arm_sim/build/gazebo_ros2_control': CMAKE_PREFIX_PATH=${CMAKE_PREFIX_PATH}:/home/stephenq0503/Desktop/robot_arm_sim/install/my_robot_pkg:/home/stephenq0503/Desktop/robot_arm_sim/install/moveit_configs_utils:/home/stephenq0503/Desktop/robot_arm_sim/install/launch_param_builder:/opt/ros/humble /usr/bin/cmake --build /home/stephenq0503/Desktop/robot_arm_sim/build/gazebo_ros2_control -- -j8 -l8
[2.214s] INFO:colcon.colcon_core.task.python.build:Building Python package in '/home/stephenq0503/Desktop/robot_arm_sim/src/my_robot_pkg'
[2.232s] INFO:colcon.colcon_core.shell:Skip shell extension 'powershell' for command environment: Not usable outside of PowerShell
[2.232s] DEBUG:colcon.colcon_core.shell:Skip shell extension 'dsv' for command environment
[2.285s] DEBUG:colcon.colcon_core.event_handler.log_command:Invoked command in '/home/stephenq0503/Desktop/robot_arm_sim/build/gazebo_ros2_control' returned '0': CMAKE_PREFIX_PATH=${CMAKE_PREFIX_PATH}:/home/stephenq0503/Desktop/robot_arm_sim/install/my_robot_pkg:/home/stephenq0503/Desktop/robot_arm_sim/install/moveit_configs_utils:/home/stephenq0503/Desktop/robot_arm_sim/install/launch_param_builder:/opt/ros/humble /usr/bin/cmake --build /home/stephenq0503/Desktop/robot_arm_sim/build/gazebo_ros2_control -- -j8 -l8
[2.359s] DEBUG:colcon.colcon_core.event_handler.log_command:Invoking command in '/home/stephenq0503/Desktop/robot_arm_sim/build/gazebo_ros2_control': CMAKE_PREFIX_PATH=${CMAKE_PREFIX_PATH}:/home/stephenq0503/Desktop/robot_arm_sim/install/my_robot_pkg:/home/stephenq0503/Desktop/robot_arm_sim/install/moveit_configs_utils:/home/stephenq0503/Desktop/robot_arm_sim/install/launch_param_builder:/opt/ros/humble /usr/bin/cmake --install /home/stephenq0503/Desktop/robot_arm_sim/build/gazebo_ros2_control
[2.374s] Level 1:colcon.colcon_core.environment:create_environment_scripts_only(gazebo_ros2_control)
[2.375s] DEBUG:colcon.colcon_core.event_handler.log_command:Invoked command in '/home/stephenq0503/Desktop/robot_arm_sim/build/gazebo_ros2_control' returned '0': CMAKE_PREFIX_PATH=${CMAKE_PREFIX_PATH}:/home/stephenq0503/Desktop/robot_arm_sim/install/my_robot_pkg:/home/stephenq0503/Desktop/robot_arm_sim/install/moveit_configs_utils:/home/stephenq0503/Desktop/robot_arm_sim/install/launch_param_builder:/opt/ros/humble /usr/bin/cmake --install /home/stephenq0503/Desktop/robot_arm_sim/build/gazebo_ros2_control
[2.397s] Level 1:colcon.colcon_core.environment:checking '/home/stephenq0503/Desktop/robot_arm_sim/install/gazebo_ros2_control' for CMake module files
[2.397s] Level 1:colcon.colcon_core.environment:checking '/home/stephenq0503/Desktop/robot_arm_sim/install/gazebo_ros2_control' for CMake config files
[2.397s] Level 1:colcon.colcon_core.shell:create_environment_hook('gazebo_ros2_control', 'cmake_prefix_path')
[2.414s] INFO:colcon.colcon_core.shell:Creating environment hook '/home/stephenq0503/Desktop/robot_arm_sim/install/gazebo_ros2_control/share/gazebo_ros2_control/hook/cmake_prefix_path.ps1'
[2.414s] INFO:colcon.colcon_core.shell:Creating environment descriptor '/home/stephenq0503/Desktop/robot_arm_sim/install/gazebo_ros2_control/share/gazebo_ros2_control/hook/cmake_prefix_path.dsv'
[2.414s] INFO:colcon.colcon_core.shell:Creating environment hook '/home/stephenq0503/Desktop/robot_arm_sim/install/gazebo_ros2_control/share/gazebo_ros2_control/hook/cmake_prefix_path.sh'
[2.415s] Level 1:colcon.colcon_core.environment:checking '/home/stephenq0503/Desktop/robot_arm_sim/install/gazebo_ros2_control/lib'
[2.415s] Level 1:colcon.colcon_core.shell:create_environment_hook('gazebo_ros2_control', 'ld_library_path_lib')
[2.432s] INFO:colcon.colcon_core.shell:Creating environment hook '/home/stephenq0503/Desktop/robot_arm_sim/install/gazebo_ros2_control/share/gazebo_ros2_control/hook/ld_library_path_lib.ps1'
[2.432s] INFO:colcon.colcon_core.shell:Creating environment descriptor '/home/stephenq0503/Desktop/robot_arm_sim/install/gazebo_ros2_control/share/gazebo_ros2_control/hook/ld_library_path_lib.dsv'
[2.432s] INFO:colcon.colcon_core.shell:Creating environment hook '/home/stephenq0503/Desktop/robot_arm_sim/install/gazebo_ros2_control/share/gazebo_ros2_control/hook/ld_library_path_lib.sh'
[2.433s] Level 1:colcon.colcon_core.environment:checking '/home/stephenq0503/Desktop/robot_arm_sim/install/gazebo_ros2_control/bin'
[2.433s] Level 1:colcon.colcon_core.environment:checking '/home/stephenq0503/Desktop/robot_arm_sim/install/gazebo_ros2_control/lib/pkgconfig/gazebo_ros2_control.pc'
[2.433s] Level 1:colcon.colcon_core.environment:checking '/home/stephenq0503/Desktop/robot_arm_sim/install/gazebo_ros2_control/lib/python3.10/site-packages'
[2.433s] Level 1:colcon.colcon_core.environment:checking '/home/stephenq0503/Desktop/robot_arm_sim/install/gazebo_ros2_control/bin'
[2.450s] INFO:colcon.colcon_core.shell:Creating package script '/home/stephenq0503/Desktop/robot_arm_sim/install/gazebo_ros2_control/share/gazebo_ros2_control/package.ps1'
[2.450s] INFO:colcon.colcon_core.shell:Creating package descriptor '/home/stephenq0503/Desktop/robot_arm_sim/install/gazebo_ros2_control/share/gazebo_ros2_control/package.dsv'
[2.451s] INFO:colcon.colcon_core.shell:Creating package script '/home/stephenq0503/Desktop/robot_arm_sim/install/gazebo_ros2_control/share/gazebo_ros2_control/package.sh'
[2.452s] INFO:colcon.colcon_core.shell:Creating package script '/home/stephenq0503/Desktop/robot_arm_sim/install/gazebo_ros2_control/share/gazebo_ros2_control/package.bash'
[2.452s] INFO:colcon.colcon_core.shell:Creating package script '/home/stephenq0503/Desktop/robot_arm_sim/install/gazebo_ros2_control/share/gazebo_ros2_control/package.zsh'
[2.453s] Level 1:colcon.colcon_core.environment:create_file_with_runtime_dependencies(/home/stephenq0503/Desktop/robot_arm_sim/install/gazebo_ros2_control/share/colcon-core/packages/gazebo_ros2_control)
[2.529s] Level 1:colcon.colcon_core.environment:create_environment_scripts_only(gazebo_ros2_control)
[2.545s] Level 1:colcon.colcon_core.environment:checking '/home/stephenq0503/Desktop/robot_arm_sim/install/gazebo_ros2_control' for CMake module files
[2.546s] Level 1:colcon.colcon_core.environment:checking '/home/stephenq0503/Desktop/robot_arm_sim/install/gazebo_ros2_control' for CMake config files
[2.546s] Level 1:colcon.colcon_core.shell:create_environment_hook('gazebo_ros2_control', 'cmake_prefix_path')
[2.562s] INFO:colcon.colcon_core.shell:Creating environment hook '/home/stephenq0503/Desktop/robot_arm_sim/install/gazebo_ros2_control/share/gazebo_ros2_control/hook/cmake_prefix_path.ps1'
[2.563s] INFO:colcon.colcon_core.shell:Creating environment descriptor '/home/stephenq0503/Desktop/robot_arm_sim/install/gazebo_ros2_control/share/gazebo_ros2_control/hook/cmake_prefix_path.dsv'
[2.563s] INFO:colcon.colcon_core.shell:Creating environment hook '/home/stephenq0503/Desktop/robot_arm_sim/install/gazebo_ros2_control/share/gazebo_ros2_control/hook/cmake_prefix_path.sh'
[2.564s] Level 1:colcon.colcon_core.environment:checking '/home/stephenq0503/Desktop/robot_arm_sim/install/gazebo_ros2_control/lib'
[2.564s] Level 1:colcon.colcon_core.shell:create_environment_hook('gazebo_ros2_control', 'ld_library_path_lib')
[2.580s] INFO:colcon.colcon_core.shell:Creating environment hook '/home/stephenq0503/Desktop/robot_arm_sim/install/gazebo_ros2_control/share/gazebo_ros2_control/hook/ld_library_path_lib.ps1'
[2.581s] INFO:colcon.colcon_core.shell:Creating environment descriptor '/home/stephenq0503/Desktop/robot_arm_sim/install/gazebo_ros2_control/share/gazebo_ros2_control/hook/ld_library_path_lib.dsv'
[2.581s] INFO:colcon.colcon_core.shell:Creating environment hook '/home/stephenq0503/Desktop/robot_arm_sim/install/gazebo_ros2_control/share/gazebo_ros2_control/hook/ld_library_path_lib.sh'
[2.581s] Level 1:colcon.colcon_core.environment:checking '/home/stephenq0503/Desktop/robot_arm_sim/install/gazebo_ros2_control/bin'
[2.581s] Level 1:colcon.colcon_core.environment:checking '/home/stephenq0503/Desktop/robot_arm_sim/install/gazebo_ros2_control/lib/pkgconfig/gazebo_ros2_control.pc'
[2.582s] Level 1:colcon.colcon_core.environment:checking '/home/stephenq0503/Desktop/robot_arm_sim/install/gazebo_ros2_control/lib/python3.10/site-packages'
[2.582s] Level 1:colcon.colcon_core.environment:checking '/home/stephenq0503/Desktop/robot_arm_sim/install/gazebo_ros2_control/bin'
[2.598s] INFO:colcon.colcon_core.shell:Creating package script '/home/stephenq0503/Desktop/robot_arm_sim/install/gazebo_ros2_control/share/gazebo_ros2_control/package.ps1'
[2.599s] INFO:colcon.colcon_core.shell:Creating package descriptor '/home/stephenq0503/Desktop/robot_arm_sim/install/gazebo_ros2_control/share/gazebo_ros2_control/package.dsv'
[2.599s] INFO:colcon.colcon_core.shell:Creating package script '/home/stephenq0503/Desktop/robot_arm_sim/install/gazebo_ros2_control/share/gazebo_ros2_control/package.sh'
[2.599s] INFO:colcon.colcon_core.shell:Creating package script '/home/stephenq0503/Desktop/robot_arm_sim/install/gazebo_ros2_control/share/gazebo_ros2_control/package.bash'
[2.600s] INFO:colcon.colcon_core.shell:Creating package script '/home/stephenq0503/Desktop/robot_arm_sim/install/gazebo_ros2_control/share/gazebo_ros2_control/package.zsh'
[2.600s] Level 1:colcon.colcon_core.environment:create_file_with_runtime_dependencies(/home/stephenq0503/Desktop/robot_arm_sim/install/gazebo_ros2_control/share/colcon-core/packages/gazebo_ros2_control)
[2.601s] INFO:colcon.colcon_ros.task.ament_cmake.build:Building ROS package in '/home/stephenq0503/Desktop/robot_arm_sim/src/gazebo_ros2_control/gazebo_ros2_control_demos' with build type 'ament_cmake'
[2.601s] INFO:colcon.colcon_cmake.task.cmake.build:Building CMake package in '/home/stephenq0503/Desktop/robot_arm_sim/src/gazebo_ros2_control/gazebo_ros2_control_demos'
[2.620s] INFO:colcon.colcon_core.shell:Skip shell extension 'powershell' for command environment: Not usable outside of PowerShell
[2.620s] DEBUG:colcon.colcon_core.shell:Skip shell extension 'dsv' for command environment
[2.686s] DEBUG:colcon.colcon_core.event_handler.log_command:Invoking command in '/home/stephenq0503/Desktop/robot_arm_sim/src/my_robot_pkg': PYTHONPATH=/home/stephenq0503/Desktop/robot_arm_sim/build/my_robot_pkg/prefix_override:/home/stephenq0503/Desktop/robot_arm_sim/install/my_robot_pkg/lib/python3.10/site-packages:${PYTHONPATH} /usr/bin/python3 setup.py egg_info --egg-base ../../build/my_robot_pkg build --build-base /home/stephenq0503/Desktop/robot_arm_sim/build/my_robot_pkg/build install --record /home/stephenq0503/Desktop/robot_arm_sim/build/my_robot_pkg/install.log --single-version-externally-managed
[2.697s] DEBUG:colcon.colcon_core.event_handler.log_command:Invoking command in '/home/stephenq0503/Desktop/robot_arm_sim/build/gazebo_ros2_control_demos': CMAKE_PREFIX_PATH=/home/stephenq0503/Desktop/robot_arm_sim/install/gazebo_ros2_control:/home/stephenq0503/Desktop/robot_arm_sim/install/gazebo_ros2_control_demos:/home/stephenq0503/Desktop/robot_arm_sim/install/mtc_tutorial:/home/stephenq0503/Desktop/robot_arm_sim/install/pilz_industrial_motion_planner_testutils:/home/stephenq0503/Desktop/robot_arm_sim/install/moveit_runtime:/home/stephenq0503/Desktop/robot_arm_sim/install/moveit2_tutorials:/home/stephenq0503/Desktop/robot_arm_sim/install/moveit:/home/stephenq0503/Desktop/robot_arm_sim/install/moveit_planners:/home/stephenq0503/Desktop/robot_arm_sim/install/pilz_industrial_motion_planner:/home/stephenq0503/Desktop/robot_arm_sim/install/moveit_visual_tools:/home/stephenq0503/Desktop/robot_arm_sim/install/moveit_task_constructor_visualization:/home/stephenq0503/Desktop/robot_arm_sim/install/moveit_task_constructor_demo:/home/stephenq0503/Desktop/robot_arm_sim/install/moveit_task_constructor_capabilities:/home/stephenq0503/Desktop/robot_arm_sim/install/moveit_task_constructor_core:/home/stephenq0503/Desktop/robot_arm_sim/install/moveit_ros_control_interface:/home/stephenq0503/Desktop/robot_arm_sim/install/moveit_plugins:/home/stephenq0503/Desktop/robot_arm_sim/install/moveit_simple_controller_manager:/home/stephenq0503/Desktop/robot_arm_sim/install/moveit_setup_assistant:/home/stephenq0503/Desktop/robot_arm_sim/install/moveit_setup_srdf_plugins:/home/stephenq0503/Desktop/robot_arm_sim/install/moveit_setup_core_plugins:/home/stephenq0503/Desktop/robot_arm_sim/install/moveit_setup_controllers:/home/stephenq0503/Desktop/robot_arm_sim/install/moveit_setup_app_plugins:/home/stephenq0503/Desktop/robot_arm_sim/install/moveit_setup_framework:/home/stephenq0503/Desktop/robot_arm_sim/install/moveit_servo:/home/stephenq0503/Desktop/robot_arm_sim/install/moveit_ros:/home/stephenq0503/Desktop/robot_arm_sim/install/moveit_ros_visualization:/home/stephenq0503/Desktop/robot_arm_sim/install/moveit_hybrid_planning:/home/stephenq0503/Desktop/robot_arm_sim/install/moveit_ros_planning_interface:/home/stephenq0503/Desktop/robot_arm_sim/install/moveit_ros_benchmarks:/home/stephenq0503/Desktop/robot_arm_sim/install/moveit_ros_warehouse:/home/stephenq0503/Desktop/robot_arm_sim/install/moveit_ros_robot_interaction:/home/stephenq0503/Desktop/robot_arm_sim/install/moveit_ros_perception:/home/stephenq0503/Desktop/robot_arm_sim/install/moveit_resources_prbt_pg70_support:/home/stephenq0503/Desktop/robot_arm_sim/install/moveit_resources_prbt_moveit_config:/home/stephenq0503/Desktop/robot_arm_sim/install/moveit_ros_move_group:/home/stephenq0503/Desktop/robot_arm_sim/install/moveit_planners_ompl:/home/stephenq0503/Desktop/robot_arm_sim/install/moveit_ros_planning:/home/stephenq0503/Desktop/robot_arm_sim/install/moveit_ros_occupancy_map_monitor:/home/stephenq0503/Desktop/robot_arm_sim/install/moveit_resources_prbt_ikfast_manipulator_plugin:/home/stephenq0503/Desktop/robot_arm_sim/install/moveit_planners_chomp:/home/stephenq0503/Desktop/robot_arm_sim/install/moveit_kinematics:/home/stephenq0503/Desktop/robot_arm_sim/install/moveit_chomp_optimizer_adapter:/home/stephenq0503/Desktop/robot_arm_sim/install/chomp_motion_planner:/home/stephenq0503/Desktop/robot_arm_sim/install/moveit_core:/home/stephenq0503/Desktop/robot_arm_sim/install/srdfdom:/home/stephenq0503/Desktop/robot_arm_sim/install/rviz_marker_tools:/home/stephenq0503/Desktop/robot_arm_sim/install/rosparam_shortcuts:/home/stephenq0503/Desktop/robot_arm_sim/install/moveit_task_constructor_msgs:/home/stephenq0503/Desktop/robot_arm_sim/install/moveit_resources_prbt_support:/home/stephenq0503/Desktop/robot_arm_sim/install/moveit_resources:/home/stephenq0503/Desktop/robot_arm_sim/install/moveit_resources_pr2_description:/home/stephenq0503/Desktop/robot_arm_sim/install/moveit_resources_panda_moveit_config:/home/stephenq0503/Desktop/robot_arm_sim/install/moveit_resources_panda_description:/home/stephenq0503/Desktop/robot_arm_sim/install/moveit_resources_fanuc_moveit_config:/home/stephenq0503/Desktop/robot_arm_sim/install/moveit_resources_fanuc_description:/home/stephenq0503/Desktop/robot_arm_sim/install/moveit_common:/home/stephenq0503/Desktop/robot_arm_sim/install/my_robot_pkg:/home/stephenq0503/Desktop/robot_arm_sim/install/moveit_configs_utils:/home/stephenq0503/Desktop/robot_arm_sim/install/launch_param_builder:/opt/ros/humble /usr/bin/cmake --build /home/stephenq0503/Desktop/robot_arm_sim/build/gazebo_ros2_control_demos -- -j8 -l8
[2.804s] DEBUG:colcon.colcon_core.event_handler.log_command:Invoked command in '/home/stephenq0503/Desktop/robot_arm_sim/build/gazebo_ros2_control_demos' returned '0': CMAKE_PREFIX_PATH=/home/stephenq0503/Desktop/robot_arm_sim/install/gazebo_ros2_control:/home/stephenq0503/Desktop/robot_arm_sim/install/gazebo_ros2_control_demos:/home/stephenq0503/Desktop/robot_arm_sim/install/mtc_tutorial:/home/stephenq0503/Desktop/robot_arm_sim/install/pilz_industrial_motion_planner_testutils:/home/stephenq0503/Desktop/robot_arm_sim/install/moveit_runtime:/home/stephenq0503/Desktop/robot_arm_sim/install/moveit2_tutorials:/home/stephenq0503/Desktop/robot_arm_sim/install/moveit:/home/stephenq0503/Desktop/robot_arm_sim/install/moveit_planners:/home/stephenq0503/Desktop/robot_arm_sim/install/pilz_industrial_motion_planner:/home/stephenq0503/Desktop/robot_arm_sim/install/moveit_visual_tools:/home/stephenq0503/Desktop/robot_arm_sim/install/moveit_task_constructor_visualization:/home/stephenq0503/Desktop/robot_arm_sim/install/moveit_task_constructor_demo:/home/stephenq0503/Desktop/robot_arm_sim/install/moveit_task_constructor_capabilities:/home/stephenq0503/Desktop/robot_arm_sim/install/moveit_task_constructor_core:/home/stephenq0503/Desktop/robot_arm_sim/install/moveit_ros_control_interface:/home/stephenq0503/Desktop/robot_arm_sim/install/moveit_plugins:/home/stephenq0503/Desktop/robot_arm_sim/install/moveit_simple_controller_manager:/home/stephenq0503/Desktop/robot_arm_sim/install/moveit_setup_assistant:/home/stephenq0503/Desktop/robot_arm_sim/install/moveit_setup_srdf_plugins:/home/stephenq0503/Desktop/robot_arm_sim/install/moveit_setup_core_plugins:/home/stephenq0503/Desktop/robot_arm_sim/install/moveit_setup_controllers:/home/stephenq0503/Desktop/robot_arm_sim/install/moveit_setup_app_plugins:/home/stephenq0503/Desktop/robot_arm_sim/install/moveit_setup_framework:/home/stephenq0503/Desktop/robot_arm_sim/install/moveit_servo:/home/stephenq0503/Desktop/robot_arm_sim/install/moveit_ros:/home/stephenq0503/Desktop/robot_arm_sim/install/moveit_ros_visualization:/home/stephenq0503/Desktop/robot_arm_sim/install/moveit_hybrid_planning:/home/stephenq0503/Desktop/robot_arm_sim/install/moveit_ros_planning_interface:/home/stephenq0503/Desktop/robot_arm_sim/install/moveit_ros_benchmarks:/home/stephenq0503/Desktop/robot_arm_sim/install/moveit_ros_warehouse:/home/stephenq0503/Desktop/robot_arm_sim/install/moveit_ros_robot_interaction:/home/stephenq0503/Desktop/robot_arm_sim/install/moveit_ros_perception:/home/stephenq0503/Desktop/robot_arm_sim/install/moveit_resources_prbt_pg70_support:/home/stephenq0503/Desktop/robot_arm_sim/install/moveit_resources_prbt_moveit_config:/home/stephenq0503/Desktop/robot_arm_sim/install/moveit_ros_move_group:/home/stephenq0503/Desktop/robot_arm_sim/install/moveit_planners_ompl:/home/stephenq0503/Desktop/robot_arm_sim/install/moveit_ros_planning:/home/stephenq0503/Desktop/robot_arm_sim/install/moveit_ros_occupancy_map_monitor:/home/stephenq0503/Desktop/robot_arm_sim/install/moveit_resources_prbt_ikfast_manipulator_plugin:/home/stephenq0503/Desktop/robot_arm_sim/install/moveit_planners_chomp:/home/stephenq0503/Desktop/robot_arm_sim/install/moveit_kinematics:/home/stephenq0503/Desktop/robot_arm_sim/install/moveit_chomp_optimizer_adapter:/home/stephenq0503/Desktop/robot_arm_sim/install/chomp_motion_planner:/home/stephenq0503/Desktop/robot_arm_sim/install/moveit_core:/home/stephenq0503/Desktop/robot_arm_sim/install/srdfdom:/home/stephenq0503/Desktop/robot_arm_sim/install/rviz_marker_tools:/home/stephenq0503/Desktop/robot_arm_sim/install/rosparam_shortcuts:/home/stephenq0503/Desktop/robot_arm_sim/install/moveit_task_constructor_msgs:/home/stephenq0503/Desktop/robot_arm_sim/install/moveit_resources_prbt_support:/home/stephenq0503/Desktop/robot_arm_sim/install/moveit_resources:/home/stephenq0503/Desktop/robot_arm_sim/install/moveit_resources_pr2_description:/home/stephenq0503/Desktop/robot_arm_sim/install/moveit_resources_panda_moveit_config:/home/stephenq0503/Desktop/robot_arm_sim/install/moveit_resources_panda_description:/home/stephenq0503/Desktop/robot_arm_sim/install/moveit_resources_fanuc_moveit_config:/home/stephenq0503/Desktop/robot_arm_sim/install/moveit_resources_fanuc_description:/home/stephenq0503/Desktop/robot_arm_sim/install/moveit_common:/home/stephenq0503/Desktop/robot_arm_sim/install/my_robot_pkg:/home/stephenq0503/Desktop/robot_arm_sim/install/moveit_configs_utils:/home/stephenq0503/Desktop/robot_arm_sim/install/launch_param_builder:/opt/ros/humble /usr/bin/cmake --build /home/stephenq0503/Desktop/robot_arm_sim/build/gazebo_ros2_control_demos -- -j8 -l8
[2.895s] DEBUG:colcon.colcon_core.event_handler.log_command:Invoking command in '/home/stephenq0503/Desktop/robot_arm_sim/build/gazebo_ros2_control_demos': CMAKE_PREFIX_PATH=/home/stephenq0503/Desktop/robot_arm_sim/install/gazebo_ros2_control:/home/stephenq0503/Desktop/robot_arm_sim/install/gazebo_ros2_control_demos:/home/stephenq0503/Desktop/robot_arm_sim/install/mtc_tutorial:/home/stephenq0503/Desktop/robot_arm_sim/install/pilz_industrial_motion_planner_testutils:/home/stephenq0503/Desktop/robot_arm_sim/install/moveit_runtime:/home/stephenq0503/Desktop/robot_arm_sim/install/moveit2_tutorials:/home/stephenq0503/Desktop/robot_arm_sim/install/moveit:/home/stephenq0503/Desktop/robot_arm_sim/install/moveit_planners:/home/stephenq0503/Desktop/robot_arm_sim/install/pilz_industrial_motion_planner:/home/stephenq0503/Desktop/robot_arm_sim/install/moveit_visual_tools:/home/stephenq0503/Desktop/robot_arm_sim/install/moveit_task_constructor_visualization:/home/stephenq0503/Desktop/robot_arm_sim/install/moveit_task_constructor_demo:/home/stephenq0503/Desktop/robot_arm_sim/install/moveit_task_constructor_capabilities:/home/stephenq0503/Desktop/robot_arm_sim/install/moveit_task_constructor_core:/home/stephenq0503/Desktop/robot_arm_sim/install/moveit_ros_control_interface:/home/stephenq0503/Desktop/robot_arm_sim/install/moveit_plugins:/home/stephenq0503/Desktop/robot_arm_sim/install/moveit_simple_controller_manager:/home/stephenq0503/Desktop/robot_arm_sim/install/moveit_setup_assistant:/home/stephenq0503/Desktop/robot_arm_sim/install/moveit_setup_srdf_plugins:/home/stephenq0503/Desktop/robot_arm_sim/install/moveit_setup_core_plugins:/home/stephenq0503/Desktop/robot_arm_sim/install/moveit_setup_controllers:/home/stephenq0503/Desktop/robot_arm_sim/install/moveit_setup_app_plugins:/home/stephenq0503/Desktop/robot_arm_sim/install/moveit_setup_framework:/home/stephenq0503/Desktop/robot_arm_sim/install/moveit_servo:/home/stephenq0503/Desktop/robot_arm_sim/install/moveit_ros:/home/stephenq0503/Desktop/robot_arm_sim/install/moveit_ros_visualization:/home/stephenq0503/Desktop/robot_arm_sim/install/moveit_hybrid_planning:/home/stephenq0503/Desktop/robot_arm_sim/install/moveit_ros_planning_interface:/home/stephenq0503/Desktop/robot_arm_sim/install/moveit_ros_benchmarks:/home/stephenq0503/Desktop/robot_arm_sim/install/moveit_ros_warehouse:/home/stephenq0503/Desktop/robot_arm_sim/install/moveit_ros_robot_interaction:/home/stephenq0503/Desktop/robot_arm_sim/install/moveit_ros_perception:/home/stephenq0503/Desktop/robot_arm_sim/install/moveit_resources_prbt_pg70_support:/home/stephenq0503/Desktop/robot_arm_sim/install/moveit_resources_prbt_moveit_config:/home/stephenq0503/Desktop/robot_arm_sim/install/moveit_ros_move_group:/home/stephenq0503/Desktop/robot_arm_sim/install/moveit_planners_ompl:/home/stephenq0503/Desktop/robot_arm_sim/install/moveit_ros_planning:/home/stephenq0503/Desktop/robot_arm_sim/install/moveit_ros_occupancy_map_monitor:/home/stephenq0503/Desktop/robot_arm_sim/install/moveit_resources_prbt_ikfast_manipulator_plugin:/home/stephenq0503/Desktop/robot_arm_sim/install/moveit_planners_chomp:/home/stephenq0503/Desktop/robot_arm_sim/install/moveit_kinematics:/home/stephenq0503/Desktop/robot_arm_sim/install/moveit_chomp_optimizer_adapter:/home/stephenq0503/Desktop/robot_arm_sim/install/chomp_motion_planner:/home/stephenq0503/Desktop/robot_arm_sim/install/moveit_core:/home/stephenq0503/Desktop/robot_arm_sim/install/srdfdom:/home/stephenq0503/Desktop/robot_arm_sim/install/rviz_marker_tools:/home/stephenq0503/Desktop/robot_arm_sim/install/rosparam_shortcuts:/home/stephenq0503/Desktop/robot_arm_sim/install/moveit_task_constructor_msgs:/home/stephenq0503/Desktop/robot_arm_sim/install/moveit_resources_prbt_support:/home/stephenq0503/Desktop/robot_arm_sim/install/moveit_resources:/home/stephenq0503/Desktop/robot_arm_sim/install/moveit_resources_pr2_description:/home/stephenq0503/Desktop/robot_arm_sim/install/moveit_resources_panda_moveit_config:/home/stephenq0503/Desktop/robot_arm_sim/install/moveit_resources_panda_description:/home/stephenq0503/Desktop/robot_arm_sim/install/moveit_resources_fanuc_moveit_config:/home/stephenq0503/Desktop/robot_arm_sim/install/moveit_resources_fanuc_description:/home/stephenq0503/Desktop/robot_arm_sim/install/moveit_common:/home/stephenq0503/Desktop/robot_arm_sim/install/my_robot_pkg:/home/stephenq0503/Desktop/robot_arm_sim/install/moveit_configs_utils:/home/stephenq0503/Desktop/robot_arm_sim/install/launch_param_builder:/opt/ros/humble /usr/bin/cmake --install /home/stephenq0503/Desktop/robot_arm_sim/build/gazebo_ros2_control_demos
[2.911s] Level 1:colcon.colcon_core.environment:create_environment_scripts_only(gazebo_ros2_control_demos)
[2.911s] DEBUG:colcon.colcon_core.event_handler.log_command:Invoked command in '/home/stephenq0503/Desktop/robot_arm_sim/build/gazebo_ros2_control_demos' returned '0': CMAKE_PREFIX_PATH=/home/stephenq0503/Desktop/robot_arm_sim/install/gazebo_ros2_control:/home/stephenq0503/Desktop/robot_arm_sim/install/gazebo_ros2_control_demos:/home/stephenq0503/Desktop/robot_arm_sim/install/mtc_tutorial:/home/stephenq0503/Desktop/robot_arm_sim/install/pilz_industrial_motion_planner_testutils:/home/stephenq0503/Desktop/robot_arm_sim/install/moveit_runtime:/home/stephenq0503/Desktop/robot_arm_sim/install/moveit2_tutorials:/home/stephenq0503/Desktop/robot_arm_sim/install/moveit:/home/stephenq0503/Desktop/robot_arm_sim/install/moveit_planners:/home/stephenq0503/Desktop/robot_arm_sim/install/pilz_industrial_motion_planner:/home/stephenq0503/Desktop/robot_arm_sim/install/moveit_visual_tools:/home/stephenq0503/Desktop/robot_arm_sim/install/moveit_task_constructor_visualization:/home/stephenq0503/Desktop/robot_arm_sim/install/moveit_task_constructor_demo:/home/stephenq0503/Desktop/robot_arm_sim/install/moveit_task_constructor_capabilities:/home/stephenq0503/Desktop/robot_arm_sim/install/moveit_task_constructor_core:/home/stephenq0503/Desktop/robot_arm_sim/install/moveit_ros_control_interface:/home/stephenq0503/Desktop/robot_arm_sim/install/moveit_plugins:/home/stephenq0503/Desktop/robot_arm_sim/install/moveit_simple_controller_manager:/home/stephenq0503/Desktop/robot_arm_sim/install/moveit_setup_assistant:/home/stephenq0503/Desktop/robot_arm_sim/install/moveit_setup_srdf_plugins:/home/stephenq0503/Desktop/robot_arm_sim/install/moveit_setup_core_plugins:/home/stephenq0503/Desktop/robot_arm_sim/install/moveit_setup_controllers:/home/stephenq0503/Desktop/robot_arm_sim/install/moveit_setup_app_plugins:/home/stephenq0503/Desktop/robot_arm_sim/install/moveit_setup_framework:/home/stephenq0503/Desktop/robot_arm_sim/install/moveit_servo:/home/stephenq0503/Desktop/robot_arm_sim/install/moveit_ros:/home/stephenq0503/Desktop/robot_arm_sim/install/moveit_ros_visualization:/home/stephenq0503/Desktop/robot_arm_sim/install/moveit_hybrid_planning:/home/stephenq0503/Desktop/robot_arm_sim/install/moveit_ros_planning_interface:/home/stephenq0503/Desktop/robot_arm_sim/install/moveit_ros_benchmarks:/home/stephenq0503/Desktop/robot_arm_sim/install/moveit_ros_warehouse:/home/stephenq0503/Desktop/robot_arm_sim/install/moveit_ros_robot_interaction:/home/stephenq0503/Desktop/robot_arm_sim/install/moveit_ros_perception:/home/stephenq0503/Desktop/robot_arm_sim/install/moveit_resources_prbt_pg70_support:/home/stephenq0503/Desktop/robot_arm_sim/install/moveit_resources_prbt_moveit_config:/home/stephenq0503/Desktop/robot_arm_sim/install/moveit_ros_move_group:/home/stephenq0503/Desktop/robot_arm_sim/install/moveit_planners_ompl:/home/stephenq0503/Desktop/robot_arm_sim/install/moveit_ros_planning:/home/stephenq0503/Desktop/robot_arm_sim/install/moveit_ros_occupancy_map_monitor:/home/stephenq0503/Desktop/robot_arm_sim/install/moveit_resources_prbt_ikfast_manipulator_plugin:/home/stephenq0503/Desktop/robot_arm_sim/install/moveit_planners_chomp:/home/stephenq0503/Desktop/robot_arm_sim/install/moveit_kinematics:/home/stephenq0503/Desktop/robot_arm_sim/install/moveit_chomp_optimizer_adapter:/home/stephenq0503/Desktop/robot_arm_sim/install/chomp_motion_planner:/home/stephenq0503/Desktop/robot_arm_sim/install/moveit_core:/home/stephenq0503/Desktop/robot_arm_sim/install/srdfdom:/home/stephenq0503/Desktop/robot_arm_sim/install/rviz_marker_tools:/home/stephenq0503/Desktop/robot_arm_sim/install/rosparam_shortcuts:/home/stephenq0503/Desktop/robot_arm_sim/install/moveit_task_constructor_msgs:/home/stephenq0503/Desktop/robot_arm_sim/install/moveit_resources_prbt_support:/home/stephenq0503/Desktop/robot_arm_sim/install/moveit_resources:/home/stephenq0503/Desktop/robot_arm_sim/install/moveit_resources_pr2_description:/home/stephenq0503/Desktop/robot_arm_sim/install/moveit_resources_panda_moveit_config:/home/stephenq0503/Desktop/robot_arm_sim/install/moveit_resources_panda_description:/home/stephenq0503/Desktop/robot_arm_sim/install/moveit_resources_fanuc_moveit_config:/home/stephenq0503/Desktop/robot_arm_sim/install/moveit_resources_fanuc_description:/home/stephenq0503/Desktop/robot_arm_sim/install/moveit_common:/home/stephenq0503/Desktop/robot_arm_sim/install/my_robot_pkg:/home/stephenq0503/Desktop/robot_arm_sim/install/moveit_configs_utils:/home/stephenq0503/Desktop/robot_arm_sim/install/launch_param_builder:/opt/ros/humble /usr/bin/cmake --install /home/stephenq0503/Desktop/robot_arm_sim/build/gazebo_ros2_control_demos
[2.941s] Level 1:colcon.colcon_core.environment:checking '/home/stephenq0503/Desktop/robot_arm_sim/install/gazebo_ros2_control_demos' for CMake module files
[2.941s] Level 1:colcon.colcon_core.environment:checking '/home/stephenq0503/Desktop/robot_arm_sim/install/gazebo_ros2_control_demos' for CMake config files
[2.942s] Level 1:colcon.colcon_core.shell:create_environment_hook('gazebo_ros2_control_demos', 'cmake_prefix_path')
[2.959s] INFO:colcon.colcon_core.shell:Creating environment hook '/home/stephenq0503/Desktop/robot_arm_sim/install/gazebo_ros2_control_demos/share/gazebo_ros2_control_demos/hook/cmake_prefix_path.ps1'
[2.960s] INFO:colcon.colcon_core.shell:Creating environment descriptor '/home/stephenq0503/Desktop/robot_arm_sim/install/gazebo_ros2_control_demos/share/gazebo_ros2_control_demos/hook/cmake_prefix_path.dsv'
[2.960s] INFO:colcon.colcon_core.shell:Creating environment hook '/home/stephenq0503/Desktop/robot_arm_sim/install/gazebo_ros2_control_demos/share/gazebo_ros2_control_demos/hook/cmake_prefix_path.sh'
[2.960s] Level 1:colcon.colcon_core.environment:checking '/home/stephenq0503/Desktop/robot_arm_sim/install/gazebo_ros2_control_demos/lib'
[2.961s] Level 1:colcon.colcon_core.environment:checking '/home/stephenq0503/Desktop/robot_arm_sim/install/gazebo_ros2_control_demos/bin'
[2.961s] Level 1:colcon.colcon_core.environment:checking '/home/stephenq0503/Desktop/robot_arm_sim/install/gazebo_ros2_control_demos/lib/pkgconfig/gazebo_ros2_control_demos.pc'
[2.961s] Level 1:colcon.colcon_core.environment:checking '/home/stephenq0503/Desktop/robot_arm_sim/install/gazebo_ros2_control_demos/lib/python3.10/site-packages'
[2.961s] Level 1:colcon.colcon_core.environment:checking '/home/stephenq0503/Desktop/robot_arm_sim/install/gazebo_ros2_control_demos/bin'
[2.978s] INFO:colcon.colcon_core.shell:Creating package script '/home/stephenq0503/Desktop/robot_arm_sim/install/gazebo_ros2_control_demos/share/gazebo_ros2_control_demos/package.ps1'
[2.979s] INFO:colcon.colcon_core.shell:Creating package descriptor '/home/stephenq0503/Desktop/robot_arm_sim/install/gazebo_ros2_control_demos/share/gazebo_ros2_control_demos/package.dsv'
[2.980s] INFO:colcon.colcon_core.shell:Creating package script '/home/stephenq0503/Desktop/robot_arm_sim/install/gazebo_ros2_control_demos/share/gazebo_ros2_control_demos/package.sh'
[2.981s] INFO:colcon.colcon_core.shell:Creating package script '/home/stephenq0503/Desktop/robot_arm_sim/install/gazebo_ros2_control_demos/share/gazebo_ros2_control_demos/package.bash'
[2.981s] INFO:colcon.colcon_core.shell:Creating package script '/home/stephenq0503/Desktop/robot_arm_sim/install/gazebo_ros2_control_demos/share/gazebo_ros2_control_demos/package.zsh'
[2.982s] Level 1:colcon.colcon_core.environment:create_file_with_runtime_dependencies(/home/stephenq0503/Desktop/robot_arm_sim/install/gazebo_ros2_control_demos/share/colcon-core/packages/gazebo_ros2_control_demos)
[3.040s] DEBUG:colcon.colcon_core.event_handler.log_command:Invoked command in '/home/stephenq0503/Desktop/robot_arm_sim/src/my_robot_pkg' returned '0': PYTHONPATH=/home/stephenq0503/Desktop/robot_arm_sim/build/my_robot_pkg/prefix_override:/home/stephenq0503/Desktop/robot_arm_sim/install/my_robot_pkg/lib/python3.10/site-packages:${PYTHONPATH} /usr/bin/python3 setup.py egg_info --egg-base ../../build/my_robot_pkg build --build-base /home/stephenq0503/Desktop/robot_arm_sim/build/my_robot_pkg/build install --record /home/stephenq0503/Desktop/robot_arm_sim/build/my_robot_pkg/install.log --single-version-externally-managed
[3.060s] Level 1:colcon.colcon_core.environment:checking '/home/stephenq0503/Desktop/robot_arm_sim/install/my_robot_pkg' for CMake module files
[3.061s] Level 1:colcon.colcon_core.environment:checking '/home/stephenq0503/Desktop/robot_arm_sim/install/my_robot_pkg' for CMake config files
[3.062s] Level 1:colcon.colcon_core.environment:checking '/home/stephenq0503/Desktop/robot_arm_sim/install/my_robot_pkg/lib'
[3.062s] Level 1:colcon.colcon_core.environment:checking '/home/stephenq0503/Desktop/robot_arm_sim/install/my_robot_pkg/bin'
[3.062s] Level 1:colcon.colcon_core.environment:checking '/home/stephenq0503/Desktop/robot_arm_sim/install/my_robot_pkg/lib/pkgconfig/my_robot_pkg.pc'
[3.062s] Level 1:colcon.colcon_core.environment:checking '/home/stephenq0503/Desktop/robot_arm_sim/install/my_robot_pkg/lib/python3.10/site-packages'
[3.062s] Level 1:colcon.colcon_core.shell:create_environment_hook('my_robot_pkg', 'pythonpath')
[3.079s] INFO:colcon.colcon_core.shell:Creating environment hook '/home/stephenq0503/Desktop/robot_arm_sim/install/my_robot_pkg/share/my_robot_pkg/hook/pythonpath.ps1'
[3.080s] INFO:colcon.colcon_core.shell:Creating environment descriptor '/home/stephenq0503/Desktop/robot_arm_sim/install/my_robot_pkg/share/my_robot_pkg/hook/pythonpath.dsv'
[3.080s] INFO:colcon.colcon_core.shell:Creating environment hook '/home/stephenq0503/Desktop/robot_arm_sim/install/my_robot_pkg/share/my_robot_pkg/hook/pythonpath.sh'
[3.081s] Level 1:colcon.colcon_core.environment:checking '/home/stephenq0503/Desktop/robot_arm_sim/install/my_robot_pkg/bin'
[3.081s] Level 1:colcon.colcon_core.environment:create_environment_scripts_only(my_robot_pkg)
[3.097s] INFO:colcon.colcon_core.shell:Creating package script '/home/stephenq0503/Desktop/robot_arm_sim/install/my_robot_pkg/share/my_robot_pkg/package.ps1'
[3.098s] INFO:colcon.colcon_core.shell:Creating package descriptor '/home/stephenq0503/Desktop/robot_arm_sim/install/my_robot_pkg/share/my_robot_pkg/package.dsv'
[3.098s] INFO:colcon.colcon_core.shell:Creating package script '/home/stephenq0503/Desktop/robot_arm_sim/install/my_robot_pkg/share/my_robot_pkg/package.sh'
[3.099s] INFO:colcon.colcon_core.shell:Creating package script '/home/stephenq0503/Desktop/robot_arm_sim/install/my_robot_pkg/share/my_robot_pkg/package.bash'
[3.099s] INFO:colcon.colcon_core.shell:Creating package script '/home/stephenq0503/Desktop/robot_arm_sim/install/my_robot_pkg/share/my_robot_pkg/package.zsh'
[3.099s] Level 1:colcon.colcon_core.environment:create_file_with_runtime_dependencies(/home/stephenq0503/Desktop/robot_arm_sim/install/my_robot_pkg/share/colcon-core/packages/my_robot_pkg)
[3.117s] Level 1:colcon.colcon_core.environment:create_environment_scripts_only(gazebo_ros2_control_demos)
[3.133s] Level 1:colcon.colcon_core.environment:checking '/home/stephenq0503/Desktop/robot_arm_sim/install/gazebo_ros2_control_demos' for CMake module files
[3.134s] Level 1:colcon.colcon_core.environment:checking '/home/stephenq0503/Desktop/robot_arm_sim/install/gazebo_ros2_control_demos' for CMake config files
[3.134s] Level 1:colcon.colcon_core.shell:create_environment_hook('gazebo_ros2_control_demos', 'cmake_prefix_path')
[3.150s] INFO:colcon.colcon_core.shell:Creating environment hook '/home/stephenq0503/Desktop/robot_arm_sim/install/gazebo_ros2_control_demos/share/gazebo_ros2_control_demos/hook/cmake_prefix_path.ps1'
[3.150s] INFO:colcon.colcon_core.shell:Creating environment descriptor '/home/stephenq0503/Desktop/robot_arm_sim/install/gazebo_ros2_control_demos/share/gazebo_ros2_control_demos/hook/cmake_prefix_path.dsv'
[3.151s] INFO:colcon.colcon_core.shell:Creating environment hook '/home/stephenq0503/Desktop/robot_arm_sim/install/gazebo_ros2_control_demos/share/gazebo_ros2_control_demos/hook/cmake_prefix_path.sh'
[3.151s] Level 1:colcon.colcon_core.environment:checking '/home/stephenq0503/Desktop/robot_arm_sim/install/gazebo_ros2_control_demos/lib'
[3.151s] Level 1:colcon.colcon_core.environment:checking '/home/stephenq0503/Desktop/robot_arm_sim/install/gazebo_ros2_control_demos/bin'
[3.151s] Level 1:colcon.colcon_core.environment:checking '/home/stephenq0503/Desktop/robot_arm_sim/install/gazebo_ros2_control_demos/lib/pkgconfig/gazebo_ros2_control_demos.pc'
[3.152s] Level 1:colcon.colcon_core.environment:checking '/home/stephenq0503/Desktop/robot_arm_sim/install/gazebo_ros2_control_demos/lib/python3.10/site-packages'
[3.152s] Level 1:colcon.colcon_core.environment:checking '/home/stephenq0503/Desktop/robot_arm_sim/install/gazebo_ros2_control_demos/bin'
[3.168s] INFO:colcon.colcon_core.shell:Creating package script '/home/stephenq0503/Desktop/robot_arm_sim/install/gazebo_ros2_control_demos/share/gazebo_ros2_control_demos/package.ps1'
[3.168s] INFO:colcon.colcon_core.shell:Creating package descriptor '/home/stephenq0503/Desktop/robot_arm_sim/install/gazebo_ros2_control_demos/share/gazebo_ros2_control_demos/package.dsv'
[3.169s] INFO:colcon.colcon_core.shell:Creating package script '/home/stephenq0503/Desktop/robot_arm_sim/install/gazebo_ros2_control_demos/share/gazebo_ros2_control_demos/package.sh'
[3.169s] INFO:colcon.colcon_core.shell:Creating package script '/home/stephenq0503/Desktop/robot_arm_sim/install/gazebo_ros2_control_demos/share/gazebo_ros2_control_demos/package.bash'
[3.169s] INFO:colcon.colcon_core.shell:Creating package script '/home/stephenq0503/Desktop/robot_arm_sim/install/gazebo_ros2_control_demos/share/gazebo_ros2_control_demos/package.zsh'
[3.170s] Level 1:colcon.colcon_core.environment:create_file_with_runtime_dependencies(/home/stephenq0503/Desktop/robot_arm_sim/install/gazebo_ros2_control_demos/share/colcon-core/packages/gazebo_ros2_control_demos)
[3.170s] DEBUG:colcon.colcon_parallel_executor.executor.parallel:closing loop
[3.170s] DEBUG:colcon.colcon_parallel_executor.executor.parallel:loop closed
[3.170s] DEBUG:colcon.colcon_parallel_executor.executor.parallel:run_until_complete finished with '0'
[3.170s] DEBUG:colcon.colcon_core.event_reactor:joining thread
[3.191s] INFO:colcon.colcon_core.plugin_system:Skipping extension 'colcon_notification.desktop_notification.terminal_notifier': Not used on non-Darwin systems
[3.192s] INFO:colcon.colcon_core.plugin_system:Skipping extension 'colcon_notification.desktop_notification.win32': Not used on non-Windows systems
[3.192s] INFO:colcon.colcon_notification.desktop_notification:Sending desktop notification using 'notify2'
[3.205s] DEBUG:colcon.colcon_core.event_reactor:joined thread
[3.223s] INFO:colcon.colcon_core.shell:Creating prefix script '/home/stephenq0503/Desktop/robot_arm_sim/install/local_setup.ps1'
[3.225s] INFO:colcon.colcon_core.shell:Creating prefix util module '/home/stephenq0503/Desktop/robot_arm_sim/install/_local_setup_util_ps1.py'
[3.226s] INFO:colcon.colcon_core.shell:Creating prefix chain script '/home/stephenq0503/Desktop/robot_arm_sim/install/setup.ps1'
[3.244s] INFO:colcon.colcon_core.shell:Creating prefix script '/home/stephenq0503/Desktop/robot_arm_sim/install/local_setup.sh'
[3.244s] INFO:colcon.colcon_core.shell:Creating prefix util module '/home/stephenq0503/Desktop/robot_arm_sim/install/_local_setup_util_sh.py'
[3.245s] INFO:colcon.colcon_core.shell:Creating prefix chain script '/home/stephenq0503/Desktop/robot_arm_sim/install/setup.sh'
[3.263s] INFO:colcon.colcon_core.shell:Creating prefix script '/home/stephenq0503/Desktop/robot_arm_sim/install/local_setup.bash'
[3.263s] INFO:colcon.colcon_core.shell:Creating prefix chain script '/home/stephenq0503/Desktop/robot_arm_sim/install/setup.bash'
[3.281s] INFO:colcon.colcon_core.shell:Creating prefix script '/home/stephenq0503/Desktop/robot_arm_sim/install/local_setup.zsh'
[3.281s] INFO:colcon.colcon_core.shell:Creating prefix chain script '/home/stephenq0503/Desktop/robot_arm_sim/install/setup.zsh'
