[0.161s] Invoking command in '/home/stephenq0503/Desktop/robot_arm_sim/build/gazebo_ros2_control': CMAKE_PREFIX_PATH=${CMAKE_PREFIX_PATH}:/home/stephenq0503/Desktop/robot_arm_sim/install/my_robot_pkg:/home/stephenq0503/Desktop/robot_arm_sim/install/moveit_configs_utils:/home/stephenq0503/Desktop/robot_arm_sim/install/launch_param_builder:/opt/ros/humble /usr/bin/cmake /home/stephenq0503/Desktop/robot_arm_sim/src/gazebo_ros2_control/gazebo_ros2_control -DCMAKE_INSTALL_PREFIX=/home/stephenq0503/Desktop/robot_arm_sim/install/gazebo_ros2_control
[0.235s] -- The C compiler identification is GNU 11.4.0
[0.298s] -- The CXX compiler identification is GNU 11.4.0
[0.307s] -- Detecting C compiler ABI info
[0.396s] -- Detecting C compiler ABI info - done
[0.403s] -- Check for working C compiler: /usr/bin/cc - skipped
[0.404s] -- Detecting C compile features
[0.404s] -- Detecting C compile features - done
[0.407s] -- Detecting CXX compiler ABI info
[0.510s] -- Detecting CXX compiler ABI info - done
[0.518s] -- Check for working CXX compiler: /usr/bin/c++ - skipped
[0.518s] -- Detecting CXX compile features
[0.519s] -- Detecting CXX compile features - done
[0.522s] -- Found ament_cmake: 1.3.7 (/opt/ros/humble/share/ament_cmake/cmake)
[0.717s] -- Found Python3: /usr/bin/python3.10 (found version "3.10.12") found components: Interpreter 
[0.818s] -- Found angles: 1.15.0 (/opt/ros/humble/share/angles/cmake)
[0.821s] -- Found controller_manager: 2.37.0 (/opt/ros/humble/share/controller_manager/cmake)
[0.881s] -- Found rosidl_generator_c: 3.1.5 (/opt/ros/humble/share/rosidl_generator_c/cmake)
[0.888s] -- Found rosidl_adapter: 3.1.5 (/opt/ros/humble/share/rosidl_adapter/cmake)
[0.898s] -- Found rosidl_generator_cpp: 3.1.5 (/opt/ros/humble/share/rosidl_generator_cpp/cmake)
[0.917s] -- Using all available rosidl_typesupport_c: rosidl_typesupport_fastrtps_c;rosidl_typesupport_introspection_c
[0.942s] -- Using all available rosidl_typesupport_cpp: rosidl_typesupport_fastrtps_cpp;rosidl_typesupport_introspection_cpp
[1.703s] -- Found rmw_implementation_cmake: 6.1.1 (/opt/ros/humble/share/rmw_implementation_cmake/cmake)
[1.709s] -- Found rmw_fastrtps_cpp: 6.2.6 (/opt/ros/humble/share/rmw_fastrtps_cpp/cmake)
[1.750s] -- Found TinyXML2 via Config file: TinyXML2_DIR-NOTFOUND
[1.833s] -- Found OpenSSL: /usr/lib/x86_64-linux-gnu/libcrypto.so (found version "3.0.2")  
[1.836s] -- Found TinyXML2 via Config file: TinyXML2_DIR-NOTFOUND
[1.855s] -- Found FastRTPS: /opt/ros/humble/include  
[1.865s] -- Found TinyXML2 via Config file: TinyXML2_DIR-NOTFOUND
[1.875s] -- Found TinyXML2 via Config file: TinyXML2_DIR-NOTFOUND
[1.890s] -- Using RMW implementation 'rmw_fastrtps_cpp' as default
[1.901s] -- Looking for pthread.h
[2.045s] -- Looking for pthread.h - found
[2.045s] -- Performing Test CMAKE_HAVE_LIBC_PTHREAD
[2.146s] -- Performing Test CMAKE_HAVE_LIBC_PTHREAD - Success
[2.147s] -- Found Threads: TRUE  
[2.912s] -- Found gazebo_dev: 3.7.0 (/opt/ros/humble/share/gazebo_dev/cmake)
[2.931s] -- Found PkgConfig: /usr/bin/pkg-config (found version "0.29.2") 
[2.933s] -- Checking for module 'bullet>=2.82'
[2.959s] --   Found bullet, version 3.05
[3.130s] -- Found fcl: /usr/include (found suitable version "0.7.0", minimum required is "0.5.0") 
[3.216s] -- Found assimp: /usr/include (found version "5.2.0") 
[3.237s] -- Found DART: /usr/include (Required is at least version "6.6") found components: dart 
[3.270s] -- Found Boost: /usr/lib/x86_64-linux-gnu/cmake/Boost-1.74.0/BoostConfig.cmake (found suitable version "1.74.0", minimum required is "1.40.0") found components: thread system filesystem program_options regex iostreams date_time 
[3.307s] -- Found Protobuf: /usr/lib/x86_64-linux-gnu/libprotobuf.so (found version "3.12.4") 
[3.321s] -- Looking for ignition-math6 -- found version 6.15.1
[3.333s] -- Searching for dependencies of ignition-math6
[3.335s] -- Looking for OGRE...
[3.336s] -- OGRE_PREFIX_WATCH changed.
[3.343s] -- Checking for module 'OGRE'
[3.366s] --   Found OGRE, version 1.9.0
[3.422s] -- Found Ogre Ghadamon (1.9.0)
[3.436s] -- Found OGRE: optimized;/usr/lib/x86_64-linux-gnu/libOgreMain.so;debug;/usr/lib/x86_64-linux-gnu/libOgreMain.so
[3.446s] -- Looking for OGRE_Paging...
[3.459s] -- Found OGRE_Paging: optimized;/usr/lib/x86_64-linux-gnu/libOgrePaging.so;debug;/usr/lib/x86_64-linux-gnu/libOgrePaging.so
[3.459s] -- Looking for OGRE_Terrain...
[3.470s] -- Found OGRE_Terrain: optimized;/usr/lib/x86_64-linux-gnu/libOgreTerrain.so;debug;/usr/lib/x86_64-linux-gnu/libOgreTerrain.so
[3.470s] -- Looking for OGRE_Property...
[3.481s] -- Found OGRE_Property: optimized;/usr/lib/x86_64-linux-gnu/libOgreProperty.so;debug;/usr/lib/x86_64-linux-gnu/libOgreProperty.so
[3.481s] -- Looking for OGRE_RTShaderSystem...
[3.492s] -- Found OGRE_RTShaderSystem: optimized;/usr/lib/x86_64-linux-gnu/libOgreRTShaderSystem.so;debug;/usr/lib/x86_64-linux-gnu/libOgreRTShaderSystem.so
[3.492s] -- Looking for OGRE_Volume...
[3.502s] -- Found OGRE_Volume: optimized;/usr/lib/x86_64-linux-gnu/libOgreVolume.so;debug;/usr/lib/x86_64-linux-gnu/libOgreVolume.so
[3.502s] -- Looking for OGRE_Overlay...
[3.513s] -- Found OGRE_Overlay: optimized;/usr/lib/x86_64-linux-gnu/libOgreOverlay.so;debug;/usr/lib/x86_64-linux-gnu/libOgreOverlay.so
[3.798s] -- Looking for ignition-math6 -- found version 6.15.1
[3.801s] -- Looking for ignition-transport8 -- found version 8.2.1
[3.801s] -- Searching for dependencies of ignition-transport8
[3.822s] -- Found Protobuf: /usr/lib/x86_64-linux-gnu/libprotobuf.so (found suitable version "3.12.4", minimum required is "3") 
[3.834s] -- Config-file not installed for ZeroMQ -- checking for pkg-config
[3.841s] -- Checking for module 'libzmq >= 4'
[3.866s] --   Found libzmq , version 4.3.4
[3.920s] -- Found ZeroMQ: TRUE (Required is at least version "4") 
[3.928s] -- Checking for module 'uuid'
[3.952s] --   Found uuid, version 2.37.2
[4.006s] -- Found UUID: TRUE  
[4.009s] -- Looking for ignition-msgs5 -- found version 5.8.1
[4.010s] -- Searching for dependencies of ignition-msgs5
[4.033s] -- Looking for ignition-math6 -- found version 6.15.1
[4.041s] -- Checking for module 'tinyxml2'
[4.065s] --   Found tinyxml2, version 9.0.0
[4.120s] -- Looking for ignition-msgs5 -- found version 5.8.1
[4.123s] -- Looking for ignition-common3 -- found version 3.14.0
[4.123s] -- Searching for dependencies of ignition-common3
[4.124s] -- Looking for dlfcn.h - found
[4.126s] -- Looking for libdl - found
[4.127s] -- Found DL: TRUE  
[4.143s] -- Found tinyobjloader: /usr/lib/x86_64-linux-gnu/cmake/tinyobjloader/tinyobjloader-config.cmake (found version "2.0.0") 
[4.144s] -- Searching for <ignition-common3> component [graphics]
[4.147s] -- Looking for ignition-common3-graphics -- found version 3.14.0
[4.147s] -- Searching for dependencies of ignition-common3-graphics
[4.148s] -- Looking for ignition-math6 -- found version 6.15.1
[4.152s] -- Looking for ignition-fuel_tools4 -- found version 4.4.0
[4.152s] -- Searching for dependencies of ignition-fuel_tools4
[4.269s] -- Found CURL: /usr/lib/x86_64-linux-gnu/libcurl.so (found version "7.81.0")  
[4.282s] -- Checking for module 'jsoncpp'
[4.306s] --   Found jsoncpp, version 1.9.5
[4.363s] -- Found JSONCPP: TRUE  
[4.373s] -- Checking for module 'libzip'
[4.400s] --   Found libzip, version 1.7.3
[4.465s] -- Found ZIP: TRUE  
[4.466s] -- Looking for ignition-common3 -- found version 3.14.0
[4.466s] -- Looking for ignition-math6 -- found version 6.15.1
[4.467s] -- Looking for ignition-msgs5 -- found version 5.8.1
[4.473s] -- Gazebo version: 11.10
[4.474s] -- Checking for module 'tbb'
[4.503s] --   Found tbb, version 2021.5.0
[4.571s] -- Found gazebo_ros: 3.7.0 (/opt/ros/humble/share/gazebo_ros/cmake)
[4.586s] -- Found yaml_cpp_vendor: 8.0.2 (/opt/ros/humble/share/yaml_cpp_vendor/cmake)
[5.447s] -- Found ament_cmake_gtest: 1.3.7 (/opt/ros/humble/share/ament_cmake_gtest/cmake)
[5.450s] -- Found ament_lint_auto: 0.12.10 (/opt/ros/humble/share/ament_lint_auto/cmake)
[5.536s] -- Added test 'copyright' to check source files copyright and LICENSE
[5.539s] -- Added test 'cppcheck' to perform static code analysis on C / C++ code
[5.539s] -- Configured cppcheck include dirs: /home/stephenq0503/Desktop/robot_arm_sim/src/gazebo_ros2_control/gazebo_ros2_control/include
[5.539s] -- Configured cppcheck exclude dirs and/or files: 
[5.541s] -- Added test 'cpplint' to check C / C++ code against the Google style
[5.542s] -- Configured cpplint exclude dirs and/or files: 
[5.543s] -- Added test 'lint_cmake' to check CMake code style
[5.546s] -- Added test 'uncrustify' to check C / C++ code style
[5.546s] -- Configured uncrustify additional arguments: 
[5.547s] -- Added test 'xmllint' to check XML markup files
[5.551s] -- Configuring done
[5.738s] -- Generating done
[5.741s] -- Build files have been written to: /home/stephenq0503/Desktop/robot_arm_sim/build/gazebo_ros2_control
[5.762s] Invoked command in '/home/stephenq0503/Desktop/robot_arm_sim/build/gazebo_ros2_control' returned '0': CMAKE_PREFIX_PATH=${CMAKE_PREFIX_PATH}:/home/stephenq0503/Desktop/robot_arm_sim/install/my_robot_pkg:/home/stephenq0503/Desktop/robot_arm_sim/install/moveit_configs_utils:/home/stephenq0503/Desktop/robot_arm_sim/install/launch_param_builder:/opt/ros/humble /usr/bin/cmake /home/stephenq0503/Desktop/robot_arm_sim/src/gazebo_ros2_control/gazebo_ros2_control -DCMAKE_INSTALL_PREFIX=/home/stephenq0503/Desktop/robot_arm_sim/install/gazebo_ros2_control
[5.766s] Invoking command in '/home/stephenq0503/Desktop/robot_arm_sim/build/gazebo_ros2_control': CMAKE_PREFIX_PATH=${CMAKE_PREFIX_PATH}:/home/stephenq0503/Desktop/robot_arm_sim/install/my_robot_pkg:/home/stephenq0503/Desktop/robot_arm_sim/install/moveit_configs_utils:/home/stephenq0503/Desktop/robot_arm_sim/install/launch_param_builder:/opt/ros/humble /usr/bin/cmake --build /home/stephenq0503/Desktop/robot_arm_sim/build/gazebo_ros2_control -- -j8 -l8
[5.841s] [ 50%] [32mBuilding CXX object CMakeFiles/gazebo_ros2_control.dir/src/gazebo_ros2_control_plugin.cpp.o[0m
[5.841s] [ 50%] [32mBuilding CXX object CMakeFiles/gazebo_hardware_plugins.dir/src/gazebo_system.cpp.o[0m
[21.090s] [ 75%] [32m[1mLinking CXX shared library libgazebo_hardware_plugins.so[0m
[21.839s] [ 75%] Built target gazebo_hardware_plugins
[23.070s] [100%] [32m[1mLinking CXX shared library libgazebo_ros2_control.so[0m
[24.020s] [100%] Built target gazebo_ros2_control
[24.091s] Invoked command in '/home/stephenq0503/Desktop/robot_arm_sim/build/gazebo_ros2_control' returned '0': CMAKE_PREFIX_PATH=${CMAKE_PREFIX_PATH}:/home/stephenq0503/Desktop/robot_arm_sim/install/my_robot_pkg:/home/stephenq0503/Desktop/robot_arm_sim/install/moveit_configs_utils:/home/stephenq0503/Desktop/robot_arm_sim/install/launch_param_builder:/opt/ros/humble /usr/bin/cmake --build /home/stephenq0503/Desktop/robot_arm_sim/build/gazebo_ros2_control -- -j8 -l8
[24.263s] Invoking command in '/home/stephenq0503/Desktop/robot_arm_sim/build/gazebo_ros2_control': CMAKE_PREFIX_PATH=${CMAKE_PREFIX_PATH}:/home/stephenq0503/Desktop/robot_arm_sim/install/my_robot_pkg:/home/stephenq0503/Desktop/robot_arm_sim/install/moveit_configs_utils:/home/stephenq0503/Desktop/robot_arm_sim/install/launch_param_builder:/opt/ros/humble /usr/bin/cmake --install /home/stephenq0503/Desktop/robot_arm_sim/build/gazebo_ros2_control
[24.271s] -- Install configuration: ""
[24.271s] -- Installing: /home/stephenq0503/Desktop/robot_arm_sim/install/gazebo_ros2_control/lib/libgazebo_ros2_control.so
[24.275s] -- Set runtime path of "/home/stephenq0503/Desktop/robot_arm_sim/install/gazebo_ros2_control/lib/libgazebo_ros2_control.so" to ""
[24.275s] -- Installing: /home/stephenq0503/Desktop/robot_arm_sim/install/gazebo_ros2_control/lib/libgazebo_hardware_plugins.so
[24.278s] -- Set runtime path of "/home/stephenq0503/Desktop/robot_arm_sim/install/gazebo_ros2_control/lib/libgazebo_hardware_plugins.so" to ""
[24.278s] -- Installing: /home/stephenq0503/Desktop/robot_arm_sim/install/gazebo_ros2_control/share/gazebo_ros2_control/environment/library_path.sh
[24.278s] -- Installing: /home/stephenq0503/Desktop/robot_arm_sim/install/gazebo_ros2_control/share/gazebo_ros2_control/environment/library_path.dsv
[24.278s] -- Installing: /home/stephenq0503/Desktop/robot_arm_sim/install/gazebo_ros2_control/include/gazebo_ros2_control
[24.278s] -- Installing: /home/stephenq0503/Desktop/robot_arm_sim/install/gazebo_ros2_control/include/gazebo_ros2_control/gazebo_ros2_control_plugin.hpp
[24.278s] -- Installing: /home/stephenq0503/Desktop/robot_arm_sim/install/gazebo_ros2_control/include/gazebo_ros2_control/gazebo_system_interface.hpp
[24.278s] -- Installing: /home/stephenq0503/Desktop/robot_arm_sim/install/gazebo_ros2_control/include/gazebo_ros2_control/gazebo_system.hpp
[24.278s] -- Installing: /home/stephenq0503/Desktop/robot_arm_sim/install/gazebo_ros2_control/share/gazebo_ros2_control/gazebo_hardware_plugins.xml
[24.279s] -- Installing: /home/stephenq0503/Desktop/robot_arm_sim/install/gazebo_ros2_control/share/ament_index/resource_index/package_run_dependencies/gazebo_ros2_control
[24.279s] -- Installing: /home/stephenq0503/Desktop/robot_arm_sim/install/gazebo_ros2_control/share/ament_index/resource_index/parent_prefix_path/gazebo_ros2_control
[24.279s] -- Installing: /home/stephenq0503/Desktop/robot_arm_sim/install/gazebo_ros2_control/share/gazebo_ros2_control/environment/ament_prefix_path.sh
[24.279s] -- Installing: /home/stephenq0503/Desktop/robot_arm_sim/install/gazebo_ros2_control/share/gazebo_ros2_control/environment/ament_prefix_path.dsv
[24.279s] -- Installing: /home/stephenq0503/Desktop/robot_arm_sim/install/gazebo_ros2_control/share/gazebo_ros2_control/environment/path.sh
[24.279s] -- Installing: /home/stephenq0503/Desktop/robot_arm_sim/install/gazebo_ros2_control/share/gazebo_ros2_control/environment/path.dsv
[24.279s] -- Installing: /home/stephenq0503/Desktop/robot_arm_sim/install/gazebo_ros2_control/share/gazebo_ros2_control/local_setup.bash
[24.280s] -- Installing: /home/stephenq0503/Desktop/robot_arm_sim/install/gazebo_ros2_control/share/gazebo_ros2_control/local_setup.sh
[24.280s] -- Installing: /home/stephenq0503/Desktop/robot_arm_sim/install/gazebo_ros2_control/share/gazebo_ros2_control/local_setup.zsh
[24.280s] -- Installing: /home/stephenq0503/Desktop/robot_arm_sim/install/gazebo_ros2_control/share/gazebo_ros2_control/local_setup.dsv
[24.280s] -- Installing: /home/stephenq0503/Desktop/robot_arm_sim/install/gazebo_ros2_control/share/gazebo_ros2_control/package.dsv
[24.280s] -- Installing: /home/stephenq0503/Desktop/robot_arm_sim/install/gazebo_ros2_control/share/ament_index/resource_index/packages/gazebo_ros2_control
[24.280s] -- Installing: /home/stephenq0503/Desktop/robot_arm_sim/install/gazebo_ros2_control/share/ament_index/resource_index/gazebo_ros2_control__pluginlib__plugin/gazebo_ros2_control
[24.280s] -- Installing: /home/stephenq0503/Desktop/robot_arm_sim/install/gazebo_ros2_control/share/gazebo_ros2_control/cmake/ament_cmake_export_include_directories-extras.cmake
[24.281s] -- Installing: /home/stephenq0503/Desktop/robot_arm_sim/install/gazebo_ros2_control/share/gazebo_ros2_control/cmake/ament_cmake_export_dependencies-extras.cmake
[24.281s] -- Installing: /home/stephenq0503/Desktop/robot_arm_sim/install/gazebo_ros2_control/share/gazebo_ros2_control/cmake/ament_cmake_export_libraries-extras.cmake
[24.281s] -- Installing: /home/stephenq0503/Desktop/robot_arm_sim/install/gazebo_ros2_control/share/gazebo_ros2_control/cmake/gazebo_ros2_controlConfig.cmake
[24.281s] -- Installing: /home/stephenq0503/Desktop/robot_arm_sim/install/gazebo_ros2_control/share/gazebo_ros2_control/cmake/gazebo_ros2_controlConfig-version.cmake
[24.281s] -- Installing: /home/stephenq0503/Desktop/robot_arm_sim/install/gazebo_ros2_control/share/gazebo_ros2_control/package.xml
[24.283s] Invoked command in '/home/stephenq0503/Desktop/robot_arm_sim/build/gazebo_ros2_control' returned '0': CMAKE_PREFIX_PATH=${CMAKE_PREFIX_PATH}:/home/stephenq0503/Desktop/robot_arm_sim/install/my_robot_pkg:/home/stephenq0503/Desktop/robot_arm_sim/install/moveit_configs_utils:/home/stephenq0503/Desktop/robot_arm_sim/install/launch_param_builder:/opt/ros/humble /usr/bin/cmake --install /home/stephenq0503/Desktop/robot_arm_sim/build/gazebo_ros2_control
