[1.366s] DEBUG:colcon:Command line arguments: ['/usr/bin/colcon', 'build']
[1.366s] DEBUG:colcon:Parsed command line arguments: Namespace(log_base=None, log_level=None, verb_name='build', build_base='build', install_base='install', merge_install=False, symlink_install=False, test_result_base=None, continue_on_error=False, executor='parallel', parallel_workers=8, event_handlers=None, ignore_user_meta=False, metas=['./colcon.meta'], base_paths=['.'], packages_ignore=None, packages_ignore_regex=None, paths=None, packages_up_to=None, packages_up_to_regex=None, packages_above=None, packages_above_and_dependencies=None, packages_above_depth=None, packages_select_by_dep=None, packages_skip_by_dep=None, packages_skip_up_to=None, packages_select_build_failed=False, packages_skip_build_finished=False, packages_select_test_failures=False, packages_skip_test_passed=False, packages_select=None, packages_skip=None, packages_select_regex=None, packages_skip_regex=None, packages_start=None, packages_end=None, allow_overriding=[], cmake_args=None, cmake_target=None, cmake_target_skip_unavailable=False, cmake_clean_cache=False, cmake_clean_first=False, cmake_force_configure=False, ament_cmake_args=None, catkin_cmake_args=None, catkin_skip_building_tests=False, mixin_files=None, mixin=None, verb_parser=<colcon_mixin.mixin.mixin_argument.MixinArgumentDecorator object at 0x7f706007c100>, verb_extension=<colcon_core.verb.build.BuildVerb object at 0x7f706007c8e0>, main=<bound method BuildVerb.main of <colcon_core.verb.build.BuildVerb object at 0x7f706007c8e0>>, mixin_verb=('build',))
[1.424s] Level 1:colcon.colcon_core.package_discovery:discover_packages(colcon_meta) check parameters
[1.424s] Level 1:colcon.colcon_core.package_discovery:discover_packages(recursive) check parameters
[1.424s] Level 1:colcon.colcon_core.package_discovery:discover_packages(ignore) check parameters
[1.424s] Level 1:colcon.colcon_core.package_discovery:discover_packages(path) check parameters
[1.424s] Level 1:colcon.colcon_core.package_discovery:discover_packages(colcon_meta) discover
[1.424s] Level 1:colcon.colcon_core.package_discovery:discover_packages(recursive) discover
[1.424s] INFO:colcon.colcon_core.package_discovery:Crawling recursively for packages in '/home/stephenq0503/Desktop/robot_arm_sim'
[1.424s] Level 1:colcon.colcon_core.package_identification:_identify(.) by extensions ['ignore', 'ignore_ament_install']
[1.424s] Level 1:colcon.colcon_core.package_identification:_identify(.) by extension 'ignore'
[1.424s] Level 1:colcon.colcon_core.package_identification:_identify(.) by extension 'ignore_ament_install'
[1.424s] Level 1:colcon.colcon_core.package_identification:_identify(.) by extensions ['colcon_pkg']
[1.424s] Level 1:colcon.colcon_core.package_identification:_identify(.) by extension 'colcon_pkg'
[1.424s] Level 1:colcon.colcon_core.package_identification:_identify(.) by extensions ['colcon_meta']
[1.424s] Level 1:colcon.colcon_core.package_identification:_identify(.) by extension 'colcon_meta'
[1.424s] Level 1:colcon.colcon_core.package_identification:_identify(.) by extensions ['ros']
[1.425s] Level 1:colcon.colcon_core.package_identification:_identify(.) by extension 'ros'
[1.436s] Level 1:colcon.colcon_core.package_identification:_identify(.) by extensions ['cmake', 'python']
[1.436s] Level 1:colcon.colcon_core.package_identification:_identify(.) by extension 'cmake'
[1.436s] Level 1:colcon.colcon_core.package_identification:_identify(.) by extension 'python'
[1.436s] Level 1:colcon.colcon_core.package_identification:_identify(.) by extensions ['python_setup_py']
[1.436s] Level 1:colcon.colcon_core.package_identification:_identify(.) by extension 'python_setup_py'
[1.437s] Level 1:colcon.colcon_core.package_identification:_identify(build) by extensions ['ignore', 'ignore_ament_install']
[1.437s] Level 1:colcon.colcon_core.package_identification:_identify(build) by extension 'ignore'
[1.437s] Level 1:colcon.colcon_core.package_identification:_identify(build) ignored
[1.437s] Level 1:colcon.colcon_core.package_identification:_identify(install) by extensions ['ignore', 'ignore_ament_install']
[1.437s] Level 1:colcon.colcon_core.package_identification:_identify(install) by extension 'ignore'
[1.437s] Level 1:colcon.colcon_core.package_identification:_identify(install) ignored
[1.437s] Level 1:colcon.colcon_core.package_identification:_identify(log) by extensions ['ignore', 'ignore_ament_install']
[1.437s] Level 1:colcon.colcon_core.package_identification:_identify(log) by extension 'ignore'
[1.437s] Level 1:colcon.colcon_core.package_identification:_identify(log) ignored
[1.437s] Level 1:colcon.colcon_core.package_identification:_identify(models) by extensions ['ignore', 'ignore_ament_install']
[1.437s] Level 1:colcon.colcon_core.package_identification:_identify(models) by extension 'ignore'
[1.438s] Level 1:colcon.colcon_core.package_identification:_identify(models) by extension 'ignore_ament_install'
[1.438s] Level 1:colcon.colcon_core.package_identification:_identify(models) by extensions ['colcon_pkg']
[1.438s] Level 1:colcon.colcon_core.package_identification:_identify(models) by extension 'colcon_pkg'
[1.438s] Level 1:colcon.colcon_core.package_identification:_identify(models) by extensions ['colcon_meta']
[1.438s] Level 1:colcon.colcon_core.package_identification:_identify(models) by extension 'colcon_meta'
[1.438s] Level 1:colcon.colcon_core.package_identification:_identify(models) by extensions ['ros']
[1.438s] Level 1:colcon.colcon_core.package_identification:_identify(models) by extension 'ros'
[1.438s] Level 1:colcon.colcon_core.package_identification:_identify(models) by extensions ['cmake', 'python']
[1.438s] Level 1:colcon.colcon_core.package_identification:_identify(models) by extension 'cmake'
[1.438s] Level 1:colcon.colcon_core.package_identification:_identify(models) by extension 'python'
[1.438s] Level 1:colcon.colcon_core.package_identification:_identify(models) by extensions ['python_setup_py']
[1.438s] Level 1:colcon.colcon_core.package_identification:_identify(models) by extension 'python_setup_py'
[1.438s] Level 1:colcon.colcon_core.package_identification:_identify(models/PetImages) by extensions ['ignore', 'ignore_ament_install']
[1.438s] Level 1:colcon.colcon_core.package_identification:_identify(models/PetImages) by extension 'ignore'
[1.438s] Level 1:colcon.colcon_core.package_identification:_identify(models/PetImages) by extension 'ignore_ament_install'
[1.438s] Level 1:colcon.colcon_core.package_identification:_identify(models/PetImages) by extensions ['colcon_pkg']
[1.438s] Level 1:colcon.colcon_core.package_identification:_identify(models/PetImages) by extension 'colcon_pkg'
[1.438s] Level 1:colcon.colcon_core.package_identification:_identify(models/PetImages) by extensions ['colcon_meta']
[1.438s] Level 1:colcon.colcon_core.package_identification:_identify(models/PetImages) by extension 'colcon_meta'
[1.439s] Level 1:colcon.colcon_core.package_identification:_identify(models/PetImages) by extensions ['ros']
[1.439s] Level 1:colcon.colcon_core.package_identification:_identify(models/PetImages) by extension 'ros'
[1.439s] Level 1:colcon.colcon_core.package_identification:_identify(models/PetImages) by extensions ['cmake', 'python']
[1.439s] Level 1:colcon.colcon_core.package_identification:_identify(models/PetImages) by extension 'cmake'
[1.439s] Level 1:colcon.colcon_core.package_identification:_identify(models/PetImages) by extension 'python'
[1.439s] Level 1:colcon.colcon_core.package_identification:_identify(models/PetImages) by extensions ['python_setup_py']
[1.439s] Level 1:colcon.colcon_core.package_identification:_identify(models/PetImages) by extension 'python_setup_py'
[1.448s] Level 1:colcon.colcon_core.package_identification:_identify(models/PetImages/Cat) by extensions ['ignore', 'ignore_ament_install']
[1.449s] Level 1:colcon.colcon_core.package_identification:_identify(models/PetImages/Cat) by extension 'ignore'
[1.449s] Level 1:colcon.colcon_core.package_identification:_identify(models/PetImages/Cat) by extension 'ignore_ament_install'
[1.449s] Level 1:colcon.colcon_core.package_identification:_identify(models/PetImages/Cat) by extensions ['colcon_pkg']
[1.449s] Level 1:colcon.colcon_core.package_identification:_identify(models/PetImages/Cat) by extension 'colcon_pkg'
[1.449s] Level 1:colcon.colcon_core.package_identification:_identify(models/PetImages/Cat) by extensions ['colcon_meta']
[1.449s] Level 1:colcon.colcon_core.package_identification:_identify(models/PetImages/Cat) by extension 'colcon_meta'
[1.449s] Level 1:colcon.colcon_core.package_identification:_identify(models/PetImages/Cat) by extensions ['ros']
[1.449s] Level 1:colcon.colcon_core.package_identification:_identify(models/PetImages/Cat) by extension 'ros'
[1.449s] Level 1:colcon.colcon_core.package_identification:_identify(models/PetImages/Cat) by extensions ['cmake', 'python']
[1.449s] Level 1:colcon.colcon_core.package_identification:_identify(models/PetImages/Cat) by extension 'cmake'
[1.449s] Level 1:colcon.colcon_core.package_identification:_identify(models/PetImages/Cat) by extension 'python'
[1.449s] Level 1:colcon.colcon_core.package_identification:_identify(models/PetImages/Cat) by extensions ['python_setup_py']
[1.449s] Level 1:colcon.colcon_core.package_identification:_identify(models/PetImages/Cat) by extension 'python_setup_py'
[1.458s] Level 1:colcon.colcon_core.package_identification:_identify(models/PetImages/Dog) by extensions ['ignore', 'ignore_ament_install']
[1.458s] Level 1:colcon.colcon_core.package_identification:_identify(models/PetImages/Dog) by extension 'ignore'
[1.458s] Level 1:colcon.colcon_core.package_identification:_identify(models/PetImages/Dog) by extension 'ignore_ament_install'
[1.458s] Level 1:colcon.colcon_core.package_identification:_identify(models/PetImages/Dog) by extensions ['colcon_pkg']
[1.458s] Level 1:colcon.colcon_core.package_identification:_identify(models/PetImages/Dog) by extension 'colcon_pkg'
[1.458s] Level 1:colcon.colcon_core.package_identification:_identify(models/PetImages/Dog) by extensions ['colcon_meta']
[1.458s] Level 1:colcon.colcon_core.package_identification:_identify(models/PetImages/Dog) by extension 'colcon_meta'
[1.458s] Level 1:colcon.colcon_core.package_identification:_identify(models/PetImages/Dog) by extensions ['ros']
[1.458s] Level 1:colcon.colcon_core.package_identification:_identify(models/PetImages/Dog) by extension 'ros'
[1.458s] Level 1:colcon.colcon_core.package_identification:_identify(models/PetImages/Dog) by extensions ['cmake', 'python']
[1.458s] Level 1:colcon.colcon_core.package_identification:_identify(models/PetImages/Dog) by extension 'cmake'
[1.458s] Level 1:colcon.colcon_core.package_identification:_identify(models/PetImages/Dog) by extension 'python'
[1.458s] Level 1:colcon.colcon_core.package_identification:_identify(models/PetImages/Dog) by extensions ['python_setup_py']
[1.458s] Level 1:colcon.colcon_core.package_identification:_identify(models/PetImages/Dog) by extension 'python_setup_py'
[1.459s] Level 1:colcon.colcon_core.package_identification:_identify(models/star-wars-images) by extensions ['ignore', 'ignore_ament_install']
[1.459s] Level 1:colcon.colcon_core.package_identification:_identify(models/star-wars-images) by extension 'ignore'
[1.459s] Level 1:colcon.colcon_core.package_identification:_identify(models/star-wars-images) by extension 'ignore_ament_install'
[1.459s] Level 1:colcon.colcon_core.package_identification:_identify(models/star-wars-images) by extensions ['colcon_pkg']
[1.459s] Level 1:colcon.colcon_core.package_identification:_identify(models/star-wars-images) by extension 'colcon_pkg'
[1.459s] Level 1:colcon.colcon_core.package_identification:_identify(models/star-wars-images) by extensions ['colcon_meta']
[1.459s] Level 1:colcon.colcon_core.package_identification:_identify(models/star-wars-images) by extension 'colcon_meta'
[1.459s] Level 1:colcon.colcon_core.package_identification:_identify(models/star-wars-images) by extensions ['ros']
[1.459s] Level 1:colcon.colcon_core.package_identification:_identify(models/star-wars-images) by extension 'ros'
[1.459s] Level 1:colcon.colcon_core.package_identification:_identify(models/star-wars-images) by extensions ['cmake', 'python']
[1.459s] Level 1:colcon.colcon_core.package_identification:_identify(models/star-wars-images) by extension 'cmake'
[1.459s] Level 1:colcon.colcon_core.package_identification:_identify(models/star-wars-images) by extension 'python'
[1.459s] Level 1:colcon.colcon_core.package_identification:_identify(models/star-wars-images) by extensions ['python_setup_py']
[1.459s] Level 1:colcon.colcon_core.package_identification:_identify(models/star-wars-images) by extension 'python_setup_py'
[1.459s] Level 1:colcon.colcon_core.package_identification:_identify(models/star-wars-images/test) by extensions ['ignore', 'ignore_ament_install']
[1.459s] Level 1:colcon.colcon_core.package_identification:_identify(models/star-wars-images/test) by extension 'ignore'
[1.460s] Level 1:colcon.colcon_core.package_identification:_identify(models/star-wars-images/test) by extension 'ignore_ament_install'
[1.460s] Level 1:colcon.colcon_core.package_identification:_identify(models/star-wars-images/test) by extensions ['colcon_pkg']
[1.460s] Level 1:colcon.colcon_core.package_identification:_identify(models/star-wars-images/test) by extension 'colcon_pkg'
[1.460s] Level 1:colcon.colcon_core.package_identification:_identify(models/star-wars-images/test) by extensions ['colcon_meta']
[1.460s] Level 1:colcon.colcon_core.package_identification:_identify(models/star-wars-images/test) by extension 'colcon_meta'
[1.460s] Level 1:colcon.colcon_core.package_identification:_identify(models/star-wars-images/test) by extensions ['ros']
[1.460s] Level 1:colcon.colcon_core.package_identification:_identify(models/star-wars-images/test) by extension 'ros'
[1.460s] Level 1:colcon.colcon_core.package_identification:_identify(models/star-wars-images/test) by extensions ['cmake', 'python']
[1.460s] Level 1:colcon.colcon_core.package_identification:_identify(models/star-wars-images/test) by extension 'cmake'
[1.460s] Level 1:colcon.colcon_core.package_identification:_identify(models/star-wars-images/test) by extension 'python'
[1.460s] Level 1:colcon.colcon_core.package_identification:_identify(models/star-wars-images/test) by extensions ['python_setup_py']
[1.460s] Level 1:colcon.colcon_core.package_identification:_identify(models/star-wars-images/test) by extension 'python_setup_py'
[1.460s] Level 1:colcon.colcon_core.package_identification:_identify(models/star-wars-images/test/GENERAL GRIEVOUS) by extensions ['ignore', 'ignore_ament_install']
[1.460s] Level 1:colcon.colcon_core.package_identification:_identify(models/star-wars-images/test/GENERAL GRIEVOUS) by extension 'ignore'
[1.460s] Level 1:colcon.colcon_core.package_identification:_identify(models/star-wars-images/test/GENERAL GRIEVOUS) by extension 'ignore_ament_install'
[1.460s] Level 1:colcon.colcon_core.package_identification:_identify(models/star-wars-images/test/GENERAL GRIEVOUS) by extensions ['colcon_pkg']
[1.460s] Level 1:colcon.colcon_core.package_identification:_identify(models/star-wars-images/test/GENERAL GRIEVOUS) by extension 'colcon_pkg'
[1.460s] Level 1:colcon.colcon_core.package_identification:_identify(models/star-wars-images/test/GENERAL GRIEVOUS) by extensions ['colcon_meta']
[1.460s] Level 1:colcon.colcon_core.package_identification:_identify(models/star-wars-images/test/GENERAL GRIEVOUS) by extension 'colcon_meta'
[1.460s] Level 1:colcon.colcon_core.package_identification:_identify(models/star-wars-images/test/GENERAL GRIEVOUS) by extensions ['ros']
[1.460s] Level 1:colcon.colcon_core.package_identification:_identify(models/star-wars-images/test/GENERAL GRIEVOUS) by extension 'ros'
[1.461s] Level 1:colcon.colcon_core.package_identification:_identify(models/star-wars-images/test/GENERAL GRIEVOUS) by extensions ['cmake', 'python']
[1.461s] Level 1:colcon.colcon_core.package_identification:_identify(models/star-wars-images/test/GENERAL GRIEVOUS) by extension 'cmake'
[1.461s] Level 1:colcon.colcon_core.package_identification:_identify(models/star-wars-images/test/GENERAL GRIEVOUS) by extension 'python'
[1.461s] Level 1:colcon.colcon_core.package_identification:_identify(models/star-wars-images/test/GENERAL GRIEVOUS) by extensions ['python_setup_py']
[1.461s] Level 1:colcon.colcon_core.package_identification:_identify(models/star-wars-images/test/GENERAL GRIEVOUS) by extension 'python_setup_py'
[1.461s] Level 1:colcon.colcon_core.package_identification:_identify(models/star-wars-images/test/LUKE SKYWALKER) by extensions ['ignore', 'ignore_ament_install']
[1.461s] Level 1:colcon.colcon_core.package_identification:_identify(models/star-wars-images/test/LUKE SKYWALKER) by extension 'ignore'
[1.461s] Level 1:colcon.colcon_core.package_identification:_identify(models/star-wars-images/test/LUKE SKYWALKER) by extension 'ignore_ament_install'
[1.461s] Level 1:colcon.colcon_core.package_identification:_identify(models/star-wars-images/test/LUKE SKYWALKER) by extensions ['colcon_pkg']
[1.461s] Level 1:colcon.colcon_core.package_identification:_identify(models/star-wars-images/test/LUKE SKYWALKER) by extension 'colcon_pkg'
[1.461s] Level 1:colcon.colcon_core.package_identification:_identify(models/star-wars-images/test/LUKE SKYWALKER) by extensions ['colcon_meta']
[1.461s] Level 1:colcon.colcon_core.package_identification:_identify(models/star-wars-images/test/LUKE SKYWALKER) by extension 'colcon_meta'
[1.461s] Level 1:colcon.colcon_core.package_identification:_identify(models/star-wars-images/test/LUKE SKYWALKER) by extensions ['ros']
[1.461s] Level 1:colcon.colcon_core.package_identification:_identify(models/star-wars-images/test/LUKE SKYWALKER) by extension 'ros'
[1.461s] Level 1:colcon.colcon_core.package_identification:_identify(models/star-wars-images/test/LUKE SKYWALKER) by extensions ['cmake', 'python']
[1.461s] Level 1:colcon.colcon_core.package_identification:_identify(models/star-wars-images/test/LUKE SKYWALKER) by extension 'cmake'
[1.461s] Level 1:colcon.colcon_core.package_identification:_identify(models/star-wars-images/test/LUKE SKYWALKER) by extension 'python'
[1.461s] Level 1:colcon.colcon_core.package_identification:_identify(models/star-wars-images/test/LUKE SKYWALKER) by extensions ['python_setup_py']
[1.461s] Level 1:colcon.colcon_core.package_identification:_identify(models/star-wars-images/test/LUKE SKYWALKER) by extension 'python_setup_py'
[1.462s] Level 1:colcon.colcon_core.package_identification:_identify(models/star-wars-images/test/MACE WINDU) by extensions ['ignore', 'ignore_ament_install']
[1.462s] Level 1:colcon.colcon_core.package_identification:_identify(models/star-wars-images/test/MACE WINDU) by extension 'ignore'
[1.462s] Level 1:colcon.colcon_core.package_identification:_identify(models/star-wars-images/test/MACE WINDU) by extension 'ignore_ament_install'
[1.462s] Level 1:colcon.colcon_core.package_identification:_identify(models/star-wars-images/test/MACE WINDU) by extensions ['colcon_pkg']
[1.462s] Level 1:colcon.colcon_core.package_identification:_identify(models/star-wars-images/test/MACE WINDU) by extension 'colcon_pkg'
[1.462s] Level 1:colcon.colcon_core.package_identification:_identify(models/star-wars-images/test/MACE WINDU) by extensions ['colcon_meta']
[1.462s] Level 1:colcon.colcon_core.package_identification:_identify(models/star-wars-images/test/MACE WINDU) by extension 'colcon_meta'
[1.462s] Level 1:colcon.colcon_core.package_identification:_identify(models/star-wars-images/test/MACE WINDU) by extensions ['ros']
[1.462s] Level 1:colcon.colcon_core.package_identification:_identify(models/star-wars-images/test/MACE WINDU) by extension 'ros'
[1.462s] Level 1:colcon.colcon_core.package_identification:_identify(models/star-wars-images/test/MACE WINDU) by extensions ['cmake', 'python']
[1.462s] Level 1:colcon.colcon_core.package_identification:_identify(models/star-wars-images/test/MACE WINDU) by extension 'cmake'
[1.462s] Level 1:colcon.colcon_core.package_identification:_identify(models/star-wars-images/test/MACE WINDU) by extension 'python'
[1.462s] Level 1:colcon.colcon_core.package_identification:_identify(models/star-wars-images/test/MACE WINDU) by extensions ['python_setup_py']
[1.462s] Level 1:colcon.colcon_core.package_identification:_identify(models/star-wars-images/test/MACE WINDU) by extension 'python_setup_py'
[1.462s] Level 1:colcon.colcon_core.package_identification:_identify(models/star-wars-images/test/R2-R2) by extensions ['ignore', 'ignore_ament_install']
[1.462s] Level 1:colcon.colcon_core.package_identification:_identify(models/star-wars-images/test/R2-R2) by extension 'ignore'
[1.462s] Level 1:colcon.colcon_core.package_identification:_identify(models/star-wars-images/test/R2-R2) by extension 'ignore_ament_install'
[1.462s] Level 1:colcon.colcon_core.package_identification:_identify(models/star-wars-images/test/R2-R2) by extensions ['colcon_pkg']
[1.462s] Level 1:colcon.colcon_core.package_identification:_identify(models/star-wars-images/test/R2-R2) by extension 'colcon_pkg'
[1.463s] Level 1:colcon.colcon_core.package_identification:_identify(models/star-wars-images/test/R2-R2) by extensions ['colcon_meta']
[1.463s] Level 1:colcon.colcon_core.package_identification:_identify(models/star-wars-images/test/R2-R2) by extension 'colcon_meta'
[1.463s] Level 1:colcon.colcon_core.package_identification:_identify(models/star-wars-images/test/R2-R2) by extensions ['ros']
[1.463s] Level 1:colcon.colcon_core.package_identification:_identify(models/star-wars-images/test/R2-R2) by extension 'ros'
[1.463s] Level 1:colcon.colcon_core.package_identification:_identify(models/star-wars-images/test/R2-R2) by extensions ['cmake', 'python']
[1.463s] Level 1:colcon.colcon_core.package_identification:_identify(models/star-wars-images/test/R2-R2) by extension 'cmake'
[1.463s] Level 1:colcon.colcon_core.package_identification:_identify(models/star-wars-images/test/R2-R2) by extension 'python'
[1.463s] Level 1:colcon.colcon_core.package_identification:_identify(models/star-wars-images/test/R2-R2) by extensions ['python_setup_py']
[1.463s] Level 1:colcon.colcon_core.package_identification:_identify(models/star-wars-images/test/R2-R2) by extension 'python_setup_py'
[1.463s] Level 1:colcon.colcon_core.package_identification:_identify(models/star-wars-images/test/YODA) by extensions ['ignore', 'ignore_ament_install']
[1.463s] Level 1:colcon.colcon_core.package_identification:_identify(models/star-wars-images/test/YODA) by extension 'ignore'
[1.463s] Level 1:colcon.colcon_core.package_identification:_identify(models/star-wars-images/test/YODA) by extension 'ignore_ament_install'
[1.463s] Level 1:colcon.colcon_core.package_identification:_identify(models/star-wars-images/test/YODA) by extensions ['colcon_pkg']
[1.463s] Level 1:colcon.colcon_core.package_identification:_identify(models/star-wars-images/test/YODA) by extension 'colcon_pkg'
[1.463s] Level 1:colcon.colcon_core.package_identification:_identify(models/star-wars-images/test/YODA) by extensions ['colcon_meta']
[1.463s] Level 1:colcon.colcon_core.package_identification:_identify(models/star-wars-images/test/YODA) by extension 'colcon_meta'
[1.463s] Level 1:colcon.colcon_core.package_identification:_identify(models/star-wars-images/test/YODA) by extensions ['ros']
[1.463s] Level 1:colcon.colcon_core.package_identification:_identify(models/star-wars-images/test/YODA) by extension 'ros'
[1.463s] Level 1:colcon.colcon_core.package_identification:_identify(models/star-wars-images/test/YODA) by extensions ['cmake', 'python']
[1.463s] Level 1:colcon.colcon_core.package_identification:_identify(models/star-wars-images/test/YODA) by extension 'cmake'
[1.463s] Level 1:colcon.colcon_core.package_identification:_identify(models/star-wars-images/test/YODA) by extension 'python'
[1.464s] Level 1:colcon.colcon_core.package_identification:_identify(models/star-wars-images/test/YODA) by extensions ['python_setup_py']
[1.464s] Level 1:colcon.colcon_core.package_identification:_identify(models/star-wars-images/test/YODA) by extension 'python_setup_py'
[1.464s] Level 1:colcon.colcon_core.package_identification:_identify(models/star-wars-images/train) by extensions ['ignore', 'ignore_ament_install']
[1.464s] Level 1:colcon.colcon_core.package_identification:_identify(models/star-wars-images/train) by extension 'ignore'
[1.464s] Level 1:colcon.colcon_core.package_identification:_identify(models/star-wars-images/train) by extension 'ignore_ament_install'
[1.464s] Level 1:colcon.colcon_core.package_identification:_identify(models/star-wars-images/train) by extensions ['colcon_pkg']
[1.464s] Level 1:colcon.colcon_core.package_identification:_identify(models/star-wars-images/train) by extension 'colcon_pkg'
[1.464s] Level 1:colcon.colcon_core.package_identification:_identify(models/star-wars-images/train) by extensions ['colcon_meta']
[1.464s] Level 1:colcon.colcon_core.package_identification:_identify(models/star-wars-images/train) by extension 'colcon_meta'
[1.464s] Level 1:colcon.colcon_core.package_identification:_identify(models/star-wars-images/train) by extensions ['ros']
[1.464s] Level 1:colcon.colcon_core.package_identification:_identify(models/star-wars-images/train) by extension 'ros'
[1.464s] Level 1:colcon.colcon_core.package_identification:_identify(models/star-wars-images/train) by extensions ['cmake', 'python']
[1.464s] Level 1:colcon.colcon_core.package_identification:_identify(models/star-wars-images/train) by extension 'cmake'
[1.464s] Level 1:colcon.colcon_core.package_identification:_identify(models/star-wars-images/train) by extension 'python'
[1.464s] Level 1:colcon.colcon_core.package_identification:_identify(models/star-wars-images/train) by extensions ['python_setup_py']
[1.464s] Level 1:colcon.colcon_core.package_identification:_identify(models/star-wars-images/train) by extension 'python_setup_py'
[1.464s] Level 1:colcon.colcon_core.package_identification:_identify(models/star-wars-images/train/GENERAL GRIEVOUS) by extensions ['ignore', 'ignore_ament_install']
[1.464s] Level 1:colcon.colcon_core.package_identification:_identify(models/star-wars-images/train/GENERAL GRIEVOUS) by extension 'ignore'
[1.465s] Level 1:colcon.colcon_core.package_identification:_identify(models/star-wars-images/train/GENERAL GRIEVOUS) by extension 'ignore_ament_install'
[1.465s] Level 1:colcon.colcon_core.package_identification:_identify(models/star-wars-images/train/GENERAL GRIEVOUS) by extensions ['colcon_pkg']
[1.465s] Level 1:colcon.colcon_core.package_identification:_identify(models/star-wars-images/train/GENERAL GRIEVOUS) by extension 'colcon_pkg'
[1.465s] Level 1:colcon.colcon_core.package_identification:_identify(models/star-wars-images/train/GENERAL GRIEVOUS) by extensions ['colcon_meta']
[1.465s] Level 1:colcon.colcon_core.package_identification:_identify(models/star-wars-images/train/GENERAL GRIEVOUS) by extension 'colcon_meta'
[1.465s] Level 1:colcon.colcon_core.package_identification:_identify(models/star-wars-images/train/GENERAL GRIEVOUS) by extensions ['ros']
[1.465s] Level 1:colcon.colcon_core.package_identification:_identify(models/star-wars-images/train/GENERAL GRIEVOUS) by extension 'ros'
[1.465s] Level 1:colcon.colcon_core.package_identification:_identify(models/star-wars-images/train/GENERAL GRIEVOUS) by extensions ['cmake', 'python']
[1.465s] Level 1:colcon.colcon_core.package_identification:_identify(models/star-wars-images/train/GENERAL GRIEVOUS) by extension 'cmake'
[1.465s] Level 1:colcon.colcon_core.package_identification:_identify(models/star-wars-images/train/GENERAL GRIEVOUS) by extension 'python'
[1.465s] Level 1:colcon.colcon_core.package_identification:_identify(models/star-wars-images/train/GENERAL GRIEVOUS) by extensions ['python_setup_py']
[1.465s] Level 1:colcon.colcon_core.package_identification:_identify(models/star-wars-images/train/GENERAL GRIEVOUS) by extension 'python_setup_py'
[1.465s] Level 1:colcon.colcon_core.package_identification:_identify(models/star-wars-images/train/LUKE SKYWALKER) by extensions ['ignore', 'ignore_ament_install']
[1.465s] Level 1:colcon.colcon_core.package_identification:_identify(models/star-wars-images/train/LUKE SKYWALKER) by extension 'ignore'
[1.465s] Level 1:colcon.colcon_core.package_identification:_identify(models/star-wars-images/train/LUKE SKYWALKER) by extension 'ignore_ament_install'
[1.465s] Level 1:colcon.colcon_core.package_identification:_identify(models/star-wars-images/train/LUKE SKYWALKER) by extensions ['colcon_pkg']
[1.465s] Level 1:colcon.colcon_core.package_identification:_identify(models/star-wars-images/train/LUKE SKYWALKER) by extension 'colcon_pkg'
[1.465s] Level 1:colcon.colcon_core.package_identification:_identify(models/star-wars-images/train/LUKE SKYWALKER) by extensions ['colcon_meta']
[1.465s] Level 1:colcon.colcon_core.package_identification:_identify(models/star-wars-images/train/LUKE SKYWALKER) by extension 'colcon_meta'
[1.465s] Level 1:colcon.colcon_core.package_identification:_identify(models/star-wars-images/train/LUKE SKYWALKER) by extensions ['ros']
[1.465s] Level 1:colcon.colcon_core.package_identification:_identify(models/star-wars-images/train/LUKE SKYWALKER) by extension 'ros'
[1.466s] Level 1:colcon.colcon_core.package_identification:_identify(models/star-wars-images/train/LUKE SKYWALKER) by extensions ['cmake', 'python']
[1.466s] Level 1:colcon.colcon_core.package_identification:_identify(models/star-wars-images/train/LUKE SKYWALKER) by extension 'cmake'
[1.466s] Level 1:colcon.colcon_core.package_identification:_identify(models/star-wars-images/train/LUKE SKYWALKER) by extension 'python'
[1.466s] Level 1:colcon.colcon_core.package_identification:_identify(models/star-wars-images/train/LUKE SKYWALKER) by extensions ['python_setup_py']
[1.466s] Level 1:colcon.colcon_core.package_identification:_identify(models/star-wars-images/train/LUKE SKYWALKER) by extension 'python_setup_py'
[1.466s] Level 1:colcon.colcon_core.package_identification:_identify(models/star-wars-images/train/MACE WINDU) by extensions ['ignore', 'ignore_ament_install']
[1.466s] Level 1:colcon.colcon_core.package_identification:_identify(models/star-wars-images/train/MACE WINDU) by extension 'ignore'
[1.466s] Level 1:colcon.colcon_core.package_identification:_identify(models/star-wars-images/train/MACE WINDU) by extension 'ignore_ament_install'
[1.466s] Level 1:colcon.colcon_core.package_identification:_identify(models/star-wars-images/train/MACE WINDU) by extensions ['colcon_pkg']
[1.466s] Level 1:colcon.colcon_core.package_identification:_identify(models/star-wars-images/train/MACE WINDU) by extension 'colcon_pkg'
[1.466s] Level 1:colcon.colcon_core.package_identification:_identify(models/star-wars-images/train/MACE WINDU) by extensions ['colcon_meta']
[1.466s] Level 1:colcon.colcon_core.package_identification:_identify(models/star-wars-images/train/MACE WINDU) by extension 'colcon_meta'
[1.466s] Level 1:colcon.colcon_core.package_identification:_identify(models/star-wars-images/train/MACE WINDU) by extensions ['ros']
[1.466s] Level 1:colcon.colcon_core.package_identification:_identify(models/star-wars-images/train/MACE WINDU) by extension 'ros'
[1.466s] Level 1:colcon.colcon_core.package_identification:_identify(models/star-wars-images/train/MACE WINDU) by extensions ['cmake', 'python']
[1.466s] Level 1:colcon.colcon_core.package_identification:_identify(models/star-wars-images/train/MACE WINDU) by extension 'cmake'
[1.466s] Level 1:colcon.colcon_core.package_identification:_identify(models/star-wars-images/train/MACE WINDU) by extension 'python'
[1.466s] Level 1:colcon.colcon_core.package_identification:_identify(models/star-wars-images/train/MACE WINDU) by extensions ['python_setup_py']
[1.466s] Level 1:colcon.colcon_core.package_identification:_identify(models/star-wars-images/train/MACE WINDU) by extension 'python_setup_py'
[1.467s] Level 1:colcon.colcon_core.package_identification:_identify(models/star-wars-images/train/R2-R2) by extensions ['ignore', 'ignore_ament_install']
[1.467s] Level 1:colcon.colcon_core.package_identification:_identify(models/star-wars-images/train/R2-R2) by extension 'ignore'
[1.467s] Level 1:colcon.colcon_core.package_identification:_identify(models/star-wars-images/train/R2-R2) by extension 'ignore_ament_install'
[1.467s] Level 1:colcon.colcon_core.package_identification:_identify(models/star-wars-images/train/R2-R2) by extensions ['colcon_pkg']
[1.467s] Level 1:colcon.colcon_core.package_identification:_identify(models/star-wars-images/train/R2-R2) by extension 'colcon_pkg'
[1.467s] Level 1:colcon.colcon_core.package_identification:_identify(models/star-wars-images/train/R2-R2) by extensions ['colcon_meta']
[1.467s] Level 1:colcon.colcon_core.package_identification:_identify(models/star-wars-images/train/R2-R2) by extension 'colcon_meta'
[1.467s] Level 1:colcon.colcon_core.package_identification:_identify(models/star-wars-images/train/R2-R2) by extensions ['ros']
[1.467s] Level 1:colcon.colcon_core.package_identification:_identify(models/star-wars-images/train/R2-R2) by extension 'ros'
[1.467s] Level 1:colcon.colcon_core.package_identification:_identify(models/star-wars-images/train/R2-R2) by extensions ['cmake', 'python']
[1.467s] Level 1:colcon.colcon_core.package_identification:_identify(models/star-wars-images/train/R2-R2) by extension 'cmake'
[1.467s] Level 1:colcon.colcon_core.package_identification:_identify(models/star-wars-images/train/R2-R2) by extension 'python'
[1.467s] Level 1:colcon.colcon_core.package_identification:_identify(models/star-wars-images/train/R2-R2) by extensions ['python_setup_py']
[1.467s] Level 1:colcon.colcon_core.package_identification:_identify(models/star-wars-images/train/R2-R2) by extension 'python_setup_py'
[1.467s] Level 1:colcon.colcon_core.package_identification:_identify(models/star-wars-images/train/YODA) by extensions ['ignore', 'ignore_ament_install']
[1.467s] Level 1:colcon.colcon_core.package_identification:_identify(models/star-wars-images/train/YODA) by extension 'ignore'
[1.467s] Level 1:colcon.colcon_core.package_identification:_identify(models/star-wars-images/train/YODA) by extension 'ignore_ament_install'
[1.467s] Level 1:colcon.colcon_core.package_identification:_identify(models/star-wars-images/train/YODA) by extensions ['colcon_pkg']
[1.467s] Level 1:colcon.colcon_core.package_identification:_identify(models/star-wars-images/train/YODA) by extension 'colcon_pkg'
[1.468s] Level 1:colcon.colcon_core.package_identification:_identify(models/star-wars-images/train/YODA) by extensions ['colcon_meta']
[1.468s] Level 1:colcon.colcon_core.package_identification:_identify(models/star-wars-images/train/YODA) by extension 'colcon_meta'
[1.468s] Level 1:colcon.colcon_core.package_identification:_identify(models/star-wars-images/train/YODA) by extensions ['ros']
[1.468s] Level 1:colcon.colcon_core.package_identification:_identify(models/star-wars-images/train/YODA) by extension 'ros'
[1.468s] Level 1:colcon.colcon_core.package_identification:_identify(models/star-wars-images/train/YODA) by extensions ['cmake', 'python']
[1.468s] Level 1:colcon.colcon_core.package_identification:_identify(models/star-wars-images/train/YODA) by extension 'cmake'
[1.468s] Level 1:colcon.colcon_core.package_identification:_identify(models/star-wars-images/train/YODA) by extension 'python'
[1.468s] Level 1:colcon.colcon_core.package_identification:_identify(models/star-wars-images/train/YODA) by extensions ['python_setup_py']
[1.468s] Level 1:colcon.colcon_core.package_identification:_identify(models/star-wars-images/train/YODA) by extension 'python_setup_py'
[1.468s] Level 1:colcon.colcon_core.package_identification:_identify(models/star-wars-images/val) by extensions ['ignore', 'ignore_ament_install']
[1.468s] Level 1:colcon.colcon_core.package_identification:_identify(models/star-wars-images/val) by extension 'ignore'
[1.468s] Level 1:colcon.colcon_core.package_identification:_identify(models/star-wars-images/val) by extension 'ignore_ament_install'
[1.468s] Level 1:colcon.colcon_core.package_identification:_identify(models/star-wars-images/val) by extensions ['colcon_pkg']
[1.468s] Level 1:colcon.colcon_core.package_identification:_identify(models/star-wars-images/val) by extension 'colcon_pkg'
[1.468s] Level 1:colcon.colcon_core.package_identification:_identify(models/star-wars-images/val) by extensions ['colcon_meta']
[1.468s] Level 1:colcon.colcon_core.package_identification:_identify(models/star-wars-images/val) by extension 'colcon_meta'
[1.468s] Level 1:colcon.colcon_core.package_identification:_identify(models/star-wars-images/val) by extensions ['ros']
[1.468s] Level 1:colcon.colcon_core.package_identification:_identify(models/star-wars-images/val) by extension 'ros'
[1.468s] Level 1:colcon.colcon_core.package_identification:_identify(models/star-wars-images/val) by extensions ['cmake', 'python']
[1.468s] Level 1:colcon.colcon_core.package_identification:_identify(models/star-wars-images/val) by extension 'cmake'
[1.469s] Level 1:colcon.colcon_core.package_identification:_identify(models/star-wars-images/val) by extension 'python'
[1.469s] Level 1:colcon.colcon_core.package_identification:_identify(models/star-wars-images/val) by extensions ['python_setup_py']
[1.469s] Level 1:colcon.colcon_core.package_identification:_identify(models/star-wars-images/val) by extension 'python_setup_py'
[1.469s] Level 1:colcon.colcon_core.package_identification:_identify(models/star-wars-images/val/GENERAL GRIEVOUS) by extensions ['ignore', 'ignore_ament_install']
[1.469s] Level 1:colcon.colcon_core.package_identification:_identify(models/star-wars-images/val/GENERAL GRIEVOUS) by extension 'ignore'
[1.469s] Level 1:colcon.colcon_core.package_identification:_identify(models/star-wars-images/val/GENERAL GRIEVOUS) by extension 'ignore_ament_install'
[1.469s] Level 1:colcon.colcon_core.package_identification:_identify(models/star-wars-images/val/GENERAL GRIEVOUS) by extensions ['colcon_pkg']
[1.469s] Level 1:colcon.colcon_core.package_identification:_identify(models/star-wars-images/val/GENERAL GRIEVOUS) by extension 'colcon_pkg'
[1.469s] Level 1:colcon.colcon_core.package_identification:_identify(models/star-wars-images/val/GENERAL GRIEVOUS) by extensions ['colcon_meta']
[1.469s] Level 1:colcon.colcon_core.package_identification:_identify(models/star-wars-images/val/GENERAL GRIEVOUS) by extension 'colcon_meta'
[1.469s] Level 1:colcon.colcon_core.package_identification:_identify(models/star-wars-images/val/GENERAL GRIEVOUS) by extensions ['ros']
[1.469s] Level 1:colcon.colcon_core.package_identification:_identify(models/star-wars-images/val/GENERAL GRIEVOUS) by extension 'ros'
[1.469s] Level 1:colcon.colcon_core.package_identification:_identify(models/star-wars-images/val/GENERAL GRIEVOUS) by extensions ['cmake', 'python']
[1.469s] Level 1:colcon.colcon_core.package_identification:_identify(models/star-wars-images/val/GENERAL GRIEVOUS) by extension 'cmake'
[1.469s] Level 1:colcon.colcon_core.package_identification:_identify(models/star-wars-images/val/GENERAL GRIEVOUS) by extension 'python'
[1.469s] Level 1:colcon.colcon_core.package_identification:_identify(models/star-wars-images/val/GENERAL GRIEVOUS) by extensions ['python_setup_py']
[1.469s] Level 1:colcon.colcon_core.package_identification:_identify(models/star-wars-images/val/GENERAL GRIEVOUS) by extension 'python_setup_py'
[1.469s] Level 1:colcon.colcon_core.package_identification:_identify(models/star-wars-images/val/LUKE SKYWALKER) by extensions ['ignore', 'ignore_ament_install']
[1.470s] Level 1:colcon.colcon_core.package_identification:_identify(models/star-wars-images/val/LUKE SKYWALKER) by extension 'ignore'
[1.470s] Level 1:colcon.colcon_core.package_identification:_identify(models/star-wars-images/val/LUKE SKYWALKER) by extension 'ignore_ament_install'
[1.470s] Level 1:colcon.colcon_core.package_identification:_identify(models/star-wars-images/val/LUKE SKYWALKER) by extensions ['colcon_pkg']
[1.470s] Level 1:colcon.colcon_core.package_identification:_identify(models/star-wars-images/val/LUKE SKYWALKER) by extension 'colcon_pkg'
[1.470s] Level 1:colcon.colcon_core.package_identification:_identify(models/star-wars-images/val/LUKE SKYWALKER) by extensions ['colcon_meta']
[1.470s] Level 1:colcon.colcon_core.package_identification:_identify(models/star-wars-images/val/LUKE SKYWALKER) by extension 'colcon_meta'
[1.470s] Level 1:colcon.colcon_core.package_identification:_identify(models/star-wars-images/val/LUKE SKYWALKER) by extensions ['ros']
[1.470s] Level 1:colcon.colcon_core.package_identification:_identify(models/star-wars-images/val/LUKE SKYWALKER) by extension 'ros'
[1.470s] Level 1:colcon.colcon_core.package_identification:_identify(models/star-wars-images/val/LUKE SKYWALKER) by extensions ['cmake', 'python']
[1.470s] Level 1:colcon.colcon_core.package_identification:_identify(models/star-wars-images/val/LUKE SKYWALKER) by extension 'cmake'
[1.470s] Level 1:colcon.colcon_core.package_identification:_identify(models/star-wars-images/val/LUKE SKYWALKER) by extension 'python'
[1.470s] Level 1:colcon.colcon_core.package_identification:_identify(models/star-wars-images/val/LUKE SKYWALKER) by extensions ['python_setup_py']
[1.470s] Level 1:colcon.colcon_core.package_identification:_identify(models/star-wars-images/val/LUKE SKYWALKER) by extension 'python_setup_py'
[1.470s] Level 1:colcon.colcon_core.package_identification:_identify(models/star-wars-images/val/MACE WINDU) by extensions ['ignore', 'ignore_ament_install']
[1.470s] Level 1:colcon.colcon_core.package_identification:_identify(models/star-wars-images/val/MACE WINDU) by extension 'ignore'
[1.470s] Level 1:colcon.colcon_core.package_identification:_identify(models/star-wars-images/val/MACE WINDU) by extension 'ignore_ament_install'
[1.470s] Level 1:colcon.colcon_core.package_identification:_identify(models/star-wars-images/val/MACE WINDU) by extensions ['colcon_pkg']
[1.470s] Level 1:colcon.colcon_core.package_identification:_identify(models/star-wars-images/val/MACE WINDU) by extension 'colcon_pkg'
[1.470s] Level 1:colcon.colcon_core.package_identification:_identify(models/star-wars-images/val/MACE WINDU) by extensions ['colcon_meta']
[1.470s] Level 1:colcon.colcon_core.package_identification:_identify(models/star-wars-images/val/MACE WINDU) by extension 'colcon_meta'
[1.471s] Level 1:colcon.colcon_core.package_identification:_identify(models/star-wars-images/val/MACE WINDU) by extensions ['ros']
[1.471s] Level 1:colcon.colcon_core.package_identification:_identify(models/star-wars-images/val/MACE WINDU) by extension 'ros'
[1.471s] Level 1:colcon.colcon_core.package_identification:_identify(models/star-wars-images/val/MACE WINDU) by extensions ['cmake', 'python']
[1.471s] Level 1:colcon.colcon_core.package_identification:_identify(models/star-wars-images/val/MACE WINDU) by extension 'cmake'
[1.471s] Level 1:colcon.colcon_core.package_identification:_identify(models/star-wars-images/val/MACE WINDU) by extension 'python'
[1.471s] Level 1:colcon.colcon_core.package_identification:_identify(models/star-wars-images/val/MACE WINDU) by extensions ['python_setup_py']
[1.471s] Level 1:colcon.colcon_core.package_identification:_identify(models/star-wars-images/val/MACE WINDU) by extension 'python_setup_py'
[1.471s] Level 1:colcon.colcon_core.package_identification:_identify(models/star-wars-images/val/R2-R2) by extensions ['ignore', 'ignore_ament_install']
[1.471s] Level 1:colcon.colcon_core.package_identification:_identify(models/star-wars-images/val/R2-R2) by extension 'ignore'
[1.471s] Level 1:colcon.colcon_core.package_identification:_identify(models/star-wars-images/val/R2-R2) by extension 'ignore_ament_install'
[1.471s] Level 1:colcon.colcon_core.package_identification:_identify(models/star-wars-images/val/R2-R2) by extensions ['colcon_pkg']
[1.471s] Level 1:colcon.colcon_core.package_identification:_identify(models/star-wars-images/val/R2-R2) by extension 'colcon_pkg'
[1.471s] Level 1:colcon.colcon_core.package_identification:_identify(models/star-wars-images/val/R2-R2) by extensions ['colcon_meta']
[1.471s] Level 1:colcon.colcon_core.package_identification:_identify(models/star-wars-images/val/R2-R2) by extension 'colcon_meta'
[1.471s] Level 1:colcon.colcon_core.package_identification:_identify(models/star-wars-images/val/R2-R2) by extensions ['ros']
[1.471s] Level 1:colcon.colcon_core.package_identification:_identify(models/star-wars-images/val/R2-R2) by extension 'ros'
[1.471s] Level 1:colcon.colcon_core.package_identification:_identify(models/star-wars-images/val/R2-R2) by extensions ['cmake', 'python']
[1.471s] Level 1:colcon.colcon_core.package_identification:_identify(models/star-wars-images/val/R2-R2) by extension 'cmake'
[1.471s] Level 1:colcon.colcon_core.package_identification:_identify(models/star-wars-images/val/R2-R2) by extension 'python'
[1.471s] Level 1:colcon.colcon_core.package_identification:_identify(models/star-wars-images/val/R2-R2) by extensions ['python_setup_py']
[1.471s] Level 1:colcon.colcon_core.package_identification:_identify(models/star-wars-images/val/R2-R2) by extension 'python_setup_py'
[1.472s] Level 1:colcon.colcon_core.package_identification:_identify(models/star-wars-images/val/YODA) by extensions ['ignore', 'ignore_ament_install']
[1.472s] Level 1:colcon.colcon_core.package_identification:_identify(models/star-wars-images/val/YODA) by extension 'ignore'
[1.472s] Level 1:colcon.colcon_core.package_identification:_identify(models/star-wars-images/val/YODA) by extension 'ignore_ament_install'
[1.472s] Level 1:colcon.colcon_core.package_identification:_identify(models/star-wars-images/val/YODA) by extensions ['colcon_pkg']
[1.472s] Level 1:colcon.colcon_core.package_identification:_identify(models/star-wars-images/val/YODA) by extension 'colcon_pkg'
[1.472s] Level 1:colcon.colcon_core.package_identification:_identify(models/star-wars-images/val/YODA) by extensions ['colcon_meta']
[1.472s] Level 1:colcon.colcon_core.package_identification:_identify(models/star-wars-images/val/YODA) by extension 'colcon_meta'
[1.472s] Level 1:colcon.colcon_core.package_identification:_identify(models/star-wars-images/val/YODA) by extensions ['ros']
[1.472s] Level 1:colcon.colcon_core.package_identification:_identify(models/star-wars-images/val/YODA) by extension 'ros'
[1.472s] Level 1:colcon.colcon_core.package_identification:_identify(models/star-wars-images/val/YODA) by extensions ['cmake', 'python']
[1.472s] Level 1:colcon.colcon_core.package_identification:_identify(models/star-wars-images/val/YODA) by extension 'cmake'
[1.472s] Level 1:colcon.colcon_core.package_identification:_identify(models/star-wars-images/val/YODA) by extension 'python'
[1.472s] Level 1:colcon.colcon_core.package_identification:_identify(models/star-wars-images/val/YODA) by extensions ['python_setup_py']
[1.472s] Level 1:colcon.colcon_core.package_identification:_identify(models/star-wars-images/val/YODA) by extension 'python_setup_py'
[1.472s] Level 1:colcon.colcon_core.package_identification:_identify(src) by extensions ['ignore', 'ignore_ament_install']
[1.472s] Level 1:colcon.colcon_core.package_identification:_identify(src) by extension 'ignore'
[1.472s] Level 1:colcon.colcon_core.package_identification:_identify(src) by extension 'ignore_ament_install'
[1.472s] Level 1:colcon.colcon_core.package_identification:_identify(src) by extensions ['colcon_pkg']
[1.473s] Level 1:colcon.colcon_core.package_identification:_identify(src) by extension 'colcon_pkg'
[1.473s] Level 1:colcon.colcon_core.package_identification:_identify(src) by extensions ['colcon_meta']
[1.473s] Level 1:colcon.colcon_core.package_identification:_identify(src) by extension 'colcon_meta'
[1.473s] Level 1:colcon.colcon_core.package_identification:_identify(src) by extensions ['ros']
[1.473s] Level 1:colcon.colcon_core.package_identification:_identify(src) by extension 'ros'
[1.473s] Level 1:colcon.colcon_core.package_identification:_identify(src) by extensions ['cmake', 'python']
[1.473s] Level 1:colcon.colcon_core.package_identification:_identify(src) by extension 'cmake'
[1.473s] Level 1:colcon.colcon_core.package_identification:_identify(src) by extension 'python'
[1.473s] Level 1:colcon.colcon_core.package_identification:_identify(src) by extensions ['python_setup_py']
[1.473s] Level 1:colcon.colcon_core.package_identification:_identify(src) by extension 'python_setup_py'
[1.473s] Level 1:colcon.colcon_core.package_identification:_identify(src/my_cubes_pkg) by extensions ['ignore', 'ignore_ament_install']
[1.473s] Level 1:colcon.colcon_core.package_identification:_identify(src/my_cubes_pkg) by extension 'ignore'
[1.473s] Level 1:colcon.colcon_core.package_identification:_identify(src/my_cubes_pkg) by extension 'ignore_ament_install'
[1.473s] Level 1:colcon.colcon_core.package_identification:_identify(src/my_cubes_pkg) by extensions ['colcon_pkg']
[1.473s] Level 1:colcon.colcon_core.package_identification:_identify(src/my_cubes_pkg) by extension 'colcon_pkg'
[1.473s] Level 1:colcon.colcon_core.package_identification:_identify(src/my_cubes_pkg) by extensions ['colcon_meta']
[1.473s] Level 1:colcon.colcon_core.package_identification:_identify(src/my_cubes_pkg) by extension 'colcon_meta'
[1.473s] Level 1:colcon.colcon_core.package_identification:_identify(src/my_cubes_pkg) by extensions ['ros']
[1.473s] Level 1:colcon.colcon_core.package_identification:_identify(src/my_cubes_pkg) by extension 'ros'
[1.476s] DEBUG:colcon.colcon_core.package_identification:Package 'src/my_cubes_pkg' with type 'ros.ament_python' and name 'my_cubes_pkg'
[1.476s] Level 1:colcon.colcon_core.package_identification:_identify(src/my_environment_pkg) by extensions ['ignore', 'ignore_ament_install']
[1.476s] Level 1:colcon.colcon_core.package_identification:_identify(src/my_environment_pkg) by extension 'ignore'
[1.476s] Level 1:colcon.colcon_core.package_identification:_identify(src/my_environment_pkg) by extension 'ignore_ament_install'
[1.476s] Level 1:colcon.colcon_core.package_identification:_identify(src/my_environment_pkg) by extensions ['colcon_pkg']
[1.476s] Level 1:colcon.colcon_core.package_identification:_identify(src/my_environment_pkg) by extension 'colcon_pkg'
[1.476s] Level 1:colcon.colcon_core.package_identification:_identify(src/my_environment_pkg) by extensions ['colcon_meta']
[1.476s] Level 1:colcon.colcon_core.package_identification:_identify(src/my_environment_pkg) by extension 'colcon_meta'
[1.476s] Level 1:colcon.colcon_core.package_identification:_identify(src/my_environment_pkg) by extensions ['ros']
[1.476s] Level 1:colcon.colcon_core.package_identification:_identify(src/my_environment_pkg) by extension 'ros'
[1.477s] DEBUG:colcon.colcon_core.package_identification:Package 'src/my_environment_pkg' with type 'ros.ament_python' and name 'my_environment_pkg'
[1.477s] Level 1:colcon.colcon_core.package_identification:_identify(src/my_robot_pkg) by extensions ['ignore', 'ignore_ament_install']
[1.477s] Level 1:colcon.colcon_core.package_identification:_identify(src/my_robot_pkg) by extension 'ignore'
[1.477s] Level 1:colcon.colcon_core.package_identification:_identify(src/my_robot_pkg) by extension 'ignore_ament_install'
[1.477s] Level 1:colcon.colcon_core.package_identification:_identify(src/my_robot_pkg) by extensions ['colcon_pkg']
[1.477s] Level 1:colcon.colcon_core.package_identification:_identify(src/my_robot_pkg) by extension 'colcon_pkg'
[1.477s] Level 1:colcon.colcon_core.package_identification:_identify(src/my_robot_pkg) by extensions ['colcon_meta']
[1.477s] Level 1:colcon.colcon_core.package_identification:_identify(src/my_robot_pkg) by extension 'colcon_meta'
[1.477s] Level 1:colcon.colcon_core.package_identification:_identify(src/my_robot_pkg) by extensions ['ros']
[1.477s] Level 1:colcon.colcon_core.package_identification:_identify(src/my_robot_pkg) by extension 'ros'
[1.478s] DEBUG:colcon.colcon_core.package_identification:Package 'src/my_robot_pkg' with type 'ros.ament_python' and name 'my_robot_pkg'
[1.478s] Level 1:colcon.colcon_core.package_discovery:discover_packages(recursive) using defaults
[1.478s] Level 1:colcon.colcon_core.package_discovery:discover_packages(ignore) discover
[1.478s] Level 1:colcon.colcon_core.package_discovery:discover_packages(ignore) using defaults
[1.478s] Level 1:colcon.colcon_core.package_discovery:discover_packages(path) discover
[1.478s] Level 1:colcon.colcon_core.package_discovery:discover_packages(path) using defaults
[1.575s] Level 1:colcon.colcon_core.package_discovery:discover_packages(prefix_path) check parameters
[1.575s] Level 1:colcon.colcon_core.package_discovery:discover_packages(prefix_path) discover
[1.607s] DEBUG:colcon.colcon_installed_package_information.package_discovery:Found 3 installed packages in /home/stephenq0503/Desktop/robot_arm_sim/install
[1.624s] DEBUG:colcon.colcon_installed_package_information.package_discovery:Found 370 installed packages in /opt/ros/humble
[1.626s] Level 1:colcon.colcon_core.package_discovery:discover_packages(prefix_path) using defaults
[1.733s] Level 5:colcon.colcon_core.verb:set package 'my_cubes_pkg' build argument 'cmake_args' from command line to 'None'
[1.733s] Level 5:colcon.colcon_core.verb:set package 'my_cubes_pkg' build argument 'cmake_target' from command line to 'None'
[1.733s] Level 5:colcon.colcon_core.verb:set package 'my_cubes_pkg' build argument 'cmake_target_skip_unavailable' from command line to 'False'
[1.733s] Level 5:colcon.colcon_core.verb:set package 'my_cubes_pkg' build argument 'cmake_clean_cache' from command line to 'False'
[1.733s] Level 5:colcon.colcon_core.verb:set package 'my_cubes_pkg' build argument 'cmake_clean_first' from command line to 'False'
[1.733s] Level 5:colcon.colcon_core.verb:set package 'my_cubes_pkg' build argument 'cmake_force_configure' from command line to 'False'
[1.733s] Level 5:colcon.colcon_core.verb:set package 'my_cubes_pkg' build argument 'ament_cmake_args' from command line to 'None'
[1.733s] Level 5:colcon.colcon_core.verb:set package 'my_cubes_pkg' build argument 'catkin_cmake_args' from command line to 'None'
[1.733s] Level 5:colcon.colcon_core.verb:set package 'my_cubes_pkg' build argument 'catkin_skip_building_tests' from command line to 'False'
[1.733s] DEBUG:colcon.colcon_core.verb:Building package 'my_cubes_pkg' with the following arguments: {'ament_cmake_args': None, 'build_base': '/home/stephenq0503/Desktop/robot_arm_sim/build/my_cubes_pkg', 'catkin_cmake_args': None, 'catkin_skip_building_tests': False, 'cmake_args': None, 'cmake_clean_cache': False, 'cmake_clean_first': False, 'cmake_force_configure': False, 'cmake_target': None, 'cmake_target_skip_unavailable': False, 'install_base': '/home/stephenq0503/Desktop/robot_arm_sim/install/my_cubes_pkg', 'merge_install': False, 'path': '/home/stephenq0503/Desktop/robot_arm_sim/src/my_cubes_pkg', 'symlink_install': False, 'test_result_base': None}
[1.750s] Level 5:colcon.colcon_core.verb:set package 'my_environment_pkg' build argument 'cmake_args' from command line to 'None'
[1.750s] Level 5:colcon.colcon_core.verb:set package 'my_environment_pkg' build argument 'cmake_target' from command line to 'None'
[1.750s] Level 5:colcon.colcon_core.verb:set package 'my_environment_pkg' build argument 'cmake_target_skip_unavailable' from command line to 'False'
[1.750s] Level 5:colcon.colcon_core.verb:set package 'my_environment_pkg' build argument 'cmake_clean_cache' from command line to 'False'
[1.750s] Level 5:colcon.colcon_core.verb:set package 'my_environment_pkg' build argument 'cmake_clean_first' from command line to 'False'
[1.750s] Level 5:colcon.colcon_core.verb:set package 'my_environment_pkg' build argument 'cmake_force_configure' from command line to 'False'
[1.750s] Level 5:colcon.colcon_core.verb:set package 'my_environment_pkg' build argument 'ament_cmake_args' from command line to 'None'
[1.750s] Level 5:colcon.colcon_core.verb:set package 'my_environment_pkg' build argument 'catkin_cmake_args' from command line to 'None'
[1.750s] Level 5:colcon.colcon_core.verb:set package 'my_environment_pkg' build argument 'catkin_skip_building_tests' from command line to 'False'
[1.750s] DEBUG:colcon.colcon_core.verb:Building package 'my_environment_pkg' with the following arguments: {'ament_cmake_args': None, 'build_base': '/home/stephenq0503/Desktop/robot_arm_sim/build/my_environment_pkg', 'catkin_cmake_args': None, 'catkin_skip_building_tests': False, 'cmake_args': None, 'cmake_clean_cache': False, 'cmake_clean_first': False, 'cmake_force_configure': False, 'cmake_target': None, 'cmake_target_skip_unavailable': False, 'install_base': '/home/stephenq0503/Desktop/robot_arm_sim/install/my_environment_pkg', 'merge_install': False, 'path': '/home/stephenq0503/Desktop/robot_arm_sim/src/my_environment_pkg', 'symlink_install': False, 'test_result_base': None}
[1.766s] Level 5:colcon.colcon_core.verb:set package 'my_robot_pkg' build argument 'cmake_args' from command line to 'None'
[1.766s] Level 5:colcon.colcon_core.verb:set package 'my_robot_pkg' build argument 'cmake_target' from command line to 'None'
[1.766s] Level 5:colcon.colcon_core.verb:set package 'my_robot_pkg' build argument 'cmake_target_skip_unavailable' from command line to 'False'
[1.766s] Level 5:colcon.colcon_core.verb:set package 'my_robot_pkg' build argument 'cmake_clean_cache' from command line to 'False'
[1.766s] Level 5:colcon.colcon_core.verb:set package 'my_robot_pkg' build argument 'cmake_clean_first' from command line to 'False'
[1.766s] Level 5:colcon.colcon_core.verb:set package 'my_robot_pkg' build argument 'cmake_force_configure' from command line to 'False'
[1.766s] Level 5:colcon.colcon_core.verb:set package 'my_robot_pkg' build argument 'ament_cmake_args' from command line to 'None'
[1.766s] Level 5:colcon.colcon_core.verb:set package 'my_robot_pkg' build argument 'catkin_cmake_args' from command line to 'None'
[1.766s] Level 5:colcon.colcon_core.verb:set package 'my_robot_pkg' build argument 'catkin_skip_building_tests' from command line to 'False'
[1.766s] DEBUG:colcon.colcon_core.verb:Building package 'my_robot_pkg' with the following arguments: {'ament_cmake_args': None, 'build_base': '/home/stephenq0503/Desktop/robot_arm_sim/build/my_robot_pkg', 'catkin_cmake_args': None, 'catkin_skip_building_tests': False, 'cmake_args': None, 'cmake_clean_cache': False, 'cmake_clean_first': False, 'cmake_force_configure': False, 'cmake_target': None, 'cmake_target_skip_unavailable': False, 'install_base': '/home/stephenq0503/Desktop/robot_arm_sim/install/my_robot_pkg', 'merge_install': False, 'path': '/home/stephenq0503/Desktop/robot_arm_sim/src/my_robot_pkg', 'symlink_install': False, 'test_result_base': None}
[1.782s] INFO:colcon.colcon_core.executor:Executing jobs using 'parallel' executor
[1.798s] DEBUG:colcon.colcon_parallel_executor.executor.parallel:run_until_complete
[1.798s] INFO:colcon.colcon_ros.task.ament_python.build:Building ROS package in '/home/stephenq0503/Desktop/robot_arm_sim/src/my_cubes_pkg' with build type 'ament_python'
[1.799s] Level 1:colcon.colcon_core.shell:create_environment_hook('my_cubes_pkg', 'ament_prefix_path')
[1.817s] INFO:colcon.colcon_core.plugin_system:Skipping extension 'colcon_core.shell.bat': Not used on non-Windows systems
[1.817s] INFO:colcon.colcon_core.shell:Creating environment hook '/home/stephenq0503/Desktop/robot_arm_sim/install/my_cubes_pkg/share/my_cubes_pkg/hook/ament_prefix_path.ps1'
[1.817s] INFO:colcon.colcon_core.shell:Creating environment descriptor '/home/stephenq0503/Desktop/robot_arm_sim/install/my_cubes_pkg/share/my_cubes_pkg/hook/ament_prefix_path.dsv'
[1.818s] INFO:colcon.colcon_core.shell:Creating environment hook '/home/stephenq0503/Desktop/robot_arm_sim/install/my_cubes_pkg/share/my_cubes_pkg/hook/ament_prefix_path.sh'
[1.836s] INFO:colcon.colcon_core.shell:Skip shell extension 'powershell' for command environment: Not usable outside of PowerShell
[1.836s] DEBUG:colcon.colcon_core.shell:Skip shell extension 'dsv' for command environment
[1.886s] INFO:colcon.colcon_ros.task.ament_python.build:Building ROS package in '/home/stephenq0503/Desktop/robot_arm_sim/src/my_environment_pkg' with build type 'ament_python'
[1.886s] Level 1:colcon.colcon_core.shell:create_environment_hook('my_environment_pkg', 'ament_prefix_path')
[1.904s] INFO:colcon.colcon_core.shell:Creating environment hook '/home/stephenq0503/Desktop/robot_arm_sim/install/my_environment_pkg/share/my_environment_pkg/hook/ament_prefix_path.ps1'
[1.904s] INFO:colcon.colcon_core.shell:Creating environment descriptor '/home/stephenq0503/Desktop/robot_arm_sim/install/my_environment_pkg/share/my_environment_pkg/hook/ament_prefix_path.dsv'
[1.905s] INFO:colcon.colcon_core.shell:Creating environment hook '/home/stephenq0503/Desktop/robot_arm_sim/install/my_environment_pkg/share/my_environment_pkg/hook/ament_prefix_path.sh'
[1.923s] INFO:colcon.colcon_core.shell:Skip shell extension 'powershell' for command environment: Not usable outside of PowerShell
[1.923s] DEBUG:colcon.colcon_core.shell:Skip shell extension 'dsv' for command environment
[1.978s] INFO:colcon.colcon_ros.task.ament_python.build:Building ROS package in '/home/stephenq0503/Desktop/robot_arm_sim/src/my_robot_pkg' with build type 'ament_python'
[1.978s] Level 1:colcon.colcon_core.shell:create_environment_hook('my_robot_pkg', 'ament_prefix_path')
[1.996s] INFO:colcon.colcon_core.shell:Creating environment hook '/home/stephenq0503/Desktop/robot_arm_sim/install/my_robot_pkg/share/my_robot_pkg/hook/ament_prefix_path.ps1'
[1.996s] INFO:colcon.colcon_core.shell:Creating environment descriptor '/home/stephenq0503/Desktop/robot_arm_sim/install/my_robot_pkg/share/my_robot_pkg/hook/ament_prefix_path.dsv'
[1.997s] INFO:colcon.colcon_core.shell:Creating environment hook '/home/stephenq0503/Desktop/robot_arm_sim/install/my_robot_pkg/share/my_robot_pkg/hook/ament_prefix_path.sh'
[2.016s] INFO:colcon.colcon_core.shell:Skip shell extension 'powershell' for command environment: Not usable outside of PowerShell
[2.017s] DEBUG:colcon.colcon_core.shell:Skip shell extension 'dsv' for command environment
[2.341s] INFO:colcon.colcon_core.task.python.build:Building Python package in '/home/stephenq0503/Desktop/robot_arm_sim/src/my_cubes_pkg'
[2.360s] INFO:colcon.colcon_core.shell:Skip shell extension 'powershell' for command environment: Not usable outside of PowerShell
[2.360s] DEBUG:colcon.colcon_core.shell:Skip shell extension 'dsv' for command environment
[2.674s] INFO:colcon.colcon_core.task.python.build:Building Python package in '/home/stephenq0503/Desktop/robot_arm_sim/src/my_environment_pkg'
[2.692s] INFO:colcon.colcon_core.shell:Skip shell extension 'powershell' for command environment: Not usable outside of PowerShell
[2.692s] DEBUG:colcon.colcon_core.shell:Skip shell extension 'dsv' for command environment
[3.008s] INFO:colcon.colcon_core.task.python.build:Building Python package in '/home/stephenq0503/Desktop/robot_arm_sim/src/my_robot_pkg'
[3.028s] INFO:colcon.colcon_core.shell:Skip shell extension 'powershell' for command environment: Not usable outside of PowerShell
[3.028s] DEBUG:colcon.colcon_core.shell:Skip shell extension 'dsv' for command environment
[3.485s] DEBUG:colcon.colcon_core.event_handler.log_command:Invoking command in '/home/stephenq0503/Desktop/robot_arm_sim/src/my_environment_pkg': PYTHONPATH=/home/stephenq0503/Desktop/robot_arm_sim/build/my_environment_pkg/prefix_override:/home/stephenq0503/Desktop/robot_arm_sim/install/my_environment_pkg/lib/python3.10/site-packages:${PYTHONPATH} /usr/bin/python3 setup.py egg_info --egg-base ../../build/my_environment_pkg build --build-base /home/stephenq0503/Desktop/robot_arm_sim/build/my_environment_pkg/build install --record /home/stephenq0503/Desktop/robot_arm_sim/build/my_environment_pkg/install.log --single-version-externally-managed
[3.493s] DEBUG:colcon.colcon_core.event_handler.log_command:Invoking command in '/home/stephenq0503/Desktop/robot_arm_sim/src/my_cubes_pkg': PYTHONPATH=/home/stephenq0503/Desktop/robot_arm_sim/build/my_cubes_pkg/prefix_override:/home/stephenq0503/Desktop/robot_arm_sim/install/my_cubes_pkg/lib/python3.10/site-packages:${PYTHONPATH} /usr/bin/python3 setup.py egg_info --egg-base ../../build/my_cubes_pkg build --build-base /home/stephenq0503/Desktop/robot_arm_sim/build/my_cubes_pkg/build install --record /home/stephenq0503/Desktop/robot_arm_sim/build/my_cubes_pkg/install.log --single-version-externally-managed
[3.516s] DEBUG:colcon.colcon_core.event_handler.log_command:Invoking command in '/home/stephenq0503/Desktop/robot_arm_sim/src/my_robot_pkg': PYTHONPATH=/home/stephenq0503/Desktop/robot_arm_sim/build/my_robot_pkg/prefix_override:/home/stephenq0503/Desktop/robot_arm_sim/install/my_robot_pkg/lib/python3.10/site-packages:${PYTHONPATH} /usr/bin/python3 setup.py egg_info --egg-base ../../build/my_robot_pkg build --build-base /home/stephenq0503/Desktop/robot_arm_sim/build/my_robot_pkg/build install --record /home/stephenq0503/Desktop/robot_arm_sim/build/my_robot_pkg/install.log --single-version-externally-managed
[3.850s] DEBUG:colcon.colcon_core.event_handler.log_command:Invoked command in '/home/stephenq0503/Desktop/robot_arm_sim/src/my_robot_pkg' returned '0': PYTHONPATH=/home/stephenq0503/Desktop/robot_arm_sim/build/my_robot_pkg/prefix_override:/home/stephenq0503/Desktop/robot_arm_sim/install/my_robot_pkg/lib/python3.10/site-packages:${PYTHONPATH} /usr/bin/python3 setup.py egg_info --egg-base ../../build/my_robot_pkg build --build-base /home/stephenq0503/Desktop/robot_arm_sim/build/my_robot_pkg/build install --record /home/stephenq0503/Desktop/robot_arm_sim/build/my_robot_pkg/install.log --single-version-externally-managed
[3.880s] Level 1:colcon.colcon_core.environment:checking '/home/stephenq0503/Desktop/robot_arm_sim/install/my_robot_pkg' for CMake module files
[3.880s] Level 1:colcon.colcon_core.environment:checking '/home/stephenq0503/Desktop/robot_arm_sim/install/my_robot_pkg' for CMake config files
[3.882s] Level 1:colcon.colcon_core.environment:checking '/home/stephenq0503/Desktop/robot_arm_sim/install/my_robot_pkg/lib'
[3.882s] Level 1:colcon.colcon_core.environment:checking '/home/stephenq0503/Desktop/robot_arm_sim/install/my_robot_pkg/bin'
[3.882s] Level 1:colcon.colcon_core.environment:checking '/home/stephenq0503/Desktop/robot_arm_sim/install/my_robot_pkg/lib/pkgconfig/my_robot_pkg.pc'
[3.883s] Level 1:colcon.colcon_core.environment:checking '/home/stephenq0503/Desktop/robot_arm_sim/install/my_robot_pkg/lib/python3.10/site-packages'
[3.883s] Level 1:colcon.colcon_core.shell:create_environment_hook('my_robot_pkg', 'pythonpath')
[3.907s] INFO:colcon.colcon_core.shell:Creating environment hook '/home/stephenq0503/Desktop/robot_arm_sim/install/my_robot_pkg/share/my_robot_pkg/hook/pythonpath.ps1'
[3.907s] INFO:colcon.colcon_core.shell:Creating environment descriptor '/home/stephenq0503/Desktop/robot_arm_sim/install/my_robot_pkg/share/my_robot_pkg/hook/pythonpath.dsv'
[3.908s] INFO:colcon.colcon_core.shell:Creating environment hook '/home/stephenq0503/Desktop/robot_arm_sim/install/my_robot_pkg/share/my_robot_pkg/hook/pythonpath.sh'
[3.909s] Level 1:colcon.colcon_core.environment:checking '/home/stephenq0503/Desktop/robot_arm_sim/install/my_robot_pkg/bin'
[3.909s] Level 1:colcon.colcon_core.environment:create_environment_scripts_only(my_robot_pkg)
[3.933s] INFO:colcon.colcon_core.shell:Creating package script '/home/stephenq0503/Desktop/robot_arm_sim/install/my_robot_pkg/share/my_robot_pkg/package.ps1'
[3.934s] INFO:colcon.colcon_core.shell:Creating package descriptor '/home/stephenq0503/Desktop/robot_arm_sim/install/my_robot_pkg/share/my_robot_pkg/package.dsv'
[3.935s] INFO:colcon.colcon_core.shell:Creating package script '/home/stephenq0503/Desktop/robot_arm_sim/install/my_robot_pkg/share/my_robot_pkg/package.sh'
[3.937s] INFO:colcon.colcon_core.shell:Creating package script '/home/stephenq0503/Desktop/robot_arm_sim/install/my_robot_pkg/share/my_robot_pkg/package.bash'
[3.938s] INFO:colcon.colcon_core.shell:Creating package script '/home/stephenq0503/Desktop/robot_arm_sim/install/my_robot_pkg/share/my_robot_pkg/package.zsh'
[3.939s] Level 1:colcon.colcon_core.environment:create_file_with_runtime_dependencies(/home/stephenq0503/Desktop/robot_arm_sim/install/my_robot_pkg/share/colcon-core/packages/my_robot_pkg)
[3.942s] DEBUG:colcon.colcon_core.event_handler.log_command:Invoked command in '/home/stephenq0503/Desktop/robot_arm_sim/src/my_cubes_pkg' returned '0': PYTHONPATH=/home/stephenq0503/Desktop/robot_arm_sim/build/my_cubes_pkg/prefix_override:/home/stephenq0503/Desktop/robot_arm_sim/install/my_cubes_pkg/lib/python3.10/site-packages:${PYTHONPATH} /usr/bin/python3 setup.py egg_info --egg-base ../../build/my_cubes_pkg build --build-base /home/stephenq0503/Desktop/robot_arm_sim/build/my_cubes_pkg/build install --record /home/stephenq0503/Desktop/robot_arm_sim/build/my_cubes_pkg/install.log --single-version-externally-managed
[3.961s] Level 1:colcon.colcon_core.environment:checking '/home/stephenq0503/Desktop/robot_arm_sim/install/my_cubes_pkg' for CMake module files
[3.961s] Level 1:colcon.colcon_core.environment:checking '/home/stephenq0503/Desktop/robot_arm_sim/install/my_cubes_pkg' for CMake config files
[3.962s] Level 1:colcon.colcon_core.environment:checking '/home/stephenq0503/Desktop/robot_arm_sim/install/my_cubes_pkg/lib'
[3.962s] Level 1:colcon.colcon_core.environment:checking '/home/stephenq0503/Desktop/robot_arm_sim/install/my_cubes_pkg/bin'
[3.962s] Level 1:colcon.colcon_core.environment:checking '/home/stephenq0503/Desktop/robot_arm_sim/install/my_cubes_pkg/lib/pkgconfig/my_cubes_pkg.pc'
[3.962s] Level 1:colcon.colcon_core.environment:checking '/home/stephenq0503/Desktop/robot_arm_sim/install/my_cubes_pkg/lib/python3.10/site-packages'
[3.962s] Level 1:colcon.colcon_core.shell:create_environment_hook('my_cubes_pkg', 'pythonpath')
[3.978s] INFO:colcon.colcon_core.shell:Creating environment hook '/home/stephenq0503/Desktop/robot_arm_sim/install/my_cubes_pkg/share/my_cubes_pkg/hook/pythonpath.ps1'
[3.979s] INFO:colcon.colcon_core.shell:Creating environment descriptor '/home/stephenq0503/Desktop/robot_arm_sim/install/my_cubes_pkg/share/my_cubes_pkg/hook/pythonpath.dsv'
[3.979s] INFO:colcon.colcon_core.shell:Creating environment hook '/home/stephenq0503/Desktop/robot_arm_sim/install/my_cubes_pkg/share/my_cubes_pkg/hook/pythonpath.sh'
[3.980s] Level 1:colcon.colcon_core.environment:checking '/home/stephenq0503/Desktop/robot_arm_sim/install/my_cubes_pkg/bin'
[3.980s] Level 1:colcon.colcon_core.environment:create_environment_scripts_only(my_cubes_pkg)
[3.996s] INFO:colcon.colcon_core.shell:Creating package script '/home/stephenq0503/Desktop/robot_arm_sim/install/my_cubes_pkg/share/my_cubes_pkg/package.ps1'
[3.997s] INFO:colcon.colcon_core.shell:Creating package descriptor '/home/stephenq0503/Desktop/robot_arm_sim/install/my_cubes_pkg/share/my_cubes_pkg/package.dsv'
[3.997s] INFO:colcon.colcon_core.shell:Creating package script '/home/stephenq0503/Desktop/robot_arm_sim/install/my_cubes_pkg/share/my_cubes_pkg/package.sh'
[3.998s] INFO:colcon.colcon_core.shell:Creating package script '/home/stephenq0503/Desktop/robot_arm_sim/install/my_cubes_pkg/share/my_cubes_pkg/package.bash'
[3.998s] INFO:colcon.colcon_core.shell:Creating package script '/home/stephenq0503/Desktop/robot_arm_sim/install/my_cubes_pkg/share/my_cubes_pkg/package.zsh'
[3.998s] Level 1:colcon.colcon_core.environment:create_file_with_runtime_dependencies(/home/stephenq0503/Desktop/robot_arm_sim/install/my_cubes_pkg/share/colcon-core/packages/my_cubes_pkg)
[4.000s] DEBUG:colcon.colcon_core.event_handler.log_command:Invoked command in '/home/stephenq0503/Desktop/robot_arm_sim/src/my_environment_pkg' returned '0': PYTHONPATH=/home/stephenq0503/Desktop/robot_arm_sim/build/my_environment_pkg/prefix_override:/home/stephenq0503/Desktop/robot_arm_sim/install/my_environment_pkg/lib/python3.10/site-packages:${PYTHONPATH} /usr/bin/python3 setup.py egg_info --egg-base ../../build/my_environment_pkg build --build-base /home/stephenq0503/Desktop/robot_arm_sim/build/my_environment_pkg/build install --record /home/stephenq0503/Desktop/robot_arm_sim/build/my_environment_pkg/install.log --single-version-externally-managed
[4.015s] Level 1:colcon.colcon_core.environment:checking '/home/stephenq0503/Desktop/robot_arm_sim/install/my_environment_pkg' for CMake module files
[4.016s] Level 1:colcon.colcon_core.environment:checking '/home/stephenq0503/Desktop/robot_arm_sim/install/my_environment_pkg' for CMake config files
[4.016s] Level 1:colcon.colcon_core.environment:checking '/home/stephenq0503/Desktop/robot_arm_sim/install/my_environment_pkg/lib'
[4.016s] Level 1:colcon.colcon_core.environment:checking '/home/stephenq0503/Desktop/robot_arm_sim/install/my_environment_pkg/bin'
[4.016s] Level 1:colcon.colcon_core.environment:checking '/home/stephenq0503/Desktop/robot_arm_sim/install/my_environment_pkg/lib/pkgconfig/my_environment_pkg.pc'
[4.017s] Level 1:colcon.colcon_core.environment:checking '/home/stephenq0503/Desktop/robot_arm_sim/install/my_environment_pkg/lib/python3.10/site-packages'
[4.017s] Level 1:colcon.colcon_core.shell:create_environment_hook('my_environment_pkg', 'pythonpath')
[4.034s] INFO:colcon.colcon_core.shell:Creating environment hook '/home/stephenq0503/Desktop/robot_arm_sim/install/my_environment_pkg/share/my_environment_pkg/hook/pythonpath.ps1'
[4.035s] INFO:colcon.colcon_core.shell:Creating environment descriptor '/home/stephenq0503/Desktop/robot_arm_sim/install/my_environment_pkg/share/my_environment_pkg/hook/pythonpath.dsv'
[4.035s] INFO:colcon.colcon_core.shell:Creating environment hook '/home/stephenq0503/Desktop/robot_arm_sim/install/my_environment_pkg/share/my_environment_pkg/hook/pythonpath.sh'
[4.036s] Level 1:colcon.colcon_core.environment:checking '/home/stephenq0503/Desktop/robot_arm_sim/install/my_environment_pkg/bin'
[4.036s] Level 1:colcon.colcon_core.environment:create_environment_scripts_only(my_environment_pkg)
[4.052s] INFO:colcon.colcon_core.shell:Creating package script '/home/stephenq0503/Desktop/robot_arm_sim/install/my_environment_pkg/share/my_environment_pkg/package.ps1'
[4.053s] INFO:colcon.colcon_core.shell:Creating package descriptor '/home/stephenq0503/Desktop/robot_arm_sim/install/my_environment_pkg/share/my_environment_pkg/package.dsv'
[4.053s] INFO:colcon.colcon_core.shell:Creating package script '/home/stephenq0503/Desktop/robot_arm_sim/install/my_environment_pkg/share/my_environment_pkg/package.sh'
[4.054s] INFO:colcon.colcon_core.shell:Creating package script '/home/stephenq0503/Desktop/robot_arm_sim/install/my_environment_pkg/share/my_environment_pkg/package.bash'
[4.054s] INFO:colcon.colcon_core.shell:Creating package script '/home/stephenq0503/Desktop/robot_arm_sim/install/my_environment_pkg/share/my_environment_pkg/package.zsh'
[4.055s] Level 1:colcon.colcon_core.environment:create_file_with_runtime_dependencies(/home/stephenq0503/Desktop/robot_arm_sim/install/my_environment_pkg/share/colcon-core/packages/my_environment_pkg)
[4.055s] DEBUG:colcon.colcon_parallel_executor.executor.parallel:closing loop
[4.055s] DEBUG:colcon.colcon_parallel_executor.executor.parallel:loop closed
[4.055s] DEBUG:colcon.colcon_parallel_executor.executor.parallel:run_until_complete finished with '0'
[4.055s] DEBUG:colcon.colcon_core.event_reactor:joining thread
[4.077s] INFO:colcon.colcon_core.plugin_system:Skipping extension 'colcon_notification.desktop_notification.terminal_notifier': Not used on non-Darwin systems
[4.077s] INFO:colcon.colcon_core.plugin_system:Skipping extension 'colcon_notification.desktop_notification.win32': Not used on non-Windows systems
[4.077s] INFO:colcon.colcon_notification.desktop_notification:Sending desktop notification using 'notify2'
[4.088s] DEBUG:colcon.colcon_core.event_reactor:joined thread
[4.105s] INFO:colcon.colcon_core.shell:Creating prefix script '/home/stephenq0503/Desktop/robot_arm_sim/install/local_setup.ps1'
[4.106s] INFO:colcon.colcon_core.shell:Creating prefix util module '/home/stephenq0503/Desktop/robot_arm_sim/install/_local_setup_util_ps1.py'
[4.108s] INFO:colcon.colcon_core.shell:Creating prefix chain script '/home/stephenq0503/Desktop/robot_arm_sim/install/setup.ps1'
[4.126s] INFO:colcon.colcon_core.shell:Creating prefix script '/home/stephenq0503/Desktop/robot_arm_sim/install/local_setup.sh'
[4.127s] INFO:colcon.colcon_core.shell:Creating prefix util module '/home/stephenq0503/Desktop/robot_arm_sim/install/_local_setup_util_sh.py'
[4.127s] INFO:colcon.colcon_core.shell:Creating prefix chain script '/home/stephenq0503/Desktop/robot_arm_sim/install/setup.sh'
[4.146s] INFO:colcon.colcon_core.shell:Creating prefix script '/home/stephenq0503/Desktop/robot_arm_sim/install/local_setup.bash'
[4.146s] INFO:colcon.colcon_core.shell:Creating prefix chain script '/home/stephenq0503/Desktop/robot_arm_sim/install/setup.bash'
[4.163s] INFO:colcon.colcon_core.shell:Creating prefix script '/home/stephenq0503/Desktop/robot_arm_sim/install/local_setup.zsh'
[4.164s] INFO:colcon.colcon_core.shell:Creating prefix chain script '/home/stephenq0503/Desktop/robot_arm_sim/install/setup.zsh'
