[0.580s] Invoking command in '/home/stephenq0503/Desktop/robot_arm_sim/build/rviz_marker_tools': AMENT_PREFIX_PATH=/home/stephenq0503/Desktop/robot_arm_sim/install/moveit_common:${AMENT_PREFIX_PATH} CMAKE_PREFIX_PATH=/home/stephenq0503/Desktop/robot_arm_sim/install/moveit_common:/home/stephenq0503/Desktop/robot_arm_sim/install/six_dof_arm:/home/stephenq0503/Desktop/robot_arm_sim/install/gazebo_ros2_control:/opt/ros/humble /usr/bin/cmake /home/stephenq0503/Desktop/robot_arm_sim/src/moveit_task_constructor/rviz_marker_tools -DCMAKE_INSTALL_PREFIX=/home/stephenq0503/Desktop/robot_arm_sim/install/rviz_marker_tools
[0.989s] -- The C compiler identification is GNU 11.4.0
[0.991s] -- The CXX compiler identification is GNU 11.4.0
[1.001s] -- Detecting C compiler ABI info
[1.183s] -- Detecting C compiler ABI info - done
[1.204s] -- Check for working C compiler: /usr/bin/cc - skipped
[1.204s] -- Detecting C compile features
[1.206s] -- Detecting C compile features - done
[1.216s] -- Detecting CXX compiler ABI info
[1.423s] -- Detecting CXX compiler ABI info - done
[1.455s] -- Check for working CXX compiler: /usr/bin/c++ - skipped
[1.455s] -- Detecting CXX compile features
[1.455s] -- Detecting CXX compile features - done
[1.461s] -- Found ament_cmake: 1.3.7 (/opt/ros/humble/share/ament_cmake/cmake)
[1.917s] -- Found Python3: /usr/bin/python3.10 (found version "3.10.12") found components: Interpreter 
[2.142s] -- Found moveit_common: 2.5.5 (/home/stephenq0503/Desktop/robot_arm_sim/install/moveit_common/share/moveit_common/cmake)
[2.318s] -- Found libdw: /usr/lib/x86_64-linux-gnu/libdw.so  
[2.338s] -- Could NOT find libbfd (missing: LIBBFD_LIBRARY LIBBFD_INCLUDE_DIR) 
[2.338s] -- BACKWARD_HAS_UNWIND=1
[2.338s] -- BACKWARD_HAS_BACKTRACE=0
[2.338s] -- BACKWARD_HAS_BACKTRACE_SYMBOL=0
[2.339s] -- BACKWARD_HAS_DW=1
[2.339s] -- BACKWARD_HAS_BFD=0
[2.343s] -- Found Backward: /opt/ros/humble/share/backward_ros/cmake  
[2.344s] [0mrviz_marker_tools: You did not request a specific build type: Choosing 'Release' for maximum performance[0m
[2.349s] -- Found eigen3_cmake_module: 0.1.1 (/opt/ros/humble/share/eigen3_cmake_module/cmake)
[2.377s] -- Found Eigen3: TRUE (found version "3.4.0") 
[2.391s] -- Found geometry_msgs: 4.2.3 (/opt/ros/humble/share/geometry_msgs/cmake)
[2.499s] -- Found rosidl_generator_c: 3.1.5 (/opt/ros/humble/share/rosidl_generator_c/cmake)
[2.506s] -- Found rosidl_adapter: 3.1.5 (/opt/ros/humble/share/rosidl_adapter/cmake)
[2.586s] -- Found rosidl_generator_cpp: 3.1.5 (/opt/ros/humble/share/rosidl_generator_cpp/cmake)
[2.620s] -- Using all available rosidl_typesupport_c: rosidl_typesupport_fastrtps_c;rosidl_typesupport_introspection_c
[2.685s] -- Using all available rosidl_typesupport_cpp: rosidl_typesupport_fastrtps_cpp;rosidl_typesupport_introspection_cpp
[3.186s] -- Found rclcpp: 16.0.8 (/opt/ros/humble/share/rclcpp/cmake)
[3.437s] -- Found rmw_implementation_cmake: 6.1.1 (/opt/ros/humble/share/rmw_implementation_cmake/cmake)
[3.461s] -- Found rmw_fastrtps_cpp: 6.2.6 (/opt/ros/humble/share/rmw_fastrtps_cpp/cmake)
[3.889s] -- Found OpenSSL: /usr/lib/x86_64-linux-gnu/libcrypto.so (found version "3.0.2")  
[4.052s] -- Found FastRTPS: /opt/ros/humble/include  
[4.180s] -- Using RMW implementation 'rmw_fastrtps_cpp' as default
[4.264s] -- Looking for pthread.h
[4.555s] -- Looking for pthread.h - found
[4.555s] -- Performing Test CMAKE_HAVE_LIBC_PTHREAD
[4.784s] -- Performing Test CMAKE_HAVE_LIBC_PTHREAD - Success
[4.786s] -- Found Threads: TRUE  
[5.169s] -- Found rviz2: 11.2.10 (/opt/ros/humble/share/rviz2/cmake)
[5.170s] -- Found tf2_eigen: 0.25.5 (/opt/ros/humble/share/tf2_eigen/cmake)
[6.202s] -- Found visualization_msgs: 4.2.3 (/opt/ros/humble/share/visualization_msgs/cmake)
[6.843s] -- Configuring done
[6.889s] -- Generating done
[6.889s] -- Build files have been written to: /home/stephenq0503/Desktop/robot_arm_sim/build/rviz_marker_tools
[6.913s] Invoked command in '/home/stephenq0503/Desktop/robot_arm_sim/build/rviz_marker_tools' returned '0': AMENT_PREFIX_PATH=/home/stephenq0503/Desktop/robot_arm_sim/install/moveit_common:${AMENT_PREFIX_PATH} CMAKE_PREFIX_PATH=/home/stephenq0503/Desktop/robot_arm_sim/install/moveit_common:/home/stephenq0503/Desktop/robot_arm_sim/install/six_dof_arm:/home/stephenq0503/Desktop/robot_arm_sim/install/gazebo_ros2_control:/opt/ros/humble /usr/bin/cmake /home/stephenq0503/Desktop/robot_arm_sim/src/moveit_task_constructor/rviz_marker_tools -DCMAKE_INSTALL_PREFIX=/home/stephenq0503/Desktop/robot_arm_sim/install/rviz_marker_tools
[6.916s] Invoking command in '/home/stephenq0503/Desktop/robot_arm_sim/build/rviz_marker_tools': AMENT_PREFIX_PATH=/home/stephenq0503/Desktop/robot_arm_sim/install/moveit_common:${AMENT_PREFIX_PATH} CMAKE_PREFIX_PATH=/home/stephenq0503/Desktop/robot_arm_sim/install/moveit_common:/home/stephenq0503/Desktop/robot_arm_sim/install/six_dof_arm:/home/stephenq0503/Desktop/robot_arm_sim/install/gazebo_ros2_control:/opt/ros/humble /usr/bin/cmake --build /home/stephenq0503/Desktop/robot_arm_sim/build/rviz_marker_tools -- -j8 -l8
[7.038s] [ 50%] [32mBuilding CXX object CMakeFiles/rviz_marker_tools.dir/src/marker_creation.cpp.o[0m
[29.199s] [100%] [32m[1mLinking CXX shared library librviz_marker_tools.so[0m
[29.465s] [100%] Built target rviz_marker_tools
[29.482s] Invoked command in '/home/stephenq0503/Desktop/robot_arm_sim/build/rviz_marker_tools' returned '0': AMENT_PREFIX_PATH=/home/stephenq0503/Desktop/robot_arm_sim/install/moveit_common:${AMENT_PREFIX_PATH} CMAKE_PREFIX_PATH=/home/stephenq0503/Desktop/robot_arm_sim/install/moveit_common:/home/stephenq0503/Desktop/robot_arm_sim/install/six_dof_arm:/home/stephenq0503/Desktop/robot_arm_sim/install/gazebo_ros2_control:/opt/ros/humble /usr/bin/cmake --build /home/stephenq0503/Desktop/robot_arm_sim/build/rviz_marker_tools -- -j8 -l8
[29.527s] Invoking command in '/home/stephenq0503/Desktop/robot_arm_sim/build/rviz_marker_tools': AMENT_PREFIX_PATH=/home/stephenq0503/Desktop/robot_arm_sim/install/moveit_common:${AMENT_PREFIX_PATH} CMAKE_PREFIX_PATH=/home/stephenq0503/Desktop/robot_arm_sim/install/moveit_common:/home/stephenq0503/Desktop/robot_arm_sim/install/six_dof_arm:/home/stephenq0503/Desktop/robot_arm_sim/install/gazebo_ros2_control:/opt/ros/humble /usr/bin/cmake --install /home/stephenq0503/Desktop/robot_arm_sim/build/rviz_marker_tools
[29.539s] -- Install configuration: "Release"
[29.544s] -- Installing: /home/stephenq0503/Desktop/robot_arm_sim/install/rviz_marker_tools/include
[29.546s] -- Installing: /home/stephenq0503/Desktop/robot_arm_sim/install/rviz_marker_tools/include/rviz_marker_tools
[29.547s] -- Installing: /home/stephenq0503/Desktop/robot_arm_sim/install/rviz_marker_tools/include/rviz_marker_tools/marker_creation.h
[29.547s] -- Installing: /home/stephenq0503/Desktop/robot_arm_sim/install/rviz_marker_tools/lib/librviz_marker_tools.so
[29.547s] -- Set runtime path of "/home/stephenq0503/Desktop/robot_arm_sim/install/rviz_marker_tools/lib/librviz_marker_tools.so" to ""
[29.547s] -- Installing: /home/stephenq0503/Desktop/robot_arm_sim/install/rviz_marker_tools/share/rviz_marker_tools/environment/library_path.sh
[29.547s] -- Installing: /home/stephenq0503/Desktop/robot_arm_sim/install/rviz_marker_tools/share/rviz_marker_tools/environment/library_path.dsv
[29.547s] -- Installing: /home/stephenq0503/Desktop/robot_arm_sim/install/rviz_marker_tools/share/ament_index/resource_index/package_run_dependencies/rviz_marker_tools
[29.548s] -- Installing: /home/stephenq0503/Desktop/robot_arm_sim/install/rviz_marker_tools/share/ament_index/resource_index/parent_prefix_path/rviz_marker_tools
[29.548s] -- Installing: /home/stephenq0503/Desktop/robot_arm_sim/install/rviz_marker_tools/share/rviz_marker_tools/environment/ament_prefix_path.sh
[29.548s] -- Installing: /home/stephenq0503/Desktop/robot_arm_sim/install/rviz_marker_tools/share/rviz_marker_tools/environment/ament_prefix_path.dsv
[29.548s] -- Installing: /home/stephenq0503/Desktop/robot_arm_sim/install/rviz_marker_tools/share/rviz_marker_tools/environment/path.sh
[29.548s] -- Installing: /home/stephenq0503/Desktop/robot_arm_sim/install/rviz_marker_tools/share/rviz_marker_tools/environment/path.dsv
[29.548s] -- Installing: /home/stephenq0503/Desktop/robot_arm_sim/install/rviz_marker_tools/share/rviz_marker_tools/local_setup.bash
[29.548s] -- Installing: /home/stephenq0503/Desktop/robot_arm_sim/install/rviz_marker_tools/share/rviz_marker_tools/local_setup.sh
[29.548s] -- Installing: /home/stephenq0503/Desktop/robot_arm_sim/install/rviz_marker_tools/share/rviz_marker_tools/local_setup.zsh
[29.548s] -- Installing: /home/stephenq0503/Desktop/robot_arm_sim/install/rviz_marker_tools/share/rviz_marker_tools/local_setup.dsv
[29.549s] -- Installing: /home/stephenq0503/Desktop/robot_arm_sim/install/rviz_marker_tools/share/rviz_marker_tools/package.dsv
[29.549s] -- Installing: /home/stephenq0503/Desktop/robot_arm_sim/install/rviz_marker_tools/share/ament_index/resource_index/packages/rviz_marker_tools
[29.549s] -- Installing: /home/stephenq0503/Desktop/robot_arm_sim/install/rviz_marker_tools/share/rviz_marker_tools/cmake/rviz_marker_toolsTargetsExport.cmake
[29.549s] -- Installing: /home/stephenq0503/Desktop/robot_arm_sim/install/rviz_marker_tools/share/rviz_marker_tools/cmake/rviz_marker_toolsTargetsExport-release.cmake
[29.549s] -- Installing: /home/stephenq0503/Desktop/robot_arm_sim/install/rviz_marker_tools/share/rviz_marker_tools/cmake/ament_cmake_export_targets-extras.cmake
[29.549s] -- Installing: /home/stephenq0503/Desktop/robot_arm_sim/install/rviz_marker_tools/share/rviz_marker_tools/cmake/ament_cmake_export_dependencies-extras.cmake
[29.549s] -- Installing: /home/stephenq0503/Desktop/robot_arm_sim/install/rviz_marker_tools/share/rviz_marker_tools/cmake/rviz_marker_toolsConfig.cmake
[29.549s] -- Installing: /home/stephenq0503/Desktop/robot_arm_sim/install/rviz_marker_tools/share/rviz_marker_tools/cmake/rviz_marker_toolsConfig-version.cmake
[29.550s] -- Installing: /home/stephenq0503/Desktop/robot_arm_sim/install/rviz_marker_tools/share/rviz_marker_tools/package.xml
[29.562s] Invoked command in '/home/stephenq0503/Desktop/robot_arm_sim/build/rviz_marker_tools' returned '0': AMENT_PREFIX_PATH=/home/stephenq0503/Desktop/robot_arm_sim/install/moveit_common:${AMENT_PREFIX_PATH} CMAKE_PREFIX_PATH=/home/stephenq0503/Desktop/robot_arm_sim/install/moveit_common:/home/stephenq0503/Desktop/robot_arm_sim/install/six_dof_arm:/home/stephenq0503/Desktop/robot_arm_sim/install/gazebo_ros2_control:/opt/ros/humble /usr/bin/cmake --install /home/stephenq0503/Desktop/robot_arm_sim/build/rviz_marker_tools
