[0.097s] Invoking command in '/home/stephenq0503/Desktop/robot_arm_sim/build/gazebo_ros2_control': CMAKE_PREFIX_PATH=/opt/ros/humble /usr/bin/cmake /home/stephenq0503/Desktop/robot_arm_sim/src/gazebo_ros2_control -DCMAKE_INSTALL_PREFIX=/home/stephenq0503/Desktop/robot_arm_sim/install/gazebo_ros2_control
[0.235s] -- The C compiler identification is GNU 11.4.0
[0.292s] -- The CXX compiler identification is GNU 11.4.0
[0.299s] -- Detecting C compiler ABI info
[0.368s] -- Detecting C compiler ABI info - done
[0.375s] -- Check for working C compiler: /usr/bin/cc - skipped
[0.375s] -- Detecting C compile features
[0.376s] -- Detecting C compile features - done
[0.379s] -- Detecting CXX compiler ABI info
[0.460s] -- Detecting CXX compiler ABI info - done
[0.468s] -- Check for working CXX compiler: /usr/bin/c++ - skipped
[0.469s] -- Detecting CXX compile features
[0.469s] -- Detecting CXX compile features - done
[0.471s] -- Found ament_cmake: 1.3.7 (/opt/ros/humble/share/ament_cmake/cmake)
[0.643s] -- Found Python3: /usr/bin/python3.10 (found version "3.10.12") found components: Interpreter 
[0.729s] -- Found ament_lint_auto: 0.12.10 (/opt/ros/humble/share/ament_lint_auto/cmake)
[0.809s] -- Added test 'lint_cmake' to check CMake code style
[0.811s] -- Added test 'xmllint' to check XML markup files
[0.812s] -- Configuring done
[0.876s] -- Generating done
[0.879s] -- Build files have been written to: /home/stephenq0503/Desktop/robot_arm_sim/build/gazebo_ros2_control
[0.894s] Invoked command in '/home/stephenq0503/Desktop/robot_arm_sim/build/gazebo_ros2_control' returned '0': CMAKE_PREFIX_PATH=/opt/ros/humble /usr/bin/cmake /home/stephenq0503/Desktop/robot_arm_sim/src/gazebo_ros2_control -DCMAKE_INSTALL_PREFIX=/home/stephenq0503/Desktop/robot_arm_sim/install/gazebo_ros2_control
[0.900s] Invoking command in '/home/stephenq0503/Desktop/robot_arm_sim/build/gazebo_ros2_control': CMAKE_PREFIX_PATH=/opt/ros/humble /usr/bin/cmake --build /home/stephenq0503/Desktop/robot_arm_sim/build/gazebo_ros2_control -- -j8 -l8
[0.962s] Invoked command in '/home/stephenq0503/Desktop/robot_arm_sim/build/gazebo_ros2_control' returned '0': CMAKE_PREFIX_PATH=/opt/ros/humble /usr/bin/cmake --build /home/stephenq0503/Desktop/robot_arm_sim/build/gazebo_ros2_control -- -j8 -l8
[0.996s] Invoking command in '/home/stephenq0503/Desktop/robot_arm_sim/build/gazebo_ros2_control': CMAKE_PREFIX_PATH=/opt/ros/humble /usr/bin/cmake --install /home/stephenq0503/Desktop/robot_arm_sim/build/gazebo_ros2_control
[1.005s] -- Install configuration: ""
[1.006s] -- Installing: /home/stephenq0503/Desktop/robot_arm_sim/install/gazebo_ros2_control/share/ament_index/resource_index/package_run_dependencies/gazebo_ros2_control
[1.007s] -- Installing: /home/stephenq0503/Desktop/robot_arm_sim/install/gazebo_ros2_control/share/ament_index/resource_index/parent_prefix_path/gazebo_ros2_control
[1.008s] -- Installing: /home/stephenq0503/Desktop/robot_arm_sim/install/gazebo_ros2_control/share/gazebo_ros2_control/environment/ament_prefix_path.sh
[1.008s] -- Installing: /home/stephenq0503/Desktop/robot_arm_sim/install/gazebo_ros2_control/share/gazebo_ros2_control/environment/ament_prefix_path.dsv
[1.009s] -- Installing: /home/stephenq0503/Desktop/robot_arm_sim/install/gazebo_ros2_control/share/gazebo_ros2_control/environment/path.sh
[1.009s] -- Installing: /home/stephenq0503/Desktop/robot_arm_sim/install/gazebo_ros2_control/share/gazebo_ros2_control/environment/path.dsv
[1.010s] -- Installing: /home/stephenq0503/Desktop/robot_arm_sim/install/gazebo_ros2_control/share/gazebo_ros2_control/local_setup.bash
[1.011s] -- Installing: /home/stephenq0503/Desktop/robot_arm_sim/install/gazebo_ros2_control/share/gazebo_ros2_control/local_setup.sh
[1.012s] -- Installing: /home/stephenq0503/Desktop/robot_arm_sim/install/gazebo_ros2_control/share/gazebo_ros2_control/local_setup.zsh
[1.012s] -- Installing: /home/stephenq0503/Desktop/robot_arm_sim/install/gazebo_ros2_control/share/gazebo_ros2_control/local_setup.dsv
[1.012s] -- Installing: /home/stephenq0503/Desktop/robot_arm_sim/install/gazebo_ros2_control/share/gazebo_ros2_control/package.dsv
[1.012s] -- Installing: /home/stephenq0503/Desktop/robot_arm_sim/install/gazebo_ros2_control/share/ament_index/resource_index/packages/gazebo_ros2_control
[1.012s] -- Installing: /home/stephenq0503/Desktop/robot_arm_sim/install/gazebo_ros2_control/share/gazebo_ros2_control/cmake/gazebo_ros2_controlConfig.cmake
[1.013s] -- Installing: /home/stephenq0503/Desktop/robot_arm_sim/install/gazebo_ros2_control/share/gazebo_ros2_control/cmake/gazebo_ros2_controlConfig-version.cmake
[1.013s] -- Installing: /home/stephenq0503/Desktop/robot_arm_sim/install/gazebo_ros2_control/share/gazebo_ros2_control/package.xml
[1.067s] Invoked command in '/home/stephenq0503/Desktop/robot_arm_sim/build/gazebo_ros2_control' returned '0': CMAKE_PREFIX_PATH=/opt/ros/humble /usr/bin/cmake --install /home/stephenq0503/Desktop/robot_arm_sim/build/gazebo_ros2_control
