[1.740s] DEBUG:colcon:Command line arguments: ['/usr/bin/colcon', 'build']
[1.741s] DEBUG:colcon:Parsed command line arguments: Namespace(log_base=None, log_level=None, verb_name='build', build_base='build', install_base='install', merge_install=False, symlink_install=False, test_result_base=None, continue_on_error=False, executor='parallel', parallel_workers=8, event_handlers=None, ignore_user_meta=False, metas=['./colcon.meta'], base_paths=['.'], packages_ignore=None, packages_ignore_regex=None, paths=None, packages_up_to=None, packages_up_to_regex=None, packages_above=None, packages_above_and_dependencies=None, packages_above_depth=None, packages_select_by_dep=None, packages_skip_by_dep=None, packages_skip_up_to=None, packages_select_build_failed=False, packages_skip_build_finished=False, packages_select_test_failures=False, packages_skip_test_passed=False, packages_select=None, packages_skip=None, packages_select_regex=None, packages_skip_regex=None, packages_start=None, packages_end=None, allow_overriding=[], cmake_args=None, cmake_target=None, cmake_target_skip_unavailable=False, cmake_clean_cache=False, cmake_clean_first=False, cmake_force_configure=False, ament_cmake_args=None, catkin_cmake_args=None, catkin_skip_building_tests=False, mixin_files=None, mixin=None, verb_parser=<colcon_mixin.mixin.mixin_argument.MixinArgumentDecorator object at 0x7f08cbcab8e0>, verb_extension=<colcon_core.verb.build.BuildVerb object at 0x7f08cbcab670>, main=<bound method BuildVerb.main of <colcon_core.verb.build.BuildVerb object at 0x7f08cbcab670>>, mixin_verb=('build',))
[1.811s] Level 1:colcon.colcon_core.package_discovery:discover_packages(colcon_meta) check parameters
[1.811s] Level 1:colcon.colcon_core.package_discovery:discover_packages(recursive) check parameters
[1.812s] Level 1:colcon.colcon_core.package_discovery:discover_packages(ignore) check parameters
[1.812s] Level 1:colcon.colcon_core.package_discovery:discover_packages(path) check parameters
[1.812s] Level 1:colcon.colcon_core.package_discovery:discover_packages(colcon_meta) discover
[1.812s] Level 1:colcon.colcon_core.package_discovery:discover_packages(recursive) discover
[1.812s] INFO:colcon.colcon_core.package_discovery:Crawling recursively for packages in '/home/stephenq0503/Desktop/robot_arm_sim'
[1.812s] Level 1:colcon.colcon_core.package_identification:_identify(.) by extensions ['ignore', 'ignore_ament_install']
[1.812s] Level 1:colcon.colcon_core.package_identification:_identify(.) by extension 'ignore'
[1.812s] Level 1:colcon.colcon_core.package_identification:_identify(.) by extension 'ignore_ament_install'
[1.812s] Level 1:colcon.colcon_core.package_identification:_identify(.) by extensions ['colcon_pkg']
[1.812s] Level 1:colcon.colcon_core.package_identification:_identify(.) by extension 'colcon_pkg'
[1.812s] Level 1:colcon.colcon_core.package_identification:_identify(.) by extensions ['colcon_meta']
[1.812s] Level 1:colcon.colcon_core.package_identification:_identify(.) by extension 'colcon_meta'
[1.813s] Level 1:colcon.colcon_core.package_identification:_identify(.) by extensions ['ros']
[1.813s] Level 1:colcon.colcon_core.package_identification:_identify(.) by extension 'ros'
[1.828s] Level 1:colcon.colcon_core.package_identification:_identify(.) by extensions ['cmake', 'python']
[1.828s] Level 1:colcon.colcon_core.package_identification:_identify(.) by extension 'cmake'
[1.828s] Level 1:colcon.colcon_core.package_identification:_identify(.) by extension 'python'
[1.828s] Level 1:colcon.colcon_core.package_identification:_identify(.) by extensions ['python_setup_py']
[1.828s] Level 1:colcon.colcon_core.package_identification:_identify(.) by extension 'python_setup_py'
[1.829s] Level 1:colcon.colcon_core.package_identification:_identify(build) by extensions ['ignore', 'ignore_ament_install']
[1.829s] Level 1:colcon.colcon_core.package_identification:_identify(build) by extension 'ignore'
[1.829s] Level 1:colcon.colcon_core.package_identification:_identify(build) ignored
[1.829s] Level 1:colcon.colcon_core.package_identification:_identify(install) by extensions ['ignore', 'ignore_ament_install']
[1.829s] Level 1:colcon.colcon_core.package_identification:_identify(install) by extension 'ignore'
[1.829s] Level 1:colcon.colcon_core.package_identification:_identify(install) ignored
[1.829s] Level 1:colcon.colcon_core.package_identification:_identify(log) by extensions ['ignore', 'ignore_ament_install']
[1.829s] Level 1:colcon.colcon_core.package_identification:_identify(log) by extension 'ignore'
[1.830s] Level 1:colcon.colcon_core.package_identification:_identify(log) ignored
[1.830s] Level 1:colcon.colcon_core.package_identification:_identify(src) by extensions ['ignore', 'ignore_ament_install']
[1.830s] Level 1:colcon.colcon_core.package_identification:_identify(src) by extension 'ignore'
[1.830s] Level 1:colcon.colcon_core.package_identification:_identify(src) by extension 'ignore_ament_install'
[1.830s] Level 1:colcon.colcon_core.package_identification:_identify(src) by extensions ['colcon_pkg']
[1.830s] Level 1:colcon.colcon_core.package_identification:_identify(src) by extension 'colcon_pkg'
[1.830s] Level 1:colcon.colcon_core.package_identification:_identify(src) by extensions ['colcon_meta']
[1.830s] Level 1:colcon.colcon_core.package_identification:_identify(src) by extension 'colcon_meta'
[1.830s] Level 1:colcon.colcon_core.package_identification:_identify(src) by extensions ['ros']
[1.830s] Level 1:colcon.colcon_core.package_identification:_identify(src) by extension 'ros'
[1.830s] Level 1:colcon.colcon_core.package_identification:_identify(src) by extensions ['cmake', 'python']
[1.830s] Level 1:colcon.colcon_core.package_identification:_identify(src) by extension 'cmake'
[1.830s] Level 1:colcon.colcon_core.package_identification:_identify(src) by extension 'python'
[1.830s] Level 1:colcon.colcon_core.package_identification:_identify(src) by extensions ['python_setup_py']
[1.830s] Level 1:colcon.colcon_core.package_identification:_identify(src) by extension 'python_setup_py'
[1.831s] Level 1:colcon.colcon_core.package_identification:_identify(src/my_robot_pkg) by extensions ['ignore', 'ignore_ament_install']
[1.831s] Level 1:colcon.colcon_core.package_identification:_identify(src/my_robot_pkg) by extension 'ignore'
[1.831s] Level 1:colcon.colcon_core.package_identification:_identify(src/my_robot_pkg) by extension 'ignore_ament_install'
[1.831s] Level 1:colcon.colcon_core.package_identification:_identify(src/my_robot_pkg) by extensions ['colcon_pkg']
[1.831s] Level 1:colcon.colcon_core.package_identification:_identify(src/my_robot_pkg) by extension 'colcon_pkg'
[1.831s] Level 1:colcon.colcon_core.package_identification:_identify(src/my_robot_pkg) by extensions ['colcon_meta']
[1.831s] Level 1:colcon.colcon_core.package_identification:_identify(src/my_robot_pkg) by extension 'colcon_meta'
[1.831s] Level 1:colcon.colcon_core.package_identification:_identify(src/my_robot_pkg) by extensions ['ros']
[1.831s] Level 1:colcon.colcon_core.package_identification:_identify(src/my_robot_pkg) by extension 'ros'
[1.834s] DEBUG:colcon.colcon_core.package_identification:Package 'src/my_robot_pkg' with type 'ros.ament_python' and name 'my_robot_pkg'
[1.834s] Level 1:colcon.colcon_core.package_discovery:discover_packages(recursive) using defaults
[1.834s] Level 1:colcon.colcon_core.package_discovery:discover_packages(ignore) discover
[1.834s] Level 1:colcon.colcon_core.package_discovery:discover_packages(ignore) using defaults
[1.835s] Level 1:colcon.colcon_core.package_discovery:discover_packages(path) discover
[1.835s] Level 1:colcon.colcon_core.package_discovery:discover_packages(path) using defaults
[1.954s] Level 1:colcon.colcon_core.package_discovery:discover_packages(prefix_path) check parameters
[1.955s] Level 1:colcon.colcon_core.package_discovery:discover_packages(prefix_path) discover
[1.974s] WARNING:colcon.colcon_ros.prefix_path.ament:The path '/home/stephenq0503/Desktop/robot_arm_sim/install/gazebo_ros2_control_demos' in the environment variable AMENT_PREFIX_PATH doesn't exist
[1.975s] WARNING:colcon.colcon_ros.prefix_path.ament:The path '/home/stephenq0503/Desktop/robot_arm_sim/install/gazebo_ros2_control' in the environment variable AMENT_PREFIX_PATH doesn't exist
[1.975s] WARNING:colcon.colcon_ros.prefix_path.ament:The path '/home/stephenq0503/Desktop/robot_arm_sim/install/mtc_tutorial' in the environment variable AMENT_PREFIX_PATH doesn't exist
[1.975s] WARNING:colcon.colcon_ros.prefix_path.ament:The path '/home/stephenq0503/Desktop/robot_arm_sim/install/pilz_industrial_motion_planner_testutils' in the environment variable AMENT_PREFIX_PATH doesn't exist
[1.975s] WARNING:colcon.colcon_ros.prefix_path.ament:The path '/home/stephenq0503/Desktop/robot_arm_sim/install/moveit_runtime' in the environment variable AMENT_PREFIX_PATH doesn't exist
[1.975s] WARNING:colcon.colcon_ros.prefix_path.ament:The path '/home/stephenq0503/Desktop/robot_arm_sim/install/moveit2_tutorials' in the environment variable AMENT_PREFIX_PATH doesn't exist
[1.975s] WARNING:colcon.colcon_ros.prefix_path.ament:The path '/home/stephenq0503/Desktop/robot_arm_sim/install/moveit' in the environment variable AMENT_PREFIX_PATH doesn't exist
[1.975s] WARNING:colcon.colcon_ros.prefix_path.ament:The path '/home/stephenq0503/Desktop/robot_arm_sim/install/moveit_planners' in the environment variable AMENT_PREFIX_PATH doesn't exist
[1.975s] WARNING:colcon.colcon_ros.prefix_path.ament:The path '/home/stephenq0503/Desktop/robot_arm_sim/install/pilz_industrial_motion_planner' in the environment variable AMENT_PREFIX_PATH doesn't exist
[1.975s] WARNING:colcon.colcon_ros.prefix_path.ament:The path '/home/stephenq0503/Desktop/robot_arm_sim/install/moveit_visual_tools' in the environment variable AMENT_PREFIX_PATH doesn't exist
[1.975s] WARNING:colcon.colcon_ros.prefix_path.ament:The path '/home/stephenq0503/Desktop/robot_arm_sim/install/moveit_task_constructor_visualization' in the environment variable AMENT_PREFIX_PATH doesn't exist
[1.975s] WARNING:colcon.colcon_ros.prefix_path.ament:The path '/home/stephenq0503/Desktop/robot_arm_sim/install/moveit_task_constructor_demo' in the environment variable AMENT_PREFIX_PATH doesn't exist
[1.975s] WARNING:colcon.colcon_ros.prefix_path.ament:The path '/home/stephenq0503/Desktop/robot_arm_sim/install/moveit_task_constructor_capabilities' in the environment variable AMENT_PREFIX_PATH doesn't exist
[1.975s] WARNING:colcon.colcon_ros.prefix_path.ament:The path '/home/stephenq0503/Desktop/robot_arm_sim/install/moveit_task_constructor_core' in the environment variable AMENT_PREFIX_PATH doesn't exist
[1.975s] WARNING:colcon.colcon_ros.prefix_path.ament:The path '/home/stephenq0503/Desktop/robot_arm_sim/install/moveit_ros_control_interface' in the environment variable AMENT_PREFIX_PATH doesn't exist
[1.975s] WARNING:colcon.colcon_ros.prefix_path.ament:The path '/home/stephenq0503/Desktop/robot_arm_sim/install/moveit_plugins' in the environment variable AMENT_PREFIX_PATH doesn't exist
[1.976s] WARNING:colcon.colcon_ros.prefix_path.ament:The path '/home/stephenq0503/Desktop/robot_arm_sim/install/moveit_simple_controller_manager' in the environment variable AMENT_PREFIX_PATH doesn't exist
[1.976s] WARNING:colcon.colcon_ros.prefix_path.ament:The path '/home/stephenq0503/Desktop/robot_arm_sim/install/moveit_setup_assistant' in the environment variable AMENT_PREFIX_PATH doesn't exist
[1.976s] WARNING:colcon.colcon_ros.prefix_path.ament:The path '/home/stephenq0503/Desktop/robot_arm_sim/install/moveit_setup_srdf_plugins' in the environment variable AMENT_PREFIX_PATH doesn't exist
[1.976s] WARNING:colcon.colcon_ros.prefix_path.ament:The path '/home/stephenq0503/Desktop/robot_arm_sim/install/moveit_setup_core_plugins' in the environment variable AMENT_PREFIX_PATH doesn't exist
[1.976s] WARNING:colcon.colcon_ros.prefix_path.ament:The path '/home/stephenq0503/Desktop/robot_arm_sim/install/moveit_setup_controllers' in the environment variable AMENT_PREFIX_PATH doesn't exist
[1.976s] WARNING:colcon.colcon_ros.prefix_path.ament:The path '/home/stephenq0503/Desktop/robot_arm_sim/install/moveit_setup_app_plugins' in the environment variable AMENT_PREFIX_PATH doesn't exist
[1.976s] WARNING:colcon.colcon_ros.prefix_path.ament:The path '/home/stephenq0503/Desktop/robot_arm_sim/install/moveit_setup_framework' in the environment variable AMENT_PREFIX_PATH doesn't exist
[1.976s] WARNING:colcon.colcon_ros.prefix_path.ament:The path '/home/stephenq0503/Desktop/robot_arm_sim/install/moveit_servo' in the environment variable AMENT_PREFIX_PATH doesn't exist
[1.976s] WARNING:colcon.colcon_ros.prefix_path.ament:The path '/home/stephenq0503/Desktop/robot_arm_sim/install/moveit_ros' in the environment variable AMENT_PREFIX_PATH doesn't exist
[1.976s] WARNING:colcon.colcon_ros.prefix_path.ament:The path '/home/stephenq0503/Desktop/robot_arm_sim/install/moveit_ros_visualization' in the environment variable AMENT_PREFIX_PATH doesn't exist
[1.976s] WARNING:colcon.colcon_ros.prefix_path.ament:The path '/home/stephenq0503/Desktop/robot_arm_sim/install/moveit_hybrid_planning' in the environment variable AMENT_PREFIX_PATH doesn't exist
[1.976s] WARNING:colcon.colcon_ros.prefix_path.ament:The path '/home/stephenq0503/Desktop/robot_arm_sim/install/moveit_ros_planning_interface' in the environment variable AMENT_PREFIX_PATH doesn't exist
[1.976s] WARNING:colcon.colcon_ros.prefix_path.ament:The path '/home/stephenq0503/Desktop/robot_arm_sim/install/moveit_ros_benchmarks' in the environment variable AMENT_PREFIX_PATH doesn't exist
[1.976s] WARNING:colcon.colcon_ros.prefix_path.ament:The path '/home/stephenq0503/Desktop/robot_arm_sim/install/moveit_ros_warehouse' in the environment variable AMENT_PREFIX_PATH doesn't exist
[1.976s] WARNING:colcon.colcon_ros.prefix_path.ament:The path '/home/stephenq0503/Desktop/robot_arm_sim/install/moveit_ros_robot_interaction' in the environment variable AMENT_PREFIX_PATH doesn't exist
[1.977s] WARNING:colcon.colcon_ros.prefix_path.ament:The path '/home/stephenq0503/Desktop/robot_arm_sim/install/moveit_ros_perception' in the environment variable AMENT_PREFIX_PATH doesn't exist
[1.977s] WARNING:colcon.colcon_ros.prefix_path.ament:The path '/home/stephenq0503/Desktop/robot_arm_sim/install/moveit_resources_prbt_pg70_support' in the environment variable AMENT_PREFIX_PATH doesn't exist
[1.977s] WARNING:colcon.colcon_ros.prefix_path.ament:The path '/home/stephenq0503/Desktop/robot_arm_sim/install/moveit_resources_prbt_moveit_config' in the environment variable AMENT_PREFIX_PATH doesn't exist
[1.977s] WARNING:colcon.colcon_ros.prefix_path.ament:The path '/home/stephenq0503/Desktop/robot_arm_sim/install/moveit_ros_move_group' in the environment variable AMENT_PREFIX_PATH doesn't exist
[1.977s] WARNING:colcon.colcon_ros.prefix_path.ament:The path '/home/stephenq0503/Desktop/robot_arm_sim/install/moveit_planners_ompl' in the environment variable AMENT_PREFIX_PATH doesn't exist
[1.977s] WARNING:colcon.colcon_ros.prefix_path.ament:The path '/home/stephenq0503/Desktop/robot_arm_sim/install/moveit_ros_planning' in the environment variable AMENT_PREFIX_PATH doesn't exist
[1.977s] WARNING:colcon.colcon_ros.prefix_path.ament:The path '/home/stephenq0503/Desktop/robot_arm_sim/install/moveit_ros_occupancy_map_monitor' in the environment variable AMENT_PREFIX_PATH doesn't exist
[1.977s] WARNING:colcon.colcon_ros.prefix_path.ament:The path '/home/stephenq0503/Desktop/robot_arm_sim/install/moveit_resources_prbt_ikfast_manipulator_plugin' in the environment variable AMENT_PREFIX_PATH doesn't exist
[1.977s] WARNING:colcon.colcon_ros.prefix_path.ament:The path '/home/stephenq0503/Desktop/robot_arm_sim/install/moveit_planners_chomp' in the environment variable AMENT_PREFIX_PATH doesn't exist
[1.977s] WARNING:colcon.colcon_ros.prefix_path.ament:The path '/home/stephenq0503/Desktop/robot_arm_sim/install/moveit_kinematics' in the environment variable AMENT_PREFIX_PATH doesn't exist
[1.977s] WARNING:colcon.colcon_ros.prefix_path.ament:The path '/home/stephenq0503/Desktop/robot_arm_sim/install/moveit_chomp_optimizer_adapter' in the environment variable AMENT_PREFIX_PATH doesn't exist
[1.977s] WARNING:colcon.colcon_ros.prefix_path.ament:The path '/home/stephenq0503/Desktop/robot_arm_sim/install/chomp_motion_planner' in the environment variable AMENT_PREFIX_PATH doesn't exist
[1.977s] WARNING:colcon.colcon_ros.prefix_path.ament:The path '/home/stephenq0503/Desktop/robot_arm_sim/install/moveit_core' in the environment variable AMENT_PREFIX_PATH doesn't exist
[1.977s] WARNING:colcon.colcon_ros.prefix_path.ament:The path '/home/stephenq0503/Desktop/robot_arm_sim/install/moveit_configs_utils' in the environment variable AMENT_PREFIX_PATH doesn't exist
[1.978s] WARNING:colcon.colcon_ros.prefix_path.ament:The path '/home/stephenq0503/Desktop/robot_arm_sim/install/srdfdom' in the environment variable AMENT_PREFIX_PATH doesn't exist
[1.978s] WARNING:colcon.colcon_ros.prefix_path.ament:The path '/home/stephenq0503/Desktop/robot_arm_sim/install/rviz_marker_tools' in the environment variable AMENT_PREFIX_PATH doesn't exist
[1.978s] WARNING:colcon.colcon_ros.prefix_path.ament:The path '/home/stephenq0503/Desktop/robot_arm_sim/install/rosparam_shortcuts' in the environment variable AMENT_PREFIX_PATH doesn't exist
[1.978s] WARNING:colcon.colcon_ros.prefix_path.ament:The path '/home/stephenq0503/Desktop/robot_arm_sim/install/moveit_task_constructor_msgs' in the environment variable AMENT_PREFIX_PATH doesn't exist
[1.978s] WARNING:colcon.colcon_ros.prefix_path.ament:The path '/home/stephenq0503/Desktop/robot_arm_sim/install/moveit_resources_prbt_support' in the environment variable AMENT_PREFIX_PATH doesn't exist
[1.978s] WARNING:colcon.colcon_ros.prefix_path.ament:The path '/home/stephenq0503/Desktop/robot_arm_sim/install/moveit_resources' in the environment variable AMENT_PREFIX_PATH doesn't exist
[1.978s] WARNING:colcon.colcon_ros.prefix_path.ament:The path '/home/stephenq0503/Desktop/robot_arm_sim/install/moveit_resources_pr2_description' in the environment variable AMENT_PREFIX_PATH doesn't exist
[1.978s] WARNING:colcon.colcon_ros.prefix_path.ament:The path '/home/stephenq0503/Desktop/robot_arm_sim/install/moveit_resources_panda_moveit_config' in the environment variable AMENT_PREFIX_PATH doesn't exist
[1.978s] WARNING:colcon.colcon_ros.prefix_path.ament:The path '/home/stephenq0503/Desktop/robot_arm_sim/install/moveit_resources_panda_description' in the environment variable AMENT_PREFIX_PATH doesn't exist
[1.978s] WARNING:colcon.colcon_ros.prefix_path.ament:The path '/home/stephenq0503/Desktop/robot_arm_sim/install/moveit_resources_fanuc_moveit_config' in the environment variable AMENT_PREFIX_PATH doesn't exist
[1.978s] WARNING:colcon.colcon_ros.prefix_path.ament:The path '/home/stephenq0503/Desktop/robot_arm_sim/install/moveit_resources_fanuc_description' in the environment variable AMENT_PREFIX_PATH doesn't exist
[1.978s] WARNING:colcon.colcon_ros.prefix_path.ament:The path '/home/stephenq0503/Desktop/robot_arm_sim/install/moveit_common' in the environment variable AMENT_PREFIX_PATH doesn't exist
[1.978s] WARNING:colcon.colcon_ros.prefix_path.ament:The path '/home/stephenq0503/Desktop/robot_arm_sim/install/launch_param_builder' in the environment variable AMENT_PREFIX_PATH doesn't exist
[1.979s] WARNING:colcon.colcon_ros.prefix_path.catkin:The path '/home/stephenq0503/Desktop/robot_arm_sim/install/gazebo_ros2_control_demos' in the environment variable CMAKE_PREFIX_PATH doesn't exist
[1.979s] WARNING:colcon.colcon_ros.prefix_path.catkin:The path '/home/stephenq0503/Desktop/robot_arm_sim/install/gazebo_ros2_control' in the environment variable CMAKE_PREFIX_PATH doesn't exist
[1.979s] WARNING:colcon.colcon_ros.prefix_path.catkin:The path '/home/stephenq0503/Desktop/robot_arm_sim/install/mtc_tutorial' in the environment variable CMAKE_PREFIX_PATH doesn't exist
[1.979s] WARNING:colcon.colcon_ros.prefix_path.catkin:The path '/home/stephenq0503/Desktop/robot_arm_sim/install/pilz_industrial_motion_planner_testutils' in the environment variable CMAKE_PREFIX_PATH doesn't exist
[1.979s] WARNING:colcon.colcon_ros.prefix_path.catkin:The path '/home/stephenq0503/Desktop/robot_arm_sim/install/moveit_runtime' in the environment variable CMAKE_PREFIX_PATH doesn't exist
[1.979s] WARNING:colcon.colcon_ros.prefix_path.catkin:The path '/home/stephenq0503/Desktop/robot_arm_sim/install/moveit2_tutorials' in the environment variable CMAKE_PREFIX_PATH doesn't exist
[1.979s] WARNING:colcon.colcon_ros.prefix_path.catkin:The path '/home/stephenq0503/Desktop/robot_arm_sim/install/moveit' in the environment variable CMAKE_PREFIX_PATH doesn't exist
[1.979s] WARNING:colcon.colcon_ros.prefix_path.catkin:The path '/home/stephenq0503/Desktop/robot_arm_sim/install/moveit_planners' in the environment variable CMAKE_PREFIX_PATH doesn't exist
[1.979s] WARNING:colcon.colcon_ros.prefix_path.catkin:The path '/home/stephenq0503/Desktop/robot_arm_sim/install/pilz_industrial_motion_planner' in the environment variable CMAKE_PREFIX_PATH doesn't exist
[1.979s] WARNING:colcon.colcon_ros.prefix_path.catkin:The path '/home/stephenq0503/Desktop/robot_arm_sim/install/moveit_visual_tools' in the environment variable CMAKE_PREFIX_PATH doesn't exist
[1.979s] WARNING:colcon.colcon_ros.prefix_path.catkin:The path '/home/stephenq0503/Desktop/robot_arm_sim/install/moveit_task_constructor_visualization' in the environment variable CMAKE_PREFIX_PATH doesn't exist
[1.979s] WARNING:colcon.colcon_ros.prefix_path.catkin:The path '/home/stephenq0503/Desktop/robot_arm_sim/install/moveit_task_constructor_demo' in the environment variable CMAKE_PREFIX_PATH doesn't exist
[1.979s] WARNING:colcon.colcon_ros.prefix_path.catkin:The path '/home/stephenq0503/Desktop/robot_arm_sim/install/moveit_task_constructor_capabilities' in the environment variable CMAKE_PREFIX_PATH doesn't exist
[1.979s] WARNING:colcon.colcon_ros.prefix_path.catkin:The path '/home/stephenq0503/Desktop/robot_arm_sim/install/moveit_task_constructor_core' in the environment variable CMAKE_PREFIX_PATH doesn't exist
[1.980s] WARNING:colcon.colcon_ros.prefix_path.catkin:The path '/home/stephenq0503/Desktop/robot_arm_sim/install/moveit_ros_control_interface' in the environment variable CMAKE_PREFIX_PATH doesn't exist
[1.980s] WARNING:colcon.colcon_ros.prefix_path.catkin:The path '/home/stephenq0503/Desktop/robot_arm_sim/install/moveit_plugins' in the environment variable CMAKE_PREFIX_PATH doesn't exist
[1.980s] WARNING:colcon.colcon_ros.prefix_path.catkin:The path '/home/stephenq0503/Desktop/robot_arm_sim/install/moveit_simple_controller_manager' in the environment variable CMAKE_PREFIX_PATH doesn't exist
[1.980s] WARNING:colcon.colcon_ros.prefix_path.catkin:The path '/home/stephenq0503/Desktop/robot_arm_sim/install/moveit_setup_assistant' in the environment variable CMAKE_PREFIX_PATH doesn't exist
[1.980s] WARNING:colcon.colcon_ros.prefix_path.catkin:The path '/home/stephenq0503/Desktop/robot_arm_sim/install/moveit_setup_srdf_plugins' in the environment variable CMAKE_PREFIX_PATH doesn't exist
[1.980s] WARNING:colcon.colcon_ros.prefix_path.catkin:The path '/home/stephenq0503/Desktop/robot_arm_sim/install/moveit_setup_core_plugins' in the environment variable CMAKE_PREFIX_PATH doesn't exist
[1.980s] WARNING:colcon.colcon_ros.prefix_path.catkin:The path '/home/stephenq0503/Desktop/robot_arm_sim/install/moveit_setup_controllers' in the environment variable CMAKE_PREFIX_PATH doesn't exist
[1.980s] WARNING:colcon.colcon_ros.prefix_path.catkin:The path '/home/stephenq0503/Desktop/robot_arm_sim/install/moveit_setup_app_plugins' in the environment variable CMAKE_PREFIX_PATH doesn't exist
[1.980s] WARNING:colcon.colcon_ros.prefix_path.catkin:The path '/home/stephenq0503/Desktop/robot_arm_sim/install/moveit_setup_framework' in the environment variable CMAKE_PREFIX_PATH doesn't exist
[1.980s] WARNING:colcon.colcon_ros.prefix_path.catkin:The path '/home/stephenq0503/Desktop/robot_arm_sim/install/moveit_servo' in the environment variable CMAKE_PREFIX_PATH doesn't exist
[1.980s] WARNING:colcon.colcon_ros.prefix_path.catkin:The path '/home/stephenq0503/Desktop/robot_arm_sim/install/moveit_ros' in the environment variable CMAKE_PREFIX_PATH doesn't exist
[1.980s] WARNING:colcon.colcon_ros.prefix_path.catkin:The path '/home/stephenq0503/Desktop/robot_arm_sim/install/moveit_ros_visualization' in the environment variable CMAKE_PREFIX_PATH doesn't exist
[1.980s] WARNING:colcon.colcon_ros.prefix_path.catkin:The path '/home/stephenq0503/Desktop/robot_arm_sim/install/moveit_hybrid_planning' in the environment variable CMAKE_PREFIX_PATH doesn't exist
[1.981s] WARNING:colcon.colcon_ros.prefix_path.catkin:The path '/home/stephenq0503/Desktop/robot_arm_sim/install/moveit_ros_planning_interface' in the environment variable CMAKE_PREFIX_PATH doesn't exist
[1.981s] WARNING:colcon.colcon_ros.prefix_path.catkin:The path '/home/stephenq0503/Desktop/robot_arm_sim/install/moveit_ros_benchmarks' in the environment variable CMAKE_PREFIX_PATH doesn't exist
[1.981s] WARNING:colcon.colcon_ros.prefix_path.catkin:The path '/home/stephenq0503/Desktop/robot_arm_sim/install/moveit_ros_warehouse' in the environment variable CMAKE_PREFIX_PATH doesn't exist
[1.987s] WARNING:colcon.colcon_ros.prefix_path.catkin:The path '/home/stephenq0503/Desktop/robot_arm_sim/install/moveit_ros_robot_interaction' in the environment variable CMAKE_PREFIX_PATH doesn't exist
[1.987s] WARNING:colcon.colcon_ros.prefix_path.catkin:The path '/home/stephenq0503/Desktop/robot_arm_sim/install/moveit_ros_perception' in the environment variable CMAKE_PREFIX_PATH doesn't exist
[1.987s] WARNING:colcon.colcon_ros.prefix_path.catkin:The path '/home/stephenq0503/Desktop/robot_arm_sim/install/moveit_resources_prbt_pg70_support' in the environment variable CMAKE_PREFIX_PATH doesn't exist
[1.988s] WARNING:colcon.colcon_ros.prefix_path.catkin:The path '/home/stephenq0503/Desktop/robot_arm_sim/install/moveit_resources_prbt_moveit_config' in the environment variable CMAKE_PREFIX_PATH doesn't exist
[1.988s] WARNING:colcon.colcon_ros.prefix_path.catkin:The path '/home/stephenq0503/Desktop/robot_arm_sim/install/moveit_ros_move_group' in the environment variable CMAKE_PREFIX_PATH doesn't exist
[1.988s] WARNING:colcon.colcon_ros.prefix_path.catkin:The path '/home/stephenq0503/Desktop/robot_arm_sim/install/moveit_planners_ompl' in the environment variable CMAKE_PREFIX_PATH doesn't exist
[1.988s] WARNING:colcon.colcon_ros.prefix_path.catkin:The path '/home/stephenq0503/Desktop/robot_arm_sim/install/moveit_ros_planning' in the environment variable CMAKE_PREFIX_PATH doesn't exist
[1.988s] WARNING:colcon.colcon_ros.prefix_path.catkin:The path '/home/stephenq0503/Desktop/robot_arm_sim/install/moveit_ros_occupancy_map_monitor' in the environment variable CMAKE_PREFIX_PATH doesn't exist
[1.988s] WARNING:colcon.colcon_ros.prefix_path.catkin:The path '/home/stephenq0503/Desktop/robot_arm_sim/install/moveit_resources_prbt_ikfast_manipulator_plugin' in the environment variable CMAKE_PREFIX_PATH doesn't exist
[1.988s] WARNING:colcon.colcon_ros.prefix_path.catkin:The path '/home/stephenq0503/Desktop/robot_arm_sim/install/moveit_planners_chomp' in the environment variable CMAKE_PREFIX_PATH doesn't exist
[1.988s] WARNING:colcon.colcon_ros.prefix_path.catkin:The path '/home/stephenq0503/Desktop/robot_arm_sim/install/moveit_kinematics' in the environment variable CMAKE_PREFIX_PATH doesn't exist
[1.988s] WARNING:colcon.colcon_ros.prefix_path.catkin:The path '/home/stephenq0503/Desktop/robot_arm_sim/install/moveit_chomp_optimizer_adapter' in the environment variable CMAKE_PREFIX_PATH doesn't exist
[1.988s] WARNING:colcon.colcon_ros.prefix_path.catkin:The path '/home/stephenq0503/Desktop/robot_arm_sim/install/chomp_motion_planner' in the environment variable CMAKE_PREFIX_PATH doesn't exist
[1.988s] WARNING:colcon.colcon_ros.prefix_path.catkin:The path '/home/stephenq0503/Desktop/robot_arm_sim/install/moveit_core' in the environment variable CMAKE_PREFIX_PATH doesn't exist
[1.988s] WARNING:colcon.colcon_ros.prefix_path.catkin:The path '/home/stephenq0503/Desktop/robot_arm_sim/install/srdfdom' in the environment variable CMAKE_PREFIX_PATH doesn't exist
[1.989s] WARNING:colcon.colcon_ros.prefix_path.catkin:The path '/home/stephenq0503/Desktop/robot_arm_sim/install/rviz_marker_tools' in the environment variable CMAKE_PREFIX_PATH doesn't exist
[1.989s] WARNING:colcon.colcon_ros.prefix_path.catkin:The path '/home/stephenq0503/Desktop/robot_arm_sim/install/rosparam_shortcuts' in the environment variable CMAKE_PREFIX_PATH doesn't exist
[1.989s] WARNING:colcon.colcon_ros.prefix_path.catkin:The path '/home/stephenq0503/Desktop/robot_arm_sim/install/moveit_task_constructor_msgs' in the environment variable CMAKE_PREFIX_PATH doesn't exist
[1.989s] WARNING:colcon.colcon_ros.prefix_path.catkin:The path '/home/stephenq0503/Desktop/robot_arm_sim/install/moveit_resources_prbt_support' in the environment variable CMAKE_PREFIX_PATH doesn't exist
[1.989s] WARNING:colcon.colcon_ros.prefix_path.catkin:The path '/home/stephenq0503/Desktop/robot_arm_sim/install/moveit_resources' in the environment variable CMAKE_PREFIX_PATH doesn't exist
[1.989s] WARNING:colcon.colcon_ros.prefix_path.catkin:The path '/home/stephenq0503/Desktop/robot_arm_sim/install/moveit_resources_pr2_description' in the environment variable CMAKE_PREFIX_PATH doesn't exist
[1.989s] WARNING:colcon.colcon_ros.prefix_path.catkin:The path '/home/stephenq0503/Desktop/robot_arm_sim/install/moveit_resources_panda_moveit_config' in the environment variable CMAKE_PREFIX_PATH doesn't exist
[1.989s] WARNING:colcon.colcon_ros.prefix_path.catkin:The path '/home/stephenq0503/Desktop/robot_arm_sim/install/moveit_resources_panda_description' in the environment variable CMAKE_PREFIX_PATH doesn't exist
[1.989s] WARNING:colcon.colcon_ros.prefix_path.catkin:The path '/home/stephenq0503/Desktop/robot_arm_sim/install/moveit_resources_fanuc_moveit_config' in the environment variable CMAKE_PREFIX_PATH doesn't exist
[1.989s] WARNING:colcon.colcon_ros.prefix_path.catkin:The path '/home/stephenq0503/Desktop/robot_arm_sim/install/moveit_resources_fanuc_description' in the environment variable CMAKE_PREFIX_PATH doesn't exist
[1.989s] WARNING:colcon.colcon_ros.prefix_path.catkin:The path '/home/stephenq0503/Desktop/robot_arm_sim/install/moveit_common' in the environment variable CMAKE_PREFIX_PATH doesn't exist
[2.013s] DEBUG:colcon.colcon_installed_package_information.package_discovery:Found 1 installed packages in /home/stephenq0503/Desktop/robot_arm_sim/install
[2.034s] DEBUG:colcon.colcon_installed_package_information.package_discovery:Found 370 installed packages in /opt/ros/humble
[2.036s] Level 1:colcon.colcon_core.package_discovery:discover_packages(prefix_path) using defaults
[2.165s] Level 5:colcon.colcon_core.verb:set package 'my_robot_pkg' build argument 'cmake_args' from command line to 'None'
[2.166s] Level 5:colcon.colcon_core.verb:set package 'my_robot_pkg' build argument 'cmake_target' from command line to 'None'
[2.166s] Level 5:colcon.colcon_core.verb:set package 'my_robot_pkg' build argument 'cmake_target_skip_unavailable' from command line to 'False'
[2.166s] Level 5:colcon.colcon_core.verb:set package 'my_robot_pkg' build argument 'cmake_clean_cache' from command line to 'False'
[2.166s] Level 5:colcon.colcon_core.verb:set package 'my_robot_pkg' build argument 'cmake_clean_first' from command line to 'False'
[2.166s] Level 5:colcon.colcon_core.verb:set package 'my_robot_pkg' build argument 'cmake_force_configure' from command line to 'False'
[2.166s] Level 5:colcon.colcon_core.verb:set package 'my_robot_pkg' build argument 'ament_cmake_args' from command line to 'None'
[2.166s] Level 5:colcon.colcon_core.verb:set package 'my_robot_pkg' build argument 'catkin_cmake_args' from command line to 'None'
[2.166s] Level 5:colcon.colcon_core.verb:set package 'my_robot_pkg' build argument 'catkin_skip_building_tests' from command line to 'False'
[2.166s] DEBUG:colcon.colcon_core.verb:Building package 'my_robot_pkg' with the following arguments: {'ament_cmake_args': None, 'build_base': '/home/stephenq0503/Desktop/robot_arm_sim/build/my_robot_pkg', 'catkin_cmake_args': None, 'catkin_skip_building_tests': False, 'cmake_args': None, 'cmake_clean_cache': False, 'cmake_clean_first': False, 'cmake_force_configure': False, 'cmake_target': None, 'cmake_target_skip_unavailable': False, 'install_base': '/home/stephenq0503/Desktop/robot_arm_sim/install/my_robot_pkg', 'merge_install': False, 'path': '/home/stephenq0503/Desktop/robot_arm_sim/src/my_robot_pkg', 'symlink_install': False, 'test_result_base': None}
[2.185s] INFO:colcon.colcon_core.executor:Executing jobs using 'parallel' executor
[2.204s] DEBUG:colcon.colcon_parallel_executor.executor.parallel:run_until_complete
[2.205s] INFO:colcon.colcon_ros.task.ament_python.build:Building ROS package in '/home/stephenq0503/Desktop/robot_arm_sim/src/my_robot_pkg' with build type 'ament_python'
[2.205s] Level 1:colcon.colcon_core.shell:create_environment_hook('my_robot_pkg', 'ament_prefix_path')
[2.226s] INFO:colcon.colcon_core.plugin_system:Skipping extension 'colcon_core.shell.bat': Not used on non-Windows systems
[2.226s] INFO:colcon.colcon_core.shell:Creating environment hook '/home/stephenq0503/Desktop/robot_arm_sim/install/my_robot_pkg/share/my_robot_pkg/hook/ament_prefix_path.ps1'
[2.227s] INFO:colcon.colcon_core.shell:Creating environment descriptor '/home/stephenq0503/Desktop/robot_arm_sim/install/my_robot_pkg/share/my_robot_pkg/hook/ament_prefix_path.dsv'
[2.228s] INFO:colcon.colcon_core.shell:Creating environment hook '/home/stephenq0503/Desktop/robot_arm_sim/install/my_robot_pkg/share/my_robot_pkg/hook/ament_prefix_path.sh'
[2.247s] INFO:colcon.colcon_core.shell:Skip shell extension 'powershell' for command environment: Not usable outside of PowerShell
[2.248s] DEBUG:colcon.colcon_core.shell:Skip shell extension 'dsv' for command environment
[2.678s] INFO:colcon.colcon_core.task.python.build:Building Python package in '/home/stephenq0503/Desktop/robot_arm_sim/src/my_robot_pkg'
[2.700s] INFO:colcon.colcon_core.shell:Skip shell extension 'powershell' for command environment: Not usable outside of PowerShell
[2.700s] DEBUG:colcon.colcon_core.shell:Skip shell extension 'dsv' for command environment
[3.227s] DEBUG:colcon.colcon_core.event_handler.log_command:Invoking command in '/home/stephenq0503/Desktop/robot_arm_sim/src/my_robot_pkg': PYTHONPATH=/home/stephenq0503/Desktop/robot_arm_sim/build/my_robot_pkg/prefix_override:/home/stephenq0503/Desktop/robot_arm_sim/install/my_robot_pkg/lib/python3.10/site-packages:${PYTHONPATH} /usr/bin/python3 setup.py egg_info --egg-base ../../build/my_robot_pkg build --build-base /home/stephenq0503/Desktop/robot_arm_sim/build/my_robot_pkg/build install --record /home/stephenq0503/Desktop/robot_arm_sim/build/my_robot_pkg/install.log --single-version-externally-managed
[3.610s] DEBUG:colcon.colcon_core.event_handler.log_command:Invoked command in '/home/stephenq0503/Desktop/robot_arm_sim/src/my_robot_pkg' returned '0': PYTHONPATH=/home/stephenq0503/Desktop/robot_arm_sim/build/my_robot_pkg/prefix_override:/home/stephenq0503/Desktop/robot_arm_sim/install/my_robot_pkg/lib/python3.10/site-packages:${PYTHONPATH} /usr/bin/python3 setup.py egg_info --egg-base ../../build/my_robot_pkg build --build-base /home/stephenq0503/Desktop/robot_arm_sim/build/my_robot_pkg/build install --record /home/stephenq0503/Desktop/robot_arm_sim/build/my_robot_pkg/install.log --single-version-externally-managed
[3.637s] Level 1:colcon.colcon_core.environment:checking '/home/stephenq0503/Desktop/robot_arm_sim/install/my_robot_pkg' for CMake module files
[3.638s] Level 1:colcon.colcon_core.environment:checking '/home/stephenq0503/Desktop/robot_arm_sim/install/my_robot_pkg' for CMake config files
[3.639s] Level 1:colcon.colcon_core.environment:checking '/home/stephenq0503/Desktop/robot_arm_sim/install/my_robot_pkg/lib'
[3.639s] Level 1:colcon.colcon_core.environment:checking '/home/stephenq0503/Desktop/robot_arm_sim/install/my_robot_pkg/bin'
[3.639s] Level 1:colcon.colcon_core.environment:checking '/home/stephenq0503/Desktop/robot_arm_sim/install/my_robot_pkg/lib/pkgconfig/my_robot_pkg.pc'
[3.640s] Level 1:colcon.colcon_core.environment:checking '/home/stephenq0503/Desktop/robot_arm_sim/install/my_robot_pkg/lib/python3.10/site-packages'
[3.640s] Level 1:colcon.colcon_core.shell:create_environment_hook('my_robot_pkg', 'pythonpath')
[3.662s] INFO:colcon.colcon_core.shell:Creating environment hook '/home/stephenq0503/Desktop/robot_arm_sim/install/my_robot_pkg/share/my_robot_pkg/hook/pythonpath.ps1'
[3.662s] INFO:colcon.colcon_core.shell:Creating environment descriptor '/home/stephenq0503/Desktop/robot_arm_sim/install/my_robot_pkg/share/my_robot_pkg/hook/pythonpath.dsv'
[3.663s] INFO:colcon.colcon_core.shell:Creating environment hook '/home/stephenq0503/Desktop/robot_arm_sim/install/my_robot_pkg/share/my_robot_pkg/hook/pythonpath.sh'
[3.663s] Level 1:colcon.colcon_core.environment:checking '/home/stephenq0503/Desktop/robot_arm_sim/install/my_robot_pkg/bin'
[3.664s] Level 1:colcon.colcon_core.environment:create_environment_scripts_only(my_robot_pkg)
[3.684s] INFO:colcon.colcon_core.shell:Creating package script '/home/stephenq0503/Desktop/robot_arm_sim/install/my_robot_pkg/share/my_robot_pkg/package.ps1'
[3.685s] INFO:colcon.colcon_core.shell:Creating package descriptor '/home/stephenq0503/Desktop/robot_arm_sim/install/my_robot_pkg/share/my_robot_pkg/package.dsv'
[3.686s] INFO:colcon.colcon_core.shell:Creating package script '/home/stephenq0503/Desktop/robot_arm_sim/install/my_robot_pkg/share/my_robot_pkg/package.sh'
[3.687s] INFO:colcon.colcon_core.shell:Creating package script '/home/stephenq0503/Desktop/robot_arm_sim/install/my_robot_pkg/share/my_robot_pkg/package.bash'
[3.688s] INFO:colcon.colcon_core.shell:Creating package script '/home/stephenq0503/Desktop/robot_arm_sim/install/my_robot_pkg/share/my_robot_pkg/package.zsh'
[3.689s] Level 1:colcon.colcon_core.environment:create_file_with_runtime_dependencies(/home/stephenq0503/Desktop/robot_arm_sim/install/my_robot_pkg/share/colcon-core/packages/my_robot_pkg)
[3.689s] DEBUG:colcon.colcon_parallel_executor.executor.parallel:closing loop
[3.690s] DEBUG:colcon.colcon_parallel_executor.executor.parallel:loop closed
[3.690s] DEBUG:colcon.colcon_parallel_executor.executor.parallel:run_until_complete finished with '0'
[3.690s] DEBUG:colcon.colcon_core.event_reactor:joining thread
[3.725s] INFO:colcon.colcon_core.plugin_system:Skipping extension 'colcon_notification.desktop_notification.terminal_notifier': Not used on non-Darwin systems
[3.725s] INFO:colcon.colcon_core.plugin_system:Skipping extension 'colcon_notification.desktop_notification.win32': Not used on non-Windows systems
[3.725s] INFO:colcon.colcon_notification.desktop_notification:Sending desktop notification using 'notify2'
[3.739s] DEBUG:colcon.colcon_core.event_reactor:joined thread
[3.761s] INFO:colcon.colcon_core.shell:Creating prefix script '/home/stephenq0503/Desktop/robot_arm_sim/install/local_setup.ps1'
[3.762s] INFO:colcon.colcon_core.shell:Creating prefix util module '/home/stephenq0503/Desktop/robot_arm_sim/install/_local_setup_util_ps1.py'
[3.764s] INFO:colcon.colcon_core.shell:Creating prefix chain script '/home/stephenq0503/Desktop/robot_arm_sim/install/setup.ps1'
[3.787s] INFO:colcon.colcon_core.shell:Creating prefix script '/home/stephenq0503/Desktop/robot_arm_sim/install/local_setup.sh'
[3.788s] INFO:colcon.colcon_core.shell:Creating prefix util module '/home/stephenq0503/Desktop/robot_arm_sim/install/_local_setup_util_sh.py'
[3.789s] INFO:colcon.colcon_core.shell:Creating prefix chain script '/home/stephenq0503/Desktop/robot_arm_sim/install/setup.sh'
[3.815s] INFO:colcon.colcon_core.shell:Creating prefix script '/home/stephenq0503/Desktop/robot_arm_sim/install/local_setup.bash'
[3.816s] INFO:colcon.colcon_core.shell:Creating prefix chain script '/home/stephenq0503/Desktop/robot_arm_sim/install/setup.bash'
[3.842s] INFO:colcon.colcon_core.shell:Creating prefix script '/home/stephenq0503/Desktop/robot_arm_sim/install/local_setup.zsh'
[3.843s] INFO:colcon.colcon_core.shell:Creating prefix chain script '/home/stephenq0503/Desktop/robot_arm_sim/install/setup.zsh'
