[2.349s] DEBUG:colcon:Command line arguments: ['/usr/bin/colcon', 'build']
[2.349s] DEBUG:colcon:Parsed command line arguments: Namespace(log_base=None, log_level=None, verb_name='build', build_base='build', install_base='install', merge_install=False, symlink_install=False, test_result_base=None, continue_on_error=False, executor='parallel', parallel_workers=8, event_handlers=None, ignore_user_meta=False, metas=['./colcon.meta'], base_paths=['.'], packages_ignore=None, packages_ignore_regex=None, paths=None, packages_up_to=None, packages_up_to_regex=None, packages_above=None, packages_above_and_dependencies=None, packages_above_depth=None, packages_select_by_dep=None, packages_skip_by_dep=None, packages_skip_up_to=None, packages_select_build_failed=False, packages_skip_build_finished=False, packages_select_test_failures=False, packages_skip_test_passed=False, packages_select=None, packages_skip=None, packages_select_regex=None, packages_skip_regex=None, packages_start=None, packages_end=None, allow_overriding=[], cmake_args=None, cmake_target=None, cmake_target_skip_unavailable=False, cmake_clean_cache=False, cmake_clean_first=False, cmake_force_configure=False, ament_cmake_args=None, catkin_cmake_args=None, catkin_skip_building_tests=False, mixin_files=None, mixin=None, verb_parser=<colcon_mixin.mixin.mixin_argument.MixinArgumentDecorator object at 0x7f7a47ae4130>, verb_extension=<colcon_core.verb.build.BuildVerb object at 0x7f7a47ae4910>, main=<bound method BuildVerb.main of <colcon_core.verb.build.BuildVerb object at 0x7f7a47ae4910>>, mixin_verb=('build',))
[2.432s] Level 1:colcon.colcon_core.package_discovery:discover_packages(colcon_meta) check parameters
[2.432s] Level 1:colcon.colcon_core.package_discovery:discover_packages(recursive) check parameters
[2.432s] Level 1:colcon.colcon_core.package_discovery:discover_packages(ignore) check parameters
[2.432s] Level 1:colcon.colcon_core.package_discovery:discover_packages(path) check parameters
[2.432s] Level 1:colcon.colcon_core.package_discovery:discover_packages(colcon_meta) discover
[2.432s] Level 1:colcon.colcon_core.package_discovery:discover_packages(recursive) discover
[2.432s] INFO:colcon.colcon_core.package_discovery:Crawling recursively for packages in '/home/stephenq0503/Desktop/robot_arm_sim/src'
[2.432s] Level 1:colcon.colcon_core.package_identification:_identify(.) by extensions ['ignore', 'ignore_ament_install']
[2.432s] Level 1:colcon.colcon_core.package_identification:_identify(.) by extension 'ignore'
[2.432s] Level 1:colcon.colcon_core.package_identification:_identify(.) by extension 'ignore_ament_install'
[2.432s] Level 1:colcon.colcon_core.package_identification:_identify(.) by extensions ['colcon_pkg']
[2.432s] Level 1:colcon.colcon_core.package_identification:_identify(.) by extension 'colcon_pkg'
[2.432s] Level 1:colcon.colcon_core.package_identification:_identify(.) by extensions ['colcon_meta']
[2.433s] Level 1:colcon.colcon_core.package_identification:_identify(.) by extension 'colcon_meta'
[2.433s] Level 1:colcon.colcon_core.package_identification:_identify(.) by extensions ['ros']
[2.433s] Level 1:colcon.colcon_core.package_identification:_identify(.) by extension 'ros'
[2.445s] Level 1:colcon.colcon_core.package_identification:_identify(.) by extensions ['cmake', 'python']
[2.445s] Level 1:colcon.colcon_core.package_identification:_identify(.) by extension 'cmake'
[2.445s] Level 1:colcon.colcon_core.package_identification:_identify(.) by extension 'python'
[2.445s] Level 1:colcon.colcon_core.package_identification:_identify(.) by extensions ['python_setup_py']
[2.445s] Level 1:colcon.colcon_core.package_identification:_identify(.) by extension 'python_setup_py'
[2.445s] Level 1:colcon.colcon_core.package_identification:_identify(build) by extensions ['ignore', 'ignore_ament_install']
[2.445s] Level 1:colcon.colcon_core.package_identification:_identify(build) by extension 'ignore'
[2.445s] Level 1:colcon.colcon_core.package_identification:_identify(build) ignored
[2.445s] Level 1:colcon.colcon_core.package_identification:_identify(install) by extensions ['ignore', 'ignore_ament_install']
[2.446s] Level 1:colcon.colcon_core.package_identification:_identify(install) by extension 'ignore'
[2.446s] Level 1:colcon.colcon_core.package_identification:_identify(install) ignored
[2.446s] Level 1:colcon.colcon_core.package_identification:_identify(log) by extensions ['ignore', 'ignore_ament_install']
[2.446s] Level 1:colcon.colcon_core.package_identification:_identify(log) by extension 'ignore'
[2.446s] Level 1:colcon.colcon_core.package_identification:_identify(log) ignored
[2.446s] Level 1:colcon.colcon_core.package_identification:_identify(my_cubes_pkg) by extensions ['ignore', 'ignore_ament_install']
[2.446s] Level 1:colcon.colcon_core.package_identification:_identify(my_cubes_pkg) by extension 'ignore'
[2.446s] Level 1:colcon.colcon_core.package_identification:_identify(my_cubes_pkg) by extension 'ignore_ament_install'
[2.446s] Level 1:colcon.colcon_core.package_identification:_identify(my_cubes_pkg) by extensions ['colcon_pkg']
[2.446s] Level 1:colcon.colcon_core.package_identification:_identify(my_cubes_pkg) by extension 'colcon_pkg'
[2.447s] Level 1:colcon.colcon_core.package_identification:_identify(my_cubes_pkg) by extensions ['colcon_meta']
[2.447s] Level 1:colcon.colcon_core.package_identification:_identify(my_cubes_pkg) by extension 'colcon_meta'
[2.447s] Level 1:colcon.colcon_core.package_identification:_identify(my_cubes_pkg) by extensions ['ros']
[2.447s] Level 1:colcon.colcon_core.package_identification:_identify(my_cubes_pkg) by extension 'ros'
[2.449s] DEBUG:colcon.colcon_core.package_identification:Package 'my_cubes_pkg' with type 'ros.ament_python' and name 'my_cubes_pkg'
[2.449s] Level 1:colcon.colcon_core.package_identification:_identify(my_environment_pkg) by extensions ['ignore', 'ignore_ament_install']
[2.450s] Level 1:colcon.colcon_core.package_identification:_identify(my_environment_pkg) by extension 'ignore'
[2.450s] Level 1:colcon.colcon_core.package_identification:_identify(my_environment_pkg) by extension 'ignore_ament_install'
[2.450s] Level 1:colcon.colcon_core.package_identification:_identify(my_environment_pkg) by extensions ['colcon_pkg']
[2.450s] Level 1:colcon.colcon_core.package_identification:_identify(my_environment_pkg) by extension 'colcon_pkg'
[2.450s] Level 1:colcon.colcon_core.package_identification:_identify(my_environment_pkg) by extensions ['colcon_meta']
[2.450s] Level 1:colcon.colcon_core.package_identification:_identify(my_environment_pkg) by extension 'colcon_meta'
[2.450s] Level 1:colcon.colcon_core.package_identification:_identify(my_environment_pkg) by extensions ['ros']
[2.450s] Level 1:colcon.colcon_core.package_identification:_identify(my_environment_pkg) by extension 'ros'
[2.451s] DEBUG:colcon.colcon_core.package_identification:Package 'my_environment_pkg' with type 'ros.ament_python' and name 'my_environment_pkg'
[2.451s] Level 1:colcon.colcon_core.package_identification:_identify(my_robot_pkg) by extensions ['ignore', 'ignore_ament_install']
[2.451s] Level 1:colcon.colcon_core.package_identification:_identify(my_robot_pkg) by extension 'ignore'
[2.451s] Level 1:colcon.colcon_core.package_identification:_identify(my_robot_pkg) by extension 'ignore_ament_install'
[2.451s] Level 1:colcon.colcon_core.package_identification:_identify(my_robot_pkg) by extensions ['colcon_pkg']
[2.451s] Level 1:colcon.colcon_core.package_identification:_identify(my_robot_pkg) by extension 'colcon_pkg'
[2.451s] Level 1:colcon.colcon_core.package_identification:_identify(my_robot_pkg) by extensions ['colcon_meta']
[2.451s] Level 1:colcon.colcon_core.package_identification:_identify(my_robot_pkg) by extension 'colcon_meta'
[2.451s] Level 1:colcon.colcon_core.package_identification:_identify(my_robot_pkg) by extensions ['ros']
[2.451s] Level 1:colcon.colcon_core.package_identification:_identify(my_robot_pkg) by extension 'ros'
[2.452s] DEBUG:colcon.colcon_core.package_identification:Package 'my_robot_pkg' with type 'ros.ament_python' and name 'my_robot_pkg'
[2.452s] Level 1:colcon.colcon_core.package_discovery:discover_packages(recursive) using defaults
[2.452s] Level 1:colcon.colcon_core.package_discovery:discover_packages(ignore) discover
[2.452s] Level 1:colcon.colcon_core.package_discovery:discover_packages(ignore) using defaults
[2.452s] Level 1:colcon.colcon_core.package_discovery:discover_packages(path) discover
[2.452s] Level 1:colcon.colcon_core.package_discovery:discover_packages(path) using defaults
[2.561s] Level 1:colcon.colcon_core.package_discovery:discover_packages(prefix_path) check parameters
[2.561s] Level 1:colcon.colcon_core.package_discovery:discover_packages(prefix_path) discover
[2.596s] DEBUG:colcon.colcon_installed_package_information.package_discovery:Found 4 installed packages in /home/stephenq0503/Desktop/robot_arm_sim/install
[2.615s] DEBUG:colcon.colcon_installed_package_information.package_discovery:Found 370 installed packages in /opt/ros/humble
[2.616s] Level 1:colcon.colcon_core.package_discovery:discover_packages(prefix_path) using defaults
[2.937s] Level 5:colcon.colcon_core.verb:set package 'my_cubes_pkg' build argument 'cmake_args' from command line to 'None'
[2.937s] Level 5:colcon.colcon_core.verb:set package 'my_cubes_pkg' build argument 'cmake_target' from command line to 'None'
[2.937s] Level 5:colcon.colcon_core.verb:set package 'my_cubes_pkg' build argument 'cmake_target_skip_unavailable' from command line to 'False'
[2.937s] Level 5:colcon.colcon_core.verb:set package 'my_cubes_pkg' build argument 'cmake_clean_cache' from command line to 'False'
[2.937s] Level 5:colcon.colcon_core.verb:set package 'my_cubes_pkg' build argument 'cmake_clean_first' from command line to 'False'
[2.937s] Level 5:colcon.colcon_core.verb:set package 'my_cubes_pkg' build argument 'cmake_force_configure' from command line to 'False'
[2.937s] Level 5:colcon.colcon_core.verb:set package 'my_cubes_pkg' build argument 'ament_cmake_args' from command line to 'None'
[2.937s] Level 5:colcon.colcon_core.verb:set package 'my_cubes_pkg' build argument 'catkin_cmake_args' from command line to 'None'
[2.937s] Level 5:colcon.colcon_core.verb:set package 'my_cubes_pkg' build argument 'catkin_skip_building_tests' from command line to 'False'
[2.937s] DEBUG:colcon.colcon_core.verb:Building package 'my_cubes_pkg' with the following arguments: {'ament_cmake_args': None, 'build_base': '/home/stephenq0503/Desktop/robot_arm_sim/src/build/my_cubes_pkg', 'catkin_cmake_args': None, 'catkin_skip_building_tests': False, 'cmake_args': None, 'cmake_clean_cache': False, 'cmake_clean_first': False, 'cmake_force_configure': False, 'cmake_target': None, 'cmake_target_skip_unavailable': False, 'install_base': '/home/stephenq0503/Desktop/robot_arm_sim/src/install/my_cubes_pkg', 'merge_install': False, 'path': '/home/stephenq0503/Desktop/robot_arm_sim/src/my_cubes_pkg', 'symlink_install': False, 'test_result_base': None}
[2.959s] Level 5:colcon.colcon_core.verb:set package 'my_environment_pkg' build argument 'cmake_args' from command line to 'None'
[2.959s] Level 5:colcon.colcon_core.verb:set package 'my_environment_pkg' build argument 'cmake_target' from command line to 'None'
[2.959s] Level 5:colcon.colcon_core.verb:set package 'my_environment_pkg' build argument 'cmake_target_skip_unavailable' from command line to 'False'
[2.960s] Level 5:colcon.colcon_core.verb:set package 'my_environment_pkg' build argument 'cmake_clean_cache' from command line to 'False'
[2.960s] Level 5:colcon.colcon_core.verb:set package 'my_environment_pkg' build argument 'cmake_clean_first' from command line to 'False'
[2.960s] Level 5:colcon.colcon_core.verb:set package 'my_environment_pkg' build argument 'cmake_force_configure' from command line to 'False'
[2.960s] Level 5:colcon.colcon_core.verb:set package 'my_environment_pkg' build argument 'ament_cmake_args' from command line to 'None'
[2.960s] Level 5:colcon.colcon_core.verb:set package 'my_environment_pkg' build argument 'catkin_cmake_args' from command line to 'None'
[2.960s] Level 5:colcon.colcon_core.verb:set package 'my_environment_pkg' build argument 'catkin_skip_building_tests' from command line to 'False'
[2.960s] DEBUG:colcon.colcon_core.verb:Building package 'my_environment_pkg' with the following arguments: {'ament_cmake_args': None, 'build_base': '/home/stephenq0503/Desktop/robot_arm_sim/src/build/my_environment_pkg', 'catkin_cmake_args': None, 'catkin_skip_building_tests': False, 'cmake_args': None, 'cmake_clean_cache': False, 'cmake_clean_first': False, 'cmake_force_configure': False, 'cmake_target': None, 'cmake_target_skip_unavailable': False, 'install_base': '/home/stephenq0503/Desktop/robot_arm_sim/src/install/my_environment_pkg', 'merge_install': False, 'path': '/home/stephenq0503/Desktop/robot_arm_sim/src/my_environment_pkg', 'symlink_install': False, 'test_result_base': None}
[2.978s] Level 5:colcon.colcon_core.verb:set package 'my_robot_pkg' build argument 'cmake_args' from command line to 'None'
[2.978s] Level 5:colcon.colcon_core.verb:set package 'my_robot_pkg' build argument 'cmake_target' from command line to 'None'
[2.978s] Level 5:colcon.colcon_core.verb:set package 'my_robot_pkg' build argument 'cmake_target_skip_unavailable' from command line to 'False'
[2.978s] Level 5:colcon.colcon_core.verb:set package 'my_robot_pkg' build argument 'cmake_clean_cache' from command line to 'False'
[2.978s] Level 5:colcon.colcon_core.verb:set package 'my_robot_pkg' build argument 'cmake_clean_first' from command line to 'False'
[2.978s] Level 5:colcon.colcon_core.verb:set package 'my_robot_pkg' build argument 'cmake_force_configure' from command line to 'False'
[2.978s] Level 5:colcon.colcon_core.verb:set package 'my_robot_pkg' build argument 'ament_cmake_args' from command line to 'None'
[2.978s] Level 5:colcon.colcon_core.verb:set package 'my_robot_pkg' build argument 'catkin_cmake_args' from command line to 'None'
[2.978s] Level 5:colcon.colcon_core.verb:set package 'my_robot_pkg' build argument 'catkin_skip_building_tests' from command line to 'False'
[2.978s] DEBUG:colcon.colcon_core.verb:Building package 'my_robot_pkg' with the following arguments: {'ament_cmake_args': None, 'build_base': '/home/stephenq0503/Desktop/robot_arm_sim/src/build/my_robot_pkg', 'catkin_cmake_args': None, 'catkin_skip_building_tests': False, 'cmake_args': None, 'cmake_clean_cache': False, 'cmake_clean_first': False, 'cmake_force_configure': False, 'cmake_target': None, 'cmake_target_skip_unavailable': False, 'install_base': '/home/stephenq0503/Desktop/robot_arm_sim/src/install/my_robot_pkg', 'merge_install': False, 'path': '/home/stephenq0503/Desktop/robot_arm_sim/src/my_robot_pkg', 'symlink_install': False, 'test_result_base': None}
[2.997s] INFO:colcon.colcon_core.executor:Executing jobs using 'parallel' executor
[3.015s] DEBUG:colcon.colcon_parallel_executor.executor.parallel:run_until_complete
[3.015s] INFO:colcon.colcon_ros.task.ament_python.build:Building ROS package in '/home/stephenq0503/Desktop/robot_arm_sim/src/my_cubes_pkg' with build type 'ament_python'
[3.015s] Level 1:colcon.colcon_core.shell:create_environment_hook('my_cubes_pkg', 'ament_prefix_path')
[3.038s] INFO:colcon.colcon_core.plugin_system:Skipping extension 'colcon_core.shell.bat': Not used on non-Windows systems
[3.038s] INFO:colcon.colcon_core.shell:Creating environment hook '/home/stephenq0503/Desktop/robot_arm_sim/src/install/my_cubes_pkg/share/my_cubes_pkg/hook/ament_prefix_path.ps1'
[3.039s] INFO:colcon.colcon_core.shell:Creating environment descriptor '/home/stephenq0503/Desktop/robot_arm_sim/src/install/my_cubes_pkg/share/my_cubes_pkg/hook/ament_prefix_path.dsv'
[3.039s] INFO:colcon.colcon_core.shell:Creating environment hook '/home/stephenq0503/Desktop/robot_arm_sim/src/install/my_cubes_pkg/share/my_cubes_pkg/hook/ament_prefix_path.sh'
[3.061s] INFO:colcon.colcon_core.shell:Skip shell extension 'powershell' for command environment: Not usable outside of PowerShell
[3.061s] DEBUG:colcon.colcon_core.shell:Skip shell extension 'dsv' for command environment
[3.117s] INFO:colcon.colcon_ros.task.ament_python.build:Building ROS package in '/home/stephenq0503/Desktop/robot_arm_sim/src/my_environment_pkg' with build type 'ament_python'
[3.117s] Level 1:colcon.colcon_core.shell:create_environment_hook('my_environment_pkg', 'ament_prefix_path')
[3.136s] INFO:colcon.colcon_core.shell:Creating environment hook '/home/stephenq0503/Desktop/robot_arm_sim/src/install/my_environment_pkg/share/my_environment_pkg/hook/ament_prefix_path.ps1'
[3.136s] INFO:colcon.colcon_core.shell:Creating environment descriptor '/home/stephenq0503/Desktop/robot_arm_sim/src/install/my_environment_pkg/share/my_environment_pkg/hook/ament_prefix_path.dsv'
[3.137s] INFO:colcon.colcon_core.shell:Creating environment hook '/home/stephenq0503/Desktop/robot_arm_sim/src/install/my_environment_pkg/share/my_environment_pkg/hook/ament_prefix_path.sh'
[3.155s] INFO:colcon.colcon_core.shell:Skip shell extension 'powershell' for command environment: Not usable outside of PowerShell
[3.155s] DEBUG:colcon.colcon_core.shell:Skip shell extension 'dsv' for command environment
[3.209s] INFO:colcon.colcon_ros.task.ament_python.build:Building ROS package in '/home/stephenq0503/Desktop/robot_arm_sim/src/my_robot_pkg' with build type 'ament_python'
[3.209s] Level 1:colcon.colcon_core.shell:create_environment_hook('my_robot_pkg', 'ament_prefix_path')
[3.226s] INFO:colcon.colcon_core.shell:Creating environment hook '/home/stephenq0503/Desktop/robot_arm_sim/src/install/my_robot_pkg/share/my_robot_pkg/hook/ament_prefix_path.ps1'
[3.227s] INFO:colcon.colcon_core.shell:Creating environment descriptor '/home/stephenq0503/Desktop/robot_arm_sim/src/install/my_robot_pkg/share/my_robot_pkg/hook/ament_prefix_path.dsv'
[3.227s] INFO:colcon.colcon_core.shell:Creating environment hook '/home/stephenq0503/Desktop/robot_arm_sim/src/install/my_robot_pkg/share/my_robot_pkg/hook/ament_prefix_path.sh'
[3.244s] INFO:colcon.colcon_core.shell:Skip shell extension 'powershell' for command environment: Not usable outside of PowerShell
[3.244s] DEBUG:colcon.colcon_core.shell:Skip shell extension 'dsv' for command environment
[3.646s] INFO:colcon.colcon_core.task.python.build:Building Python package in '/home/stephenq0503/Desktop/robot_arm_sim/src/my_cubes_pkg'
[3.695s] INFO:colcon.colcon_core.shell:Skip shell extension 'powershell' for command environment: Not usable outside of PowerShell
[3.696s] DEBUG:colcon.colcon_core.shell:Skip shell extension 'dsv' for command environment
[4.085s] INFO:colcon.colcon_core.task.python.build:Building Python package in '/home/stephenq0503/Desktop/robot_arm_sim/src/my_environment_pkg'
[4.103s] INFO:colcon.colcon_core.shell:Skip shell extension 'powershell' for command environment: Not usable outside of PowerShell
[4.103s] DEBUG:colcon.colcon_core.shell:Skip shell extension 'dsv' for command environment
[4.444s] INFO:colcon.colcon_core.task.python.build:Building Python package in '/home/stephenq0503/Desktop/robot_arm_sim/src/my_robot_pkg'
[4.462s] INFO:colcon.colcon_core.shell:Skip shell extension 'powershell' for command environment: Not usable outside of PowerShell
[4.462s] DEBUG:colcon.colcon_core.shell:Skip shell extension 'dsv' for command environment
[5.067s] DEBUG:colcon.colcon_core.event_handler.log_command:Invoking command in '/home/stephenq0503/Desktop/robot_arm_sim/src/my_environment_pkg': PYTHONPATH=/home/stephenq0503/Desktop/robot_arm_sim/src/build/my_environment_pkg/prefix_override:/home/stephenq0503/Desktop/robot_arm_sim/src/install/my_environment_pkg/lib/python3.10/site-packages:${PYTHONPATH} /usr/bin/python3 setup.py egg_info --egg-base ../build/my_environment_pkg build --build-base /home/stephenq0503/Desktop/robot_arm_sim/src/build/my_environment_pkg/build install --record /home/stephenq0503/Desktop/robot_arm_sim/src/build/my_environment_pkg/install.log --single-version-externally-managed
[5.097s] DEBUG:colcon.colcon_core.event_handler.log_command:Invoking command in '/home/stephenq0503/Desktop/robot_arm_sim/src/my_cubes_pkg': PYTHONPATH=/home/stephenq0503/Desktop/robot_arm_sim/src/build/my_cubes_pkg/prefix_override:/home/stephenq0503/Desktop/robot_arm_sim/src/install/my_cubes_pkg/lib/python3.10/site-packages:${PYTHONPATH} /usr/bin/python3 setup.py egg_info --egg-base ../build/my_cubes_pkg build --build-base /home/stephenq0503/Desktop/robot_arm_sim/src/build/my_cubes_pkg/build install --record /home/stephenq0503/Desktop/robot_arm_sim/src/build/my_cubes_pkg/install.log --single-version-externally-managed
[5.100s] DEBUG:colcon.colcon_core.event_handler.log_command:Invoking command in '/home/stephenq0503/Desktop/robot_arm_sim/src/my_robot_pkg': PYTHONPATH=/home/stephenq0503/Desktop/robot_arm_sim/src/build/my_robot_pkg/prefix_override:/home/stephenq0503/Desktop/robot_arm_sim/src/install/my_robot_pkg/lib/python3.10/site-packages:${PYTHONPATH} /usr/bin/python3 setup.py egg_info --egg-base ../build/my_robot_pkg build --build-base /home/stephenq0503/Desktop/robot_arm_sim/src/build/my_robot_pkg/build install --record /home/stephenq0503/Desktop/robot_arm_sim/src/build/my_robot_pkg/install.log --single-version-externally-managed
[5.529s] DEBUG:colcon.colcon_core.event_handler.log_command:Invoked command in '/home/stephenq0503/Desktop/robot_arm_sim/src/my_cubes_pkg' returned '0': PYTHONPATH=/home/stephenq0503/Desktop/robot_arm_sim/src/build/my_cubes_pkg/prefix_override:/home/stephenq0503/Desktop/robot_arm_sim/src/install/my_cubes_pkg/lib/python3.10/site-packages:${PYTHONPATH} /usr/bin/python3 setup.py egg_info --egg-base ../build/my_cubes_pkg build --build-base /home/stephenq0503/Desktop/robot_arm_sim/src/build/my_cubes_pkg/build install --record /home/stephenq0503/Desktop/robot_arm_sim/src/build/my_cubes_pkg/install.log --single-version-externally-managed
[5.578s] Level 1:colcon.colcon_core.environment:checking '/home/stephenq0503/Desktop/robot_arm_sim/src/install/my_cubes_pkg' for CMake module files
[5.578s] Level 1:colcon.colcon_core.environment:checking '/home/stephenq0503/Desktop/robot_arm_sim/src/install/my_cubes_pkg' for CMake config files
[5.580s] Level 1:colcon.colcon_core.environment:checking '/home/stephenq0503/Desktop/robot_arm_sim/src/install/my_cubes_pkg/lib'
[5.580s] Level 1:colcon.colcon_core.environment:checking '/home/stephenq0503/Desktop/robot_arm_sim/src/install/my_cubes_pkg/bin'
[5.580s] Level 1:colcon.colcon_core.environment:checking '/home/stephenq0503/Desktop/robot_arm_sim/src/install/my_cubes_pkg/lib/pkgconfig/my_cubes_pkg.pc'
[5.581s] Level 1:colcon.colcon_core.environment:checking '/home/stephenq0503/Desktop/robot_arm_sim/src/install/my_cubes_pkg/lib/python3.10/site-packages'
[5.581s] Level 1:colcon.colcon_core.shell:create_environment_hook('my_cubes_pkg', 'pythonpath')
[5.602s] INFO:colcon.colcon_core.shell:Creating environment hook '/home/stephenq0503/Desktop/robot_arm_sim/src/install/my_cubes_pkg/share/my_cubes_pkg/hook/pythonpath.ps1'
[5.602s] INFO:colcon.colcon_core.shell:Creating environment descriptor '/home/stephenq0503/Desktop/robot_arm_sim/src/install/my_cubes_pkg/share/my_cubes_pkg/hook/pythonpath.dsv'
[5.603s] INFO:colcon.colcon_core.shell:Creating environment hook '/home/stephenq0503/Desktop/robot_arm_sim/src/install/my_cubes_pkg/share/my_cubes_pkg/hook/pythonpath.sh'
[5.603s] Level 1:colcon.colcon_core.environment:checking '/home/stephenq0503/Desktop/robot_arm_sim/src/install/my_cubes_pkg/bin'
[5.603s] Level 1:colcon.colcon_core.environment:create_environment_scripts_only(my_cubes_pkg)
[5.623s] INFO:colcon.colcon_core.shell:Creating package script '/home/stephenq0503/Desktop/robot_arm_sim/src/install/my_cubes_pkg/share/my_cubes_pkg/package.ps1'
[5.624s] INFO:colcon.colcon_core.shell:Creating package descriptor '/home/stephenq0503/Desktop/robot_arm_sim/src/install/my_cubes_pkg/share/my_cubes_pkg/package.dsv'
[5.625s] INFO:colcon.colcon_core.shell:Creating package script '/home/stephenq0503/Desktop/robot_arm_sim/src/install/my_cubes_pkg/share/my_cubes_pkg/package.sh'
[5.626s] INFO:colcon.colcon_core.shell:Creating package script '/home/stephenq0503/Desktop/robot_arm_sim/src/install/my_cubes_pkg/share/my_cubes_pkg/package.bash'
[5.627s] INFO:colcon.colcon_core.shell:Creating package script '/home/stephenq0503/Desktop/robot_arm_sim/src/install/my_cubes_pkg/share/my_cubes_pkg/package.zsh'
[5.627s] Level 1:colcon.colcon_core.environment:create_file_with_runtime_dependencies(/home/stephenq0503/Desktop/robot_arm_sim/src/install/my_cubes_pkg/share/colcon-core/packages/my_cubes_pkg)
[5.629s] DEBUG:colcon.colcon_core.event_handler.log_command:Invoked command in '/home/stephenq0503/Desktop/robot_arm_sim/src/my_environment_pkg' returned '0': PYTHONPATH=/home/stephenq0503/Desktop/robot_arm_sim/src/build/my_environment_pkg/prefix_override:/home/stephenq0503/Desktop/robot_arm_sim/src/install/my_environment_pkg/lib/python3.10/site-packages:${PYTHONPATH} /usr/bin/python3 setup.py egg_info --egg-base ../build/my_environment_pkg build --build-base /home/stephenq0503/Desktop/robot_arm_sim/src/build/my_environment_pkg/build install --record /home/stephenq0503/Desktop/robot_arm_sim/src/build/my_environment_pkg/install.log --single-version-externally-managed
[5.650s] Level 1:colcon.colcon_core.environment:checking '/home/stephenq0503/Desktop/robot_arm_sim/src/install/my_environment_pkg' for CMake module files
[5.651s] Level 1:colcon.colcon_core.environment:checking '/home/stephenq0503/Desktop/robot_arm_sim/src/install/my_environment_pkg' for CMake config files
[5.652s] Level 1:colcon.colcon_core.environment:checking '/home/stephenq0503/Desktop/robot_arm_sim/src/install/my_environment_pkg/lib'
[5.652s] Level 1:colcon.colcon_core.environment:checking '/home/stephenq0503/Desktop/robot_arm_sim/src/install/my_environment_pkg/bin'
[5.652s] Level 1:colcon.colcon_core.environment:checking '/home/stephenq0503/Desktop/robot_arm_sim/src/install/my_environment_pkg/lib/pkgconfig/my_environment_pkg.pc'
[5.652s] Level 1:colcon.colcon_core.environment:checking '/home/stephenq0503/Desktop/robot_arm_sim/src/install/my_environment_pkg/lib/python3.10/site-packages'
[5.652s] Level 1:colcon.colcon_core.shell:create_environment_hook('my_environment_pkg', 'pythonpath')
[5.672s] INFO:colcon.colcon_core.shell:Creating environment hook '/home/stephenq0503/Desktop/robot_arm_sim/src/install/my_environment_pkg/share/my_environment_pkg/hook/pythonpath.ps1'
[5.673s] INFO:colcon.colcon_core.shell:Creating environment descriptor '/home/stephenq0503/Desktop/robot_arm_sim/src/install/my_environment_pkg/share/my_environment_pkg/hook/pythonpath.dsv'
[5.673s] INFO:colcon.colcon_core.shell:Creating environment hook '/home/stephenq0503/Desktop/robot_arm_sim/src/install/my_environment_pkg/share/my_environment_pkg/hook/pythonpath.sh'
[5.674s] Level 1:colcon.colcon_core.environment:checking '/home/stephenq0503/Desktop/robot_arm_sim/src/install/my_environment_pkg/bin'
[5.674s] Level 1:colcon.colcon_core.environment:create_environment_scripts_only(my_environment_pkg)
[5.692s] INFO:colcon.colcon_core.shell:Creating package script '/home/stephenq0503/Desktop/robot_arm_sim/src/install/my_environment_pkg/share/my_environment_pkg/package.ps1'
[5.693s] INFO:colcon.colcon_core.shell:Creating package descriptor '/home/stephenq0503/Desktop/robot_arm_sim/src/install/my_environment_pkg/share/my_environment_pkg/package.dsv'
[5.693s] INFO:colcon.colcon_core.shell:Creating package script '/home/stephenq0503/Desktop/robot_arm_sim/src/install/my_environment_pkg/share/my_environment_pkg/package.sh'
[5.694s] INFO:colcon.colcon_core.shell:Creating package script '/home/stephenq0503/Desktop/robot_arm_sim/src/install/my_environment_pkg/share/my_environment_pkg/package.bash'
[5.694s] INFO:colcon.colcon_core.shell:Creating package script '/home/stephenq0503/Desktop/robot_arm_sim/src/install/my_environment_pkg/share/my_environment_pkg/package.zsh'
[5.694s] Level 1:colcon.colcon_core.environment:create_file_with_runtime_dependencies(/home/stephenq0503/Desktop/robot_arm_sim/src/install/my_environment_pkg/share/colcon-core/packages/my_environment_pkg)
[5.696s] DEBUG:colcon.colcon_core.event_handler.log_command:Invoked command in '/home/stephenq0503/Desktop/robot_arm_sim/src/my_robot_pkg' returned '0': PYTHONPATH=/home/stephenq0503/Desktop/robot_arm_sim/src/build/my_robot_pkg/prefix_override:/home/stephenq0503/Desktop/robot_arm_sim/src/install/my_robot_pkg/lib/python3.10/site-packages:${PYTHONPATH} /usr/bin/python3 setup.py egg_info --egg-base ../build/my_robot_pkg build --build-base /home/stephenq0503/Desktop/robot_arm_sim/src/build/my_robot_pkg/build install --record /home/stephenq0503/Desktop/robot_arm_sim/src/build/my_robot_pkg/install.log --single-version-externally-managed
[5.713s] Level 1:colcon.colcon_core.environment:checking '/home/stephenq0503/Desktop/robot_arm_sim/src/install/my_robot_pkg' for CMake module files
[5.713s] Level 1:colcon.colcon_core.environment:checking '/home/stephenq0503/Desktop/robot_arm_sim/src/install/my_robot_pkg' for CMake config files
[5.714s] Level 1:colcon.colcon_core.environment:checking '/home/stephenq0503/Desktop/robot_arm_sim/src/install/my_robot_pkg/lib'
[5.714s] Level 1:colcon.colcon_core.environment:checking '/home/stephenq0503/Desktop/robot_arm_sim/src/install/my_robot_pkg/bin'
[5.714s] Level 1:colcon.colcon_core.environment:checking '/home/stephenq0503/Desktop/robot_arm_sim/src/install/my_robot_pkg/lib/pkgconfig/my_robot_pkg.pc'
[5.714s] Level 1:colcon.colcon_core.environment:checking '/home/stephenq0503/Desktop/robot_arm_sim/src/install/my_robot_pkg/lib/python3.10/site-packages'
[5.714s] Level 1:colcon.colcon_core.shell:create_environment_hook('my_robot_pkg', 'pythonpath')
[5.734s] INFO:colcon.colcon_core.shell:Creating environment hook '/home/stephenq0503/Desktop/robot_arm_sim/src/install/my_robot_pkg/share/my_robot_pkg/hook/pythonpath.ps1'
[5.734s] INFO:colcon.colcon_core.shell:Creating environment descriptor '/home/stephenq0503/Desktop/robot_arm_sim/src/install/my_robot_pkg/share/my_robot_pkg/hook/pythonpath.dsv'
[5.734s] INFO:colcon.colcon_core.shell:Creating environment hook '/home/stephenq0503/Desktop/robot_arm_sim/src/install/my_robot_pkg/share/my_robot_pkg/hook/pythonpath.sh'
[5.735s] Level 1:colcon.colcon_core.environment:checking '/home/stephenq0503/Desktop/robot_arm_sim/src/install/my_robot_pkg/bin'
[5.735s] Level 1:colcon.colcon_core.environment:create_environment_scripts_only(my_robot_pkg)
[5.754s] INFO:colcon.colcon_core.shell:Creating package script '/home/stephenq0503/Desktop/robot_arm_sim/src/install/my_robot_pkg/share/my_robot_pkg/package.ps1'
[5.756s] INFO:colcon.colcon_core.shell:Creating package descriptor '/home/stephenq0503/Desktop/robot_arm_sim/src/install/my_robot_pkg/share/my_robot_pkg/package.dsv'
[5.756s] INFO:colcon.colcon_core.shell:Creating package script '/home/stephenq0503/Desktop/robot_arm_sim/src/install/my_robot_pkg/share/my_robot_pkg/package.sh'
[5.757s] INFO:colcon.colcon_core.shell:Creating package script '/home/stephenq0503/Desktop/robot_arm_sim/src/install/my_robot_pkg/share/my_robot_pkg/package.bash'
[5.757s] INFO:colcon.colcon_core.shell:Creating package script '/home/stephenq0503/Desktop/robot_arm_sim/src/install/my_robot_pkg/share/my_robot_pkg/package.zsh'
[5.757s] Level 1:colcon.colcon_core.environment:create_file_with_runtime_dependencies(/home/stephenq0503/Desktop/robot_arm_sim/src/install/my_robot_pkg/share/colcon-core/packages/my_robot_pkg)
[5.758s] DEBUG:colcon.colcon_parallel_executor.executor.parallel:closing loop
[5.758s] DEBUG:colcon.colcon_parallel_executor.executor.parallel:loop closed
[5.758s] DEBUG:colcon.colcon_parallel_executor.executor.parallel:run_until_complete finished with '0'
[5.759s] DEBUG:colcon.colcon_core.event_reactor:joining thread
[5.853s] INFO:colcon.colcon_core.plugin_system:Skipping extension 'colcon_notification.desktop_notification.terminal_notifier': Not used on non-Darwin systems
[5.853s] INFO:colcon.colcon_core.plugin_system:Skipping extension 'colcon_notification.desktop_notification.win32': Not used on non-Windows systems
[5.853s] INFO:colcon.colcon_notification.desktop_notification:Sending desktop notification using 'notify2'
[5.871s] DEBUG:colcon.colcon_core.event_reactor:joined thread
[5.891s] INFO:colcon.colcon_core.shell:Creating prefix script '/home/stephenq0503/Desktop/robot_arm_sim/src/install/local_setup.ps1'
[5.892s] INFO:colcon.colcon_core.shell:Creating prefix util module '/home/stephenq0503/Desktop/robot_arm_sim/src/install/_local_setup_util_ps1.py'
[5.894s] INFO:colcon.colcon_core.shell:Creating prefix chain script '/home/stephenq0503/Desktop/robot_arm_sim/src/install/setup.ps1'
[5.914s] INFO:colcon.colcon_core.shell:Creating prefix script '/home/stephenq0503/Desktop/robot_arm_sim/src/install/local_setup.sh'
[5.914s] INFO:colcon.colcon_core.shell:Creating prefix util module '/home/stephenq0503/Desktop/robot_arm_sim/src/install/_local_setup_util_sh.py'
[5.915s] INFO:colcon.colcon_core.shell:Creating prefix chain script '/home/stephenq0503/Desktop/robot_arm_sim/src/install/setup.sh'
[5.934s] INFO:colcon.colcon_core.shell:Creating prefix script '/home/stephenq0503/Desktop/robot_arm_sim/src/install/local_setup.bash'
[5.934s] INFO:colcon.colcon_core.shell:Creating prefix chain script '/home/stephenq0503/Desktop/robot_arm_sim/src/install/setup.bash'
[5.953s] INFO:colcon.colcon_core.shell:Creating prefix script '/home/stephenq0503/Desktop/robot_arm_sim/src/install/local_setup.zsh'
[5.953s] INFO:colcon.colcon_core.shell:Creating prefix chain script '/home/stephenq0503/Desktop/robot_arm_sim/src/install/setup.zsh'
