[3.596s] Invoking command in '/home/stephenq0503/Desktop/robot_arm_sim/src/moveit2/moveit_configs_utils': AMENT_PREFIX_PATH=/home/stephenq0503/Desktop/robot_arm_sim/install/srdfdom:/home/stephenq0503/Desktop/robot_arm_sim/install/launch_param_builder:${AMENT_PREFIX_PATH} CMAKE_PREFIX_PATH=/home/stephenq0503/Desktop/robot_arm_sim/install/srdfdom:${CMAKE_PREFIX_PATH} LD_LIBRARY_PATH=/home/stephenq0503/Desktop/robot_arm_sim/install/srdfdom/lib:${LD_LIBRARY_PATH} PYTHONPATH=/home/stephenq0503/Desktop/robot_arm_sim/build/moveit_configs_utils/prefix_override:/home/stephenq0503/Desktop/robot_arm_sim/install/moveit_configs_utils/lib/python3.10/site-packages:/home/stephenq0503/Desktop/robot_arm_sim/install/srdfdom/local/lib/python3.10/dist-packages:/home/stephenq0503/Desktop/robot_arm_sim/install/launch_param_builder/lib/python3.10/site-packages:${PYTHONPATH} /usr/bin/python3 setup.py egg_info --egg-base ../../../build/moveit_configs_utils build --build-base /home/stephenq0503/Desktop/robot_arm_sim/build/moveit_configs_utils/build install --record /home/stephenq0503/Desktop/robot_arm_sim/build/moveit_configs_utils/install.log --single-version-externally-managed
[5.576s] running egg_info
[5.593s] creating ../../../build/moveit_configs_utils/moveit_configs_utils.egg-info
[5.595s] writing ../../../build/moveit_configs_utils/moveit_configs_utils.egg-info/PKG-INFO
[5.598s] writing dependency_links to ../../../build/moveit_configs_utils/moveit_configs_utils.egg-info/dependency_links.txt
[5.604s] writing entry points to ../../../build/moveit_configs_utils/moveit_configs_utils.egg-info/entry_points.txt
[5.604s] writing requirements to ../../../build/moveit_configs_utils/moveit_configs_utils.egg-info/requires.txt
[5.604s] writing top-level names to ../../../build/moveit_configs_utils/moveit_configs_utils.egg-info/top_level.txt
[5.605s] writing manifest file '../../../build/moveit_configs_utils/moveit_configs_utils.egg-info/SOURCES.txt'
[5.610s] reading manifest file '../../../build/moveit_configs_utils/moveit_configs_utils.egg-info/SOURCES.txt'
[5.636s] writing manifest file '../../../build/moveit_configs_utils/moveit_configs_utils.egg-info/SOURCES.txt'
[5.647s] running build
[5.648s] running build_py
[5.650s] creating /home/stephenq0503/Desktop/robot_arm_sim/build/moveit_configs_utils/build
[5.651s] creating /home/stephenq0503/Desktop/robot_arm_sim/build/moveit_configs_utils/build/lib
[5.652s] creating /home/stephenq0503/Desktop/robot_arm_sim/build/moveit_configs_utils/build/lib/moveit_configs_utils
[5.653s] copying moveit_configs_utils/launches.py -> /home/stephenq0503/Desktop/robot_arm_sim/build/moveit_configs_utils/build/lib/moveit_configs_utils
[5.654s] copying moveit_configs_utils/__init__.py -> /home/stephenq0503/Desktop/robot_arm_sim/build/moveit_configs_utils/build/lib/moveit_configs_utils
[5.654s] copying moveit_configs_utils/launch_utils.py -> /home/stephenq0503/Desktop/robot_arm_sim/build/moveit_configs_utils/build/lib/moveit_configs_utils
[5.654s] copying moveit_configs_utils/moveit_configs_builder.py -> /home/stephenq0503/Desktop/robot_arm_sim/build/moveit_configs_utils/build/lib/moveit_configs_utils
[5.654s] creating /home/stephenq0503/Desktop/robot_arm_sim/build/moveit_configs_utils/build/lib/moveit_configs_utils/substitutions
[5.654s] copying moveit_configs_utils/substitutions/__init__.py -> /home/stephenq0503/Desktop/robot_arm_sim/build/moveit_configs_utils/build/lib/moveit_configs_utils/substitutions
[5.654s] copying moveit_configs_utils/substitutions/xacro.py -> /home/stephenq0503/Desktop/robot_arm_sim/build/moveit_configs_utils/build/lib/moveit_configs_utils/substitutions
[5.654s] running install
[5.655s] /usr/lib/python3/dist-packages/setuptools/command/install.py:34: SetuptoolsDeprecationWarning: setup.py install is deprecated. Use build and pip and other standards-based tools.
[5.655s]   warnings.warn(
[5.655s] running install_lib
[5.655s] creating /home/stephenq0503/Desktop/robot_arm_sim/install/moveit_configs_utils/lib/python3.10/site-packages/moveit_configs_utils
[5.655s] copying /home/stephenq0503/Desktop/robot_arm_sim/build/moveit_configs_utils/build/lib/moveit_configs_utils/launches.py -> /home/stephenq0503/Desktop/robot_arm_sim/install/moveit_configs_utils/lib/python3.10/site-packages/moveit_configs_utils
[5.655s] creating /home/stephenq0503/Desktop/robot_arm_sim/install/moveit_configs_utils/lib/python3.10/site-packages/moveit_configs_utils/substitutions
[5.656s] copying /home/stephenq0503/Desktop/robot_arm_sim/build/moveit_configs_utils/build/lib/moveit_configs_utils/substitutions/__init__.py -> /home/stephenq0503/Desktop/robot_arm_sim/install/moveit_configs_utils/lib/python3.10/site-packages/moveit_configs_utils/substitutions
[5.656s] copying /home/stephenq0503/Desktop/robot_arm_sim/build/moveit_configs_utils/build/lib/moveit_configs_utils/substitutions/xacro.py -> /home/stephenq0503/Desktop/robot_arm_sim/install/moveit_configs_utils/lib/python3.10/site-packages/moveit_configs_utils/substitutions
[5.656s] copying /home/stephenq0503/Desktop/robot_arm_sim/build/moveit_configs_utils/build/lib/moveit_configs_utils/__init__.py -> /home/stephenq0503/Desktop/robot_arm_sim/install/moveit_configs_utils/lib/python3.10/site-packages/moveit_configs_utils
[5.656s] copying /home/stephenq0503/Desktop/robot_arm_sim/build/moveit_configs_utils/build/lib/moveit_configs_utils/launch_utils.py -> /home/stephenq0503/Desktop/robot_arm_sim/install/moveit_configs_utils/lib/python3.10/site-packages/moveit_configs_utils
[5.656s] copying /home/stephenq0503/Desktop/robot_arm_sim/build/moveit_configs_utils/build/lib/moveit_configs_utils/moveit_configs_builder.py -> /home/stephenq0503/Desktop/robot_arm_sim/install/moveit_configs_utils/lib/python3.10/site-packages/moveit_configs_utils
[5.678s] byte-compiling /home/stephenq0503/Desktop/robot_arm_sim/install/moveit_configs_utils/lib/python3.10/site-packages/moveit_configs_utils/launches.py to launches.cpython-310.pyc
[5.681s] byte-compiling /home/stephenq0503/Desktop/robot_arm_sim/install/moveit_configs_utils/lib/python3.10/site-packages/moveit_configs_utils/substitutions/__init__.py to __init__.cpython-310.pyc
[5.681s] byte-compiling /home/stephenq0503/Desktop/robot_arm_sim/install/moveit_configs_utils/lib/python3.10/site-packages/moveit_configs_utils/substitutions/xacro.py to xacro.cpython-310.pyc
[5.684s] byte-compiling /home/stephenq0503/Desktop/robot_arm_sim/install/moveit_configs_utils/lib/python3.10/site-packages/moveit_configs_utils/__init__.py to __init__.cpython-310.pyc
[5.685s] byte-compiling /home/stephenq0503/Desktop/robot_arm_sim/install/moveit_configs_utils/lib/python3.10/site-packages/moveit_configs_utils/launch_utils.py to launch_utils.cpython-310.pyc
[5.698s] byte-compiling /home/stephenq0503/Desktop/robot_arm_sim/install/moveit_configs_utils/lib/python3.10/site-packages/moveit_configs_utils/moveit_configs_builder.py to moveit_configs_builder.cpython-310.pyc
[5.717s] running install_data
[5.719s] creating /home/stephenq0503/Desktop/robot_arm_sim/install/moveit_configs_utils/share/ament_index
[5.719s] creating /home/stephenq0503/Desktop/robot_arm_sim/install/moveit_configs_utils/share/ament_index/resource_index
[5.720s] creating /home/stephenq0503/Desktop/robot_arm_sim/install/moveit_configs_utils/share/ament_index/resource_index/packages
[5.720s] copying resource/moveit_configs_utils -> /home/stephenq0503/Desktop/robot_arm_sim/install/moveit_configs_utils/share/ament_index/resource_index/packages
[5.721s] copying package.xml -> /home/stephenq0503/Desktop/robot_arm_sim/install/moveit_configs_utils/share/moveit_configs_utils
[5.722s] creating /home/stephenq0503/Desktop/robot_arm_sim/install/moveit_configs_utils/share/moveit_configs_utils/default_configs
[5.722s] copying default_configs/pilz_industrial_motion_planner_planning.yaml -> /home/stephenq0503/Desktop/robot_arm_sim/install/moveit_configs_utils/share/moveit_configs_utils/default_configs
[5.723s] copying default_configs/ompl_planning.yaml -> /home/stephenq0503/Desktop/robot_arm_sim/install/moveit_configs_utils/share/moveit_configs_utils/default_configs
[5.730s] copying default_configs/chomp_planning.yaml -> /home/stephenq0503/Desktop/robot_arm_sim/install/moveit_configs_utils/share/moveit_configs_utils/default_configs
[5.730s] copying default_configs/ompl_defaults.yaml -> /home/stephenq0503/Desktop/robot_arm_sim/install/moveit_configs_utils/share/moveit_configs_utils/default_configs
[5.730s] running install_egg_info
[5.734s] Copying ../../../build/moveit_configs_utils/moveit_configs_utils.egg-info to /home/stephenq0503/Desktop/robot_arm_sim/install/moveit_configs_utils/lib/python3.10/site-packages/moveit_configs_utils-2.5.5-py3.10.egg-info
[5.735s] running install_scripts
[5.936s] writing list of installed files to '/home/stephenq0503/Desktop/robot_arm_sim/build/moveit_configs_utils/install.log'
[6.066s] Invoked command in '/home/stephenq0503/Desktop/robot_arm_sim/src/moveit2/moveit_configs_utils' returned '0': AMENT_PREFIX_PATH=/home/stephenq0503/Desktop/robot_arm_sim/install/srdfdom:/home/stephenq0503/Desktop/robot_arm_sim/install/launch_param_builder:${AMENT_PREFIX_PATH} CMAKE_PREFIX_PATH=/home/stephenq0503/Desktop/robot_arm_sim/install/srdfdom:${CMAKE_PREFIX_PATH} LD_LIBRARY_PATH=/home/stephenq0503/Desktop/robot_arm_sim/install/srdfdom/lib:${LD_LIBRARY_PATH} PYTHONPATH=/home/stephenq0503/Desktop/robot_arm_sim/build/moveit_configs_utils/prefix_override:/home/stephenq0503/Desktop/robot_arm_sim/install/moveit_configs_utils/lib/python3.10/site-packages:/home/stephenq0503/Desktop/robot_arm_sim/install/srdfdom/local/lib/python3.10/dist-packages:/home/stephenq0503/Desktop/robot_arm_sim/install/launch_param_builder/lib/python3.10/site-packages:${PYTHONPATH} /usr/bin/python3 setup.py egg_info --egg-base ../../../build/moveit_configs_utils build --build-base /home/stephenq0503/Desktop/robot_arm_sim/build/moveit_configs_utils/build install --record /home/stephenq0503/Desktop/robot_arm_sim/build/moveit_configs_utils/install.log --single-version-externally-managed
