[1.565s] DEBUG:colcon:Command line arguments: ['/usr/bin/colcon', 'list', '-p', '--base-paths', '/home/stephenq0503/Desktop/robot_arm_sim']
[1.566s] DEBUG:colcon:Parsed command line arguments: Namespace(log_base=None, log_level=None, verb_name='list', build_base='build', ignore_user_meta=False, metas=['./colcon.meta'], base_paths=['/home/stephenq0503/Desktop/robot_arm_sim'], packages_ignore=None, packages_ignore_regex=None, paths=None, packages_up_to=None, packages_up_to_regex=None, packages_above=None, packages_above_and_dependencies=None, packages_above_depth=None, packages_select_by_dep=None, packages_skip_by_dep=None, packages_skip_up_to=None, packages_select_build_failed=False, packages_skip_build_finished=False, packages_select_test_failures=False, packages_skip_test_passed=False, packages_select=None, packages_skip=None, packages_select_regex=None, packages_skip_regex=None, packages_start=None, packages_end=None, allow_overriding=[], topological_order=False, names_only=False, paths_only=True, topological_graph=False, topological_graph_dot=False, topological_graph_density=False, topological_graph_legend=False, topological_graph_dot_cluster=False, topological_graph_dot_include_skipped=False, verb_parser=<colcon_defaults.argument_parser.defaults.DefaultArgumentsDecorator object at 0x7fa8d59ad330>, verb_extension=<colcon_package_information.verb.list.ListVerb object at 0x7fa8d59554b0>, main=<bound method ListVerb.main of <colcon_package_information.verb.list.ListVerb object at 0x7fa8d59554b0>>)
[1.654s] Level 1:colcon.colcon_core.package_discovery:discover_packages(colcon_meta) check parameters
[1.655s] Level 1:colcon.colcon_core.package_discovery:discover_packages(recursive) check parameters
[1.655s] Level 1:colcon.colcon_core.package_discovery:discover_packages(ignore) check parameters
[1.655s] Level 1:colcon.colcon_core.package_discovery:discover_packages(path) check parameters
[1.655s] Level 1:colcon.colcon_core.package_discovery:discover_packages(recursive) discover
[1.655s] INFO:colcon.colcon_core.package_discovery:Crawling recursively for packages in '/home/stephenq0503/Desktop/robot_arm_sim'
[1.655s] Level 1:colcon.colcon_core.package_identification:_identify(/home/stephenq0503/Desktop/robot_arm_sim) by extensions ['ignore', 'ignore_ament_install']
[1.655s] Level 1:colcon.colcon_core.package_identification:_identify(/home/stephenq0503/Desktop/robot_arm_sim) by extension 'ignore'
[1.655s] Level 1:colcon.colcon_core.package_identification:_identify(/home/stephenq0503/Desktop/robot_arm_sim) by extension 'ignore_ament_install'
[1.655s] Level 1:colcon.colcon_core.package_identification:_identify(/home/stephenq0503/Desktop/robot_arm_sim) by extensions ['colcon_pkg']
[1.656s] Level 1:colcon.colcon_core.package_identification:_identify(/home/stephenq0503/Desktop/robot_arm_sim) by extension 'colcon_pkg'
[1.656s] Level 1:colcon.colcon_core.package_identification:_identify(/home/stephenq0503/Desktop/robot_arm_sim) by extensions ['colcon_meta']
[1.656s] Level 1:colcon.colcon_core.package_identification:_identify(/home/stephenq0503/Desktop/robot_arm_sim) by extension 'colcon_meta'
[1.656s] Level 1:colcon.colcon_core.package_identification:_identify(/home/stephenq0503/Desktop/robot_arm_sim) by extensions ['ros']
[1.656s] Level 1:colcon.colcon_core.package_identification:_identify(/home/stephenq0503/Desktop/robot_arm_sim) by extension 'ros'
[1.669s] Level 1:colcon.colcon_core.package_identification:_identify(/home/stephenq0503/Desktop/robot_arm_sim) by extensions ['cmake', 'python']
[1.669s] Level 1:colcon.colcon_core.package_identification:_identify(/home/stephenq0503/Desktop/robot_arm_sim) by extension 'cmake'
[1.669s] Level 1:colcon.colcon_core.package_identification:_identify(/home/stephenq0503/Desktop/robot_arm_sim) by extension 'python'
[1.670s] Level 1:colcon.colcon_core.package_identification:_identify(/home/stephenq0503/Desktop/robot_arm_sim) by extensions ['python_setup_py']
[1.670s] Level 1:colcon.colcon_core.package_identification:_identify(/home/stephenq0503/Desktop/robot_arm_sim) by extension 'python_setup_py'
[1.670s] Level 1:colcon.colcon_core.package_identification:_identify(/home/stephenq0503/Desktop/robot_arm_sim/build) by extensions ['ignore', 'ignore_ament_install']
[1.670s] Level 1:colcon.colcon_core.package_identification:_identify(/home/stephenq0503/Desktop/robot_arm_sim/build) by extension 'ignore'
[1.670s] Level 1:colcon.colcon_core.package_identification:_identify(/home/stephenq0503/Desktop/robot_arm_sim/build) ignored
[1.670s] Level 1:colcon.colcon_core.package_identification:_identify(/home/stephenq0503/Desktop/robot_arm_sim/install) by extensions ['ignore', 'ignore_ament_install']
[1.670s] Level 1:colcon.colcon_core.package_identification:_identify(/home/stephenq0503/Desktop/robot_arm_sim/install) by extension 'ignore'
[1.670s] Level 1:colcon.colcon_core.package_identification:_identify(/home/stephenq0503/Desktop/robot_arm_sim/install) ignored
[1.670s] Level 1:colcon.colcon_core.package_identification:_identify(/home/stephenq0503/Desktop/robot_arm_sim/log) by extensions ['ignore', 'ignore_ament_install']
[1.671s] Level 1:colcon.colcon_core.package_identification:_identify(/home/stephenq0503/Desktop/robot_arm_sim/log) by extension 'ignore'
[1.671s] Level 1:colcon.colcon_core.package_identification:_identify(/home/stephenq0503/Desktop/robot_arm_sim/log) ignored
[1.671s] Level 1:colcon.colcon_core.package_identification:_identify(/home/stephenq0503/Desktop/robot_arm_sim/src) by extensions ['ignore', 'ignore_ament_install']
[1.671s] Level 1:colcon.colcon_core.package_identification:_identify(/home/stephenq0503/Desktop/robot_arm_sim/src) by extension 'ignore'
[1.671s] Level 1:colcon.colcon_core.package_identification:_identify(/home/stephenq0503/Desktop/robot_arm_sim/src) by extension 'ignore_ament_install'
[1.671s] Level 1:colcon.colcon_core.package_identification:_identify(/home/stephenq0503/Desktop/robot_arm_sim/src) by extensions ['colcon_pkg']
[1.671s] Level 1:colcon.colcon_core.package_identification:_identify(/home/stephenq0503/Desktop/robot_arm_sim/src) by extension 'colcon_pkg'
[1.671s] Level 1:colcon.colcon_core.package_identification:_identify(/home/stephenq0503/Desktop/robot_arm_sim/src) by extensions ['colcon_meta']
[1.671s] Level 1:colcon.colcon_core.package_identification:_identify(/home/stephenq0503/Desktop/robot_arm_sim/src) by extension 'colcon_meta'
[1.671s] Level 1:colcon.colcon_core.package_identification:_identify(/home/stephenq0503/Desktop/robot_arm_sim/src) by extensions ['ros']
[1.671s] Level 1:colcon.colcon_core.package_identification:_identify(/home/stephenq0503/Desktop/robot_arm_sim/src) by extension 'ros'
[1.671s] Level 1:colcon.colcon_core.package_identification:_identify(/home/stephenq0503/Desktop/robot_arm_sim/src) by extensions ['cmake', 'python']
[1.671s] Level 1:colcon.colcon_core.package_identification:_identify(/home/stephenq0503/Desktop/robot_arm_sim/src) by extension 'cmake'
[1.671s] Level 1:colcon.colcon_core.package_identification:_identify(/home/stephenq0503/Desktop/robot_arm_sim/src) by extension 'python'
[1.671s] Level 1:colcon.colcon_core.package_identification:_identify(/home/stephenq0503/Desktop/robot_arm_sim/src) by extensions ['python_setup_py']
[1.671s] Level 1:colcon.colcon_core.package_identification:_identify(/home/stephenq0503/Desktop/robot_arm_sim/src) by extension 'python_setup_py'
[1.672s] Level 1:colcon.colcon_core.package_identification:_identify(/home/stephenq0503/Desktop/robot_arm_sim/src/gazebo_ros2_control) by extensions ['ignore', 'ignore_ament_install']
[1.672s] Level 1:colcon.colcon_core.package_identification:_identify(/home/stephenq0503/Desktop/robot_arm_sim/src/gazebo_ros2_control) by extension 'ignore'
[1.672s] Level 1:colcon.colcon_core.package_identification:_identify(/home/stephenq0503/Desktop/robot_arm_sim/src/gazebo_ros2_control) by extension 'ignore_ament_install'
[1.672s] Level 1:colcon.colcon_core.package_identification:_identify(/home/stephenq0503/Desktop/robot_arm_sim/src/gazebo_ros2_control) by extensions ['colcon_pkg']
[1.672s] Level 1:colcon.colcon_core.package_identification:_identify(/home/stephenq0503/Desktop/robot_arm_sim/src/gazebo_ros2_control) by extension 'colcon_pkg'
[1.672s] Level 1:colcon.colcon_core.package_identification:_identify(/home/stephenq0503/Desktop/robot_arm_sim/src/gazebo_ros2_control) by extensions ['colcon_meta']
[1.672s] Level 1:colcon.colcon_core.package_identification:_identify(/home/stephenq0503/Desktop/robot_arm_sim/src/gazebo_ros2_control) by extension 'colcon_meta'
[1.672s] Level 1:colcon.colcon_core.package_identification:_identify(/home/stephenq0503/Desktop/robot_arm_sim/src/gazebo_ros2_control) by extensions ['ros']
[1.672s] Level 1:colcon.colcon_core.package_identification:_identify(/home/stephenq0503/Desktop/robot_arm_sim/src/gazebo_ros2_control) by extension 'ros'
[1.675s] DEBUG:colcon.colcon_core.package_identification:Package '/home/stephenq0503/Desktop/robot_arm_sim/src/gazebo_ros2_control' with type 'ros.ament_cmake' and name 'gazebo_ros2_control'
[1.675s] Level 1:colcon.colcon_core.package_identification:_identify(/home/stephenq0503/Desktop/robot_arm_sim/src/six_dof_arm) by extensions ['ignore', 'ignore_ament_install']
[1.675s] Level 1:colcon.colcon_core.package_identification:_identify(/home/stephenq0503/Desktop/robot_arm_sim/src/six_dof_arm) by extension 'ignore'
[1.675s] Level 1:colcon.colcon_core.package_identification:_identify(/home/stephenq0503/Desktop/robot_arm_sim/src/six_dof_arm) by extension 'ignore_ament_install'
[1.675s] Level 1:colcon.colcon_core.package_identification:_identify(/home/stephenq0503/Desktop/robot_arm_sim/src/six_dof_arm) by extensions ['colcon_pkg']
[1.675s] Level 1:colcon.colcon_core.package_identification:_identify(/home/stephenq0503/Desktop/robot_arm_sim/src/six_dof_arm) by extension 'colcon_pkg'
[1.675s] Level 1:colcon.colcon_core.package_identification:_identify(/home/stephenq0503/Desktop/robot_arm_sim/src/six_dof_arm) by extensions ['colcon_meta']
[1.675s] Level 1:colcon.colcon_core.package_identification:_identify(/home/stephenq0503/Desktop/robot_arm_sim/src/six_dof_arm) by extension 'colcon_meta'
[1.676s] Level 1:colcon.colcon_core.package_identification:_identify(/home/stephenq0503/Desktop/robot_arm_sim/src/six_dof_arm) by extensions ['ros']
[1.676s] Level 1:colcon.colcon_core.package_identification:_identify(/home/stephenq0503/Desktop/robot_arm_sim/src/six_dof_arm) by extension 'ros'
[1.676s] DEBUG:colcon.colcon_core.package_identification:Package '/home/stephenq0503/Desktop/robot_arm_sim/src/six_dof_arm' with type 'ros.ament_cmake' and name 'six_dof_arm'
[1.676s] Level 1:colcon.colcon_core.package_discovery:discover_packages(recursive) using defaults
