[0.149s] Invoking command in '/home/stephenq0503/Desktop/robot_arm_sim/build/moveit_hybrid_planning': AMENT_PREFIX_PATH=/home/stephenq0503/Desktop/robot_arm_sim/install/moveit_ros_planning_interface:/home/stephenq0503/Desktop/robot_arm_sim/install/moveit_ros_move_group:/home/stephenq0503/Desktop/robot_arm_sim/install/moveit_ros_warehouse:/home/stephenq0503/Desktop/robot_arm_sim/install/moveit_planners_ompl:/home/stephenq0503/Desktop/robot_arm_sim/install/moveit_kinematics:/home/stephenq0503/Desktop/robot_arm_sim/install/moveit_ros_planning:/home/stephenq0503/Desktop/robot_arm_sim/install/moveit_ros_occupancy_map_monitor:/home/stephenq0503/Desktop/robot_arm_sim/install/moveit_core:/home/stephenq0503/Desktop/robot_arm_sim/install/moveit_resources_panda_moveit_config:/home/stephenq0503/Desktop/robot_arm_sim/install/srdfdom:/home/stephenq0503/Desktop/robot_arm_sim/install/moveit_resources_panda_description:/home/stephenq0503/Desktop/robot_arm_sim/install/moveit_common:${AMENT_PREFIX_PATH} CMAKE_PREFIX_PATH=/home/stephenq0503/Desktop/robot_arm_sim/install/moveit_ros_planning_interface:/home/stephenq0503/Desktop/robot_arm_sim/install/moveit_ros_move_group:/home/stephenq0503/Desktop/robot_arm_sim/install/moveit_ros_warehouse:/home/stephenq0503/Desktop/robot_arm_sim/install/moveit_planners_ompl:/home/stephenq0503/Desktop/robot_arm_sim/install/moveit_kinematics:/home/stephenq0503/Desktop/robot_arm_sim/install/moveit_ros_planning:/home/stephenq0503/Desktop/robot_arm_sim/install/moveit_ros_occupancy_map_monitor:/home/stephenq0503/Desktop/robot_arm_sim/install/moveit_core:/home/stephenq0503/Desktop/robot_arm_sim/install/moveit_resources_panda_moveit_config:/home/stephenq0503/Desktop/robot_arm_sim/install/srdfdom:/home/stephenq0503/Desktop/robot_arm_sim/install/moveit_resources_panda_description:/home/stephenq0503/Desktop/robot_arm_sim/install/moveit_common:/home/stephenq0503/Desktop/robot_arm_sim/install/six_dof_arm:/home/stephenq0503/Desktop/robot_arm_sim/install/gazebo_ros2_control:/opt/ros/humble LD_LIBRARY_PATH=/home/stephenq0503/Desktop/robot_arm_sim/install/moveit_ros_planning_interface/lib:/home/stephenq0503/Desktop/robot_arm_sim/install/moveit_ros_move_group/lib:/home/stephenq0503/Desktop/robot_arm_sim/install/moveit_ros_warehouse/lib:/home/stephenq0503/Desktop/robot_arm_sim/install/moveit_planners_ompl/lib:/home/stephenq0503/Desktop/robot_arm_sim/install/moveit_kinematics/lib:/home/stephenq0503/Desktop/robot_arm_sim/install/moveit_ros_planning/lib:/home/stephenq0503/Desktop/robot_arm_sim/install/moveit_ros_occupancy_map_monitor/lib:/home/stephenq0503/Desktop/robot_arm_sim/install/moveit_core/lib:/home/stephenq0503/Desktop/robot_arm_sim/install/srdfdom/lib:${LD_LIBRARY_PATH} PATH=/home/stephenq0503/Desktop/robot_arm_sim/install/moveit_core/bin:${PATH} PYTHONPATH=/home/stephenq0503/Desktop/robot_arm_sim/install/srdfdom/local/lib/python3.10/dist-packages:${PYTHONPATH} /usr/bin/cmake /home/stephenq0503/Desktop/robot_arm_sim/src/moveit2/moveit_ros/hybrid_planning -DCMAKE_INSTALL_PREFIX=/home/stephenq0503/Desktop/robot_arm_sim/install/moveit_hybrid_planning
[0.311s] -- The C compiler identification is GNU 11.4.0
[0.391s] -- The CXX compiler identification is GNU 11.4.0
[0.402s] -- Detecting C compiler ABI info
[0.502s] -- Detecting C compiler ABI info - done
[0.513s] -- Check for working C compiler: /usr/bin/cc - skipped
[0.513s] -- Detecting C compile features
[0.514s] -- Detecting C compile features - done
[0.517s] -- Detecting CXX compiler ABI info
[0.647s] -- Detecting CXX compiler ABI info - done
[0.659s] -- Check for working CXX compiler: /usr/bin/c++ - skipped
[0.660s] -- Detecting CXX compile features
[0.661s] -- Detecting CXX compile features - done
[0.665s] -- Found moveit_common: 2.5.5 (/home/stephenq0503/Desktop/robot_arm_sim/install/moveit_common/share/moveit_common/cmake)
[0.670s] -- Found ament_cmake: 1.3.7 (/opt/ros/humble/share/ament_cmake/cmake)
[0.902s] -- Found Python3: /usr/bin/python3.10 (found version "3.10.12") found components: Interpreter 
[1.208s] -- Found libdw: /usr/lib/x86_64-linux-gnu/libdw.so  
[1.219s] -- Could NOT find libbfd (missing: LIBBFD_LIBRARY LIBBFD_INCLUDE_DIR) 
[1.220s] -- BACKWARD_HAS_UNWIND=1
[1.220s] -- BACKWARD_HAS_BACKTRACE=0
[1.221s] -- BACKWARD_HAS_BACKTRACE_SYMBOL=0
[1.221s] -- BACKWARD_HAS_DW=1
[1.221s] -- BACKWARD_HAS_BFD=0
[1.221s] -- Found Backward: /opt/ros/humble/share/backward_ros/cmake  
[1.222s] [0mmoveit_hybrid_planning: You did not request a specific build type: Choosing 'Release' for maximum performance[0m
[1.225s] -- Found moveit_core: 2.5.5 (/home/stephenq0503/Desktop/robot_arm_sim/install/moveit_core/share/moveit_core/cmake)
[1.558s] -- Found Boost: /usr/lib/x86_64-linux-gnu/cmake/Boost-1.74.0/BoostConfig.cmake (found version "1.74.0") found components: chrono date_time filesystem iostreams program_options regex serialization system thread 
[1.630s] -- Found parameter_traits: 0.3.7 (/opt/ros/humble/share/parameter_traits/cmake)
[1.703s] -- Found rosidl_generator_c: 3.1.5 (/opt/ros/humble/share/rosidl_generator_c/cmake)
[1.713s] -- Found rosidl_adapter: 3.1.5 (/opt/ros/humble/share/rosidl_adapter/cmake)
[1.731s] -- Found rosidl_generator_cpp: 3.1.5 (/opt/ros/humble/share/rosidl_generator_cpp/cmake)
[1.768s] -- Using all available rosidl_typesupport_c: rosidl_typesupport_fastrtps_c;rosidl_typesupport_introspection_c
[1.815s] -- Using all available rosidl_typesupport_cpp: rosidl_typesupport_fastrtps_cpp;rosidl_typesupport_introspection_cpp
[1.929s] -- Found rmw_implementation_cmake: 6.1.1 (/opt/ros/humble/share/rmw_implementation_cmake/cmake)
[1.937s] -- Found rmw_fastrtps_cpp: 6.2.6 (/opt/ros/humble/share/rmw_fastrtps_cpp/cmake)
[2.110s] -- Found OpenSSL: /usr/lib/x86_64-linux-gnu/libcrypto.so (found version "3.0.2")  
[2.160s] -- Found FastRTPS: /opt/ros/humble/include  
[2.243s] -- Using RMW implementation 'rmw_fastrtps_cpp' as default
[2.271s] -- Found Threads: TRUE  
[2.594s] -- Found Eigen3: TRUE (found version "3.4.0") 
[2.606s] -- Found rclcpp_lifecycle: 16.0.8 (/opt/ros/humble/share/rclcpp_lifecycle/cmake)
[2.670s] -- Found Boost: /usr/lib/x86_64-linux-gnu/cmake/Boost-1.74.0/BoostConfig.cmake (found version "1.74.0") found components: filesystem 
[2.930s] -- library: /usr/lib/x86_64-linux-gnu/libcurl.so
[3.624s] -- Ensuring Eigen3 include directory is part of orocos-kdl CMake target
[5.802s] -- Found moveit_ros_planning: 2.5.5 (/home/stephenq0503/Desktop/robot_arm_sim/install/moveit_ros_planning/share/moveit_ros_planning/cmake)
[5.808s] -- Found Boost: /usr/lib/x86_64-linux-gnu/cmake/Boost-1.74.0/BoostConfig.cmake (found version "1.74.0") found components: system filesystem date_time program_options thread chrono 
[6.402s] -- Found moveit_ros_planning_interface: 2.5.5 (/home/stephenq0503/Desktop/robot_arm_sim/install/moveit_ros_planning_interface/share/moveit_ros_planning_interface/cmake)
[6.408s] -- Found Boost: /usr/lib/x86_64-linux-gnu/cmake/Boost-1.74.0/BoostConfig.cmake (found version "1.74.0") found components: date_time filesystem program_options system thread 
[6.669s] -- Found Boost: /usr/lib/x86_64-linux-gnu/cmake/Boost-1.74.0/BoostConfig.cmake (found version "1.74.0") found components: thread system filesystem regex date_time program_options 
[7.002s] -- Found Boost: /usr/lib/x86_64-linux-gnu/cmake/Boost-1.74.0/BoostConfig.cmake (found version "1.74.0") found components: system filesystem date_time program_options thread 
[8.376s] -- Found ament_lint_auto: 0.12.10 (/opt/ros/humble/share/ament_lint_auto/cmake)
[8.378s] -- Found ament_cmake_gtest: 1.3.7 (/opt/ros/humble/share/ament_cmake_gtest/cmake)
[8.384s] -- Found ros_testing: 0.4.0 (/opt/ros/humble/share/ros_testing/cmake)
[8.390s] -- Found launch_testing_ament_cmake: 1.0.4 (/opt/ros/humble/share/launch_testing_ament_cmake/cmake)
[8.396s] -- Found python_cmake_module: 0.10.0 (/opt/ros/humble/share/python_cmake_module/cmake)
[8.459s] -- Found PythonInterp: /usr/bin/python3 (found suitable version "3.10.12", minimum required is "3.6") 
[8.470s] -- Found PythonLibs: /usr/lib/x86_64-linux-gnu/libpython3.10.so (found suitable version "3.10.12", minimum required is "3.5") 
[8.471s] -- Using PYTHON_EXECUTABLE: /usr/bin/python3
[8.471s] -- Using PYTHON_INCLUDE_DIRS: /usr/include/python3.10
[8.471s] -- Using PYTHON_LIBRARIES: /usr/lib/x86_64-linux-gnu/libpython3.10.so
[8.518s] -- Found PythonExtra: .so  
[8.527s] -- Found Boost: /usr/lib/x86_64-linux-gnu/cmake/Boost-1.74.0/BoostConfig.cmake (found version "1.74.0") found components: filesystem 
[8.878s] -- Configuring done
[9.549s] -- Generating done
[9.558s] -- Build files have been written to: /home/stephenq0503/Desktop/robot_arm_sim/build/moveit_hybrid_planning
[9.624s] Invoked command in '/home/stephenq0503/Desktop/robot_arm_sim/build/moveit_hybrid_planning' returned '0': AMENT_PREFIX_PATH=/home/stephenq0503/Desktop/robot_arm_sim/install/moveit_ros_planning_interface:/home/stephenq0503/Desktop/robot_arm_sim/install/moveit_ros_move_group:/home/stephenq0503/Desktop/robot_arm_sim/install/moveit_ros_warehouse:/home/stephenq0503/Desktop/robot_arm_sim/install/moveit_planners_ompl:/home/stephenq0503/Desktop/robot_arm_sim/install/moveit_kinematics:/home/stephenq0503/Desktop/robot_arm_sim/install/moveit_ros_planning:/home/stephenq0503/Desktop/robot_arm_sim/install/moveit_ros_occupancy_map_monitor:/home/stephenq0503/Desktop/robot_arm_sim/install/moveit_core:/home/stephenq0503/Desktop/robot_arm_sim/install/moveit_resources_panda_moveit_config:/home/stephenq0503/Desktop/robot_arm_sim/install/srdfdom:/home/stephenq0503/Desktop/robot_arm_sim/install/moveit_resources_panda_description:/home/stephenq0503/Desktop/robot_arm_sim/install/moveit_common:${AMENT_PREFIX_PATH} CMAKE_PREFIX_PATH=/home/stephenq0503/Desktop/robot_arm_sim/install/moveit_ros_planning_interface:/home/stephenq0503/Desktop/robot_arm_sim/install/moveit_ros_move_group:/home/stephenq0503/Desktop/robot_arm_sim/install/moveit_ros_warehouse:/home/stephenq0503/Desktop/robot_arm_sim/install/moveit_planners_ompl:/home/stephenq0503/Desktop/robot_arm_sim/install/moveit_kinematics:/home/stephenq0503/Desktop/robot_arm_sim/install/moveit_ros_planning:/home/stephenq0503/Desktop/robot_arm_sim/install/moveit_ros_occupancy_map_monitor:/home/stephenq0503/Desktop/robot_arm_sim/install/moveit_core:/home/stephenq0503/Desktop/robot_arm_sim/install/moveit_resources_panda_moveit_config:/home/stephenq0503/Desktop/robot_arm_sim/install/srdfdom:/home/stephenq0503/Desktop/robot_arm_sim/install/moveit_resources_panda_description:/home/stephenq0503/Desktop/robot_arm_sim/install/moveit_common:/home/stephenq0503/Desktop/robot_arm_sim/install/six_dof_arm:/home/stephenq0503/Desktop/robot_arm_sim/install/gazebo_ros2_control:/opt/ros/humble LD_LIBRARY_PATH=/home/stephenq0503/Desktop/robot_arm_sim/install/moveit_ros_planning_interface/lib:/home/stephenq0503/Desktop/robot_arm_sim/install/moveit_ros_move_group/lib:/home/stephenq0503/Desktop/robot_arm_sim/install/moveit_ros_warehouse/lib:/home/stephenq0503/Desktop/robot_arm_sim/install/moveit_planners_ompl/lib:/home/stephenq0503/Desktop/robot_arm_sim/install/moveit_kinematics/lib:/home/stephenq0503/Desktop/robot_arm_sim/install/moveit_ros_planning/lib:/home/stephenq0503/Desktop/robot_arm_sim/install/moveit_ros_occupancy_map_monitor/lib:/home/stephenq0503/Desktop/robot_arm_sim/install/moveit_core/lib:/home/stephenq0503/Desktop/robot_arm_sim/install/srdfdom/lib:${LD_LIBRARY_PATH} PATH=/home/stephenq0503/Desktop/robot_arm_sim/install/moveit_core/bin:${PATH} PYTHONPATH=/home/stephenq0503/Desktop/robot_arm_sim/install/srdfdom/local/lib/python3.10/dist-packages:${PYTHONPATH} /usr/bin/cmake /home/stephenq0503/Desktop/robot_arm_sim/src/moveit2/moveit_ros/hybrid_planning -DCMAKE_INSTALL_PREFIX=/home/stephenq0503/Desktop/robot_arm_sim/install/moveit_hybrid_planning
[9.625s] Invoking command in '/home/stephenq0503/Desktop/robot_arm_sim/build/moveit_hybrid_planning': AMENT_PREFIX_PATH=/home/stephenq0503/Desktop/robot_arm_sim/install/moveit_ros_planning_interface:/home/stephenq0503/Desktop/robot_arm_sim/install/moveit_ros_move_group:/home/stephenq0503/Desktop/robot_arm_sim/install/moveit_ros_warehouse:/home/stephenq0503/Desktop/robot_arm_sim/install/moveit_planners_ompl:/home/stephenq0503/Desktop/robot_arm_sim/install/moveit_kinematics:/home/stephenq0503/Desktop/robot_arm_sim/install/moveit_ros_planning:/home/stephenq0503/Desktop/robot_arm_sim/install/moveit_ros_occupancy_map_monitor:/home/stephenq0503/Desktop/robot_arm_sim/install/moveit_core:/home/stephenq0503/Desktop/robot_arm_sim/install/moveit_resources_panda_moveit_config:/home/stephenq0503/Desktop/robot_arm_sim/install/srdfdom:/home/stephenq0503/Desktop/robot_arm_sim/install/moveit_resources_panda_description:/home/stephenq0503/Desktop/robot_arm_sim/install/moveit_common:${AMENT_PREFIX_PATH} CMAKE_PREFIX_PATH=/home/stephenq0503/Desktop/robot_arm_sim/install/moveit_ros_planning_interface:/home/stephenq0503/Desktop/robot_arm_sim/install/moveit_ros_move_group:/home/stephenq0503/Desktop/robot_arm_sim/install/moveit_ros_warehouse:/home/stephenq0503/Desktop/robot_arm_sim/install/moveit_planners_ompl:/home/stephenq0503/Desktop/robot_arm_sim/install/moveit_kinematics:/home/stephenq0503/Desktop/robot_arm_sim/install/moveit_ros_planning:/home/stephenq0503/Desktop/robot_arm_sim/install/moveit_ros_occupancy_map_monitor:/home/stephenq0503/Desktop/robot_arm_sim/install/moveit_core:/home/stephenq0503/Desktop/robot_arm_sim/install/moveit_resources_panda_moveit_config:/home/stephenq0503/Desktop/robot_arm_sim/install/srdfdom:/home/stephenq0503/Desktop/robot_arm_sim/install/moveit_resources_panda_description:/home/stephenq0503/Desktop/robot_arm_sim/install/moveit_common:/home/stephenq0503/Desktop/robot_arm_sim/install/six_dof_arm:/home/stephenq0503/Desktop/robot_arm_sim/install/gazebo_ros2_control:/opt/ros/humble LD_LIBRARY_PATH=/home/stephenq0503/Desktop/robot_arm_sim/install/moveit_ros_planning_interface/lib:/home/stephenq0503/Desktop/robot_arm_sim/install/moveit_ros_move_group/lib:/home/stephenq0503/Desktop/robot_arm_sim/install/moveit_ros_warehouse/lib:/home/stephenq0503/Desktop/robot_arm_sim/install/moveit_planners_ompl/lib:/home/stephenq0503/Desktop/robot_arm_sim/install/moveit_kinematics/lib:/home/stephenq0503/Desktop/robot_arm_sim/install/moveit_ros_planning/lib:/home/stephenq0503/Desktop/robot_arm_sim/install/moveit_ros_occupancy_map_monitor/lib:/home/stephenq0503/Desktop/robot_arm_sim/install/moveit_core/lib:/home/stephenq0503/Desktop/robot_arm_sim/install/srdfdom/lib:${LD_LIBRARY_PATH} PATH=/home/stephenq0503/Desktop/robot_arm_sim/install/moveit_core/bin:${PATH} PYTHONPATH=/home/stephenq0503/Desktop/robot_arm_sim/install/srdfdom/local/lib/python3.10/dist-packages:${PYTHONPATH} /usr/bin/cmake --build /home/stephenq0503/Desktop/robot_arm_sim/build/moveit_hybrid_planning -- -j8 -l8
[9.815s] [  5%] [32mBuilding CXX object hybrid_planning_manager/hybrid_planning_manager_component/CMakeFiles/moveit_hybrid_planning_manager.dir/src/hybrid_planning_manager.cpp.o[0m
[9.869s] [ 10%] [32mBuilding CXX object global_planner/global_planner_component/CMakeFiles/moveit_global_planner_component.dir/src/global_planner_component.cpp.o[0m
[9.871s] [ 15%] [32mBuilding CXX object local_planner/local_planner_component/CMakeFiles/moveit_local_planner_component.dir/src/local_planner_component.cpp.o[0m
[9.882s] [ 20%] [32mBuilding CXX object local_planner/local_constraint_solver_plugins/CMakeFiles/forward_trajectory_plugin.dir/src/forward_trajectory.cpp.o[0m
[9.893s] [ 25%] [32mBuilding CXX object global_planner/global_planner_plugins/CMakeFiles/motion_planning_pipeline_plugin.dir/src/moveit_planning_pipeline.cpp.o[0m
[9.927s] [ 30%] [32mBuilding CXX object local_planner/trajectory_operator_plugins/CMakeFiles/simple_sampler_plugin.dir/src/simple_sampler.cpp.o[0m
[51.974s] [ 35%] [32m[1mLinking CXX shared library libsimple_sampler_plugin.so[0m
[53.730s] [ 35%] Built target simple_sampler_plugin
[64.742s] [ 40%] [32m[1mLinking CXX shared library libforward_trajectory_plugin.so[0m
[65.948s] [ 40%] Built target forward_trajectory_plugin
[67.824s] [ 45%] [32m[1mLinking CXX shared library libmotion_planning_pipeline_plugin.so[0m
[68.736s] [ 45%] Built target motion_planning_pipeline_plugin
[84.970s] [ 50%] [32m[1mLinking CXX shared library libmoveit_global_planner_component.so[0m
[85.832s] [ 50%] Built target moveit_global_planner_component
[89.205s] [ 55%] [32m[1mLinking CXX shared library libmoveit_hybrid_planning_manager.so[0m
[89.944s] [ 55%] Built target moveit_hybrid_planning_manager
[97.799s] [ 60%] [32m[1mLinking CXX shared library libmoveit_local_planner_component.so[0m
[98.360s] [ 60%] Built target moveit_local_planner_component
[98.393s] [ 65%] [32mBuilding CXX object hybrid_planning_manager/planner_logic_plugins/CMakeFiles/single_plan_execution_plugin.dir/src/single_plan_execution.cpp.o[0m
[105.247s] [ 70%] [32m[1mLinking CXX shared library libsingle_plan_execution_plugin.so[0m
[105.610s] [ 70%] Built target single_plan_execution_plugin
[105.644s] [ 75%] [32mBuilding CXX object hybrid_planning_manager/planner_logic_plugins/CMakeFiles/replan_invalidated_trajectory_plugin.dir/src/replan_invalidated_trajectory.cpp.o[0m
[112.271s] [ 80%] [32m[1mLinking CXX shared library libreplan_invalidated_trajectory_plugin.so[0m
[112.623s] [ 80%] Built target replan_invalidated_trajectory_plugin
[112.657s] [ 85%] [32mBuilding CXX object test/CMakeFiles/cancel_action.dir/cancel_action.cpp.o[0m
[118.121s] [ 90%] [32m[1mLinking CXX executable cancel_action[0m
[118.646s] [ 90%] Built target cancel_action
[118.688s] [ 95%] [32mBuilding CXX object test/CMakeFiles/hybrid_planning_demo_node.dir/hybrid_planning_demo_node.cpp.o[0m
[165.591s] [100%] [32m[1mLinking CXX executable hybrid_planning_demo_node[0m
[166.591s] [100%] Built target hybrid_planning_demo_node
[166.609s] Invoked command in '/home/stephenq0503/Desktop/robot_arm_sim/build/moveit_hybrid_planning' returned '0': AMENT_PREFIX_PATH=/home/stephenq0503/Desktop/robot_arm_sim/install/moveit_ros_planning_interface:/home/stephenq0503/Desktop/robot_arm_sim/install/moveit_ros_move_group:/home/stephenq0503/Desktop/robot_arm_sim/install/moveit_ros_warehouse:/home/stephenq0503/Desktop/robot_arm_sim/install/moveit_planners_ompl:/home/stephenq0503/Desktop/robot_arm_sim/install/moveit_kinematics:/home/stephenq0503/Desktop/robot_arm_sim/install/moveit_ros_planning:/home/stephenq0503/Desktop/robot_arm_sim/install/moveit_ros_occupancy_map_monitor:/home/stephenq0503/Desktop/robot_arm_sim/install/moveit_core:/home/stephenq0503/Desktop/robot_arm_sim/install/moveit_resources_panda_moveit_config:/home/stephenq0503/Desktop/robot_arm_sim/install/srdfdom:/home/stephenq0503/Desktop/robot_arm_sim/install/moveit_resources_panda_description:/home/stephenq0503/Desktop/robot_arm_sim/install/moveit_common:${AMENT_PREFIX_PATH} CMAKE_PREFIX_PATH=/home/stephenq0503/Desktop/robot_arm_sim/install/moveit_ros_planning_interface:/home/stephenq0503/Desktop/robot_arm_sim/install/moveit_ros_move_group:/home/stephenq0503/Desktop/robot_arm_sim/install/moveit_ros_warehouse:/home/stephenq0503/Desktop/robot_arm_sim/install/moveit_planners_ompl:/home/stephenq0503/Desktop/robot_arm_sim/install/moveit_kinematics:/home/stephenq0503/Desktop/robot_arm_sim/install/moveit_ros_planning:/home/stephenq0503/Desktop/robot_arm_sim/install/moveit_ros_occupancy_map_monitor:/home/stephenq0503/Desktop/robot_arm_sim/install/moveit_core:/home/stephenq0503/Desktop/robot_arm_sim/install/moveit_resources_panda_moveit_config:/home/stephenq0503/Desktop/robot_arm_sim/install/srdfdom:/home/stephenq0503/Desktop/robot_arm_sim/install/moveit_resources_panda_description:/home/stephenq0503/Desktop/robot_arm_sim/install/moveit_common:/home/stephenq0503/Desktop/robot_arm_sim/install/six_dof_arm:/home/stephenq0503/Desktop/robot_arm_sim/install/gazebo_ros2_control:/opt/ros/humble LD_LIBRARY_PATH=/home/stephenq0503/Desktop/robot_arm_sim/install/moveit_ros_planning_interface/lib:/home/stephenq0503/Desktop/robot_arm_sim/install/moveit_ros_move_group/lib:/home/stephenq0503/Desktop/robot_arm_sim/install/moveit_ros_warehouse/lib:/home/stephenq0503/Desktop/robot_arm_sim/install/moveit_planners_ompl/lib:/home/stephenq0503/Desktop/robot_arm_sim/install/moveit_kinematics/lib:/home/stephenq0503/Desktop/robot_arm_sim/install/moveit_ros_planning/lib:/home/stephenq0503/Desktop/robot_arm_sim/install/moveit_ros_occupancy_map_monitor/lib:/home/stephenq0503/Desktop/robot_arm_sim/install/moveit_core/lib:/home/stephenq0503/Desktop/robot_arm_sim/install/srdfdom/lib:${LD_LIBRARY_PATH} PATH=/home/stephenq0503/Desktop/robot_arm_sim/install/moveit_core/bin:${PATH} PYTHONPATH=/home/stephenq0503/Desktop/robot_arm_sim/install/srdfdom/local/lib/python3.10/dist-packages:${PYTHONPATH} /usr/bin/cmake --build /home/stephenq0503/Desktop/robot_arm_sim/build/moveit_hybrid_planning -- -j8 -l8
[166.658s] Invoking command in '/home/stephenq0503/Desktop/robot_arm_sim/build/moveit_hybrid_planning': AMENT_PREFIX_PATH=/home/stephenq0503/Desktop/robot_arm_sim/install/moveit_ros_planning_interface:/home/stephenq0503/Desktop/robot_arm_sim/install/moveit_ros_move_group:/home/stephenq0503/Desktop/robot_arm_sim/install/moveit_ros_warehouse:/home/stephenq0503/Desktop/robot_arm_sim/install/moveit_planners_ompl:/home/stephenq0503/Desktop/robot_arm_sim/install/moveit_kinematics:/home/stephenq0503/Desktop/robot_arm_sim/install/moveit_ros_planning:/home/stephenq0503/Desktop/robot_arm_sim/install/moveit_ros_occupancy_map_monitor:/home/stephenq0503/Desktop/robot_arm_sim/install/moveit_core:/home/stephenq0503/Desktop/robot_arm_sim/install/moveit_resources_panda_moveit_config:/home/stephenq0503/Desktop/robot_arm_sim/install/srdfdom:/home/stephenq0503/Desktop/robot_arm_sim/install/moveit_resources_panda_description:/home/stephenq0503/Desktop/robot_arm_sim/install/moveit_common:${AMENT_PREFIX_PATH} CMAKE_PREFIX_PATH=/home/stephenq0503/Desktop/robot_arm_sim/install/moveit_ros_planning_interface:/home/stephenq0503/Desktop/robot_arm_sim/install/moveit_ros_move_group:/home/stephenq0503/Desktop/robot_arm_sim/install/moveit_ros_warehouse:/home/stephenq0503/Desktop/robot_arm_sim/install/moveit_planners_ompl:/home/stephenq0503/Desktop/robot_arm_sim/install/moveit_kinematics:/home/stephenq0503/Desktop/robot_arm_sim/install/moveit_ros_planning:/home/stephenq0503/Desktop/robot_arm_sim/install/moveit_ros_occupancy_map_monitor:/home/stephenq0503/Desktop/robot_arm_sim/install/moveit_core:/home/stephenq0503/Desktop/robot_arm_sim/install/moveit_resources_panda_moveit_config:/home/stephenq0503/Desktop/robot_arm_sim/install/srdfdom:/home/stephenq0503/Desktop/robot_arm_sim/install/moveit_resources_panda_description:/home/stephenq0503/Desktop/robot_arm_sim/install/moveit_common:/home/stephenq0503/Desktop/robot_arm_sim/install/six_dof_arm:/home/stephenq0503/Desktop/robot_arm_sim/install/gazebo_ros2_control:/opt/ros/humble LD_LIBRARY_PATH=/home/stephenq0503/Desktop/robot_arm_sim/install/moveit_ros_planning_interface/lib:/home/stephenq0503/Desktop/robot_arm_sim/install/moveit_ros_move_group/lib:/home/stephenq0503/Desktop/robot_arm_sim/install/moveit_ros_warehouse/lib:/home/stephenq0503/Desktop/robot_arm_sim/install/moveit_planners_ompl/lib:/home/stephenq0503/Desktop/robot_arm_sim/install/moveit_kinematics/lib:/home/stephenq0503/Desktop/robot_arm_sim/install/moveit_ros_planning/lib:/home/stephenq0503/Desktop/robot_arm_sim/install/moveit_ros_occupancy_map_monitor/lib:/home/stephenq0503/Desktop/robot_arm_sim/install/moveit_core/lib:/home/stephenq0503/Desktop/robot_arm_sim/install/srdfdom/lib:${LD_LIBRARY_PATH} PATH=/home/stephenq0503/Desktop/robot_arm_sim/install/moveit_core/bin:${PATH} PYTHONPATH=/home/stephenq0503/Desktop/robot_arm_sim/install/srdfdom/local/lib/python3.10/dist-packages:${PYTHONPATH} /usr/bin/cmake --install /home/stephenq0503/Desktop/robot_arm_sim/build/moveit_hybrid_planning
[166.671s] -- Install configuration: "Release"
[166.674s] -- Installing: /home/stephenq0503/Desktop/robot_arm_sim/install/moveit_hybrid_planning/lib/libmoveit_global_planner_component.so.2.5.5
[166.675s] -- Set runtime path of "/home/stephenq0503/Desktop/robot_arm_sim/install/moveit_hybrid_planning/lib/libmoveit_global_planner_component.so.2.5.5" to ""
[166.676s] -- Installing: /home/stephenq0503/Desktop/robot_arm_sim/install/moveit_hybrid_planning/lib/libmoveit_global_planner_component.so
[166.676s] -- Installing: /home/stephenq0503/Desktop/robot_arm_sim/install/moveit_hybrid_planning/lib/libmoveit_hybrid_planning_manager.so.2.5.5
[166.679s] -- Set runtime path of "/home/stephenq0503/Desktop/robot_arm_sim/install/moveit_hybrid_planning/lib/libmoveit_hybrid_planning_manager.so.2.5.5" to ""
[166.679s] -- Installing: /home/stephenq0503/Desktop/robot_arm_sim/install/moveit_hybrid_planning/lib/libmoveit_hybrid_planning_manager.so
[166.679s] -- Installing: /home/stephenq0503/Desktop/robot_arm_sim/install/moveit_hybrid_planning/lib/libmoveit_local_planner_component.so.2.5.5
[166.682s] -- Set runtime path of "/home/stephenq0503/Desktop/robot_arm_sim/install/moveit_hybrid_planning/lib/libmoveit_local_planner_component.so.2.5.5" to ""
[166.682s] -- Installing: /home/stephenq0503/Desktop/robot_arm_sim/install/moveit_hybrid_planning/lib/libmoveit_local_planner_component.so
[166.682s] -- Installing: /home/stephenq0503/Desktop/robot_arm_sim/install/moveit_hybrid_planning/lib/libforward_trajectory_plugin.so.2.5.5
[166.683s] -- Set runtime path of "/home/stephenq0503/Desktop/robot_arm_sim/install/moveit_hybrid_planning/lib/libforward_trajectory_plugin.so.2.5.5" to ""
[166.683s] -- Installing: /home/stephenq0503/Desktop/robot_arm_sim/install/moveit_hybrid_planning/lib/libforward_trajectory_plugin.so
[166.683s] -- Installing: /home/stephenq0503/Desktop/robot_arm_sim/install/moveit_hybrid_planning/lib/libmotion_planning_pipeline_plugin.so.2.5.5
[166.684s] -- Set runtime path of "/home/stephenq0503/Desktop/robot_arm_sim/install/moveit_hybrid_planning/lib/libmotion_planning_pipeline_plugin.so.2.5.5" to ""
[166.684s] -- Installing: /home/stephenq0503/Desktop/robot_arm_sim/install/moveit_hybrid_planning/lib/libmotion_planning_pipeline_plugin.so
[166.685s] -- Installing: /home/stephenq0503/Desktop/robot_arm_sim/install/moveit_hybrid_planning/lib/libreplan_invalidated_trajectory_plugin.so.2.5.5
[166.685s] -- Set runtime path of "/home/stephenq0503/Desktop/robot_arm_sim/install/moveit_hybrid_planning/lib/libreplan_invalidated_trajectory_plugin.so.2.5.5" to ""
[166.685s] -- Installing: /home/stephenq0503/Desktop/robot_arm_sim/install/moveit_hybrid_planning/lib/libreplan_invalidated_trajectory_plugin.so
[166.685s] -- Installing: /home/stephenq0503/Desktop/robot_arm_sim/install/moveit_hybrid_planning/lib/libsimple_sampler_plugin.so.2.5.5
[166.686s] -- Set runtime path of "/home/stephenq0503/Desktop/robot_arm_sim/install/moveit_hybrid_planning/lib/libsimple_sampler_plugin.so.2.5.5" to ""
[166.686s] -- Installing: /home/stephenq0503/Desktop/robot_arm_sim/install/moveit_hybrid_planning/lib/libsimple_sampler_plugin.so
[166.686s] -- Installing: /home/stephenq0503/Desktop/robot_arm_sim/install/moveit_hybrid_planning/lib/libsingle_plan_execution_plugin.so.2.5.5
[166.687s] -- Set runtime path of "/home/stephenq0503/Desktop/robot_arm_sim/install/moveit_hybrid_planning/lib/libsingle_plan_execution_plugin.so.2.5.5" to ""
[166.687s] -- Installing: /home/stephenq0503/Desktop/robot_arm_sim/install/moveit_hybrid_planning/lib/libsingle_plan_execution_plugin.so
[166.687s] -- Installing: /home/stephenq0503/Desktop/robot_arm_sim/install/moveit_hybrid_planning/lib/moveit_hybrid_planning/cancel_action
[166.688s] -- Set runtime path of "/home/stephenq0503/Desktop/robot_arm_sim/install/moveit_hybrid_planning/lib/moveit_hybrid_planning/cancel_action" to ""
[166.688s] -- Installing: /home/stephenq0503/Desktop/robot_arm_sim/install/moveit_hybrid_planning/lib/moveit_hybrid_planning/hybrid_planning_demo_node
[166.690s] -- Set runtime path of "/home/stephenq0503/Desktop/robot_arm_sim/install/moveit_hybrid_planning/lib/moveit_hybrid_planning/hybrid_planning_demo_node" to ""
[166.691s] -- Installing: /home/stephenq0503/Desktop/robot_arm_sim/install/moveit_hybrid_planning/include
[166.691s] -- Installing: /home/stephenq0503/Desktop/robot_arm_sim/install/moveit_hybrid_planning/include/moveit
[166.691s] -- Installing: /home/stephenq0503/Desktop/robot_arm_sim/install/moveit_hybrid_planning/include/moveit/global_planner
[166.692s] -- Installing: /home/stephenq0503/Desktop/robot_arm_sim/install/moveit_hybrid_planning/include/moveit/global_planner/global_planner_component.h
[166.692s] -- Installing: /home/stephenq0503/Desktop/robot_arm_sim/install/moveit_hybrid_planning/include/moveit/global_planner/global_planner_interface.h
[166.692s] -- Up-to-date: /home/stephenq0503/Desktop/robot_arm_sim/install/moveit_hybrid_planning/include
[166.693s] -- Up-to-date: /home/stephenq0503/Desktop/robot_arm_sim/install/moveit_hybrid_planning/include/moveit
[166.693s] -- Up-to-date: /home/stephenq0503/Desktop/robot_arm_sim/install/moveit_hybrid_planning/include/moveit/global_planner
[166.693s] -- Installing: /home/stephenq0503/Desktop/robot_arm_sim/install/moveit_hybrid_planning/include/moveit/global_planner/moveit_planning_pipeline.h
[166.693s] -- Up-to-date: /home/stephenq0503/Desktop/robot_arm_sim/install/moveit_hybrid_planning/include
[166.693s] -- Up-to-date: /home/stephenq0503/Desktop/robot_arm_sim/install/moveit_hybrid_planning/include/moveit
[166.694s] -- Installing: /home/stephenq0503/Desktop/robot_arm_sim/install/moveit_hybrid_planning/include/moveit/hybrid_planning_manager
[166.694s] -- Installing: /home/stephenq0503/Desktop/robot_arm_sim/install/moveit_hybrid_planning/include/moveit/hybrid_planning_manager/hybrid_planning_manager.h
[166.694s] -- Installing: /home/stephenq0503/Desktop/robot_arm_sim/install/moveit_hybrid_planning/include/moveit/hybrid_planning_manager/planner_logic_interface.h
[166.694s] -- Installing: /home/stephenq0503/Desktop/robot_arm_sim/install/moveit_hybrid_planning/include/moveit/hybrid_planning_manager/hybrid_planning_events.h
[166.694s] -- Installing: /home/stephenq0503/Desktop/robot_arm_sim/install/moveit_hybrid_planning/include/moveit/hybrid_planning_manager/moveit_error_code_interface.h
[166.694s] -- Up-to-date: /home/stephenq0503/Desktop/robot_arm_sim/install/moveit_hybrid_planning/include
[166.695s] -- Up-to-date: /home/stephenq0503/Desktop/robot_arm_sim/install/moveit_hybrid_planning/include/moveit
[166.695s] -- Installing: /home/stephenq0503/Desktop/robot_arm_sim/install/moveit_hybrid_planning/include/moveit/planner_logic_plugins
[166.695s] -- Installing: /home/stephenq0503/Desktop/robot_arm_sim/install/moveit_hybrid_planning/include/moveit/planner_logic_plugins/single_plan_execution.h
[166.695s] -- Installing: /home/stephenq0503/Desktop/robot_arm_sim/install/moveit_hybrid_planning/include/moveit/planner_logic_plugins/replan_invalidated_trajectory.h
[166.695s] -- Up-to-date: /home/stephenq0503/Desktop/robot_arm_sim/install/moveit_hybrid_planning/include
[166.695s] -- Up-to-date: /home/stephenq0503/Desktop/robot_arm_sim/install/moveit_hybrid_planning/include/moveit
[166.695s] -- Installing: /home/stephenq0503/Desktop/robot_arm_sim/install/moveit_hybrid_planning/include/moveit/local_planner
[166.695s] -- Installing: /home/stephenq0503/Desktop/robot_arm_sim/install/moveit_hybrid_planning/include/moveit/local_planner/local_planner_component.h
[166.696s] -- Installing: /home/stephenq0503/Desktop/robot_arm_sim/install/moveit_hybrid_planning/include/moveit/local_planner/local_constraint_solver_interface.h
[166.696s] -- Installing: /home/stephenq0503/Desktop/robot_arm_sim/install/moveit_hybrid_planning/include/moveit/local_planner/trajectory_operator_interface.h
[166.696s] -- Installing: /home/stephenq0503/Desktop/robot_arm_sim/install/moveit_hybrid_planning/include/moveit/local_planner/feedback_types.h
[166.696s] -- Up-to-date: /home/stephenq0503/Desktop/robot_arm_sim/install/moveit_hybrid_planning/include
[166.696s] -- Up-to-date: /home/stephenq0503/Desktop/robot_arm_sim/install/moveit_hybrid_planning/include/moveit
[166.696s] -- Installing: /home/stephenq0503/Desktop/robot_arm_sim/install/moveit_hybrid_planning/include/moveit/trajectory_operator_plugins
[166.696s] -- Installing: /home/stephenq0503/Desktop/robot_arm_sim/install/moveit_hybrid_planning/include/moveit/trajectory_operator_plugins/simple_sampler.h
[166.696s] -- Up-to-date: /home/stephenq0503/Desktop/robot_arm_sim/install/moveit_hybrid_planning/include
[166.697s] -- Up-to-date: /home/stephenq0503/Desktop/robot_arm_sim/install/moveit_hybrid_planning/include/moveit
[166.697s] -- Installing: /home/stephenq0503/Desktop/robot_arm_sim/install/moveit_hybrid_planning/include/moveit/local_constraint_solver_plugins
[166.697s] -- Installing: /home/stephenq0503/Desktop/robot_arm_sim/install/moveit_hybrid_planning/include/moveit/local_constraint_solver_plugins/forward_trajectory.h
[166.697s] -- Installing: /home/stephenq0503/Desktop/robot_arm_sim/install/moveit_hybrid_planning/share/moveit_hybrid_planning/launch
[166.697s] -- Installing: /home/stephenq0503/Desktop/robot_arm_sim/install/moveit_hybrid_planning/share/moveit_hybrid_planning/launch/hybrid_planning_common.py
[166.697s] -- Installing: /home/stephenq0503/Desktop/robot_arm_sim/install/moveit_hybrid_planning/share/moveit_hybrid_planning/launch/hybrid_planning_demo.launch.py
[166.697s] -- Installing: /home/stephenq0503/Desktop/robot_arm_sim/install/moveit_hybrid_planning/share/moveit_hybrid_planning/launch/test_basic_integration.test.py
[166.698s] -- Installing: /home/stephenq0503/Desktop/robot_arm_sim/install/moveit_hybrid_planning/share/moveit_hybrid_planning/config
[166.698s] -- Installing: /home/stephenq0503/Desktop/robot_arm_sim/install/moveit_hybrid_planning/share/moveit_hybrid_planning/config/global_planner.yaml
[166.698s] -- Installing: /home/stephenq0503/Desktop/robot_arm_sim/install/moveit_hybrid_planning/share/moveit_hybrid_planning/config/hybrid_planning_manager.yaml
[166.699s] -- Installing: /home/stephenq0503/Desktop/robot_arm_sim/install/moveit_hybrid_planning/share/moveit_hybrid_planning/config/demo_controller.yaml
[166.699s] -- Installing: /home/stephenq0503/Desktop/robot_arm_sim/install/moveit_hybrid_planning/share/moveit_hybrid_planning/config/common_hybrid_planning_params.yaml
[166.699s] -- Installing: /home/stephenq0503/Desktop/robot_arm_sim/install/moveit_hybrid_planning/share/moveit_hybrid_planning/config/hybrid_planning_demo.rviz
[166.699s] -- Installing: /home/stephenq0503/Desktop/robot_arm_sim/install/moveit_hybrid_planning/share/moveit_hybrid_planning/config/local_planner.yaml
[166.700s] -- Installing: /home/stephenq0503/Desktop/robot_arm_sim/install/moveit_hybrid_planning/share/moveit_hybrid_planning/single_plan_execution_plugin.xml
[166.700s] -- Installing: /home/stephenq0503/Desktop/robot_arm_sim/install/moveit_hybrid_planning/share/moveit_hybrid_planning/moveit_planning_pipeline_plugin.xml
[166.700s] -- Installing: /home/stephenq0503/Desktop/robot_arm_sim/install/moveit_hybrid_planning/share/moveit_hybrid_planning/simple_sampler_plugin.xml
[166.700s] -- Installing: /home/stephenq0503/Desktop/robot_arm_sim/install/moveit_hybrid_planning/share/moveit_hybrid_planning/replan_invalidated_trajectory_plugin.xml
[166.701s] -- Installing: /home/stephenq0503/Desktop/robot_arm_sim/install/moveit_hybrid_planning/share/moveit_hybrid_planning/forward_trajectory_plugin.xml
[166.701s] -- Installing: /home/stephenq0503/Desktop/robot_arm_sim/install/moveit_hybrid_planning/share/moveit_hybrid_planning/environment/library_path.sh
[166.701s] -- Installing: /home/stephenq0503/Desktop/robot_arm_sim/install/moveit_hybrid_planning/share/moveit_hybrid_planning/environment/library_path.dsv
[166.702s] -- Installing: /home/stephenq0503/Desktop/robot_arm_sim/install/moveit_hybrid_planning/share/ament_index/resource_index/package_run_dependencies/moveit_hybrid_planning
[166.702s] -- Installing: /home/stephenq0503/Desktop/robot_arm_sim/install/moveit_hybrid_planning/share/ament_index/resource_index/parent_prefix_path/moveit_hybrid_planning
[166.702s] -- Installing: /home/stephenq0503/Desktop/robot_arm_sim/install/moveit_hybrid_planning/share/moveit_hybrid_planning/environment/ament_prefix_path.sh
[166.703s] -- Installing: /home/stephenq0503/Desktop/robot_arm_sim/install/moveit_hybrid_planning/share/moveit_hybrid_planning/environment/ament_prefix_path.dsv
[166.703s] -- Installing: /home/stephenq0503/Desktop/robot_arm_sim/install/moveit_hybrid_planning/share/moveit_hybrid_planning/environment/path.sh
[166.703s] -- Installing: /home/stephenq0503/Desktop/robot_arm_sim/install/moveit_hybrid_planning/share/moveit_hybrid_planning/environment/path.dsv
[166.703s] -- Installing: /home/stephenq0503/Desktop/robot_arm_sim/install/moveit_hybrid_planning/share/moveit_hybrid_planning/local_setup.bash
[166.703s] -- Installing: /home/stephenq0503/Desktop/robot_arm_sim/install/moveit_hybrid_planning/share/moveit_hybrid_planning/local_setup.sh
[166.704s] -- Installing: /home/stephenq0503/Desktop/robot_arm_sim/install/moveit_hybrid_planning/share/moveit_hybrid_planning/local_setup.zsh
[166.704s] -- Installing: /home/stephenq0503/Desktop/robot_arm_sim/install/moveit_hybrid_planning/share/moveit_hybrid_planning/local_setup.dsv
[166.704s] -- Installing: /home/stephenq0503/Desktop/robot_arm_sim/install/moveit_hybrid_planning/share/moveit_hybrid_planning/package.dsv
[166.704s] -- Installing: /home/stephenq0503/Desktop/robot_arm_sim/install/moveit_hybrid_planning/share/ament_index/resource_index/packages/moveit_hybrid_planning
[166.705s] -- Installing: /home/stephenq0503/Desktop/robot_arm_sim/install/moveit_hybrid_planning/share/ament_index/resource_index/moveit_hybrid_planning__pluginlib__plugin/moveit_hybrid_planning
[166.705s] -- Installing: /home/stephenq0503/Desktop/robot_arm_sim/install/moveit_hybrid_planning/share/ament_index/resource_index/rclcpp_components/moveit_hybrid_planning
[166.705s] -- Installing: /home/stephenq0503/Desktop/robot_arm_sim/install/moveit_hybrid_planning/share/moveit_hybrid_planning/cmake/export_moveit_hybrid_planningExport.cmake
[166.705s] -- Installing: /home/stephenq0503/Desktop/robot_arm_sim/install/moveit_hybrid_planning/share/moveit_hybrid_planning/cmake/export_moveit_hybrid_planningExport-release.cmake
[166.706s] -- Installing: /home/stephenq0503/Desktop/robot_arm_sim/install/moveit_hybrid_planning/share/moveit_hybrid_planning/cmake/ament_cmake_export_include_directories-extras.cmake
[166.706s] -- Installing: /home/stephenq0503/Desktop/robot_arm_sim/install/moveit_hybrid_planning/share/moveit_hybrid_planning/cmake/ament_cmake_export_libraries-extras.cmake
[166.706s] -- Installing: /home/stephenq0503/Desktop/robot_arm_sim/install/moveit_hybrid_planning/share/moveit_hybrid_planning/cmake/ament_cmake_export_dependencies-extras.cmake
[166.706s] -- Installing: /home/stephenq0503/Desktop/robot_arm_sim/install/moveit_hybrid_planning/share/moveit_hybrid_planning/cmake/ament_cmake_export_targets-extras.cmake
[166.707s] -- Installing: /home/stephenq0503/Desktop/robot_arm_sim/install/moveit_hybrid_planning/share/moveit_hybrid_planning/cmake/moveit_hybrid_planningConfig.cmake
[166.707s] -- Installing: /home/stephenq0503/Desktop/robot_arm_sim/install/moveit_hybrid_planning/share/moveit_hybrid_planning/cmake/moveit_hybrid_planningConfig-version.cmake
[166.707s] -- Installing: /home/stephenq0503/Desktop/robot_arm_sim/install/moveit_hybrid_planning/share/moveit_hybrid_planning/package.xml
[166.710s] Invoked command in '/home/stephenq0503/Desktop/robot_arm_sim/build/moveit_hybrid_planning' returned '0': AMENT_PREFIX_PATH=/home/stephenq0503/Desktop/robot_arm_sim/install/moveit_ros_planning_interface:/home/stephenq0503/Desktop/robot_arm_sim/install/moveit_ros_move_group:/home/stephenq0503/Desktop/robot_arm_sim/install/moveit_ros_warehouse:/home/stephenq0503/Desktop/robot_arm_sim/install/moveit_planners_ompl:/home/stephenq0503/Desktop/robot_arm_sim/install/moveit_kinematics:/home/stephenq0503/Desktop/robot_arm_sim/install/moveit_ros_planning:/home/stephenq0503/Desktop/robot_arm_sim/install/moveit_ros_occupancy_map_monitor:/home/stephenq0503/Desktop/robot_arm_sim/install/moveit_core:/home/stephenq0503/Desktop/robot_arm_sim/install/moveit_resources_panda_moveit_config:/home/stephenq0503/Desktop/robot_arm_sim/install/srdfdom:/home/stephenq0503/Desktop/robot_arm_sim/install/moveit_resources_panda_description:/home/stephenq0503/Desktop/robot_arm_sim/install/moveit_common:${AMENT_PREFIX_PATH} CMAKE_PREFIX_PATH=/home/stephenq0503/Desktop/robot_arm_sim/install/moveit_ros_planning_interface:/home/stephenq0503/Desktop/robot_arm_sim/install/moveit_ros_move_group:/home/stephenq0503/Desktop/robot_arm_sim/install/moveit_ros_warehouse:/home/stephenq0503/Desktop/robot_arm_sim/install/moveit_planners_ompl:/home/stephenq0503/Desktop/robot_arm_sim/install/moveit_kinematics:/home/stephenq0503/Desktop/robot_arm_sim/install/moveit_ros_planning:/home/stephenq0503/Desktop/robot_arm_sim/install/moveit_ros_occupancy_map_monitor:/home/stephenq0503/Desktop/robot_arm_sim/install/moveit_core:/home/stephenq0503/Desktop/robot_arm_sim/install/moveit_resources_panda_moveit_config:/home/stephenq0503/Desktop/robot_arm_sim/install/srdfdom:/home/stephenq0503/Desktop/robot_arm_sim/install/moveit_resources_panda_description:/home/stephenq0503/Desktop/robot_arm_sim/install/moveit_common:/home/stephenq0503/Desktop/robot_arm_sim/install/six_dof_arm:/home/stephenq0503/Desktop/robot_arm_sim/install/gazebo_ros2_control:/opt/ros/humble LD_LIBRARY_PATH=/home/stephenq0503/Desktop/robot_arm_sim/install/moveit_ros_planning_interface/lib:/home/stephenq0503/Desktop/robot_arm_sim/install/moveit_ros_move_group/lib:/home/stephenq0503/Desktop/robot_arm_sim/install/moveit_ros_warehouse/lib:/home/stephenq0503/Desktop/robot_arm_sim/install/moveit_planners_ompl/lib:/home/stephenq0503/Desktop/robot_arm_sim/install/moveit_kinematics/lib:/home/stephenq0503/Desktop/robot_arm_sim/install/moveit_ros_planning/lib:/home/stephenq0503/Desktop/robot_arm_sim/install/moveit_ros_occupancy_map_monitor/lib:/home/stephenq0503/Desktop/robot_arm_sim/install/moveit_core/lib:/home/stephenq0503/Desktop/robot_arm_sim/install/srdfdom/lib:${LD_LIBRARY_PATH} PATH=/home/stephenq0503/Desktop/robot_arm_sim/install/moveit_core/bin:${PATH} PYTHONPATH=/home/stephenq0503/Desktop/robot_arm_sim/install/srdfdom/local/lib/python3.10/dist-packages:${PYTHONPATH} /usr/bin/cmake --install /home/stephenq0503/Desktop/robot_arm_sim/build/moveit_hybrid_planning
