[0.377s] Invoking command in '/home/stephenq0503/Desktop/robot_arm_sim/build/moveit_ros_occupancy_map_monitor': AMENT_PREFIX_PATH=/home/stephenq0503/Desktop/robot_arm_sim/install/moveit_core:/home/stephenq0503/Desktop/robot_arm_sim/install/srdfdom:/home/stephenq0503/Desktop/robot_arm_sim/install/moveit_common:${AMENT_PREFIX_PATH} CMAKE_PREFIX_PATH=/home/stephenq0503/Desktop/robot_arm_sim/install/moveit_core:/home/stephenq0503/Desktop/robot_arm_sim/install/srdfdom:/home/stephenq0503/Desktop/robot_arm_sim/install/moveit_common:/home/stephenq0503/Desktop/robot_arm_sim/install/six_dof_arm:/home/stephenq0503/Desktop/robot_arm_sim/install/gazebo_ros2_control:/opt/ros/humble LD_LIBRARY_PATH=/home/stephenq0503/Desktop/robot_arm_sim/install/moveit_core/lib:/home/stephenq0503/Desktop/robot_arm_sim/install/srdfdom/lib:${LD_LIBRARY_PATH} PATH=/home/stephenq0503/Desktop/robot_arm_sim/install/moveit_core/bin:${PATH} PYTHONPATH=/home/stephenq0503/Desktop/robot_arm_sim/install/srdfdom/local/lib/python3.10/dist-packages:${PYTHONPATH} /usr/bin/cmake /home/stephenq0503/Desktop/robot_arm_sim/src/moveit2/moveit_ros/occupancy_map_monitor -DCMAKE_INSTALL_PREFIX=/home/stephenq0503/Desktop/robot_arm_sim/install/moveit_ros_occupancy_map_monitor
[0.476s] -- The C compiler identification is GNU 11.4.0
[0.588s] -- The CXX compiler identification is GNU 11.4.0
[0.604s] -- Detecting C compiler ABI info
[0.739s] -- Detecting C compiler ABI info - done
[0.760s] -- Check for working C compiler: /usr/bin/cc - skipped
[0.761s] -- Detecting C compile features
[0.762s] -- Detecting C compile features - done
[0.767s] -- Detecting CXX compiler ABI info
[0.919s] -- Detecting CXX compiler ABI info - done
[0.943s] -- Check for working CXX compiler: /usr/bin/c++ - skipped
[0.943s] -- Detecting CXX compile features
[0.945s] -- Detecting CXX compile features - done
[0.947s] -- Found moveit_common: 2.5.5 (/home/stephenq0503/Desktop/robot_arm_sim/install/moveit_common/share/moveit_common/cmake)
[0.953s] -- Found ament_cmake: 1.3.7 (/opt/ros/humble/share/ament_cmake/cmake)
[1.517s] -- Found Python3: /usr/bin/python3.10 (found version "3.10.12") found components: Interpreter 
[2.126s] -- Found libdw: /usr/lib/x86_64-linux-gnu/libdw.so  
[2.134s] -- Could NOT find libbfd (missing: LIBBFD_LIBRARY LIBBFD_INCLUDE_DIR) 
[2.134s] -- BACKWARD_HAS_UNWIND=1
[2.135s] -- BACKWARD_HAS_BACKTRACE=0
[2.135s] -- BACKWARD_HAS_BACKTRACE_SYMBOL=0
[2.135s] -- BACKWARD_HAS_DW=1
[2.135s] -- BACKWARD_HAS_BFD=0
[2.136s] -- Found Backward: /opt/ros/humble/share/backward_ros/cmake  
[2.137s] [0mmoveit_ros_occupancy_map_monitor: You did not request a specific build type: Choosing 'Release' for maximum performance[0m
[2.138s] -- Found moveit_core: 2.5.5 (/home/stephenq0503/Desktop/robot_arm_sim/install/moveit_core/share/moveit_core/cmake)
[2.606s] -- Found Boost: /usr/lib/x86_64-linux-gnu/cmake/Boost-1.74.0/BoostConfig.cmake (found version "1.74.0") found components: chrono date_time filesystem iostreams program_options regex serialization system thread 
[2.699s] -- Found parameter_traits: 0.3.7 (/opt/ros/humble/share/parameter_traits/cmake)
[2.797s] -- Found rosidl_generator_c: 3.1.5 (/opt/ros/humble/share/rosidl_generator_c/cmake)
[2.810s] -- Found rosidl_adapter: 3.1.5 (/opt/ros/humble/share/rosidl_adapter/cmake)
[2.831s] -- Found rosidl_generator_cpp: 3.1.5 (/opt/ros/humble/share/rosidl_generator_cpp/cmake)
[2.867s] -- Using all available rosidl_typesupport_c: rosidl_typesupport_fastrtps_c;rosidl_typesupport_introspection_c
[2.917s] -- Using all available rosidl_typesupport_cpp: rosidl_typesupport_fastrtps_cpp;rosidl_typesupport_introspection_cpp
[3.095s] -- Found rmw_implementation_cmake: 6.1.1 (/opt/ros/humble/share/rmw_implementation_cmake/cmake)
[3.102s] -- Found rmw_fastrtps_cpp: 6.2.6 (/opt/ros/humble/share/rmw_fastrtps_cpp/cmake)
[3.310s] -- Found OpenSSL: /usr/lib/x86_64-linux-gnu/libcrypto.so (found version "3.0.2")  
[3.361s] -- Found FastRTPS: /opt/ros/humble/include  
[3.458s] -- Using RMW implementation 'rmw_fastrtps_cpp' as default
[3.474s] -- Found Threads: TRUE  
[3.753s] -- Found Eigen3: TRUE (found version "3.4.0") 
[3.757s] -- Found rclcpp_lifecycle: 16.0.8 (/opt/ros/humble/share/rclcpp_lifecycle/cmake)
[3.859s] -- Found Boost: /usr/lib/x86_64-linux-gnu/cmake/Boost-1.74.0/BoostConfig.cmake (found version "1.74.0") found components: filesystem 
[4.139s] -- library: /usr/lib/x86_64-linux-gnu/libcurl.so
[5.010s] -- Ensuring Eigen3 include directory is part of orocos-kdl CMake target
[7.413s] -- Found ament_lint_auto: 0.12.10 (/opt/ros/humble/share/ament_lint_auto/cmake)
[7.508s] -- Found gmock sources under '/opt/ros/humble/src/gmock_vendor': C++ tests using 'Google Mock' will be built
[7.551s] -- Found ament_cmake_gtest: 1.3.7 (/opt/ros/humble/share/ament_cmake_gtest/cmake)
[7.554s] -- Found gtest sources under '/opt/ros/humble/src/gtest_vendor': C++ tests using 'Google Test' will be built
[7.582s] -- Added test 'cppcheck' to perform static code analysis on C / C++ code
[7.583s] -- Configured cppcheck include dirs: /home/stephenq0503/Desktop/robot_arm_sim/src/moveit2/moveit_ros/occupancy_map_monitor/include
[7.583s] -- Configured cppcheck exclude dirs and/or files: 
[7.591s] -- Added test 'lint_cmake' to check CMake code style
[7.595s] -- Added test 'xmllint' to check XML markup files
[7.608s] -- Configuring done
[7.872s] -- Generating done
[7.924s] -- Build files have been written to: /home/stephenq0503/Desktop/robot_arm_sim/build/moveit_ros_occupancy_map_monitor
[7.949s] Invoked command in '/home/stephenq0503/Desktop/robot_arm_sim/build/moveit_ros_occupancy_map_monitor' returned '0': AMENT_PREFIX_PATH=/home/stephenq0503/Desktop/robot_arm_sim/install/moveit_core:/home/stephenq0503/Desktop/robot_arm_sim/install/srdfdom:/home/stephenq0503/Desktop/robot_arm_sim/install/moveit_common:${AMENT_PREFIX_PATH} CMAKE_PREFIX_PATH=/home/stephenq0503/Desktop/robot_arm_sim/install/moveit_core:/home/stephenq0503/Desktop/robot_arm_sim/install/srdfdom:/home/stephenq0503/Desktop/robot_arm_sim/install/moveit_common:/home/stephenq0503/Desktop/robot_arm_sim/install/six_dof_arm:/home/stephenq0503/Desktop/robot_arm_sim/install/gazebo_ros2_control:/opt/ros/humble LD_LIBRARY_PATH=/home/stephenq0503/Desktop/robot_arm_sim/install/moveit_core/lib:/home/stephenq0503/Desktop/robot_arm_sim/install/srdfdom/lib:${LD_LIBRARY_PATH} PATH=/home/stephenq0503/Desktop/robot_arm_sim/install/moveit_core/bin:${PATH} PYTHONPATH=/home/stephenq0503/Desktop/robot_arm_sim/install/srdfdom/local/lib/python3.10/dist-packages:${PYTHONPATH} /usr/bin/cmake /home/stephenq0503/Desktop/robot_arm_sim/src/moveit2/moveit_ros/occupancy_map_monitor -DCMAKE_INSTALL_PREFIX=/home/stephenq0503/Desktop/robot_arm_sim/install/moveit_ros_occupancy_map_monitor
[7.950s] Invoking command in '/home/stephenq0503/Desktop/robot_arm_sim/build/moveit_ros_occupancy_map_monitor': AMENT_PREFIX_PATH=/home/stephenq0503/Desktop/robot_arm_sim/install/moveit_core:/home/stephenq0503/Desktop/robot_arm_sim/install/srdfdom:/home/stephenq0503/Desktop/robot_arm_sim/install/moveit_common:${AMENT_PREFIX_PATH} CMAKE_PREFIX_PATH=/home/stephenq0503/Desktop/robot_arm_sim/install/moveit_core:/home/stephenq0503/Desktop/robot_arm_sim/install/srdfdom:/home/stephenq0503/Desktop/robot_arm_sim/install/moveit_common:/home/stephenq0503/Desktop/robot_arm_sim/install/six_dof_arm:/home/stephenq0503/Desktop/robot_arm_sim/install/gazebo_ros2_control:/opt/ros/humble LD_LIBRARY_PATH=/home/stephenq0503/Desktop/robot_arm_sim/install/moveit_core/lib:/home/stephenq0503/Desktop/robot_arm_sim/install/srdfdom/lib:${LD_LIBRARY_PATH} PATH=/home/stephenq0503/Desktop/robot_arm_sim/install/moveit_core/bin:${PATH} PYTHONPATH=/home/stephenq0503/Desktop/robot_arm_sim/install/srdfdom/local/lib/python3.10/dist-packages:${PYTHONPATH} /usr/bin/cmake --build /home/stephenq0503/Desktop/robot_arm_sim/build/moveit_ros_occupancy_map_monitor -- -j8 -l8
[8.123s] [  7%] [32mBuilding CXX object gmock/CMakeFiles/gmock_main.dir/src/gmock_main.cc.o[0m
[8.124s] [ 15%] [32mBuilding CXX object CMakeFiles/moveit_ros_occupancy_map_monitor.dir/src/occupancy_map_monitor.cpp.o[0m
[8.144s] [ 23%] [32mBuilding CXX object CMakeFiles/moveit_ros_occupancy_map_monitor.dir/src/occupancy_map_monitor_middleware_handle.cpp.o[0m
[8.154s] [ 38%] [32mBuilding CXX object gmock/CMakeFiles/gmock.dir/opt/ros/humble/src/gtest_vendor/src/gtest-all.cc.o[0m
[8.154s] [ 30%] [32mBuilding CXX object CMakeFiles/moveit_ros_occupancy_map_monitor.dir/src/occupancy_map_updater.cpp.o[0m
[8.164s] [ 46%] [32mBuilding CXX object gmock/CMakeFiles/gmock.dir/src/gmock-all.cc.o[0m
[15.160s] [ 53%] [32m[1mLinking CXX static library libgmock_main.a[0m
[15.478s] [ 53%] Built target gmock_main
[40.029s] [ 61%] [32m[1mLinking CXX static library libgmock.a[0m
[40.263s] [ 61%] Built target gmock
[43.075s] [ 69%] [32m[1mLinking CXX shared library libmoveit_ros_occupancy_map_monitor.so[0m
[43.659s] [ 69%] Built target moveit_ros_occupancy_map_monitor
[43.707s] [ 76%] [32mBuilding CXX object CMakeFiles/moveit_ros_occupancy_map_server.dir/src/occupancy_map_server.cpp.o[0m
[64.728s] [ 84%] [32m[1mLinking CXX executable moveit_ros_occupancy_map_server[0m
[65.114s] [ 84%] Built target moveit_ros_occupancy_map_server
[65.145s] [ 92%] [32mBuilding CXX object CMakeFiles/occupancy_map_monitor_tests.dir/test/occupancy_map_monitor_tests.cpp.o[0m
[76.382s] [100%] [32m[1mLinking CXX executable occupancy_map_monitor_tests[0m
[76.850s] [100%] Built target occupancy_map_monitor_tests
[76.867s] Invoked command in '/home/stephenq0503/Desktop/robot_arm_sim/build/moveit_ros_occupancy_map_monitor' returned '0': AMENT_PREFIX_PATH=/home/stephenq0503/Desktop/robot_arm_sim/install/moveit_core:/home/stephenq0503/Desktop/robot_arm_sim/install/srdfdom:/home/stephenq0503/Desktop/robot_arm_sim/install/moveit_common:${AMENT_PREFIX_PATH} CMAKE_PREFIX_PATH=/home/stephenq0503/Desktop/robot_arm_sim/install/moveit_core:/home/stephenq0503/Desktop/robot_arm_sim/install/srdfdom:/home/stephenq0503/Desktop/robot_arm_sim/install/moveit_common:/home/stephenq0503/Desktop/robot_arm_sim/install/six_dof_arm:/home/stephenq0503/Desktop/robot_arm_sim/install/gazebo_ros2_control:/opt/ros/humble LD_LIBRARY_PATH=/home/stephenq0503/Desktop/robot_arm_sim/install/moveit_core/lib:/home/stephenq0503/Desktop/robot_arm_sim/install/srdfdom/lib:${LD_LIBRARY_PATH} PATH=/home/stephenq0503/Desktop/robot_arm_sim/install/moveit_core/bin:${PATH} PYTHONPATH=/home/stephenq0503/Desktop/robot_arm_sim/install/srdfdom/local/lib/python3.10/dist-packages:${PYTHONPATH} /usr/bin/cmake --build /home/stephenq0503/Desktop/robot_arm_sim/build/moveit_ros_occupancy_map_monitor -- -j8 -l8
[76.925s] Invoking command in '/home/stephenq0503/Desktop/robot_arm_sim/build/moveit_ros_occupancy_map_monitor': AMENT_PREFIX_PATH=/home/stephenq0503/Desktop/robot_arm_sim/install/moveit_core:/home/stephenq0503/Desktop/robot_arm_sim/install/srdfdom:/home/stephenq0503/Desktop/robot_arm_sim/install/moveit_common:${AMENT_PREFIX_PATH} CMAKE_PREFIX_PATH=/home/stephenq0503/Desktop/robot_arm_sim/install/moveit_core:/home/stephenq0503/Desktop/robot_arm_sim/install/srdfdom:/home/stephenq0503/Desktop/robot_arm_sim/install/moveit_common:/home/stephenq0503/Desktop/robot_arm_sim/install/six_dof_arm:/home/stephenq0503/Desktop/robot_arm_sim/install/gazebo_ros2_control:/opt/ros/humble LD_LIBRARY_PATH=/home/stephenq0503/Desktop/robot_arm_sim/install/moveit_core/lib:/home/stephenq0503/Desktop/robot_arm_sim/install/srdfdom/lib:${LD_LIBRARY_PATH} PATH=/home/stephenq0503/Desktop/robot_arm_sim/install/moveit_core/bin:${PATH} PYTHONPATH=/home/stephenq0503/Desktop/robot_arm_sim/install/srdfdom/local/lib/python3.10/dist-packages:${PYTHONPATH} /usr/bin/cmake --install /home/stephenq0503/Desktop/robot_arm_sim/build/moveit_ros_occupancy_map_monitor
[76.934s] -- Install configuration: "Release"
[76.934s] -- Installing: /home/stephenq0503/Desktop/robot_arm_sim/install/moveit_ros_occupancy_map_monitor/lib/libmoveit_ros_occupancy_map_monitor.so.2.5.5
[76.936s] -- Set runtime path of "/home/stephenq0503/Desktop/robot_arm_sim/install/moveit_ros_occupancy_map_monitor/lib/libmoveit_ros_occupancy_map_monitor.so.2.5.5" to ""
[76.937s] -- Installing: /home/stephenq0503/Desktop/robot_arm_sim/install/moveit_ros_occupancy_map_monitor/lib/libmoveit_ros_occupancy_map_monitor.so
[76.937s] -- Installing: /home/stephenq0503/Desktop/robot_arm_sim/install/moveit_ros_occupancy_map_monitor/lib/moveit_ros_occupancy_map_monitor/moveit_ros_occupancy_map_server
[76.939s] -- Set runtime path of "/home/stephenq0503/Desktop/robot_arm_sim/install/moveit_ros_occupancy_map_monitor/lib/moveit_ros_occupancy_map_monitor/moveit_ros_occupancy_map_server" to ""
[76.939s] -- Installing: /home/stephenq0503/Desktop/robot_arm_sim/install/moveit_ros_occupancy_map_monitor/include
[76.939s] -- Installing: /home/stephenq0503/Desktop/robot_arm_sim/install/moveit_ros_occupancy_map_monitor/include/moveit
[76.939s] -- Installing: /home/stephenq0503/Desktop/robot_arm_sim/install/moveit_ros_occupancy_map_monitor/include/moveit/occupancy_map_monitor
[76.940s] -- Installing: /home/stephenq0503/Desktop/robot_arm_sim/install/moveit_ros_occupancy_map_monitor/include/moveit/occupancy_map_monitor/occupancy_map_monitor_middleware_handle.hpp
[76.940s] -- Installing: /home/stephenq0503/Desktop/robot_arm_sim/install/moveit_ros_occupancy_map_monitor/include/moveit/occupancy_map_monitor/occupancy_map_updater.h
[76.940s] -- Installing: /home/stephenq0503/Desktop/robot_arm_sim/install/moveit_ros_occupancy_map_monitor/include/moveit/occupancy_map_monitor/occupancy_map_monitor.h
[76.940s] -- Installing: /home/stephenq0503/Desktop/robot_arm_sim/install/moveit_ros_occupancy_map_monitor/share/moveit_ros_occupancy_map_monitor/environment/library_path.sh
[76.940s] -- Installing: /home/stephenq0503/Desktop/robot_arm_sim/install/moveit_ros_occupancy_map_monitor/share/moveit_ros_occupancy_map_monitor/environment/library_path.dsv
[76.941s] -- Installing: /home/stephenq0503/Desktop/robot_arm_sim/install/moveit_ros_occupancy_map_monitor/share/ament_index/resource_index/package_run_dependencies/moveit_ros_occupancy_map_monitor
[76.941s] -- Installing: /home/stephenq0503/Desktop/robot_arm_sim/install/moveit_ros_occupancy_map_monitor/share/ament_index/resource_index/parent_prefix_path/moveit_ros_occupancy_map_monitor
[76.941s] -- Installing: /home/stephenq0503/Desktop/robot_arm_sim/install/moveit_ros_occupancy_map_monitor/share/moveit_ros_occupancy_map_monitor/environment/ament_prefix_path.sh
[76.942s] -- Installing: /home/stephenq0503/Desktop/robot_arm_sim/install/moveit_ros_occupancy_map_monitor/share/moveit_ros_occupancy_map_monitor/environment/ament_prefix_path.dsv
[76.942s] -- Installing: /home/stephenq0503/Desktop/robot_arm_sim/install/moveit_ros_occupancy_map_monitor/share/moveit_ros_occupancy_map_monitor/environment/path.sh
[76.942s] -- Installing: /home/stephenq0503/Desktop/robot_arm_sim/install/moveit_ros_occupancy_map_monitor/share/moveit_ros_occupancy_map_monitor/environment/path.dsv
[76.942s] -- Installing: /home/stephenq0503/Desktop/robot_arm_sim/install/moveit_ros_occupancy_map_monitor/share/moveit_ros_occupancy_map_monitor/local_setup.bash
[76.943s] -- Installing: /home/stephenq0503/Desktop/robot_arm_sim/install/moveit_ros_occupancy_map_monitor/share/moveit_ros_occupancy_map_monitor/local_setup.sh
[76.943s] -- Installing: /home/stephenq0503/Desktop/robot_arm_sim/install/moveit_ros_occupancy_map_monitor/share/moveit_ros_occupancy_map_monitor/local_setup.zsh
[76.943s] -- Installing: /home/stephenq0503/Desktop/robot_arm_sim/install/moveit_ros_occupancy_map_monitor/share/moveit_ros_occupancy_map_monitor/local_setup.dsv
[76.943s] -- Installing: /home/stephenq0503/Desktop/robot_arm_sim/install/moveit_ros_occupancy_map_monitor/share/moveit_ros_occupancy_map_monitor/package.dsv
[76.944s] -- Installing: /home/stephenq0503/Desktop/robot_arm_sim/install/moveit_ros_occupancy_map_monitor/share/ament_index/resource_index/packages/moveit_ros_occupancy_map_monitor
[76.944s] -- Installing: /home/stephenq0503/Desktop/robot_arm_sim/install/moveit_ros_occupancy_map_monitor/share/moveit_ros_occupancy_map_monitor/cmake/export_moveit_ros_occupancy_map_monitorExport.cmake
[76.944s] -- Installing: /home/stephenq0503/Desktop/robot_arm_sim/install/moveit_ros_occupancy_map_monitor/share/moveit_ros_occupancy_map_monitor/cmake/export_moveit_ros_occupancy_map_monitorExport-release.cmake
[76.944s] -- Installing: /home/stephenq0503/Desktop/robot_arm_sim/install/moveit_ros_occupancy_map_monitor/share/moveit_ros_occupancy_map_monitor/cmake/ament_cmake_export_targets-extras.cmake
[76.945s] -- Installing: /home/stephenq0503/Desktop/robot_arm_sim/install/moveit_ros_occupancy_map_monitor/share/moveit_ros_occupancy_map_monitor/cmake/ament_cmake_export_dependencies-extras.cmake
[76.945s] -- Installing: /home/stephenq0503/Desktop/robot_arm_sim/install/moveit_ros_occupancy_map_monitor/share/moveit_ros_occupancy_map_monitor/cmake/moveit_ros_occupancy_map_monitorConfig.cmake
[76.945s] -- Installing: /home/stephenq0503/Desktop/robot_arm_sim/install/moveit_ros_occupancy_map_monitor/share/moveit_ros_occupancy_map_monitor/cmake/moveit_ros_occupancy_map_monitorConfig-version.cmake
[76.945s] -- Installing: /home/stephenq0503/Desktop/robot_arm_sim/install/moveit_ros_occupancy_map_monitor/share/moveit_ros_occupancy_map_monitor/package.xml
[76.949s] Invoked command in '/home/stephenq0503/Desktop/robot_arm_sim/build/moveit_ros_occupancy_map_monitor' returned '0': AMENT_PREFIX_PATH=/home/stephenq0503/Desktop/robot_arm_sim/install/moveit_core:/home/stephenq0503/Desktop/robot_arm_sim/install/srdfdom:/home/stephenq0503/Desktop/robot_arm_sim/install/moveit_common:${AMENT_PREFIX_PATH} CMAKE_PREFIX_PATH=/home/stephenq0503/Desktop/robot_arm_sim/install/moveit_core:/home/stephenq0503/Desktop/robot_arm_sim/install/srdfdom:/home/stephenq0503/Desktop/robot_arm_sim/install/moveit_common:/home/stephenq0503/Desktop/robot_arm_sim/install/six_dof_arm:/home/stephenq0503/Desktop/robot_arm_sim/install/gazebo_ros2_control:/opt/ros/humble LD_LIBRARY_PATH=/home/stephenq0503/Desktop/robot_arm_sim/install/moveit_core/lib:/home/stephenq0503/Desktop/robot_arm_sim/install/srdfdom/lib:${LD_LIBRARY_PATH} PATH=/home/stephenq0503/Desktop/robot_arm_sim/install/moveit_core/bin:${PATH} PYTHONPATH=/home/stephenq0503/Desktop/robot_arm_sim/install/srdfdom/local/lib/python3.10/dist-packages:${PYTHONPATH} /usr/bin/cmake --install /home/stephenq0503/Desktop/robot_arm_sim/build/moveit_ros_occupancy_map_monitor
