running egg_info
creating ../../build/my_robot_pkg/my_robot_pkg.egg-info
writing ../../build/my_robot_pkg/my_robot_pkg.egg-info/PKG-INFO
writing dependency_links to ../../build/my_robot_pkg/my_robot_pkg.egg-info/dependency_links.txt
writing entry points to ../../build/my_robot_pkg/my_robot_pkg.egg-info/entry_points.txt
writing requirements to ../../build/my_robot_pkg/my_robot_pkg.egg-info/requires.txt
writing top-level names to ../../build/my_robot_pkg/my_robot_pkg.egg-info/top_level.txt
writing manifest file '../../build/my_robot_pkg/my_robot_pkg.egg-info/SOURCES.txt'
reading manifest file '../../build/my_robot_pkg/my_robot_pkg.egg-info/SOURCES.txt'
writing manifest file '../../build/my_robot_pkg/my_robot_pkg.egg-info/SOURCES.txt'
running build
running build_py
creating /home/stephenq0503/Desktop/robot_arm_sim/build/my_robot_pkg/build
creating /home/stephenq0503/Desktop/robot_arm_sim/build/my_robot_pkg/build/lib
creating /home/stephenq0503/Desktop/robot_arm_sim/build/my_robot_pkg/build/lib/my_robot_pkg
copying my_robot_pkg/__init__.py -> /home/stephenq0503/Desktop/robot_arm_sim/build/my_robot_pkg/build/lib/my_robot_pkg
copying my_robot_pkg/joint_points_act_service.py -> /home/stephenq0503/Desktop/robot_arm_sim/build/my_robot_pkg/build/lib/my_robot_pkg
running install
running install_lib
creating /home/stephenq0503/Desktop/robot_arm_sim/install/my_robot_pkg/lib/python3.10/site-packages/my_robot_pkg
copying /home/stephenq0503/Desktop/robot_arm_sim/build/my_robot_pkg/build/lib/my_robot_pkg/__init__.py -> /home/stephenq0503/Desktop/robot_arm_sim/install/my_robot_pkg/lib/python3.10/site-packages/my_robot_pkg
copying /home/stephenq0503/Desktop/robot_arm_sim/build/my_robot_pkg/build/lib/my_robot_pkg/joint_points_act_service.py -> /home/stephenq0503/Desktop/robot_arm_sim/install/my_robot_pkg/lib/python3.10/site-packages/my_robot_pkg
byte-compiling /home/stephenq0503/Desktop/robot_arm_sim/install/my_robot_pkg/lib/python3.10/site-packages/my_robot_pkg/__init__.py to __init__.cpython-310.pyc
byte-compiling /home/stephenq0503/Desktop/robot_arm_sim/install/my_robot_pkg/lib/python3.10/site-packages/my_robot_pkg/joint_points_act_service.py to joint_points_act_service.cpython-310.pyc
running install_data
creating /home/stephenq0503/Desktop/robot_arm_sim/install/my_robot_pkg/share/ament_index
creating /home/stephenq0503/Desktop/robot_arm_sim/install/my_robot_pkg/share/ament_index/resource_index
creating /home/stephenq0503/Desktop/robot_arm_sim/install/my_robot_pkg/share/ament_index/resource_index/packages
copying resource/my_robot_pkg -> /home/stephenq0503/Desktop/robot_arm_sim/install/my_robot_pkg/share/ament_index/resource_index/packages
copying package.xml -> /home/stephenq0503/Desktop/robot_arm_sim/install/my_robot_pkg/share/my_robot_pkg
creating /home/stephenq0503/Desktop/robot_arm_sim/install/my_robot_pkg/share/my_robot_pkg/launch
copying launch/my_robot_gazebo_controller.launch.py -> /home/stephenq0503/Desktop/robot_arm_sim/install/my_robot_pkg/share/my_robot_pkg/launch
creating /home/stephenq0503/Desktop/robot_arm_sim/install/my_robot_pkg/share/my_robot_pkg/rviz
creating /home/stephenq0503/Desktop/robot_arm_sim/install/my_robot_pkg/share/my_robot_pkg/config
copying config/simple_controller.yaml -> /home/stephenq0503/Desktop/robot_arm_sim/install/my_robot_pkg/share/my_robot_pkg/config
copying config/panda_controller.yaml -> /home/stephenq0503/Desktop/robot_arm_sim/install/my_robot_pkg/share/my_robot_pkg/config
creating /home/stephenq0503/Desktop/robot_arm_sim/install/my_robot_pkg/share/my_robot_pkg/worlds
copying worlds/my_empty_world.world -> /home/stephenq0503/Desktop/robot_arm_sim/install/my_robot_pkg/share/my_robot_pkg/worlds
creating /home/stephenq0503/Desktop/robot_arm_sim/install/my_robot_pkg/share/my_robot_pkg/description
creating /home/stephenq0503/Desktop/robot_arm_sim/install/my_robot_pkg/share/my_robot_pkg/description/urdf
creating /home/stephenq0503/Desktop/robot_arm_sim/install/my_robot_pkg/share/my_robot_pkg/description/xacro
copying description/xacro/panda_transmission.xacro -> /home/stephenq0503/Desktop/robot_arm_sim/install/my_robot_pkg/share/my_robot_pkg/description/xacro
copying description/xacro/panda_ros2control.xacro -> /home/stephenq0503/Desktop/robot_arm_sim/install/my_robot_pkg/share/my_robot_pkg/description/xacro
copying description/xacro/panda_macro.urdf.xacro -> /home/stephenq0503/Desktop/robot_arm_sim/install/my_robot_pkg/share/my_robot_pkg/description/xacro
copying description/xacro/panda.urdf.xacro -> /home/stephenq0503/Desktop/robot_arm_sim/install/my_robot_pkg/share/my_robot_pkg/description/xacro
creating /home/stephenq0503/Desktop/robot_arm_sim/install/my_robot_pkg/share/my_robot_pkg/description/meshes
creating /home/stephenq0503/Desktop/robot_arm_sim/install/my_robot_pkg/share/my_robot_pkg/description/meshes/visual
copying description/meshes/visual/finger.dae -> /home/stephenq0503/Desktop/robot_arm_sim/install/my_robot_pkg/share/my_robot_pkg/description/meshes/visual
copying description/meshes/visual/link2.dae -> /home/stephenq0503/Desktop/robot_arm_sim/install/my_robot_pkg/share/my_robot_pkg/description/meshes/visual
copying description/meshes/visual/link5.dae -> /home/stephenq0503/Desktop/robot_arm_sim/install/my_robot_pkg/share/my_robot_pkg/description/meshes/visual
copying description/meshes/visual/link1.dae -> /home/stephenq0503/Desktop/robot_arm_sim/install/my_robot_pkg/share/my_robot_pkg/description/meshes/visual
copying description/meshes/visual/hand.dae -> /home/stephenq0503/Desktop/robot_arm_sim/install/my_robot_pkg/share/my_robot_pkg/description/meshes/visual
copying description/meshes/visual/link0.dae -> /home/stephenq0503/Desktop/robot_arm_sim/install/my_robot_pkg/share/my_robot_pkg/description/meshes/visual
copying description/meshes/visual/link4.dae -> /home/stephenq0503/Desktop/robot_arm_sim/install/my_robot_pkg/share/my_robot_pkg/description/meshes/visual
copying description/meshes/visual/link7.dae -> /home/stephenq0503/Desktop/robot_arm_sim/install/my_robot_pkg/share/my_robot_pkg/description/meshes/visual
copying description/meshes/visual/link6.dae -> /home/stephenq0503/Desktop/robot_arm_sim/install/my_robot_pkg/share/my_robot_pkg/description/meshes/visual
copying description/meshes/visual/link3.dae -> /home/stephenq0503/Desktop/robot_arm_sim/install/my_robot_pkg/share/my_robot_pkg/description/meshes/visual
creating /home/stephenq0503/Desktop/robot_arm_sim/install/my_robot_pkg/share/my_robot_pkg/description/meshes/collision
copying description/meshes/collision/link7.stl -> /home/stephenq0503/Desktop/robot_arm_sim/install/my_robot_pkg/share/my_robot_pkg/description/meshes/collision
copying description/meshes/collision/finger.stl -> /home/stephenq0503/Desktop/robot_arm_sim/install/my_robot_pkg/share/my_robot_pkg/description/meshes/collision
copying description/meshes/collision/link3.stl -> /home/stephenq0503/Desktop/robot_arm_sim/install/my_robot_pkg/share/my_robot_pkg/description/meshes/collision
copying description/meshes/collision/hand.stl -> /home/stephenq0503/Desktop/robot_arm_sim/install/my_robot_pkg/share/my_robot_pkg/description/meshes/collision
copying description/meshes/collision/link2.stl -> /home/stephenq0503/Desktop/robot_arm_sim/install/my_robot_pkg/share/my_robot_pkg/description/meshes/collision
copying description/meshes/collision/link6.stl -> /home/stephenq0503/Desktop/robot_arm_sim/install/my_robot_pkg/share/my_robot_pkg/description/meshes/collision
copying description/meshes/collision/link5.stl -> /home/stephenq0503/Desktop/robot_arm_sim/install/my_robot_pkg/share/my_robot_pkg/description/meshes/collision
copying description/meshes/collision/link4.stl -> /home/stephenq0503/Desktop/robot_arm_sim/install/my_robot_pkg/share/my_robot_pkg/description/meshes/collision
copying description/meshes/collision/link1.stl -> /home/stephenq0503/Desktop/robot_arm_sim/install/my_robot_pkg/share/my_robot_pkg/description/meshes/collision
copying description/meshes/collision/link0.stl -> /home/stephenq0503/Desktop/robot_arm_sim/install/my_robot_pkg/share/my_robot_pkg/description/meshes/collision
running install_egg_info
Copying ../../build/my_robot_pkg/my_robot_pkg.egg-info to /home/stephenq0503/Desktop/robot_arm_sim/install/my_robot_pkg/lib/python3.10/site-packages/my_robot_pkg-0.0.0-py3.10.egg-info
running install_scripts
Installing trajectory_points_act_server script to /home/stephenq0503/Desktop/robot_arm_sim/install/my_robot_pkg/lib/my_robot_pkg
Installing trajectory_points_topic script to /home/stephenq0503/Desktop/robot_arm_sim/install/my_robot_pkg/lib/my_robot_pkg
writing list of installed files to '/home/stephenq0503/Desktop/robot_arm_sim/build/my_robot_pkg/install.log'
