/home/stephenq0503/Desktop/robot_arm_sim/src/install/my_cubes_pkg/lib/python3.10/site-packages/my_cubes_pkg/client_node.py
/home/stephenq0503/Desktop/robot_arm_sim/src/install/my_cubes_pkg/lib/python3.10/site-packages/my_cubes_pkg/__init__.py
/home/stephenq0503/Desktop/robot_arm_sim/src/install/my_cubes_pkg/lib/python3.10/site-packages/my_cubes_pkg/__pycache__/client_node.cpython-310.pyc
/home/stephenq0503/Desktop/robot_arm_sim/src/install/my_cubes_pkg/lib/python3.10/site-packages/my_cubes_pkg/__pycache__/__init__.cpython-310.pyc
/home/stephenq0503/Desktop/robot_arm_sim/src/install/my_cubes_pkg/share/ament_index/resource_index/packages/my_cubes_pkg
/home/stephenq0503/Desktop/robot_arm_sim/src/install/my_cubes_pkg/share/my_cubes_pkg/package.xml
/home/stephenq0503/Desktop/robot_arm_sim/src/install/my_cubes_pkg/share/my_cubes_pkg/launch/my_cubes.launch.py
/home/stephenq0503/Desktop/robot_arm_sim/src/install/my_cubes_pkg/share/my_cubes_pkg/worlds/my_empty_world.world
/home/stephenq0503/Desktop/robot_arm_sim/src/install/my_cubes_pkg/share/my_cubes_pkg/models/sdf/red_cube.config
/home/stephenq0503/Desktop/robot_arm_sim/src/install/my_cubes_pkg/share/my_cubes_pkg/models/sdf/green_cube.config
/home/stephenq0503/Desktop/robot_arm_sim/src/install/my_cubes_pkg/share/my_cubes_pkg/models/sdf/red_cube.sdf
/home/stephenq0503/Desktop/robot_arm_sim/src/install/my_cubes_pkg/share/my_cubes_pkg/models/sdf/blue_cube.sdf
/home/stephenq0503/Desktop/robot_arm_sim/src/install/my_cubes_pkg/share/my_cubes_pkg/models/sdf/green_cube.sdf
/home/stephenq0503/Desktop/robot_arm_sim/src/install/my_cubes_pkg/share/my_cubes_pkg/models/sdf/blue_cube.config
/home/stephenq0503/Desktop/robot_arm_sim/src/install/my_cubes_pkg/share/my_cubes_pkg/models/urdf/green_cube.urdf
/home/stephenq0503/Desktop/robot_arm_sim/src/install/my_cubes_pkg/share/my_cubes_pkg/models/urdf/blue_cube.urdf
/home/stephenq0503/Desktop/robot_arm_sim/src/install/my_cubes_pkg/share/my_cubes_pkg/models/urdf/red_cube.urdf
/home/stephenq0503/Desktop/robot_arm_sim/src/install/my_cubes_pkg/lib/python3.10/site-packages/my_cubes_pkg-0.0.0-py3.10.egg-info/top_level.txt
/home/stephenq0503/Desktop/robot_arm_sim/src/install/my_cubes_pkg/lib/python3.10/site-packages/my_cubes_pkg-0.0.0-py3.10.egg-info/entry_points.txt
/home/stephenq0503/Desktop/robot_arm_sim/src/install/my_cubes_pkg/lib/python3.10/site-packages/my_cubes_pkg-0.0.0-py3.10.egg-info/PKG-INFO
/home/stephenq0503/Desktop/robot_arm_sim/src/install/my_cubes_pkg/lib/python3.10/site-packages/my_cubes_pkg-0.0.0-py3.10.egg-info/SOURCES.txt
/home/stephenq0503/Desktop/robot_arm_sim/src/install/my_cubes_pkg/lib/python3.10/site-packages/my_cubes_pkg-0.0.0-py3.10.egg-info/dependency_links.txt
/home/stephenq0503/Desktop/robot_arm_sim/src/install/my_cubes_pkg/lib/python3.10/site-packages/my_cubes_pkg-0.0.0-py3.10.egg-info/requires.txt
/home/stephenq0503/Desktop/robot_arm_sim/src/install/my_cubes_pkg/lib/python3.10/site-packages/my_cubes_pkg-0.0.0-py3.10.egg-info/zip-safe
/home/stephenq0503/Desktop/robot_arm_sim/src/install/my_cubes_pkg/lib/my_cubes_pkg/my_client_node
