running egg_info
creating ../../build/my_cubes_pkg/my_cubes_pkg.egg-info
writing ../../build/my_cubes_pkg/my_cubes_pkg.egg-info/PKG-INFO
writing dependency_links to ../../build/my_cubes_pkg/my_cubes_pkg.egg-info/dependency_links.txt
writing entry points to ../../build/my_cubes_pkg/my_cubes_pkg.egg-info/entry_points.txt
writing requirements to ../../build/my_cubes_pkg/my_cubes_pkg.egg-info/requires.txt
writing top-level names to ../../build/my_cubes_pkg/my_cubes_pkg.egg-info/top_level.txt
writing manifest file '../../build/my_cubes_pkg/my_cubes_pkg.egg-info/SOURCES.txt'
reading manifest file '../../build/my_cubes_pkg/my_cubes_pkg.egg-info/SOURCES.txt'
writing manifest file '../../build/my_cubes_pkg/my_cubes_pkg.egg-info/SOURCES.txt'
running build
running build_py
creating /home/stephenq0503/Desktop/robot_arm_sim/build/my_cubes_pkg/build
creating /home/stephenq0503/Desktop/robot_arm_sim/build/my_cubes_pkg/build/lib
creating /home/stephenq0503/Desktop/robot_arm_sim/build/my_cubes_pkg/build/lib/my_cubes_pkg
copying my_cubes_pkg/__init__.py -> /home/stephenq0503/Desktop/robot_arm_sim/build/my_cubes_pkg/build/lib/my_cubes_pkg
running install
/usr/lib/python3/dist-packages/setuptools/command/install.py:34: SetuptoolsDeprecationWarning: setup.py install is deprecated. Use build and pip and other standards-based tools.
  warnings.warn(
running install_lib
creating /home/stephenq0503/Desktop/robot_arm_sim/install/my_cubes_pkg/lib/python3.10/site-packages/my_cubes_pkg
copying /home/stephenq0503/Desktop/robot_arm_sim/build/my_cubes_pkg/build/lib/my_cubes_pkg/__init__.py -> /home/stephenq0503/Desktop/robot_arm_sim/install/my_cubes_pkg/lib/python3.10/site-packages/my_cubes_pkg
byte-compiling /home/stephenq0503/Desktop/robot_arm_sim/install/my_cubes_pkg/lib/python3.10/site-packages/my_cubes_pkg/__init__.py to __init__.cpython-310.pyc
running install_data
creating /home/stephenq0503/Desktop/robot_arm_sim/install/my_cubes_pkg/share/ament_index
creating /home/stephenq0503/Desktop/robot_arm_sim/install/my_cubes_pkg/share/ament_index/resource_index
creating /home/stephenq0503/Desktop/robot_arm_sim/install/my_cubes_pkg/share/ament_index/resource_index/packages
copying resource/my_cubes_pkg -> /home/stephenq0503/Desktop/robot_arm_sim/install/my_cubes_pkg/share/ament_index/resource_index/packages
copying package.xml -> /home/stephenq0503/Desktop/robot_arm_sim/install/my_cubes_pkg/share/my_cubes_pkg
running install_egg_info
Copying ../../build/my_cubes_pkg/my_cubes_pkg.egg-info to /home/stephenq0503/Desktop/robot_arm_sim/install/my_cubes_pkg/lib/python3.10/site-packages/my_cubes_pkg-0.0.0-py3.10.egg-info
running install_scripts
writing list of installed files to '/home/stephenq0503/Desktop/robot_arm_sim/build/my_cubes_pkg/install.log'
