[0.822s] Invoking command in '/home/stephenq0503/Desktop/robot_arm_sim/src/my_cubes_pkg': PYTHONPATH=/home/stephenq0503/Desktop/robot_arm_sim/build/my_cubes_pkg/prefix_override:/home/stephenq0503/Desktop/robot_arm_sim/install/my_cubes_pkg/lib/python3.10/site-packages:${PYTHONPATH} /usr/bin/python3 setup.py egg_info --egg-base ../../build/my_cubes_pkg build --build-base /home/stephenq0503/Desktop/robot_arm_sim/build/my_cubes_pkg/build install --record /home/stephenq0503/Desktop/robot_arm_sim/build/my_cubes_pkg/install.log --single-version-externally-managed
[1.073s] running egg_info
[1.074s] creating ../../build/my_cubes_pkg/my_cubes_pkg.egg-info
[1.074s] writing ../../build/my_cubes_pkg/my_cubes_pkg.egg-info/PKG-INFO
[1.075s] writing dependency_links to ../../build/my_cubes_pkg/my_cubes_pkg.egg-info/dependency_links.txt
[1.075s] writing entry points to ../../build/my_cubes_pkg/my_cubes_pkg.egg-info/entry_points.txt
[1.075s] writing requirements to ../../build/my_cubes_pkg/my_cubes_pkg.egg-info/requires.txt
[1.075s] writing top-level names to ../../build/my_cubes_pkg/my_cubes_pkg.egg-info/top_level.txt
[1.075s] writing manifest file '../../build/my_cubes_pkg/my_cubes_pkg.egg-info/SOURCES.txt'
[1.078s] reading manifest file '../../build/my_cubes_pkg/my_cubes_pkg.egg-info/SOURCES.txt'
[1.079s] writing manifest file '../../build/my_cubes_pkg/my_cubes_pkg.egg-info/SOURCES.txt'
[1.079s] running build
[1.080s] running build_py
[1.080s] creating /home/stephenq0503/Desktop/robot_arm_sim/build/my_cubes_pkg/build
[1.080s] creating /home/stephenq0503/Desktop/robot_arm_sim/build/my_cubes_pkg/build/lib
[1.080s] creating /home/stephenq0503/Desktop/robot_arm_sim/build/my_cubes_pkg/build/lib/my_cubes_pkg
[1.080s] copying my_cubes_pkg/__init__.py -> /home/stephenq0503/Desktop/robot_arm_sim/build/my_cubes_pkg/build/lib/my_cubes_pkg
[1.080s] running install
[1.080s] /usr/lib/python3/dist-packages/setuptools/command/install.py:34: SetuptoolsDeprecationWarning: setup.py install is deprecated. Use build and pip and other standards-based tools.
[1.080s]   warnings.warn(
[1.081s] running install_lib
[1.082s] creating /home/stephenq0503/Desktop/robot_arm_sim/install/my_cubes_pkg/lib/python3.10/site-packages/my_cubes_pkg
[1.082s] copying /home/stephenq0503/Desktop/robot_arm_sim/build/my_cubes_pkg/build/lib/my_cubes_pkg/__init__.py -> /home/stephenq0503/Desktop/robot_arm_sim/install/my_cubes_pkg/lib/python3.10/site-packages/my_cubes_pkg
[1.082s] byte-compiling /home/stephenq0503/Desktop/robot_arm_sim/install/my_cubes_pkg/lib/python3.10/site-packages/my_cubes_pkg/__init__.py to __init__.cpython-310.pyc
[1.083s] running install_data
[1.083s] creating /home/stephenq0503/Desktop/robot_arm_sim/install/my_cubes_pkg/share/ament_index
[1.083s] creating /home/stephenq0503/Desktop/robot_arm_sim/install/my_cubes_pkg/share/ament_index/resource_index
[1.084s] creating /home/stephenq0503/Desktop/robot_arm_sim/install/my_cubes_pkg/share/ament_index/resource_index/packages
[1.084s] copying resource/my_cubes_pkg -> /home/stephenq0503/Desktop/robot_arm_sim/install/my_cubes_pkg/share/ament_index/resource_index/packages
[1.084s] copying package.xml -> /home/stephenq0503/Desktop/robot_arm_sim/install/my_cubes_pkg/share/my_cubes_pkg
[1.084s] running install_egg_info
[1.087s] Copying ../../build/my_cubes_pkg/my_cubes_pkg.egg-info to /home/stephenq0503/Desktop/robot_arm_sim/install/my_cubes_pkg/lib/python3.10/site-packages/my_cubes_pkg-0.0.0-py3.10.egg-info
[1.088s] running install_scripts
[1.108s] writing list of installed files to '/home/stephenq0503/Desktop/robot_arm_sim/build/my_cubes_pkg/install.log'
[1.133s] Invoked command in '/home/stephenq0503/Desktop/robot_arm_sim/src/my_cubes_pkg' returned '0': PYTHONPATH=/home/stephenq0503/Desktop/robot_arm_sim/build/my_cubes_pkg/prefix_override:/home/stephenq0503/Desktop/robot_arm_sim/install/my_cubes_pkg/lib/python3.10/site-packages:${PYTHONPATH} /usr/bin/python3 setup.py egg_info --egg-base ../../build/my_cubes_pkg build --build-base /home/stephenq0503/Desktop/robot_arm_sim/build/my_cubes_pkg/build install --record /home/stephenq0503/Desktop/robot_arm_sim/build/my_cubes_pkg/install.log --single-version-externally-managed
