[1.949s] Invoking command in '/home/stephenq0503/Desktop/robot_arm_sim/src/my_environment_pkg': PYTHONPATH=/home/stephenq0503/Desktop/robot_arm_sim/src/build/my_environment_pkg/prefix_override:/home/stephenq0503/Desktop/robot_arm_sim/src/install/my_environment_pkg/lib/python3.10/site-packages:${PYTHONPATH} /usr/bin/python3 setup.py egg_info --egg-base ../build/my_environment_pkg build --build-base /home/stephenq0503/Desktop/robot_arm_sim/src/build/my_environment_pkg/build install --record /home/stephenq0503/Desktop/robot_arm_sim/src/build/my_environment_pkg/install.log --single-version-externally-managed
[2.271s] running egg_info
[2.271s] creating ../build/my_environment_pkg/my_environment_pkg.egg-info
[2.271s] writing ../build/my_environment_pkg/my_environment_pkg.egg-info/PKG-INFO
[2.272s] writing dependency_links to ../build/my_environment_pkg/my_environment_pkg.egg-info/dependency_links.txt
[2.272s] writing entry points to ../build/my_environment_pkg/my_environment_pkg.egg-info/entry_points.txt
[2.272s] writing requirements to ../build/my_environment_pkg/my_environment_pkg.egg-info/requires.txt
[2.272s] writing top-level names to ../build/my_environment_pkg/my_environment_pkg.egg-info/top_level.txt
[2.272s] writing manifest file '../build/my_environment_pkg/my_environment_pkg.egg-info/SOURCES.txt'
[2.323s] reading manifest file '../build/my_environment_pkg/my_environment_pkg.egg-info/SOURCES.txt'
[2.324s] writing manifest file '../build/my_environment_pkg/my_environment_pkg.egg-info/SOURCES.txt'
[2.325s] running build
[2.325s] running build_py
[2.326s] creating /home/stephenq0503/Desktop/robot_arm_sim/src/build/my_environment_pkg/build
[2.326s] creating /home/stephenq0503/Desktop/robot_arm_sim/src/build/my_environment_pkg/build/lib
[2.326s] creating /home/stephenq0503/Desktop/robot_arm_sim/src/build/my_environment_pkg/build/lib/my_environment_pkg
[2.326s] copying my_environment_pkg/__init__.py -> /home/stephenq0503/Desktop/robot_arm_sim/src/build/my_environment_pkg/build/lib/my_environment_pkg
[2.326s] running install
[2.328s] /usr/lib/python3/dist-packages/setuptools/command/install.py:34: SetuptoolsDeprecationWarning: setup.py install is deprecated. Use build and pip and other standards-based tools.
[2.328s]   warnings.warn(
[2.328s] running install_lib
[2.330s] creating /home/stephenq0503/Desktop/robot_arm_sim/src/install/my_environment_pkg/lib/python3.10/site-packages/my_environment_pkg
[2.330s] copying /home/stephenq0503/Desktop/robot_arm_sim/src/build/my_environment_pkg/build/lib/my_environment_pkg/__init__.py -> /home/stephenq0503/Desktop/robot_arm_sim/src/install/my_environment_pkg/lib/python3.10/site-packages/my_environment_pkg
[2.331s] byte-compiling /home/stephenq0503/Desktop/robot_arm_sim/src/install/my_environment_pkg/lib/python3.10/site-packages/my_environment_pkg/__init__.py to __init__.cpython-310.pyc
[2.331s] running install_data
[2.332s] creating /home/stephenq0503/Desktop/robot_arm_sim/src/install/my_environment_pkg/share/ament_index
[2.332s] creating /home/stephenq0503/Desktop/robot_arm_sim/src/install/my_environment_pkg/share/ament_index/resource_index
[2.332s] creating /home/stephenq0503/Desktop/robot_arm_sim/src/install/my_environment_pkg/share/ament_index/resource_index/packages
[2.332s] copying resource/my_environment_pkg -> /home/stephenq0503/Desktop/robot_arm_sim/src/install/my_environment_pkg/share/ament_index/resource_index/packages
[2.333s] copying package.xml -> /home/stephenq0503/Desktop/robot_arm_sim/src/install/my_environment_pkg/share/my_environment_pkg
[2.333s] creating /home/stephenq0503/Desktop/robot_arm_sim/src/install/my_environment_pkg/share/my_environment_pkg/launch
[2.334s] copying launch/my_environment.launch.py -> /home/stephenq0503/Desktop/robot_arm_sim/src/install/my_environment_pkg/share/my_environment_pkg/launch
[2.335s] creating /home/stephenq0503/Desktop/robot_arm_sim/src/install/my_environment_pkg/share/my_environment_pkg/worlds
[2.335s] copying worlds/my_world.world -> /home/stephenq0503/Desktop/robot_arm_sim/src/install/my_environment_pkg/share/my_environment_pkg/worlds
[2.335s] creating /home/stephenq0503/Desktop/robot_arm_sim/src/install/my_environment_pkg/share/my_environment_pkg/description
[2.336s] creating /home/stephenq0503/Desktop/robot_arm_sim/src/install/my_environment_pkg/share/my_environment_pkg/description/urdf
[2.336s] creating /home/stephenq0503/Desktop/robot_arm_sim/src/install/my_environment_pkg/share/my_environment_pkg/description/xacro
[2.336s] copying description/xacro/camera_robot.urdf.xacro -> /home/stephenq0503/Desktop/robot_arm_sim/src/install/my_environment_pkg/share/my_environment_pkg/description/xacro
[2.337s] copying description/xacro/camera.xacro -> /home/stephenq0503/Desktop/robot_arm_sim/src/install/my_environment_pkg/share/my_environment_pkg/description/xacro
[2.337s] running install_egg_info
[2.341s] Copying ../build/my_environment_pkg/my_environment_pkg.egg-info to /home/stephenq0503/Desktop/robot_arm_sim/src/install/my_environment_pkg/lib/python3.10/site-packages/my_environment_pkg-0.0.0-py3.10.egg-info
[2.342s] running install_scripts
[2.373s] Installing overhead_camerafeed script to /home/stephenq0503/Desktop/robot_arm_sim/src/install/my_environment_pkg/lib/my_environment_pkg
[2.373s] writing list of installed files to '/home/stephenq0503/Desktop/robot_arm_sim/src/build/my_environment_pkg/install.log'
[2.512s] Invoked command in '/home/stephenq0503/Desktop/robot_arm_sim/src/my_environment_pkg' returned '0': PYTHONPATH=/home/stephenq0503/Desktop/robot_arm_sim/src/build/my_environment_pkg/prefix_override:/home/stephenq0503/Desktop/robot_arm_sim/src/install/my_environment_pkg/lib/python3.10/site-packages:${PYTHONPATH} /usr/bin/python3 setup.py egg_info --egg-base ../build/my_environment_pkg build --build-base /home/stephenq0503/Desktop/robot_arm_sim/src/build/my_environment_pkg/build install --record /home/stephenq0503/Desktop/robot_arm_sim/src/build/my_environment_pkg/install.log --single-version-externally-managed
