[0.098s] Invoking command in '/home/stephenq0503/Desktop/robot_arm_sim/build/moveit_visual_tools': AMENT_PREFIX_PATH=/home/stephenq0503/Desktop/robot_arm_sim/install/moveit_ros_planning:/home/stephenq0503/Desktop/robot_arm_sim/install/moveit_ros_occupancy_map_monitor:/home/stephenq0503/Desktop/robot_arm_sim/install/moveit_core:/home/stephenq0503/Desktop/robot_arm_sim/install/srdfdom:/home/stephenq0503/Desktop/robot_arm_sim/install/moveit_common:${AMENT_PREFIX_PATH} CMAKE_PREFIX_PATH=/home/stephenq0503/Desktop/robot_arm_sim/install/moveit_ros_planning:/home/stephenq0503/Desktop/robot_arm_sim/install/moveit_ros_occupancy_map_monitor:/home/stephenq0503/Desktop/robot_arm_sim/install/moveit_core:/home/stephenq0503/Desktop/robot_arm_sim/install/srdfdom:/home/stephenq0503/Desktop/robot_arm_sim/install/moveit_common:/home/stephenq0503/Desktop/robot_arm_sim/install/six_dof_arm:/home/stephenq0503/Desktop/robot_arm_sim/install/gazebo_ros2_control:/opt/ros/humble LD_LIBRARY_PATH=/home/stephenq0503/Desktop/robot_arm_sim/install/moveit_ros_planning/lib:/home/stephenq0503/Desktop/robot_arm_sim/install/moveit_ros_occupancy_map_monitor/lib:/home/stephenq0503/Desktop/robot_arm_sim/install/moveit_core/lib:/home/stephenq0503/Desktop/robot_arm_sim/install/srdfdom/lib:${LD_LIBRARY_PATH} PATH=/home/stephenq0503/Desktop/robot_arm_sim/install/moveit_core/bin:${PATH} PYTHONPATH=/home/stephenq0503/Desktop/robot_arm_sim/install/srdfdom/local/lib/python3.10/dist-packages:${PYTHONPATH} /usr/bin/cmake /home/stephenq0503/Desktop/robot_arm_sim/src/moveit_visual_tools -DCMAKE_INSTALL_PREFIX=/home/stephenq0503/Desktop/robot_arm_sim/install/moveit_visual_tools
[0.433s] -- The C compiler identification is GNU 11.4.0
[0.546s] -- The CXX compiler identification is GNU 11.4.0
[0.569s] -- Detecting C compiler ABI info
[0.718s] -- Detecting C compiler ABI info - done
[0.737s] -- Check for working C compiler: /usr/bin/cc - skipped
[0.737s] -- Detecting C compile features
[0.739s] -- Detecting C compile features - done
[0.749s] -- Detecting CXX compiler ABI info
[0.923s] -- Detecting CXX compiler ABI info - done
[0.972s] -- Check for working CXX compiler: /usr/bin/c++ - skipped
[0.972s] -- Detecting CXX compile features
[0.972s] -- Detecting CXX compile features - done
[0.972s] -- Found moveit_common: 2.5.5 (/home/stephenq0503/Desktop/robot_arm_sim/install/moveit_common/share/moveit_common/cmake)
[0.977s] -- Found ament_cmake: 1.3.7 (/opt/ros/humble/share/ament_cmake/cmake)
[1.435s] -- Found Python3: /usr/bin/python3.10 (found version "3.10.12") found components: Interpreter 
[1.759s] -- Found libdw: /usr/lib/x86_64-linux-gnu/libdw.so  
[1.768s] -- Could NOT find libbfd (missing: LIBBFD_LIBRARY LIBBFD_INCLUDE_DIR) 
[1.770s] -- BACKWARD_HAS_UNWIND=1
[1.771s] -- BACKWARD_HAS_BACKTRACE=0
[1.772s] -- BACKWARD_HAS_BACKTRACE_SYMBOL=0
[1.774s] -- BACKWARD_HAS_DW=1
[1.775s] -- BACKWARD_HAS_BFD=0
[1.776s] -- Found Backward: /opt/ros/humble/share/backward_ros/cmake  
[1.777s] [0mmoveit_visual_tools: You did not request a specific build type: Choosing 'Release' for maximum performance[0m
[1.791s] -- Found Boost: /usr/lib/x86_64-linux-gnu/cmake/Boost-1.74.0/BoostConfig.cmake (found version "1.74.0") found components: system 
[1.807s] -- Found geometry_msgs: 4.2.3 (/opt/ros/humble/share/geometry_msgs/cmake)
[1.886s] -- Found rosidl_generator_c: 3.1.5 (/opt/ros/humble/share/rosidl_generator_c/cmake)
[1.907s] -- Found rosidl_adapter: 3.1.5 (/opt/ros/humble/share/rosidl_adapter/cmake)
[1.929s] -- Found rosidl_generator_cpp: 3.1.5 (/opt/ros/humble/share/rosidl_generator_cpp/cmake)
[1.981s] -- Using all available rosidl_typesupport_c: rosidl_typesupport_fastrtps_c;rosidl_typesupport_introspection_c
[2.021s] -- Using all available rosidl_typesupport_cpp: rosidl_typesupport_fastrtps_cpp;rosidl_typesupport_introspection_cpp
[2.334s] -- Found graph_msgs: 0.2.0 (/opt/ros/humble/share/graph_msgs/cmake)
[2.537s] -- Found moveit_core: 2.5.5 (/home/stephenq0503/Desktop/robot_arm_sim/install/moveit_core/share/moveit_core/cmake)
[3.060s] -- Found Boost: /usr/lib/x86_64-linux-gnu/cmake/Boost-1.74.0/BoostConfig.cmake (found version "1.74.0") found components: chrono date_time filesystem iostreams program_options regex serialization system thread 
[3.177s] -- Found parameter_traits: 0.3.7 (/opt/ros/humble/share/parameter_traits/cmake)
[3.349s] -- Found rmw_implementation_cmake: 6.1.1 (/opt/ros/humble/share/rmw_implementation_cmake/cmake)
[3.356s] -- Found rmw_fastrtps_cpp: 6.2.6 (/opt/ros/humble/share/rmw_fastrtps_cpp/cmake)
[3.583s] -- Found OpenSSL: /usr/lib/x86_64-linux-gnu/libcrypto.so (found version "3.0.2")  
[3.638s] -- Found FastRTPS: /opt/ros/humble/include  
[3.756s] -- Using RMW implementation 'rmw_fastrtps_cpp' as default
[3.784s] -- Found Threads: TRUE  
[4.201s] -- Found Eigen3: TRUE (found version "3.4.0") 
[4.206s] -- Found rclcpp_lifecycle: 16.0.8 (/opt/ros/humble/share/rclcpp_lifecycle/cmake)
[4.311s] -- Found Boost: /usr/lib/x86_64-linux-gnu/cmake/Boost-1.74.0/BoostConfig.cmake (found version "1.74.0") found components: filesystem 
[4.516s] -- library: /usr/lib/x86_64-linux-gnu/libcurl.so
[5.378s] -- Ensuring Eigen3 include directory is part of orocos-kdl CMake target
[7.849s] -- Found moveit_ros_planning: 2.5.5 (/home/stephenq0503/Desktop/robot_arm_sim/install/moveit_ros_planning/share/moveit_ros_planning/cmake)
[7.871s] -- Found Boost: /usr/lib/x86_64-linux-gnu/cmake/Boost-1.74.0/BoostConfig.cmake (found version "1.74.0") found components: system filesystem date_time program_options thread chrono 
[8.991s] -- Found rviz_visual_tools: 4.1.4 (/opt/ros/humble/share/rviz_visual_tools/cmake)
[9.302s] -- Setting OGRE_DIR to: '/opt/ros/humble/share/rviz_ogre_vendor/cmake/../../../opt/rviz_ogre_vendor/lib/OGRE/cmake'
[9.307s] -- Found OGRE
[9.307s] --   static     : OFF
[9.308s] --   components : HLMS;MeshLodGenerator;Overlay;Paging;Property;RTShaderSystem;Terrain;Volume
[9.308s] --   plugins    : Plugin_BSPSceneManager;Plugin_OctreeSceneManager;Plugin_PCZSceneManager;Plugin_ParticleFX;RenderSystem_GL;RenderSystem_GL3Plus;Codec_STBI
[9.308s] --   media      : /opt/ros/humble/opt/rviz_ogre_vendor/share/OGRE/Media
[9.308s] -- OGRE_LIBRARIES: OgreHLMS;OgreMeshLodGenerator;OgreOverlay;OgrePaging;OgreProperty;OgreRTShaderSystem;OgreTerrain;OgreVolume;OgreMain
[9.308s] -- OGRE_LIBRARY_DIRS: /opt/ros/humble/opt/rviz_ogre_vendor/lib
[9.308s] -- OGRE_PLUGINS: Plugin_BSPSceneManager;Plugin_OctreeSceneManager;Plugin_PCZSceneManager;Plugin_ParticleFX;RenderSystem_GL;RenderSystem_GL3Plus;Codec_STBI
[9.308s] -- OGRE_PLUGIN_DIR: /opt/ros/humble/opt/rviz_ogre_vendor/lib/OGRE
[9.309s] -- rviz_ogre_vendor::OgreOverlay for IMPORTED_LOCATION_RELEASE: /opt/ros/humble/opt/rviz_ogre_vendor/lib/libOgreOverlay.so
[9.309s] -- rviz_ogre_vendor::OgreOverlay for IMPORTED_LOCATION_DEBUG: /opt/ros/humble/opt/rviz_ogre_vendor/lib/libOgreOverlay.so
[9.309s] -- rviz_ogre_vendor::OgreMain for IMPORTED_LOCATION_RELEASE: /opt/ros/humble/opt/rviz_ogre_vendor/lib/libOgreMain.so
[9.309s] -- rviz_ogre_vendor::OgreMain for IMPORTED_LOCATION_DEBUG: /opt/ros/humble/opt/rviz_ogre_vendor/lib/libOgreMain.so
[9.372s] -- Found ZLIB: /usr/lib/x86_64-linux-gnu/libz.so (found version "1.2.11") 
[9.389s] -- Found OpenGL: /usr/lib/x86_64-linux-gnu/libOpenGL.so   
[9.701s] -- Found X11: /usr/include   
[9.702s] -- Looking for XOpenDisplay in /usr/lib/x86_64-linux-gnu/libX11.so;/usr/lib/x86_64-linux-gnu/libXext.so
[10.033s] -- Looking for XOpenDisplay in /usr/lib/x86_64-linux-gnu/libX11.so;/usr/lib/x86_64-linux-gnu/libXext.so - found
[10.034s] -- Looking for gethostbyname
[10.531s] -- Looking for gethostbyname - found
[10.531s] -- Looking for connect
[11.385s] -- Looking for connect - found
[11.386s] -- Looking for remove
[12.785s] -- Looking for remove - found
[12.785s] -- Looking for shmat
[14.145s] -- Looking for shmat - found
[14.146s] -- Looking for IceConnectionNumber in ICE
[14.600s] -- Looking for IceConnectionNumber in ICE - found
[14.605s] -- rviz_ogre_vendor::RenderSystem_GL for IMPORTED_LOCATION_RELEASE: _render_system_gl_static_library_abs-NOTFOUND
[14.605s] -- rviz_ogre_vendor::RenderSystem_GL for IMPORTED_LOCATION_DEBUG: _render_system_gl_static_library_abs-NOTFOUND
[26.037s] -- Found ament_lint_auto: 0.12.10 (/opt/ros/humble/share/ament_lint_auto/cmake)
[26.437s] -- Added test 'copyright' to check source files copyright and LICENSE
[26.441s] -- Added test 'flake8' to check Python code syntax and style conventions
[26.466s] -- Added test 'lint_cmake' to check CMake code style
[26.469s] -- Added test 'pep257' to check Python code against some of the docstring style conventions in PEP 257
[26.506s] -- Added test 'xmllint' to check XML markup files
[26.548s] -- Configuring done
[27.745s] -- Generating done
[27.783s] -- Build files have been written to: /home/stephenq0503/Desktop/robot_arm_sim/build/moveit_visual_tools
[27.910s] Invoked command in '/home/stephenq0503/Desktop/robot_arm_sim/build/moveit_visual_tools' returned '0': AMENT_PREFIX_PATH=/home/stephenq0503/Desktop/robot_arm_sim/install/moveit_ros_planning:/home/stephenq0503/Desktop/robot_arm_sim/install/moveit_ros_occupancy_map_monitor:/home/stephenq0503/Desktop/robot_arm_sim/install/moveit_core:/home/stephenq0503/Desktop/robot_arm_sim/install/srdfdom:/home/stephenq0503/Desktop/robot_arm_sim/install/moveit_common:${AMENT_PREFIX_PATH} CMAKE_PREFIX_PATH=/home/stephenq0503/Desktop/robot_arm_sim/install/moveit_ros_planning:/home/stephenq0503/Desktop/robot_arm_sim/install/moveit_ros_occupancy_map_monitor:/home/stephenq0503/Desktop/robot_arm_sim/install/moveit_core:/home/stephenq0503/Desktop/robot_arm_sim/install/srdfdom:/home/stephenq0503/Desktop/robot_arm_sim/install/moveit_common:/home/stephenq0503/Desktop/robot_arm_sim/install/six_dof_arm:/home/stephenq0503/Desktop/robot_arm_sim/install/gazebo_ros2_control:/opt/ros/humble LD_LIBRARY_PATH=/home/stephenq0503/Desktop/robot_arm_sim/install/moveit_ros_planning/lib:/home/stephenq0503/Desktop/robot_arm_sim/install/moveit_ros_occupancy_map_monitor/lib:/home/stephenq0503/Desktop/robot_arm_sim/install/moveit_core/lib:/home/stephenq0503/Desktop/robot_arm_sim/install/srdfdom/lib:${LD_LIBRARY_PATH} PATH=/home/stephenq0503/Desktop/robot_arm_sim/install/moveit_core/bin:${PATH} PYTHONPATH=/home/stephenq0503/Desktop/robot_arm_sim/install/srdfdom/local/lib/python3.10/dist-packages:${PYTHONPATH} /usr/bin/cmake /home/stephenq0503/Desktop/robot_arm_sim/src/moveit_visual_tools -DCMAKE_INSTALL_PREFIX=/home/stephenq0503/Desktop/robot_arm_sim/install/moveit_visual_tools
[27.911s] Invoking command in '/home/stephenq0503/Desktop/robot_arm_sim/build/moveit_visual_tools': AMENT_PREFIX_PATH=/home/stephenq0503/Desktop/robot_arm_sim/install/moveit_ros_planning:/home/stephenq0503/Desktop/robot_arm_sim/install/moveit_ros_occupancy_map_monitor:/home/stephenq0503/Desktop/robot_arm_sim/install/moveit_core:/home/stephenq0503/Desktop/robot_arm_sim/install/srdfdom:/home/stephenq0503/Desktop/robot_arm_sim/install/moveit_common:${AMENT_PREFIX_PATH} CMAKE_PREFIX_PATH=/home/stephenq0503/Desktop/robot_arm_sim/install/moveit_ros_planning:/home/stephenq0503/Desktop/robot_arm_sim/install/moveit_ros_occupancy_map_monitor:/home/stephenq0503/Desktop/robot_arm_sim/install/moveit_core:/home/stephenq0503/Desktop/robot_arm_sim/install/srdfdom:/home/stephenq0503/Desktop/robot_arm_sim/install/moveit_common:/home/stephenq0503/Desktop/robot_arm_sim/install/six_dof_arm:/home/stephenq0503/Desktop/robot_arm_sim/install/gazebo_ros2_control:/opt/ros/humble LD_LIBRARY_PATH=/home/stephenq0503/Desktop/robot_arm_sim/install/moveit_ros_planning/lib:/home/stephenq0503/Desktop/robot_arm_sim/install/moveit_ros_occupancy_map_monitor/lib:/home/stephenq0503/Desktop/robot_arm_sim/install/moveit_core/lib:/home/stephenq0503/Desktop/robot_arm_sim/install/srdfdom/lib:${LD_LIBRARY_PATH} PATH=/home/stephenq0503/Desktop/robot_arm_sim/install/moveit_core/bin:${PATH} PYTHONPATH=/home/stephenq0503/Desktop/robot_arm_sim/install/srdfdom/local/lib/python3.10/dist-packages:${PYTHONPATH} /usr/bin/cmake --build /home/stephenq0503/Desktop/robot_arm_sim/build/moveit_visual_tools -- -j8 -l8
[28.498s] [ 16%] [32mBuilding CXX object CMakeFiles/moveit_visual_tools.dir/src/moveit_visual_tools.cpp.o[0m
[134.003s] [ 33%] [32mBuilding CXX object CMakeFiles/moveit_visual_tools.dir/src/imarker_end_effector.cpp.o[0m
[158.639s] [ 50%] [32mBuilding CXX object CMakeFiles/moveit_visual_tools.dir/src/imarker_robot_state.cpp.o[0m
[179.015s] [ 66%] [32m[1mLinking CXX shared library libmoveit_visual_tools.so[0m
[179.760s] [ 66%] Built target moveit_visual_tools
[179.796s] [ 83%] [32mBuilding CXX object CMakeFiles/moveit_visual_tools_demo.dir/src/moveit_visual_tools_demo.cpp.o[0m
[199.780s] [100%] [32m[1mLinking CXX executable moveit_visual_tools_demo[0m
[200.562s] [100%] Built target moveit_visual_tools_demo
[200.583s] Invoked command in '/home/stephenq0503/Desktop/robot_arm_sim/build/moveit_visual_tools' returned '0': AMENT_PREFIX_PATH=/home/stephenq0503/Desktop/robot_arm_sim/install/moveit_ros_planning:/home/stephenq0503/Desktop/robot_arm_sim/install/moveit_ros_occupancy_map_monitor:/home/stephenq0503/Desktop/robot_arm_sim/install/moveit_core:/home/stephenq0503/Desktop/robot_arm_sim/install/srdfdom:/home/stephenq0503/Desktop/robot_arm_sim/install/moveit_common:${AMENT_PREFIX_PATH} CMAKE_PREFIX_PATH=/home/stephenq0503/Desktop/robot_arm_sim/install/moveit_ros_planning:/home/stephenq0503/Desktop/robot_arm_sim/install/moveit_ros_occupancy_map_monitor:/home/stephenq0503/Desktop/robot_arm_sim/install/moveit_core:/home/stephenq0503/Desktop/robot_arm_sim/install/srdfdom:/home/stephenq0503/Desktop/robot_arm_sim/install/moveit_common:/home/stephenq0503/Desktop/robot_arm_sim/install/six_dof_arm:/home/stephenq0503/Desktop/robot_arm_sim/install/gazebo_ros2_control:/opt/ros/humble LD_LIBRARY_PATH=/home/stephenq0503/Desktop/robot_arm_sim/install/moveit_ros_planning/lib:/home/stephenq0503/Desktop/robot_arm_sim/install/moveit_ros_occupancy_map_monitor/lib:/home/stephenq0503/Desktop/robot_arm_sim/install/moveit_core/lib:/home/stephenq0503/Desktop/robot_arm_sim/install/srdfdom/lib:${LD_LIBRARY_PATH} PATH=/home/stephenq0503/Desktop/robot_arm_sim/install/moveit_core/bin:${PATH} PYTHONPATH=/home/stephenq0503/Desktop/robot_arm_sim/install/srdfdom/local/lib/python3.10/dist-packages:${PYTHONPATH} /usr/bin/cmake --build /home/stephenq0503/Desktop/robot_arm_sim/build/moveit_visual_tools -- -j8 -l8
[200.648s] Invoking command in '/home/stephenq0503/Desktop/robot_arm_sim/build/moveit_visual_tools': AMENT_PREFIX_PATH=/home/stephenq0503/Desktop/robot_arm_sim/install/moveit_ros_planning:/home/stephenq0503/Desktop/robot_arm_sim/install/moveit_ros_occupancy_map_monitor:/home/stephenq0503/Desktop/robot_arm_sim/install/moveit_core:/home/stephenq0503/Desktop/robot_arm_sim/install/srdfdom:/home/stephenq0503/Desktop/robot_arm_sim/install/moveit_common:${AMENT_PREFIX_PATH} CMAKE_PREFIX_PATH=/home/stephenq0503/Desktop/robot_arm_sim/install/moveit_ros_planning:/home/stephenq0503/Desktop/robot_arm_sim/install/moveit_ros_occupancy_map_monitor:/home/stephenq0503/Desktop/robot_arm_sim/install/moveit_core:/home/stephenq0503/Desktop/robot_arm_sim/install/srdfdom:/home/stephenq0503/Desktop/robot_arm_sim/install/moveit_common:/home/stephenq0503/Desktop/robot_arm_sim/install/six_dof_arm:/home/stephenq0503/Desktop/robot_arm_sim/install/gazebo_ros2_control:/opt/ros/humble LD_LIBRARY_PATH=/home/stephenq0503/Desktop/robot_arm_sim/install/moveit_ros_planning/lib:/home/stephenq0503/Desktop/robot_arm_sim/install/moveit_ros_occupancy_map_monitor/lib:/home/stephenq0503/Desktop/robot_arm_sim/install/moveit_core/lib:/home/stephenq0503/Desktop/robot_arm_sim/install/srdfdom/lib:${LD_LIBRARY_PATH} PATH=/home/stephenq0503/Desktop/robot_arm_sim/install/moveit_core/bin:${PATH} PYTHONPATH=/home/stephenq0503/Desktop/robot_arm_sim/install/srdfdom/local/lib/python3.10/dist-packages:${PYTHONPATH} /usr/bin/cmake --install /home/stephenq0503/Desktop/robot_arm_sim/build/moveit_visual_tools
[200.658s] -- Install configuration: "Release"
[200.658s] -- Installing: /home/stephenq0503/Desktop/robot_arm_sim/install/moveit_visual_tools/share/moveit_visual_tools/environment/library_path.sh
[200.659s] -- Installing: /home/stephenq0503/Desktop/robot_arm_sim/install/moveit_visual_tools/share/moveit_visual_tools/environment/library_path.dsv
[200.659s] -- Installing: /home/stephenq0503/Desktop/robot_arm_sim/install/moveit_visual_tools/lib/libmoveit_visual_tools.so
[200.662s] -- Set runtime path of "/home/stephenq0503/Desktop/robot_arm_sim/install/moveit_visual_tools/lib/libmoveit_visual_tools.so" to ""
[200.663s] -- Installing: /home/stephenq0503/Desktop/robot_arm_sim/install/moveit_visual_tools/lib/moveit_visual_tools/moveit_visual_tools_demo
[200.664s] -- Set runtime path of "/home/stephenq0503/Desktop/robot_arm_sim/install/moveit_visual_tools/lib/moveit_visual_tools/moveit_visual_tools_demo" to ""
[200.664s] -- Installing: /home/stephenq0503/Desktop/robot_arm_sim/install/moveit_visual_tools/include
[200.665s] -- Installing: /home/stephenq0503/Desktop/robot_arm_sim/install/moveit_visual_tools/include/moveit_visual_tools
[200.666s] -- Installing: /home/stephenq0503/Desktop/robot_arm_sim/install/moveit_visual_tools/include/moveit_visual_tools/imarker_end_effector.h
[200.667s] -- Installing: /home/stephenq0503/Desktop/robot_arm_sim/install/moveit_visual_tools/include/moveit_visual_tools/moveit_visual_tools.h
[200.667s] -- Installing: /home/stephenq0503/Desktop/robot_arm_sim/install/moveit_visual_tools/include/moveit_visual_tools/imarker_robot_state.h
[200.667s] -- Installing: /home/stephenq0503/Desktop/robot_arm_sim/install/moveit_visual_tools/share/moveit_visual_tools/launch
[200.667s] -- Installing: /home/stephenq0503/Desktop/robot_arm_sim/install/moveit_visual_tools/share/moveit_visual_tools/launch/demo.rviz
[200.667s] -- Installing: /home/stephenq0503/Desktop/robot_arm_sim/install/moveit_visual_tools/share/moveit_visual_tools/launch/demo_rviz.launch.py
[200.667s] -- Installing: /home/stephenq0503/Desktop/robot_arm_sim/install/moveit_visual_tools/share/moveit_visual_tools/resources
[200.668s] -- Installing: /home/stephenq0503/Desktop/robot_arm_sim/install/moveit_visual_tools/share/moveit_visual_tools/resources/rrbot.srdf
[200.668s] -- Installing: /home/stephenq0503/Desktop/robot_arm_sim/install/moveit_visual_tools/share/moveit_visual_tools/resources/rrbot.urdf
[200.668s] -- Installing: /home/stephenq0503/Desktop/robot_arm_sim/install/moveit_visual_tools/share/moveit_visual_tools/resources/demo_mesh.stl
[200.669s] -- Installing: /home/stephenq0503/Desktop/robot_arm_sim/install/moveit_visual_tools/share/moveit_visual_tools/resources/demo.png
[200.670s] -- Installing: /home/stephenq0503/Desktop/robot_arm_sim/install/moveit_visual_tools/share/moveit_visual_tools/resources/screenshot.png
[200.671s] -- Installing: /home/stephenq0503/Desktop/robot_arm_sim/install/moveit_visual_tools/share/ament_index/resource_index/package_run_dependencies/moveit_visual_tools
[200.671s] -- Installing: /home/stephenq0503/Desktop/robot_arm_sim/install/moveit_visual_tools/share/ament_index/resource_index/parent_prefix_path/moveit_visual_tools
[200.672s] -- Installing: /home/stephenq0503/Desktop/robot_arm_sim/install/moveit_visual_tools/share/moveit_visual_tools/environment/ament_prefix_path.sh
[200.672s] -- Installing: /home/stephenq0503/Desktop/robot_arm_sim/install/moveit_visual_tools/share/moveit_visual_tools/environment/ament_prefix_path.dsv
[200.672s] -- Installing: /home/stephenq0503/Desktop/robot_arm_sim/install/moveit_visual_tools/share/moveit_visual_tools/environment/path.sh
[200.673s] -- Installing: /home/stephenq0503/Desktop/robot_arm_sim/install/moveit_visual_tools/share/moveit_visual_tools/environment/path.dsv
[200.673s] -- Installing: /home/stephenq0503/Desktop/robot_arm_sim/install/moveit_visual_tools/share/moveit_visual_tools/local_setup.bash
[200.674s] -- Installing: /home/stephenq0503/Desktop/robot_arm_sim/install/moveit_visual_tools/share/moveit_visual_tools/local_setup.sh
[200.674s] -- Installing: /home/stephenq0503/Desktop/robot_arm_sim/install/moveit_visual_tools/share/moveit_visual_tools/local_setup.zsh
[200.675s] -- Installing: /home/stephenq0503/Desktop/robot_arm_sim/install/moveit_visual_tools/share/moveit_visual_tools/local_setup.dsv
[200.675s] -- Installing: /home/stephenq0503/Desktop/robot_arm_sim/install/moveit_visual_tools/share/moveit_visual_tools/package.dsv
[200.675s] -- Installing: /home/stephenq0503/Desktop/robot_arm_sim/install/moveit_visual_tools/share/ament_index/resource_index/packages/moveit_visual_tools
[200.678s] -- Installing: /home/stephenq0503/Desktop/robot_arm_sim/install/moveit_visual_tools/share/moveit_visual_tools/cmake/export_moveit_visual_toolsExport.cmake
[200.678s] -- Installing: /home/stephenq0503/Desktop/robot_arm_sim/install/moveit_visual_tools/share/moveit_visual_tools/cmake/export_moveit_visual_toolsExport-release.cmake
[200.678s] -- Installing: /home/stephenq0503/Desktop/robot_arm_sim/install/moveit_visual_tools/share/moveit_visual_tools/cmake/ament_cmake_export_targets-extras.cmake
[200.679s] -- Installing: /home/stephenq0503/Desktop/robot_arm_sim/install/moveit_visual_tools/share/moveit_visual_tools/cmake/ament_cmake_export_dependencies-extras.cmake
[200.685s] -- Installing: /home/stephenq0503/Desktop/robot_arm_sim/install/moveit_visual_tools/share/moveit_visual_tools/cmake/moveit_visual_toolsConfig.cmake
[200.694s] -- Installing: /home/stephenq0503/Desktop/robot_arm_sim/install/moveit_visual_tools/share/moveit_visual_tools/cmake/moveit_visual_toolsConfig-version.cmake
[200.695s] -- Installing: /home/stephenq0503/Desktop/robot_arm_sim/install/moveit_visual_tools/share/moveit_visual_tools/package.xml
[200.695s] Invoked command in '/home/stephenq0503/Desktop/robot_arm_sim/build/moveit_visual_tools' returned '0': AMENT_PREFIX_PATH=/home/stephenq0503/Desktop/robot_arm_sim/install/moveit_ros_planning:/home/stephenq0503/Desktop/robot_arm_sim/install/moveit_ros_occupancy_map_monitor:/home/stephenq0503/Desktop/robot_arm_sim/install/moveit_core:/home/stephenq0503/Desktop/robot_arm_sim/install/srdfdom:/home/stephenq0503/Desktop/robot_arm_sim/install/moveit_common:${AMENT_PREFIX_PATH} CMAKE_PREFIX_PATH=/home/stephenq0503/Desktop/robot_arm_sim/install/moveit_ros_planning:/home/stephenq0503/Desktop/robot_arm_sim/install/moveit_ros_occupancy_map_monitor:/home/stephenq0503/Desktop/robot_arm_sim/install/moveit_core:/home/stephenq0503/Desktop/robot_arm_sim/install/srdfdom:/home/stephenq0503/Desktop/robot_arm_sim/install/moveit_common:/home/stephenq0503/Desktop/robot_arm_sim/install/six_dof_arm:/home/stephenq0503/Desktop/robot_arm_sim/install/gazebo_ros2_control:/opt/ros/humble LD_LIBRARY_PATH=/home/stephenq0503/Desktop/robot_arm_sim/install/moveit_ros_planning/lib:/home/stephenq0503/Desktop/robot_arm_sim/install/moveit_ros_occupancy_map_monitor/lib:/home/stephenq0503/Desktop/robot_arm_sim/install/moveit_core/lib:/home/stephenq0503/Desktop/robot_arm_sim/install/srdfdom/lib:${LD_LIBRARY_PATH} PATH=/home/stephenq0503/Desktop/robot_arm_sim/install/moveit_core/bin:${PATH} PYTHONPATH=/home/stephenq0503/Desktop/robot_arm_sim/install/srdfdom/local/lib/python3.10/dist-packages:${PYTHONPATH} /usr/bin/cmake --install /home/stephenq0503/Desktop/robot_arm_sim/build/moveit_visual_tools
