[0.688s] Invoking command in '/home/stephenq0503/Desktop/robot_arm_sim/build/moveit_resources_pr2_description': CMAKE_PREFIX_PATH=${CMAKE_PREFIX_PATH}:/opt/ros/humble /usr/bin/cmake /home/stephenq0503/Desktop/robot_arm_sim/src/moveit_resources/pr2_description -DCMAKE_INSTALL_PREFIX=/home/stephenq0503/Desktop/robot_arm_sim/install/moveit_resources_pr2_description
[0.828s] -- The C compiler identification is GNU 11.4.0
[1.051s] -- The CXX compiler identification is GNU 11.4.0
[1.065s] -- Detecting C compiler ABI info
[1.270s] -- Detecting C compiler ABI info - done
[1.287s] -- Check for working C compiler: /usr/bin/cc - skipped
[1.287s] -- Detecting C compile features
[1.287s] -- Detecting C compile features - done
[1.293s] -- Detecting CXX compiler ABI info
[1.527s] -- Detecting CXX compiler ABI info - done
[1.549s] -- Check for working CXX compiler: /usr/bin/c++ - skipped
[1.549s] -- Detecting CXX compile features
[1.549s] -- Detecting CXX compile features - done
[1.554s] -- Found ament_cmake: 1.3.7 (/opt/ros/humble/share/ament_cmake/cmake)
[2.008s] -- Found Python3: /usr/bin/python3.10 (found version "3.10.12") found components: Interpreter 
[2.375s] -- Configuring done
[2.382s] -- Generating done
[2.384s] -- Build files have been written to: /home/stephenq0503/Desktop/robot_arm_sim/build/moveit_resources_pr2_description
[2.435s] Invoked command in '/home/stephenq0503/Desktop/robot_arm_sim/build/moveit_resources_pr2_description' returned '0': CMAKE_PREFIX_PATH=${CMAKE_PREFIX_PATH}:/opt/ros/humble /usr/bin/cmake /home/stephenq0503/Desktop/robot_arm_sim/src/moveit_resources/pr2_description -DCMAKE_INSTALL_PREFIX=/home/stephenq0503/Desktop/robot_arm_sim/install/moveit_resources_pr2_description
[2.436s] Invoking command in '/home/stephenq0503/Desktop/robot_arm_sim/build/moveit_resources_pr2_description': CMAKE_PREFIX_PATH=${CMAKE_PREFIX_PATH}:/opt/ros/humble /usr/bin/cmake --build /home/stephenq0503/Desktop/robot_arm_sim/build/moveit_resources_pr2_description -- -j8 -l8
[2.613s] Invoked command in '/home/stephenq0503/Desktop/robot_arm_sim/build/moveit_resources_pr2_description' returned '0': CMAKE_PREFIX_PATH=${CMAKE_PREFIX_PATH}:/opt/ros/humble /usr/bin/cmake --build /home/stephenq0503/Desktop/robot_arm_sim/build/moveit_resources_pr2_description -- -j8 -l8
[3.004s] Invoking command in '/home/stephenq0503/Desktop/robot_arm_sim/build/moveit_resources_pr2_description': CMAKE_PREFIX_PATH=${CMAKE_PREFIX_PATH}:/opt/ros/humble /usr/bin/cmake --install /home/stephenq0503/Desktop/robot_arm_sim/build/moveit_resources_pr2_description
[3.201s] -- Install configuration: ""
[3.201s] -- Installing: /home/stephenq0503/Desktop/robot_arm_sim/install/moveit_resources_pr2_description/share/ament_index/resource_index/package_run_dependencies/moveit_resources_pr2_description
[3.202s] -- Installing: /home/stephenq0503/Desktop/robot_arm_sim/install/moveit_resources_pr2_description/share/ament_index/resource_index/parent_prefix_path/moveit_resources_pr2_description
[3.202s] -- Installing: /home/stephenq0503/Desktop/robot_arm_sim/install/moveit_resources_pr2_description/share/moveit_resources_pr2_description/environment/ament_prefix_path.sh
[3.202s] -- Installing: /home/stephenq0503/Desktop/robot_arm_sim/install/moveit_resources_pr2_description/share/moveit_resources_pr2_description/environment/ament_prefix_path.dsv
[3.202s] -- Installing: /home/stephenq0503/Desktop/robot_arm_sim/install/moveit_resources_pr2_description/share/moveit_resources_pr2_description/environment/path.sh
[3.203s] -- Installing: /home/stephenq0503/Desktop/robot_arm_sim/install/moveit_resources_pr2_description/share/moveit_resources_pr2_description/environment/path.dsv
[3.203s] -- Installing: /home/stephenq0503/Desktop/robot_arm_sim/install/moveit_resources_pr2_description/share/moveit_resources_pr2_description/local_setup.bash
[3.203s] -- Installing: /home/stephenq0503/Desktop/robot_arm_sim/install/moveit_resources_pr2_description/share/moveit_resources_pr2_description/local_setup.sh
[3.204s] -- Installing: /home/stephenq0503/Desktop/robot_arm_sim/install/moveit_resources_pr2_description/share/moveit_resources_pr2_description/local_setup.zsh
[3.204s] -- Installing: /home/stephenq0503/Desktop/robot_arm_sim/install/moveit_resources_pr2_description/share/moveit_resources_pr2_description/local_setup.dsv
[3.205s] -- Installing: /home/stephenq0503/Desktop/robot_arm_sim/install/moveit_resources_pr2_description/share/moveit_resources_pr2_description/package.dsv
[3.205s] -- Installing: /home/stephenq0503/Desktop/robot_arm_sim/install/moveit_resources_pr2_description/share/ament_index/resource_index/packages/moveit_resources_pr2_description
[3.205s] -- Installing: /home/stephenq0503/Desktop/robot_arm_sim/install/moveit_resources_pr2_description/share/moveit_resources_pr2_description/cmake/moveit_resources_pr2_descriptionConfig.cmake
[3.206s] -- Installing: /home/stephenq0503/Desktop/robot_arm_sim/install/moveit_resources_pr2_description/share/moveit_resources_pr2_description/cmake/moveit_resources_pr2_descriptionConfig-version.cmake
[3.206s] -- Installing: /home/stephenq0503/Desktop/robot_arm_sim/install/moveit_resources_pr2_description/share/moveit_resources_pr2_description/package.xml
[3.207s] -- Installing: /home/stephenq0503/Desktop/robot_arm_sim/install/moveit_resources_pr2_description/share/moveit_resources_pr2_description/srdf
[3.207s] -- Installing: /home/stephenq0503/Desktop/robot_arm_sim/install/moveit_resources_pr2_description/share/moveit_resources_pr2_description/srdf/robot.xml
[3.207s] -- Installing: /home/stephenq0503/Desktop/robot_arm_sim/install/moveit_resources_pr2_description/share/moveit_resources_pr2_description/urdf
[3.208s] -- Installing: /home/stephenq0503/Desktop/robot_arm_sim/install/moveit_resources_pr2_description/share/moveit_resources_pr2_description/urdf/materials
[3.208s] -- Installing: /home/stephenq0503/Desktop/robot_arm_sim/install/moveit_resources_pr2_description/share/moveit_resources_pr2_description/urdf/materials/textures
[3.209s] -- Installing: /home/stephenq0503/Desktop/robot_arm_sim/install/moveit_resources_pr2_description/share/moveit_resources_pr2_description/urdf/materials/textures/pr2_wheel_right.png
[3.209s] -- Installing: /home/stephenq0503/Desktop/robot_arm_sim/install/moveit_resources_pr2_description/share/moveit_resources_pr2_description/urdf/materials/textures/pr2_caster_texture.png
[3.209s] -- Installing: /home/stephenq0503/Desktop/robot_arm_sim/install/moveit_resources_pr2_description/share/moveit_resources_pr2_description/urdf/materials/textures/pr2_wheel_left.png
[3.210s] -- Installing: /home/stephenq0503/Desktop/robot_arm_sim/install/moveit_resources_pr2_description/share/moveit_resources_pr2_description/urdf/meshes
[3.218s] -- Installing: /home/stephenq0503/Desktop/robot_arm_sim/install/moveit_resources_pr2_description/share/moveit_resources_pr2_description/urdf/meshes/torso_v0
[3.219s] -- Installing: /home/stephenq0503/Desktop/robot_arm_sim/install/moveit_resources_pr2_description/share/moveit_resources_pr2_description/urdf/meshes/torso_v0/convex
[3.219s] -- Installing: /home/stephenq0503/Desktop/robot_arm_sim/install/moveit_resources_pr2_description/share/moveit_resources_pr2_description/urdf/meshes/torso_v0/convex/torso_convex.stlb
[3.220s] -- Installing: /home/stephenq0503/Desktop/robot_arm_sim/install/moveit_resources_pr2_description/share/moveit_resources_pr2_description/urdf/meshes/torso_v0/convex/torso_lift_convex.stlb
[3.220s] -- Installing: /home/stephenq0503/Desktop/robot_arm_sim/install/moveit_resources_pr2_description/share/moveit_resources_pr2_description/urdf/meshes/torso_v0/convex/torso_lift_L.dae
[3.221s] -- Installing: /home/stephenq0503/Desktop/robot_arm_sim/install/moveit_resources_pr2_description/share/moveit_resources_pr2_description/urdf/meshes/torso_v0/convex/torso_lift.xml
[3.221s] -- Installing: /home/stephenq0503/Desktop/robot_arm_sim/install/moveit_resources_pr2_description/share/moveit_resources_pr2_description/urdf/meshes/torso_v0/convex/torso_lift_L_convex.stlb
[3.222s] -- Installing: /home/stephenq0503/Desktop/robot_arm_sim/install/moveit_resources_pr2_description/share/moveit_resources_pr2_description/urdf/meshes/torso_v0/convex/torso_convex.stla
[3.223s] -- Installing: /home/stephenq0503/Desktop/robot_arm_sim/install/moveit_resources_pr2_description/share/moveit_resources_pr2_description/urdf/meshes/torso_v0/convex/torso_lift_L_convex.stla
[3.223s] -- Installing: /home/stephenq0503/Desktop/robot_arm_sim/install/moveit_resources_pr2_description/share/moveit_resources_pr2_description/urdf/meshes/torso_v0/convex/torso_lift_L.xml
[3.223s] -- Installing: /home/stephenq0503/Desktop/robot_arm_sim/install/moveit_resources_pr2_description/share/moveit_resources_pr2_description/urdf/meshes/torso_v0/convex/torso.dae
[3.224s] -- Installing: /home/stephenq0503/Desktop/robot_arm_sim/install/moveit_resources_pr2_description/share/moveit_resources_pr2_description/urdf/meshes/torso_v0/convex/torso.xml
[3.224s] -- Installing: /home/stephenq0503/Desktop/robot_arm_sim/install/moveit_resources_pr2_description/share/moveit_resources_pr2_description/urdf/meshes/torso_v0/convex/torso_lift_convex.stla
[3.224s] -- Installing: /home/stephenq0503/Desktop/robot_arm_sim/install/moveit_resources_pr2_description/share/moveit_resources_pr2_description/urdf/meshes/torso_v0/convex/torso_lift.dae
[3.225s] -- Installing: /home/stephenq0503/Desktop/robot_arm_sim/install/moveit_resources_pr2_description/share/moveit_resources_pr2_description/urdf/meshes/torso_v0/torso_lift_L.stl
[3.225s] -- Installing: /home/stephenq0503/Desktop/robot_arm_sim/install/moveit_resources_pr2_description/share/moveit_resources_pr2_description/urdf/meshes/torso_v0/torso_lift_color.tif
[3.225s] -- Installing: /home/stephenq0503/Desktop/robot_arm_sim/install/moveit_resources_pr2_description/share/moveit_resources_pr2_description/urdf/meshes/torso_v0/torso_lift_normals.tif
[3.226s] -- Installing: /home/stephenq0503/Desktop/robot_arm_sim/install/moveit_resources_pr2_description/share/moveit_resources_pr2_description/urdf/meshes/torso_v0/torso.stl
[3.226s] -- Installing: /home/stephenq0503/Desktop/robot_arm_sim/install/moveit_resources_pr2_description/share/moveit_resources_pr2_description/urdf/meshes/torso_v0/torso_lift.dae
[3.226s] -- Installing: /home/stephenq0503/Desktop/robot_arm_sim/install/moveit_resources_pr2_description/share/moveit_resources_pr2_description/urdf/meshes/torso_v0/torso_lift.stl
[3.227s] -- Installing: /home/stephenq0503/Desktop/robot_arm_sim/install/moveit_resources_pr2_description/share/moveit_resources_pr2_description/urdf/meshes/base_v0
[3.227s] -- Installing: /home/stephenq0503/Desktop/robot_arm_sim/install/moveit_resources_pr2_description/share/moveit_resources_pr2_description/urdf/meshes/base_v0/wheel.stl
[3.227s] -- Installing: /home/stephenq0503/Desktop/robot_arm_sim/install/moveit_resources_pr2_description/share/moveit_resources_pr2_description/urdf/meshes/base_v0/wheel.dae
[3.227s] -- Installing: /home/stephenq0503/Desktop/robot_arm_sim/install/moveit_resources_pr2_description/share/moveit_resources_pr2_description/urdf/meshes/base_v0/convex
[3.227s] -- Installing: /home/stephenq0503/Desktop/robot_arm_sim/install/moveit_resources_pr2_description/share/moveit_resources_pr2_description/urdf/meshes/base_v0/convex/wheel_convex.stla
[3.227s] -- Installing: /home/stephenq0503/Desktop/robot_arm_sim/install/moveit_resources_pr2_description/share/moveit_resources_pr2_description/urdf/meshes/base_v0/convex/wheel.xml
[3.227s] -- Installing: /home/stephenq0503/Desktop/robot_arm_sim/install/moveit_resources_pr2_description/share/moveit_resources_pr2_description/urdf/meshes/base_v0/convex/caster.xml
[3.228s] -- Installing: /home/stephenq0503/Desktop/robot_arm_sim/install/moveit_resources_pr2_description/share/moveit_resources_pr2_description/urdf/meshes/base_v0/convex/wheel.dae
[3.228s] -- Installing: /home/stephenq0503/Desktop/robot_arm_sim/install/moveit_resources_pr2_description/share/moveit_resources_pr2_description/urdf/meshes/base_v0/convex/base_convex.stlb
[3.229s] -- Installing: /home/stephenq0503/Desktop/robot_arm_sim/install/moveit_resources_pr2_description/share/moveit_resources_pr2_description/urdf/meshes/base_v0/convex/pr2_wheel_convex.stla
[3.231s] -- Installing: /home/stephenq0503/Desktop/robot_arm_sim/install/moveit_resources_pr2_description/share/moveit_resources_pr2_description/urdf/meshes/base_v0/convex/caster_L.dae
[3.232s] -- Installing: /home/stephenq0503/Desktop/robot_arm_sim/install/moveit_resources_pr2_description/share/moveit_resources_pr2_description/urdf/meshes/base_v0/convex/caster_convex.stla
[3.232s] -- Installing: /home/stephenq0503/Desktop/robot_arm_sim/install/moveit_resources_pr2_description/share/moveit_resources_pr2_description/urdf/meshes/base_v0/convex/caster_convex.stlb
[3.232s] -- Installing: /home/stephenq0503/Desktop/robot_arm_sim/install/moveit_resources_pr2_description/share/moveit_resources_pr2_description/urdf/meshes/base_v0/convex/pr2_wheel.dae
[3.232s] -- Installing: /home/stephenq0503/Desktop/robot_arm_sim/install/moveit_resources_pr2_description/share/moveit_resources_pr2_description/urdf/meshes/base_v0/convex/base_L.xml
[3.232s] -- Installing: /home/stephenq0503/Desktop/robot_arm_sim/install/moveit_resources_pr2_description/share/moveit_resources_pr2_description/urdf/meshes/base_v0/convex/base.dae
[3.232s] -- Installing: /home/stephenq0503/Desktop/robot_arm_sim/install/moveit_resources_pr2_description/share/moveit_resources_pr2_description/urdf/meshes/base_v0/convex/caster_L_convex.stla
[3.233s] -- Installing: /home/stephenq0503/Desktop/robot_arm_sim/install/moveit_resources_pr2_description/share/moveit_resources_pr2_description/urdf/meshes/base_v0/convex/caster_L_convex.stlb
[3.233s] -- Installing: /home/stephenq0503/Desktop/robot_arm_sim/install/moveit_resources_pr2_description/share/moveit_resources_pr2_description/urdf/meshes/base_v0/convex/caster.dae
[3.233s] -- Installing: /home/stephenq0503/Desktop/robot_arm_sim/install/moveit_resources_pr2_description/share/moveit_resources_pr2_description/urdf/meshes/base_v0/convex/base_L.dae
[3.233s] -- Installing: /home/stephenq0503/Desktop/robot_arm_sim/install/moveit_resources_pr2_description/share/moveit_resources_pr2_description/urdf/meshes/base_v0/convex/base_convex.stla
[3.234s] -- Installing: /home/stephenq0503/Desktop/robot_arm_sim/install/moveit_resources_pr2_description/share/moveit_resources_pr2_description/urdf/meshes/base_v0/convex/base.xml
[3.234s] -- Installing: /home/stephenq0503/Desktop/robot_arm_sim/install/moveit_resources_pr2_description/share/moveit_resources_pr2_description/urdf/meshes/base_v0/convex/base_L_convex.stla
[3.235s] -- Installing: /home/stephenq0503/Desktop/robot_arm_sim/install/moveit_resources_pr2_description/share/moveit_resources_pr2_description/urdf/meshes/base_v0/convex/pr2_wheel.xml
[3.235s] -- Installing: /home/stephenq0503/Desktop/robot_arm_sim/install/moveit_resources_pr2_description/share/moveit_resources_pr2_description/urdf/meshes/base_v0/convex/base_L_convex.stlb
[3.236s] -- Installing: /home/stephenq0503/Desktop/robot_arm_sim/install/moveit_resources_pr2_description/share/moveit_resources_pr2_description/urdf/meshes/base_v0/convex/caster_L.xml
[3.236s] -- Installing: /home/stephenq0503/Desktop/robot_arm_sim/install/moveit_resources_pr2_description/share/moveit_resources_pr2_description/urdf/meshes/base_v0/convex/wheel_convex.stlb
[3.236s] -- Installing: /home/stephenq0503/Desktop/robot_arm_sim/install/moveit_resources_pr2_description/share/moveit_resources_pr2_description/urdf/meshes/base_v0/convex/pr2_wheel_convex.stlb
[3.237s] -- Installing: /home/stephenq0503/Desktop/robot_arm_sim/install/moveit_resources_pr2_description/share/moveit_resources_pr2_description/urdf/meshes/base_v0/wheel_h_color.tif
[3.237s] -- Installing: /home/stephenq0503/Desktop/robot_arm_sim/install/moveit_resources_pr2_description/share/moveit_resources_pr2_description/urdf/meshes/base_v0/pr2_wheel.stl
[3.237s] -- Installing: /home/stephenq0503/Desktop/robot_arm_sim/install/moveit_resources_pr2_description/share/moveit_resources_pr2_description/urdf/meshes/base_v0/caster.stl
[3.237s] -- Installing: /home/stephenq0503/Desktop/robot_arm_sim/install/moveit_resources_pr2_description/share/moveit_resources_pr2_description/urdf/meshes/base_v0/wheel_color.tif
[3.238s] -- Installing: /home/stephenq0503/Desktop/robot_arm_sim/install/moveit_resources_pr2_description/share/moveit_resources_pr2_description/urdf/meshes/base_v0/base_L.stl
[3.239s] -- Installing: /home/stephenq0503/Desktop/robot_arm_sim/install/moveit_resources_pr2_description/share/moveit_resources_pr2_description/urdf/meshes/base_v0/base_color.tif
[3.239s] -- Installing: /home/stephenq0503/Desktop/robot_arm_sim/install/moveit_resources_pr2_description/share/moveit_resources_pr2_description/urdf/meshes/base_v0/base.dae
[3.240s] -- Installing: /home/stephenq0503/Desktop/robot_arm_sim/install/moveit_resources_pr2_description/share/moveit_resources_pr2_description/urdf/meshes/base_v0/caster_L.stl
[3.240s] -- Installing: /home/stephenq0503/Desktop/robot_arm_sim/install/moveit_resources_pr2_description/share/moveit_resources_pr2_description/urdf/meshes/base_v0/base.stl
[3.241s] -- Installing: /home/stephenq0503/Desktop/robot_arm_sim/install/moveit_resources_pr2_description/share/moveit_resources_pr2_description/urdf/meshes/base_v0/wheel_normals.tif
[3.241s] -- Installing: /home/stephenq0503/Desktop/robot_arm_sim/install/moveit_resources_pr2_description/share/moveit_resources_pr2_description/urdf/meshes/base_v0/wheel_h.dae
[3.242s] -- Installing: /home/stephenq0503/Desktop/robot_arm_sim/install/moveit_resources_pr2_description/share/moveit_resources_pr2_description/urdf/meshes/base_v0/base_normals.tif
[3.242s] -- Installing: /home/stephenq0503/Desktop/robot_arm_sim/install/moveit_resources_pr2_description/share/moveit_resources_pr2_description/urdf/meshes/head_v0
[3.242s] -- Installing: /home/stephenq0503/Desktop/robot_arm_sim/install/moveit_resources_pr2_description/share/moveit_resources_pr2_description/urdf/meshes/head_v0/convex
[3.243s] -- Installing: /home/stephenq0503/Desktop/robot_arm_sim/install/moveit_resources_pr2_description/share/moveit_resources_pr2_description/urdf/meshes/head_v0/convex/head_pan_L.dae
[3.243s] -- Installing: /home/stephenq0503/Desktop/robot_arm_sim/install/moveit_resources_pr2_description/share/moveit_resources_pr2_description/urdf/meshes/head_v0/convex/head_tilt_L.dae
[3.243s] -- Installing: /home/stephenq0503/Desktop/robot_arm_sim/install/moveit_resources_pr2_description/share/moveit_resources_pr2_description/urdf/meshes/head_v0/convex/head_tilt.xml
[3.244s] -- Installing: /home/stephenq0503/Desktop/robot_arm_sim/install/moveit_resources_pr2_description/share/moveit_resources_pr2_description/urdf/meshes/head_v0/convex/head_pan_L.xml
[3.244s] -- Installing: /home/stephenq0503/Desktop/robot_arm_sim/install/moveit_resources_pr2_description/share/moveit_resources_pr2_description/urdf/meshes/head_v0/convex/head_tilt_L.xml
[3.244s] -- Installing: /home/stephenq0503/Desktop/robot_arm_sim/install/moveit_resources_pr2_description/share/moveit_resources_pr2_description/urdf/meshes/head_v0/convex/head_pan_L_convex.stlb
[3.244s] -- Installing: /home/stephenq0503/Desktop/robot_arm_sim/install/moveit_resources_pr2_description/share/moveit_resources_pr2_description/urdf/meshes/head_v0/convex/head_tilt.dae
[3.244s] -- Installing: /home/stephenq0503/Desktop/robot_arm_sim/install/moveit_resources_pr2_description/share/moveit_resources_pr2_description/urdf/meshes/head_v0/convex/head_tilt_convex.stlb
[3.248s] -- Installing: /home/stephenq0503/Desktop/robot_arm_sim/install/moveit_resources_pr2_description/share/moveit_resources_pr2_description/urdf/meshes/head_v0/convex/head_pan.dae
[3.249s] -- Installing: /home/stephenq0503/Desktop/robot_arm_sim/install/moveit_resources_pr2_description/share/moveit_resources_pr2_description/urdf/meshes/head_v0/convex/head_pan_convex.stla
[3.249s] -- Installing: /home/stephenq0503/Desktop/robot_arm_sim/install/moveit_resources_pr2_description/share/moveit_resources_pr2_description/urdf/meshes/head_v0/convex/head_tilt_L_convex.stlb
[3.249s] -- Installing: /home/stephenq0503/Desktop/robot_arm_sim/install/moveit_resources_pr2_description/share/moveit_resources_pr2_description/urdf/meshes/head_v0/convex/head_tilt_convex.stla
[3.249s] -- Installing: /home/stephenq0503/Desktop/robot_arm_sim/install/moveit_resources_pr2_description/share/moveit_resources_pr2_description/urdf/meshes/head_v0/convex/head_tilt_L_convex.stla
[3.249s] -- Installing: /home/stephenq0503/Desktop/robot_arm_sim/install/moveit_resources_pr2_description/share/moveit_resources_pr2_description/urdf/meshes/head_v0/convex/head_pan_convex.stlb
[3.250s] -- Installing: /home/stephenq0503/Desktop/robot_arm_sim/install/moveit_resources_pr2_description/share/moveit_resources_pr2_description/urdf/meshes/head_v0/convex/head_pan_L_convex.stla
[3.250s] -- Installing: /home/stephenq0503/Desktop/robot_arm_sim/install/moveit_resources_pr2_description/share/moveit_resources_pr2_description/urdf/meshes/head_v0/convex/head_pan.xml
[3.250s] -- Installing: /home/stephenq0503/Desktop/robot_arm_sim/install/moveit_resources_pr2_description/share/moveit_resources_pr2_description/urdf/meshes/head_v0/head_pan.stl
[3.250s] -- Installing: /home/stephenq0503/Desktop/robot_arm_sim/install/moveit_resources_pr2_description/share/moveit_resources_pr2_description/urdf/meshes/head_v0/head_tilt_color.tif
[3.252s] -- Installing: /home/stephenq0503/Desktop/robot_arm_sim/install/moveit_resources_pr2_description/share/moveit_resources_pr2_description/urdf/meshes/head_v0/head_tilt.dae
[3.252s] -- Installing: /home/stephenq0503/Desktop/robot_arm_sim/install/moveit_resources_pr2_description/share/moveit_resources_pr2_description/urdf/meshes/head_v0/head_tilt_normals.tif
[3.253s] -- Installing: /home/stephenq0503/Desktop/robot_arm_sim/install/moveit_resources_pr2_description/share/moveit_resources_pr2_description/urdf/meshes/head_v0/head_pan.dae
[3.253s] -- Installing: /home/stephenq0503/Desktop/robot_arm_sim/install/moveit_resources_pr2_description/share/moveit_resources_pr2_description/urdf/meshes/head_v0/head_pan_normals.tif
[3.255s] -- Installing: /home/stephenq0503/Desktop/robot_arm_sim/install/moveit_resources_pr2_description/share/moveit_resources_pr2_description/urdf/meshes/head_v0/head_tilt_color_red.tif
[3.255s] -- Installing: /home/stephenq0503/Desktop/robot_arm_sim/install/moveit_resources_pr2_description/share/moveit_resources_pr2_description/urdf/meshes/head_v0/head_tilt_color_yellow.tif
[3.256s] -- Installing: /home/stephenq0503/Desktop/robot_arm_sim/install/moveit_resources_pr2_description/share/moveit_resources_pr2_description/urdf/meshes/head_v0/head_tilt_green.tif
[3.256s] -- Installing: /home/stephenq0503/Desktop/robot_arm_sim/install/moveit_resources_pr2_description/share/moveit_resources_pr2_description/urdf/meshes/head_v0/head_tilt.stl
[3.256s] -- Installing: /home/stephenq0503/Desktop/robot_arm_sim/install/moveit_resources_pr2_description/share/moveit_resources_pr2_description/urdf/meshes/head_v0/head_pan_L.stl
[3.256s] -- Installing: /home/stephenq0503/Desktop/robot_arm_sim/install/moveit_resources_pr2_description/share/moveit_resources_pr2_description/urdf/meshes/head_v0/head_tilt_L.stl
[3.256s] -- Installing: /home/stephenq0503/Desktop/robot_arm_sim/install/moveit_resources_pr2_description/share/moveit_resources_pr2_description/urdf/meshes/head_v0/head_pan_color.tif
[3.256s] -- Installing: /home/stephenq0503/Desktop/robot_arm_sim/install/moveit_resources_pr2_description/share/moveit_resources_pr2_description/urdf/meshes/forearm_v0
[3.257s] -- Installing: /home/stephenq0503/Desktop/robot_arm_sim/install/moveit_resources_pr2_description/share/moveit_resources_pr2_description/urdf/meshes/forearm_v0/wrist_normals.tif
[3.257s] -- Installing: /home/stephenq0503/Desktop/robot_arm_sim/install/moveit_resources_pr2_description/share/moveit_resources_pr2_description/urdf/meshes/forearm_v0/wrist_color.tif
[3.257s] -- Installing: /home/stephenq0503/Desktop/robot_arm_sim/install/moveit_resources_pr2_description/share/moveit_resources_pr2_description/urdf/meshes/forearm_v0/convex
[3.257s] -- Installing: /home/stephenq0503/Desktop/robot_arm_sim/install/moveit_resources_pr2_description/share/moveit_resources_pr2_description/urdf/meshes/forearm_v0/convex/wrist_roll.xml
[3.257s] -- Installing: /home/stephenq0503/Desktop/robot_arm_sim/install/moveit_resources_pr2_description/share/moveit_resources_pr2_description/urdf/meshes/forearm_v0/convex/wrist_roll_L_convex.stlb
[3.257s] -- Installing: /home/stephenq0503/Desktop/robot_arm_sim/install/moveit_resources_pr2_description/share/moveit_resources_pr2_description/urdf/meshes/forearm_v0/convex/wrist_roll_L_convex.stla
[3.258s] -- Installing: /home/stephenq0503/Desktop/robot_arm_sim/install/moveit_resources_pr2_description/share/moveit_resources_pr2_description/urdf/meshes/forearm_v0/convex/forearm.dae
[3.258s] -- Installing: /home/stephenq0503/Desktop/robot_arm_sim/install/moveit_resources_pr2_description/share/moveit_resources_pr2_description/urdf/meshes/forearm_v0/convex/wrist_flex_convex.stlb
[3.265s] -- Installing: /home/stephenq0503/Desktop/robot_arm_sim/install/moveit_resources_pr2_description/share/moveit_resources_pr2_description/urdf/meshes/forearm_v0/convex/forearm_convex.stla
[3.265s] -- Installing: /home/stephenq0503/Desktop/robot_arm_sim/install/moveit_resources_pr2_description/share/moveit_resources_pr2_description/urdf/meshes/forearm_v0/convex/wrist_roll.dae
[3.265s] -- Installing: /home/stephenq0503/Desktop/robot_arm_sim/install/moveit_resources_pr2_description/share/moveit_resources_pr2_description/urdf/meshes/forearm_v0/convex/wrist_roll_convex.stla
[3.265s] -- Installing: /home/stephenq0503/Desktop/robot_arm_sim/install/moveit_resources_pr2_description/share/moveit_resources_pr2_description/urdf/meshes/forearm_v0/convex/wrist_roll_L.xml
[3.265s] -- Installing: /home/stephenq0503/Desktop/robot_arm_sim/install/moveit_resources_pr2_description/share/moveit_resources_pr2_description/urdf/meshes/forearm_v0/convex/forearm_convex.stlb
[3.266s] -- Installing: /home/stephenq0503/Desktop/robot_arm_sim/install/moveit_resources_pr2_description/share/moveit_resources_pr2_description/urdf/meshes/forearm_v0/convex/wrist_flex.dae
[3.266s] -- Installing: /home/stephenq0503/Desktop/robot_arm_sim/install/moveit_resources_pr2_description/share/moveit_resources_pr2_description/urdf/meshes/forearm_v0/convex/forearm.xml
[3.266s] -- Installing: /home/stephenq0503/Desktop/robot_arm_sim/install/moveit_resources_pr2_description/share/moveit_resources_pr2_description/urdf/meshes/forearm_v0/convex/wrist_roll_L.dae
[3.266s] -- Installing: /home/stephenq0503/Desktop/robot_arm_sim/install/moveit_resources_pr2_description/share/moveit_resources_pr2_description/urdf/meshes/forearm_v0/convex/wrist_roll_convex.stlb
[3.266s] -- Installing: /home/stephenq0503/Desktop/robot_arm_sim/install/moveit_resources_pr2_description/share/moveit_resources_pr2_description/urdf/meshes/forearm_v0/convex/wrist_flex_convex.stla
[3.266s] -- Installing: /home/stephenq0503/Desktop/robot_arm_sim/install/moveit_resources_pr2_description/share/moveit_resources_pr2_description/urdf/meshes/forearm_v0/convex/wrist_flex.xml
[3.266s] -- Installing: /home/stephenq0503/Desktop/robot_arm_sim/install/moveit_resources_pr2_description/share/moveit_resources_pr2_description/urdf/meshes/forearm_v0/forearm_normals.tif
[3.267s] -- Installing: /home/stephenq0503/Desktop/robot_arm_sim/install/moveit_resources_pr2_description/share/moveit_resources_pr2_description/urdf/meshes/forearm_v0/forearm.dae
[3.267s] -- Installing: /home/stephenq0503/Desktop/robot_arm_sim/install/moveit_resources_pr2_description/share/moveit_resources_pr2_description/urdf/meshes/forearm_v0/wrist_flex.stl
[3.267s] -- Installing: /home/stephenq0503/Desktop/robot_arm_sim/install/moveit_resources_pr2_description/share/moveit_resources_pr2_description/urdf/meshes/forearm_v0/forearm_color.tif
[3.267s] -- Installing: /home/stephenq0503/Desktop/robot_arm_sim/install/moveit_resources_pr2_description/share/moveit_resources_pr2_description/urdf/meshes/forearm_v0/wrist_roll.stl
[3.267s] -- Installing: /home/stephenq0503/Desktop/robot_arm_sim/install/moveit_resources_pr2_description/share/moveit_resources_pr2_description/urdf/meshes/forearm_v0/forearm.stl
[3.268s] -- Installing: /home/stephenq0503/Desktop/robot_arm_sim/install/moveit_resources_pr2_description/share/moveit_resources_pr2_description/urdf/meshes/forearm_v0/wrist_flex.dae
[3.268s] -- Installing: /home/stephenq0503/Desktop/robot_arm_sim/install/moveit_resources_pr2_description/share/moveit_resources_pr2_description/urdf/meshes/forearm_v0/wrist_roll_L.stl
[3.268s] -- Installing: /home/stephenq0503/Desktop/robot_arm_sim/install/moveit_resources_pr2_description/share/moveit_resources_pr2_description/urdf/meshes/forearm_v0/forearm.jpg
[3.268s] -- Installing: /home/stephenq0503/Desktop/robot_arm_sim/install/moveit_resources_pr2_description/share/moveit_resources_pr2_description/urdf/meshes/tilting_laser_v0
[3.269s] -- Installing: /home/stephenq0503/Desktop/robot_arm_sim/install/moveit_resources_pr2_description/share/moveit_resources_pr2_description/urdf/meshes/tilting_laser_v0/tilting_hokuyo_L.stl
[3.269s] -- Installing: /home/stephenq0503/Desktop/robot_arm_sim/install/moveit_resources_pr2_description/share/moveit_resources_pr2_description/urdf/meshes/tilting_laser_v0/hok_tilt.stl
[3.269s] -- Installing: /home/stephenq0503/Desktop/robot_arm_sim/install/moveit_resources_pr2_description/share/moveit_resources_pr2_description/urdf/meshes/tilting_laser_v0/convex
[3.269s] -- Installing: /home/stephenq0503/Desktop/robot_arm_sim/install/moveit_resources_pr2_description/share/moveit_resources_pr2_description/urdf/meshes/tilting_laser_v0/convex/tilting_hokuyo_L.xml
[3.269s] -- Installing: /home/stephenq0503/Desktop/robot_arm_sim/install/moveit_resources_pr2_description/share/moveit_resources_pr2_description/urdf/meshes/tilting_laser_v0/convex/hok_tilt.dae
[3.270s] -- Installing: /home/stephenq0503/Desktop/robot_arm_sim/install/moveit_resources_pr2_description/share/moveit_resources_pr2_description/urdf/meshes/tilting_laser_v0/convex/tilting_hokuyo.xml
[3.271s] -- Installing: /home/stephenq0503/Desktop/robot_arm_sim/install/moveit_resources_pr2_description/share/moveit_resources_pr2_description/urdf/meshes/tilting_laser_v0/convex/tilting_hokuyo_L_convex.stla
[3.271s] -- Installing: /home/stephenq0503/Desktop/robot_arm_sim/install/moveit_resources_pr2_description/share/moveit_resources_pr2_description/urdf/meshes/tilting_laser_v0/convex/hok_tilt_convex.stlb
[3.272s] -- Installing: /home/stephenq0503/Desktop/robot_arm_sim/install/moveit_resources_pr2_description/share/moveit_resources_pr2_description/urdf/meshes/tilting_laser_v0/convex/tilting_hokuyo_convex.stlb
[3.272s] -- Installing: /home/stephenq0503/Desktop/robot_arm_sim/install/moveit_resources_pr2_description/share/moveit_resources_pr2_description/urdf/meshes/tilting_laser_v0/convex/hok_tilt.xml
[3.273s] -- Installing: /home/stephenq0503/Desktop/robot_arm_sim/install/moveit_resources_pr2_description/share/moveit_resources_pr2_description/urdf/meshes/tilting_laser_v0/convex/tilting_hokuyo_L_convex.stlb
[3.273s] -- Installing: /home/stephenq0503/Desktop/robot_arm_sim/install/moveit_resources_pr2_description/share/moveit_resources_pr2_description/urdf/meshes/tilting_laser_v0/convex/tilting_hokuyo_convex.stla
[3.273s] -- Installing: /home/stephenq0503/Desktop/robot_arm_sim/install/moveit_resources_pr2_description/share/moveit_resources_pr2_description/urdf/meshes/tilting_laser_v0/convex/hok_tilt_convex.stla
[3.273s] -- Installing: /home/stephenq0503/Desktop/robot_arm_sim/install/moveit_resources_pr2_description/share/moveit_resources_pr2_description/urdf/meshes/tilting_laser_v0/convex/tilting_hokuyo_L.dae
[3.273s] -- Installing: /home/stephenq0503/Desktop/robot_arm_sim/install/moveit_resources_pr2_description/share/moveit_resources_pr2_description/urdf/meshes/tilting_laser_v0/convex/tilting_hokuyo.dae
[3.273s] -- Installing: /home/stephenq0503/Desktop/robot_arm_sim/install/moveit_resources_pr2_description/share/moveit_resources_pr2_description/urdf/meshes/tilting_laser_v0/tilting_hokuyo.stl
[3.273s] -- Installing: /home/stephenq0503/Desktop/robot_arm_sim/install/moveit_resources_pr2_description/share/moveit_resources_pr2_description/urdf/meshes/tilting_laser_v0/tilting_hokuyo_normals.tif
[3.274s] -- Installing: /home/stephenq0503/Desktop/robot_arm_sim/install/moveit_resources_pr2_description/share/moveit_resources_pr2_description/urdf/meshes/tilting_laser_v0/tilting_hokuyo_color.tif
[3.274s] -- Installing: /home/stephenq0503/Desktop/robot_arm_sim/install/moveit_resources_pr2_description/share/moveit_resources_pr2_description/urdf/meshes/tilting_laser_v0/tilting_hokuyo.dae
[3.274s] -- Installing: /home/stephenq0503/Desktop/robot_arm_sim/install/moveit_resources_pr2_description/share/moveit_resources_pr2_description/urdf/meshes/shoulder_v0
[3.274s] -- Installing: /home/stephenq0503/Desktop/robot_arm_sim/install/moveit_resources_pr2_description/share/moveit_resources_pr2_description/urdf/meshes/shoulder_v0/shoulder_lift.dae
[3.274s] -- Installing: /home/stephenq0503/Desktop/robot_arm_sim/install/moveit_resources_pr2_description/share/moveit_resources_pr2_description/urdf/meshes/shoulder_v0/convex
[3.275s] -- Installing: /home/stephenq0503/Desktop/robot_arm_sim/install/moveit_resources_pr2_description/share/moveit_resources_pr2_description/urdf/meshes/shoulder_v0/convex/shoulder_pan.xml
[3.276s] -- Installing: /home/stephenq0503/Desktop/robot_arm_sim/install/moveit_resources_pr2_description/share/moveit_resources_pr2_description/urdf/meshes/shoulder_v0/convex/shoulder_lift.dae
[3.277s] -- Installing: /home/stephenq0503/Desktop/robot_arm_sim/install/moveit_resources_pr2_description/share/moveit_resources_pr2_description/urdf/meshes/shoulder_v0/convex/shoulder_lift_convex.stlb
[3.277s] -- Installing: /home/stephenq0503/Desktop/robot_arm_sim/install/moveit_resources_pr2_description/share/moveit_resources_pr2_description/urdf/meshes/shoulder_v0/convex/upper_arm_roll_L.xml
[3.278s] -- Installing: /home/stephenq0503/Desktop/robot_arm_sim/install/moveit_resources_pr2_description/share/moveit_resources_pr2_description/urdf/meshes/shoulder_v0/convex/upper_arm_roll.dae
[3.285s] -- Installing: /home/stephenq0503/Desktop/robot_arm_sim/install/moveit_resources_pr2_description/share/moveit_resources_pr2_description/urdf/meshes/shoulder_v0/convex/shoulder_yaw_convex.stlb
[3.286s] -- Installing: /home/stephenq0503/Desktop/robot_arm_sim/install/moveit_resources_pr2_description/share/moveit_resources_pr2_description/urdf/meshes/shoulder_v0/convex/shoulder_yaw_convex.stla
[3.286s] -- Installing: /home/stephenq0503/Desktop/robot_arm_sim/install/moveit_resources_pr2_description/share/moveit_resources_pr2_description/urdf/meshes/shoulder_v0/convex/shoulder_pan.dae
[3.287s] -- Installing: /home/stephenq0503/Desktop/robot_arm_sim/install/moveit_resources_pr2_description/share/moveit_resources_pr2_description/urdf/meshes/shoulder_v0/convex/shoulder_lift_convex.stla
[3.287s] -- Installing: /home/stephenq0503/Desktop/robot_arm_sim/install/moveit_resources_pr2_description/share/moveit_resources_pr2_description/urdf/meshes/shoulder_v0/convex/upper_arm_roll_L_convex.stla
[3.287s] -- Installing: /home/stephenq0503/Desktop/robot_arm_sim/install/moveit_resources_pr2_description/share/moveit_resources_pr2_description/urdf/meshes/shoulder_v0/convex/shoulder_yaw.dae
[3.287s] -- Installing: /home/stephenq0503/Desktop/robot_arm_sim/install/moveit_resources_pr2_description/share/moveit_resources_pr2_description/urdf/meshes/shoulder_v0/convex/upper_arm_roll_convex.stla
[3.287s] -- Installing: /home/stephenq0503/Desktop/robot_arm_sim/install/moveit_resources_pr2_description/share/moveit_resources_pr2_description/urdf/meshes/shoulder_v0/convex/upper_arm_roll.xml
[3.288s] -- Installing: /home/stephenq0503/Desktop/robot_arm_sim/install/moveit_resources_pr2_description/share/moveit_resources_pr2_description/urdf/meshes/shoulder_v0/convex/upper_arm_roll_L.dae
[3.288s] -- Installing: /home/stephenq0503/Desktop/robot_arm_sim/install/moveit_resources_pr2_description/share/moveit_resources_pr2_description/urdf/meshes/shoulder_v0/convex/shoulder_pan_convex.stla
[3.288s] -- Installing: /home/stephenq0503/Desktop/robot_arm_sim/install/moveit_resources_pr2_description/share/moveit_resources_pr2_description/urdf/meshes/shoulder_v0/convex/upper_arm_roll_L_convex.stlb
[3.288s] -- Installing: /home/stephenq0503/Desktop/robot_arm_sim/install/moveit_resources_pr2_description/share/moveit_resources_pr2_description/urdf/meshes/shoulder_v0/convex/upper_arm_roll_convex.stlb
[3.288s] -- Installing: /home/stephenq0503/Desktop/robot_arm_sim/install/moveit_resources_pr2_description/share/moveit_resources_pr2_description/urdf/meshes/shoulder_v0/convex/shoulder_pan_convex.stlb
[3.288s] -- Installing: /home/stephenq0503/Desktop/robot_arm_sim/install/moveit_resources_pr2_description/share/moveit_resources_pr2_description/urdf/meshes/shoulder_v0/convex/shoulder_yaw.xml
[3.289s] -- Installing: /home/stephenq0503/Desktop/robot_arm_sim/install/moveit_resources_pr2_description/share/moveit_resources_pr2_description/urdf/meshes/shoulder_v0/convex/shoulder_lift.xml
[3.289s] -- Installing: /home/stephenq0503/Desktop/robot_arm_sim/install/moveit_resources_pr2_description/share/moveit_resources_pr2_description/urdf/meshes/shoulder_v0/shoulder_yaw.stl
[3.289s] -- Installing: /home/stephenq0503/Desktop/robot_arm_sim/install/moveit_resources_pr2_description/share/moveit_resources_pr2_description/urdf/meshes/shoulder_v0/upper_arm_roll.stl
[3.289s] -- Installing: /home/stephenq0503/Desktop/robot_arm_sim/install/moveit_resources_pr2_description/share/moveit_resources_pr2_description/urdf/meshes/shoulder_v0/upper_arm_roll_color.tif
[3.289s] -- Installing: /home/stephenq0503/Desktop/robot_arm_sim/install/moveit_resources_pr2_description/share/moveit_resources_pr2_description/urdf/meshes/shoulder_v0/upper_arm_roll.dae
[3.289s] -- Installing: /home/stephenq0503/Desktop/robot_arm_sim/install/moveit_resources_pr2_description/share/moveit_resources_pr2_description/urdf/meshes/shoulder_v0/shoulder_lift_color.tif
[3.290s] -- Installing: /home/stephenq0503/Desktop/robot_arm_sim/install/moveit_resources_pr2_description/share/moveit_resources_pr2_description/urdf/meshes/shoulder_v0/shoulder_lift.stl
[3.290s] -- Installing: /home/stephenq0503/Desktop/robot_arm_sim/install/moveit_resources_pr2_description/share/moveit_resources_pr2_description/urdf/meshes/shoulder_v0/upper_arm_roll_L.stl
[3.290s] -- Installing: /home/stephenq0503/Desktop/robot_arm_sim/install/moveit_resources_pr2_description/share/moveit_resources_pr2_description/urdf/meshes/shoulder_v0/shoulder_pan.dae
[3.290s] -- Installing: /home/stephenq0503/Desktop/robot_arm_sim/install/moveit_resources_pr2_description/share/moveit_resources_pr2_description/urdf/meshes/shoulder_v0/shoulder_pan_normals.tif
[3.291s] -- Installing: /home/stephenq0503/Desktop/robot_arm_sim/install/moveit_resources_pr2_description/share/moveit_resources_pr2_description/urdf/meshes/shoulder_v0/shoulder_pan.stl
[3.291s] -- Installing: /home/stephenq0503/Desktop/robot_arm_sim/install/moveit_resources_pr2_description/share/moveit_resources_pr2_description/urdf/meshes/shoulder_v0/shoulder_pan_color.tif
[3.291s] -- Installing: /home/stephenq0503/Desktop/robot_arm_sim/install/moveit_resources_pr2_description/share/moveit_resources_pr2_description/urdf/meshes/shoulder_v0/shoulder_lift_normals.tif
[3.291s] -- Installing: /home/stephenq0503/Desktop/robot_arm_sim/install/moveit_resources_pr2_description/share/moveit_resources_pr2_description/urdf/meshes/shoulder_v0/upper_arm_roll_normals.tif
[3.291s] -- Installing: /home/stephenq0503/Desktop/robot_arm_sim/install/moveit_resources_pr2_description/share/moveit_resources_pr2_description/urdf/meshes/upper_arm_v0
[3.292s] -- Installing: /home/stephenq0503/Desktop/robot_arm_sim/install/moveit_resources_pr2_description/share/moveit_resources_pr2_description/urdf/meshes/upper_arm_v0/upper_arm_normals.tif
[3.292s] -- Installing: /home/stephenq0503/Desktop/robot_arm_sim/install/moveit_resources_pr2_description/share/moveit_resources_pr2_description/urdf/meshes/upper_arm_v0/forearm_roll.stl
[3.292s] -- Installing: /home/stephenq0503/Desktop/robot_arm_sim/install/moveit_resources_pr2_description/share/moveit_resources_pr2_description/urdf/meshes/upper_arm_v0/upper_arm_color.tif
[3.292s] -- Installing: /home/stephenq0503/Desktop/robot_arm_sim/install/moveit_resources_pr2_description/share/moveit_resources_pr2_description/urdf/meshes/upper_arm_v0/upper_arm.jpg
[3.292s] -- Installing: /home/stephenq0503/Desktop/robot_arm_sim/install/moveit_resources_pr2_description/share/moveit_resources_pr2_description/urdf/meshes/upper_arm_v0/elbow_flex.stl
[3.292s] -- Installing: /home/stephenq0503/Desktop/robot_arm_sim/install/moveit_resources_pr2_description/share/moveit_resources_pr2_description/urdf/meshes/upper_arm_v0/elbow_flex_normals.tif
[3.292s] -- Installing: /home/stephenq0503/Desktop/robot_arm_sim/install/moveit_resources_pr2_description/share/moveit_resources_pr2_description/urdf/meshes/upper_arm_v0/convex
[3.293s] -- Installing: /home/stephenq0503/Desktop/robot_arm_sim/install/moveit_resources_pr2_description/share/moveit_resources_pr2_description/urdf/meshes/upper_arm_v0/convex/forearm_roll_L_convex.stla
[3.293s] -- Installing: /home/stephenq0503/Desktop/robot_arm_sim/install/moveit_resources_pr2_description/share/moveit_resources_pr2_description/urdf/meshes/upper_arm_v0/convex/forearm_roll.xml
[3.293s] -- Installing: /home/stephenq0503/Desktop/robot_arm_sim/install/moveit_resources_pr2_description/share/moveit_resources_pr2_description/urdf/meshes/upper_arm_v0/convex/forearm_roll_convex.stla
[3.293s] -- Installing: /home/stephenq0503/Desktop/robot_arm_sim/install/moveit_resources_pr2_description/share/moveit_resources_pr2_description/urdf/meshes/upper_arm_v0/convex/upper_arm_convex.stla
[3.293s] -- Installing: /home/stephenq0503/Desktop/robot_arm_sim/install/moveit_resources_pr2_description/share/moveit_resources_pr2_description/urdf/meshes/upper_arm_v0/convex/upper_arm.xml
[3.293s] -- Installing: /home/stephenq0503/Desktop/robot_arm_sim/install/moveit_resources_pr2_description/share/moveit_resources_pr2_description/urdf/meshes/upper_arm_v0/convex/forearm_roll.dae
[3.294s] -- Installing: /home/stephenq0503/Desktop/robot_arm_sim/install/moveit_resources_pr2_description/share/moveit_resources_pr2_description/urdf/meshes/upper_arm_v0/convex/forearm_roll_L.xml
[3.294s] -- Installing: /home/stephenq0503/Desktop/robot_arm_sim/install/moveit_resources_pr2_description/share/moveit_resources_pr2_description/urdf/meshes/upper_arm_v0/convex/upper_arm_convex.stlb
[3.294s] -- Installing: /home/stephenq0503/Desktop/robot_arm_sim/install/moveit_resources_pr2_description/share/moveit_resources_pr2_description/urdf/meshes/upper_arm_v0/convex/elbow_flex.xml
[3.294s] -- Installing: /home/stephenq0503/Desktop/robot_arm_sim/install/moveit_resources_pr2_description/share/moveit_resources_pr2_description/urdf/meshes/upper_arm_v0/convex/upper_arm.dae
[3.295s] -- Installing: /home/stephenq0503/Desktop/robot_arm_sim/install/moveit_resources_pr2_description/share/moveit_resources_pr2_description/urdf/meshes/upper_arm_v0/convex/forearm_roll_L_convex.stlb
[3.295s] -- Installing: /home/stephenq0503/Desktop/robot_arm_sim/install/moveit_resources_pr2_description/share/moveit_resources_pr2_description/urdf/meshes/upper_arm_v0/convex/forearm_roll_L.dae
[3.295s] -- Installing: /home/stephenq0503/Desktop/robot_arm_sim/install/moveit_resources_pr2_description/share/moveit_resources_pr2_description/urdf/meshes/upper_arm_v0/convex/elbow_flex_convex.stla
[3.295s] -- Installing: /home/stephenq0503/Desktop/robot_arm_sim/install/moveit_resources_pr2_description/share/moveit_resources_pr2_description/urdf/meshes/upper_arm_v0/convex/elbow_flex_convex.stlb
[3.296s] -- Installing: /home/stephenq0503/Desktop/robot_arm_sim/install/moveit_resources_pr2_description/share/moveit_resources_pr2_description/urdf/meshes/upper_arm_v0/convex/forearm_roll_convex.stlb
[3.296s] -- Installing: /home/stephenq0503/Desktop/robot_arm_sim/install/moveit_resources_pr2_description/share/moveit_resources_pr2_description/urdf/meshes/upper_arm_v0/convex/elbow_flex.dae
[3.296s] -- Installing: /home/stephenq0503/Desktop/robot_arm_sim/install/moveit_resources_pr2_description/share/moveit_resources_pr2_description/urdf/meshes/upper_arm_v0/forearm_roll_L.stl
[3.296s] -- Installing: /home/stephenq0503/Desktop/robot_arm_sim/install/moveit_resources_pr2_description/share/moveit_resources_pr2_description/urdf/meshes/upper_arm_v0/elbow_flex_color.tif
[3.297s] -- Installing: /home/stephenq0503/Desktop/robot_arm_sim/install/moveit_resources_pr2_description/share/moveit_resources_pr2_description/urdf/meshes/upper_arm_v0/upper_arm.dae
[3.297s] -- Installing: /home/stephenq0503/Desktop/robot_arm_sim/install/moveit_resources_pr2_description/share/moveit_resources_pr2_description/urdf/meshes/upper_arm_v0/upper_arm.stl
[3.298s] -- Installing: /home/stephenq0503/Desktop/robot_arm_sim/install/moveit_resources_pr2_description/share/moveit_resources_pr2_description/urdf/meshes/upper_arm_v0/elbow_flex.dae
[3.298s] -- Installing: /home/stephenq0503/Desktop/robot_arm_sim/install/moveit_resources_pr2_description/share/moveit_resources_pr2_description/urdf/meshes/sensors
[3.298s] -- Installing: /home/stephenq0503/Desktop/robot_arm_sim/install/moveit_resources_pr2_description/share/moveit_resources_pr2_description/urdf/meshes/sensors/kinect_prosilica_v0
[3.298s] -- Installing: /home/stephenq0503/Desktop/robot_arm_sim/install/moveit_resources_pr2_description/share/moveit_resources_pr2_description/urdf/meshes/sensors/kinect_prosilica_v0/115x100_swept_fwd_no_sensors--coarse.STL
[3.298s] -- Installing: /home/stephenq0503/Desktop/robot_arm_sim/install/moveit_resources_pr2_description/share/moveit_resources_pr2_description/urdf/meshes/sensors/kinect_prosilica_v0/115x100_swept_fwd--coarse.STL
[3.299s] -- Installing: /home/stephenq0503/Desktop/robot_arm_sim/install/moveit_resources_pr2_description/share/moveit_resources_pr2_description/urdf/meshes/sensors/kinect_prosilica_v0/115x100_swept_back_no_sensors--coarse.STL
[3.299s] -- Installing: /home/stephenq0503/Desktop/robot_arm_sim/install/moveit_resources_pr2_description/share/moveit_resources_pr2_description/urdf/meshes/sensors/kinect_prosilica_v0/Prosilica_w_Lens--coarse.STL
[3.299s] -- Installing: /home/stephenq0503/Desktop/robot_arm_sim/install/moveit_resources_pr2_description/share/moveit_resources_pr2_description/urdf/meshes/sensors/kinect_prosilica_v0/68-04546_Kinect_Sensor--coarse.STL
[3.299s] -- Installing: /home/stephenq0503/Desktop/robot_arm_sim/install/moveit_resources_pr2_description/share/moveit_resources_pr2_description/urdf/meshes/sensors/kinect_prosilica_v0/115x100_swept_back--coarse.STL
[3.300s] -- Installing: /home/stephenq0503/Desktop/robot_arm_sim/install/moveit_resources_pr2_description/share/moveit_resources_pr2_description/urdf/meshes/sensors/kinect_v0
[3.300s] -- Installing: /home/stephenq0503/Desktop/robot_arm_sim/install/moveit_resources_pr2_description/share/moveit_resources_pr2_description/urdf/meshes/sensors/kinect_v0/kinect_color.tga
[3.300s] -- Installing: /home/stephenq0503/Desktop/robot_arm_sim/install/moveit_resources_pr2_description/share/moveit_resources_pr2_description/urdf/meshes/sensors/kinect_v0/kinect.tga
[3.300s] -- Installing: /home/stephenq0503/Desktop/robot_arm_sim/install/moveit_resources_pr2_description/share/moveit_resources_pr2_description/urdf/meshes/sensors/kinect_v0/kinect_mount.stl
[3.300s] -- Installing: /home/stephenq0503/Desktop/robot_arm_sim/install/moveit_resources_pr2_description/share/moveit_resources_pr2_description/urdf/meshes/sensors/kinect_v0/kinect.dae
[3.300s] -- Installing: /home/stephenq0503/Desktop/robot_arm_sim/install/moveit_resources_pr2_description/share/moveit_resources_pr2_description/urdf/meshes/gripper_v0
[3.300s] -- Installing: /home/stephenq0503/Desktop/robot_arm_sim/install/moveit_resources_pr2_description/share/moveit_resources_pr2_description/urdf/meshes/gripper_v0/l_finger.stl
[3.301s] -- Installing: /home/stephenq0503/Desktop/robot_arm_sim/install/moveit_resources_pr2_description/share/moveit_resources_pr2_description/urdf/meshes/gripper_v0/gripper_palm_normals.tif
[3.302s] -- Installing: /home/stephenq0503/Desktop/robot_arm_sim/install/moveit_resources_pr2_description/share/moveit_resources_pr2_description/urdf/meshes/gripper_v0/upper_finger_r.stl
[3.318s] -- Installing: /home/stephenq0503/Desktop/robot_arm_sim/install/moveit_resources_pr2_description/share/moveit_resources_pr2_description/urdf/meshes/gripper_v0/l_float_color.tif
[3.319s] -- Installing: /home/stephenq0503/Desktop/robot_arm_sim/install/moveit_resources_pr2_description/share/moveit_resources_pr2_description/urdf/meshes/gripper_v0/convex
[3.319s] -- Installing: /home/stephenq0503/Desktop/robot_arm_sim/install/moveit_resources_pr2_description/share/moveit_resources_pr2_description/urdf/meshes/gripper_v0/convex/finger_tip_l.xml
[3.325s] -- Installing: /home/stephenq0503/Desktop/robot_arm_sim/install/moveit_resources_pr2_description/share/moveit_resources_pr2_description/urdf/meshes/gripper_v0/convex/finger_tip_pad2_l_convex.stla
[3.327s] -- Installing: /home/stephenq0503/Desktop/robot_arm_sim/install/moveit_resources_pr2_description/share/moveit_resources_pr2_description/urdf/meshes/gripper_v0/convex/finger_tip_pad2_l.xml
[3.332s] -- Installing: /home/stephenq0503/Desktop/robot_arm_sim/install/moveit_resources_pr2_description/share/moveit_resources_pr2_description/urdf/meshes/gripper_v0/convex/l_finger_convex.stlb
[3.332s] -- Installing: /home/stephenq0503/Desktop/robot_arm_sim/install/moveit_resources_pr2_description/share/moveit_resources_pr2_description/urdf/meshes/gripper_v0/convex/finger_tip_r_convex.stla
[3.332s] -- Installing: /home/stephenq0503/Desktop/robot_arm_sim/install/moveit_resources_pr2_description/share/moveit_resources_pr2_description/urdf/meshes/gripper_v0/convex/gripper_palm.xml
[3.332s] -- Installing: /home/stephenq0503/Desktop/robot_arm_sim/install/moveit_resources_pr2_description/share/moveit_resources_pr2_description/urdf/meshes/gripper_v0/convex/finger_tip_pad2_r_convex.stla
[3.332s] -- Installing: /home/stephenq0503/Desktop/robot_arm_sim/install/moveit_resources_pr2_description/share/moveit_resources_pr2_description/urdf/meshes/gripper_v0/convex/finger_tip_pad2_l.dae
[3.333s] -- Installing: /home/stephenq0503/Desktop/robot_arm_sim/install/moveit_resources_pr2_description/share/moveit_resources_pr2_description/urdf/meshes/gripper_v0/convex/upper_finger_l.dae
[3.333s] -- Installing: /home/stephenq0503/Desktop/robot_arm_sim/install/moveit_resources_pr2_description/share/moveit_resources_pr2_description/urdf/meshes/gripper_v0/convex/gripper_palm_convex.stlb
[3.333s] -- Installing: /home/stephenq0503/Desktop/robot_arm_sim/install/moveit_resources_pr2_description/share/moveit_resources_pr2_description/urdf/meshes/gripper_v0/convex/upper_finger_l_convex.stla
[3.333s] -- Installing: /home/stephenq0503/Desktop/robot_arm_sim/install/moveit_resources_pr2_description/share/moveit_resources_pr2_description/urdf/meshes/gripper_v0/convex/l_finger_tip.xml
[3.333s] -- Installing: /home/stephenq0503/Desktop/robot_arm_sim/install/moveit_resources_pr2_description/share/moveit_resources_pr2_description/urdf/meshes/gripper_v0/convex/l_finger.dae
[3.333s] -- Installing: /home/stephenq0503/Desktop/robot_arm_sim/install/moveit_resources_pr2_description/share/moveit_resources_pr2_description/urdf/meshes/gripper_v0/convex/l_finger_tip_convex.stlb
[3.333s] -- Installing: /home/stephenq0503/Desktop/robot_arm_sim/install/moveit_resources_pr2_description/share/moveit_resources_pr2_description/urdf/meshes/gripper_v0/convex/l_floating.dae
[3.333s] -- Installing: /home/stephenq0503/Desktop/robot_arm_sim/install/moveit_resources_pr2_description/share/moveit_resources_pr2_description/urdf/meshes/gripper_v0/convex/l_finger_convex.stla
[3.334s] -- Installing: /home/stephenq0503/Desktop/robot_arm_sim/install/moveit_resources_pr2_description/share/moveit_resources_pr2_description/urdf/meshes/gripper_v0/convex/finger_tip_l.dae
[3.334s] -- Installing: /home/stephenq0503/Desktop/robot_arm_sim/install/moveit_resources_pr2_description/share/moveit_resources_pr2_description/urdf/meshes/gripper_v0/convex/finger_tip_pad2_r.dae
[3.339s] -- Installing: /home/stephenq0503/Desktop/robot_arm_sim/install/moveit_resources_pr2_description/share/moveit_resources_pr2_description/urdf/meshes/gripper_v0/convex/l_finger_tip.dae
[3.340s] -- Installing: /home/stephenq0503/Desktop/robot_arm_sim/install/moveit_resources_pr2_description/share/moveit_resources_pr2_description/urdf/meshes/gripper_v0/convex/finger_tip_r.dae
[3.340s] -- Installing: /home/stephenq0503/Desktop/robot_arm_sim/install/moveit_resources_pr2_description/share/moveit_resources_pr2_description/urdf/meshes/gripper_v0/convex/finger_tip_l_convex.stla
[3.340s] -- Installing: /home/stephenq0503/Desktop/robot_arm_sim/install/moveit_resources_pr2_description/share/moveit_resources_pr2_description/urdf/meshes/gripper_v0/convex/upper_finger_r_convex.stlb
[3.341s] -- Installing: /home/stephenq0503/Desktop/robot_arm_sim/install/moveit_resources_pr2_description/share/moveit_resources_pr2_description/urdf/meshes/gripper_v0/convex/finger_tip_r_convex.stlb
[3.341s] -- Installing: /home/stephenq0503/Desktop/robot_arm_sim/install/moveit_resources_pr2_description/share/moveit_resources_pr2_description/urdf/meshes/gripper_v0/convex/gripper_palm_convex.stla
[3.341s] -- Installing: /home/stephenq0503/Desktop/robot_arm_sim/install/moveit_resources_pr2_description/share/moveit_resources_pr2_description/urdf/meshes/gripper_v0/convex/l_finger_tip_convex.stla
[3.341s] -- Installing: /home/stephenq0503/Desktop/robot_arm_sim/install/moveit_resources_pr2_description/share/moveit_resources_pr2_description/urdf/meshes/gripper_v0/convex/finger_tip_pad2_l_convex.stlb
[3.341s] -- Installing: /home/stephenq0503/Desktop/robot_arm_sim/install/moveit_resources_pr2_description/share/moveit_resources_pr2_description/urdf/meshes/gripper_v0/convex/gripper_palm.dae
[3.342s] -- Installing: /home/stephenq0503/Desktop/robot_arm_sim/install/moveit_resources_pr2_description/share/moveit_resources_pr2_description/urdf/meshes/gripper_v0/convex/upper_finger_l_convex.stlb
[3.342s] -- Installing: /home/stephenq0503/Desktop/robot_arm_sim/install/moveit_resources_pr2_description/share/moveit_resources_pr2_description/urdf/meshes/gripper_v0/convex/l_floating.xml
[3.342s] -- Installing: /home/stephenq0503/Desktop/robot_arm_sim/install/moveit_resources_pr2_description/share/moveit_resources_pr2_description/urdf/meshes/gripper_v0/convex/finger_tip_pad2_r.xml
[3.342s] -- Installing: /home/stephenq0503/Desktop/robot_arm_sim/install/moveit_resources_pr2_description/share/moveit_resources_pr2_description/urdf/meshes/gripper_v0/convex/l_floating_convex.stla
[3.343s] -- Installing: /home/stephenq0503/Desktop/robot_arm_sim/install/moveit_resources_pr2_description/share/moveit_resources_pr2_description/urdf/meshes/gripper_v0/convex/upper_finger_r_convex.stla
[3.343s] -- Installing: /home/stephenq0503/Desktop/robot_arm_sim/install/moveit_resources_pr2_description/share/moveit_resources_pr2_description/urdf/meshes/gripper_v0/convex/upper_finger_r.dae
[3.343s] -- Installing: /home/stephenq0503/Desktop/robot_arm_sim/install/moveit_resources_pr2_description/share/moveit_resources_pr2_description/urdf/meshes/gripper_v0/convex/l_floating_convex.stlb
[3.343s] -- Installing: /home/stephenq0503/Desktop/robot_arm_sim/install/moveit_resources_pr2_description/share/moveit_resources_pr2_description/urdf/meshes/gripper_v0/convex/upper_finger_l.xml
[3.343s] -- Installing: /home/stephenq0503/Desktop/robot_arm_sim/install/moveit_resources_pr2_description/share/moveit_resources_pr2_description/urdf/meshes/gripper_v0/convex/upper_finger_r.xml
[3.343s] -- Installing: /home/stephenq0503/Desktop/robot_arm_sim/install/moveit_resources_pr2_description/share/moveit_resources_pr2_description/urdf/meshes/gripper_v0/convex/l_finger.xml
[3.343s] -- Installing: /home/stephenq0503/Desktop/robot_arm_sim/install/moveit_resources_pr2_description/share/moveit_resources_pr2_description/urdf/meshes/gripper_v0/convex/finger_tip_l_convex.stlb
[3.344s] -- Installing: /home/stephenq0503/Desktop/robot_arm_sim/install/moveit_resources_pr2_description/share/moveit_resources_pr2_description/urdf/meshes/gripper_v0/convex/finger_tip_pad2_r_convex.stlb
[3.344s] -- Installing: /home/stephenq0503/Desktop/robot_arm_sim/install/moveit_resources_pr2_description/share/moveit_resources_pr2_description/urdf/meshes/gripper_v0/convex/finger_tip_r.xml
[3.344s] -- Installing: /home/stephenq0503/Desktop/robot_arm_sim/install/moveit_resources_pr2_description/share/moveit_resources_pr2_description/urdf/meshes/gripper_v0/finger_tip_pad2_l.stl
[3.344s] -- Installing: /home/stephenq0503/Desktop/robot_arm_sim/install/moveit_resources_pr2_description/share/moveit_resources_pr2_description/urdf/meshes/gripper_v0/l_finger_tip_color.tif
[3.344s] -- Installing: /home/stephenq0503/Desktop/robot_arm_sim/install/moveit_resources_pr2_description/share/moveit_resources_pr2_description/urdf/meshes/gripper_v0/finger_tip_H_UV_100430.dae
[3.344s] -- Installing: /home/stephenq0503/Desktop/robot_arm_sim/install/moveit_resources_pr2_description/share/moveit_resources_pr2_description/urdf/meshes/gripper_v0/palm_H_UV_100430.dae
[3.345s] -- Installing: /home/stephenq0503/Desktop/robot_arm_sim/install/moveit_resources_pr2_description/share/moveit_resources_pr2_description/urdf/meshes/gripper_v0/l_finger.dae
[3.345s] -- Installing: /home/stephenq0503/Desktop/robot_arm_sim/install/moveit_resources_pr2_description/share/moveit_resources_pr2_description/urdf/meshes/gripper_v0/l_finger_tip.stl
[3.345s] -- Installing: /home/stephenq0503/Desktop/robot_arm_sim/install/moveit_resources_pr2_description/share/moveit_resources_pr2_description/urdf/meshes/gripper_v0/finger_tip_pad2_r.stl
[3.345s] -- Installing: /home/stephenq0503/Desktop/robot_arm_sim/install/moveit_resources_pr2_description/share/moveit_resources_pr2_description/urdf/meshes/gripper_v0/l_finger_tip.dae
[3.345s] -- Installing: /home/stephenq0503/Desktop/robot_arm_sim/install/moveit_resources_pr2_description/share/moveit_resources_pr2_description/urdf/meshes/gripper_v0/finger_tip_r.stl
[3.345s] -- Installing: /home/stephenq0503/Desktop/robot_arm_sim/install/moveit_resources_pr2_description/share/moveit_resources_pr2_description/urdf/meshes/gripper_v0/l_float.dae
[3.345s] -- Installing: /home/stephenq0503/Desktop/robot_arm_sim/install/moveit_resources_pr2_description/share/moveit_resources_pr2_description/urdf/meshes/gripper_v0/l_finger_tip_normals.tif
[3.346s] -- Installing: /home/stephenq0503/Desktop/robot_arm_sim/install/moveit_resources_pr2_description/share/moveit_resources_pr2_description/urdf/meshes/gripper_v0/finger_H_Color_100430.tif
[3.346s] -- Installing: /home/stephenq0503/Desktop/robot_arm_sim/install/moveit_resources_pr2_description/share/moveit_resources_pr2_description/urdf/meshes/gripper_v0/gripper_palm_color.tif
[3.346s] -- Installing: /home/stephenq0503/Desktop/robot_arm_sim/install/moveit_resources_pr2_description/share/moveit_resources_pr2_description/urdf/meshes/gripper_v0/gripper_palm.stl
[3.346s] -- Installing: /home/stephenq0503/Desktop/robot_arm_sim/install/moveit_resources_pr2_description/share/moveit_resources_pr2_description/urdf/meshes/gripper_v0/palm_H_Color_100430.tif
[3.346s] -- Installing: /home/stephenq0503/Desktop/robot_arm_sim/install/moveit_resources_pr2_description/share/moveit_resources_pr2_description/urdf/meshes/gripper_v0/gripper_palm.dae
[3.346s] -- Installing: /home/stephenq0503/Desktop/robot_arm_sim/install/moveit_resources_pr2_description/share/moveit_resources_pr2_description/urdf/meshes/gripper_v0/float_H_UV_100430.dae
[3.347s] -- Installing: /home/stephenq0503/Desktop/robot_arm_sim/install/moveit_resources_pr2_description/share/moveit_resources_pr2_description/urdf/meshes/gripper_v0/l_float_normals.tif
[3.347s] -- Installing: /home/stephenq0503/Desktop/robot_arm_sim/install/moveit_resources_pr2_description/share/moveit_resources_pr2_description/urdf/meshes/gripper_v0/l_finger_normals.tif
[3.347s] -- Installing: /home/stephenq0503/Desktop/robot_arm_sim/install/moveit_resources_pr2_description/share/moveit_resources_pr2_description/urdf/meshes/gripper_v0/upper_finger_l.stl
[3.347s] -- Installing: /home/stephenq0503/Desktop/robot_arm_sim/install/moveit_resources_pr2_description/share/moveit_resources_pr2_description/urdf/meshes/gripper_v0/finger_tip_l.stl
[3.347s] -- Installing: /home/stephenq0503/Desktop/robot_arm_sim/install/moveit_resources_pr2_description/share/moveit_resources_pr2_description/urdf/meshes/gripper_v0/fingertip_H_Color_100430.tif
[3.347s] -- Installing: /home/stephenq0503/Desktop/robot_arm_sim/install/moveit_resources_pr2_description/share/moveit_resources_pr2_description/urdf/meshes/gripper_v0/finger_H_UV_100430.dae
[3.347s] -- Installing: /home/stephenq0503/Desktop/robot_arm_sim/install/moveit_resources_pr2_description/share/moveit_resources_pr2_description/urdf/meshes/gripper_v0/float_H_Color_100430.tif
[3.348s] -- Installing: /home/stephenq0503/Desktop/robot_arm_sim/install/moveit_resources_pr2_description/share/moveit_resources_pr2_description/urdf/meshes/gripper_v0/l_floating.stl
[3.348s] -- Installing: /home/stephenq0503/Desktop/robot_arm_sim/install/moveit_resources_pr2_description/share/moveit_resources_pr2_description/urdf/meshes/gripper_v0/l_finger_color.tif
[3.348s] -- Installing: /home/stephenq0503/Desktop/robot_arm_sim/install/moveit_resources_pr2_description/share/moveit_resources_pr2_description/urdf/robot.xml
[3.348s] -- Installing: /home/stephenq0503/Desktop/robot_arm_sim/install/moveit_resources_pr2_description/share/moveit_resources_pr2_description/kinect.dae
[3.931s] Invoked command in '/home/stephenq0503/Desktop/robot_arm_sim/build/moveit_resources_pr2_description' returned '0': CMAKE_PREFIX_PATH=${CMAKE_PREFIX_PATH}:/opt/ros/humble /usr/bin/cmake --install /home/stephenq0503/Desktop/robot_arm_sim/build/moveit_resources_pr2_description
