[0.873s] Invoking command in '/home/stephenq0503/Desktop/robot_arm_sim/src/my_robot_pkg': PYTHONPATH=/home/stephenq0503/Desktop/robot_arm_sim/build/my_robot_pkg/prefix_override:/home/stephenq0503/Desktop/robot_arm_sim/install/my_robot_pkg/lib/python3.10/site-packages:${PYTHONPATH} /usr/bin/python3 setup.py egg_info --egg-base ../../build/my_robot_pkg build --build-base /home/stephenq0503/Desktop/robot_arm_sim/build/my_robot_pkg/build install --record /home/stephenq0503/Desktop/robot_arm_sim/build/my_robot_pkg/install.log --single-version-externally-managed
[1.186s] running egg_info
[1.187s] writing ../../build/my_robot_pkg/my_robot_pkg.egg-info/PKG-INFO
[1.187s] writing dependency_links to ../../build/my_robot_pkg/my_robot_pkg.egg-info/dependency_links.txt
[1.188s] writing entry points to ../../build/my_robot_pkg/my_robot_pkg.egg-info/entry_points.txt
[1.188s] writing requirements to ../../build/my_robot_pkg/my_robot_pkg.egg-info/requires.txt
[1.189s] writing top-level names to ../../build/my_robot_pkg/my_robot_pkg.egg-info/top_level.txt
[1.190s] reading manifest file '../../build/my_robot_pkg/my_robot_pkg.egg-info/SOURCES.txt'
[1.193s] writing manifest file '../../build/my_robot_pkg/my_robot_pkg.egg-info/SOURCES.txt'
[1.193s] running build
[1.194s] running build_py
[1.194s] running install
[1.194s] /usr/lib/python3/dist-packages/setuptools/command/install.py:34: SetuptoolsDeprecationWarning: setup.py install is deprecated. Use build and pip and other standards-based tools.
[1.195s]   warnings.warn(
[1.195s] running install_lib
[1.196s] running install_data
[1.197s] copying config/simple_controller.yaml -> /home/stephenq0503/Desktop/robot_arm_sim/install/my_robot_pkg/share/my_robot_pkg/config
[1.198s] running install_egg_info
[1.201s] removing '/home/stephenq0503/Desktop/robot_arm_sim/install/my_robot_pkg/lib/python3.10/site-packages/my_robot_pkg-0.0.0-py3.10.egg-info' (and everything under it)
[1.201s] Copying ../../build/my_robot_pkg/my_robot_pkg.egg-info to /home/stephenq0503/Desktop/robot_arm_sim/install/my_robot_pkg/lib/python3.10/site-packages/my_robot_pkg-0.0.0-py3.10.egg-info
[1.202s] running install_scripts
[1.223s] Installing trajectory_points_act_server script to /home/stephenq0503/Desktop/robot_arm_sim/install/my_robot_pkg/lib/my_robot_pkg
[1.223s] Installing trajectory_points_topic script to /home/stephenq0503/Desktop/robot_arm_sim/install/my_robot_pkg/lib/my_robot_pkg
[1.223s] writing list of installed files to '/home/stephenq0503/Desktop/robot_arm_sim/build/my_robot_pkg/install.log'
[1.254s] Invoked command in '/home/stephenq0503/Desktop/robot_arm_sim/src/my_robot_pkg' returned '0': PYTHONPATH=/home/stephenq0503/Desktop/robot_arm_sim/build/my_robot_pkg/prefix_override:/home/stephenq0503/Desktop/robot_arm_sim/install/my_robot_pkg/lib/python3.10/site-packages:${PYTHONPATH} /usr/bin/python3 setup.py egg_info --egg-base ../../build/my_robot_pkg build --build-base /home/stephenq0503/Desktop/robot_arm_sim/build/my_robot_pkg/build install --record /home/stephenq0503/Desktop/robot_arm_sim/build/my_robot_pkg/install.log --single-version-externally-managed
