[0.308s] Invoking command in '/home/stephenq0503/Desktop/robot_arm_sim/build/moveit_simple_controller_manager': AMENT_PREFIX_PATH=/home/stephenq0503/Desktop/robot_arm_sim/install/moveit_core:/home/stephenq0503/Desktop/robot_arm_sim/install/srdfdom:/home/stephenq0503/Desktop/robot_arm_sim/install/moveit_common:${AMENT_PREFIX_PATH} CMAKE_PREFIX_PATH=/home/stephenq0503/Desktop/robot_arm_sim/install/moveit_core:/home/stephenq0503/Desktop/robot_arm_sim/install/srdfdom:/home/stephenq0503/Desktop/robot_arm_sim/install/moveit_common:/home/stephenq0503/Desktop/robot_arm_sim/install/six_dof_arm:/home/stephenq0503/Desktop/robot_arm_sim/install/gazebo_ros2_control:/opt/ros/humble LD_LIBRARY_PATH=/home/stephenq0503/Desktop/robot_arm_sim/install/moveit_core/lib:/home/stephenq0503/Desktop/robot_arm_sim/install/srdfdom/lib:${LD_LIBRARY_PATH} PATH=/home/stephenq0503/Desktop/robot_arm_sim/install/moveit_core/bin:${PATH} PYTHONPATH=/home/stephenq0503/Desktop/robot_arm_sim/install/srdfdom/local/lib/python3.10/dist-packages:${PYTHONPATH} /usr/bin/cmake /home/stephenq0503/Desktop/robot_arm_sim/src/moveit2/moveit_plugins/moveit_simple_controller_manager -DCMAKE_INSTALL_PREFIX=/home/stephenq0503/Desktop/robot_arm_sim/install/moveit_simple_controller_manager
[0.385s] -- The C compiler identification is GNU 11.4.0
[0.472s] -- The CXX compiler identification is GNU 11.4.0
[0.485s] -- Detecting C compiler ABI info
[0.606s] -- Detecting C compiler ABI info - done
[0.632s] -- Check for working C compiler: /usr/bin/cc - skipped
[0.633s] -- Detecting C compile features
[0.636s] -- Detecting C compile features - done
[0.640s] -- Detecting CXX compiler ABI info
[0.806s] -- Detecting CXX compiler ABI info - done
[0.824s] -- Check for working CXX compiler: /usr/bin/c++ - skipped
[0.825s] -- Detecting CXX compile features
[0.827s] -- Detecting CXX compile features - done
[0.832s] -- Found moveit_common: 2.5.5 (/home/stephenq0503/Desktop/robot_arm_sim/install/moveit_common/share/moveit_common/cmake)
[0.835s] -- Found ament_cmake: 1.3.7 (/opt/ros/humble/share/ament_cmake/cmake)
[1.462s] -- Found Python3: /usr/bin/python3.10 (found version "3.10.12") found components: Interpreter 
[2.049s] -- Found libdw: /usr/lib/x86_64-linux-gnu/libdw.so  
[2.060s] -- Could NOT find libbfd (missing: LIBBFD_LIBRARY LIBBFD_INCLUDE_DIR) 
[2.060s] -- BACKWARD_HAS_UNWIND=1
[2.060s] -- BACKWARD_HAS_BACKTRACE=0
[2.061s] -- BACKWARD_HAS_BACKTRACE_SYMBOL=0
[2.061s] -- BACKWARD_HAS_DW=1
[2.061s] -- BACKWARD_HAS_BFD=0
[2.062s] -- Found Backward: /opt/ros/humble/share/backward_ros/cmake  
[2.063s] [0mmoveit_simple_controller_manager: You did not request a specific build type: Choosing 'Release' for maximum performance[0m
[2.065s] -- Found moveit_core: 2.5.5 (/home/stephenq0503/Desktop/robot_arm_sim/install/moveit_core/share/moveit_core/cmake)
[2.484s] -- Found Boost: /usr/lib/x86_64-linux-gnu/cmake/Boost-1.74.0/BoostConfig.cmake (found version "1.74.0") found components: chrono date_time filesystem iostreams program_options regex serialization system thread 
[2.557s] -- Found parameter_traits: 0.3.7 (/opt/ros/humble/share/parameter_traits/cmake)
[2.626s] -- Found rosidl_generator_c: 3.1.5 (/opt/ros/humble/share/rosidl_generator_c/cmake)
[2.639s] -- Found rosidl_adapter: 3.1.5 (/opt/ros/humble/share/rosidl_adapter/cmake)
[2.661s] -- Found rosidl_generator_cpp: 3.1.5 (/opt/ros/humble/share/rosidl_generator_cpp/cmake)
[2.694s] -- Using all available rosidl_typesupport_c: rosidl_typesupport_fastrtps_c;rosidl_typesupport_introspection_c
[2.725s] -- Using all available rosidl_typesupport_cpp: rosidl_typesupport_fastrtps_cpp;rosidl_typesupport_introspection_cpp
[2.856s] -- Found rmw_implementation_cmake: 6.1.1 (/opt/ros/humble/share/rmw_implementation_cmake/cmake)
[2.863s] -- Found rmw_fastrtps_cpp: 6.2.6 (/opt/ros/humble/share/rmw_fastrtps_cpp/cmake)
[3.037s] -- Found OpenSSL: /usr/lib/x86_64-linux-gnu/libcrypto.so (found version "3.0.2")  
[3.086s] -- Found FastRTPS: /opt/ros/humble/include  
[3.188s] -- Using RMW implementation 'rmw_fastrtps_cpp' as default
[3.211s] -- Found Threads: TRUE  
[3.705s] -- Found Eigen3: TRUE (found version "3.4.0") 
[3.712s] -- Found rclcpp_lifecycle: 16.0.8 (/opt/ros/humble/share/rclcpp_lifecycle/cmake)
[3.833s] -- Found Boost: /usr/lib/x86_64-linux-gnu/cmake/Boost-1.74.0/BoostConfig.cmake (found version "1.74.0") found components: filesystem 
[4.132s] -- library: /usr/lib/x86_64-linux-gnu/libcurl.so
[4.836s] -- Ensuring Eigen3 include directory is part of orocos-kdl CMake target
[7.320s] -- Found control_msgs: 4.4.0 (/opt/ros/humble/share/control_msgs/cmake)
[8.010s] -- Found Boost: /usr/lib/x86_64-linux-gnu/cmake/Boost-1.74.0/BoostConfig.cmake (found version "1.74.0") found components: thread 
[8.030s] -- Found ament_lint_auto: 0.12.10 (/opt/ros/humble/share/ament_lint_auto/cmake)
[8.104s] -- Added test 'cppcheck' to perform static code analysis on C / C++ code
[8.104s] -- Configured cppcheck include dirs: /home/stephenq0503/Desktop/robot_arm_sim/src/moveit2/moveit_plugins/moveit_simple_controller_manager/include
[8.104s] -- Configured cppcheck exclude dirs and/or files: 
[8.110s] -- Added test 'lint_cmake' to check CMake code style
[8.112s] -- Added test 'xmllint' to check XML markup files
[8.122s] -- Configuring done
[8.231s] -- Generating done
[8.246s] -- Build files have been written to: /home/stephenq0503/Desktop/robot_arm_sim/build/moveit_simple_controller_manager
[8.302s] Invoked command in '/home/stephenq0503/Desktop/robot_arm_sim/build/moveit_simple_controller_manager' returned '0': AMENT_PREFIX_PATH=/home/stephenq0503/Desktop/robot_arm_sim/install/moveit_core:/home/stephenq0503/Desktop/robot_arm_sim/install/srdfdom:/home/stephenq0503/Desktop/robot_arm_sim/install/moveit_common:${AMENT_PREFIX_PATH} CMAKE_PREFIX_PATH=/home/stephenq0503/Desktop/robot_arm_sim/install/moveit_core:/home/stephenq0503/Desktop/robot_arm_sim/install/srdfdom:/home/stephenq0503/Desktop/robot_arm_sim/install/moveit_common:/home/stephenq0503/Desktop/robot_arm_sim/install/six_dof_arm:/home/stephenq0503/Desktop/robot_arm_sim/install/gazebo_ros2_control:/opt/ros/humble LD_LIBRARY_PATH=/home/stephenq0503/Desktop/robot_arm_sim/install/moveit_core/lib:/home/stephenq0503/Desktop/robot_arm_sim/install/srdfdom/lib:${LD_LIBRARY_PATH} PATH=/home/stephenq0503/Desktop/robot_arm_sim/install/moveit_core/bin:${PATH} PYTHONPATH=/home/stephenq0503/Desktop/robot_arm_sim/install/srdfdom/local/lib/python3.10/dist-packages:${PYTHONPATH} /usr/bin/cmake /home/stephenq0503/Desktop/robot_arm_sim/src/moveit2/moveit_plugins/moveit_simple_controller_manager -DCMAKE_INSTALL_PREFIX=/home/stephenq0503/Desktop/robot_arm_sim/install/moveit_simple_controller_manager
[8.303s] Invoking command in '/home/stephenq0503/Desktop/robot_arm_sim/build/moveit_simple_controller_manager': AMENT_PREFIX_PATH=/home/stephenq0503/Desktop/robot_arm_sim/install/moveit_core:/home/stephenq0503/Desktop/robot_arm_sim/install/srdfdom:/home/stephenq0503/Desktop/robot_arm_sim/install/moveit_common:${AMENT_PREFIX_PATH} CMAKE_PREFIX_PATH=/home/stephenq0503/Desktop/robot_arm_sim/install/moveit_core:/home/stephenq0503/Desktop/robot_arm_sim/install/srdfdom:/home/stephenq0503/Desktop/robot_arm_sim/install/moveit_common:/home/stephenq0503/Desktop/robot_arm_sim/install/six_dof_arm:/home/stephenq0503/Desktop/robot_arm_sim/install/gazebo_ros2_control:/opt/ros/humble LD_LIBRARY_PATH=/home/stephenq0503/Desktop/robot_arm_sim/install/moveit_core/lib:/home/stephenq0503/Desktop/robot_arm_sim/install/srdfdom/lib:${LD_LIBRARY_PATH} PATH=/home/stephenq0503/Desktop/robot_arm_sim/install/moveit_core/bin:${PATH} PYTHONPATH=/home/stephenq0503/Desktop/robot_arm_sim/install/srdfdom/local/lib/python3.10/dist-packages:${PYTHONPATH} /usr/bin/cmake --build /home/stephenq0503/Desktop/robot_arm_sim/build/moveit_simple_controller_manager -- -j8 -l8
[8.706s] [ 33%] [32mBuilding CXX object CMakeFiles/moveit_simple_controller_manager.dir/src/moveit_simple_controller_manager.cpp.o[0m
[8.720s] [ 66%] [32mBuilding CXX object CMakeFiles/moveit_simple_controller_manager.dir/src/follow_joint_trajectory_controller_handle.cpp.o[0m
[42.278s] [100%] [32m[1mLinking CXX shared library libmoveit_simple_controller_manager.so[0m
[42.850s] [100%] Built target moveit_simple_controller_manager
[42.923s] Invoked command in '/home/stephenq0503/Desktop/robot_arm_sim/build/moveit_simple_controller_manager' returned '0': AMENT_PREFIX_PATH=/home/stephenq0503/Desktop/robot_arm_sim/install/moveit_core:/home/stephenq0503/Desktop/robot_arm_sim/install/srdfdom:/home/stephenq0503/Desktop/robot_arm_sim/install/moveit_common:${AMENT_PREFIX_PATH} CMAKE_PREFIX_PATH=/home/stephenq0503/Desktop/robot_arm_sim/install/moveit_core:/home/stephenq0503/Desktop/robot_arm_sim/install/srdfdom:/home/stephenq0503/Desktop/robot_arm_sim/install/moveit_common:/home/stephenq0503/Desktop/robot_arm_sim/install/six_dof_arm:/home/stephenq0503/Desktop/robot_arm_sim/install/gazebo_ros2_control:/opt/ros/humble LD_LIBRARY_PATH=/home/stephenq0503/Desktop/robot_arm_sim/install/moveit_core/lib:/home/stephenq0503/Desktop/robot_arm_sim/install/srdfdom/lib:${LD_LIBRARY_PATH} PATH=/home/stephenq0503/Desktop/robot_arm_sim/install/moveit_core/bin:${PATH} PYTHONPATH=/home/stephenq0503/Desktop/robot_arm_sim/install/srdfdom/local/lib/python3.10/dist-packages:${PYTHONPATH} /usr/bin/cmake --build /home/stephenq0503/Desktop/robot_arm_sim/build/moveit_simple_controller_manager -- -j8 -l8
[42.999s] Invoking command in '/home/stephenq0503/Desktop/robot_arm_sim/build/moveit_simple_controller_manager': AMENT_PREFIX_PATH=/home/stephenq0503/Desktop/robot_arm_sim/install/moveit_core:/home/stephenq0503/Desktop/robot_arm_sim/install/srdfdom:/home/stephenq0503/Desktop/robot_arm_sim/install/moveit_common:${AMENT_PREFIX_PATH} CMAKE_PREFIX_PATH=/home/stephenq0503/Desktop/robot_arm_sim/install/moveit_core:/home/stephenq0503/Desktop/robot_arm_sim/install/srdfdom:/home/stephenq0503/Desktop/robot_arm_sim/install/moveit_common:/home/stephenq0503/Desktop/robot_arm_sim/install/six_dof_arm:/home/stephenq0503/Desktop/robot_arm_sim/install/gazebo_ros2_control:/opt/ros/humble LD_LIBRARY_PATH=/home/stephenq0503/Desktop/robot_arm_sim/install/moveit_core/lib:/home/stephenq0503/Desktop/robot_arm_sim/install/srdfdom/lib:${LD_LIBRARY_PATH} PATH=/home/stephenq0503/Desktop/robot_arm_sim/install/moveit_core/bin:${PATH} PYTHONPATH=/home/stephenq0503/Desktop/robot_arm_sim/install/srdfdom/local/lib/python3.10/dist-packages:${PYTHONPATH} /usr/bin/cmake --install /home/stephenq0503/Desktop/robot_arm_sim/build/moveit_simple_controller_manager
[43.025s] -- Install configuration: "Release"
[43.027s] -- Installing: /home/stephenq0503/Desktop/robot_arm_sim/install/moveit_simple_controller_manager/lib/libmoveit_simple_controller_manager.so.2.5.5
[43.032s] -- Set runtime path of "/home/stephenq0503/Desktop/robot_arm_sim/install/moveit_simple_controller_manager/lib/libmoveit_simple_controller_manager.so.2.5.5" to ""
[43.032s] -- Installing: /home/stephenq0503/Desktop/robot_arm_sim/install/moveit_simple_controller_manager/lib/libmoveit_simple_controller_manager.so
[43.037s] -- Installing: /home/stephenq0503/Desktop/robot_arm_sim/install/moveit_simple_controller_manager/include
[43.039s] -- Installing: /home/stephenq0503/Desktop/robot_arm_sim/install/moveit_simple_controller_manager/include/moveit_simple_controller_manager
[43.040s] -- Installing: /home/stephenq0503/Desktop/robot_arm_sim/install/moveit_simple_controller_manager/include/moveit_simple_controller_manager/empty_controller_handle.h
[43.042s] -- Installing: /home/stephenq0503/Desktop/robot_arm_sim/install/moveit_simple_controller_manager/include/moveit_simple_controller_manager/follow_joint_trajectory_controller_handle.h
[43.044s] -- Installing: /home/stephenq0503/Desktop/robot_arm_sim/install/moveit_simple_controller_manager/include/moveit_simple_controller_manager/action_based_controller_handle.h
[43.045s] -- Installing: /home/stephenq0503/Desktop/robot_arm_sim/install/moveit_simple_controller_manager/include/moveit_simple_controller_manager/gripper_controller_handle.h
[43.048s] -- Installing: /home/stephenq0503/Desktop/robot_arm_sim/install/moveit_simple_controller_manager/share/moveit_simple_controller_manager/environment/library_path.sh
[43.049s] -- Installing: /home/stephenq0503/Desktop/robot_arm_sim/install/moveit_simple_controller_manager/share/moveit_simple_controller_manager/environment/library_path.dsv
[43.051s] -- Installing: /home/stephenq0503/Desktop/robot_arm_sim/install/moveit_simple_controller_manager/share/moveit_simple_controller_manager/moveit_simple_controller_manager_plugin_description.xml
[43.053s] -- Installing: /home/stephenq0503/Desktop/robot_arm_sim/install/moveit_simple_controller_manager/share/ament_index/resource_index/package_run_dependencies/moveit_simple_controller_manager
[43.054s] -- Installing: /home/stephenq0503/Desktop/robot_arm_sim/install/moveit_simple_controller_manager/share/ament_index/resource_index/parent_prefix_path/moveit_simple_controller_manager
[43.056s] -- Installing: /home/stephenq0503/Desktop/robot_arm_sim/install/moveit_simple_controller_manager/share/moveit_simple_controller_manager/environment/ament_prefix_path.sh
[43.057s] -- Installing: /home/stephenq0503/Desktop/robot_arm_sim/install/moveit_simple_controller_manager/share/moveit_simple_controller_manager/environment/ament_prefix_path.dsv
[43.058s] -- Installing: /home/stephenq0503/Desktop/robot_arm_sim/install/moveit_simple_controller_manager/share/moveit_simple_controller_manager/environment/path.sh
[43.060s] -- Installing: /home/stephenq0503/Desktop/robot_arm_sim/install/moveit_simple_controller_manager/share/moveit_simple_controller_manager/environment/path.dsv
[43.061s] -- Installing: /home/stephenq0503/Desktop/robot_arm_sim/install/moveit_simple_controller_manager/share/moveit_simple_controller_manager/local_setup.bash
[43.062s] -- Installing: /home/stephenq0503/Desktop/robot_arm_sim/install/moveit_simple_controller_manager/share/moveit_simple_controller_manager/local_setup.sh
[43.063s] -- Installing: /home/stephenq0503/Desktop/robot_arm_sim/install/moveit_simple_controller_manager/share/moveit_simple_controller_manager/local_setup.zsh
[43.063s] -- Installing: /home/stephenq0503/Desktop/robot_arm_sim/install/moveit_simple_controller_manager/share/moveit_simple_controller_manager/local_setup.dsv
[43.063s] -- Installing: /home/stephenq0503/Desktop/robot_arm_sim/install/moveit_simple_controller_manager/share/moveit_simple_controller_manager/package.dsv
[43.063s] -- Installing: /home/stephenq0503/Desktop/robot_arm_sim/install/moveit_simple_controller_manager/share/ament_index/resource_index/packages/moveit_simple_controller_manager
[43.063s] -- Installing: /home/stephenq0503/Desktop/robot_arm_sim/install/moveit_simple_controller_manager/share/ament_index/resource_index/moveit_core__pluginlib__plugin/moveit_simple_controller_manager
[43.063s] -- Installing: /home/stephenq0503/Desktop/robot_arm_sim/install/moveit_simple_controller_manager/share/moveit_simple_controller_manager/cmake/export_moveit_simple_controller_managerExport.cmake
[43.063s] -- Installing: /home/stephenq0503/Desktop/robot_arm_sim/install/moveit_simple_controller_manager/share/moveit_simple_controller_manager/cmake/export_moveit_simple_controller_managerExport-release.cmake
[43.063s] -- Installing: /home/stephenq0503/Desktop/robot_arm_sim/install/moveit_simple_controller_manager/share/moveit_simple_controller_manager/cmake/ConfigExtras.cmake
[43.064s] -- Installing: /home/stephenq0503/Desktop/robot_arm_sim/install/moveit_simple_controller_manager/share/moveit_simple_controller_manager/cmake/ament_cmake_export_targets-extras.cmake
[43.064s] -- Installing: /home/stephenq0503/Desktop/robot_arm_sim/install/moveit_simple_controller_manager/share/moveit_simple_controller_manager/cmake/ament_cmake_export_dependencies-extras.cmake
[43.064s] -- Installing: /home/stephenq0503/Desktop/robot_arm_sim/install/moveit_simple_controller_manager/share/moveit_simple_controller_manager/cmake/moveit_simple_controller_managerConfig.cmake
[43.064s] -- Installing: /home/stephenq0503/Desktop/robot_arm_sim/install/moveit_simple_controller_manager/share/moveit_simple_controller_manager/cmake/moveit_simple_controller_managerConfig-version.cmake
[43.064s] -- Installing: /home/stephenq0503/Desktop/robot_arm_sim/install/moveit_simple_controller_manager/share/moveit_simple_controller_manager/package.xml
[43.064s] Invoked command in '/home/stephenq0503/Desktop/robot_arm_sim/build/moveit_simple_controller_manager' returned '0': AMENT_PREFIX_PATH=/home/stephenq0503/Desktop/robot_arm_sim/install/moveit_core:/home/stephenq0503/Desktop/robot_arm_sim/install/srdfdom:/home/stephenq0503/Desktop/robot_arm_sim/install/moveit_common:${AMENT_PREFIX_PATH} CMAKE_PREFIX_PATH=/home/stephenq0503/Desktop/robot_arm_sim/install/moveit_core:/home/stephenq0503/Desktop/robot_arm_sim/install/srdfdom:/home/stephenq0503/Desktop/robot_arm_sim/install/moveit_common:/home/stephenq0503/Desktop/robot_arm_sim/install/six_dof_arm:/home/stephenq0503/Desktop/robot_arm_sim/install/gazebo_ros2_control:/opt/ros/humble LD_LIBRARY_PATH=/home/stephenq0503/Desktop/robot_arm_sim/install/moveit_core/lib:/home/stephenq0503/Desktop/robot_arm_sim/install/srdfdom/lib:${LD_LIBRARY_PATH} PATH=/home/stephenq0503/Desktop/robot_arm_sim/install/moveit_core/bin:${PATH} PYTHONPATH=/home/stephenq0503/Desktop/robot_arm_sim/install/srdfdom/local/lib/python3.10/dist-packages:${PYTHONPATH} /usr/bin/cmake --install /home/stephenq0503/Desktop/robot_arm_sim/build/moveit_simple_controller_manager
