[0.371s] Invoking command in '/home/stephenq0503/Desktop/robot_arm_sim/build/moveit_setup_app_plugins': AMENT_PREFIX_PATH=/home/stephenq0503/Desktop/robot_arm_sim/install/moveit_setup_framework:/home/stephenq0503/Desktop/robot_arm_sim/install/moveit_ros_visualization:/home/stephenq0503/Desktop/robot_arm_sim/install/moveit_ros_planning_interface:/home/stephenq0503/Desktop/robot_arm_sim/install/moveit_ros_move_group:/home/stephenq0503/Desktop/robot_arm_sim/install/moveit_ros_warehouse:/home/stephenq0503/Desktop/robot_arm_sim/install/moveit_ros_robot_interaction:/home/stephenq0503/Desktop/robot_arm_sim/install/moveit_kinematics:/home/stephenq0503/Desktop/robot_arm_sim/install/moveit_ros_planning:/home/stephenq0503/Desktop/robot_arm_sim/install/moveit_ros_occupancy_map_monitor:/home/stephenq0503/Desktop/robot_arm_sim/install/moveit_core:/home/stephenq0503/Desktop/robot_arm_sim/install/moveit_configs_utils:/home/stephenq0503/Desktop/robot_arm_sim/install/srdfdom:/home/stephenq0503/Desktop/robot_arm_sim/install/moveit_common:/home/stephenq0503/Desktop/robot_arm_sim/install/launch_param_builder:${AMENT_PREFIX_PATH} CMAKE_PREFIX_PATH=/home/stephenq0503/Desktop/robot_arm_sim/install/moveit_setup_framework:/home/stephenq0503/Desktop/robot_arm_sim/install/moveit_ros_visualization:/home/stephenq0503/Desktop/robot_arm_sim/install/moveit_ros_planning_interface:/home/stephenq0503/Desktop/robot_arm_sim/install/moveit_ros_move_group:/home/stephenq0503/Desktop/robot_arm_sim/install/moveit_ros_warehouse:/home/stephenq0503/Desktop/robot_arm_sim/install/moveit_ros_robot_interaction:/home/stephenq0503/Desktop/robot_arm_sim/install/moveit_kinematics:/home/stephenq0503/Desktop/robot_arm_sim/install/moveit_ros_planning:/home/stephenq0503/Desktop/robot_arm_sim/install/moveit_ros_occupancy_map_monitor:/home/stephenq0503/Desktop/robot_arm_sim/install/moveit_core:/home/stephenq0503/Desktop/robot_arm_sim/install/srdfdom:/home/stephenq0503/Desktop/robot_arm_sim/install/moveit_common:/home/stephenq0503/Desktop/robot_arm_sim/install/six_dof_arm:/home/stephenq0503/Desktop/robot_arm_sim/install/gazebo_ros2_control:/opt/ros/humble LD_LIBRARY_PATH=/home/stephenq0503/Desktop/robot_arm_sim/install/moveit_setup_framework/lib:/home/stephenq0503/Desktop/robot_arm_sim/install/moveit_ros_visualization/lib:/home/stephenq0503/Desktop/robot_arm_sim/install/moveit_ros_planning_interface/lib:/home/stephenq0503/Desktop/robot_arm_sim/install/moveit_ros_move_group/lib:/home/stephenq0503/Desktop/robot_arm_sim/install/moveit_ros_warehouse/lib:/home/stephenq0503/Desktop/robot_arm_sim/install/moveit_ros_robot_interaction/lib:/home/stephenq0503/Desktop/robot_arm_sim/install/moveit_kinematics/lib:/home/stephenq0503/Desktop/robot_arm_sim/install/moveit_ros_planning/lib:/home/stephenq0503/Desktop/robot_arm_sim/install/moveit_ros_occupancy_map_monitor/lib:/home/stephenq0503/Desktop/robot_arm_sim/install/moveit_core/lib:/home/stephenq0503/Desktop/robot_arm_sim/install/srdfdom/lib:${LD_LIBRARY_PATH} PATH=/home/stephenq0503/Desktop/robot_arm_sim/install/moveit_core/bin:${PATH} PYTHONPATH=/home/stephenq0503/Desktop/robot_arm_sim/install/moveit_configs_utils/lib/python3.10/site-packages:/home/stephenq0503/Desktop/robot_arm_sim/install/srdfdom/local/lib/python3.10/dist-packages:/home/stephenq0503/Desktop/robot_arm_sim/install/launch_param_builder/lib/python3.10/site-packages:${PYTHONPATH} /usr/bin/cmake /home/stephenq0503/Desktop/robot_arm_sim/src/moveit2/moveit_setup_assistant/moveit_setup_app_plugins -DCMAKE_INSTALL_PREFIX=/home/stephenq0503/Desktop/robot_arm_sim/install/moveit_setup_app_plugins
[0.483s] -- The C compiler identification is GNU 11.4.0
[0.596s] -- The CXX compiler identification is GNU 11.4.0
[0.611s] -- Detecting C compiler ABI info
[0.760s] -- Detecting C compiler ABI info - done
[0.778s] -- Check for working C compiler: /usr/bin/cc - skipped
[0.779s] -- Detecting C compile features
[0.780s] -- Detecting C compile features - done
[0.786s] -- Detecting CXX compiler ABI info
[0.964s] -- Detecting CXX compiler ABI info - done
[0.987s] -- Check for working CXX compiler: /usr/bin/c++ - skipped
[0.987s] -- Detecting CXX compile features
[0.988s] -- Detecting CXX compile features - done
[0.993s] -- Found moveit_common: 2.5.5 (/home/stephenq0503/Desktop/robot_arm_sim/install/moveit_common/share/moveit_common/cmake)
[1.000s] -- Found ament_cmake: 1.3.7 (/opt/ros/humble/share/ament_cmake/cmake)
[1.384s] -- Found Python3: /usr/bin/python3.10 (found version "3.10.12") found components: Interpreter 
[1.691s] -- Found libdw: /usr/lib/x86_64-linux-gnu/libdw.so  
[1.709s] -- Could NOT find libbfd (missing: LIBBFD_LIBRARY LIBBFD_INCLUDE_DIR) 
[1.710s] -- BACKWARD_HAS_UNWIND=1
[1.710s] -- BACKWARD_HAS_BACKTRACE=0
[1.710s] -- BACKWARD_HAS_BACKTRACE_SYMBOL=0
[1.711s] -- BACKWARD_HAS_DW=1
[1.711s] -- BACKWARD_HAS_BFD=0
[1.711s] -- Found Backward: /opt/ros/humble/share/backward_ros/cmake  
[1.711s] [0mmoveit_setup_app_plugins: You did not request a specific build type: Choosing 'Release' for maximum performance[0m
[1.715s] -- Found ament_cmake_ros: 0.10.0 (/opt/ros/humble/share/ament_cmake_ros/cmake)
[1.739s] -- Found ament_index_cpp: 1.4.0 (/opt/ros/humble/share/ament_index_cpp/cmake)
[1.741s] -- Found moveit_ros_visualization: 2.5.5 (/home/stephenq0503/Desktop/robot_arm_sim/install/moveit_ros_visualization/share/moveit_ros_visualization/cmake)
[2.272s] -- Found Boost: /usr/lib/x86_64-linux-gnu/cmake/Boost-1.74.0/BoostConfig.cmake (found version "1.74.0") found components: thread date_time system filesystem 
[2.354s] -- Found Boost: /usr/lib/x86_64-linux-gnu/cmake/Boost-1.74.0/BoostConfig.cmake (found version "1.74.0") found components: filesystem 
[2.519s] -- Found rosidl_generator_c: 3.1.5 (/opt/ros/humble/share/rosidl_generator_c/cmake)
[2.541s] -- Found rosidl_adapter: 3.1.5 (/opt/ros/humble/share/rosidl_adapter/cmake)
[2.570s] -- Found rosidl_generator_cpp: 3.1.5 (/opt/ros/humble/share/rosidl_generator_cpp/cmake)
[2.616s] -- Using all available rosidl_typesupport_c: rosidl_typesupport_fastrtps_c;rosidl_typesupport_introspection_c
[2.672s] -- Using all available rosidl_typesupport_cpp: rosidl_typesupport_fastrtps_cpp;rosidl_typesupport_introspection_cpp
[3.291s] -- Found rmw_implementation_cmake: 6.1.1 (/opt/ros/humble/share/rmw_implementation_cmake/cmake)
[3.302s] -- Found rmw_fastrtps_cpp: 6.2.6 (/opt/ros/humble/share/rmw_fastrtps_cpp/cmake)
[3.599s] -- Found OpenSSL: /usr/lib/x86_64-linux-gnu/libcrypto.so (found version "3.0.2")  
[3.665s] -- Found FastRTPS: /opt/ros/humble/include  
[3.800s] -- Using RMW implementation 'rmw_fastrtps_cpp' as default
[3.830s] -- Found Threads: TRUE  
[4.466s] -- library: /usr/lib/x86_64-linux-gnu/libcurl.so
[5.130s] -- Found Boost: /usr/lib/x86_64-linux-gnu/cmake/Boost-1.74.0/BoostConfig.cmake (found version "1.74.0") found components: system filesystem date_time program_options thread chrono 
[5.878s] -- Found Boost: /usr/lib/x86_64-linux-gnu/cmake/Boost-1.74.0/BoostConfig.cmake (found version "1.74.0") found components: chrono date_time filesystem iostreams program_options regex serialization system thread 
[5.943s] -- Found parameter_traits: 0.3.7 (/opt/ros/humble/share/parameter_traits/cmake)
[5.976s] -- Found Eigen3: TRUE (found version "3.4.0") 
[5.983s] -- Found rclcpp_lifecycle: 16.0.8 (/opt/ros/humble/share/rclcpp_lifecycle/cmake)
[6.153s] -- Ensuring Eigen3 include directory is part of orocos-kdl CMake target
[9.976s] -- Found Boost: /usr/lib/x86_64-linux-gnu/cmake/Boost-1.74.0/BoostConfig.cmake (found version "1.74.0") found components: date_time filesystem program_options system thread 
[10.737s] -- Found Boost: /usr/lib/x86_64-linux-gnu/cmake/Boost-1.74.0/BoostConfig.cmake (found version "1.74.0") found components: thread system filesystem regex date_time program_options 
[11.765s] -- Found Boost: /usr/lib/x86_64-linux-gnu/cmake/Boost-1.74.0/BoostConfig.cmake (found version "1.74.0") found components: system filesystem date_time program_options thread 
[16.301s] -- Setting OGRE_DIR to: '/opt/ros/humble/share/rviz_ogre_vendor/cmake/../../../opt/rviz_ogre_vendor/lib/OGRE/cmake'
[16.306s] -- Found OGRE
[16.307s] --   static     : OFF
[16.309s] --   components : HLMS;MeshLodGenerator;Overlay;Paging;Property;RTShaderSystem;Terrain;Volume
[16.310s] --   plugins    : Plugin_BSPSceneManager;Plugin_OctreeSceneManager;Plugin_PCZSceneManager;Plugin_ParticleFX;RenderSystem_GL;RenderSystem_GL3Plus;Codec_STBI
[16.311s] --   media      : /opt/ros/humble/opt/rviz_ogre_vendor/share/OGRE/Media
[16.313s] -- OGRE_LIBRARIES: OgreHLMS;OgreMeshLodGenerator;OgreOverlay;OgrePaging;OgreProperty;OgreRTShaderSystem;OgreTerrain;OgreVolume;OgreMain
[16.314s] -- OGRE_LIBRARY_DIRS: /opt/ros/humble/opt/rviz_ogre_vendor/lib
[16.314s] -- OGRE_PLUGINS: Plugin_BSPSceneManager;Plugin_OctreeSceneManager;Plugin_PCZSceneManager;Plugin_ParticleFX;RenderSystem_GL;RenderSystem_GL3Plus;Codec_STBI
[16.316s] -- OGRE_PLUGIN_DIR: /opt/ros/humble/opt/rviz_ogre_vendor/lib/OGRE
[16.317s] -- rviz_ogre_vendor::OgreOverlay for IMPORTED_LOCATION_RELEASE: /opt/ros/humble/opt/rviz_ogre_vendor/lib/libOgreOverlay.so
[16.317s] -- rviz_ogre_vendor::OgreOverlay for IMPORTED_LOCATION_DEBUG: /opt/ros/humble/opt/rviz_ogre_vendor/lib/libOgreOverlay.so
[16.320s] -- rviz_ogre_vendor::OgreMain for IMPORTED_LOCATION_RELEASE: /opt/ros/humble/opt/rviz_ogre_vendor/lib/libOgreMain.so
[16.320s] -- rviz_ogre_vendor::OgreMain for IMPORTED_LOCATION_DEBUG: /opt/ros/humble/opt/rviz_ogre_vendor/lib/libOgreMain.so
[16.373s] -- Found ZLIB: /usr/lib/x86_64-linux-gnu/libz.so (found version "1.2.11") 
[16.387s] -- Found OpenGL: /usr/lib/x86_64-linux-gnu/libOpenGL.so   
[17.101s] -- Found X11: /usr/include   
[17.103s] -- Looking for XOpenDisplay in /usr/lib/x86_64-linux-gnu/libX11.so;/usr/lib/x86_64-linux-gnu/libXext.so
[17.697s] -- Looking for XOpenDisplay in /usr/lib/x86_64-linux-gnu/libX11.so;/usr/lib/x86_64-linux-gnu/libXext.so - found
[17.697s] -- Looking for gethostbyname
[18.364s] -- Looking for gethostbyname - found
[18.365s] -- Looking for connect
[18.985s] -- Looking for connect - found
[18.987s] -- Looking for remove
[19.466s] -- Looking for remove - found
[19.466s] -- Looking for shmat
[20.028s] -- Looking for shmat - found
[20.028s] -- Looking for IceConnectionNumber in ICE
[20.514s] -- Looking for IceConnectionNumber in ICE - found
[20.519s] -- rviz_ogre_vendor::RenderSystem_GL for IMPORTED_LOCATION_RELEASE: _render_system_gl_static_library_abs-NOTFOUND
[20.520s] -- rviz_ogre_vendor::RenderSystem_GL for IMPORTED_LOCATION_DEBUG: _render_system_gl_static_library_abs-NOTFOUND
[22.605s] -- Found moveit_setup_framework: 2.5.5 (/home/stephenq0503/Desktop/robot_arm_sim/install/moveit_setup_framework/share/moveit_setup_framework/cmake)
[23.440s] -- Found ament_lint_auto: 0.12.10 (/opt/ros/humble/share/ament_lint_auto/cmake)
[23.539s] -- Found gtest sources under '/opt/ros/humble/src/gtest_vendor': C++ tests using 'Google Test' will be built
[23.638s] -- Added test 'lint_cmake' to check CMake code style
[23.640s] -- Added test 'xmllint' to check XML markup files
[23.646s] -- Configuring done
[24.118s] -- Generating done
[24.126s] -- Build files have been written to: /home/stephenq0503/Desktop/robot_arm_sim/build/moveit_setup_app_plugins
[24.178s] Invoked command in '/home/stephenq0503/Desktop/robot_arm_sim/build/moveit_setup_app_plugins' returned '0': AMENT_PREFIX_PATH=/home/stephenq0503/Desktop/robot_arm_sim/install/moveit_setup_framework:/home/stephenq0503/Desktop/robot_arm_sim/install/moveit_ros_visualization:/home/stephenq0503/Desktop/robot_arm_sim/install/moveit_ros_planning_interface:/home/stephenq0503/Desktop/robot_arm_sim/install/moveit_ros_move_group:/home/stephenq0503/Desktop/robot_arm_sim/install/moveit_ros_warehouse:/home/stephenq0503/Desktop/robot_arm_sim/install/moveit_ros_robot_interaction:/home/stephenq0503/Desktop/robot_arm_sim/install/moveit_kinematics:/home/stephenq0503/Desktop/robot_arm_sim/install/moveit_ros_planning:/home/stephenq0503/Desktop/robot_arm_sim/install/moveit_ros_occupancy_map_monitor:/home/stephenq0503/Desktop/robot_arm_sim/install/moveit_core:/home/stephenq0503/Desktop/robot_arm_sim/install/moveit_configs_utils:/home/stephenq0503/Desktop/robot_arm_sim/install/srdfdom:/home/stephenq0503/Desktop/robot_arm_sim/install/moveit_common:/home/stephenq0503/Desktop/robot_arm_sim/install/launch_param_builder:${AMENT_PREFIX_PATH} CMAKE_PREFIX_PATH=/home/stephenq0503/Desktop/robot_arm_sim/install/moveit_setup_framework:/home/stephenq0503/Desktop/robot_arm_sim/install/moveit_ros_visualization:/home/stephenq0503/Desktop/robot_arm_sim/install/moveit_ros_planning_interface:/home/stephenq0503/Desktop/robot_arm_sim/install/moveit_ros_move_group:/home/stephenq0503/Desktop/robot_arm_sim/install/moveit_ros_warehouse:/home/stephenq0503/Desktop/robot_arm_sim/install/moveit_ros_robot_interaction:/home/stephenq0503/Desktop/robot_arm_sim/install/moveit_kinematics:/home/stephenq0503/Desktop/robot_arm_sim/install/moveit_ros_planning:/home/stephenq0503/Desktop/robot_arm_sim/install/moveit_ros_occupancy_map_monitor:/home/stephenq0503/Desktop/robot_arm_sim/install/moveit_core:/home/stephenq0503/Desktop/robot_arm_sim/install/srdfdom:/home/stephenq0503/Desktop/robot_arm_sim/install/moveit_common:/home/stephenq0503/Desktop/robot_arm_sim/install/six_dof_arm:/home/stephenq0503/Desktop/robot_arm_sim/install/gazebo_ros2_control:/opt/ros/humble LD_LIBRARY_PATH=/home/stephenq0503/Desktop/robot_arm_sim/install/moveit_setup_framework/lib:/home/stephenq0503/Desktop/robot_arm_sim/install/moveit_ros_visualization/lib:/home/stephenq0503/Desktop/robot_arm_sim/install/moveit_ros_planning_interface/lib:/home/stephenq0503/Desktop/robot_arm_sim/install/moveit_ros_move_group/lib:/home/stephenq0503/Desktop/robot_arm_sim/install/moveit_ros_warehouse/lib:/home/stephenq0503/Desktop/robot_arm_sim/install/moveit_ros_robot_interaction/lib:/home/stephenq0503/Desktop/robot_arm_sim/install/moveit_kinematics/lib:/home/stephenq0503/Desktop/robot_arm_sim/install/moveit_ros_planning/lib:/home/stephenq0503/Desktop/robot_arm_sim/install/moveit_ros_occupancy_map_monitor/lib:/home/stephenq0503/Desktop/robot_arm_sim/install/moveit_core/lib:/home/stephenq0503/Desktop/robot_arm_sim/install/srdfdom/lib:${LD_LIBRARY_PATH} PATH=/home/stephenq0503/Desktop/robot_arm_sim/install/moveit_core/bin:${PATH} PYTHONPATH=/home/stephenq0503/Desktop/robot_arm_sim/install/moveit_configs_utils/lib/python3.10/site-packages:/home/stephenq0503/Desktop/robot_arm_sim/install/srdfdom/local/lib/python3.10/dist-packages:/home/stephenq0503/Desktop/robot_arm_sim/install/launch_param_builder/lib/python3.10/site-packages:${PYTHONPATH} /usr/bin/cmake /home/stephenq0503/Desktop/robot_arm_sim/src/moveit2/moveit_setup_assistant/moveit_setup_app_plugins -DCMAKE_INSTALL_PREFIX=/home/stephenq0503/Desktop/robot_arm_sim/install/moveit_setup_app_plugins
[24.179s] Invoking command in '/home/stephenq0503/Desktop/robot_arm_sim/build/moveit_setup_app_plugins': AMENT_PREFIX_PATH=/home/stephenq0503/Desktop/robot_arm_sim/install/moveit_setup_framework:/home/stephenq0503/Desktop/robot_arm_sim/install/moveit_ros_visualization:/home/stephenq0503/Desktop/robot_arm_sim/install/moveit_ros_planning_interface:/home/stephenq0503/Desktop/robot_arm_sim/install/moveit_ros_move_group:/home/stephenq0503/Desktop/robot_arm_sim/install/moveit_ros_warehouse:/home/stephenq0503/Desktop/robot_arm_sim/install/moveit_ros_robot_interaction:/home/stephenq0503/Desktop/robot_arm_sim/install/moveit_kinematics:/home/stephenq0503/Desktop/robot_arm_sim/install/moveit_ros_planning:/home/stephenq0503/Desktop/robot_arm_sim/install/moveit_ros_occupancy_map_monitor:/home/stephenq0503/Desktop/robot_arm_sim/install/moveit_core:/home/stephenq0503/Desktop/robot_arm_sim/install/moveit_configs_utils:/home/stephenq0503/Desktop/robot_arm_sim/install/srdfdom:/home/stephenq0503/Desktop/robot_arm_sim/install/moveit_common:/home/stephenq0503/Desktop/robot_arm_sim/install/launch_param_builder:${AMENT_PREFIX_PATH} CMAKE_PREFIX_PATH=/home/stephenq0503/Desktop/robot_arm_sim/install/moveit_setup_framework:/home/stephenq0503/Desktop/robot_arm_sim/install/moveit_ros_visualization:/home/stephenq0503/Desktop/robot_arm_sim/install/moveit_ros_planning_interface:/home/stephenq0503/Desktop/robot_arm_sim/install/moveit_ros_move_group:/home/stephenq0503/Desktop/robot_arm_sim/install/moveit_ros_warehouse:/home/stephenq0503/Desktop/robot_arm_sim/install/moveit_ros_robot_interaction:/home/stephenq0503/Desktop/robot_arm_sim/install/moveit_kinematics:/home/stephenq0503/Desktop/robot_arm_sim/install/moveit_ros_planning:/home/stephenq0503/Desktop/robot_arm_sim/install/moveit_ros_occupancy_map_monitor:/home/stephenq0503/Desktop/robot_arm_sim/install/moveit_core:/home/stephenq0503/Desktop/robot_arm_sim/install/srdfdom:/home/stephenq0503/Desktop/robot_arm_sim/install/moveit_common:/home/stephenq0503/Desktop/robot_arm_sim/install/six_dof_arm:/home/stephenq0503/Desktop/robot_arm_sim/install/gazebo_ros2_control:/opt/ros/humble LD_LIBRARY_PATH=/home/stephenq0503/Desktop/robot_arm_sim/install/moveit_setup_framework/lib:/home/stephenq0503/Desktop/robot_arm_sim/install/moveit_ros_visualization/lib:/home/stephenq0503/Desktop/robot_arm_sim/install/moveit_ros_planning_interface/lib:/home/stephenq0503/Desktop/robot_arm_sim/install/moveit_ros_move_group/lib:/home/stephenq0503/Desktop/robot_arm_sim/install/moveit_ros_warehouse/lib:/home/stephenq0503/Desktop/robot_arm_sim/install/moveit_ros_robot_interaction/lib:/home/stephenq0503/Desktop/robot_arm_sim/install/moveit_kinematics/lib:/home/stephenq0503/Desktop/robot_arm_sim/install/moveit_ros_planning/lib:/home/stephenq0503/Desktop/robot_arm_sim/install/moveit_ros_occupancy_map_monitor/lib:/home/stephenq0503/Desktop/robot_arm_sim/install/moveit_core/lib:/home/stephenq0503/Desktop/robot_arm_sim/install/srdfdom/lib:${LD_LIBRARY_PATH} PATH=/home/stephenq0503/Desktop/robot_arm_sim/install/moveit_core/bin:${PATH} PYTHONPATH=/home/stephenq0503/Desktop/robot_arm_sim/install/moveit_configs_utils/lib/python3.10/site-packages:/home/stephenq0503/Desktop/robot_arm_sim/install/srdfdom/local/lib/python3.10/dist-packages:/home/stephenq0503/Desktop/robot_arm_sim/install/launch_param_builder/lib/python3.10/site-packages:${PYTHONPATH} /usr/bin/cmake --build /home/stephenq0503/Desktop/robot_arm_sim/build/moveit_setup_app_plugins -- -j8 -l8
[24.517s] [  4%] [34m[1mAutomatic MOC for target moveit_setup_app_plugins[0m
[24.679s] [  4%] Built target moveit_setup_app_plugins_autogen
[24.724s] [  8%] [34m[1mAutomatic MOC for target gtest[0m
[24.816s] [  8%] Built target gtest_autogen
[24.845s] [ 12%] [34m[1mGenerating include/moveit_setup_app_plugins/moc_perception_widget.cpp[0m
[24.942s] [ 16%] [34m[1mGenerating include/moveit_setup_app_plugins/moc_launches_widget.cpp[0m
[25.143s] [ 20%] [32mBuilding CXX object CMakeFiles/moveit_setup_app_plugins.dir/moveit_setup_app_plugins_autogen/mocs_compilation.cpp.o[0m
[25.340s] [ 24%] [32mBuilding CXX object CMakeFiles/moveit_setup_app_plugins.dir/src/perception.cpp.o[0m
[35.048s] [ 28%] [32mBuilding CXX object CMakeFiles/moveit_setup_app_plugins.dir/src/perception_widget.cpp.o[0m
[54.756s] [ 32%] [32mBuilding CXX object CMakeFiles/moveit_setup_app_plugins.dir/include/moveit_setup_app_plugins/moc_launches_widget.cpp.o[0m
[92.735s] [ 36%] [32mBuilding CXX object CMakeFiles/moveit_setup_app_plugins.dir/include/moveit_setup_app_plugins/moc_perception_widget.cpp.o[0m
[120.113s] [ 40%] [32mBuilding CXX object CMakeFiles/moveit_setup_app_plugins.dir/src/perception_config.cpp.o[0m
[127.704s] [ 44%] [32mBuilding CXX object CMakeFiles/moveit_setup_app_plugins.dir/src/launches_config.cpp.o[0m
[134.576s] [ 48%] [32mBuilding CXX object CMakeFiles/moveit_setup_app_plugins.dir/src/launches_widget.cpp.o[0m
[153.633s] [ 52%] [32mBuilding CXX object CMakeFiles/moveit_setup_app_plugins.dir/src/launches.cpp.o[0m
[159.915s] [ 56%] [32m[1mLinking CXX shared library libmoveit_setup_app_plugins.so[0m
[161.602s] [ 56%] Built target moveit_setup_app_plugins
[161.655s] [ 60%] [32mBuilding CXX object gtest/CMakeFiles/gtest.dir/gtest_autogen/mocs_compilation.cpp.o[0m
[161.706s] [ 64%] [32mBuilding CXX object gtest/CMakeFiles/gtest.dir/src/gtest-all.cc.o[0m
[177.239s] [ 68%] [32m[1mLinking CXX static library libgtest.a[0m
[177.336s] [ 68%] Built target gtest
[177.382s] [ 72%] [34m[1mAutomatic MOC for target gtest_main[0m
[177.447s] [ 72%] Built target gtest_main_autogen
[177.494s] [ 76%] [32mBuilding CXX object gtest/CMakeFiles/gtest_main.dir/gtest_main_autogen/mocs_compilation.cpp.o[0m
[177.541s] [ 80%] [32mBuilding CXX object gtest/CMakeFiles/gtest_main.dir/src/gtest_main.cc.o[0m
[179.635s] [ 84%] [32m[1mLinking CXX static library libgtest_main.a[0m
[179.709s] [ 84%] Built target gtest_main
[179.750s] [ 88%] [34m[1mAutomatic MOC for target test_perception[0m
[179.809s] [ 88%] Built target test_perception_autogen
[179.849s] [ 92%] [32mBuilding CXX object CMakeFiles/test_perception.dir/test_perception_autogen/mocs_compilation.cpp.o[0m
[179.886s] [ 96%] [32mBuilding CXX object CMakeFiles/test_perception.dir/test/test_perception.cpp.o[0m
[194.747s] [100%] [32m[1mLinking CXX executable test_perception[0m
[196.079s] [100%] Built target test_perception
[196.146s] Invoked command in '/home/stephenq0503/Desktop/robot_arm_sim/build/moveit_setup_app_plugins' returned '0': AMENT_PREFIX_PATH=/home/stephenq0503/Desktop/robot_arm_sim/install/moveit_setup_framework:/home/stephenq0503/Desktop/robot_arm_sim/install/moveit_ros_visualization:/home/stephenq0503/Desktop/robot_arm_sim/install/moveit_ros_planning_interface:/home/stephenq0503/Desktop/robot_arm_sim/install/moveit_ros_move_group:/home/stephenq0503/Desktop/robot_arm_sim/install/moveit_ros_warehouse:/home/stephenq0503/Desktop/robot_arm_sim/install/moveit_ros_robot_interaction:/home/stephenq0503/Desktop/robot_arm_sim/install/moveit_kinematics:/home/stephenq0503/Desktop/robot_arm_sim/install/moveit_ros_planning:/home/stephenq0503/Desktop/robot_arm_sim/install/moveit_ros_occupancy_map_monitor:/home/stephenq0503/Desktop/robot_arm_sim/install/moveit_core:/home/stephenq0503/Desktop/robot_arm_sim/install/moveit_configs_utils:/home/stephenq0503/Desktop/robot_arm_sim/install/srdfdom:/home/stephenq0503/Desktop/robot_arm_sim/install/moveit_common:/home/stephenq0503/Desktop/robot_arm_sim/install/launch_param_builder:${AMENT_PREFIX_PATH} CMAKE_PREFIX_PATH=/home/stephenq0503/Desktop/robot_arm_sim/install/moveit_setup_framework:/home/stephenq0503/Desktop/robot_arm_sim/install/moveit_ros_visualization:/home/stephenq0503/Desktop/robot_arm_sim/install/moveit_ros_planning_interface:/home/stephenq0503/Desktop/robot_arm_sim/install/moveit_ros_move_group:/home/stephenq0503/Desktop/robot_arm_sim/install/moveit_ros_warehouse:/home/stephenq0503/Desktop/robot_arm_sim/install/moveit_ros_robot_interaction:/home/stephenq0503/Desktop/robot_arm_sim/install/moveit_kinematics:/home/stephenq0503/Desktop/robot_arm_sim/install/moveit_ros_planning:/home/stephenq0503/Desktop/robot_arm_sim/install/moveit_ros_occupancy_map_monitor:/home/stephenq0503/Desktop/robot_arm_sim/install/moveit_core:/home/stephenq0503/Desktop/robot_arm_sim/install/srdfdom:/home/stephenq0503/Desktop/robot_arm_sim/install/moveit_common:/home/stephenq0503/Desktop/robot_arm_sim/install/six_dof_arm:/home/stephenq0503/Desktop/robot_arm_sim/install/gazebo_ros2_control:/opt/ros/humble LD_LIBRARY_PATH=/home/stephenq0503/Desktop/robot_arm_sim/install/moveit_setup_framework/lib:/home/stephenq0503/Desktop/robot_arm_sim/install/moveit_ros_visualization/lib:/home/stephenq0503/Desktop/robot_arm_sim/install/moveit_ros_planning_interface/lib:/home/stephenq0503/Desktop/robot_arm_sim/install/moveit_ros_move_group/lib:/home/stephenq0503/Desktop/robot_arm_sim/install/moveit_ros_warehouse/lib:/home/stephenq0503/Desktop/robot_arm_sim/install/moveit_ros_robot_interaction/lib:/home/stephenq0503/Desktop/robot_arm_sim/install/moveit_kinematics/lib:/home/stephenq0503/Desktop/robot_arm_sim/install/moveit_ros_planning/lib:/home/stephenq0503/Desktop/robot_arm_sim/install/moveit_ros_occupancy_map_monitor/lib:/home/stephenq0503/Desktop/robot_arm_sim/install/moveit_core/lib:/home/stephenq0503/Desktop/robot_arm_sim/install/srdfdom/lib:${LD_LIBRARY_PATH} PATH=/home/stephenq0503/Desktop/robot_arm_sim/install/moveit_core/bin:${PATH} PYTHONPATH=/home/stephenq0503/Desktop/robot_arm_sim/install/moveit_configs_utils/lib/python3.10/site-packages:/home/stephenq0503/Desktop/robot_arm_sim/install/srdfdom/local/lib/python3.10/dist-packages:/home/stephenq0503/Desktop/robot_arm_sim/install/launch_param_builder/lib/python3.10/site-packages:${PYTHONPATH} /usr/bin/cmake --build /home/stephenq0503/Desktop/robot_arm_sim/build/moveit_setup_app_plugins -- -j8 -l8
[196.260s] Invoking command in '/home/stephenq0503/Desktop/robot_arm_sim/build/moveit_setup_app_plugins': AMENT_PREFIX_PATH=/home/stephenq0503/Desktop/robot_arm_sim/install/moveit_setup_framework:/home/stephenq0503/Desktop/robot_arm_sim/install/moveit_ros_visualization:/home/stephenq0503/Desktop/robot_arm_sim/install/moveit_ros_planning_interface:/home/stephenq0503/Desktop/robot_arm_sim/install/moveit_ros_move_group:/home/stephenq0503/Desktop/robot_arm_sim/install/moveit_ros_warehouse:/home/stephenq0503/Desktop/robot_arm_sim/install/moveit_ros_robot_interaction:/home/stephenq0503/Desktop/robot_arm_sim/install/moveit_kinematics:/home/stephenq0503/Desktop/robot_arm_sim/install/moveit_ros_planning:/home/stephenq0503/Desktop/robot_arm_sim/install/moveit_ros_occupancy_map_monitor:/home/stephenq0503/Desktop/robot_arm_sim/install/moveit_core:/home/stephenq0503/Desktop/robot_arm_sim/install/moveit_configs_utils:/home/stephenq0503/Desktop/robot_arm_sim/install/srdfdom:/home/stephenq0503/Desktop/robot_arm_sim/install/moveit_common:/home/stephenq0503/Desktop/robot_arm_sim/install/launch_param_builder:${AMENT_PREFIX_PATH} CMAKE_PREFIX_PATH=/home/stephenq0503/Desktop/robot_arm_sim/install/moveit_setup_framework:/home/stephenq0503/Desktop/robot_arm_sim/install/moveit_ros_visualization:/home/stephenq0503/Desktop/robot_arm_sim/install/moveit_ros_planning_interface:/home/stephenq0503/Desktop/robot_arm_sim/install/moveit_ros_move_group:/home/stephenq0503/Desktop/robot_arm_sim/install/moveit_ros_warehouse:/home/stephenq0503/Desktop/robot_arm_sim/install/moveit_ros_robot_interaction:/home/stephenq0503/Desktop/robot_arm_sim/install/moveit_kinematics:/home/stephenq0503/Desktop/robot_arm_sim/install/moveit_ros_planning:/home/stephenq0503/Desktop/robot_arm_sim/install/moveit_ros_occupancy_map_monitor:/home/stephenq0503/Desktop/robot_arm_sim/install/moveit_core:/home/stephenq0503/Desktop/robot_arm_sim/install/srdfdom:/home/stephenq0503/Desktop/robot_arm_sim/install/moveit_common:/home/stephenq0503/Desktop/robot_arm_sim/install/six_dof_arm:/home/stephenq0503/Desktop/robot_arm_sim/install/gazebo_ros2_control:/opt/ros/humble LD_LIBRARY_PATH=/home/stephenq0503/Desktop/robot_arm_sim/install/moveit_setup_framework/lib:/home/stephenq0503/Desktop/robot_arm_sim/install/moveit_ros_visualization/lib:/home/stephenq0503/Desktop/robot_arm_sim/install/moveit_ros_planning_interface/lib:/home/stephenq0503/Desktop/robot_arm_sim/install/moveit_ros_move_group/lib:/home/stephenq0503/Desktop/robot_arm_sim/install/moveit_ros_warehouse/lib:/home/stephenq0503/Desktop/robot_arm_sim/install/moveit_ros_robot_interaction/lib:/home/stephenq0503/Desktop/robot_arm_sim/install/moveit_kinematics/lib:/home/stephenq0503/Desktop/robot_arm_sim/install/moveit_ros_planning/lib:/home/stephenq0503/Desktop/robot_arm_sim/install/moveit_ros_occupancy_map_monitor/lib:/home/stephenq0503/Desktop/robot_arm_sim/install/moveit_core/lib:/home/stephenq0503/Desktop/robot_arm_sim/install/srdfdom/lib:${LD_LIBRARY_PATH} PATH=/home/stephenq0503/Desktop/robot_arm_sim/install/moveit_core/bin:${PATH} PYTHONPATH=/home/stephenq0503/Desktop/robot_arm_sim/install/moveit_configs_utils/lib/python3.10/site-packages:/home/stephenq0503/Desktop/robot_arm_sim/install/srdfdom/local/lib/python3.10/dist-packages:/home/stephenq0503/Desktop/robot_arm_sim/install/launch_param_builder/lib/python3.10/site-packages:${PYTHONPATH} /usr/bin/cmake --install /home/stephenq0503/Desktop/robot_arm_sim/build/moveit_setup_app_plugins
[196.277s] -- Install configuration: "Release"
[196.277s] -- Installing: /home/stephenq0503/Desktop/robot_arm_sim/install/moveit_setup_app_plugins/share/moveit_setup_app_plugins/templates
[196.278s] -- Installing: /home/stephenq0503/Desktop/robot_arm_sim/install/moveit_setup_app_plugins/share/moveit_setup_app_plugins/templates/config
[196.278s] -- Installing: /home/stephenq0503/Desktop/robot_arm_sim/install/moveit_setup_app_plugins/share/moveit_setup_app_plugins/templates/config/sensors_3d.yaml
[196.337s] -- Installing: /home/stephenq0503/Desktop/robot_arm_sim/install/moveit_setup_app_plugins/share/moveit_setup_app_plugins/templates/config/moveit.rviz
[196.338s] -- Installing: /home/stephenq0503/Desktop/robot_arm_sim/install/moveit_setup_app_plugins/share/moveit_setup_app_plugins/templates/launch
[196.338s] -- Installing: /home/stephenq0503/Desktop/robot_arm_sim/install/moveit_setup_app_plugins/share/moveit_setup_app_plugins/templates/launch/generic.launch.py.template
[196.338s] -- Installing: /home/stephenq0503/Desktop/robot_arm_sim/install/moveit_setup_app_plugins/lib/libmoveit_setup_app_plugins.so
[196.340s] -- Set runtime path of "/home/stephenq0503/Desktop/robot_arm_sim/install/moveit_setup_app_plugins/lib/libmoveit_setup_app_plugins.so" to ""
[196.340s] -- Installing: /home/stephenq0503/Desktop/robot_arm_sim/install/moveit_setup_app_plugins/share/moveit_setup_app_plugins/moveit_setup_framework_plugins.xml
[196.341s] -- Installing: /home/stephenq0503/Desktop/robot_arm_sim/install/moveit_setup_app_plugins/include
[196.341s] -- Installing: /home/stephenq0503/Desktop/robot_arm_sim/install/moveit_setup_app_plugins/include/moveit_setup_app_plugins
[196.341s] -- Installing: /home/stephenq0503/Desktop/robot_arm_sim/install/moveit_setup_app_plugins/include/moveit_setup_app_plugins/launches.hpp
[196.341s] -- Installing: /home/stephenq0503/Desktop/robot_arm_sim/install/moveit_setup_app_plugins/include/moveit_setup_app_plugins/perception_config.hpp
[196.341s] -- Installing: /home/stephenq0503/Desktop/robot_arm_sim/install/moveit_setup_app_plugins/include/moveit_setup_app_plugins/perception_widget.hpp
[196.342s] -- Installing: /home/stephenq0503/Desktop/robot_arm_sim/install/moveit_setup_app_plugins/include/moveit_setup_app_plugins/perception.hpp
[196.342s] -- Installing: /home/stephenq0503/Desktop/robot_arm_sim/install/moveit_setup_app_plugins/include/moveit_setup_app_plugins/launches_config.hpp
[196.342s] -- Installing: /home/stephenq0503/Desktop/robot_arm_sim/install/moveit_setup_app_plugins/include/moveit_setup_app_plugins/launch_bundle.hpp
[196.342s] -- Installing: /home/stephenq0503/Desktop/robot_arm_sim/install/moveit_setup_app_plugins/include/moveit_setup_app_plugins/launches_widget.hpp
[196.343s] -- Installing: /home/stephenq0503/Desktop/robot_arm_sim/install/moveit_setup_app_plugins/share/moveit_setup_app_plugins/environment/library_path.sh
[196.343s] -- Installing: /home/stephenq0503/Desktop/robot_arm_sim/install/moveit_setup_app_plugins/share/moveit_setup_app_plugins/environment/library_path.dsv
[196.343s] -- Up-to-date: /home/stephenq0503/Desktop/robot_arm_sim/install/moveit_setup_app_plugins/share/moveit_setup_app_plugins/moveit_setup_framework_plugins.xml
[196.343s] -- Installing: /home/stephenq0503/Desktop/robot_arm_sim/install/moveit_setup_app_plugins/share/ament_index/resource_index/package_run_dependencies/moveit_setup_app_plugins
[196.344s] -- Installing: /home/stephenq0503/Desktop/robot_arm_sim/install/moveit_setup_app_plugins/share/ament_index/resource_index/parent_prefix_path/moveit_setup_app_plugins
[196.344s] -- Installing: /home/stephenq0503/Desktop/robot_arm_sim/install/moveit_setup_app_plugins/share/moveit_setup_app_plugins/environment/ament_prefix_path.sh
[196.344s] -- Installing: /home/stephenq0503/Desktop/robot_arm_sim/install/moveit_setup_app_plugins/share/moveit_setup_app_plugins/environment/ament_prefix_path.dsv
[196.345s] -- Installing: /home/stephenq0503/Desktop/robot_arm_sim/install/moveit_setup_app_plugins/share/moveit_setup_app_plugins/environment/path.sh
[196.345s] -- Installing: /home/stephenq0503/Desktop/robot_arm_sim/install/moveit_setup_app_plugins/share/moveit_setup_app_plugins/environment/path.dsv
[196.345s] -- Installing: /home/stephenq0503/Desktop/robot_arm_sim/install/moveit_setup_app_plugins/share/moveit_setup_app_plugins/local_setup.bash
[196.345s] -- Installing: /home/stephenq0503/Desktop/robot_arm_sim/install/moveit_setup_app_plugins/share/moveit_setup_app_plugins/local_setup.sh
[196.346s] -- Installing: /home/stephenq0503/Desktop/robot_arm_sim/install/moveit_setup_app_plugins/share/moveit_setup_app_plugins/local_setup.zsh
[196.347s] -- Installing: /home/stephenq0503/Desktop/robot_arm_sim/install/moveit_setup_app_plugins/share/moveit_setup_app_plugins/local_setup.dsv
[196.347s] -- Installing: /home/stephenq0503/Desktop/robot_arm_sim/install/moveit_setup_app_plugins/share/moveit_setup_app_plugins/package.dsv
[196.347s] -- Installing: /home/stephenq0503/Desktop/robot_arm_sim/install/moveit_setup_app_plugins/share/ament_index/resource_index/packages/moveit_setup_app_plugins
[196.347s] -- Installing: /home/stephenq0503/Desktop/robot_arm_sim/install/moveit_setup_app_plugins/share/ament_index/resource_index/moveit_setup_framework__pluginlib__plugin/moveit_setup_app_plugins
[196.347s] -- Installing: /home/stephenq0503/Desktop/robot_arm_sim/install/moveit_setup_app_plugins/share/moveit_setup_app_plugins/cmake/export_moveit_setup_app_pluginsExport.cmake
[196.348s] -- Installing: /home/stephenq0503/Desktop/robot_arm_sim/install/moveit_setup_app_plugins/share/moveit_setup_app_plugins/cmake/export_moveit_setup_app_pluginsExport-release.cmake
[196.348s] -- Installing: /home/stephenq0503/Desktop/robot_arm_sim/install/moveit_setup_app_plugins/share/moveit_setup_app_plugins/cmake/ament_cmake_export_include_directories-extras.cmake
[196.348s] -- Installing: /home/stephenq0503/Desktop/robot_arm_sim/install/moveit_setup_app_plugins/share/moveit_setup_app_plugins/cmake/ament_cmake_export_libraries-extras.cmake
[196.349s] -- Installing: /home/stephenq0503/Desktop/robot_arm_sim/install/moveit_setup_app_plugins/share/moveit_setup_app_plugins/cmake/ament_cmake_export_targets-extras.cmake
[196.350s] -- Installing: /home/stephenq0503/Desktop/robot_arm_sim/install/moveit_setup_app_plugins/share/moveit_setup_app_plugins/cmake/moveit_setup_app_pluginsConfig.cmake
[196.350s] -- Installing: /home/stephenq0503/Desktop/robot_arm_sim/install/moveit_setup_app_plugins/share/moveit_setup_app_plugins/cmake/moveit_setup_app_pluginsConfig-version.cmake
[196.350s] -- Installing: /home/stephenq0503/Desktop/robot_arm_sim/install/moveit_setup_app_plugins/share/moveit_setup_app_plugins/package.xml
[196.354s] Invoked command in '/home/stephenq0503/Desktop/robot_arm_sim/build/moveit_setup_app_plugins' returned '0': AMENT_PREFIX_PATH=/home/stephenq0503/Desktop/robot_arm_sim/install/moveit_setup_framework:/home/stephenq0503/Desktop/robot_arm_sim/install/moveit_ros_visualization:/home/stephenq0503/Desktop/robot_arm_sim/install/moveit_ros_planning_interface:/home/stephenq0503/Desktop/robot_arm_sim/install/moveit_ros_move_group:/home/stephenq0503/Desktop/robot_arm_sim/install/moveit_ros_warehouse:/home/stephenq0503/Desktop/robot_arm_sim/install/moveit_ros_robot_interaction:/home/stephenq0503/Desktop/robot_arm_sim/install/moveit_kinematics:/home/stephenq0503/Desktop/robot_arm_sim/install/moveit_ros_planning:/home/stephenq0503/Desktop/robot_arm_sim/install/moveit_ros_occupancy_map_monitor:/home/stephenq0503/Desktop/robot_arm_sim/install/moveit_core:/home/stephenq0503/Desktop/robot_arm_sim/install/moveit_configs_utils:/home/stephenq0503/Desktop/robot_arm_sim/install/srdfdom:/home/stephenq0503/Desktop/robot_arm_sim/install/moveit_common:/home/stephenq0503/Desktop/robot_arm_sim/install/launch_param_builder:${AMENT_PREFIX_PATH} CMAKE_PREFIX_PATH=/home/stephenq0503/Desktop/robot_arm_sim/install/moveit_setup_framework:/home/stephenq0503/Desktop/robot_arm_sim/install/moveit_ros_visualization:/home/stephenq0503/Desktop/robot_arm_sim/install/moveit_ros_planning_interface:/home/stephenq0503/Desktop/robot_arm_sim/install/moveit_ros_move_group:/home/stephenq0503/Desktop/robot_arm_sim/install/moveit_ros_warehouse:/home/stephenq0503/Desktop/robot_arm_sim/install/moveit_ros_robot_interaction:/home/stephenq0503/Desktop/robot_arm_sim/install/moveit_kinematics:/home/stephenq0503/Desktop/robot_arm_sim/install/moveit_ros_planning:/home/stephenq0503/Desktop/robot_arm_sim/install/moveit_ros_occupancy_map_monitor:/home/stephenq0503/Desktop/robot_arm_sim/install/moveit_core:/home/stephenq0503/Desktop/robot_arm_sim/install/srdfdom:/home/stephenq0503/Desktop/robot_arm_sim/install/moveit_common:/home/stephenq0503/Desktop/robot_arm_sim/install/six_dof_arm:/home/stephenq0503/Desktop/robot_arm_sim/install/gazebo_ros2_control:/opt/ros/humble LD_LIBRARY_PATH=/home/stephenq0503/Desktop/robot_arm_sim/install/moveit_setup_framework/lib:/home/stephenq0503/Desktop/robot_arm_sim/install/moveit_ros_visualization/lib:/home/stephenq0503/Desktop/robot_arm_sim/install/moveit_ros_planning_interface/lib:/home/stephenq0503/Desktop/robot_arm_sim/install/moveit_ros_move_group/lib:/home/stephenq0503/Desktop/robot_arm_sim/install/moveit_ros_warehouse/lib:/home/stephenq0503/Desktop/robot_arm_sim/install/moveit_ros_robot_interaction/lib:/home/stephenq0503/Desktop/robot_arm_sim/install/moveit_kinematics/lib:/home/stephenq0503/Desktop/robot_arm_sim/install/moveit_ros_planning/lib:/home/stephenq0503/Desktop/robot_arm_sim/install/moveit_ros_occupancy_map_monitor/lib:/home/stephenq0503/Desktop/robot_arm_sim/install/moveit_core/lib:/home/stephenq0503/Desktop/robot_arm_sim/install/srdfdom/lib:${LD_LIBRARY_PATH} PATH=/home/stephenq0503/Desktop/robot_arm_sim/install/moveit_core/bin:${PATH} PYTHONPATH=/home/stephenq0503/Desktop/robot_arm_sim/install/moveit_configs_utils/lib/python3.10/site-packages:/home/stephenq0503/Desktop/robot_arm_sim/install/srdfdom/local/lib/python3.10/dist-packages:/home/stephenq0503/Desktop/robot_arm_sim/install/launch_param_builder/lib/python3.10/site-packages:${PYTHONPATH} /usr/bin/cmake --install /home/stephenq0503/Desktop/robot_arm_sim/build/moveit_setup_app_plugins
