-- Install configuration: ""
-- Up-to-date: /home/stephenq0503/Desktop/robot_arm_sim/install/six_dof_arm/share/six_dof_arm/launch
-- Up-to-date: /home/stephenq0503/Desktop/robot_arm_sim/install/six_dof_arm/share/six_dof_arm/launch/.vscode
-- Up-to-date: /home/stephenq0503/Desktop/robot_arm_sim/install/six_dof_arm/share/six_dof_arm/launch/.vscode/settings.json
-- Up-to-date: /home/stephenq0503/Desktop/robot_arm_sim/install/six_dof_arm/share/six_dof_arm/launch/.vscode/c_cpp_properties.json
-- Installing: /home/stephenq0503/Desktop/robot_arm_sim/install/six_dof_arm/share/six_dof_arm/launch/gazebo.launch.py
-- Up-to-date: /home/stephenq0503/Desktop/robot_arm_sim/install/six_dof_arm/share/six_dof_arm/urdf
-- Up-to-date: /home/stephenq0503/Desktop/robot_arm_sim/install/six_dof_arm/share/six_dof_arm/meshes
-- Up-to-date: /home/stephenq0503/Desktop/robot_arm_sim/install/six_dof_arm/share/ament_index/resource_index/package_run_dependencies/six_dof_arm
-- Up-to-date: /home/stephenq0503/Desktop/robot_arm_sim/install/six_dof_arm/share/ament_index/resource_index/parent_prefix_path/six_dof_arm
-- Up-to-date: /home/stephenq0503/Desktop/robot_arm_sim/install/six_dof_arm/share/six_dof_arm/environment/ament_prefix_path.sh
-- Up-to-date: /home/stephenq0503/Desktop/robot_arm_sim/install/six_dof_arm/share/six_dof_arm/environment/ament_prefix_path.dsv
-- Up-to-date: /home/stephenq0503/Desktop/robot_arm_sim/install/six_dof_arm/share/six_dof_arm/environment/path.sh
-- Up-to-date: /home/stephenq0503/Desktop/robot_arm_sim/install/six_dof_arm/share/six_dof_arm/environment/path.dsv
-- Up-to-date: /home/stephenq0503/Desktop/robot_arm_sim/install/six_dof_arm/share/six_dof_arm/local_setup.bash
-- Up-to-date: /home/stephenq0503/Desktop/robot_arm_sim/install/six_dof_arm/share/six_dof_arm/local_setup.sh
-- Up-to-date: /home/stephenq0503/Desktop/robot_arm_sim/install/six_dof_arm/share/six_dof_arm/local_setup.zsh
-- Up-to-date: /home/stephenq0503/Desktop/robot_arm_sim/install/six_dof_arm/share/six_dof_arm/local_setup.dsv
-- Installing: /home/stephenq0503/Desktop/robot_arm_sim/install/six_dof_arm/share/six_dof_arm/package.dsv
-- Up-to-date: /home/stephenq0503/Desktop/robot_arm_sim/install/six_dof_arm/share/ament_index/resource_index/packages/six_dof_arm
-- Up-to-date: /home/stephenq0503/Desktop/robot_arm_sim/install/six_dof_arm/share/six_dof_arm/cmake/six_dof_armConfig.cmake
-- Up-to-date: /home/stephenq0503/Desktop/robot_arm_sim/install/six_dof_arm/share/six_dof_arm/cmake/six_dof_armConfig-version.cmake
-- Up-to-date: /home/stephenq0503/Desktop/robot_arm_sim/install/six_dof_arm/share/six_dof_arm/package.xml
