[0.165s] Invoking command in '/home/stephenq0503/Desktop/robot_arm_sim/build/chomp_motion_planner': AMENT_PREFIX_PATH=/home/stephenq0503/Desktop/robot_arm_sim/install/moveit_core:/home/stephenq0503/Desktop/robot_arm_sim/install/srdfdom:/home/stephenq0503/Desktop/robot_arm_sim/install/moveit_common:${AMENT_PREFIX_PATH} CMAKE_PREFIX_PATH=/home/stephenq0503/Desktop/robot_arm_sim/install/moveit_core:/home/stephenq0503/Desktop/robot_arm_sim/install/srdfdom:/home/stephenq0503/Desktop/robot_arm_sim/install/moveit_common:/home/stephenq0503/Desktop/robot_arm_sim/install/six_dof_arm:/home/stephenq0503/Desktop/robot_arm_sim/install/gazebo_ros2_control:/opt/ros/humble LD_LIBRARY_PATH=/home/stephenq0503/Desktop/robot_arm_sim/install/moveit_core/lib:/home/stephenq0503/Desktop/robot_arm_sim/install/srdfdom/lib:${LD_LIBRARY_PATH} PATH=/home/stephenq0503/Desktop/robot_arm_sim/install/moveit_core/bin:${PATH} PYTHONPATH=/home/stephenq0503/Desktop/robot_arm_sim/install/srdfdom/local/lib/python3.10/dist-packages:${PYTHONPATH} /usr/bin/cmake /home/stephenq0503/Desktop/robot_arm_sim/src/moveit2/moveit_planners/chomp/chomp_motion_planner -DCMAKE_INSTALL_PREFIX=/home/stephenq0503/Desktop/robot_arm_sim/install/chomp_motion_planner
[0.238s] -- The C compiler identification is GNU 11.4.0
[0.337s] -- The CXX compiler identification is GNU 11.4.0
[0.349s] -- Detecting C compiler ABI info
[0.476s] -- Detecting C compiler ABI info - done
[0.497s] -- Check for working C compiler: /usr/bin/cc - skipped
[0.498s] -- Detecting C compile features
[0.500s] -- Detecting C compile features - done
[0.507s] -- Detecting CXX compiler ABI info
[0.672s] -- Detecting CXX compiler ABI info - done
[0.690s] -- Check for working CXX compiler: /usr/bin/c++ - skipped
[0.691s] -- Detecting CXX compile features
[0.691s] -- Detecting CXX compile features - done
[0.695s] -- Found moveit_common: 2.5.5 (/home/stephenq0503/Desktop/robot_arm_sim/install/moveit_common/share/moveit_common/cmake)
[0.705s] -- Found ament_cmake: 1.3.7 (/opt/ros/humble/share/ament_cmake/cmake)
[1.306s] -- Found Python3: /usr/bin/python3.10 (found version "3.10.12") found components: Interpreter 
[1.898s] -- Found libdw: /usr/lib/x86_64-linux-gnu/libdw.so  
[1.906s] -- Could NOT find libbfd (missing: LIBBFD_LIBRARY LIBBFD_INCLUDE_DIR) 
[1.907s] -- BACKWARD_HAS_UNWIND=1
[1.907s] -- BACKWARD_HAS_BACKTRACE=0
[1.907s] -- BACKWARD_HAS_BACKTRACE_SYMBOL=0
[1.907s] -- BACKWARD_HAS_DW=1
[1.907s] -- BACKWARD_HAS_BFD=0
[1.908s] -- Found Backward: /opt/ros/humble/share/backward_ros/cmake  
[1.909s] [0mchomp_motion_planner: You did not request a specific build type: Choosing 'Release' for maximum performance[0m
[1.910s] -- Found moveit_core: 2.5.5 (/home/stephenq0503/Desktop/robot_arm_sim/install/moveit_core/share/moveit_core/cmake)
[2.365s] -- Found Boost: /usr/lib/x86_64-linux-gnu/cmake/Boost-1.74.0/BoostConfig.cmake (found version "1.74.0") found components: chrono date_time filesystem iostreams program_options regex serialization system thread 
[2.464s] -- Found parameter_traits: 0.3.7 (/opt/ros/humble/share/parameter_traits/cmake)
[2.560s] -- Found rosidl_generator_c: 3.1.5 (/opt/ros/humble/share/rosidl_generator_c/cmake)
[2.578s] -- Found rosidl_adapter: 3.1.5 (/opt/ros/humble/share/rosidl_adapter/cmake)
[2.597s] -- Found rosidl_generator_cpp: 3.1.5 (/opt/ros/humble/share/rosidl_generator_cpp/cmake)
[2.632s] -- Using all available rosidl_typesupport_c: rosidl_typesupport_fastrtps_c;rosidl_typesupport_introspection_c
[2.681s] -- Using all available rosidl_typesupport_cpp: rosidl_typesupport_fastrtps_cpp;rosidl_typesupport_introspection_cpp
[2.857s] -- Found rmw_implementation_cmake: 6.1.1 (/opt/ros/humble/share/rmw_implementation_cmake/cmake)
[2.864s] -- Found rmw_fastrtps_cpp: 6.2.6 (/opt/ros/humble/share/rmw_fastrtps_cpp/cmake)
[3.081s] -- Found OpenSSL: /usr/lib/x86_64-linux-gnu/libcrypto.so (found version "3.0.2")  
[3.116s] -- Found FastRTPS: /opt/ros/humble/include  
[3.187s] -- Using RMW implementation 'rmw_fastrtps_cpp' as default
[3.204s] -- Found Threads: TRUE  
[3.481s] -- Found Eigen3: TRUE (found version "3.4.0") 
[3.486s] -- Found rclcpp_lifecycle: 16.0.8 (/opt/ros/humble/share/rclcpp_lifecycle/cmake)
[3.560s] -- Found Boost: /usr/lib/x86_64-linux-gnu/cmake/Boost-1.74.0/BoostConfig.cmake (found version "1.74.0") found components: filesystem 
[3.860s] -- library: /usr/lib/x86_64-linux-gnu/libcurl.so
[4.645s] -- Ensuring Eigen3 include directory is part of orocos-kdl CMake target
[6.747s] -- Found ament_lint_auto: 0.12.10 (/opt/ros/humble/share/ament_lint_auto/cmake)
[6.770s] -- Added test 'cppcheck' to perform static code analysis on C / C++ code
[6.770s] -- Configured cppcheck include dirs: /home/stephenq0503/Desktop/robot_arm_sim/src/moveit2/moveit_planners/chomp/chomp_motion_planner/include
[6.770s] -- Configured cppcheck exclude dirs and/or files: 
[6.771s] -- Added test 'xmllint' to check XML markup files
[6.775s] -- Configuring done
[6.816s] -- Generating done
[6.820s] -- Build files have been written to: /home/stephenq0503/Desktop/robot_arm_sim/build/chomp_motion_planner
[6.836s] Invoked command in '/home/stephenq0503/Desktop/robot_arm_sim/build/chomp_motion_planner' returned '0': AMENT_PREFIX_PATH=/home/stephenq0503/Desktop/robot_arm_sim/install/moveit_core:/home/stephenq0503/Desktop/robot_arm_sim/install/srdfdom:/home/stephenq0503/Desktop/robot_arm_sim/install/moveit_common:${AMENT_PREFIX_PATH} CMAKE_PREFIX_PATH=/home/stephenq0503/Desktop/robot_arm_sim/install/moveit_core:/home/stephenq0503/Desktop/robot_arm_sim/install/srdfdom:/home/stephenq0503/Desktop/robot_arm_sim/install/moveit_common:/home/stephenq0503/Desktop/robot_arm_sim/install/six_dof_arm:/home/stephenq0503/Desktop/robot_arm_sim/install/gazebo_ros2_control:/opt/ros/humble LD_LIBRARY_PATH=/home/stephenq0503/Desktop/robot_arm_sim/install/moveit_core/lib:/home/stephenq0503/Desktop/robot_arm_sim/install/srdfdom/lib:${LD_LIBRARY_PATH} PATH=/home/stephenq0503/Desktop/robot_arm_sim/install/moveit_core/bin:${PATH} PYTHONPATH=/home/stephenq0503/Desktop/robot_arm_sim/install/srdfdom/local/lib/python3.10/dist-packages:${PYTHONPATH} /usr/bin/cmake /home/stephenq0503/Desktop/robot_arm_sim/src/moveit2/moveit_planners/chomp/chomp_motion_planner -DCMAKE_INSTALL_PREFIX=/home/stephenq0503/Desktop/robot_arm_sim/install/chomp_motion_planner
[6.840s] Invoking command in '/home/stephenq0503/Desktop/robot_arm_sim/build/chomp_motion_planner': AMENT_PREFIX_PATH=/home/stephenq0503/Desktop/robot_arm_sim/install/moveit_core:/home/stephenq0503/Desktop/robot_arm_sim/install/srdfdom:/home/stephenq0503/Desktop/robot_arm_sim/install/moveit_common:${AMENT_PREFIX_PATH} CMAKE_PREFIX_PATH=/home/stephenq0503/Desktop/robot_arm_sim/install/moveit_core:/home/stephenq0503/Desktop/robot_arm_sim/install/srdfdom:/home/stephenq0503/Desktop/robot_arm_sim/install/moveit_common:/home/stephenq0503/Desktop/robot_arm_sim/install/six_dof_arm:/home/stephenq0503/Desktop/robot_arm_sim/install/gazebo_ros2_control:/opt/ros/humble LD_LIBRARY_PATH=/home/stephenq0503/Desktop/robot_arm_sim/install/moveit_core/lib:/home/stephenq0503/Desktop/robot_arm_sim/install/srdfdom/lib:${LD_LIBRARY_PATH} PATH=/home/stephenq0503/Desktop/robot_arm_sim/install/moveit_core/bin:${PATH} PYTHONPATH=/home/stephenq0503/Desktop/robot_arm_sim/install/srdfdom/local/lib/python3.10/dist-packages:${PYTHONPATH} /usr/bin/cmake --build /home/stephenq0503/Desktop/robot_arm_sim/build/chomp_motion_planner -- -j8 -l8
[6.910s] [ 16%] [32mBuilding CXX object CMakeFiles/chomp_motion_planner.dir/src/chomp_cost.cpp.o[0m
[6.914s] [ 33%] [32mBuilding CXX object CMakeFiles/chomp_motion_planner.dir/src/chomp_parameters.cpp.o[0m
[6.915s] [ 50%] [32mBuilding CXX object CMakeFiles/chomp_motion_planner.dir/src/chomp_optimizer.cpp.o[0m
[6.923s] [ 66%] [32mBuilding CXX object CMakeFiles/chomp_motion_planner.dir/src/chomp_trajectory.cpp.o[0m
[6.926s] [ 83%] [32mBuilding CXX object CMakeFiles/chomp_motion_planner.dir/src/chomp_planner.cpp.o[0m
[59.536s] [100%] [32m[1mLinking CXX shared library libchomp_motion_planner.so[0m
[59.918s] [100%] Built target chomp_motion_planner
[59.983s] Invoked command in '/home/stephenq0503/Desktop/robot_arm_sim/build/chomp_motion_planner' returned '0': AMENT_PREFIX_PATH=/home/stephenq0503/Desktop/robot_arm_sim/install/moveit_core:/home/stephenq0503/Desktop/robot_arm_sim/install/srdfdom:/home/stephenq0503/Desktop/robot_arm_sim/install/moveit_common:${AMENT_PREFIX_PATH} CMAKE_PREFIX_PATH=/home/stephenq0503/Desktop/robot_arm_sim/install/moveit_core:/home/stephenq0503/Desktop/robot_arm_sim/install/srdfdom:/home/stephenq0503/Desktop/robot_arm_sim/install/moveit_common:/home/stephenq0503/Desktop/robot_arm_sim/install/six_dof_arm:/home/stephenq0503/Desktop/robot_arm_sim/install/gazebo_ros2_control:/opt/ros/humble LD_LIBRARY_PATH=/home/stephenq0503/Desktop/robot_arm_sim/install/moveit_core/lib:/home/stephenq0503/Desktop/robot_arm_sim/install/srdfdom/lib:${LD_LIBRARY_PATH} PATH=/home/stephenq0503/Desktop/robot_arm_sim/install/moveit_core/bin:${PATH} PYTHONPATH=/home/stephenq0503/Desktop/robot_arm_sim/install/srdfdom/local/lib/python3.10/dist-packages:${PYTHONPATH} /usr/bin/cmake --build /home/stephenq0503/Desktop/robot_arm_sim/build/chomp_motion_planner -- -j8 -l8
[60.045s] Invoking command in '/home/stephenq0503/Desktop/robot_arm_sim/build/chomp_motion_planner': AMENT_PREFIX_PATH=/home/stephenq0503/Desktop/robot_arm_sim/install/moveit_core:/home/stephenq0503/Desktop/robot_arm_sim/install/srdfdom:/home/stephenq0503/Desktop/robot_arm_sim/install/moveit_common:${AMENT_PREFIX_PATH} CMAKE_PREFIX_PATH=/home/stephenq0503/Desktop/robot_arm_sim/install/moveit_core:/home/stephenq0503/Desktop/robot_arm_sim/install/srdfdom:/home/stephenq0503/Desktop/robot_arm_sim/install/moveit_common:/home/stephenq0503/Desktop/robot_arm_sim/install/six_dof_arm:/home/stephenq0503/Desktop/robot_arm_sim/install/gazebo_ros2_control:/opt/ros/humble LD_LIBRARY_PATH=/home/stephenq0503/Desktop/robot_arm_sim/install/moveit_core/lib:/home/stephenq0503/Desktop/robot_arm_sim/install/srdfdom/lib:${LD_LIBRARY_PATH} PATH=/home/stephenq0503/Desktop/robot_arm_sim/install/moveit_core/bin:${PATH} PYTHONPATH=/home/stephenq0503/Desktop/robot_arm_sim/install/srdfdom/local/lib/python3.10/dist-packages:${PYTHONPATH} /usr/bin/cmake --install /home/stephenq0503/Desktop/robot_arm_sim/build/chomp_motion_planner
[60.055s] -- Install configuration: "Release"
[60.055s] -- Installing: /home/stephenq0503/Desktop/robot_arm_sim/install/chomp_motion_planner/lib/libchomp_motion_planner.so.2.5.5
[60.056s] -- Set runtime path of "/home/stephenq0503/Desktop/robot_arm_sim/install/chomp_motion_planner/lib/libchomp_motion_planner.so.2.5.5" to ""
[60.056s] -- Installing: /home/stephenq0503/Desktop/robot_arm_sim/install/chomp_motion_planner/lib/libchomp_motion_planner.so
[60.056s] -- Installing: /home/stephenq0503/Desktop/robot_arm_sim/install/chomp_motion_planner/include
[60.057s] -- Installing: /home/stephenq0503/Desktop/robot_arm_sim/install/chomp_motion_planner/include/chomp_motion_planner
[60.057s] -- Installing: /home/stephenq0503/Desktop/robot_arm_sim/install/chomp_motion_planner/include/chomp_motion_planner/chomp_optimizer.h
[60.057s] -- Installing: /home/stephenq0503/Desktop/robot_arm_sim/install/chomp_motion_planner/include/chomp_motion_planner/chomp_parameters.h
[60.057s] -- Installing: /home/stephenq0503/Desktop/robot_arm_sim/install/chomp_motion_planner/include/chomp_motion_planner/multivariate_gaussian.h
[60.057s] -- Installing: /home/stephenq0503/Desktop/robot_arm_sim/install/chomp_motion_planner/include/chomp_motion_planner/chomp_planner.h
[60.057s] -- Installing: /home/stephenq0503/Desktop/robot_arm_sim/install/chomp_motion_planner/include/chomp_motion_planner/chomp_cost.h
[60.058s] -- Installing: /home/stephenq0503/Desktop/robot_arm_sim/install/chomp_motion_planner/include/chomp_motion_planner/chomp_trajectory.h
[60.058s] -- Installing: /home/stephenq0503/Desktop/robot_arm_sim/install/chomp_motion_planner/include/chomp_motion_planner/chomp_utils.h
[60.058s] -- Installing: /home/stephenq0503/Desktop/robot_arm_sim/install/chomp_motion_planner/share/chomp_motion_planner/environment/library_path.sh
[60.058s] -- Installing: /home/stephenq0503/Desktop/robot_arm_sim/install/chomp_motion_planner/share/chomp_motion_planner/environment/library_path.dsv
[60.059s] -- Installing: /home/stephenq0503/Desktop/robot_arm_sim/install/chomp_motion_planner/share/ament_index/resource_index/package_run_dependencies/chomp_motion_planner
[60.059s] -- Installing: /home/stephenq0503/Desktop/robot_arm_sim/install/chomp_motion_planner/share/ament_index/resource_index/parent_prefix_path/chomp_motion_planner
[60.059s] -- Installing: /home/stephenq0503/Desktop/robot_arm_sim/install/chomp_motion_planner/share/chomp_motion_planner/environment/ament_prefix_path.sh
[60.060s] -- Installing: /home/stephenq0503/Desktop/robot_arm_sim/install/chomp_motion_planner/share/chomp_motion_planner/environment/ament_prefix_path.dsv
[60.060s] -- Installing: /home/stephenq0503/Desktop/robot_arm_sim/install/chomp_motion_planner/share/chomp_motion_planner/environment/path.sh
[60.060s] -- Installing: /home/stephenq0503/Desktop/robot_arm_sim/install/chomp_motion_planner/share/chomp_motion_planner/environment/path.dsv
[60.060s] -- Installing: /home/stephenq0503/Desktop/robot_arm_sim/install/chomp_motion_planner/share/chomp_motion_planner/local_setup.bash
[60.060s] -- Installing: /home/stephenq0503/Desktop/robot_arm_sim/install/chomp_motion_planner/share/chomp_motion_planner/local_setup.sh
[60.061s] -- Installing: /home/stephenq0503/Desktop/robot_arm_sim/install/chomp_motion_planner/share/chomp_motion_planner/local_setup.zsh
[60.061s] -- Installing: /home/stephenq0503/Desktop/robot_arm_sim/install/chomp_motion_planner/share/chomp_motion_planner/local_setup.dsv
[60.061s] -- Installing: /home/stephenq0503/Desktop/robot_arm_sim/install/chomp_motion_planner/share/chomp_motion_planner/package.dsv
[60.062s] -- Installing: /home/stephenq0503/Desktop/robot_arm_sim/install/chomp_motion_planner/share/ament_index/resource_index/packages/chomp_motion_planner
[60.062s] -- Installing: /home/stephenq0503/Desktop/robot_arm_sim/install/chomp_motion_planner/share/chomp_motion_planner/cmake/chomp_motion_plannerTargetsExport.cmake
[60.062s] -- Installing: /home/stephenq0503/Desktop/robot_arm_sim/install/chomp_motion_planner/share/chomp_motion_planner/cmake/chomp_motion_plannerTargetsExport-release.cmake
[60.062s] -- Installing: /home/stephenq0503/Desktop/robot_arm_sim/install/chomp_motion_planner/share/chomp_motion_planner/cmake/ament_cmake_export_targets-extras.cmake
[60.062s] -- Installing: /home/stephenq0503/Desktop/robot_arm_sim/install/chomp_motion_planner/share/chomp_motion_planner/cmake/chomp_motion_plannerConfig.cmake
[60.063s] -- Installing: /home/stephenq0503/Desktop/robot_arm_sim/install/chomp_motion_planner/share/chomp_motion_planner/cmake/chomp_motion_plannerConfig-version.cmake
[60.063s] -- Installing: /home/stephenq0503/Desktop/robot_arm_sim/install/chomp_motion_planner/share/chomp_motion_planner/package.xml
[60.066s] Invoked command in '/home/stephenq0503/Desktop/robot_arm_sim/build/chomp_motion_planner' returned '0': AMENT_PREFIX_PATH=/home/stephenq0503/Desktop/robot_arm_sim/install/moveit_core:/home/stephenq0503/Desktop/robot_arm_sim/install/srdfdom:/home/stephenq0503/Desktop/robot_arm_sim/install/moveit_common:${AMENT_PREFIX_PATH} CMAKE_PREFIX_PATH=/home/stephenq0503/Desktop/robot_arm_sim/install/moveit_core:/home/stephenq0503/Desktop/robot_arm_sim/install/srdfdom:/home/stephenq0503/Desktop/robot_arm_sim/install/moveit_common:/home/stephenq0503/Desktop/robot_arm_sim/install/six_dof_arm:/home/stephenq0503/Desktop/robot_arm_sim/install/gazebo_ros2_control:/opt/ros/humble LD_LIBRARY_PATH=/home/stephenq0503/Desktop/robot_arm_sim/install/moveit_core/lib:/home/stephenq0503/Desktop/robot_arm_sim/install/srdfdom/lib:${LD_LIBRARY_PATH} PATH=/home/stephenq0503/Desktop/robot_arm_sim/install/moveit_core/bin:${PATH} PYTHONPATH=/home/stephenq0503/Desktop/robot_arm_sim/install/srdfdom/local/lib/python3.10/dist-packages:${PYTHONPATH} /usr/bin/cmake --install /home/stephenq0503/Desktop/robot_arm_sim/build/chomp_motion_planner
