[1.788s] Invoking command in '/home/stephenq0503/Desktop/robot_arm_sim/src/my_robot_pkg': PYTHONPATH=/home/stephenq0503/Desktop/robot_arm_sim/build/my_robot_pkg/prefix_override:/home/stephenq0503/Desktop/robot_arm_sim/install/my_robot_pkg/lib/python3.10/site-packages:${PYTHONPATH} /usr/bin/python3 setup.py egg_info --egg-base ../../build/my_robot_pkg build --build-base /home/stephenq0503/Desktop/robot_arm_sim/build/my_robot_pkg/build install --record /home/stephenq0503/Desktop/robot_arm_sim/build/my_robot_pkg/install.log --single-version-externally-managed
[2.055s] running egg_info
[2.056s] writing ../../build/my_robot_pkg/my_robot_pkg.egg-info/PKG-INFO
[2.056s] writing dependency_links to ../../build/my_robot_pkg/my_robot_pkg.egg-info/dependency_links.txt
[2.057s] writing entry points to ../../build/my_robot_pkg/my_robot_pkg.egg-info/entry_points.txt
[2.057s] writing requirements to ../../build/my_robot_pkg/my_robot_pkg.egg-info/requires.txt
[2.057s] writing top-level names to ../../build/my_robot_pkg/my_robot_pkg.egg-info/top_level.txt
[2.061s] reading manifest file '../../build/my_robot_pkg/my_robot_pkg.egg-info/SOURCES.txt'
[2.062s] writing manifest file '../../build/my_robot_pkg/my_robot_pkg.egg-info/SOURCES.txt'
[2.063s] running build
[2.063s] running build_py
[2.063s] running install
[2.064s] /usr/lib/python3/dist-packages/setuptools/command/install.py:34: SetuptoolsDeprecationWarning: setup.py install is deprecated. Use build and pip and other standards-based tools.
[2.064s]   warnings.warn(
[2.064s] running install_lib
[2.066s] running install_data
[2.067s] running install_egg_info
[2.070s] removing '/home/stephenq0503/Desktop/robot_arm_sim/install/my_robot_pkg/lib/python3.10/site-packages/my_robot_pkg-0.0.0-py3.10.egg-info' (and everything under it)
[2.070s] Copying ../../build/my_robot_pkg/my_robot_pkg.egg-info to /home/stephenq0503/Desktop/robot_arm_sim/install/my_robot_pkg/lib/python3.10/site-packages/my_robot_pkg-0.0.0-py3.10.egg-info
[2.071s] running install_scripts
[2.095s] Installing joint_state_action script to /home/stephenq0503/Desktop/robot_arm_sim/install/my_robot_pkg/lib/my_robot_pkg
[2.095s] Installing trajectory_points_act_server script to /home/stephenq0503/Desktop/robot_arm_sim/install/my_robot_pkg/lib/my_robot_pkg
[2.095s] Installing trajectory_points_topic script to /home/stephenq0503/Desktop/robot_arm_sim/install/my_robot_pkg/lib/my_robot_pkg
[2.095s] writing list of installed files to '/home/stephenq0503/Desktop/robot_arm_sim/build/my_robot_pkg/install.log'
[2.136s] Invoked command in '/home/stephenq0503/Desktop/robot_arm_sim/src/my_robot_pkg' returned '0': PYTHONPATH=/home/stephenq0503/Desktop/robot_arm_sim/build/my_robot_pkg/prefix_override:/home/stephenq0503/Desktop/robot_arm_sim/install/my_robot_pkg/lib/python3.10/site-packages:${PYTHONPATH} /usr/bin/python3 setup.py egg_info --egg-base ../../build/my_robot_pkg build --build-base /home/stephenq0503/Desktop/robot_arm_sim/build/my_robot_pkg/build install --record /home/stephenq0503/Desktop/robot_arm_sim/build/my_robot_pkg/install.log --single-version-externally-managed
