[1.761s] Invoking command in '/home/stephenq0503/Desktop/robot_arm_sim/src/my_environment_pkg': PYTHONPATH=/home/stephenq0503/Desktop/robot_arm_sim/build/my_environment_pkg/prefix_override:/home/stephenq0503/Desktop/robot_arm_sim/install/my_environment_pkg/lib/python3.10/site-packages:${PYTHONPATH} /usr/bin/python3 setup.py egg_info --egg-base ../../build/my_environment_pkg build --build-base /home/stephenq0503/Desktop/robot_arm_sim/build/my_environment_pkg/build install --record /home/stephenq0503/Desktop/robot_arm_sim/build/my_environment_pkg/install.log --single-version-externally-managed
[2.060s] running egg_info
[2.062s] writing ../../build/my_environment_pkg/my_environment_pkg.egg-info/PKG-INFO
[2.062s] writing dependency_links to ../../build/my_environment_pkg/my_environment_pkg.egg-info/dependency_links.txt
[2.062s] writing entry points to ../../build/my_environment_pkg/my_environment_pkg.egg-info/entry_points.txt
[2.062s] writing requirements to ../../build/my_environment_pkg/my_environment_pkg.egg-info/requires.txt
[2.062s] writing top-level names to ../../build/my_environment_pkg/my_environment_pkg.egg-info/top_level.txt
[2.065s] reading manifest file '../../build/my_environment_pkg/my_environment_pkg.egg-info/SOURCES.txt'
[2.066s] writing manifest file '../../build/my_environment_pkg/my_environment_pkg.egg-info/SOURCES.txt'
[2.066s] running build
[2.066s] running build_py
[2.066s] running install
[2.066s] /usr/lib/python3/dist-packages/setuptools/command/install.py:34: SetuptoolsDeprecationWarning: setup.py install is deprecated. Use build and pip and other standards-based tools.
[2.066s]   warnings.warn(
[2.067s] running install_lib
[2.068s] running install_data
[2.069s] copying launch/my_environment.launch.py -> /home/stephenq0503/Desktop/robot_arm_sim/install/my_environment_pkg/share/my_environment_pkg/launch
[2.069s] running install_egg_info
[2.073s] removing '/home/stephenq0503/Desktop/robot_arm_sim/install/my_environment_pkg/lib/python3.10/site-packages/my_environment_pkg-0.0.0-py3.10.egg-info' (and everything under it)
[2.073s] Copying ../../build/my_environment_pkg/my_environment_pkg.egg-info to /home/stephenq0503/Desktop/robot_arm_sim/install/my_environment_pkg/lib/python3.10/site-packages/my_environment_pkg-0.0.0-py3.10.egg-info
[2.074s] running install_scripts
[2.098s] Installing data_collection script to /home/stephenq0503/Desktop/robot_arm_sim/install/my_environment_pkg/lib/my_environment_pkg
[2.098s] Installing run_environment script to /home/stephenq0503/Desktop/robot_arm_sim/install/my_environment_pkg/lib/my_environment_pkg
[2.098s] writing list of installed files to '/home/stephenq0503/Desktop/robot_arm_sim/build/my_environment_pkg/install.log'
[2.208s] Invoked command in '/home/stephenq0503/Desktop/robot_arm_sim/src/my_environment_pkg' returned '0': PYTHONPATH=/home/stephenq0503/Desktop/robot_arm_sim/build/my_environment_pkg/prefix_override:/home/stephenq0503/Desktop/robot_arm_sim/install/my_environment_pkg/lib/python3.10/site-packages:${PYTHONPATH} /usr/bin/python3 setup.py egg_info --egg-base ../../build/my_environment_pkg build --build-base /home/stephenq0503/Desktop/robot_arm_sim/build/my_environment_pkg/build install --record /home/stephenq0503/Desktop/robot_arm_sim/build/my_environment_pkg/install.log --single-version-externally-managed
