[2.188s] Invoking command in '/home/stephenq0503/Desktop/robot_arm_sim/src/launch_param_builder': PYTHONPATH=/home/stephenq0503/Desktop/robot_arm_sim/build/launch_param_builder/prefix_override:/home/stephenq0503/Desktop/robot_arm_sim/install/launch_param_builder/lib/python3.10/site-packages:${PYTHONPATH} /usr/bin/python3 setup.py egg_info --egg-base ../../build/launch_param_builder build --build-base /home/stephenq0503/Desktop/robot_arm_sim/build/launch_param_builder/build install --record /home/stephenq0503/Desktop/robot_arm_sim/build/launch_param_builder/install.log --single-version-externally-managed
[2.812s] running egg_info
[2.813s] creating ../../build/launch_param_builder/launch_param_builder.egg-info
[2.813s] writing ../../build/launch_param_builder/launch_param_builder.egg-info/PKG-INFO
[2.813s] writing dependency_links to ../../build/launch_param_builder/launch_param_builder.egg-info/dependency_links.txt
[2.814s] writing entry points to ../../build/launch_param_builder/launch_param_builder.egg-info/entry_points.txt
[2.814s] writing requirements to ../../build/launch_param_builder/launch_param_builder.egg-info/requires.txt
[2.814s] writing top-level names to ../../build/launch_param_builder/launch_param_builder.egg-info/top_level.txt
[2.815s] writing manifest file '../../build/launch_param_builder/launch_param_builder.egg-info/SOURCES.txt'
[2.822s] reading manifest file '../../build/launch_param_builder/launch_param_builder.egg-info/SOURCES.txt'
[2.822s] adding license file 'LICENSE'
[2.822s] writing manifest file '../../build/launch_param_builder/launch_param_builder.egg-info/SOURCES.txt'
[2.822s] running build
[2.822s] running build_py
[2.822s] creating /home/stephenq0503/Desktop/robot_arm_sim/build/launch_param_builder/build
[2.823s] creating /home/stephenq0503/Desktop/robot_arm_sim/build/launch_param_builder/build/lib
[2.823s] creating /home/stephenq0503/Desktop/robot_arm_sim/build/launch_param_builder/build/lib/launch_param_builder
[2.823s] copying launch_param_builder/__init__.py -> /home/stephenq0503/Desktop/robot_arm_sim/build/launch_param_builder/build/lib/launch_param_builder
[2.823s] copying launch_param_builder/launch_param_builder.py -> /home/stephenq0503/Desktop/robot_arm_sim/build/launch_param_builder/build/lib/launch_param_builder
[2.823s] copying launch_param_builder/utils.py -> /home/stephenq0503/Desktop/robot_arm_sim/build/launch_param_builder/build/lib/launch_param_builder
[2.824s] running install
[2.824s] /usr/lib/python3/dist-packages/setuptools/command/install.py:34: SetuptoolsDeprecationWarning: setup.py install is deprecated. Use build and pip and other standards-based tools.
[2.824s]   warnings.warn(
[2.825s] running install_lib
[2.831s] creating /home/stephenq0503/Desktop/robot_arm_sim/install/launch_param_builder/lib/python3.10/site-packages/launch_param_builder
[2.833s] copying /home/stephenq0503/Desktop/robot_arm_sim/build/launch_param_builder/build/lib/launch_param_builder/__init__.py -> /home/stephenq0503/Desktop/robot_arm_sim/install/launch_param_builder/lib/python3.10/site-packages/launch_param_builder
[2.833s] copying /home/stephenq0503/Desktop/robot_arm_sim/build/launch_param_builder/build/lib/launch_param_builder/launch_param_builder.py -> /home/stephenq0503/Desktop/robot_arm_sim/install/launch_param_builder/lib/python3.10/site-packages/launch_param_builder
[2.833s] copying /home/stephenq0503/Desktop/robot_arm_sim/build/launch_param_builder/build/lib/launch_param_builder/utils.py -> /home/stephenq0503/Desktop/robot_arm_sim/install/launch_param_builder/lib/python3.10/site-packages/launch_param_builder
[2.833s] byte-compiling /home/stephenq0503/Desktop/robot_arm_sim/install/launch_param_builder/lib/python3.10/site-packages/launch_param_builder/__init__.py to __init__.cpython-310.pyc
[2.834s] byte-compiling /home/stephenq0503/Desktop/robot_arm_sim/install/launch_param_builder/lib/python3.10/site-packages/launch_param_builder/launch_param_builder.py to launch_param_builder.cpython-310.pyc
[2.836s] byte-compiling /home/stephenq0503/Desktop/robot_arm_sim/install/launch_param_builder/lib/python3.10/site-packages/launch_param_builder/utils.py to utils.cpython-310.pyc
[2.837s] running install_data
[2.841s] creating /home/stephenq0503/Desktop/robot_arm_sim/install/launch_param_builder/share/ament_index
[2.841s] creating /home/stephenq0503/Desktop/robot_arm_sim/install/launch_param_builder/share/ament_index/resource_index
[2.841s] creating /home/stephenq0503/Desktop/robot_arm_sim/install/launch_param_builder/share/ament_index/resource_index/packages
[2.841s] copying resource/launch_param_builder -> /home/stephenq0503/Desktop/robot_arm_sim/install/launch_param_builder/share/ament_index/resource_index/packages
[2.841s] creating /home/stephenq0503/Desktop/robot_arm_sim/install/launch_param_builder/share/launch_param_builder/launch
[2.842s] copying example/launch_param_builder_example.launch.py -> /home/stephenq0503/Desktop/robot_arm_sim/install/launch_param_builder/share/launch_param_builder/launch
[2.842s] creating /home/stephenq0503/Desktop/robot_arm_sim/install/launch_param_builder/share/launch_param_builder/config
[2.842s] copying test/data/parameter.xacro -> /home/stephenq0503/Desktop/robot_arm_sim/install/launch_param_builder/share/launch_param_builder/config
[2.842s] copying test/data/parameter_file -> /home/stephenq0503/Desktop/robot_arm_sim/install/launch_param_builder/share/launch_param_builder/config
[2.842s] copying test/data/parameters_injection.yaml -> /home/stephenq0503/Desktop/robot_arm_sim/install/launch_param_builder/share/launch_param_builder/config
[2.843s] copying test/data/param_file_to_inject.yaml -> /home/stephenq0503/Desktop/robot_arm_sim/install/launch_param_builder/share/launch_param_builder/config
[2.843s] copying test/data/parameters.yaml -> /home/stephenq0503/Desktop/robot_arm_sim/install/launch_param_builder/share/launch_param_builder/config
[2.843s] copying package.xml -> /home/stephenq0503/Desktop/robot_arm_sim/install/launch_param_builder/share/launch_param_builder
[2.843s] creating /home/stephenq0503/Desktop/robot_arm_sim/install/launch_param_builder/lib/launch_param_builder
[2.843s] copying example/example_node.py -> /home/stephenq0503/Desktop/robot_arm_sim/install/launch_param_builder/lib/launch_param_builder
[2.844s] running install_egg_info
[2.847s] Copying ../../build/launch_param_builder/launch_param_builder.egg-info to /home/stephenq0503/Desktop/robot_arm_sim/install/launch_param_builder/lib/python3.10/site-packages/launch_param_builder-0.1.1-py3.10.egg-info
[2.849s] running install_scripts
[2.893s] writing list of installed files to '/home/stephenq0503/Desktop/robot_arm_sim/build/launch_param_builder/install.log'
[2.960s] Invoked command in '/home/stephenq0503/Desktop/robot_arm_sim/src/launch_param_builder' returned '0': PYTHONPATH=/home/stephenq0503/Desktop/robot_arm_sim/build/launch_param_builder/prefix_override:/home/stephenq0503/Desktop/robot_arm_sim/install/launch_param_builder/lib/python3.10/site-packages:${PYTHONPATH} /usr/bin/python3 setup.py egg_info --egg-base ../../build/launch_param_builder build --build-base /home/stephenq0503/Desktop/robot_arm_sim/build/launch_param_builder/build install --record /home/stephenq0503/Desktop/robot_arm_sim/build/launch_param_builder/install.log --single-version-externally-managed
