[0.904s] Invoking command in '/home/stephenq0503/Desktop/robot_arm_sim/build/moveit_resources_panda_description': CMAKE_PREFIX_PATH=${CMAKE_PREFIX_PATH}:/opt/ros/humble /usr/bin/cmake /home/stephenq0503/Desktop/robot_arm_sim/src/moveit_resources/panda_description -DCMAKE_INSTALL_PREFIX=/home/stephenq0503/Desktop/robot_arm_sim/install/moveit_resources_panda_description
[1.052s] -- The C compiler identification is GNU 11.4.0
[1.204s] -- The CXX compiler identification is GNU 11.4.0
[1.229s] -- Detecting C compiler ABI info
[1.411s] -- Detecting C compiler ABI info - done
[1.431s] -- Check for working C compiler: /usr/bin/cc - skipped
[1.433s] -- Detecting C compile features
[1.434s] -- Detecting C compile features - done
[1.442s] -- Detecting CXX compiler ABI info
[1.654s] -- Detecting CXX compiler ABI info - done
[1.675s] -- Check for working CXX compiler: /usr/bin/c++ - skipped
[1.676s] -- Detecting CXX compile features
[1.681s] -- Detecting CXX compile features - done
[1.690s] -- Found ament_cmake: 1.3.7 (/opt/ros/humble/share/ament_cmake/cmake)
[2.140s] -- Found Python3: /usr/bin/python3.10 (found version "3.10.12") found components: Interpreter 
[2.503s] -- Configuring done
[2.509s] -- Generating done
[2.511s] -- Build files have been written to: /home/stephenq0503/Desktop/robot_arm_sim/build/moveit_resources_panda_description
[2.521s] Invoked command in '/home/stephenq0503/Desktop/robot_arm_sim/build/moveit_resources_panda_description' returned '0': CMAKE_PREFIX_PATH=${CMAKE_PREFIX_PATH}:/opt/ros/humble /usr/bin/cmake /home/stephenq0503/Desktop/robot_arm_sim/src/moveit_resources/panda_description -DCMAKE_INSTALL_PREFIX=/home/stephenq0503/Desktop/robot_arm_sim/install/moveit_resources_panda_description
[2.523s] Invoking command in '/home/stephenq0503/Desktop/robot_arm_sim/build/moveit_resources_panda_description': CMAKE_PREFIX_PATH=${CMAKE_PREFIX_PATH}:/opt/ros/humble /usr/bin/cmake --build /home/stephenq0503/Desktop/robot_arm_sim/build/moveit_resources_panda_description -- -j8 -l8
[2.676s] Invoked command in '/home/stephenq0503/Desktop/robot_arm_sim/build/moveit_resources_panda_description' returned '0': CMAKE_PREFIX_PATH=${CMAKE_PREFIX_PATH}:/opt/ros/humble /usr/bin/cmake --build /home/stephenq0503/Desktop/robot_arm_sim/build/moveit_resources_panda_description -- -j8 -l8
[2.851s] Invoking command in '/home/stephenq0503/Desktop/robot_arm_sim/build/moveit_resources_panda_description': CMAKE_PREFIX_PATH=${CMAKE_PREFIX_PATH}:/opt/ros/humble /usr/bin/cmake --install /home/stephenq0503/Desktop/robot_arm_sim/build/moveit_resources_panda_description
[2.869s] -- Install configuration: ""
[2.871s] -- Installing: /home/stephenq0503/Desktop/robot_arm_sim/install/moveit_resources_panda_description/share/ament_index/resource_index/package_run_dependencies/moveit_resources_panda_description
[2.871s] -- Installing: /home/stephenq0503/Desktop/robot_arm_sim/install/moveit_resources_panda_description/share/ament_index/resource_index/parent_prefix_path/moveit_resources_panda_description
[2.871s] -- Installing: /home/stephenq0503/Desktop/robot_arm_sim/install/moveit_resources_panda_description/share/moveit_resources_panda_description/environment/ament_prefix_path.sh
[2.872s] -- Installing: /home/stephenq0503/Desktop/robot_arm_sim/install/moveit_resources_panda_description/share/moveit_resources_panda_description/environment/ament_prefix_path.dsv
[2.872s] -- Installing: /home/stephenq0503/Desktop/robot_arm_sim/install/moveit_resources_panda_description/share/moveit_resources_panda_description/environment/path.sh
[2.873s] -- Installing: /home/stephenq0503/Desktop/robot_arm_sim/install/moveit_resources_panda_description/share/moveit_resources_panda_description/environment/path.dsv
[2.873s] -- Installing: /home/stephenq0503/Desktop/robot_arm_sim/install/moveit_resources_panda_description/share/moveit_resources_panda_description/local_setup.bash
[2.874s] -- Installing: /home/stephenq0503/Desktop/robot_arm_sim/install/moveit_resources_panda_description/share/moveit_resources_panda_description/local_setup.sh
[2.874s] -- Installing: /home/stephenq0503/Desktop/robot_arm_sim/install/moveit_resources_panda_description/share/moveit_resources_panda_description/local_setup.zsh
[2.875s] -- Installing: /home/stephenq0503/Desktop/robot_arm_sim/install/moveit_resources_panda_description/share/moveit_resources_panda_description/local_setup.dsv
[2.875s] -- Installing: /home/stephenq0503/Desktop/robot_arm_sim/install/moveit_resources_panda_description/share/moveit_resources_panda_description/package.dsv
[2.875s] -- Installing: /home/stephenq0503/Desktop/robot_arm_sim/install/moveit_resources_panda_description/share/ament_index/resource_index/packages/moveit_resources_panda_description
[2.876s] -- Installing: /home/stephenq0503/Desktop/robot_arm_sim/install/moveit_resources_panda_description/share/moveit_resources_panda_description/cmake/moveit_resources_panda_descriptionConfig.cmake
[2.876s] -- Installing: /home/stephenq0503/Desktop/robot_arm_sim/install/moveit_resources_panda_description/share/moveit_resources_panda_description/cmake/moveit_resources_panda_descriptionConfig-version.cmake
[2.876s] -- Installing: /home/stephenq0503/Desktop/robot_arm_sim/install/moveit_resources_panda_description/share/moveit_resources_panda_description/package.xml
[2.876s] -- Installing: /home/stephenq0503/Desktop/robot_arm_sim/install/moveit_resources_panda_description/share/moveit_resources_panda_description/meshes
[2.877s] -- Installing: /home/stephenq0503/Desktop/robot_arm_sim/install/moveit_resources_panda_description/share/moveit_resources_panda_description/meshes/visual
[2.877s] -- Installing: /home/stephenq0503/Desktop/robot_arm_sim/install/moveit_resources_panda_description/share/moveit_resources_panda_description/meshes/visual/finger.dae
[2.877s] -- Installing: /home/stephenq0503/Desktop/robot_arm_sim/install/moveit_resources_panda_description/share/moveit_resources_panda_description/meshes/visual/link2.dae
[2.877s] -- Installing: /home/stephenq0503/Desktop/robot_arm_sim/install/moveit_resources_panda_description/share/moveit_resources_panda_description/meshes/visual/link5.dae
[2.882s] -- Installing: /home/stephenq0503/Desktop/robot_arm_sim/install/moveit_resources_panda_description/share/moveit_resources_panda_description/meshes/visual/link1.dae
[2.884s] -- Installing: /home/stephenq0503/Desktop/robot_arm_sim/install/moveit_resources_panda_description/share/moveit_resources_panda_description/meshes/visual/hand.dae
[2.885s] -- Installing: /home/stephenq0503/Desktop/robot_arm_sim/install/moveit_resources_panda_description/share/moveit_resources_panda_description/meshes/visual/link0.dae
[2.888s] -- Installing: /home/stephenq0503/Desktop/robot_arm_sim/install/moveit_resources_panda_description/share/moveit_resources_panda_description/meshes/visual/link4.dae
[2.892s] -- Installing: /home/stephenq0503/Desktop/robot_arm_sim/install/moveit_resources_panda_description/share/moveit_resources_panda_description/meshes/visual/link7.dae
[2.894s] -- Installing: /home/stephenq0503/Desktop/robot_arm_sim/install/moveit_resources_panda_description/share/moveit_resources_panda_description/meshes/visual/link6.dae
[2.898s] -- Installing: /home/stephenq0503/Desktop/robot_arm_sim/install/moveit_resources_panda_description/share/moveit_resources_panda_description/meshes/visual/link3.dae
[2.900s] -- Installing: /home/stephenq0503/Desktop/robot_arm_sim/install/moveit_resources_panda_description/share/moveit_resources_panda_description/meshes/collision
[2.900s] -- Installing: /home/stephenq0503/Desktop/robot_arm_sim/install/moveit_resources_panda_description/share/moveit_resources_panda_description/meshes/collision/link7.stl
[2.901s] -- Installing: /home/stephenq0503/Desktop/robot_arm_sim/install/moveit_resources_panda_description/share/moveit_resources_panda_description/meshes/collision/finger.stl
[2.901s] -- Installing: /home/stephenq0503/Desktop/robot_arm_sim/install/moveit_resources_panda_description/share/moveit_resources_panda_description/meshes/collision/link3.stl
[2.902s] -- Installing: /home/stephenq0503/Desktop/robot_arm_sim/install/moveit_resources_panda_description/share/moveit_resources_panda_description/meshes/collision/hand.stl
[2.902s] -- Installing: /home/stephenq0503/Desktop/robot_arm_sim/install/moveit_resources_panda_description/share/moveit_resources_panda_description/meshes/collision/link2.stl
[2.902s] -- Installing: /home/stephenq0503/Desktop/robot_arm_sim/install/moveit_resources_panda_description/share/moveit_resources_panda_description/meshes/collision/link6.stl
[2.902s] -- Installing: /home/stephenq0503/Desktop/robot_arm_sim/install/moveit_resources_panda_description/share/moveit_resources_panda_description/meshes/collision/link5.stl
[2.902s] -- Installing: /home/stephenq0503/Desktop/robot_arm_sim/install/moveit_resources_panda_description/share/moveit_resources_panda_description/meshes/collision/link4.stl
[2.902s] -- Installing: /home/stephenq0503/Desktop/robot_arm_sim/install/moveit_resources_panda_description/share/moveit_resources_panda_description/meshes/collision/link1.stl
[2.903s] -- Installing: /home/stephenq0503/Desktop/robot_arm_sim/install/moveit_resources_panda_description/share/moveit_resources_panda_description/meshes/collision/link0.stl
[2.903s] -- Installing: /home/stephenq0503/Desktop/robot_arm_sim/install/moveit_resources_panda_description/share/moveit_resources_panda_description/urdf
[2.903s] -- Installing: /home/stephenq0503/Desktop/robot_arm_sim/install/moveit_resources_panda_description/share/moveit_resources_panda_description/urdf/panda.urdf
[3.234s] Invoked command in '/home/stephenq0503/Desktop/robot_arm_sim/build/moveit_resources_panda_description' returned '0': CMAKE_PREFIX_PATH=${CMAKE_PREFIX_PATH}:/opt/ros/humble /usr/bin/cmake --install /home/stephenq0503/Desktop/robot_arm_sim/build/moveit_resources_panda_description
