[0.775s] Invoking command in '/home/stephenq0503/Desktop/robot_arm_sim/build/rosparam_shortcuts': CMAKE_PREFIX_PATH=${CMAKE_PREFIX_PATH}:/opt/ros/humble /usr/bin/cmake /home/stephenq0503/Desktop/robot_arm_sim/src/rosparam_shortcuts -DCMAKE_INSTALL_PREFIX=/home/stephenq0503/Desktop/robot_arm_sim/install/rosparam_shortcuts
[1.036s] -- The C compiler identification is GNU 11.4.0
[1.221s] -- The CXX compiler identification is GNU 11.4.0
[1.243s] -- Detecting C compiler ABI info
[1.429s] -- Detecting C compiler ABI info - done
[1.451s] -- Check for working C compiler: /usr/bin/cc - skipped
[1.451s] -- Detecting C compile features
[1.453s] -- Detecting C compile features - done
[1.464s] -- Detecting CXX compiler ABI info
[1.834s] -- Detecting CXX compiler ABI info - done
[1.854s] -- Check for working CXX compiler: /usr/bin/c++ - skipped
[1.855s] -- Detecting CXX compile features
[1.855s] -- Detecting CXX compile features - done
[1.869s] -- Found ament_cmake: 1.3.7 (/opt/ros/humble/share/ament_cmake/cmake)
[2.367s] -- Found Python3: /usr/bin/python3.10 (found version "3.10.12") found components: Interpreter 
[2.622s] -- Found eigen3_cmake_module: 0.1.1 (/opt/ros/humble/share/eigen3_cmake_module/cmake)
[2.622s] -- Found Eigen3: TRUE (found version "3.4.0") 
[2.623s] -- Found geometry_msgs: 4.2.3 (/opt/ros/humble/share/geometry_msgs/cmake)
[2.700s] -- Found rosidl_generator_c: 3.1.5 (/opt/ros/humble/share/rosidl_generator_c/cmake)
[2.714s] -- Found rosidl_adapter: 3.1.5 (/opt/ros/humble/share/rosidl_adapter/cmake)
[2.723s] -- Found rosidl_generator_cpp: 3.1.5 (/opt/ros/humble/share/rosidl_generator_cpp/cmake)
[2.753s] -- Using all available rosidl_typesupport_c: rosidl_typesupport_fastrtps_c;rosidl_typesupport_introspection_c
[2.784s] -- Using all available rosidl_typesupport_cpp: rosidl_typesupport_fastrtps_cpp;rosidl_typesupport_introspection_cpp
[3.117s] -- Found rclcpp: 16.0.8 (/opt/ros/humble/share/rclcpp/cmake)
[3.286s] -- Found rmw_implementation_cmake: 6.1.1 (/opt/ros/humble/share/rmw_implementation_cmake/cmake)
[3.289s] -- Found rmw_fastrtps_cpp: 6.2.6 (/opt/ros/humble/share/rmw_fastrtps_cpp/cmake)
[3.575s] -- Found OpenSSL: /usr/lib/x86_64-linux-gnu/libcrypto.so (found version "3.0.2")  
[3.637s] -- Found FastRTPS: /opt/ros/humble/include  
[3.751s] -- Using RMW implementation 'rmw_fastrtps_cpp' as default
[3.807s] -- Looking for pthread.h
[3.983s] -- Looking for pthread.h - found
[3.983s] -- Performing Test CMAKE_HAVE_LIBC_PTHREAD
[4.185s] -- Performing Test CMAKE_HAVE_LIBC_PTHREAD - Success
[4.185s] -- Found Threads: TRUE  
[4.548s] -- Found tf2_eigen: 0.25.5 (/opt/ros/humble/share/tf2_eigen/cmake)
[5.490s] -- Found ament_lint_auto: 0.12.10 (/opt/ros/humble/share/ament_lint_auto/cmake)
[5.495s] -- Found ament_cmake_gtest: 1.3.7 (/opt/ros/humble/share/ament_cmake_gtest/cmake)
[5.500s] -- Found ros_testing: 0.4.0 (/opt/ros/humble/share/ros_testing/cmake)
[5.563s] -- Found launch_testing_ament_cmake: 1.0.4 (/opt/ros/humble/share/launch_testing_ament_cmake/cmake)
[5.581s] -- Found python_cmake_module: 0.10.0 (/opt/ros/humble/share/python_cmake_module/cmake)
[5.660s] -- Found PythonInterp: /usr/bin/python3 (found suitable version "3.10.12", minimum required is "3.6") 
[5.672s] -- Found PythonLibs: /usr/lib/x86_64-linux-gnu/libpython3.10.so (found suitable version "3.10.12", minimum required is "3.5") 
[5.673s] -- Using PYTHON_EXECUTABLE: /usr/bin/python3
[5.674s] -- Using PYTHON_INCLUDE_DIRS: /usr/include/python3.10
[5.675s] -- Using PYTHON_LIBRARIES: /usr/lib/x86_64-linux-gnu/libpython3.10.so
[5.722s] -- Found PythonExtra: .so  
[5.918s] -- Found gtest sources under '/opt/ros/humble/src/gtest_vendor': C++ tests using 'Google Test' will be built
[5.943s] -- Added test 'copyright' to check source files copyright and LICENSE
[5.947s] -- Added test 'lint_cmake' to check CMake code style
[5.950s] -- Added test 'pep257' to check Python code against some of the docstring style conventions in PEP 257
[5.952s] -- Added test 'xmllint' to check XML markup files
[5.960s] -- Configuring done
[6.057s] -- Generating done
[6.087s] -- Build files have been written to: /home/stephenq0503/Desktop/robot_arm_sim/build/rosparam_shortcuts
[6.233s] Invoked command in '/home/stephenq0503/Desktop/robot_arm_sim/build/rosparam_shortcuts' returned '0': CMAKE_PREFIX_PATH=${CMAKE_PREFIX_PATH}:/opt/ros/humble /usr/bin/cmake /home/stephenq0503/Desktop/robot_arm_sim/src/rosparam_shortcuts -DCMAKE_INSTALL_PREFIX=/home/stephenq0503/Desktop/robot_arm_sim/install/rosparam_shortcuts
[6.236s] Invoking command in '/home/stephenq0503/Desktop/robot_arm_sim/build/rosparam_shortcuts': CMAKE_PREFIX_PATH=${CMAKE_PREFIX_PATH}:/opt/ros/humble /usr/bin/cmake --build /home/stephenq0503/Desktop/robot_arm_sim/build/rosparam_shortcuts -- -j8 -l8
[6.488s] [  7%] [32mBuilding CXX object CMakeFiles/rosparam_shortcuts.dir/src/rosparam_shortcuts.cpp.o[0m
[6.502s] [ 15%] [32mBuilding CXX object gtest/CMakeFiles/gtest.dir/src/gtest-all.cc.o[0m
[6.506s] [ 23%] [32mBuilding CXX object CMakeFiles/rosparam_shortcuts.dir/src/node_parameters.cpp.o[0m
[6.520s] [ 30%] [32mBuilding CXX object gtest/CMakeFiles/gtest_main.dir/src/gtest_main.cc.o[0m
[9.882s] [ 38%] [32m[1mLinking CXX static library libgtest_main.a[0m
[10.143s] [ 38%] Built target gtest_main
[20.916s] [ 46%] [32m[1mLinking CXX static library libgtest.a[0m
[21.326s] [ 46%] Built target gtest
[28.503s] [ 53%] [32m[1mLinking CXX shared library librosparam_shortcuts.so[0m
[28.737s] [ 53%] Built target rosparam_shortcuts
[28.762s] [ 61%] [32mBuilding CXX object CMakeFiles/rosparam_shortcuts_example.dir/src/example.cpp.o[0m
[33.755s] [ 69%] [32m[1mLinking CXX executable example[0m
[34.026s] [ 69%] Built target rosparam_shortcuts_example
[34.059s] [ 76%] [32mBuilding CXX object CMakeFiles/test_node_parameters.dir/test/test_node_parameters.cpp.o[0m
[44.533s] [ 84%] [32m[1mLinking CXX executable test_node_parameters[0m
[45.541s] [ 84%] Built target test_node_parameters
[45.649s] [ 92%] [32mBuilding CXX object CMakeFiles/rosparam_shortcuts_node_parameters_example.dir/src/node_parameters_example.cpp.o[0m
[54.348s] [100%] [32m[1mLinking CXX executable node_parameters_example[0m
[54.700s] [100%] Built target rosparam_shortcuts_node_parameters_example
[54.716s] Invoked command in '/home/stephenq0503/Desktop/robot_arm_sim/build/rosparam_shortcuts' returned '0': CMAKE_PREFIX_PATH=${CMAKE_PREFIX_PATH}:/opt/ros/humble /usr/bin/cmake --build /home/stephenq0503/Desktop/robot_arm_sim/build/rosparam_shortcuts -- -j8 -l8
[54.781s] Invoking command in '/home/stephenq0503/Desktop/robot_arm_sim/build/rosparam_shortcuts': CMAKE_PREFIX_PATH=${CMAKE_PREFIX_PATH}:/opt/ros/humble /usr/bin/cmake --install /home/stephenq0503/Desktop/robot_arm_sim/build/rosparam_shortcuts
[54.791s] -- Install configuration: ""
[54.791s] -- Installing: /home/stephenq0503/Desktop/robot_arm_sim/install/rosparam_shortcuts/lib/librosparam_shortcuts.so
[54.793s] -- Set runtime path of "/home/stephenq0503/Desktop/robot_arm_sim/install/rosparam_shortcuts/lib/librosparam_shortcuts.so" to ""
[54.793s] -- Installing: /home/stephenq0503/Desktop/robot_arm_sim/install/rosparam_shortcuts/lib/rosparam_shortcuts/example
[54.794s] -- Set runtime path of "/home/stephenq0503/Desktop/robot_arm_sim/install/rosparam_shortcuts/lib/rosparam_shortcuts/example" to ""
[54.794s] -- Installing: /home/stephenq0503/Desktop/robot_arm_sim/install/rosparam_shortcuts/lib/rosparam_shortcuts/node_parameters_example
[54.795s] -- Set runtime path of "/home/stephenq0503/Desktop/robot_arm_sim/install/rosparam_shortcuts/lib/rosparam_shortcuts/node_parameters_example" to ""
[54.796s] -- Installing: /home/stephenq0503/Desktop/robot_arm_sim/install/rosparam_shortcuts/include
[54.796s] -- Installing: /home/stephenq0503/Desktop/robot_arm_sim/install/rosparam_shortcuts/include/rosparam_shortcuts
[54.796s] -- Installing: /home/stephenq0503/Desktop/robot_arm_sim/install/rosparam_shortcuts/include/rosparam_shortcuts/node_parameters.h
[54.796s] -- Installing: /home/stephenq0503/Desktop/robot_arm_sim/install/rosparam_shortcuts/include/rosparam_shortcuts/rosparam_shortcuts.h
[54.797s] -- Installing: /home/stephenq0503/Desktop/robot_arm_sim/install/rosparam_shortcuts/share/rosparam_shortcuts/launch
[54.798s] -- Installing: /home/stephenq0503/Desktop/robot_arm_sim/install/rosparam_shortcuts/share/rosparam_shortcuts/launch/example.launch.py
[54.799s] -- Installing: /home/stephenq0503/Desktop/robot_arm_sim/install/rosparam_shortcuts/share/rosparam_shortcuts/config
[54.799s] -- Installing: /home/stephenq0503/Desktop/robot_arm_sim/install/rosparam_shortcuts/share/rosparam_shortcuts/config/example.yaml
[54.799s] -- Installing: /home/stephenq0503/Desktop/robot_arm_sim/install/rosparam_shortcuts/share/rosparam_shortcuts/environment/library_path.sh
[54.799s] -- Installing: /home/stephenq0503/Desktop/robot_arm_sim/install/rosparam_shortcuts/share/rosparam_shortcuts/environment/library_path.dsv
[54.799s] -- Installing: /home/stephenq0503/Desktop/robot_arm_sim/install/rosparam_shortcuts/share/ament_index/resource_index/package_run_dependencies/rosparam_shortcuts
[54.800s] -- Installing: /home/stephenq0503/Desktop/robot_arm_sim/install/rosparam_shortcuts/share/ament_index/resource_index/parent_prefix_path/rosparam_shortcuts
[54.801s] -- Installing: /home/stephenq0503/Desktop/robot_arm_sim/install/rosparam_shortcuts/share/rosparam_shortcuts/environment/ament_prefix_path.sh
[54.801s] -- Installing: /home/stephenq0503/Desktop/robot_arm_sim/install/rosparam_shortcuts/share/rosparam_shortcuts/environment/ament_prefix_path.dsv
[54.801s] -- Installing: /home/stephenq0503/Desktop/robot_arm_sim/install/rosparam_shortcuts/share/rosparam_shortcuts/environment/path.sh
[54.801s] -- Installing: /home/stephenq0503/Desktop/robot_arm_sim/install/rosparam_shortcuts/share/rosparam_shortcuts/environment/path.dsv
[54.802s] -- Installing: /home/stephenq0503/Desktop/robot_arm_sim/install/rosparam_shortcuts/share/rosparam_shortcuts/local_setup.bash
[54.802s] -- Installing: /home/stephenq0503/Desktop/robot_arm_sim/install/rosparam_shortcuts/share/rosparam_shortcuts/local_setup.sh
[54.802s] -- Installing: /home/stephenq0503/Desktop/robot_arm_sim/install/rosparam_shortcuts/share/rosparam_shortcuts/local_setup.zsh
[54.803s] -- Installing: /home/stephenq0503/Desktop/robot_arm_sim/install/rosparam_shortcuts/share/rosparam_shortcuts/local_setup.dsv
[54.803s] -- Installing: /home/stephenq0503/Desktop/robot_arm_sim/install/rosparam_shortcuts/share/rosparam_shortcuts/package.dsv
[54.803s] -- Installing: /home/stephenq0503/Desktop/robot_arm_sim/install/rosparam_shortcuts/share/ament_index/resource_index/packages/rosparam_shortcuts
[54.804s] -- Installing: /home/stephenq0503/Desktop/robot_arm_sim/install/rosparam_shortcuts/share/rosparam_shortcuts/cmake/export_rosparam_shortcutsExport.cmake
[54.804s] -- Installing: /home/stephenq0503/Desktop/robot_arm_sim/install/rosparam_shortcuts/share/rosparam_shortcuts/cmake/export_rosparam_shortcutsExport-noconfig.cmake
[54.804s] -- Installing: /home/stephenq0503/Desktop/robot_arm_sim/install/rosparam_shortcuts/share/rosparam_shortcuts/cmake/ament_cmake_export_targets-extras.cmake
[54.805s] -- Installing: /home/stephenq0503/Desktop/robot_arm_sim/install/rosparam_shortcuts/share/rosparam_shortcuts/cmake/ament_cmake_export_dependencies-extras.cmake
[54.805s] -- Installing: /home/stephenq0503/Desktop/robot_arm_sim/install/rosparam_shortcuts/share/rosparam_shortcuts/cmake/rosparam_shortcutsConfig.cmake
[54.805s] -- Installing: /home/stephenq0503/Desktop/robot_arm_sim/install/rosparam_shortcuts/share/rosparam_shortcuts/cmake/rosparam_shortcutsConfig-version.cmake
[54.805s] -- Installing: /home/stephenq0503/Desktop/robot_arm_sim/install/rosparam_shortcuts/share/rosparam_shortcuts/package.xml
[54.808s] Invoked command in '/home/stephenq0503/Desktop/robot_arm_sim/build/rosparam_shortcuts' returned '0': CMAKE_PREFIX_PATH=${CMAKE_PREFIX_PATH}:/opt/ros/humble /usr/bin/cmake --install /home/stephenq0503/Desktop/robot_arm_sim/build/rosparam_shortcuts
