running egg_info
writing ../../build/my_robot_pkg/my_robot_pkg.egg-info/PKG-INFO
writing dependency_links to ../../build/my_robot_pkg/my_robot_pkg.egg-info/dependency_links.txt
writing entry points to ../../build/my_robot_pkg/my_robot_pkg.egg-info/entry_points.txt
writing requirements to ../../build/my_robot_pkg/my_robot_pkg.egg-info/requires.txt
writing top-level names to ../../build/my_robot_pkg/my_robot_pkg.egg-info/top_level.txt
reading manifest file '../../build/my_robot_pkg/my_robot_pkg.egg-info/SOURCES.txt'
writing manifest file '../../build/my_robot_pkg/my_robot_pkg.egg-info/SOURCES.txt'
running build
running build_py
running install
running install_lib
running install_data
creating /home/stephenq0503/Desktop/robot_arm_sim/install/my_robot_pkg/share/my_robot_pkg/description/meshes/visual
copying description/meshes/visual/finger.dae -> /home/stephenq0503/Desktop/robot_arm_sim/install/my_robot_pkg/share/my_robot_pkg/description/meshes/visual
copying description/meshes/visual/link2.dae -> /home/stephenq0503/Desktop/robot_arm_sim/install/my_robot_pkg/share/my_robot_pkg/description/meshes/visual
copying description/meshes/visual/link5.dae -> /home/stephenq0503/Desktop/robot_arm_sim/install/my_robot_pkg/share/my_robot_pkg/description/meshes/visual
copying description/meshes/visual/link1.dae -> /home/stephenq0503/Desktop/robot_arm_sim/install/my_robot_pkg/share/my_robot_pkg/description/meshes/visual
copying description/meshes/visual/hand.dae -> /home/stephenq0503/Desktop/robot_arm_sim/install/my_robot_pkg/share/my_robot_pkg/description/meshes/visual
copying description/meshes/visual/link0.dae -> /home/stephenq0503/Desktop/robot_arm_sim/install/my_robot_pkg/share/my_robot_pkg/description/meshes/visual
copying description/meshes/visual/link4.dae -> /home/stephenq0503/Desktop/robot_arm_sim/install/my_robot_pkg/share/my_robot_pkg/description/meshes/visual
copying description/meshes/visual/link7.dae -> /home/stephenq0503/Desktop/robot_arm_sim/install/my_robot_pkg/share/my_robot_pkg/description/meshes/visual
copying description/meshes/visual/link6.dae -> /home/stephenq0503/Desktop/robot_arm_sim/install/my_robot_pkg/share/my_robot_pkg/description/meshes/visual
copying description/meshes/visual/link3.dae -> /home/stephenq0503/Desktop/robot_arm_sim/install/my_robot_pkg/share/my_robot_pkg/description/meshes/visual
creating /home/stephenq0503/Desktop/robot_arm_sim/install/my_robot_pkg/share/my_robot_pkg/description/meshes/collision
copying description/meshes/collision/link7.stl -> /home/stephenq0503/Desktop/robot_arm_sim/install/my_robot_pkg/share/my_robot_pkg/description/meshes/collision
copying description/meshes/collision/finger.stl -> /home/stephenq0503/Desktop/robot_arm_sim/install/my_robot_pkg/share/my_robot_pkg/description/meshes/collision
copying description/meshes/collision/link3.stl -> /home/stephenq0503/Desktop/robot_arm_sim/install/my_robot_pkg/share/my_robot_pkg/description/meshes/collision
copying description/meshes/collision/hand.stl -> /home/stephenq0503/Desktop/robot_arm_sim/install/my_robot_pkg/share/my_robot_pkg/description/meshes/collision
copying description/meshes/collision/link2.stl -> /home/stephenq0503/Desktop/robot_arm_sim/install/my_robot_pkg/share/my_robot_pkg/description/meshes/collision
copying description/meshes/collision/link6.stl -> /home/stephenq0503/Desktop/robot_arm_sim/install/my_robot_pkg/share/my_robot_pkg/description/meshes/collision
copying description/meshes/collision/link5.stl -> /home/stephenq0503/Desktop/robot_arm_sim/install/my_robot_pkg/share/my_robot_pkg/description/meshes/collision
copying description/meshes/collision/link4.stl -> /home/stephenq0503/Desktop/robot_arm_sim/install/my_robot_pkg/share/my_robot_pkg/description/meshes/collision
copying description/meshes/collision/link1.stl -> /home/stephenq0503/Desktop/robot_arm_sim/install/my_robot_pkg/share/my_robot_pkg/description/meshes/collision
copying description/meshes/collision/link0.stl -> /home/stephenq0503/Desktop/robot_arm_sim/install/my_robot_pkg/share/my_robot_pkg/description/meshes/collision
running install_egg_info
removing '/home/stephenq0503/Desktop/robot_arm_sim/install/my_robot_pkg/lib/python3.10/site-packages/my_robot_pkg-0.0.0-py3.10.egg-info' (and everything under it)
Copying ../../build/my_robot_pkg/my_robot_pkg.egg-info to /home/stephenq0503/Desktop/robot_arm_sim/install/my_robot_pkg/lib/python3.10/site-packages/my_robot_pkg-0.0.0-py3.10.egg-info
running install_scripts
Installing trajectory_points_act_server script to /home/stephenq0503/Desktop/robot_arm_sim/install/my_robot_pkg/lib/my_robot_pkg
Installing trajectory_points_topic script to /home/stephenq0503/Desktop/robot_arm_sim/install/my_robot_pkg/lib/my_robot_pkg
writing list of installed files to '/home/stephenq0503/Desktop/robot_arm_sim/build/my_robot_pkg/install.log'
