[0.845s] Invoking command in '/home/stephenq0503/Desktop/robot_arm_sim/build/moveit_core': AMENT_PREFIX_PATH=/home/stephenq0503/Desktop/robot_arm_sim/install/moveit_resources_panda_moveit_config:/home/stephenq0503/Desktop/robot_arm_sim/install/srdfdom:/home/stephenq0503/Desktop/robot_arm_sim/install/moveit_resources_pr2_description:/home/stephenq0503/Desktop/robot_arm_sim/install/moveit_resources_panda_description:/home/stephenq0503/Desktop/robot_arm_sim/install/moveit_common:${AMENT_PREFIX_PATH} CMAKE_PREFIX_PATH=/home/stephenq0503/Desktop/robot_arm_sim/install/moveit_resources_panda_moveit_config:/home/stephenq0503/Desktop/robot_arm_sim/install/srdfdom:/home/stephenq0503/Desktop/robot_arm_sim/install/moveit_resources_pr2_description:/home/stephenq0503/Desktop/robot_arm_sim/install/moveit_resources_panda_description:/home/stephenq0503/Desktop/robot_arm_sim/install/moveit_common:/home/stephenq0503/Desktop/robot_arm_sim/install/six_dof_arm:/home/stephenq0503/Desktop/robot_arm_sim/install/gazebo_ros2_control:/opt/ros/humble LD_LIBRARY_PATH=/home/stephenq0503/Desktop/robot_arm_sim/install/srdfdom/lib:${LD_LIBRARY_PATH} PYTHONPATH=/home/stephenq0503/Desktop/robot_arm_sim/install/srdfdom/local/lib/python3.10/dist-packages:${PYTHONPATH} /usr/bin/cmake /home/stephenq0503/Desktop/robot_arm_sim/src/moveit2/moveit_core -DCMAKE_INSTALL_PREFIX=/home/stephenq0503/Desktop/robot_arm_sim/install/moveit_core
[1.346s] -- The CXX compiler identification is GNU 11.4.0
[1.394s] -- Detecting CXX compiler ABI info
[1.865s] -- Detecting CXX compiler ABI info - done
[1.901s] -- Check for working CXX compiler: /usr/bin/c++ - skipped
[1.902s] -- Detecting CXX compile features
[1.903s] -- Detecting CXX compile features - done
[1.927s] -- Found moveit_common: 2.5.5 (/home/stephenq0503/Desktop/robot_arm_sim/install/moveit_common/share/moveit_common/cmake)
[1.937s] -- Found ament_cmake: 1.3.7 (/opt/ros/humble/share/ament_cmake/cmake)
[3.118s] -- Found Python3: /usr/bin/python3.10 (found version "3.10.12") found components: Interpreter 
[3.768s] -- Found libdw: /usr/lib/x86_64-linux-gnu/libdw.so  
[3.789s] -- Could NOT find libbfd (missing: LIBBFD_LIBRARY LIBBFD_INCLUDE_DIR) 
[3.791s] -- BACKWARD_HAS_UNWIND=1
[3.793s] -- BACKWARD_HAS_BACKTRACE=0
[3.798s] -- BACKWARD_HAS_BACKTRACE_SYMBOL=0
[3.802s] -- BACKWARD_HAS_DW=1
[3.804s] -- BACKWARD_HAS_BFD=0
[3.808s] -- Found Backward: /opt/ros/humble/share/backward_ros/cmake  
[3.811s] [0mmoveit_core: You did not request a specific build type: Choosing 'Release' for maximum performance[0m
[3.828s] -- Found angles: 1.15.0 (/opt/ros/humble/share/angles/cmake)
[3.938s] -- Found Bullet: /usr/lib/x86_64-linux-gnu/libBulletDynamics.so (Required is at least version "2.87") 
[3.946s] -- Found common_interfaces: 4.2.3 (/opt/ros/humble/share/common_interfaces/cmake)
[3.961s] -- Found eigen_stl_containers: 1.0.0 (/opt/ros/humble/share/eigen_stl_containers/cmake)
[3.986s] -- Found eigen3_cmake_module: 0.1.1 (/opt/ros/humble/share/eigen3_cmake_module/cmake)
[3.996s] -- Found Eigen3: TRUE (found version "3.4.0") 
[4.008s] -- Found generate_parameter_library: 0.3.7 (/opt/ros/humble/share/generate_parameter_library/cmake)
[4.019s] -- Found parameter_traits: 0.3.7 (/opt/ros/humble/share/parameter_traits/cmake)
[4.126s] -- Found rosidl_generator_c: 3.1.5 (/opt/ros/humble/share/rosidl_generator_c/cmake)
[4.146s] -- Found rosidl_adapter: 3.1.5 (/opt/ros/humble/share/rosidl_adapter/cmake)
[4.205s] -- Found rosidl_generator_cpp: 3.1.5 (/opt/ros/humble/share/rosidl_generator_cpp/cmake)
[4.275s] -- Using all available rosidl_typesupport_c: rosidl_typesupport_fastrtps_c;rosidl_typesupport_introspection_c
[4.425s] -- Using all available rosidl_typesupport_cpp: rosidl_typesupport_fastrtps_cpp;rosidl_typesupport_introspection_cpp
[4.620s] -- Found rmw_implementation_cmake: 6.1.1 (/opt/ros/humble/share/rmw_implementation_cmake/cmake)
[4.634s] -- Found rmw_fastrtps_cpp: 6.2.6 (/opt/ros/humble/share/rmw_fastrtps_cpp/cmake)
[5.391s] -- Found OpenSSL: /usr/lib/x86_64-linux-gnu/libcrypto.so (found version "3.0.2")  
[5.551s] -- Found FastRTPS: /opt/ros/humble/include  
[5.997s] -- Using RMW implementation 'rmw_fastrtps_cpp' as default
[6.036s] -- Looking for C++ include pthread.h
[6.936s] -- Looking for C++ include pthread.h - found
[6.940s] -- Performing Test CMAKE_HAVE_LIBC_PTHREAD
[7.836s] -- Performing Test CMAKE_HAVE_LIBC_PTHREAD - Success
[7.838s] -- Found Threads: TRUE  
[8.868s] -- Found rclcpp_lifecycle: 16.0.8 (/opt/ros/humble/share/rclcpp_lifecycle/cmake)
[9.134s] -- Found geometric_shapes: 2.1.3 (/opt/ros/humble/share/geometric_shapes/cmake)
[9.264s] -- Found Boost: /usr/lib/x86_64-linux-gnu/cmake/Boost-1.74.0/BoostConfig.cmake (found version "1.74.0") found components: filesystem 
[10.384s] -- library: /usr/lib/x86_64-linux-gnu/libcurl.so
[11.662s] -- Found kdl_parser: 2.6.4 (/opt/ros/humble/share/kdl_parser/cmake)
[11.688s] -- Ensuring Eigen3 include directory is part of orocos-kdl CMake target
[11.883s] -- Found moveit_msgs: 2.2.1 (/opt/ros/humble/share/moveit_msgs/cmake)
[13.375s] -- Found pluginlib: 5.1.0 (/opt/ros/humble/share/pluginlib/cmake)
[13.422s] -- Found srdfdom: 2.0.4 (/home/stephenq0503/Desktop/robot_arm_sim/install/srdfdom/share/srdfdom/cmake)
[13.460s] -- Found tf2_eigen: 0.25.5 (/opt/ros/humble/share/tf2_eigen/cmake)
[13.950s] -- Found tf2_geometry_msgs: 0.25.5 (/opt/ros/humble/share/tf2_geometry_msgs/cmake)
[13.969s] -- Found tf2_kdl: 0.25.5 (/opt/ros/humble/share/tf2_kdl/cmake)
[14.060s] -- Found Boost: /usr/lib/x86_64-linux-gnu/cmake/Boost-1.74.0/BoostConfig.cmake (found version "1.74.0") found components: chrono date_time filesystem iostreams program_options regex serialization system thread 
[14.064s] --  *** Building MoveIt 2.5.5-Alpha ***
[14.074s] -- Performing Test COMPILER_HAS_HIDDEN_VISIBILITY
[14.221s] -- Performing Test COMPILER_HAS_HIDDEN_VISIBILITY - Success
[14.223s] -- Performing Test COMPILER_HAS_HIDDEN_INLINE_VISIBILITY
[14.372s] -- Performing Test COMPILER_HAS_HIDDEN_INLINE_VISIBILITY - Success
[14.372s] -- Performing Test COMPILER_HAS_DEPRECATED_ATTR
[14.523s] -- Performing Test COMPILER_HAS_DEPRECATED_ATTR - Success
[14.533s] -- Found ament_cmake_gtest: 1.3.7 (/opt/ros/humble/share/ament_cmake_gtest/cmake)
[14.539s] -- Found gtest sources under '/opt/ros/humble/src/gtest_vendor': C++ tests using 'Google Test' will be built
[14.602s] -- The C compiler identification is GNU 11.4.0
[14.611s] -- Detecting C compiler ABI info
[14.758s] -- Detecting C compiler ABI info - done
[14.770s] -- Check for working C compiler: /usr/bin/cc - skipped
[14.770s] -- Detecting C compile features
[14.771s] -- Detecting C compile features - done
[14.788s] -- Found ament_cmake_gmock: 1.3.7 (/opt/ros/humble/share/ament_cmake_gmock/cmake)
[14.853s] -- Found gmock sources under '/opt/ros/humble/src/gmock_vendor': C++ tests using 'Google Mock' will be built
[14.858s] -- Found ament_cmake_gtest: 1.3.7 (/opt/ros/humble/share/ament_cmake_gtest/cmake)
[14.859s] -- Found gtest sources under '/opt/ros/humble/src/gtest_vendor': C++ tests using 'Google Test' will be built
[14.876s] -- Found ament_cmake_gtest: 1.3.7 (/opt/ros/humble/share/ament_cmake_gtest/cmake)
[14.877s] -- Found gtest sources under '/opt/ros/humble/src/gtest_vendor': C++ tests using 'Google Test' will be built
[14.909s] -- Found ament_cmake_gtest: 1.3.7 (/opt/ros/humble/share/ament_cmake_gtest/cmake)
[14.910s] -- Found gtest sources under '/opt/ros/humble/src/gtest_vendor': C++ tests using 'Google Test' will be built
[14.934s] -- Found ament_lint_auto: 0.12.10 (/opt/ros/humble/share/ament_lint_auto/cmake)
[14.935s] -- Found ament_cmake_gtest: 1.3.7 (/opt/ros/humble/share/ament_cmake_gtest/cmake)
[14.937s] -- Found gtest sources under '/opt/ros/humble/src/gtest_vendor': C++ tests using 'Google Test' will be built
[14.961s] -- Found ament_cmake_gtest: 1.3.7 (/opt/ros/humble/share/ament_cmake_gtest/cmake)
[14.962s] -- Found gtest sources under '/opt/ros/humble/src/gtest_vendor': C++ tests using 'Google Test' will be built
[14.977s] -- Found ament_cmake_gtest: 1.3.7 (/opt/ros/humble/share/ament_cmake_gtest/cmake)
[14.978s] -- Found gtest sources under '/opt/ros/humble/src/gtest_vendor': C++ tests using 'Google Test' will be built
[14.990s] -- Found ament_cmake_gtest: 1.3.7 (/opt/ros/humble/share/ament_cmake_gtest/cmake)
[14.992s] -- Found gtest sources under '/opt/ros/humble/src/gtest_vendor': C++ tests using 'Google Test' will be built
[15.009s] -- Found gtest sources under '/opt/ros/humble/src/gtest_vendor': C++ tests using 'Google Test' will be built
[15.025s] -- Found gtest sources under '/opt/ros/humble/src/gtest_vendor': C++ tests using 'Google Test' will be built
[15.044s] -- Found ament_cmake_gtest: 1.3.7 (/opt/ros/humble/share/ament_cmake_gtest/cmake)
[15.045s] -- Found gtest sources under '/opt/ros/humble/src/gtest_vendor': C++ tests using 'Google Test' will be built
[15.078s] -- Found gtest sources under '/opt/ros/humble/src/gtest_vendor': C++ tests using 'Google Test' will be built
[15.099s] -- Found gtest sources under '/opt/ros/humble/src/gtest_vendor': C++ tests using 'Google Test' will be built
[15.116s] -- Found gtest sources under '/opt/ros/humble/src/gtest_vendor': C++ tests using 'Google Test' will be built
[15.128s] -- Found ament_lint_auto: 0.12.10 (/opt/ros/humble/share/ament_lint_auto/cmake)
[15.183s] -- Added test 'cppcheck' to perform static code analysis on C / C++ code
[15.185s] -- Configured cppcheck include dirs: /home/stephenq0503/Desktop/robot_arm_sim/src/moveit2/moveit_core/exceptions/include;/home/stephenq0503/Desktop/robot_arm_sim/src/moveit2/moveit_core/collision_detection/include;/home/stephenq0503/Desktop/robot_arm_sim/src/moveit2/moveit_core/collision_detection_fcl/include;/home/stephenq0503/Desktop/robot_arm_sim/src/moveit2/moveit_core/collision_detection_bullet/include;/home/stephenq0503/Desktop/robot_arm_sim/src/moveit2/moveit_core/constraint_samplers/include;/home/stephenq0503/Desktop/robot_arm_sim/src/moveit2/moveit_core/controller_manager/include;/home/stephenq0503/Desktop/robot_arm_sim/src/moveit2/moveit_core/distance_field/include;/home/stephenq0503/Desktop/robot_arm_sim/src/moveit2/moveit_core/collision_distance_field/include;/home/stephenq0503/Desktop/robot_arm_sim/src/moveit2/moveit_core/dynamics_solver/include;/home/stephenq0503/Desktop/robot_arm_sim/src/moveit2/moveit_core/kinematics_base/include;/home/stephenq0503/Desktop/robot_arm_sim/src/moveit2/moveit_core/kinematics_metrics/include;/home/stephenq0503/Desktop/robot_arm_sim/src/moveit2/moveit_core/robot_model/include;/home/stephenq0503/Desktop/robot_arm_sim/src/moveit2/moveit_core/transforms/include;/home/stephenq0503/Desktop/robot_arm_sim/src/moveit2/moveit_core/robot_state/include;/home/stephenq0503/Desktop/robot_arm_sim/src/moveit2/moveit_core/robot_trajectory/include;/home/stephenq0503/Desktop/robot_arm_sim/src/moveit2/moveit_core/kinematic_constraints/include;/home/stephenq0503/Desktop/robot_arm_sim/src/moveit2/moveit_core/macros/include;/home/stephenq0503/Desktop/robot_arm_sim/src/moveit2/moveit_core/online_signal_smoothing/include;/home/stephenq0503/Desktop/robot_arm_sim/src/moveit2/moveit_core/planning_interface/include;/home/stephenq0503/Desktop/robot_arm_sim/src/moveit2/moveit_core/planning_request_adapter/include;/home/stephenq0503/Desktop/robot_arm_sim/src/moveit2/moveit_core/planning_scene/include;/home/stephenq0503/Desktop/robot_arm_sim/src/moveit2/moveit_core/sensor_manager/include;/home/stephenq0503/Desktop/robot_arm_sim/src/moveit2/moveit_core/trajectory_processing/include;/home/stephenq0503/Desktop/robot_arm_sim/src/moveit2/moveit_core/utils/include
[15.185s] -- Configured cppcheck exclude dirs and/or files: 
[15.191s] -- Added test 'pep257' to check Python code against some of the docstring style conventions in PEP 257
[15.196s] -- Added test 'xmllint' to check XML markup files
[15.200s] -- Configuring done
[16.582s] -- Generating done
[16.594s] -- Build files have been written to: /home/stephenq0503/Desktop/robot_arm_sim/build/moveit_core
[16.643s] Invoked command in '/home/stephenq0503/Desktop/robot_arm_sim/build/moveit_core' returned '0': AMENT_PREFIX_PATH=/home/stephenq0503/Desktop/robot_arm_sim/install/moveit_resources_panda_moveit_config:/home/stephenq0503/Desktop/robot_arm_sim/install/srdfdom:/home/stephenq0503/Desktop/robot_arm_sim/install/moveit_resources_pr2_description:/home/stephenq0503/Desktop/robot_arm_sim/install/moveit_resources_panda_description:/home/stephenq0503/Desktop/robot_arm_sim/install/moveit_common:${AMENT_PREFIX_PATH} CMAKE_PREFIX_PATH=/home/stephenq0503/Desktop/robot_arm_sim/install/moveit_resources_panda_moveit_config:/home/stephenq0503/Desktop/robot_arm_sim/install/srdfdom:/home/stephenq0503/Desktop/robot_arm_sim/install/moveit_resources_pr2_description:/home/stephenq0503/Desktop/robot_arm_sim/install/moveit_resources_panda_description:/home/stephenq0503/Desktop/robot_arm_sim/install/moveit_common:/home/stephenq0503/Desktop/robot_arm_sim/install/six_dof_arm:/home/stephenq0503/Desktop/robot_arm_sim/install/gazebo_ros2_control:/opt/ros/humble LD_LIBRARY_PATH=/home/stephenq0503/Desktop/robot_arm_sim/install/srdfdom/lib:${LD_LIBRARY_PATH} PYTHONPATH=/home/stephenq0503/Desktop/robot_arm_sim/install/srdfdom/local/lib/python3.10/dist-packages:${PYTHONPATH} /usr/bin/cmake /home/stephenq0503/Desktop/robot_arm_sim/src/moveit2/moveit_core -DCMAKE_INSTALL_PREFIX=/home/stephenq0503/Desktop/robot_arm_sim/install/moveit_core
[16.645s] Invoking command in '/home/stephenq0503/Desktop/robot_arm_sim/build/moveit_core': AMENT_PREFIX_PATH=/home/stephenq0503/Desktop/robot_arm_sim/install/moveit_resources_panda_moveit_config:/home/stephenq0503/Desktop/robot_arm_sim/install/srdfdom:/home/stephenq0503/Desktop/robot_arm_sim/install/moveit_resources_pr2_description:/home/stephenq0503/Desktop/robot_arm_sim/install/moveit_resources_panda_description:/home/stephenq0503/Desktop/robot_arm_sim/install/moveit_common:${AMENT_PREFIX_PATH} CMAKE_PREFIX_PATH=/home/stephenq0503/Desktop/robot_arm_sim/install/moveit_resources_panda_moveit_config:/home/stephenq0503/Desktop/robot_arm_sim/install/srdfdom:/home/stephenq0503/Desktop/robot_arm_sim/install/moveit_resources_pr2_description:/home/stephenq0503/Desktop/robot_arm_sim/install/moveit_resources_panda_description:/home/stephenq0503/Desktop/robot_arm_sim/install/moveit_common:/home/stephenq0503/Desktop/robot_arm_sim/install/six_dof_arm:/home/stephenq0503/Desktop/robot_arm_sim/install/gazebo_ros2_control:/opt/ros/humble LD_LIBRARY_PATH=/home/stephenq0503/Desktop/robot_arm_sim/install/srdfdom/lib:${LD_LIBRARY_PATH} PYTHONPATH=/home/stephenq0503/Desktop/robot_arm_sim/install/srdfdom/local/lib/python3.10/dist-packages:${PYTHONPATH} /usr/bin/cmake --build /home/stephenq0503/Desktop/robot_arm_sim/build/moveit_core -- -j8 -l8
[16.726s] [  0%] [32mBuilding CXX object transforms/CMakeFiles/moveit_transforms.dir/src/transforms.cpp.o[0m
[21.752s] [  0%] [32mBuilding CXX object gmock/CMakeFiles/gmock.dir/opt/ros/humble/src/gtest_vendor/src/gtest-all.cc.o[0m
[22.778s] [  1%] [32mBuilding CXX object gtest/CMakeFiles/gtest_main.dir/src/gtest_main.cc.o[0m
[23.835s] [  1%] [32mBuilding CXX object gtest/CMakeFiles/gtest.dir/src/gtest-all.cc.o[0m
[24.867s] [  2%] [32mBuilding CXX object utils/CMakeFiles/moveit_utils.dir/src/lexical_casts.cpp.o[0m
[25.254s] [  2%] [32m[1mLinking CXX static library libgtest_main.a[0m
[25.331s] [  2%] Built target gtest_main
[25.357s] [  2%] [32mBuilding CXX object utils/CMakeFiles/moveit_utils.dir/src/message_checks.cpp.o[0m
[25.378s] [  3%] [32mBuilding CXX object distance_field/CMakeFiles/moveit_distance_field.dir/src/distance_field.cpp.o[0m
[25.410s] [  3%] [32mBuilding CXX object kinematics_base/CMakeFiles/moveit_kinematics_base.dir/src/kinematics_base.cpp.o[0m
[26.345s] [  3%] [32mBuilding CXX object distance_field/CMakeFiles/moveit_distance_field.dir/src/find_internal_points.cpp.o[0m
[27.439s] [  3%] [32mBuilding CXX object exceptions/CMakeFiles/moveit_exceptions.dir/src/exceptions.cpp.o[0m
[28.535s] [  4%] [32mBuilding CXX object utils/CMakeFiles/moveit_utils.dir/src/rclcpp_utils.cpp.o[0m
[29.345s] [  4%] [32m[1mLinking CXX shared library libmoveit_utils.so[0m
[29.424s] [  5%] [32m[1mLinking CXX shared library libmoveit_transforms.so[0m
[29.975s] [  5%] Built target moveit_transforms
[30.026s] [  5%] [32mBuilding CXX object gmock/CMakeFiles/gmock_main.dir/src/gmock_main.cc.o[0m
[30.206s] [  6%] [32m[1mLinking CXX shared library libmoveit_exceptions.so[0m
[30.711s] [  6%] Built target moveit_exceptions
[30.803s] [  6%] [32mBuilding CXX object online_signal_smoothing/CMakeFiles/moveit_smoothing_base.dir/src/smoothing_base_class.cpp.o[0m
[31.541s] [  6%] Built target moveit_utils
[34.341s] [  7%] [32m[1mLinking CXX static library libgmock_main.a[0m
[34.416s] [  7%] Built target gmock_main
[37.231s] [  8%] [32m[1mLinking CXX shared library libmoveit_kinematics_base.so[0m
[37.602s] [  8%] Built target moveit_kinematics_base
[38.180s] [  9%] [32m[1mLinking CXX shared library libmoveit_smoothing_base.so[0m
[38.474s] [  9%] Built target moveit_smoothing_base
[39.174s] [ 10%] [32mBuilding CXX object gmock/CMakeFiles/gmock.dir/src/gmock-all.cc.o[0m
[41.868s] [ 11%] [32mBuilding CXX object distance_field/CMakeFiles/moveit_distance_field.dir/src/propagation_distance_field.cpp.o[0m
[42.443s] [ 12%] [32m[1mLinking CXX static library libgtest.a[0m
[42.494s] [ 12%] Built target gtest
[42.523s] [ 12%] [32mBuilding CXX object robot_model/CMakeFiles/moveit_robot_model.dir/src/fixed_joint_model.cpp.o[0m
[42.526s] [ 13%] [32mBuilding CXX object robot_model/CMakeFiles/moveit_robot_model.dir/src/aabb.cpp.o[0m
[43.845s] [ 14%] [32m[1mLinking CXX static library libgmock.a[0m
[43.924s] [ 14%] Built target gmock
[43.963s] [ 14%] [32mBuilding CXX object transforms/CMakeFiles/test_transforms.dir/test/test_transforms.cpp.o[0m
[44.778s] [ 15%] [32mBuilding CXX object robot_model/CMakeFiles/moveit_robot_model.dir/src/joint_model.cpp.o[0m
[45.568s] [ 15%] [32mBuilding CXX object robot_model/CMakeFiles/moveit_robot_model.dir/src/joint_model_group.cpp.o[0m
[46.587s] [ 16%] [32mBuilding CXX object robot_model/CMakeFiles/moveit_robot_model.dir/src/link_model.cpp.o[0m
[47.614s] [ 17%] [32mBuilding CXX object robot_model/CMakeFiles/moveit_robot_model.dir/src/floating_joint_model.cpp.o[0m
[48.880s] [ 17%] [32mBuilding CXX object robot_model/CMakeFiles/moveit_robot_model.dir/src/planar_joint_model.cpp.o[0m
[50.573s] [ 18%] [32m[1mLinking CXX executable test_transforms[0m
[50.921s] [ 18%] Built target test_transforms
[50.940s] [ 19%] [32mBuilding CXX object robot_model/CMakeFiles/moveit_robot_model.dir/src/prismatic_joint_model.cpp.o[0m
[50.963s] [ 20%] [32mBuilding CXX object version/CMakeFiles/moveit_version.dir/version.cpp.o[0m
[51.058s] [ 21%] [32m[1mLinking CXX executable moveit_version[0m
[51.310s] [ 21%] Built target moveit_version
[51.355s] [ 22%] [34m[1mRunning `/opt/ros/humble/bin/generate_parameter_library_cpp /home/stephenq0503/Desktop/robot_arm_sim/build/moveit_core/online_signal_smoothing/moveit_butterworth_parameters/include//moveit_butterworth_parameters.hpp /home/stephenq0503/Desktop/robot_arm_sim/src/moveit2/moveit_core/online_signal_smoothing/src/butterworth_parameters.yaml `[0m
[51.830s] [ 22%] Built target moveit_butterworth_parameters
[54.725s] [ 22%] [32mBuilding CXX object robot_model/CMakeFiles/moveit_robot_model.dir/src/robot_model.cpp.o[0m
[55.101s] [ 22%] [32m[1mLinking CXX shared library libmoveit_distance_field.so[0m
[55.340s] [ 23%] [32mBuilding CXX object robot_model/CMakeFiles/moveit_robot_model.dir/src/revolute_joint_model.cpp.o[0m
[55.432s] [ 23%] Built target moveit_distance_field
[55.464s] [ 24%] [32mBuilding CXX object distance_field/CMakeFiles/test_voxel_grid.dir/test/test_voxel_grid.cpp.o[0m
[62.773s] [ 24%] [32m[1mLinking CXX executable test_voxel_grid[0m
[62.975s] [ 24%] Built target test_voxel_grid
[63.005s] [ 24%] [32mBuilding CXX object distance_field/CMakeFiles/test_distance_field.dir/test/test_distance_field.cpp.o[0m
[67.525s] [ 25%] [32m[1mLinking CXX shared library libmoveit_robot_model.so[0m
[67.816s] [ 25%] Built target moveit_robot_model
[67.849s] [ 25%] [32mBuilding CXX object robot_state/CMakeFiles/moveit_robot_state.dir/src/attached_body.cpp.o[0m
[67.851s] [ 26%] [32mBuilding CXX object robot_state/CMakeFiles/moveit_robot_state.dir/src/cartesian_interpolator.cpp.o[0m
[67.852s] [ 26%] [32mBuilding CXX object robot_state/CMakeFiles/moveit_robot_state.dir/src/conversions.cpp.o[0m
[67.853s] [ 27%] [32mBuilding CXX object online_signal_smoothing/CMakeFiles/moveit_butterworth_filter.dir/src/butterworth_filter.cpp.o[0m
[67.854s] [ 28%] [32mBuilding CXX object robot_state/CMakeFiles/moveit_robot_state.dir/src/robot_state.cpp.o[0m
[67.860s] [ 29%] [32mBuilding CXX object utils/CMakeFiles/moveit_test_utils.dir/src/robot_model_test_utils.cpp.o[0m
[83.182s] [ 29%] [32m[1mLinking CXX shared library libmoveit_butterworth_filter.so[0m
[83.925s] [ 30%] [32m[1mLinking CXX executable test_distance_field[0m
[83.992s] [ 30%] Built target moveit_butterworth_filter
[84.028s] [ 30%] [32mBuilding CXX object online_signal_smoothing/CMakeFiles/test_butterworth_filter.dir/test/test_butterworth_filter.cpp.o[0m
[84.575s] [ 30%] Built target test_distance_field
[87.908s] [ 30%] [32m[1mLinking CXX shared library libmoveit_test_utils.so[0m
[88.277s] [ 30%] Built target moveit_test_utils
[88.307s] [ 31%] [32mBuilding CXX object robot_model/CMakeFiles/test_robot_model.dir/test/test.cpp.o[0m
[95.227s] [ 32%] [32m[1mLinking CXX executable test_butterworth_filter[0m
[95.495s] [ 32%] Built target test_butterworth_filter
[97.039s] [ 32%] [32m[1mLinking CXX executable test_robot_model[0m
[97.381s] [ 32%] Built target test_robot_model
[105.210s] [ 33%] [32m[1mLinking CXX shared library libmoveit_robot_state.so[0m
[105.495s] [ 33%] Built target moveit_robot_state
[105.529s] [ 34%] [32mBuilding CXX object collision_detection/CMakeFiles/moveit_collision_detection.dir/src/allvalid/collision_env_allvalid.cpp.o[0m
[105.530s] [ 34%] [32mBuilding CXX object robot_trajectory/CMakeFiles/moveit_robot_trajectory.dir/src/robot_trajectory.cpp.o[0m
[105.533s] [ 35%] [32mBuilding CXX object dynamics_solver/CMakeFiles/moveit_dynamics_solver.dir/src/dynamics_solver.cpp.o[0m
[105.533s] [ 36%] [32mBuilding CXX object robot_state/CMakeFiles/test_robot_state.dir/test/robot_state_test.cpp.o[0m
[105.534s] [ 36%] [32mBuilding CXX object robot_state/CMakeFiles/test_robot_state_benchmark.dir/test/robot_state_benchmark.cpp.o[0m
[105.538s] [ 36%] [32mBuilding CXX object kinematics_metrics/CMakeFiles/moveit_kinematics_metrics.dir/src/kinematics_metrics.cpp.o[0m
[106.601s] [ 36%] [32mBuilding CXX object robot_state/CMakeFiles/test_aabb.dir/test/test_aabb.cpp.o[0m
[106.629s] [ 36%] [32mBuilding CXX object robot_state/CMakeFiles/test_robot_state_complex.dir/test/test_kinematic_complex.cpp.o[0m
[119.862s] [ 36%] [32mBuilding CXX object collision_detection/CMakeFiles/moveit_collision_detection.dir/src/collision_common.cpp.o[0m
[122.088s] [ 37%] [32m[1mLinking CXX shared library libmoveit_dynamics_solver.so[0m
[123.119s] [ 37%] Built target moveit_dynamics_solver
[123.202s] [ 38%] [32mBuilding CXX object collision_detection/CMakeFiles/moveit_collision_detection.dir/src/collision_matrix.cpp.o[0m
[125.885s] [ 39%] [32m[1mLinking CXX executable test_robot_state_benchmark[0m
[126.982s] [ 39%] Built target test_robot_state_benchmark
[127.159s] [ 39%] [32mBuilding CXX object robot_state/CMakeFiles/test_cartesian_interpolator.dir/test/test_cartesian_interpolator.cpp.o[0m
[130.602s] [ 40%] [32m[1mLinking CXX shared library libmoveit_robot_trajectory.so[0m
[131.573s] [ 40%] Built target moveit_robot_trajectory
[132.292s] [ 41%] [32m[1mLinking CXX executable test_aabb[0m
[132.604s] [ 42%] [32m[1mLinking CXX executable test_robot_state_complex[0m
[133.545s] [ 42%] Built target test_aabb
[133.792s] [ 42%] Built target test_robot_state_complex
[134.622s] [ 43%] [32m[1mLinking CXX executable test_robot_state[0m
[135.273s] [ 43%] Built target test_robot_state
[138.332s] [ 44%] [32mBuilding CXX object collision_detection/CMakeFiles/moveit_collision_detection.dir/src/collision_tools.cpp.o[0m
[140.748s] [ 45%] [32m[1mLinking CXX executable test_cartesian_interpolator[0m
[141.183s] [ 45%] Built target test_cartesian_interpolator
[146.199s] [ 45%] [32mBuilding CXX object collision_detection/CMakeFiles/moveit_collision_detection.dir/src/world_diff.cpp.o[0m
[146.998s] [ 46%] [32m[1mLinking CXX shared library libmoveit_kinematics_metrics.so[0m
[147.215s] [ 47%] [32mBuilding CXX object collision_detection/CMakeFiles/moveit_collision_detection.dir/src/world.cpp.o[0m
[147.232s] [ 47%] [32mBuilding CXX object collision_detection/CMakeFiles/moveit_collision_detection.dir/src/collision_octomap_filter.cpp.o[0m
[147.272s] [ 47%] Built target moveit_kinematics_metrics
[147.301s] [ 48%] [32mBuilding CXX object robot_trajectory/CMakeFiles/test_robot_trajectory.dir/test/test_robot_trajectory.cpp.o[0m
[147.934s] [ 49%] [32mBuilding CXX object collision_detection/CMakeFiles/moveit_collision_detection.dir/src/collision_env.cpp.o[0m
[150.257s] [ 49%] [32mBuilding CXX object collision_detection/CMakeFiles/moveit_collision_detection.dir/src/collision_plugin_cache.cpp.o[0m
[162.343s] [ 49%] [32m[1mLinking CXX executable test_robot_trajectory[0m
[162.751s] [ 49%] Built target test_robot_trajectory
[162.781s] [ 50%] [32mBuilding CXX object trajectory_processing/CMakeFiles/moveit_trajectory_processing.dir/src/iterative_time_parameterization.cpp.o[0m
[162.783s] [ 52%] [32mBuilding CXX object trajectory_processing/CMakeFiles/moveit_trajectory_processing.dir/src/iterative_spline_parameterization.cpp.o[0m
[162.783s] [ 52%] [32mBuilding CXX object trajectory_processing/CMakeFiles/moveit_trajectory_processing.dir/src/ruckig_traj_smoothing.cpp.o[0m
[162.783s] [ 52%] [32mBuilding CXX object planning_interface/CMakeFiles/moveit_planning_interface.dir/src/planning_interface.cpp.o[0m
[162.783s] [ 52%] [32mBuilding CXX object planning_interface/CMakeFiles/moveit_planning_interface.dir/src/planning_response.cpp.o[0m
[173.399s] [ 53%] [32m[1mLinking CXX shared library libmoveit_collision_detection.so[0m
[174.016s] [ 53%] Built target moveit_collision_detection
[174.051s] [ 53%] [32mBuilding CXX object collision_detection_fcl/CMakeFiles/moveit_collision_detection_fcl.dir/src/collision_common.cpp.o[0m
[177.584s] [ 54%] [32mBuilding CXX object collision_detection_fcl/CMakeFiles/moveit_collision_detection_fcl.dir/src/collision_env_fcl.cpp.o[0m
[178.464s] [ 54%] [32mBuilding CXX object trajectory_processing/CMakeFiles/moveit_trajectory_processing.dir/src/time_optimal_trajectory_generation.cpp.o[0m
[178.488s] [ 55%] [32mBuilding CXX object trajectory_processing/CMakeFiles/moveit_trajectory_processing.dir/src/trajectory_tools.cpp.o[0m
[178.510s] [ 56%] [32mBuilding CXX object collision_detection/CMakeFiles/test_world.dir/test/test_world.cpp.o[0m
[180.247s] [ 57%] [32mBuilding CXX object collision_detection/CMakeFiles/test_world_diff.dir/test/test_world_diff.cpp.o[0m
[180.515s] [ 57%] [32mBuilding CXX object collision_detection/CMakeFiles/test_all_valid.dir/test/test_all_valid.cpp.o[0m
[184.241s] [ 58%] [32mBuilding CXX object collision_detection_bullet/CMakeFiles/moveit_collision_detection_bullet.dir/src/bullet_integration/bullet_utils.cpp.o[0m
[184.597s] [ 59%] [32m[1mLinking CXX shared library libmoveit_planning_interface.so[0m
[185.116s] [ 59%] Built target moveit_planning_interface
[185.150s] [ 59%] [32mBuilding CXX object collision_detection_bullet/CMakeFiles/moveit_collision_detection_bullet.dir/src/bullet_integration/bullet_discrete_bvh_manager.cpp.o[0m
[196.463s] [ 60%] [32m[1mLinking CXX executable test_world_diff[0m
[197.318s] [ 60%] Built target test_world_diff
[197.645s] [ 60%] [32m[1mLinking CXX executable test_world[0m
[198.435s] [ 60%] Built target test_world
[199.601s] [ 61%] [32m[1mLinking CXX shared library libmoveit_collision_detection_fcl.so[0m
[199.985s] [ 62%] [32m[1mLinking CXX executable test_all_valid[0m
[200.320s] [ 62%] Built target moveit_collision_detection_fcl
[200.561s] [ 62%] Built target test_all_valid
[201.418s] [ 63%] [32m[1mLinking CXX shared library libmoveit_trajectory_processing.so[0m
[201.668s] [ 63%] Built target moveit_trajectory_processing
[203.270s] [ 63%] [32mBuilding CXX object collision_detection_bullet/CMakeFiles/moveit_collision_detection_bullet.dir/src/bullet_integration/ros_bullet_utils.cpp.o[0m
[206.291s] [ 64%] [32mBuilding CXX object collision_detection_fcl/CMakeFiles/test_fcl_collision_detection.dir/test/test_fcl_collision_detection_pr2.cpp.o[0m
[207.310s] [ 65%] [32mBuilding CXX object collision_detection_fcl/CMakeFiles/test_fcl_collision_env.dir/test/test_fcl_env.cpp.o[0m
[208.323s] [ 65%] [32mBuilding CXX object kinematic_constraints/CMakeFiles/moveit_kinematic_constraints.dir/src/kinematic_constraint.cpp.o[0m
[210.724s] [ 66%] [32mBuilding CXX object kinematic_constraints/CMakeFiles/moveit_kinematic_constraints.dir/src/utils.cpp.o[0m
[210.729s] [ 67%] [32mBuilding CXX object collision_detection_bullet/CMakeFiles/moveit_collision_detection_bullet.dir/src/bullet_integration/contact_checker_common.cpp.o[0m
[210.738s] [ 68%] [32mBuilding CXX object collision_detection_bullet/CMakeFiles/moveit_collision_detection_bullet.dir/src/bullet_integration/bullet_bvh_manager.cpp.o[0m
[223.183s] [ 68%] [32mBuilding CXX object collision_detection_bullet/CMakeFiles/moveit_collision_detection_bullet.dir/src/collision_env_bullet.cpp.o[0m
[226.374s] [ 69%] [32m[1mLinking CXX executable test_fcl_collision_env[0m
[227.237s] [ 69%] Built target test_fcl_collision_env
[228.045s] [ 69%] [32m[1mLinking CXX executable test_fcl_collision_detection[0m
[228.800s] [ 69%] Built target test_fcl_collision_detection
[234.322s] [ 70%] [32m[1mLinking CXX shared library libmoveit_kinematic_constraints.so[0m
[234.609s] [ 70%] Built target moveit_kinematic_constraints
[234.635s] [ 71%] [32mBuilding CXX object trajectory_processing/CMakeFiles/test_ruckig_traj_smoothing.dir/test/test_ruckig_traj_smoothing.cpp.o[0m
[235.341s] [ 72%] [32mBuilding CXX object collision_detection_bullet/CMakeFiles/moveit_collision_detection_bullet.dir/src/bullet_integration/bullet_cast_bvh_manager.cpp.o[0m
[242.507s] [ 73%] [32m[1mLinking CXX shared library libmoveit_collision_detection_bullet.so[0m
[242.838s] [ 73%] Built target moveit_collision_detection_bullet
[242.870s] [ 73%] [32mBuilding CXX object kinematic_constraints/CMakeFiles/test_constraints.dir/test/test_constraints.cpp.o[0m
[242.874s] [ 73%] [32mBuilding CXX object kinematic_constraints/CMakeFiles/test_orientation_constraints.dir/test/test_orientation_constraints.cpp.o[0m
[242.876s] [ 74%] [32mBuilding CXX object planning_scene/CMakeFiles/moveit_planning_scene.dir/src/planning_scene.cpp.o[0m
[243.903s] [ 75%] [32mBuilding CXX object trajectory_processing/CMakeFiles/test_time_optimal_trajectory_generation.dir/test/test_time_optimal_trajectory_generation.cpp.o[0m
[243.914s] [ 76%] [32mBuilding CXX object collision_detection_bullet/CMakeFiles/test_bullet_collision_detection.dir/test/test_bullet_collision_detection_pr2.cpp.o[0m
[244.962s] [ 76%] [32mBuilding CXX object trajectory_processing/CMakeFiles/test_time_parameterization.dir/test/test_time_parameterization.cpp.o[0m
[244.965s] [ 77%] [32mBuilding CXX object collision_detection_fcl/CMakeFiles/test_fcl_collision_detection_panda.dir/test/test_fcl_collision_detection_panda.cpp.o[0m
[245.950s] [ 77%] [32m[1mLinking CXX executable test_ruckig_traj_smoothing[0m
[247.024s] [ 77%] Built target test_ruckig_traj_smoothing
[247.192s] [ 78%] [32mBuilding CXX object collision_detection_bullet/CMakeFiles/test_bullet_collision_detection_panda.dir/test/test_bullet_collision_detection_panda.cpp.o[0m
[270.364s] [ 78%] [32m[1mLinking CXX executable test_bullet_collision_detection[0m
[271.481s] [ 78%] Built target test_bullet_collision_detection
[271.657s] [ 79%] [32m[1mLinking CXX executable test_time_parameterization[0m
[272.438s] [ 79%] Built target test_time_parameterization
[273.237s] [ 80%] [32m[1mLinking CXX executable test_orientation_constraints[0m
[273.870s] [ 80%] [32m[1mLinking CXX executable test_fcl_collision_detection_panda[0m
[274.109s] [ 80%] Built target test_orientation_constraints
[274.211s] [ 80%] [32m[1mLinking CXX executable test_bullet_collision_detection_panda[0m
[274.692s] [ 80%] Built target test_fcl_collision_detection_panda
[274.966s] [ 80%] Built target test_bullet_collision_detection_panda
[275.045s] [ 81%] [32m[1mLinking CXX executable test_time_optimal_trajectory_generation[0m
[275.624s] [ 81%] Built target test_time_optimal_trajectory_generation
[277.010s] [ 82%] [32m[1mLinking CXX executable test_constraints[0m
[277.436s] [ 82%] Built target test_constraints
[282.578s] [ 82%] [32m[1mLinking CXX shared library libmoveit_planning_scene.so[0m
[282.879s] [ 82%] Built target moveit_planning_scene
[282.906s] [ 83%] [32mBuilding CXX object collision_detection_bullet/CMakeFiles/test_bullet_continuous_collision_checking.dir/test/test_bullet_continuous_collision_checking.cpp.o[0m
[282.906s] [ 83%] [32mBuilding CXX object collision_distance_field/CMakeFiles/moveit_collision_distance_field.dir/src/collision_distance_field_types.cpp.o[0m
[283.922s] [ 83%] [32mBuilding CXX object collision_detection_bullet/CMakeFiles/collision_detector_bullet_plugin.dir/src/collision_detector_bullet_plugin_loader.cpp.o[0m
[284.955s] [ 83%] [32mBuilding CXX object planning_scene/CMakeFiles/test_multi_threaded.dir/test/test_multi_threaded.cpp.o[0m
[285.980s] [ 84%] [32mBuilding CXX object planning_scene/CMakeFiles/test_collision_objects.dir/test/test_collision_objects.cpp.o[0m
[287.015s] [ 85%] [32mBuilding CXX object planning_scene/CMakeFiles/test_planning_scene.dir/test/test_planning_scene.cpp.o[0m
[288.108s] [ 85%] [32mBuilding CXX object planning_request_adapter/CMakeFiles/moveit_planning_request_adapter.dir/src/planning_request_adapter.cpp.o[0m
[289.198s] [ 85%] [32mBuilding CXX object constraint_samplers/CMakeFiles/moveit_constraint_samplers.dir/src/constraint_sampler.cpp.o[0m
[297.096s] [ 86%] [32mBuilding CXX object collision_distance_field/CMakeFiles/moveit_collision_distance_field.dir/src/collision_common_distance_field.cpp.o[0m
[301.642s] [ 87%] [32m[1mLinking CXX shared library libcollision_detector_bullet_plugin.so[0m
[302.209s] [ 87%] Built target collision_detector_bullet_plugin
[305.257s] [ 88%] [32m[1mLinking CXX shared library libmoveit_planning_request_adapter.so[0m
[305.301s] [ 89%] [32m[1mLinking CXX executable test_multi_threaded[0m
[305.792s] [ 89%] Built target moveit_planning_request_adapter
[305.983s] [ 90%] [32mBuilding CXX object constraint_samplers/CMakeFiles/moveit_constraint_samplers.dir/src/constraint_sampler_manager.cpp.o[0m
[306.070s] [ 90%] Built target test_multi_threaded
[306.285s] [ 91%] [32m[1mLinking CXX executable test_bullet_continuous_collision_checking[0m
[306.718s] [ 91%] Built target test_bullet_continuous_collision_checking
[306.734s] [ 92%] [32mBuilding CXX object constraint_samplers/CMakeFiles/moveit_constraint_samplers.dir/src/default_constraint_samplers.cpp.o[0m
[306.748s] [ 92%] [32mBuilding CXX object collision_detection_fcl/CMakeFiles/collision_detector_fcl_plugin.dir/src/collision_detector_fcl_plugin_loader.cpp.o[0m
[306.811s] [ 92%] [32mBuilding CXX object collision_distance_field/CMakeFiles/moveit_collision_distance_field.dir/src/collision_env_distance_field.cpp.o[0m
[308.776s] [ 92%] [32mBuilding CXX object constraint_samplers/CMakeFiles/moveit_constraint_samplers.dir/src/constraint_sampler_tools.cpp.o[0m
[312.395s] [ 92%] [32m[1mLinking CXX executable test_collision_objects[0m
[313.294s] [ 92%] Built target test_collision_objects
[321.345s] [ 92%] [32m[1mLinking CXX executable test_planning_scene[0m
[321.873s] [ 92%] Built target test_planning_scene
[323.770s] [ 93%] [32m[1mLinking CXX shared library libcollision_detector_fcl_plugin.so[0m
[323.976s] [ 93%] Built target collision_detector_fcl_plugin
[326.462s] [ 93%] [32mBuilding CXX object constraint_samplers/CMakeFiles/moveit_constraint_samplers.dir/src/union_constraint_sampler.cpp.o[0m
[331.256s] [ 94%] [32mBuilding CXX object collision_distance_field/CMakeFiles/moveit_collision_distance_field.dir/src/collision_env_hybrid.cpp.o[0m
[334.698s] [ 95%] [32m[1mLinking CXX shared library libmoveit_constraint_samplers.so[0m
[334.924s] [ 95%] Built target moveit_constraint_samplers
[334.950s] [ 96%] [32mBuilding CXX object constraint_samplers/CMakeFiles/test_constraint_samplers.dir/test/pr2_arm_kinematics_plugin.cpp.o[0m
[334.950s] [ 96%] [32mBuilding CXX object constraint_samplers/CMakeFiles/test_constraint_samplers.dir/test/pr2_arm_ik.cpp.o[0m
[334.952s] [ 97%] [32mBuilding CXX object constraint_samplers/CMakeFiles/test_constraint_samplers.dir/test/test_constraint_samplers.cpp.o[0m
[342.401s] [ 98%] [32m[1mLinking CXX shared library libmoveit_collision_distance_field.so[0m
[342.707s] [ 98%] Built target moveit_collision_distance_field
[342.735s] [ 99%] [32mBuilding CXX object collision_distance_field/CMakeFiles/test_collision_distance_field.dir/test/test_collision_distance_field.cpp.o[0m
[354.631s] [100%] [32m[1mLinking CXX executable test_constraint_samplers[0m
[355.056s] [100%] Built target test_constraint_samplers
[355.694s] [100%] [32m[1mLinking CXX executable test_collision_distance_field[0m
[356.033s] [100%] Built target test_collision_distance_field
[356.146s] Invoked command in '/home/stephenq0503/Desktop/robot_arm_sim/build/moveit_core' returned '0': AMENT_PREFIX_PATH=/home/stephenq0503/Desktop/robot_arm_sim/install/moveit_resources_panda_moveit_config:/home/stephenq0503/Desktop/robot_arm_sim/install/srdfdom:/home/stephenq0503/Desktop/robot_arm_sim/install/moveit_resources_pr2_description:/home/stephenq0503/Desktop/robot_arm_sim/install/moveit_resources_panda_description:/home/stephenq0503/Desktop/robot_arm_sim/install/moveit_common:${AMENT_PREFIX_PATH} CMAKE_PREFIX_PATH=/home/stephenq0503/Desktop/robot_arm_sim/install/moveit_resources_panda_moveit_config:/home/stephenq0503/Desktop/robot_arm_sim/install/srdfdom:/home/stephenq0503/Desktop/robot_arm_sim/install/moveit_resources_pr2_description:/home/stephenq0503/Desktop/robot_arm_sim/install/moveit_resources_panda_description:/home/stephenq0503/Desktop/robot_arm_sim/install/moveit_common:/home/stephenq0503/Desktop/robot_arm_sim/install/six_dof_arm:/home/stephenq0503/Desktop/robot_arm_sim/install/gazebo_ros2_control:/opt/ros/humble LD_LIBRARY_PATH=/home/stephenq0503/Desktop/robot_arm_sim/install/srdfdom/lib:${LD_LIBRARY_PATH} PYTHONPATH=/home/stephenq0503/Desktop/robot_arm_sim/install/srdfdom/local/lib/python3.10/dist-packages:${PYTHONPATH} /usr/bin/cmake --build /home/stephenq0503/Desktop/robot_arm_sim/build/moveit_core -- -j8 -l8
[356.283s] Invoking command in '/home/stephenq0503/Desktop/robot_arm_sim/build/moveit_core': AMENT_PREFIX_PATH=/home/stephenq0503/Desktop/robot_arm_sim/install/moveit_resources_panda_moveit_config:/home/stephenq0503/Desktop/robot_arm_sim/install/srdfdom:/home/stephenq0503/Desktop/robot_arm_sim/install/moveit_resources_pr2_description:/home/stephenq0503/Desktop/robot_arm_sim/install/moveit_resources_panda_description:/home/stephenq0503/Desktop/robot_arm_sim/install/moveit_common:${AMENT_PREFIX_PATH} CMAKE_PREFIX_PATH=/home/stephenq0503/Desktop/robot_arm_sim/install/moveit_resources_panda_moveit_config:/home/stephenq0503/Desktop/robot_arm_sim/install/srdfdom:/home/stephenq0503/Desktop/robot_arm_sim/install/moveit_resources_pr2_description:/home/stephenq0503/Desktop/robot_arm_sim/install/moveit_resources_panda_description:/home/stephenq0503/Desktop/robot_arm_sim/install/moveit_common:/home/stephenq0503/Desktop/robot_arm_sim/install/six_dof_arm:/home/stephenq0503/Desktop/robot_arm_sim/install/gazebo_ros2_control:/opt/ros/humble LD_LIBRARY_PATH=/home/stephenq0503/Desktop/robot_arm_sim/install/srdfdom/lib:${LD_LIBRARY_PATH} PYTHONPATH=/home/stephenq0503/Desktop/robot_arm_sim/install/srdfdom/local/lib/python3.10/dist-packages:${PYTHONPATH} /usr/bin/cmake --install /home/stephenq0503/Desktop/robot_arm_sim/build/moveit_core
[356.296s] -- Install configuration: "Release"
[356.297s] -- Installing: /home/stephenq0503/Desktop/robot_arm_sim/install/moveit_core/include/moveit/version.h
[356.297s] -- Up-to-date: /home/stephenq0503/Desktop/robot_arm_sim/install/moveit_core/include
[356.297s] -- Up-to-date: /home/stephenq0503/Desktop/robot_arm_sim/install/moveit_core/include/moveit
[356.297s] -- Installing: /home/stephenq0503/Desktop/robot_arm_sim/install/moveit_core/include/moveit/collision_distance_field
[356.297s] -- Installing: /home/stephenq0503/Desktop/robot_arm_sim/install/moveit_core/include/moveit/collision_distance_field/collision_env_hybrid.h
[356.298s] -- Installing: /home/stephenq0503/Desktop/robot_arm_sim/install/moveit_core/include/moveit/collision_distance_field/collision_env_distance_field.h
[356.298s] -- Installing: /home/stephenq0503/Desktop/robot_arm_sim/install/moveit_core/include/moveit/collision_distance_field/collision_common_distance_field.h
[356.298s] -- Installing: /home/stephenq0503/Desktop/robot_arm_sim/install/moveit_core/include/moveit/collision_distance_field/collision_detector_allocator_hybrid.h
[356.298s] -- Installing: /home/stephenq0503/Desktop/robot_arm_sim/install/moveit_core/include/moveit/collision_distance_field/collision_distance_field_types.h
[356.298s] -- Installing: /home/stephenq0503/Desktop/robot_arm_sim/install/moveit_core/include/moveit/collision_distance_field/collision_detector_allocator_distance_field.h
[356.298s] -- Installing: /home/stephenq0503/Desktop/robot_arm_sim/install/moveit_core/include/moveit_collision_distance_field_export.h
[356.299s] -- Up-to-date: /home/stephenq0503/Desktop/robot_arm_sim/install/moveit_core/include
[356.299s] -- Up-to-date: /home/stephenq0503/Desktop/robot_arm_sim/install/moveit_core/include/moveit
[356.299s] -- Installing: /home/stephenq0503/Desktop/robot_arm_sim/install/moveit_core/include/moveit/constraint_samplers
[356.299s] -- Installing: /home/stephenq0503/Desktop/robot_arm_sim/install/moveit_core/include/moveit/constraint_samplers/union_constraint_sampler.h
[356.300s] -- Installing: /home/stephenq0503/Desktop/robot_arm_sim/install/moveit_core/include/moveit/constraint_samplers/constraint_sampler_allocator.h
[356.300s] -- Installing: /home/stephenq0503/Desktop/robot_arm_sim/install/moveit_core/include/moveit/constraint_samplers/constraint_sampler_manager.h
[356.300s] -- Installing: /home/stephenq0503/Desktop/robot_arm_sim/install/moveit_core/include/moveit/constraint_samplers/constraint_sampler_tools.h
[356.300s] -- Installing: /home/stephenq0503/Desktop/robot_arm_sim/install/moveit_core/include/moveit/constraint_samplers/constraint_sampler.h
[356.300s] -- Installing: /home/stephenq0503/Desktop/robot_arm_sim/install/moveit_core/include/moveit/constraint_samplers/default_constraint_samplers.h
[356.301s] -- Up-to-date: /home/stephenq0503/Desktop/robot_arm_sim/install/moveit_core/include
[356.301s] -- Up-to-date: /home/stephenq0503/Desktop/robot_arm_sim/install/moveit_core/include/moveit
[356.301s] -- Installing: /home/stephenq0503/Desktop/robot_arm_sim/install/moveit_core/include/moveit/controller_manager
[356.301s] -- Installing: /home/stephenq0503/Desktop/robot_arm_sim/install/moveit_core/include/moveit/controller_manager/controller_manager.h
[356.302s] -- Up-to-date: /home/stephenq0503/Desktop/robot_arm_sim/install/moveit_core/include
[356.302s] -- Up-to-date: /home/stephenq0503/Desktop/robot_arm_sim/install/moveit_core/include/moveit
[356.302s] -- Installing: /home/stephenq0503/Desktop/robot_arm_sim/install/moveit_core/include/moveit/distance_field
[356.302s] -- Installing: /home/stephenq0503/Desktop/robot_arm_sim/install/moveit_core/include/moveit/distance_field/find_internal_points.h
[356.302s] -- Installing: /home/stephenq0503/Desktop/robot_arm_sim/install/moveit_core/include/moveit/distance_field/voxel_grid.h
[356.302s] -- Installing: /home/stephenq0503/Desktop/robot_arm_sim/install/moveit_core/include/moveit/distance_field/distance_field.h
[356.302s] -- Installing: /home/stephenq0503/Desktop/robot_arm_sim/install/moveit_core/include/moveit/distance_field/propagation_distance_field.h
[356.302s] -- Up-to-date: /home/stephenq0503/Desktop/robot_arm_sim/install/moveit_core/include
[356.303s] -- Up-to-date: /home/stephenq0503/Desktop/robot_arm_sim/install/moveit_core/include/moveit
[356.303s] -- Installing: /home/stephenq0503/Desktop/robot_arm_sim/install/moveit_core/include/moveit/dynamics_solver
[356.303s] -- Installing: /home/stephenq0503/Desktop/robot_arm_sim/install/moveit_core/include/moveit/dynamics_solver/dynamics_solver.h
[356.303s] -- Up-to-date: /home/stephenq0503/Desktop/robot_arm_sim/install/moveit_core/include
[356.303s] -- Up-to-date: /home/stephenq0503/Desktop/robot_arm_sim/install/moveit_core/include/moveit
[356.303s] -- Installing: /home/stephenq0503/Desktop/robot_arm_sim/install/moveit_core/include/moveit/exceptions
[356.304s] -- Installing: /home/stephenq0503/Desktop/robot_arm_sim/install/moveit_core/include/moveit/exceptions/exceptions.h
[356.304s] -- Up-to-date: /home/stephenq0503/Desktop/robot_arm_sim/install/moveit_core/include
[356.304s] -- Up-to-date: /home/stephenq0503/Desktop/robot_arm_sim/install/moveit_core/include/moveit
[356.304s] -- Installing: /home/stephenq0503/Desktop/robot_arm_sim/install/moveit_core/include/moveit/kinematics_base
[356.304s] -- Installing: /home/stephenq0503/Desktop/robot_arm_sim/install/moveit_core/include/moveit/kinematics_base/kinematics_base.h
[356.304s] -- Installing: /home/stephenq0503/Desktop/robot_arm_sim/install/moveit_core/include/moveit_kinematics_base_export.h
[356.304s] -- Up-to-date: /home/stephenq0503/Desktop/robot_arm_sim/install/moveit_core/include
[356.305s] -- Up-to-date: /home/stephenq0503/Desktop/robot_arm_sim/install/moveit_core/include/moveit
[356.305s] -- Installing: /home/stephenq0503/Desktop/robot_arm_sim/install/moveit_core/include/moveit/kinematic_constraints
[356.305s] -- Installing: /home/stephenq0503/Desktop/robot_arm_sim/install/moveit_core/include/moveit/kinematic_constraints/kinematic_constraint.h
[356.305s] -- Installing: /home/stephenq0503/Desktop/robot_arm_sim/install/moveit_core/include/moveit/kinematic_constraints/utils.h
[356.305s] -- Up-to-date: /home/stephenq0503/Desktop/robot_arm_sim/install/moveit_core/include
[356.305s] -- Up-to-date: /home/stephenq0503/Desktop/robot_arm_sim/install/moveit_core/include/moveit
[356.305s] -- Installing: /home/stephenq0503/Desktop/robot_arm_sim/install/moveit_core/include/moveit/kinematics_metrics
[356.305s] -- Installing: /home/stephenq0503/Desktop/robot_arm_sim/install/moveit_core/include/moveit/kinematics_metrics/kinematics_metrics.h
[356.306s] -- Up-to-date: /home/stephenq0503/Desktop/robot_arm_sim/install/moveit_core/include
[356.306s] -- Up-to-date: /home/stephenq0503/Desktop/robot_arm_sim/install/moveit_core/include/moveit
[356.306s] -- Installing: /home/stephenq0503/Desktop/robot_arm_sim/install/moveit_core/include/moveit/macros
[356.306s] -- Installing: /home/stephenq0503/Desktop/robot_arm_sim/install/moveit_core/include/moveit/macros/declare_ptr.h
[356.306s] -- Installing: /home/stephenq0503/Desktop/robot_arm_sim/install/moveit_core/include/moveit/macros/console_colors.h
[356.306s] -- Installing: /home/stephenq0503/Desktop/robot_arm_sim/install/moveit_core/include/moveit/macros/deprecation.h
[356.306s] -- Installing: /home/stephenq0503/Desktop/robot_arm_sim/install/moveit_core/include/moveit/macros/class_forward.h
[356.307s] -- Installing: /home/stephenq0503/Desktop/robot_arm_sim/install/moveit_core/include/moveit_butterworth_parameters
[356.307s] -- Installing: /home/stephenq0503/Desktop/robot_arm_sim/install/moveit_core/include/moveit_butterworth_parameters/moveit_butterworth_parameters.hpp
[356.307s] -- Up-to-date: /home/stephenq0503/Desktop/robot_arm_sim/install/moveit_core/include
[356.307s] -- Up-to-date: /home/stephenq0503/Desktop/robot_arm_sim/install/moveit_core/include/moveit
[356.307s] -- Installing: /home/stephenq0503/Desktop/robot_arm_sim/install/moveit_core/include/moveit/online_signal_smoothing
[356.307s] -- Installing: /home/stephenq0503/Desktop/robot_arm_sim/install/moveit_core/include/moveit/online_signal_smoothing/smoothing_base_class.h
[356.307s] -- Installing: /home/stephenq0503/Desktop/robot_arm_sim/install/moveit_core/include/moveit/online_signal_smoothing/butterworth_filter.h
[356.307s] -- Installing: /home/stephenq0503/Desktop/robot_arm_sim/install/moveit_core/include/moveit_smoothing_base_export.h
[356.308s] -- Installing: /home/stephenq0503/Desktop/robot_arm_sim/install/moveit_core/include/moveit_butterworth_filter_export.h
[356.308s] -- Up-to-date: /home/stephenq0503/Desktop/robot_arm_sim/install/moveit_core/include
[356.308s] -- Up-to-date: /home/stephenq0503/Desktop/robot_arm_sim/install/moveit_core/include/moveit
[356.308s] -- Installing: /home/stephenq0503/Desktop/robot_arm_sim/install/moveit_core/include/moveit/planning_interface
[356.308s] -- Installing: /home/stephenq0503/Desktop/robot_arm_sim/install/moveit_core/include/moveit/planning_interface/planning_interface.h
[356.308s] -- Installing: /home/stephenq0503/Desktop/robot_arm_sim/install/moveit_core/include/moveit/planning_interface/planning_request.h
[356.308s] -- Installing: /home/stephenq0503/Desktop/robot_arm_sim/install/moveit_core/include/moveit/planning_interface/planning_response.h
[356.308s] -- Up-to-date: /home/stephenq0503/Desktop/robot_arm_sim/install/moveit_core/include
[356.309s] -- Up-to-date: /home/stephenq0503/Desktop/robot_arm_sim/install/moveit_core/include/moveit
[356.309s] -- Installing: /home/stephenq0503/Desktop/robot_arm_sim/install/moveit_core/include/moveit/planning_request_adapter
[356.309s] -- Installing: /home/stephenq0503/Desktop/robot_arm_sim/install/moveit_core/include/moveit/planning_request_adapter/planning_request_adapter.h
[356.309s] -- Up-to-date: /home/stephenq0503/Desktop/robot_arm_sim/install/moveit_core/include
[356.309s] -- Up-to-date: /home/stephenq0503/Desktop/robot_arm_sim/install/moveit_core/include/moveit
[356.309s] -- Installing: /home/stephenq0503/Desktop/robot_arm_sim/install/moveit_core/include/moveit/planning_scene
[356.309s] -- Installing: /home/stephenq0503/Desktop/robot_arm_sim/install/moveit_core/include/moveit/planning_scene/planning_scene.h
[356.309s] -- Installing: /home/stephenq0503/Desktop/robot_arm_sim/install/moveit_core/include/moveit_planning_scene_export.h
[356.309s] -- Up-to-date: /home/stephenq0503/Desktop/robot_arm_sim/install/moveit_core/include
[356.310s] -- Up-to-date: /home/stephenq0503/Desktop/robot_arm_sim/install/moveit_core/include/moveit
[356.310s] -- Installing: /home/stephenq0503/Desktop/robot_arm_sim/install/moveit_core/include/moveit/robot_model
[356.310s] -- Installing: /home/stephenq0503/Desktop/robot_arm_sim/install/moveit_core/include/moveit/robot_model/planar_joint_model.h
[356.310s] -- Installing: /home/stephenq0503/Desktop/robot_arm_sim/install/moveit_core/include/moveit/robot_model/aabb.h
[356.310s] -- Installing: /home/stephenq0503/Desktop/robot_arm_sim/install/moveit_core/include/moveit/robot_model/joint_model.h
[356.310s] -- Installing: /home/stephenq0503/Desktop/robot_arm_sim/install/moveit_core/include/moveit/robot_model/prismatic_joint_model.h
[356.310s] -- Installing: /home/stephenq0503/Desktop/robot_arm_sim/install/moveit_core/include/moveit/robot_model/revolute_joint_model.h
[356.311s] -- Installing: /home/stephenq0503/Desktop/robot_arm_sim/install/moveit_core/include/moveit/robot_model/link_model.h
[356.311s] -- Installing: /home/stephenq0503/Desktop/robot_arm_sim/install/moveit_core/include/moveit/robot_model/joint_model_group.h
[356.311s] -- Installing: /home/stephenq0503/Desktop/robot_arm_sim/install/moveit_core/include/moveit/robot_model/floating_joint_model.h
[356.311s] -- Installing: /home/stephenq0503/Desktop/robot_arm_sim/install/moveit_core/include/moveit/robot_model/robot_model.h
[356.311s] -- Installing: /home/stephenq0503/Desktop/robot_arm_sim/install/moveit_core/include/moveit/robot_model/fixed_joint_model.h
[356.311s] -- Up-to-date: /home/stephenq0503/Desktop/robot_arm_sim/install/moveit_core/include
[356.311s] -- Up-to-date: /home/stephenq0503/Desktop/robot_arm_sim/install/moveit_core/include/moveit
[356.311s] -- Installing: /home/stephenq0503/Desktop/robot_arm_sim/install/moveit_core/include/moveit/robot_state
[356.312s] -- Installing: /home/stephenq0503/Desktop/robot_arm_sim/install/moveit_core/include/moveit/robot_state/attached_body.h
[356.312s] -- Installing: /home/stephenq0503/Desktop/robot_arm_sim/install/moveit_core/include/moveit/robot_state/cartesian_interpolator.h
[356.312s] -- Installing: /home/stephenq0503/Desktop/robot_arm_sim/install/moveit_core/include/moveit/robot_state/conversions.h
[356.312s] -- Installing: /home/stephenq0503/Desktop/robot_arm_sim/install/moveit_core/include/moveit/robot_state/robot_state.h
[356.312s] -- Up-to-date: /home/stephenq0503/Desktop/robot_arm_sim/install/moveit_core/include
[356.312s] -- Up-to-date: /home/stephenq0503/Desktop/robot_arm_sim/install/moveit_core/include/moveit
[356.312s] -- Installing: /home/stephenq0503/Desktop/robot_arm_sim/install/moveit_core/include/moveit/robot_trajectory
[356.312s] -- Installing: /home/stephenq0503/Desktop/robot_arm_sim/install/moveit_core/include/moveit/robot_trajectory/robot_trajectory.h
[356.313s] -- Up-to-date: /home/stephenq0503/Desktop/robot_arm_sim/install/moveit_core/include
[356.313s] -- Up-to-date: /home/stephenq0503/Desktop/robot_arm_sim/install/moveit_core/include/moveit
[356.313s] -- Installing: /home/stephenq0503/Desktop/robot_arm_sim/install/moveit_core/include/moveit/sensor_manager
[356.313s] -- Installing: /home/stephenq0503/Desktop/robot_arm_sim/install/moveit_core/include/moveit/sensor_manager/sensor_manager.h
[356.313s] -- Up-to-date: /home/stephenq0503/Desktop/robot_arm_sim/install/moveit_core/include
[356.313s] -- Up-to-date: /home/stephenq0503/Desktop/robot_arm_sim/install/moveit_core/include/moveit
[356.313s] -- Installing: /home/stephenq0503/Desktop/robot_arm_sim/install/moveit_core/include/moveit/trajectory_processing
[356.313s] -- Installing: /home/stephenq0503/Desktop/robot_arm_sim/install/moveit_core/include/moveit/trajectory_processing/trajectory_tools.h
[356.314s] -- Installing: /home/stephenq0503/Desktop/robot_arm_sim/install/moveit_core/include/moveit/trajectory_processing/time_parameterization.h
[356.314s] -- Installing: /home/stephenq0503/Desktop/robot_arm_sim/install/moveit_core/include/moveit/trajectory_processing/iterative_time_parameterization.h
[356.314s] -- Installing: /home/stephenq0503/Desktop/robot_arm_sim/install/moveit_core/include/moveit/trajectory_processing/time_optimal_trajectory_generation.h
[356.314s] -- Installing: /home/stephenq0503/Desktop/robot_arm_sim/install/moveit_core/include/moveit/trajectory_processing/iterative_spline_parameterization.h
[356.314s] -- Installing: /home/stephenq0503/Desktop/robot_arm_sim/install/moveit_core/include/moveit/trajectory_processing/ruckig_traj_smoothing.h
[356.314s] -- Up-to-date: /home/stephenq0503/Desktop/robot_arm_sim/install/moveit_core/include
[356.314s] -- Up-to-date: /home/stephenq0503/Desktop/robot_arm_sim/install/moveit_core/include/moveit
[356.314s] -- Installing: /home/stephenq0503/Desktop/robot_arm_sim/install/moveit_core/include/moveit/transforms
[356.315s] -- Installing: /home/stephenq0503/Desktop/robot_arm_sim/install/moveit_core/include/moveit/transforms/transforms.h
[356.315s] -- Up-to-date: /home/stephenq0503/Desktop/robot_arm_sim/install/moveit_core/include
[356.315s] -- Up-to-date: /home/stephenq0503/Desktop/robot_arm_sim/install/moveit_core/include/moveit
[356.315s] -- Installing: /home/stephenq0503/Desktop/robot_arm_sim/install/moveit_core/include/moveit/utils
[356.315s] -- Installing: /home/stephenq0503/Desktop/robot_arm_sim/install/moveit_core/include/moveit/utils/robot_model_test_utils.h
[356.315s] -- Installing: /home/stephenq0503/Desktop/robot_arm_sim/install/moveit_core/include/moveit/utils/lexical_casts.h
[356.315s] -- Installing: /home/stephenq0503/Desktop/robot_arm_sim/install/moveit_core/include/moveit/utils/moveit_error_code.h
[356.315s] -- Installing: /home/stephenq0503/Desktop/robot_arm_sim/install/moveit_core/include/moveit/utils/message_checks.h
[356.316s] -- Installing: /home/stephenq0503/Desktop/robot_arm_sim/install/moveit_core/include/moveit/utils/rclcpp_utils.h
[356.316s] -- Installing: /home/stephenq0503/Desktop/robot_arm_sim/install/moveit_core/bin/moveit_version
[356.316s] -- Up-to-date: /home/stephenq0503/Desktop/robot_arm_sim/install/moveit_core/include
[356.316s] -- Up-to-date: /home/stephenq0503/Desktop/robot_arm_sim/install/moveit_core/include/moveit
[356.316s] -- Installing: /home/stephenq0503/Desktop/robot_arm_sim/install/moveit_core/include/moveit/collision_detection
[356.317s] -- Installing: /home/stephenq0503/Desktop/robot_arm_sim/install/moveit_core/include/moveit/collision_detection/collision_octomap_filter.h
[356.317s] -- Installing: /home/stephenq0503/Desktop/robot_arm_sim/install/moveit_core/include/moveit/collision_detection/collision_matrix.h
[356.317s] -- Installing: /home/stephenq0503/Desktop/robot_arm_sim/install/moveit_core/include/moveit/collision_detection/collision_tools.h
[356.317s] -- Installing: /home/stephenq0503/Desktop/robot_arm_sim/install/moveit_core/include/moveit/collision_detection/test_collision_common_panda.h
[356.317s] -- Installing: /home/stephenq0503/Desktop/robot_arm_sim/install/moveit_core/include/moveit/collision_detection/collision_plugin_cache.h
[356.317s] -- Installing: /home/stephenq0503/Desktop/robot_arm_sim/install/moveit_core/include/moveit/collision_detection/test_collision_common_pr2.h
[356.317s] -- Installing: /home/stephenq0503/Desktop/robot_arm_sim/install/moveit_core/include/moveit/collision_detection/world_diff.h
[356.318s] -- Installing: /home/stephenq0503/Desktop/robot_arm_sim/install/moveit_core/include/moveit/collision_detection/collision_plugin.h
[356.318s] -- Installing: /home/stephenq0503/Desktop/robot_arm_sim/install/moveit_core/include/moveit/collision_detection/allvalid
[356.318s] -- Installing: /home/stephenq0503/Desktop/robot_arm_sim/install/moveit_core/include/moveit/collision_detection/allvalid/collision_detector_allocator_allvalid.h
[356.318s] -- Installing: /home/stephenq0503/Desktop/robot_arm_sim/install/moveit_core/include/moveit/collision_detection/allvalid/collision_env_allvalid.h
[356.318s] -- Installing: /home/stephenq0503/Desktop/robot_arm_sim/install/moveit_core/include/moveit/collision_detection/collision_detector_allocator.h
[356.318s] -- Installing: /home/stephenq0503/Desktop/robot_arm_sim/install/moveit_core/include/moveit/collision_detection/collision_common.h
[356.318s] -- Installing: /home/stephenq0503/Desktop/robot_arm_sim/install/moveit_core/include/moveit/collision_detection/occupancy_map.h
[356.318s] -- Installing: /home/stephenq0503/Desktop/robot_arm_sim/install/moveit_core/include/moveit/collision_detection/collision_env.h
[356.319s] -- Installing: /home/stephenq0503/Desktop/robot_arm_sim/install/moveit_core/include/moveit/collision_detection/world.h
[356.319s] -- Installing: /home/stephenq0503/Desktop/robot_arm_sim/install/moveit_core/include/moveit_collision_detection_export.h
[356.319s] -- Up-to-date: /home/stephenq0503/Desktop/robot_arm_sim/install/moveit_core/include
[356.319s] -- Up-to-date: /home/stephenq0503/Desktop/robot_arm_sim/install/moveit_core/include/moveit
[356.319s] -- Installing: /home/stephenq0503/Desktop/robot_arm_sim/install/moveit_core/include/moveit/collision_detection_bullet
[356.319s] -- Installing: /home/stephenq0503/Desktop/robot_arm_sim/install/moveit_core/include/moveit/collision_detection_bullet/collision_env_bullet.h
[356.319s] -- Installing: /home/stephenq0503/Desktop/robot_arm_sim/install/moveit_core/include/moveit/collision_detection_bullet/bullet_integration
[356.320s] -- Installing: /home/stephenq0503/Desktop/robot_arm_sim/install/moveit_core/include/moveit/collision_detection_bullet/bullet_integration/bullet_bvh_manager.h
[356.320s] -- Installing: /home/stephenq0503/Desktop/robot_arm_sim/install/moveit_core/include/moveit/collision_detection_bullet/bullet_integration/ros_bullet_utils.h
[356.320s] -- Installing: /home/stephenq0503/Desktop/robot_arm_sim/install/moveit_core/include/moveit/collision_detection_bullet/bullet_integration/bullet_cast_bvh_manager.h
[356.320s] -- Installing: /home/stephenq0503/Desktop/robot_arm_sim/install/moveit_core/include/moveit/collision_detection_bullet/bullet_integration/bullet_utils.h
[356.320s] -- Installing: /home/stephenq0503/Desktop/robot_arm_sim/install/moveit_core/include/moveit/collision_detection_bullet/bullet_integration/bullet_discrete_bvh_manager.h
[356.320s] -- Installing: /home/stephenq0503/Desktop/robot_arm_sim/install/moveit_core/include/moveit/collision_detection_bullet/bullet_integration/contact_checker_common.h
[356.320s] -- Installing: /home/stephenq0503/Desktop/robot_arm_sim/install/moveit_core/include/moveit/collision_detection_bullet/bullet_integration/basic_types.h
[356.320s] -- Installing: /home/stephenq0503/Desktop/robot_arm_sim/install/moveit_core/include/moveit/collision_detection_bullet/collision_detector_allocator_bullet.h
[356.321s] -- Installing: /home/stephenq0503/Desktop/robot_arm_sim/install/moveit_core/include/moveit/collision_detection_bullet/collision_detector_bullet_plugin_loader.h
[356.321s] -- Installing: /home/stephenq0503/Desktop/robot_arm_sim/install/moveit_core/include/moveit_collision_detection_bullet_export.h
[356.321s] -- Up-to-date: /home/stephenq0503/Desktop/robot_arm_sim/install/moveit_core/include
[356.321s] -- Up-to-date: /home/stephenq0503/Desktop/robot_arm_sim/install/moveit_core/include/moveit
[356.321s] -- Installing: /home/stephenq0503/Desktop/robot_arm_sim/install/moveit_core/include/moveit/collision_detection_fcl
[356.321s] -- Installing: /home/stephenq0503/Desktop/robot_arm_sim/install/moveit_core/include/moveit/collision_detection_fcl/collision_env_fcl.h
[356.321s] -- Installing: /home/stephenq0503/Desktop/robot_arm_sim/install/moveit_core/include/moveit/collision_detection_fcl/fcl_compat.h
[356.322s] -- Installing: /home/stephenq0503/Desktop/robot_arm_sim/install/moveit_core/include/moveit/collision_detection_fcl/collision_detector_fcl_plugin_loader.h
[356.322s] -- Installing: /home/stephenq0503/Desktop/robot_arm_sim/install/moveit_core/include/moveit/collision_detection_fcl/collision_common.h
[356.322s] -- Installing: /home/stephenq0503/Desktop/robot_arm_sim/install/moveit_core/include/moveit/collision_detection_fcl/collision_detector_allocator_fcl.h
[356.322s] -- Installing: /home/stephenq0503/Desktop/robot_arm_sim/install/moveit_core/include/moveit_collision_detection_fcl_export.h
[356.322s] -- Installing: /home/stephenq0503/Desktop/robot_arm_sim/install/moveit_core/lib/libcollision_detector_bullet_plugin.so.2.5.5
[356.323s] -- Set runtime path of "/home/stephenq0503/Desktop/robot_arm_sim/install/moveit_core/lib/libcollision_detector_bullet_plugin.so.2.5.5" to ""
[356.323s] -- Installing: /home/stephenq0503/Desktop/robot_arm_sim/install/moveit_core/lib/libcollision_detector_bullet_plugin.so
[356.323s] -- Installing: /home/stephenq0503/Desktop/robot_arm_sim/install/moveit_core/lib/libmoveit_butterworth_filter.so.2.5.5
[356.324s] -- Set runtime path of "/home/stephenq0503/Desktop/robot_arm_sim/install/moveit_core/lib/libmoveit_butterworth_filter.so.2.5.5" to ""
[356.324s] -- Installing: /home/stephenq0503/Desktop/robot_arm_sim/install/moveit_core/lib/libmoveit_butterworth_filter.so
[356.324s] -- Installing: /home/stephenq0503/Desktop/robot_arm_sim/install/moveit_core/lib/libmoveit_collision_distance_field.so.2.5.5
[356.325s] -- Set runtime path of "/home/stephenq0503/Desktop/robot_arm_sim/install/moveit_core/lib/libmoveit_collision_distance_field.so.2.5.5" to ""
[356.325s] -- Installing: /home/stephenq0503/Desktop/robot_arm_sim/install/moveit_core/lib/libmoveit_collision_distance_field.so
[356.325s] -- Installing: /home/stephenq0503/Desktop/robot_arm_sim/install/moveit_core/lib/libmoveit_collision_detection.so.2.5.5
[356.327s] -- Set runtime path of "/home/stephenq0503/Desktop/robot_arm_sim/install/moveit_core/lib/libmoveit_collision_detection.so.2.5.5" to ""
[356.327s] -- Installing: /home/stephenq0503/Desktop/robot_arm_sim/install/moveit_core/lib/libmoveit_collision_detection.so
[356.327s] -- Installing: /home/stephenq0503/Desktop/robot_arm_sim/install/moveit_core/lib/libmoveit_collision_detection_fcl.so.2.5.5
[356.328s] -- Set runtime path of "/home/stephenq0503/Desktop/robot_arm_sim/install/moveit_core/lib/libmoveit_collision_detection_fcl.so.2.5.5" to ""
[356.328s] -- Installing: /home/stephenq0503/Desktop/robot_arm_sim/install/moveit_core/lib/libmoveit_collision_detection_fcl.so
[356.328s] -- Installing: /home/stephenq0503/Desktop/robot_arm_sim/install/moveit_core/lib/libmoveit_collision_detection_bullet.so.2.5.5
[356.329s] -- Set runtime path of "/home/stephenq0503/Desktop/robot_arm_sim/install/moveit_core/lib/libmoveit_collision_detection_bullet.so.2.5.5" to ""
[356.329s] -- Installing: /home/stephenq0503/Desktop/robot_arm_sim/install/moveit_core/lib/libmoveit_collision_detection_bullet.so
[356.330s] -- Installing: /home/stephenq0503/Desktop/robot_arm_sim/install/moveit_core/lib/libmoveit_dynamics_solver.so.2.5.5
[356.330s] -- Set runtime path of "/home/stephenq0503/Desktop/robot_arm_sim/install/moveit_core/lib/libmoveit_dynamics_solver.so.2.5.5" to ""
[356.330s] -- Installing: /home/stephenq0503/Desktop/robot_arm_sim/install/moveit_core/lib/libmoveit_dynamics_solver.so
[356.330s] -- Installing: /home/stephenq0503/Desktop/robot_arm_sim/install/moveit_core/lib/libmoveit_constraint_samplers.so.2.5.5
[356.331s] -- Set runtime path of "/home/stephenq0503/Desktop/robot_arm_sim/install/moveit_core/lib/libmoveit_constraint_samplers.so.2.5.5" to ""
[356.331s] -- Installing: /home/stephenq0503/Desktop/robot_arm_sim/install/moveit_core/lib/libmoveit_constraint_samplers.so
[356.332s] -- Installing: /home/stephenq0503/Desktop/robot_arm_sim/install/moveit_core/lib/libmoveit_distance_field.so.2.5.5
[356.333s] -- Set runtime path of "/home/stephenq0503/Desktop/robot_arm_sim/install/moveit_core/lib/libmoveit_distance_field.so.2.5.5" to ""
[356.333s] -- Installing: /home/stephenq0503/Desktop/robot_arm_sim/install/moveit_core/lib/libmoveit_distance_field.so
[356.333s] -- Installing: /home/stephenq0503/Desktop/robot_arm_sim/install/moveit_core/lib/libmoveit_exceptions.so.2.5.5
[356.333s] -- Set runtime path of "/home/stephenq0503/Desktop/robot_arm_sim/install/moveit_core/lib/libmoveit_exceptions.so.2.5.5" to ""
[356.334s] -- Installing: /home/stephenq0503/Desktop/robot_arm_sim/install/moveit_core/lib/libmoveit_exceptions.so
[356.334s] -- Installing: /home/stephenq0503/Desktop/robot_arm_sim/install/moveit_core/lib/libmoveit_kinematics_base.so
[356.334s] -- Set runtime path of "/home/stephenq0503/Desktop/robot_arm_sim/install/moveit_core/lib/libmoveit_kinematics_base.so" to ""
[356.334s] -- Installing: /home/stephenq0503/Desktop/robot_arm_sim/install/moveit_core/lib/libmoveit_kinematic_constraints.so.2.5.5
[356.335s] -- Set runtime path of "/home/stephenq0503/Desktop/robot_arm_sim/install/moveit_core/lib/libmoveit_kinematic_constraints.so.2.5.5" to ""
[356.335s] -- Installing: /home/stephenq0503/Desktop/robot_arm_sim/install/moveit_core/lib/libmoveit_kinematic_constraints.so
[356.335s] -- Installing: /home/stephenq0503/Desktop/robot_arm_sim/install/moveit_core/lib/libmoveit_kinematics_metrics.so.2.5.5
[356.336s] -- Set runtime path of "/home/stephenq0503/Desktop/robot_arm_sim/install/moveit_core/lib/libmoveit_kinematics_metrics.so.2.5.5" to ""
[356.336s] -- Installing: /home/stephenq0503/Desktop/robot_arm_sim/install/moveit_core/lib/libmoveit_kinematics_metrics.so
[356.336s] -- Installing: /home/stephenq0503/Desktop/robot_arm_sim/install/moveit_core/lib/libmoveit_planning_interface.so.2.5.5
[356.337s] -- Set runtime path of "/home/stephenq0503/Desktop/robot_arm_sim/install/moveit_core/lib/libmoveit_planning_interface.so.2.5.5" to ""
[356.337s] -- Installing: /home/stephenq0503/Desktop/robot_arm_sim/install/moveit_core/lib/libmoveit_planning_interface.so
[356.338s] -- Installing: /home/stephenq0503/Desktop/robot_arm_sim/install/moveit_core/lib/libmoveit_planning_scene.so.2.5.5
[356.339s] -- Set runtime path of "/home/stephenq0503/Desktop/robot_arm_sim/install/moveit_core/lib/libmoveit_planning_scene.so.2.5.5" to ""
[356.339s] -- Installing: /home/stephenq0503/Desktop/robot_arm_sim/install/moveit_core/lib/libmoveit_planning_scene.so
[356.339s] -- Installing: /home/stephenq0503/Desktop/robot_arm_sim/install/moveit_core/lib/libmoveit_planning_request_adapter.so.2.5.5
[356.340s] -- Set runtime path of "/home/stephenq0503/Desktop/robot_arm_sim/install/moveit_core/lib/libmoveit_planning_request_adapter.so.2.5.5" to ""
[356.340s] -- Installing: /home/stephenq0503/Desktop/robot_arm_sim/install/moveit_core/lib/libmoveit_planning_request_adapter.so
[356.340s] -- Installing: /home/stephenq0503/Desktop/robot_arm_sim/install/moveit_core/lib/libmoveit_robot_model.so.2.5.5
[356.341s] -- Set runtime path of "/home/stephenq0503/Desktop/robot_arm_sim/install/moveit_core/lib/libmoveit_robot_model.so.2.5.5" to ""
[356.341s] -- Installing: /home/stephenq0503/Desktop/robot_arm_sim/install/moveit_core/lib/libmoveit_robot_model.so
[356.341s] -- Installing: /home/stephenq0503/Desktop/robot_arm_sim/install/moveit_core/lib/libmoveit_robot_state.so.2.5.5
[356.343s] -- Set runtime path of "/home/stephenq0503/Desktop/robot_arm_sim/install/moveit_core/lib/libmoveit_robot_state.so.2.5.5" to ""
[356.343s] -- Installing: /home/stephenq0503/Desktop/robot_arm_sim/install/moveit_core/lib/libmoveit_robot_state.so
[356.343s] -- Installing: /home/stephenq0503/Desktop/robot_arm_sim/install/moveit_core/lib/libmoveit_robot_trajectory.so.2.5.5
[356.343s] -- Set runtime path of "/home/stephenq0503/Desktop/robot_arm_sim/install/moveit_core/lib/libmoveit_robot_trajectory.so.2.5.5" to ""
[356.344s] -- Installing: /home/stephenq0503/Desktop/robot_arm_sim/install/moveit_core/lib/libmoveit_robot_trajectory.so
[356.344s] -- Installing: /home/stephenq0503/Desktop/robot_arm_sim/install/moveit_core/lib/libmoveit_smoothing_base.so.2.5.5
[356.344s] -- Set runtime path of "/home/stephenq0503/Desktop/robot_arm_sim/install/moveit_core/lib/libmoveit_smoothing_base.so.2.5.5" to ""
[356.344s] -- Installing: /home/stephenq0503/Desktop/robot_arm_sim/install/moveit_core/lib/libmoveit_smoothing_base.so
[356.344s] -- Installing: /home/stephenq0503/Desktop/robot_arm_sim/install/moveit_core/lib/libmoveit_test_utils.so.2.5.5
[356.345s] -- Set runtime path of "/home/stephenq0503/Desktop/robot_arm_sim/install/moveit_core/lib/libmoveit_test_utils.so.2.5.5" to ""
[356.345s] -- Installing: /home/stephenq0503/Desktop/robot_arm_sim/install/moveit_core/lib/libmoveit_test_utils.so
[356.346s] -- Installing: /home/stephenq0503/Desktop/robot_arm_sim/install/moveit_core/lib/libmoveit_trajectory_processing.so.2.5.5
[356.347s] -- Set runtime path of "/home/stephenq0503/Desktop/robot_arm_sim/install/moveit_core/lib/libmoveit_trajectory_processing.so.2.5.5" to ""
[356.347s] -- Installing: /home/stephenq0503/Desktop/robot_arm_sim/install/moveit_core/lib/libmoveit_trajectory_processing.so
[356.347s] -- Installing: /home/stephenq0503/Desktop/robot_arm_sim/install/moveit_core/lib/libmoveit_transforms.so.2.5.5
[356.347s] -- Set runtime path of "/home/stephenq0503/Desktop/robot_arm_sim/install/moveit_core/lib/libmoveit_transforms.so.2.5.5" to ""
[356.347s] -- Installing: /home/stephenq0503/Desktop/robot_arm_sim/install/moveit_core/lib/libmoveit_transforms.so
[356.347s] -- Installing: /home/stephenq0503/Desktop/robot_arm_sim/install/moveit_core/lib/libmoveit_utils.so.2.5.5
[356.348s] -- Set runtime path of "/home/stephenq0503/Desktop/robot_arm_sim/install/moveit_core/lib/libmoveit_utils.so.2.5.5" to ""
[356.348s] -- Installing: /home/stephenq0503/Desktop/robot_arm_sim/install/moveit_core/lib/libmoveit_utils.so
[356.348s] -- Installing: /home/stephenq0503/Desktop/robot_arm_sim/install/moveit_core/share/moveit_core/environment/library_path.sh
[356.376s] -- Installing: /home/stephenq0503/Desktop/robot_arm_sim/install/moveit_core/share/moveit_core/environment/library_path.dsv
[356.376s] -- Installing: /home/stephenq0503/Desktop/robot_arm_sim/install/moveit_core/share/moveit_core/collision_detector_fcl_description.xml
[356.376s] -- Installing: /home/stephenq0503/Desktop/robot_arm_sim/install/moveit_core/share/moveit_core/collision_detector_bullet_description.xml
[356.376s] -- Installing: /home/stephenq0503/Desktop/robot_arm_sim/install/moveit_core/share/moveit_core/filter_plugin_butterworth.xml
[356.377s] -- Installing: /home/stephenq0503/Desktop/robot_arm_sim/install/moveit_core/share/ament_index/resource_index/package_run_dependencies/moveit_core
[356.377s] -- Installing: /home/stephenq0503/Desktop/robot_arm_sim/install/moveit_core/share/ament_index/resource_index/parent_prefix_path/moveit_core
[356.377s] -- Installing: /home/stephenq0503/Desktop/robot_arm_sim/install/moveit_core/share/moveit_core/environment/ament_prefix_path.sh
[356.377s] -- Installing: /home/stephenq0503/Desktop/robot_arm_sim/install/moveit_core/share/moveit_core/environment/ament_prefix_path.dsv
[356.377s] -- Installing: /home/stephenq0503/Desktop/robot_arm_sim/install/moveit_core/share/moveit_core/environment/path.sh
[356.378s] -- Installing: /home/stephenq0503/Desktop/robot_arm_sim/install/moveit_core/share/moveit_core/environment/path.dsv
[356.378s] -- Installing: /home/stephenq0503/Desktop/robot_arm_sim/install/moveit_core/share/moveit_core/local_setup.bash
[356.378s] -- Installing: /home/stephenq0503/Desktop/robot_arm_sim/install/moveit_core/share/moveit_core/local_setup.sh
[356.378s] -- Installing: /home/stephenq0503/Desktop/robot_arm_sim/install/moveit_core/share/moveit_core/local_setup.zsh
[356.378s] -- Installing: /home/stephenq0503/Desktop/robot_arm_sim/install/moveit_core/share/moveit_core/local_setup.dsv
[356.379s] -- Installing: /home/stephenq0503/Desktop/robot_arm_sim/install/moveit_core/share/moveit_core/package.dsv
[356.379s] -- Installing: /home/stephenq0503/Desktop/robot_arm_sim/install/moveit_core/share/ament_index/resource_index/packages/moveit_core
[356.379s] -- Installing: /home/stephenq0503/Desktop/robot_arm_sim/install/moveit_core/share/ament_index/resource_index/moveit_core__pluginlib__plugin/moveit_core
[356.379s] -- Installing: /home/stephenq0503/Desktop/robot_arm_sim/install/moveit_core/share/moveit_core/cmake/export_moveit_coreExport.cmake
[356.379s] -- Installing: /home/stephenq0503/Desktop/robot_arm_sim/install/moveit_core/share/moveit_core/cmake/export_moveit_coreExport-release.cmake
[356.380s] -- Installing: /home/stephenq0503/Desktop/robot_arm_sim/install/moveit_core/share/moveit_core/cmake/ConfigExtras.cmake
[356.380s] -- Installing: /home/stephenq0503/Desktop/robot_arm_sim/install/moveit_core/share/moveit_core/cmake/ament_cmake_export_targets-extras.cmake
[356.380s] -- Installing: /home/stephenq0503/Desktop/robot_arm_sim/install/moveit_core/share/moveit_core/cmake/ament_cmake_export_dependencies-extras.cmake
[356.380s] -- Installing: /home/stephenq0503/Desktop/robot_arm_sim/install/moveit_core/share/moveit_core/cmake/moveit_coreConfig.cmake
[356.381s] -- Installing: /home/stephenq0503/Desktop/robot_arm_sim/install/moveit_core/share/moveit_core/cmake/moveit_coreConfig-version.cmake
[356.381s] -- Installing: /home/stephenq0503/Desktop/robot_arm_sim/install/moveit_core/share/moveit_core/package.xml
[356.383s] Invoked command in '/home/stephenq0503/Desktop/robot_arm_sim/build/moveit_core' returned '0': AMENT_PREFIX_PATH=/home/stephenq0503/Desktop/robot_arm_sim/install/moveit_resources_panda_moveit_config:/home/stephenq0503/Desktop/robot_arm_sim/install/srdfdom:/home/stephenq0503/Desktop/robot_arm_sim/install/moveit_resources_pr2_description:/home/stephenq0503/Desktop/robot_arm_sim/install/moveit_resources_panda_description:/home/stephenq0503/Desktop/robot_arm_sim/install/moveit_common:${AMENT_PREFIX_PATH} CMAKE_PREFIX_PATH=/home/stephenq0503/Desktop/robot_arm_sim/install/moveit_resources_panda_moveit_config:/home/stephenq0503/Desktop/robot_arm_sim/install/srdfdom:/home/stephenq0503/Desktop/robot_arm_sim/install/moveit_resources_pr2_description:/home/stephenq0503/Desktop/robot_arm_sim/install/moveit_resources_panda_description:/home/stephenq0503/Desktop/robot_arm_sim/install/moveit_common:/home/stephenq0503/Desktop/robot_arm_sim/install/six_dof_arm:/home/stephenq0503/Desktop/robot_arm_sim/install/gazebo_ros2_control:/opt/ros/humble LD_LIBRARY_PATH=/home/stephenq0503/Desktop/robot_arm_sim/install/srdfdom/lib:${LD_LIBRARY_PATH} PYTHONPATH=/home/stephenq0503/Desktop/robot_arm_sim/install/srdfdom/local/lib/python3.10/dist-packages:${PYTHONPATH} /usr/bin/cmake --install /home/stephenq0503/Desktop/robot_arm_sim/build/moveit_core
