[0.165s] Invoking command in '/home/stephenq0503/Desktop/robot_arm_sim/build/moveit_planners_chomp': AMENT_PREFIX_PATH=/home/stephenq0503/Desktop/robot_arm_sim/install/chomp_motion_planner:/home/stephenq0503/Desktop/robot_arm_sim/install/moveit_core:/home/stephenq0503/Desktop/robot_arm_sim/install/srdfdom:/home/stephenq0503/Desktop/robot_arm_sim/install/moveit_common:${AMENT_PREFIX_PATH} CMAKE_PREFIX_PATH=/home/stephenq0503/Desktop/robot_arm_sim/install/chomp_motion_planner:/home/stephenq0503/Desktop/robot_arm_sim/install/moveit_core:/home/stephenq0503/Desktop/robot_arm_sim/install/srdfdom:/home/stephenq0503/Desktop/robot_arm_sim/install/moveit_common:/home/stephenq0503/Desktop/robot_arm_sim/install/six_dof_arm:/home/stephenq0503/Desktop/robot_arm_sim/install/gazebo_ros2_control:/opt/ros/humble LD_LIBRARY_PATH=/home/stephenq0503/Desktop/robot_arm_sim/install/chomp_motion_planner/lib:/home/stephenq0503/Desktop/robot_arm_sim/install/moveit_core/lib:/home/stephenq0503/Desktop/robot_arm_sim/install/srdfdom/lib:${LD_LIBRARY_PATH} PATH=/home/stephenq0503/Desktop/robot_arm_sim/install/moveit_core/bin:${PATH} PYTHONPATH=/home/stephenq0503/Desktop/robot_arm_sim/install/srdfdom/local/lib/python3.10/dist-packages:${PYTHONPATH} /usr/bin/cmake /home/stephenq0503/Desktop/robot_arm_sim/src/moveit2/moveit_planners/chomp/chomp_interface -DCMAKE_INSTALL_PREFIX=/home/stephenq0503/Desktop/robot_arm_sim/install/moveit_planners_chomp
[0.269s] -- The C compiler identification is GNU 11.4.0
[0.394s] -- The CXX compiler identification is GNU 11.4.0
[0.409s] -- Detecting C compiler ABI info
[0.546s] -- Detecting C compiler ABI info - done
[0.565s] -- Check for working C compiler: /usr/bin/cc - skipped
[0.565s] -- Detecting C compile features
[0.566s] -- Detecting C compile features - done
[0.573s] -- Detecting CXX compiler ABI info
[0.737s] -- Detecting CXX compiler ABI info - done
[0.754s] -- Check for working CXX compiler: /usr/bin/c++ - skipped
[0.755s] -- Detecting CXX compile features
[0.755s] -- Detecting CXX compile features - done
[0.758s] -- Found moveit_common: 2.5.5 (/home/stephenq0503/Desktop/robot_arm_sim/install/moveit_common/share/moveit_common/cmake)
[0.763s] -- Found ament_cmake: 1.3.7 (/opt/ros/humble/share/ament_cmake/cmake)
[1.058s] -- Found Python3: /usr/bin/python3.10 (found version "3.10.12") found components: Interpreter 
[1.358s] -- Found libdw: /usr/lib/x86_64-linux-gnu/libdw.so  
[1.371s] -- Could NOT find libbfd (missing: LIBBFD_LIBRARY LIBBFD_INCLUDE_DIR) 
[1.371s] -- BACKWARD_HAS_UNWIND=1
[1.371s] -- BACKWARD_HAS_BACKTRACE=0
[1.372s] -- BACKWARD_HAS_BACKTRACE_SYMBOL=0
[1.372s] -- BACKWARD_HAS_DW=1
[1.372s] -- BACKWARD_HAS_BFD=0
[1.373s] -- Found Backward: /opt/ros/humble/share/backward_ros/cmake  
[1.375s] -- Found moveit_core: 2.5.5 (/home/stephenq0503/Desktop/robot_arm_sim/install/moveit_core/share/moveit_core/cmake)
[1.377s] [0mmoveit_planners_chomp: You did not request a specific build type: Choosing 'Release' for maximum performance[0m
[1.882s] -- Found Boost: /usr/lib/x86_64-linux-gnu/cmake/Boost-1.74.0/BoostConfig.cmake (found version "1.74.0") found components: chrono date_time filesystem iostreams program_options regex serialization system thread 
[1.994s] -- Found parameter_traits: 0.3.7 (/opt/ros/humble/share/parameter_traits/cmake)
[2.094s] -- Found rosidl_generator_c: 3.1.5 (/opt/ros/humble/share/rosidl_generator_c/cmake)
[2.109s] -- Found rosidl_adapter: 3.1.5 (/opt/ros/humble/share/rosidl_adapter/cmake)
[2.131s] -- Found rosidl_generator_cpp: 3.1.5 (/opt/ros/humble/share/rosidl_generator_cpp/cmake)
[2.166s] -- Using all available rosidl_typesupport_c: rosidl_typesupport_fastrtps_c;rosidl_typesupport_introspection_c
[2.215s] -- Using all available rosidl_typesupport_cpp: rosidl_typesupport_fastrtps_cpp;rosidl_typesupport_introspection_cpp
[2.392s] -- Found rmw_implementation_cmake: 6.1.1 (/opt/ros/humble/share/rmw_implementation_cmake/cmake)
[2.399s] -- Found rmw_fastrtps_cpp: 6.2.6 (/opt/ros/humble/share/rmw_fastrtps_cpp/cmake)
[2.626s] -- Found OpenSSL: /usr/lib/x86_64-linux-gnu/libcrypto.so (found version "3.0.2")  
[2.682s] -- Found FastRTPS: /opt/ros/humble/include  
[2.788s] -- Using RMW implementation 'rmw_fastrtps_cpp' as default
[2.814s] -- Found Threads: TRUE  
[3.184s] -- Found Eigen3: TRUE (found version "3.4.0") 
[3.189s] -- Found rclcpp_lifecycle: 16.0.8 (/opt/ros/humble/share/rclcpp_lifecycle/cmake)
[3.264s] -- Found Boost: /usr/lib/x86_64-linux-gnu/cmake/Boost-1.74.0/BoostConfig.cmake (found version "1.74.0") found components: filesystem 
[3.485s] -- library: /usr/lib/x86_64-linux-gnu/libcurl.so
[4.231s] -- Ensuring Eigen3 include directory is part of orocos-kdl CMake target
[7.102s] -- Found chomp_motion_planner: 2.5.5 (/home/stephenq0503/Desktop/robot_arm_sim/install/chomp_motion_planner/share/chomp_motion_planner/cmake)
[7.126s] -- Found ament_lint_auto: 0.12.10 (/opt/ros/humble/share/ament_lint_auto/cmake)
[7.159s] -- Added test 'cppcheck' to perform static code analysis on C / C++ code
[7.159s] -- Configured cppcheck include dirs: /home/stephenq0503/Desktop/robot_arm_sim/src/moveit2/moveit_planners/chomp/chomp_interface/include
[7.159s] -- Configured cppcheck exclude dirs and/or files: 
[7.161s] -- Added test 'xmllint' to check XML markup files
[7.165s] -- Configuring done
[7.260s] -- Generating done
[7.266s] -- Build files have been written to: /home/stephenq0503/Desktop/robot_arm_sim/build/moveit_planners_chomp
[7.292s] Invoked command in '/home/stephenq0503/Desktop/robot_arm_sim/build/moveit_planners_chomp' returned '0': AMENT_PREFIX_PATH=/home/stephenq0503/Desktop/robot_arm_sim/install/chomp_motion_planner:/home/stephenq0503/Desktop/robot_arm_sim/install/moveit_core:/home/stephenq0503/Desktop/robot_arm_sim/install/srdfdom:/home/stephenq0503/Desktop/robot_arm_sim/install/moveit_common:${AMENT_PREFIX_PATH} CMAKE_PREFIX_PATH=/home/stephenq0503/Desktop/robot_arm_sim/install/chomp_motion_planner:/home/stephenq0503/Desktop/robot_arm_sim/install/moveit_core:/home/stephenq0503/Desktop/robot_arm_sim/install/srdfdom:/home/stephenq0503/Desktop/robot_arm_sim/install/moveit_common:/home/stephenq0503/Desktop/robot_arm_sim/install/six_dof_arm:/home/stephenq0503/Desktop/robot_arm_sim/install/gazebo_ros2_control:/opt/ros/humble LD_LIBRARY_PATH=/home/stephenq0503/Desktop/robot_arm_sim/install/chomp_motion_planner/lib:/home/stephenq0503/Desktop/robot_arm_sim/install/moveit_core/lib:/home/stephenq0503/Desktop/robot_arm_sim/install/srdfdom/lib:${LD_LIBRARY_PATH} PATH=/home/stephenq0503/Desktop/robot_arm_sim/install/moveit_core/bin:${PATH} PYTHONPATH=/home/stephenq0503/Desktop/robot_arm_sim/install/srdfdom/local/lib/python3.10/dist-packages:${PYTHONPATH} /usr/bin/cmake /home/stephenq0503/Desktop/robot_arm_sim/src/moveit2/moveit_planners/chomp/chomp_interface -DCMAKE_INSTALL_PREFIX=/home/stephenq0503/Desktop/robot_arm_sim/install/moveit_planners_chomp
[7.296s] Invoking command in '/home/stephenq0503/Desktop/robot_arm_sim/build/moveit_planners_chomp': AMENT_PREFIX_PATH=/home/stephenq0503/Desktop/robot_arm_sim/install/chomp_motion_planner:/home/stephenq0503/Desktop/robot_arm_sim/install/moveit_core:/home/stephenq0503/Desktop/robot_arm_sim/install/srdfdom:/home/stephenq0503/Desktop/robot_arm_sim/install/moveit_common:${AMENT_PREFIX_PATH} CMAKE_PREFIX_PATH=/home/stephenq0503/Desktop/robot_arm_sim/install/chomp_motion_planner:/home/stephenq0503/Desktop/robot_arm_sim/install/moveit_core:/home/stephenq0503/Desktop/robot_arm_sim/install/srdfdom:/home/stephenq0503/Desktop/robot_arm_sim/install/moveit_common:/home/stephenq0503/Desktop/robot_arm_sim/install/six_dof_arm:/home/stephenq0503/Desktop/robot_arm_sim/install/gazebo_ros2_control:/opt/ros/humble LD_LIBRARY_PATH=/home/stephenq0503/Desktop/robot_arm_sim/install/chomp_motion_planner/lib:/home/stephenq0503/Desktop/robot_arm_sim/install/moveit_core/lib:/home/stephenq0503/Desktop/robot_arm_sim/install/srdfdom/lib:${LD_LIBRARY_PATH} PATH=/home/stephenq0503/Desktop/robot_arm_sim/install/moveit_core/bin:${PATH} PYTHONPATH=/home/stephenq0503/Desktop/robot_arm_sim/install/srdfdom/local/lib/python3.10/dist-packages:${PYTHONPATH} /usr/bin/cmake --build /home/stephenq0503/Desktop/robot_arm_sim/build/moveit_planners_chomp -- -j8 -l8
[7.401s] [ 20%] [32mBuilding CXX object CMakeFiles/moveit_chomp_interface.dir/src/chomp_interface.cpp.o[0m
[18.837s] [ 40%] [32mBuilding CXX object CMakeFiles/moveit_chomp_interface.dir/src/chomp_planning_context.cpp.o[0m
[28.438s] [ 60%] [32m[1mLinking CXX shared library libmoveit_chomp_interface.so[0m
[28.671s] [ 60%] Built target moveit_chomp_interface
[28.698s] [ 80%] [32mBuilding CXX object CMakeFiles/moveit_chomp_planner_plugin.dir/src/chomp_plugin.cpp.o[0m
[41.174s] [100%] [32m[1mLinking CXX shared library libmoveit_chomp_planner_plugin.so[0m
[41.387s] [100%] Built target moveit_chomp_planner_plugin
[41.450s] Invoked command in '/home/stephenq0503/Desktop/robot_arm_sim/build/moveit_planners_chomp' returned '0': AMENT_PREFIX_PATH=/home/stephenq0503/Desktop/robot_arm_sim/install/chomp_motion_planner:/home/stephenq0503/Desktop/robot_arm_sim/install/moveit_core:/home/stephenq0503/Desktop/robot_arm_sim/install/srdfdom:/home/stephenq0503/Desktop/robot_arm_sim/install/moveit_common:${AMENT_PREFIX_PATH} CMAKE_PREFIX_PATH=/home/stephenq0503/Desktop/robot_arm_sim/install/chomp_motion_planner:/home/stephenq0503/Desktop/robot_arm_sim/install/moveit_core:/home/stephenq0503/Desktop/robot_arm_sim/install/srdfdom:/home/stephenq0503/Desktop/robot_arm_sim/install/moveit_common:/home/stephenq0503/Desktop/robot_arm_sim/install/six_dof_arm:/home/stephenq0503/Desktop/robot_arm_sim/install/gazebo_ros2_control:/opt/ros/humble LD_LIBRARY_PATH=/home/stephenq0503/Desktop/robot_arm_sim/install/chomp_motion_planner/lib:/home/stephenq0503/Desktop/robot_arm_sim/install/moveit_core/lib:/home/stephenq0503/Desktop/robot_arm_sim/install/srdfdom/lib:${LD_LIBRARY_PATH} PATH=/home/stephenq0503/Desktop/robot_arm_sim/install/moveit_core/bin:${PATH} PYTHONPATH=/home/stephenq0503/Desktop/robot_arm_sim/install/srdfdom/local/lib/python3.10/dist-packages:${PYTHONPATH} /usr/bin/cmake --build /home/stephenq0503/Desktop/robot_arm_sim/build/moveit_planners_chomp -- -j8 -l8
[41.485s] Invoking command in '/home/stephenq0503/Desktop/robot_arm_sim/build/moveit_planners_chomp': AMENT_PREFIX_PATH=/home/stephenq0503/Desktop/robot_arm_sim/install/chomp_motion_planner:/home/stephenq0503/Desktop/robot_arm_sim/install/moveit_core:/home/stephenq0503/Desktop/robot_arm_sim/install/srdfdom:/home/stephenq0503/Desktop/robot_arm_sim/install/moveit_common:${AMENT_PREFIX_PATH} CMAKE_PREFIX_PATH=/home/stephenq0503/Desktop/robot_arm_sim/install/chomp_motion_planner:/home/stephenq0503/Desktop/robot_arm_sim/install/moveit_core:/home/stephenq0503/Desktop/robot_arm_sim/install/srdfdom:/home/stephenq0503/Desktop/robot_arm_sim/install/moveit_common:/home/stephenq0503/Desktop/robot_arm_sim/install/six_dof_arm:/home/stephenq0503/Desktop/robot_arm_sim/install/gazebo_ros2_control:/opt/ros/humble LD_LIBRARY_PATH=/home/stephenq0503/Desktop/robot_arm_sim/install/chomp_motion_planner/lib:/home/stephenq0503/Desktop/robot_arm_sim/install/moveit_core/lib:/home/stephenq0503/Desktop/robot_arm_sim/install/srdfdom/lib:${LD_LIBRARY_PATH} PATH=/home/stephenq0503/Desktop/robot_arm_sim/install/moveit_core/bin:${PATH} PYTHONPATH=/home/stephenq0503/Desktop/robot_arm_sim/install/srdfdom/local/lib/python3.10/dist-packages:${PYTHONPATH} /usr/bin/cmake --install /home/stephenq0503/Desktop/robot_arm_sim/build/moveit_planners_chomp
[41.494s] -- Install configuration: "Release"
[41.494s] -- Installing: /home/stephenq0503/Desktop/robot_arm_sim/install/moveit_planners_chomp/lib/libmoveit_chomp_interface.so.2.5.5
[41.495s] -- Set runtime path of "/home/stephenq0503/Desktop/robot_arm_sim/install/moveit_planners_chomp/lib/libmoveit_chomp_interface.so.2.5.5" to ""
[41.495s] -- Installing: /home/stephenq0503/Desktop/robot_arm_sim/install/moveit_planners_chomp/lib/libmoveit_chomp_interface.so
[41.495s] -- Installing: /home/stephenq0503/Desktop/robot_arm_sim/install/moveit_planners_chomp/lib/libmoveit_chomp_planner_plugin.so
[41.496s] -- Set runtime path of "/home/stephenq0503/Desktop/robot_arm_sim/install/moveit_planners_chomp/lib/libmoveit_chomp_planner_plugin.so" to ""
[41.496s] -- Installing: /home/stephenq0503/Desktop/robot_arm_sim/install/moveit_planners_chomp/share/moveit_planners_chomp/environment/library_path.sh
[41.496s] -- Installing: /home/stephenq0503/Desktop/robot_arm_sim/install/moveit_planners_chomp/share/moveit_planners_chomp/environment/library_path.dsv
[41.496s] -- Installing: /home/stephenq0503/Desktop/robot_arm_sim/install/moveit_planners_chomp/share/moveit_planners_chomp/chomp_interface_plugin_description.xml
[41.497s] -- Installing: /home/stephenq0503/Desktop/robot_arm_sim/install/moveit_planners_chomp/share/ament_index/resource_index/package_run_dependencies/moveit_planners_chomp
[41.497s] -- Installing: /home/stephenq0503/Desktop/robot_arm_sim/install/moveit_planners_chomp/share/ament_index/resource_index/parent_prefix_path/moveit_planners_chomp
[41.497s] -- Installing: /home/stephenq0503/Desktop/robot_arm_sim/install/moveit_planners_chomp/share/moveit_planners_chomp/environment/ament_prefix_path.sh
[41.497s] -- Installing: /home/stephenq0503/Desktop/robot_arm_sim/install/moveit_planners_chomp/share/moveit_planners_chomp/environment/ament_prefix_path.dsv
[41.498s] -- Installing: /home/stephenq0503/Desktop/robot_arm_sim/install/moveit_planners_chomp/share/moveit_planners_chomp/environment/path.sh
[41.498s] -- Installing: /home/stephenq0503/Desktop/robot_arm_sim/install/moveit_planners_chomp/share/moveit_planners_chomp/environment/path.dsv
[41.498s] -- Installing: /home/stephenq0503/Desktop/robot_arm_sim/install/moveit_planners_chomp/share/moveit_planners_chomp/local_setup.bash
[41.498s] -- Installing: /home/stephenq0503/Desktop/robot_arm_sim/install/moveit_planners_chomp/share/moveit_planners_chomp/local_setup.sh
[41.499s] -- Installing: /home/stephenq0503/Desktop/robot_arm_sim/install/moveit_planners_chomp/share/moveit_planners_chomp/local_setup.zsh
[41.499s] -- Installing: /home/stephenq0503/Desktop/robot_arm_sim/install/moveit_planners_chomp/share/moveit_planners_chomp/local_setup.dsv
[41.499s] -- Installing: /home/stephenq0503/Desktop/robot_arm_sim/install/moveit_planners_chomp/share/moveit_planners_chomp/package.dsv
[41.499s] -- Installing: /home/stephenq0503/Desktop/robot_arm_sim/install/moveit_planners_chomp/share/ament_index/resource_index/packages/moveit_planners_chomp
[41.499s] -- Installing: /home/stephenq0503/Desktop/robot_arm_sim/install/moveit_planners_chomp/share/ament_index/resource_index/moveit_core__pluginlib__plugin/moveit_planners_chomp
[41.500s] -- Installing: /home/stephenq0503/Desktop/robot_arm_sim/install/moveit_planners_chomp/share/moveit_planners_chomp/cmake/moveit_planners_chompTargetsExport.cmake
[41.500s] -- Installing: /home/stephenq0503/Desktop/robot_arm_sim/install/moveit_planners_chomp/share/moveit_planners_chomp/cmake/moveit_planners_chompTargetsExport-release.cmake
[41.500s] -- Installing: /home/stephenq0503/Desktop/robot_arm_sim/install/moveit_planners_chomp/share/moveit_planners_chomp/cmake/ament_cmake_export_targets-extras.cmake
[41.500s] -- Installing: /home/stephenq0503/Desktop/robot_arm_sim/install/moveit_planners_chomp/share/moveit_planners_chomp/cmake/ament_cmake_export_dependencies-extras.cmake
[41.501s] -- Installing: /home/stephenq0503/Desktop/robot_arm_sim/install/moveit_planners_chomp/share/moveit_planners_chomp/cmake/moveit_planners_chompConfig.cmake
[41.501s] -- Installing: /home/stephenq0503/Desktop/robot_arm_sim/install/moveit_planners_chomp/share/moveit_planners_chomp/cmake/moveit_planners_chompConfig-version.cmake
[41.501s] -- Installing: /home/stephenq0503/Desktop/robot_arm_sim/install/moveit_planners_chomp/share/moveit_planners_chomp/package.xml
[41.504s] Invoked command in '/home/stephenq0503/Desktop/robot_arm_sim/build/moveit_planners_chomp' returned '0': AMENT_PREFIX_PATH=/home/stephenq0503/Desktop/robot_arm_sim/install/chomp_motion_planner:/home/stephenq0503/Desktop/robot_arm_sim/install/moveit_core:/home/stephenq0503/Desktop/robot_arm_sim/install/srdfdom:/home/stephenq0503/Desktop/robot_arm_sim/install/moveit_common:${AMENT_PREFIX_PATH} CMAKE_PREFIX_PATH=/home/stephenq0503/Desktop/robot_arm_sim/install/chomp_motion_planner:/home/stephenq0503/Desktop/robot_arm_sim/install/moveit_core:/home/stephenq0503/Desktop/robot_arm_sim/install/srdfdom:/home/stephenq0503/Desktop/robot_arm_sim/install/moveit_common:/home/stephenq0503/Desktop/robot_arm_sim/install/six_dof_arm:/home/stephenq0503/Desktop/robot_arm_sim/install/gazebo_ros2_control:/opt/ros/humble LD_LIBRARY_PATH=/home/stephenq0503/Desktop/robot_arm_sim/install/chomp_motion_planner/lib:/home/stephenq0503/Desktop/robot_arm_sim/install/moveit_core/lib:/home/stephenq0503/Desktop/robot_arm_sim/install/srdfdom/lib:${LD_LIBRARY_PATH} PATH=/home/stephenq0503/Desktop/robot_arm_sim/install/moveit_core/bin:${PATH} PYTHONPATH=/home/stephenq0503/Desktop/robot_arm_sim/install/srdfdom/local/lib/python3.10/dist-packages:${PYTHONPATH} /usr/bin/cmake --install /home/stephenq0503/Desktop/robot_arm_sim/build/moveit_planners_chomp
