[0.385s] Invoking command in '/home/stephenq0503/Desktop/robot_arm_sim/build/moveit_ros_warehouse': AMENT_PREFIX_PATH=/home/stephenq0503/Desktop/robot_arm_sim/install/moveit_ros_planning:/home/stephenq0503/Desktop/robot_arm_sim/install/moveit_ros_occupancy_map_monitor:/home/stephenq0503/Desktop/robot_arm_sim/install/moveit_core:/home/stephenq0503/Desktop/robot_arm_sim/install/srdfdom:/home/stephenq0503/Desktop/robot_arm_sim/install/moveit_common:${AMENT_PREFIX_PATH} CMAKE_PREFIX_PATH=/home/stephenq0503/Desktop/robot_arm_sim/install/moveit_ros_planning:/home/stephenq0503/Desktop/robot_arm_sim/install/moveit_ros_occupancy_map_monitor:/home/stephenq0503/Desktop/robot_arm_sim/install/moveit_core:/home/stephenq0503/Desktop/robot_arm_sim/install/srdfdom:/home/stephenq0503/Desktop/robot_arm_sim/install/moveit_common:/home/stephenq0503/Desktop/robot_arm_sim/install/six_dof_arm:/home/stephenq0503/Desktop/robot_arm_sim/install/gazebo_ros2_control:/opt/ros/humble LD_LIBRARY_PATH=/home/stephenq0503/Desktop/robot_arm_sim/install/moveit_ros_planning/lib:/home/stephenq0503/Desktop/robot_arm_sim/install/moveit_ros_occupancy_map_monitor/lib:/home/stephenq0503/Desktop/robot_arm_sim/install/moveit_core/lib:/home/stephenq0503/Desktop/robot_arm_sim/install/srdfdom/lib:${LD_LIBRARY_PATH} PATH=/home/stephenq0503/Desktop/robot_arm_sim/install/moveit_core/bin:${PATH} PYTHONPATH=/home/stephenq0503/Desktop/robot_arm_sim/install/srdfdom/local/lib/python3.10/dist-packages:${PYTHONPATH} /usr/bin/cmake /home/stephenq0503/Desktop/robot_arm_sim/src/moveit2/moveit_ros/warehouse -DCMAKE_INSTALL_PREFIX=/home/stephenq0503/Desktop/robot_arm_sim/install/moveit_ros_warehouse
[0.738s] -- The C compiler identification is GNU 11.4.0
[0.877s] -- The CXX compiler identification is GNU 11.4.0
[0.898s] -- Detecting C compiler ABI info
[1.060s] -- Detecting C compiler ABI info - done
[1.084s] -- Check for working C compiler: /usr/bin/cc - skipped
[1.084s] -- Detecting C compile features
[1.085s] -- Detecting C compile features - done
[1.092s] -- Detecting CXX compiler ABI info
[1.273s] -- Detecting CXX compiler ABI info - done
[1.285s] -- Check for working CXX compiler: /usr/bin/c++ - skipped
[1.286s] -- Detecting CXX compile features
[1.287s] -- Detecting CXX compile features - done
[1.290s] -- Found moveit_common: 2.5.5 (/home/stephenq0503/Desktop/robot_arm_sim/install/moveit_common/share/moveit_common/cmake)
[1.295s] -- Found ament_cmake: 1.3.7 (/opt/ros/humble/share/ament_cmake/cmake)
[1.810s] -- Found Python3: /usr/bin/python3.10 (found version "3.10.12") found components: Interpreter 
[2.147s] -- Found libdw: /usr/lib/x86_64-linux-gnu/libdw.so  
[2.163s] -- Could NOT find libbfd (missing: LIBBFD_LIBRARY LIBBFD_INCLUDE_DIR) 
[2.164s] -- BACKWARD_HAS_UNWIND=1
[2.166s] -- BACKWARD_HAS_BACKTRACE=0
[2.167s] -- BACKWARD_HAS_BACKTRACE_SYMBOL=0
[2.168s] -- BACKWARD_HAS_DW=1
[2.169s] -- BACKWARD_HAS_BFD=0
[2.170s] -- Found Backward: /opt/ros/humble/share/backward_ros/cmake  
[2.171s] [0mmoveit_ros_warehouse: You did not request a specific build type: Choosing 'Release' for maximum performance[0m
[2.172s] -- Found rclcpp: 16.0.8 (/opt/ros/humble/share/rclcpp/cmake)
[2.249s] -- Found rosidl_generator_c: 3.1.5 (/opt/ros/humble/share/rosidl_generator_c/cmake)
[2.260s] -- Found rosidl_adapter: 3.1.5 (/opt/ros/humble/share/rosidl_adapter/cmake)
[2.282s] -- Found rosidl_generator_cpp: 3.1.5 (/opt/ros/humble/share/rosidl_generator_cpp/cmake)
[2.304s] -- Using all available rosidl_typesupport_c: rosidl_typesupport_fastrtps_c;rosidl_typesupport_introspection_c
[2.335s] -- Using all available rosidl_typesupport_cpp: rosidl_typesupport_fastrtps_cpp;rosidl_typesupport_introspection_cpp
[2.497s] -- Found rmw_implementation_cmake: 6.1.1 (/opt/ros/humble/share/rmw_implementation_cmake/cmake)
[2.505s] -- Found rmw_fastrtps_cpp: 6.2.6 (/opt/ros/humble/share/rmw_fastrtps_cpp/cmake)
[2.723s] -- Found OpenSSL: /usr/lib/x86_64-linux-gnu/libcrypto.so (found version "3.0.2")  
[2.775s] -- Found FastRTPS: /opt/ros/humble/include  
[2.895s] -- Using RMW implementation 'rmw_fastrtps_cpp' as default
[2.932s] -- Looking for pthread.h
[3.151s] -- Looking for pthread.h - found
[3.152s] -- Performing Test CMAKE_HAVE_LIBC_PTHREAD
[3.348s] -- Performing Test CMAKE_HAVE_LIBC_PTHREAD - Success
[3.352s] -- Found Threads: TRUE  
[3.760s] -- Found moveit_core: 2.5.5 (/home/stephenq0503/Desktop/robot_arm_sim/install/moveit_core/share/moveit_core/cmake)
[3.849s] -- Found Boost: /usr/lib/x86_64-linux-gnu/cmake/Boost-1.74.0/BoostConfig.cmake (found version "1.74.0") found components: chrono date_time filesystem iostreams program_options regex serialization system thread 
[3.955s] -- Found parameter_traits: 0.3.7 (/opt/ros/humble/share/parameter_traits/cmake)
[4.004s] -- Found Eigen3: TRUE (found version "3.4.0") 
[4.011s] -- Found rclcpp_lifecycle: 16.0.8 (/opt/ros/humble/share/rclcpp_lifecycle/cmake)
[4.136s] -- Found Boost: /usr/lib/x86_64-linux-gnu/cmake/Boost-1.74.0/BoostConfig.cmake (found version "1.74.0") found components: filesystem 
[4.472s] -- library: /usr/lib/x86_64-linux-gnu/libcurl.so
[5.108s] -- Ensuring Eigen3 include directory is part of orocos-kdl CMake target
[7.920s] -- Found warehouse_ros: 2.0.4 (/opt/ros/humble/share/warehouse_ros/cmake)
[8.037s] -- Found moveit_ros_planning: 2.5.5 (/home/stephenq0503/Desktop/robot_arm_sim/install/moveit_ros_planning/share/moveit_ros_planning/cmake)
[8.049s] -- Found Boost: /usr/lib/x86_64-linux-gnu/cmake/Boost-1.74.0/BoostConfig.cmake (found version "1.74.0") found components: system filesystem date_time program_options thread chrono 
[9.123s] -- Found Boost: /usr/lib/x86_64-linux-gnu/cmake/Boost-1.74.0/BoostConfig.cmake (found version "1.74.0") found components: thread system filesystem regex date_time program_options 
[9.130s] -- Performing Test COMPILER_HAS_HIDDEN_VISIBILITY
[9.349s] -- Performing Test COMPILER_HAS_HIDDEN_VISIBILITY - Success
[9.351s] -- Performing Test COMPILER_HAS_HIDDEN_INLINE_VISIBILITY
[9.600s] -- Performing Test COMPILER_HAS_HIDDEN_INLINE_VISIBILITY - Success
[9.601s] -- Performing Test COMPILER_HAS_DEPRECATED_ATTR
[9.883s] -- Performing Test COMPILER_HAS_DEPRECATED_ATTR - Success
[10.026s] -- Found ament_lint_auto: 0.12.10 (/opt/ros/humble/share/ament_lint_auto/cmake)
[10.076s] -- Added test 'cppcheck' to perform static code analysis on C / C++ code
[10.083s] -- Configured cppcheck include dirs: /home/stephenq0503/Desktop/robot_arm_sim/src/moveit2/moveit_ros/warehouse/include
[10.084s] -- Configured cppcheck exclude dirs and/or files: 
[10.085s] -- Added test 'lint_cmake' to check CMake code style
[10.087s] -- Added test 'pep257' to check Python code against some of the docstring style conventions in PEP 257
[10.093s] -- Added test 'xmllint' to check XML markup files
[10.099s] -- Configuring done
[11.134s] -- Generating done
[11.144s] -- Build files have been written to: /home/stephenq0503/Desktop/robot_arm_sim/build/moveit_ros_warehouse
[11.210s] Invoked command in '/home/stephenq0503/Desktop/robot_arm_sim/build/moveit_ros_warehouse' returned '0': AMENT_PREFIX_PATH=/home/stephenq0503/Desktop/robot_arm_sim/install/moveit_ros_planning:/home/stephenq0503/Desktop/robot_arm_sim/install/moveit_ros_occupancy_map_monitor:/home/stephenq0503/Desktop/robot_arm_sim/install/moveit_core:/home/stephenq0503/Desktop/robot_arm_sim/install/srdfdom:/home/stephenq0503/Desktop/robot_arm_sim/install/moveit_common:${AMENT_PREFIX_PATH} CMAKE_PREFIX_PATH=/home/stephenq0503/Desktop/robot_arm_sim/install/moveit_ros_planning:/home/stephenq0503/Desktop/robot_arm_sim/install/moveit_ros_occupancy_map_monitor:/home/stephenq0503/Desktop/robot_arm_sim/install/moveit_core:/home/stephenq0503/Desktop/robot_arm_sim/install/srdfdom:/home/stephenq0503/Desktop/robot_arm_sim/install/moveit_common:/home/stephenq0503/Desktop/robot_arm_sim/install/six_dof_arm:/home/stephenq0503/Desktop/robot_arm_sim/install/gazebo_ros2_control:/opt/ros/humble LD_LIBRARY_PATH=/home/stephenq0503/Desktop/robot_arm_sim/install/moveit_ros_planning/lib:/home/stephenq0503/Desktop/robot_arm_sim/install/moveit_ros_occupancy_map_monitor/lib:/home/stephenq0503/Desktop/robot_arm_sim/install/moveit_core/lib:/home/stephenq0503/Desktop/robot_arm_sim/install/srdfdom/lib:${LD_LIBRARY_PATH} PATH=/home/stephenq0503/Desktop/robot_arm_sim/install/moveit_core/bin:${PATH} PYTHONPATH=/home/stephenq0503/Desktop/robot_arm_sim/install/srdfdom/local/lib/python3.10/dist-packages:${PYTHONPATH} /usr/bin/cmake /home/stephenq0503/Desktop/robot_arm_sim/src/moveit2/moveit_ros/warehouse -DCMAKE_INSTALL_PREFIX=/home/stephenq0503/Desktop/robot_arm_sim/install/moveit_ros_warehouse
[11.212s] Invoking command in '/home/stephenq0503/Desktop/robot_arm_sim/build/moveit_ros_warehouse': AMENT_PREFIX_PATH=/home/stephenq0503/Desktop/robot_arm_sim/install/moveit_ros_planning:/home/stephenq0503/Desktop/robot_arm_sim/install/moveit_ros_occupancy_map_monitor:/home/stephenq0503/Desktop/robot_arm_sim/install/moveit_core:/home/stephenq0503/Desktop/robot_arm_sim/install/srdfdom:/home/stephenq0503/Desktop/robot_arm_sim/install/moveit_common:${AMENT_PREFIX_PATH} CMAKE_PREFIX_PATH=/home/stephenq0503/Desktop/robot_arm_sim/install/moveit_ros_planning:/home/stephenq0503/Desktop/robot_arm_sim/install/moveit_ros_occupancy_map_monitor:/home/stephenq0503/Desktop/robot_arm_sim/install/moveit_core:/home/stephenq0503/Desktop/robot_arm_sim/install/srdfdom:/home/stephenq0503/Desktop/robot_arm_sim/install/moveit_common:/home/stephenq0503/Desktop/robot_arm_sim/install/six_dof_arm:/home/stephenq0503/Desktop/robot_arm_sim/install/gazebo_ros2_control:/opt/ros/humble LD_LIBRARY_PATH=/home/stephenq0503/Desktop/robot_arm_sim/install/moveit_ros_planning/lib:/home/stephenq0503/Desktop/robot_arm_sim/install/moveit_ros_occupancy_map_monitor/lib:/home/stephenq0503/Desktop/robot_arm_sim/install/moveit_core/lib:/home/stephenq0503/Desktop/robot_arm_sim/install/srdfdom/lib:${LD_LIBRARY_PATH} PATH=/home/stephenq0503/Desktop/robot_arm_sim/install/moveit_core/bin:${PATH} PYTHONPATH=/home/stephenq0503/Desktop/robot_arm_sim/install/srdfdom/local/lib/python3.10/dist-packages:${PYTHONPATH} /usr/bin/cmake --build /home/stephenq0503/Desktop/robot_arm_sim/build/moveit_ros_warehouse -- -j8 -l8
[11.646s] [  5%] [32mBuilding CXX object CMakeFiles/moveit_warehouse.dir/src/moveit_message_storage.cpp.o[0m
[11.667s] [ 10%] [32mBuilding CXX object CMakeFiles/moveit_warehouse.dir/src/planning_scene_world_storage.cpp.o[0m
[11.717s] [ 15%] [32mBuilding CXX object CMakeFiles/moveit_warehouse.dir/src/planning_scene_storage.cpp.o[0m
[11.728s] [ 20%] [32mBuilding CXX object CMakeFiles/moveit_warehouse.dir/src/trajectory_constraints_storage.cpp.o[0m
[11.733s] [ 25%] [32mBuilding CXX object CMakeFiles/moveit_warehouse.dir/src/constraints_storage.cpp.o[0m
[11.778s] [ 30%] [32mBuilding CXX object CMakeFiles/moveit_warehouse.dir/src/warehouse_connector.cpp.o[0m
[11.790s] [ 35%] [32mBuilding CXX object CMakeFiles/moveit_warehouse.dir/src/state_storage.cpp.o[0m
[116.168s] [ 40%] [32m[1mLinking CXX shared library libmoveit_warehouse.so[0m
[118.296s] [ 40%] Built target moveit_warehouse
[118.407s] [ 45%] [32mBuilding CXX object CMakeFiles/moveit_warehouse_broadcast.dir/src/broadcast.cpp.o[0m
[146.393s] [ 50%] [32m[1mLinking CXX executable moveit_warehouse_broadcast[0m
[146.938s] [ 50%] Built target moveit_warehouse_broadcast
[147.021s] [ 55%] [32mBuilding CXX object CMakeFiles/moveit_warehouse_services.dir/src/warehouse_services.cpp.o[0m
[163.831s] [ 60%] [32m[1mLinking CXX executable moveit_warehouse_services[0m
[164.322s] [ 60%] Built target moveit_warehouse_services
[164.429s] [ 65%] [32mBuilding CXX object CMakeFiles/moveit_init_demo_warehouse.dir/src/initialize_demo_db.cpp.o[0m
[186.357s] [ 70%] [32m[1mLinking CXX executable moveit_init_demo_warehouse[0m
[187.251s] [ 70%] Built target moveit_init_demo_warehouse
[187.287s] [ 75%] [32mBuilding CXX object CMakeFiles/moveit_warehouse_save_as_text.dir/src/save_as_text.cpp.o[0m
[209.773s] [ 80%] [32m[1mLinking CXX executable moveit_warehouse_save_as_text[0m
[210.481s] [ 80%] Built target moveit_warehouse_save_as_text
[210.579s] [ 85%] [32mBuilding CXX object CMakeFiles/moveit_warehouse_import_from_text.dir/src/import_from_text.cpp.o[0m
[229.071s] [ 90%] [32m[1mLinking CXX executable moveit_warehouse_import_from_text[0m
[229.739s] [ 90%] Built target moveit_warehouse_import_from_text
[229.829s] [ 95%] [32mBuilding CXX object CMakeFiles/moveit_save_to_warehouse.dir/src/save_to_warehouse.cpp.o[0m
[279.838s] [100%] [32m[1mLinking CXX executable moveit_save_to_warehouse[0m
[283.841s] [100%] Built target moveit_save_to_warehouse
[283.946s] Invoked command in '/home/stephenq0503/Desktop/robot_arm_sim/build/moveit_ros_warehouse' returned '0': AMENT_PREFIX_PATH=/home/stephenq0503/Desktop/robot_arm_sim/install/moveit_ros_planning:/home/stephenq0503/Desktop/robot_arm_sim/install/moveit_ros_occupancy_map_monitor:/home/stephenq0503/Desktop/robot_arm_sim/install/moveit_core:/home/stephenq0503/Desktop/robot_arm_sim/install/srdfdom:/home/stephenq0503/Desktop/robot_arm_sim/install/moveit_common:${AMENT_PREFIX_PATH} CMAKE_PREFIX_PATH=/home/stephenq0503/Desktop/robot_arm_sim/install/moveit_ros_planning:/home/stephenq0503/Desktop/robot_arm_sim/install/moveit_ros_occupancy_map_monitor:/home/stephenq0503/Desktop/robot_arm_sim/install/moveit_core:/home/stephenq0503/Desktop/robot_arm_sim/install/srdfdom:/home/stephenq0503/Desktop/robot_arm_sim/install/moveit_common:/home/stephenq0503/Desktop/robot_arm_sim/install/six_dof_arm:/home/stephenq0503/Desktop/robot_arm_sim/install/gazebo_ros2_control:/opt/ros/humble LD_LIBRARY_PATH=/home/stephenq0503/Desktop/robot_arm_sim/install/moveit_ros_planning/lib:/home/stephenq0503/Desktop/robot_arm_sim/install/moveit_ros_occupancy_map_monitor/lib:/home/stephenq0503/Desktop/robot_arm_sim/install/moveit_core/lib:/home/stephenq0503/Desktop/robot_arm_sim/install/srdfdom/lib:${LD_LIBRARY_PATH} PATH=/home/stephenq0503/Desktop/robot_arm_sim/install/moveit_core/bin:${PATH} PYTHONPATH=/home/stephenq0503/Desktop/robot_arm_sim/install/srdfdom/local/lib/python3.10/dist-packages:${PYTHONPATH} /usr/bin/cmake --build /home/stephenq0503/Desktop/robot_arm_sim/build/moveit_ros_warehouse -- -j8 -l8
[285.258s] Invoking command in '/home/stephenq0503/Desktop/robot_arm_sim/build/moveit_ros_warehouse': AMENT_PREFIX_PATH=/home/stephenq0503/Desktop/robot_arm_sim/install/moveit_ros_planning:/home/stephenq0503/Desktop/robot_arm_sim/install/moveit_ros_occupancy_map_monitor:/home/stephenq0503/Desktop/robot_arm_sim/install/moveit_core:/home/stephenq0503/Desktop/robot_arm_sim/install/srdfdom:/home/stephenq0503/Desktop/robot_arm_sim/install/moveit_common:${AMENT_PREFIX_PATH} CMAKE_PREFIX_PATH=/home/stephenq0503/Desktop/robot_arm_sim/install/moveit_ros_planning:/home/stephenq0503/Desktop/robot_arm_sim/install/moveit_ros_occupancy_map_monitor:/home/stephenq0503/Desktop/robot_arm_sim/install/moveit_core:/home/stephenq0503/Desktop/robot_arm_sim/install/srdfdom:/home/stephenq0503/Desktop/robot_arm_sim/install/moveit_common:/home/stephenq0503/Desktop/robot_arm_sim/install/six_dof_arm:/home/stephenq0503/Desktop/robot_arm_sim/install/gazebo_ros2_control:/opt/ros/humble LD_LIBRARY_PATH=/home/stephenq0503/Desktop/robot_arm_sim/install/moveit_ros_planning/lib:/home/stephenq0503/Desktop/robot_arm_sim/install/moveit_ros_occupancy_map_monitor/lib:/home/stephenq0503/Desktop/robot_arm_sim/install/moveit_core/lib:/home/stephenq0503/Desktop/robot_arm_sim/install/srdfdom/lib:${LD_LIBRARY_PATH} PATH=/home/stephenq0503/Desktop/robot_arm_sim/install/moveit_core/bin:${PATH} PYTHONPATH=/home/stephenq0503/Desktop/robot_arm_sim/install/srdfdom/local/lib/python3.10/dist-packages:${PYTHONPATH} /usr/bin/cmake --install /home/stephenq0503/Desktop/robot_arm_sim/build/moveit_ros_warehouse
[285.304s] -- Install configuration: "Release"
[285.306s] -- Installing: /home/stephenq0503/Desktop/robot_arm_sim/install/moveit_ros_warehouse/lib/moveit_ros_warehouse/moveit_save_to_warehouse
[285.309s] -- Set runtime path of "/home/stephenq0503/Desktop/robot_arm_sim/install/moveit_ros_warehouse/lib/moveit_ros_warehouse/moveit_save_to_warehouse" to ""
[285.310s] -- Installing: /home/stephenq0503/Desktop/robot_arm_sim/install/moveit_ros_warehouse/lib/moveit_ros_warehouse/moveit_warehouse_broadcast
[285.312s] -- Set runtime path of "/home/stephenq0503/Desktop/robot_arm_sim/install/moveit_ros_warehouse/lib/moveit_ros_warehouse/moveit_warehouse_broadcast" to ""
[285.313s] -- Installing: /home/stephenq0503/Desktop/robot_arm_sim/install/moveit_ros_warehouse/lib/moveit_ros_warehouse/moveit_warehouse_import_from_text
[285.314s] -- Set runtime path of "/home/stephenq0503/Desktop/robot_arm_sim/install/moveit_ros_warehouse/lib/moveit_ros_warehouse/moveit_warehouse_import_from_text" to ""
[285.317s] -- Installing: /home/stephenq0503/Desktop/robot_arm_sim/install/moveit_ros_warehouse/lib/moveit_ros_warehouse/moveit_warehouse_save_as_text
[285.319s] -- Set runtime path of "/home/stephenq0503/Desktop/robot_arm_sim/install/moveit_ros_warehouse/lib/moveit_ros_warehouse/moveit_warehouse_save_as_text" to ""
[285.320s] -- Installing: /home/stephenq0503/Desktop/robot_arm_sim/install/moveit_ros_warehouse/lib/moveit_ros_warehouse/moveit_init_demo_warehouse
[285.321s] -- Set runtime path of "/home/stephenq0503/Desktop/robot_arm_sim/install/moveit_ros_warehouse/lib/moveit_ros_warehouse/moveit_init_demo_warehouse" to ""
[285.322s] -- Installing: /home/stephenq0503/Desktop/robot_arm_sim/install/moveit_ros_warehouse/lib/moveit_ros_warehouse/moveit_warehouse_services
[285.326s] -- Set runtime path of "/home/stephenq0503/Desktop/robot_arm_sim/install/moveit_ros_warehouse/lib/moveit_ros_warehouse/moveit_warehouse_services" to ""
[285.327s] -- Installing: /home/stephenq0503/Desktop/robot_arm_sim/install/moveit_ros_warehouse/include
[285.327s] -- Installing: /home/stephenq0503/Desktop/robot_arm_sim/install/moveit_ros_warehouse/include/moveit
[285.327s] -- Installing: /home/stephenq0503/Desktop/robot_arm_sim/install/moveit_ros_warehouse/include/moveit/warehouse
[285.328s] -- Installing: /home/stephenq0503/Desktop/robot_arm_sim/install/moveit_ros_warehouse/include/moveit/warehouse/moveit_message_storage.h
[285.328s] -- Installing: /home/stephenq0503/Desktop/robot_arm_sim/install/moveit_ros_warehouse/include/moveit/warehouse/constraints_storage.h
[285.329s] -- Installing: /home/stephenq0503/Desktop/robot_arm_sim/install/moveit_ros_warehouse/include/moveit/warehouse/planning_scene_world_storage.h
[285.337s] -- Installing: /home/stephenq0503/Desktop/robot_arm_sim/install/moveit_ros_warehouse/include/moveit/warehouse/trajectory_constraints_storage.h
[285.337s] -- Installing: /home/stephenq0503/Desktop/robot_arm_sim/install/moveit_ros_warehouse/include/moveit/warehouse/state_storage.h
[285.337s] -- Installing: /home/stephenq0503/Desktop/robot_arm_sim/install/moveit_ros_warehouse/include/moveit/warehouse/warehouse_connector.h
[285.337s] -- Installing: /home/stephenq0503/Desktop/robot_arm_sim/install/moveit_ros_warehouse/include/moveit/warehouse/planning_scene_storage.h
[285.337s] -- Installing: /home/stephenq0503/Desktop/robot_arm_sim/install/moveit_ros_warehouse/include/moveit_warehouse_export.h
[285.339s] -- Installing: /home/stephenq0503/Desktop/robot_arm_sim/install/moveit_ros_warehouse/lib/libmoveit_warehouse.so.2.5.5
[285.339s] -- Set runtime path of "/home/stephenq0503/Desktop/robot_arm_sim/install/moveit_ros_warehouse/lib/libmoveit_warehouse.so.2.5.5" to ""
[285.340s] -- Installing: /home/stephenq0503/Desktop/robot_arm_sim/install/moveit_ros_warehouse/lib/libmoveit_warehouse.so
[285.340s] -- Installing: /home/stephenq0503/Desktop/robot_arm_sim/install/moveit_ros_warehouse/share/moveit_ros_warehouse/environment/library_path.sh
[285.346s] -- Installing: /home/stephenq0503/Desktop/robot_arm_sim/install/moveit_ros_warehouse/share/moveit_ros_warehouse/environment/library_path.dsv
[285.350s] -- Installing: /home/stephenq0503/Desktop/robot_arm_sim/install/moveit_ros_warehouse/share/ament_index/resource_index/package_run_dependencies/moveit_ros_warehouse
[285.351s] -- Installing: /home/stephenq0503/Desktop/robot_arm_sim/install/moveit_ros_warehouse/share/ament_index/resource_index/parent_prefix_path/moveit_ros_warehouse
[285.352s] -- Installing: /home/stephenq0503/Desktop/robot_arm_sim/install/moveit_ros_warehouse/share/moveit_ros_warehouse/environment/ament_prefix_path.sh
[285.353s] -- Installing: /home/stephenq0503/Desktop/robot_arm_sim/install/moveit_ros_warehouse/share/moveit_ros_warehouse/environment/ament_prefix_path.dsv
[285.354s] -- Installing: /home/stephenq0503/Desktop/robot_arm_sim/install/moveit_ros_warehouse/share/moveit_ros_warehouse/environment/path.sh
[285.354s] -- Installing: /home/stephenq0503/Desktop/robot_arm_sim/install/moveit_ros_warehouse/share/moveit_ros_warehouse/environment/path.dsv
[285.355s] -- Installing: /home/stephenq0503/Desktop/robot_arm_sim/install/moveit_ros_warehouse/share/moveit_ros_warehouse/local_setup.bash
[285.355s] -- Installing: /home/stephenq0503/Desktop/robot_arm_sim/install/moveit_ros_warehouse/share/moveit_ros_warehouse/local_setup.sh
[285.356s] -- Installing: /home/stephenq0503/Desktop/robot_arm_sim/install/moveit_ros_warehouse/share/moveit_ros_warehouse/local_setup.zsh
[285.357s] -- Installing: /home/stephenq0503/Desktop/robot_arm_sim/install/moveit_ros_warehouse/share/moveit_ros_warehouse/local_setup.dsv
[285.358s] -- Installing: /home/stephenq0503/Desktop/robot_arm_sim/install/moveit_ros_warehouse/share/moveit_ros_warehouse/package.dsv
[285.371s] -- Installing: /home/stephenq0503/Desktop/robot_arm_sim/install/moveit_ros_warehouse/share/ament_index/resource_index/packages/moveit_ros_warehouse
[285.372s] -- Installing: /home/stephenq0503/Desktop/robot_arm_sim/install/moveit_ros_warehouse/share/moveit_ros_warehouse/cmake/export_moveit_ros_warehouseExport.cmake
[285.372s] -- Installing: /home/stephenq0503/Desktop/robot_arm_sim/install/moveit_ros_warehouse/share/moveit_ros_warehouse/cmake/export_moveit_ros_warehouseExport-release.cmake
[285.373s] -- Installing: /home/stephenq0503/Desktop/robot_arm_sim/install/moveit_ros_warehouse/share/moveit_ros_warehouse/cmake/ConfigExtras.cmake
[285.373s] -- Installing: /home/stephenq0503/Desktop/robot_arm_sim/install/moveit_ros_warehouse/share/moveit_ros_warehouse/cmake/ament_cmake_export_targets-extras.cmake
[285.374s] -- Installing: /home/stephenq0503/Desktop/robot_arm_sim/install/moveit_ros_warehouse/share/moveit_ros_warehouse/cmake/ament_cmake_export_dependencies-extras.cmake
[285.375s] -- Installing: /home/stephenq0503/Desktop/robot_arm_sim/install/moveit_ros_warehouse/share/moveit_ros_warehouse/cmake/moveit_ros_warehouseConfig.cmake
[285.376s] -- Installing: /home/stephenq0503/Desktop/robot_arm_sim/install/moveit_ros_warehouse/share/moveit_ros_warehouse/cmake/moveit_ros_warehouseConfig-version.cmake
[285.376s] -- Installing: /home/stephenq0503/Desktop/robot_arm_sim/install/moveit_ros_warehouse/share/moveit_ros_warehouse/package.xml
[285.385s] Invoked command in '/home/stephenq0503/Desktop/robot_arm_sim/build/moveit_ros_warehouse' returned '0': AMENT_PREFIX_PATH=/home/stephenq0503/Desktop/robot_arm_sim/install/moveit_ros_planning:/home/stephenq0503/Desktop/robot_arm_sim/install/moveit_ros_occupancy_map_monitor:/home/stephenq0503/Desktop/robot_arm_sim/install/moveit_core:/home/stephenq0503/Desktop/robot_arm_sim/install/srdfdom:/home/stephenq0503/Desktop/robot_arm_sim/install/moveit_common:${AMENT_PREFIX_PATH} CMAKE_PREFIX_PATH=/home/stephenq0503/Desktop/robot_arm_sim/install/moveit_ros_planning:/home/stephenq0503/Desktop/robot_arm_sim/install/moveit_ros_occupancy_map_monitor:/home/stephenq0503/Desktop/robot_arm_sim/install/moveit_core:/home/stephenq0503/Desktop/robot_arm_sim/install/srdfdom:/home/stephenq0503/Desktop/robot_arm_sim/install/moveit_common:/home/stephenq0503/Desktop/robot_arm_sim/install/six_dof_arm:/home/stephenq0503/Desktop/robot_arm_sim/install/gazebo_ros2_control:/opt/ros/humble LD_LIBRARY_PATH=/home/stephenq0503/Desktop/robot_arm_sim/install/moveit_ros_planning/lib:/home/stephenq0503/Desktop/robot_arm_sim/install/moveit_ros_occupancy_map_monitor/lib:/home/stephenq0503/Desktop/robot_arm_sim/install/moveit_core/lib:/home/stephenq0503/Desktop/robot_arm_sim/install/srdfdom/lib:${LD_LIBRARY_PATH} PATH=/home/stephenq0503/Desktop/robot_arm_sim/install/moveit_core/bin:${PATH} PYTHONPATH=/home/stephenq0503/Desktop/robot_arm_sim/install/srdfdom/local/lib/python3.10/dist-packages:${PYTHONPATH} /usr/bin/cmake --install /home/stephenq0503/Desktop/robot_arm_sim/build/moveit_ros_warehouse
