[0.452s] Invoking command in '/home/stephenq0503/Desktop/robot_arm_sim/build/moveit_kinematics': AMENT_PREFIX_PATH=/home/stephenq0503/Desktop/robot_arm_sim/install/moveit_ros_planning:/home/stephenq0503/Desktop/robot_arm_sim/install/moveit_ros_occupancy_map_monitor:/home/stephenq0503/Desktop/robot_arm_sim/install/moveit_core:/home/stephenq0503/Desktop/robot_arm_sim/install/moveit_resources_panda_moveit_config:/home/stephenq0503/Desktop/robot_arm_sim/install/moveit_resources_fanuc_moveit_config:/home/stephenq0503/Desktop/robot_arm_sim/install/moveit_configs_utils:/home/stephenq0503/Desktop/robot_arm_sim/install/srdfdom:/home/stephenq0503/Desktop/robot_arm_sim/install/moveit_resources_panda_description:/home/stephenq0503/Desktop/robot_arm_sim/install/moveit_resources_fanuc_description:/home/stephenq0503/Desktop/robot_arm_sim/install/moveit_common:/home/stephenq0503/Desktop/robot_arm_sim/install/launch_param_builder:${AMENT_PREFIX_PATH} CMAKE_PREFIX_PATH=/home/stephenq0503/Desktop/robot_arm_sim/install/moveit_ros_planning:/home/stephenq0503/Desktop/robot_arm_sim/install/moveit_ros_occupancy_map_monitor:/home/stephenq0503/Desktop/robot_arm_sim/install/moveit_core:/home/stephenq0503/Desktop/robot_arm_sim/install/moveit_resources_panda_moveit_config:/home/stephenq0503/Desktop/robot_arm_sim/install/moveit_resources_fanuc_moveit_config:/home/stephenq0503/Desktop/robot_arm_sim/install/srdfdom:/home/stephenq0503/Desktop/robot_arm_sim/install/moveit_resources_panda_description:/home/stephenq0503/Desktop/robot_arm_sim/install/moveit_resources_fanuc_description:/home/stephenq0503/Desktop/robot_arm_sim/install/moveit_common:/home/stephenq0503/Desktop/robot_arm_sim/install/six_dof_arm:/home/stephenq0503/Desktop/robot_arm_sim/install/gazebo_ros2_control:/opt/ros/humble LD_LIBRARY_PATH=/home/stephenq0503/Desktop/robot_arm_sim/install/moveit_ros_planning/lib:/home/stephenq0503/Desktop/robot_arm_sim/install/moveit_ros_occupancy_map_monitor/lib:/home/stephenq0503/Desktop/robot_arm_sim/install/moveit_core/lib:/home/stephenq0503/Desktop/robot_arm_sim/install/srdfdom/lib:${LD_LIBRARY_PATH} PATH=/home/stephenq0503/Desktop/robot_arm_sim/install/moveit_core/bin:${PATH} PYTHONPATH=/home/stephenq0503/Desktop/robot_arm_sim/install/moveit_configs_utils/lib/python3.10/site-packages:/home/stephenq0503/Desktop/robot_arm_sim/install/srdfdom/local/lib/python3.10/dist-packages:/home/stephenq0503/Desktop/robot_arm_sim/install/launch_param_builder/lib/python3.10/site-packages:${PYTHONPATH} /usr/bin/cmake /home/stephenq0503/Desktop/robot_arm_sim/src/moveit2/moveit_kinematics -DCMAKE_INSTALL_PREFIX=/home/stephenq0503/Desktop/robot_arm_sim/install/moveit_kinematics
[0.806s] -- The C compiler identification is GNU 11.4.0
[0.932s] -- The CXX compiler identification is GNU 11.4.0
[0.949s] -- Detecting C compiler ABI info
[1.089s] -- Detecting C compiler ABI info - done
[1.109s] -- Check for working C compiler: /usr/bin/cc - skipped
[1.110s] -- Detecting C compile features
[1.111s] -- Detecting C compile features - done
[1.121s] -- Detecting CXX compiler ABI info
[1.293s] -- Detecting CXX compiler ABI info - done
[1.316s] -- Check for working CXX compiler: /usr/bin/c++ - skipped
[1.316s] -- Detecting CXX compile features
[1.317s] -- Detecting CXX compile features - done
[1.324s] -- Found moveit_common: 2.5.5 (/home/stephenq0503/Desktop/robot_arm_sim/install/moveit_common/share/moveit_common/cmake)
[1.329s] -- Found ament_cmake: 1.3.7 (/opt/ros/humble/share/ament_cmake/cmake)
[1.881s] -- Found Python3: /usr/bin/python3.10 (found version "3.10.12") found components: Interpreter 
[2.264s] -- Found libdw: /usr/lib/x86_64-linux-gnu/libdw.so  
[2.275s] -- Could NOT find libbfd (missing: LIBBFD_LIBRARY LIBBFD_INCLUDE_DIR) 
[2.275s] -- BACKWARD_HAS_UNWIND=1
[2.279s] -- BACKWARD_HAS_BACKTRACE=0
[2.279s] -- BACKWARD_HAS_BACKTRACE_SYMBOL=0
[2.279s] -- BACKWARD_HAS_DW=1
[2.280s] -- BACKWARD_HAS_BFD=0
[2.280s] -- Found Backward: /opt/ros/humble/share/backward_ros/cmake  
[2.280s] [0mmoveit_kinematics: You did not request a specific build type: Choosing 'Release' for maximum performance[0m
[2.306s] -- Found tf2_kdl: 0.25.5 (/opt/ros/humble/share/tf2_kdl/cmake)
[2.383s] -- Found rosidl_generator_c: 3.1.5 (/opt/ros/humble/share/rosidl_generator_c/cmake)
[2.397s] -- Found rosidl_adapter: 3.1.5 (/opt/ros/humble/share/rosidl_adapter/cmake)
[2.413s] -- Found rosidl_generator_cpp: 3.1.5 (/opt/ros/humble/share/rosidl_generator_cpp/cmake)
[2.449s] -- Using all available rosidl_typesupport_c: rosidl_typesupport_fastrtps_c;rosidl_typesupport_introspection_c
[2.501s] -- Using all available rosidl_typesupport_cpp: rosidl_typesupport_fastrtps_cpp;rosidl_typesupport_introspection_cpp
[2.832s] -- Found eigen3_cmake_module: 0.1.1 (/opt/ros/humble/share/eigen3_cmake_module/cmake)
[2.834s] -- Found Eigen3: TRUE (found version "3.4.0") 
[2.834s] -- Ensuring Eigen3 include directory is part of orocos-kdl CMake target
[3.161s] -- Found rmw_implementation_cmake: 6.1.1 (/opt/ros/humble/share/rmw_implementation_cmake/cmake)
[3.171s] -- Found rmw_fastrtps_cpp: 6.2.6 (/opt/ros/humble/share/rmw_fastrtps_cpp/cmake)
[3.439s] -- Found OpenSSL: /usr/lib/x86_64-linux-gnu/libcrypto.so (found version "3.0.2")  
[3.498s] -- Found FastRTPS: /opt/ros/humble/include  
[3.617s] -- Using RMW implementation 'rmw_fastrtps_cpp' as default
[3.643s] -- Looking for pthread.h
[3.845s] -- Looking for pthread.h - found
[3.846s] -- Performing Test CMAKE_HAVE_LIBC_PTHREAD
[4.065s] -- Performing Test CMAKE_HAVE_LIBC_PTHREAD - Success
[4.068s] -- Found Threads: TRUE  
[5.021s] -- Found kdl_parser: 2.6.4 (/opt/ros/humble/share/kdl_parser/cmake)
[5.033s] -- Found random_numbers: 2.0.1 (/opt/ros/humble/share/random_numbers/cmake)
[5.061s] -- Found pluginlib: 5.1.0 (/opt/ros/humble/share/pluginlib/cmake)
[5.100s] -- Found moveit_core: 2.5.5 (/home/stephenq0503/Desktop/robot_arm_sim/install/moveit_core/share/moveit_core/cmake)
[5.187s] -- Found Boost: /usr/lib/x86_64-linux-gnu/cmake/Boost-1.74.0/BoostConfig.cmake (found version "1.74.0") found components: chrono date_time filesystem iostreams program_options regex serialization system thread 
[5.279s] -- Found parameter_traits: 0.3.7 (/opt/ros/humble/share/parameter_traits/cmake)
[5.332s] -- Found rclcpp_lifecycle: 16.0.8 (/opt/ros/humble/share/rclcpp_lifecycle/cmake)
[5.481s] -- Found Boost: /usr/lib/x86_64-linux-gnu/cmake/Boost-1.74.0/BoostConfig.cmake (found version "1.74.0") found components: filesystem 
[5.671s] -- library: /usr/lib/x86_64-linux-gnu/libcurl.so
[8.435s] -- Found moveit_ros_planning: 2.5.5 (/home/stephenq0503/Desktop/robot_arm_sim/install/moveit_ros_planning/share/moveit_ros_planning/cmake)
[8.442s] -- Found Boost: /usr/lib/x86_64-linux-gnu/cmake/Boost-1.74.0/BoostConfig.cmake (found version "1.74.0") found components: system filesystem date_time program_options thread chrono 
[9.182s] -- Found Boost: /usr/lib/x86_64-linux-gnu/cmake/Boost-1.74.0/BoostConfig.cmake (found version "1.74.0") found components: program_options system 
[9.303s] -- Found ament_cmake_gtest: 1.3.7 (/opt/ros/humble/share/ament_cmake_gtest/cmake)
[9.307s] -- Found ros_testing: 0.4.0 (/opt/ros/humble/share/ros_testing/cmake)
[9.311s] -- Found launch_testing_ament_cmake: 1.0.4 (/opt/ros/humble/share/launch_testing_ament_cmake/cmake)
[9.316s] -- Found python_cmake_module: 0.10.0 (/opt/ros/humble/share/python_cmake_module/cmake)
[9.365s] -- Found PythonInterp: /usr/bin/python3 (found suitable version "3.10.12", minimum required is "3.6") 
[9.375s] -- Found PythonLibs: /usr/lib/x86_64-linux-gnu/libpython3.10.so (found suitable version "3.10.12", minimum required is "3.5") 
[9.376s] -- Using PYTHON_EXECUTABLE: /usr/bin/python3
[9.376s] -- Using PYTHON_INCLUDE_DIRS: /usr/include/python3.10
[9.376s] -- Using PYTHON_LIBRARIES: /usr/lib/x86_64-linux-gnu/libpython3.10.so
[9.422s] -- Found PythonExtra: .so  
[9.423s] -- Found moveit_resources_fanuc_description: 2.0.6 (/home/stephenq0503/Desktop/robot_arm_sim/install/moveit_resources_fanuc_description/share/moveit_resources_fanuc_description/cmake)
[9.426s] -- Found moveit_resources_fanuc_moveit_config: 2.0.6 (/home/stephenq0503/Desktop/robot_arm_sim/install/moveit_resources_fanuc_moveit_config/share/moveit_resources_fanuc_moveit_config/cmake)
[9.428s] -- Found moveit_resources_panda_description: 2.0.6 (/home/stephenq0503/Desktop/robot_arm_sim/install/moveit_resources_panda_description/share/moveit_resources_panda_description/cmake)
[9.430s] -- Found moveit_resources_panda_moveit_config: 2.0.6 (/home/stephenq0503/Desktop/robot_arm_sim/install/moveit_resources_panda_moveit_config/share/moveit_resources_panda_moveit_config/cmake)
[9.438s] -- Found gtest sources under '/opt/ros/humble/src/gtest_vendor': C++ tests using 'Google Test' will be built
[9.468s] -- Found ament_lint_auto: 0.12.10 (/opt/ros/humble/share/ament_lint_auto/cmake)
[9.493s] -- Found launch_testing_ament_cmake: 1.0.4 (/opt/ros/humble/share/launch_testing_ament_cmake/cmake)
[9.493s] -- Found python_cmake_module: 0.10.0 (/opt/ros/humble/share/python_cmake_module/cmake)
[9.531s] -- Using PYTHON_EXECUTABLE: /usr/bin/python3
[9.531s] -- Using PYTHON_INCLUDE_DIRS: /usr/include/python3.10
[9.531s] -- Using PYTHON_LIBRARIES: /usr/lib/x86_64-linux-gnu/libpython3.10.so
[9.605s] -- Added test 'cppcheck' to perform static code analysis on C / C++ code
[9.606s] -- Configured cppcheck include dirs: /home/stephenq0503/Desktop/robot_arm_sim/src/moveit2/moveit_kinematics/kdl_kinematics_plugin/include;/home/stephenq0503/Desktop/robot_arm_sim/src/moveit2/moveit_kinematics/lma_kinematics_plugin/include;/home/stephenq0503/Desktop/robot_arm_sim/src/moveit2/moveit_kinematics/srv_kinematics_plugin/include;/home/stephenq0503/Desktop/robot_arm_sim/src/moveit2/moveit_kinematics/cached_ik_kinematics_plugin/include
[9.606s] -- Configured cppcheck exclude dirs and/or files: 
[9.609s] -- Added test 'lint_cmake' to check CMake code style
[9.614s] -- Configuring done
[9.942s] -- Generating done
[9.951s] -- Build files have been written to: /home/stephenq0503/Desktop/robot_arm_sim/build/moveit_kinematics
[10.013s] Invoked command in '/home/stephenq0503/Desktop/robot_arm_sim/build/moveit_kinematics' returned '0': AMENT_PREFIX_PATH=/home/stephenq0503/Desktop/robot_arm_sim/install/moveit_ros_planning:/home/stephenq0503/Desktop/robot_arm_sim/install/moveit_ros_occupancy_map_monitor:/home/stephenq0503/Desktop/robot_arm_sim/install/moveit_core:/home/stephenq0503/Desktop/robot_arm_sim/install/moveit_resources_panda_moveit_config:/home/stephenq0503/Desktop/robot_arm_sim/install/moveit_resources_fanuc_moveit_config:/home/stephenq0503/Desktop/robot_arm_sim/install/moveit_configs_utils:/home/stephenq0503/Desktop/robot_arm_sim/install/srdfdom:/home/stephenq0503/Desktop/robot_arm_sim/install/moveit_resources_panda_description:/home/stephenq0503/Desktop/robot_arm_sim/install/moveit_resources_fanuc_description:/home/stephenq0503/Desktop/robot_arm_sim/install/moveit_common:/home/stephenq0503/Desktop/robot_arm_sim/install/launch_param_builder:${AMENT_PREFIX_PATH} CMAKE_PREFIX_PATH=/home/stephenq0503/Desktop/robot_arm_sim/install/moveit_ros_planning:/home/stephenq0503/Desktop/robot_arm_sim/install/moveit_ros_occupancy_map_monitor:/home/stephenq0503/Desktop/robot_arm_sim/install/moveit_core:/home/stephenq0503/Desktop/robot_arm_sim/install/moveit_resources_panda_moveit_config:/home/stephenq0503/Desktop/robot_arm_sim/install/moveit_resources_fanuc_moveit_config:/home/stephenq0503/Desktop/robot_arm_sim/install/srdfdom:/home/stephenq0503/Desktop/robot_arm_sim/install/moveit_resources_panda_description:/home/stephenq0503/Desktop/robot_arm_sim/install/moveit_resources_fanuc_description:/home/stephenq0503/Desktop/robot_arm_sim/install/moveit_common:/home/stephenq0503/Desktop/robot_arm_sim/install/six_dof_arm:/home/stephenq0503/Desktop/robot_arm_sim/install/gazebo_ros2_control:/opt/ros/humble LD_LIBRARY_PATH=/home/stephenq0503/Desktop/robot_arm_sim/install/moveit_ros_planning/lib:/home/stephenq0503/Desktop/robot_arm_sim/install/moveit_ros_occupancy_map_monitor/lib:/home/stephenq0503/Desktop/robot_arm_sim/install/moveit_core/lib:/home/stephenq0503/Desktop/robot_arm_sim/install/srdfdom/lib:${LD_LIBRARY_PATH} PATH=/home/stephenq0503/Desktop/robot_arm_sim/install/moveit_core/bin:${PATH} PYTHONPATH=/home/stephenq0503/Desktop/robot_arm_sim/install/moveit_configs_utils/lib/python3.10/site-packages:/home/stephenq0503/Desktop/robot_arm_sim/install/srdfdom/local/lib/python3.10/dist-packages:/home/stephenq0503/Desktop/robot_arm_sim/install/launch_param_builder/lib/python3.10/site-packages:${PYTHONPATH} /usr/bin/cmake /home/stephenq0503/Desktop/robot_arm_sim/src/moveit2/moveit_kinematics -DCMAKE_INSTALL_PREFIX=/home/stephenq0503/Desktop/robot_arm_sim/install/moveit_kinematics
[10.015s] Invoking command in '/home/stephenq0503/Desktop/robot_arm_sim/build/moveit_kinematics': AMENT_PREFIX_PATH=/home/stephenq0503/Desktop/robot_arm_sim/install/moveit_ros_planning:/home/stephenq0503/Desktop/robot_arm_sim/install/moveit_ros_occupancy_map_monitor:/home/stephenq0503/Desktop/robot_arm_sim/install/moveit_core:/home/stephenq0503/Desktop/robot_arm_sim/install/moveit_resources_panda_moveit_config:/home/stephenq0503/Desktop/robot_arm_sim/install/moveit_resources_fanuc_moveit_config:/home/stephenq0503/Desktop/robot_arm_sim/install/moveit_configs_utils:/home/stephenq0503/Desktop/robot_arm_sim/install/srdfdom:/home/stephenq0503/Desktop/robot_arm_sim/install/moveit_resources_panda_description:/home/stephenq0503/Desktop/robot_arm_sim/install/moveit_resources_fanuc_description:/home/stephenq0503/Desktop/robot_arm_sim/install/moveit_common:/home/stephenq0503/Desktop/robot_arm_sim/install/launch_param_builder:${AMENT_PREFIX_PATH} CMAKE_PREFIX_PATH=/home/stephenq0503/Desktop/robot_arm_sim/install/moveit_ros_planning:/home/stephenq0503/Desktop/robot_arm_sim/install/moveit_ros_occupancy_map_monitor:/home/stephenq0503/Desktop/robot_arm_sim/install/moveit_core:/home/stephenq0503/Desktop/robot_arm_sim/install/moveit_resources_panda_moveit_config:/home/stephenq0503/Desktop/robot_arm_sim/install/moveit_resources_fanuc_moveit_config:/home/stephenq0503/Desktop/robot_arm_sim/install/srdfdom:/home/stephenq0503/Desktop/robot_arm_sim/install/moveit_resources_panda_description:/home/stephenq0503/Desktop/robot_arm_sim/install/moveit_resources_fanuc_description:/home/stephenq0503/Desktop/robot_arm_sim/install/moveit_common:/home/stephenq0503/Desktop/robot_arm_sim/install/six_dof_arm:/home/stephenq0503/Desktop/robot_arm_sim/install/gazebo_ros2_control:/opt/ros/humble LD_LIBRARY_PATH=/home/stephenq0503/Desktop/robot_arm_sim/install/moveit_ros_planning/lib:/home/stephenq0503/Desktop/robot_arm_sim/install/moveit_ros_occupancy_map_monitor/lib:/home/stephenq0503/Desktop/robot_arm_sim/install/moveit_core/lib:/home/stephenq0503/Desktop/robot_arm_sim/install/srdfdom/lib:${LD_LIBRARY_PATH} PATH=/home/stephenq0503/Desktop/robot_arm_sim/install/moveit_core/bin:${PATH} PYTHONPATH=/home/stephenq0503/Desktop/robot_arm_sim/install/moveit_configs_utils/lib/python3.10/site-packages:/home/stephenq0503/Desktop/robot_arm_sim/install/srdfdom/local/lib/python3.10/dist-packages:/home/stephenq0503/Desktop/robot_arm_sim/install/launch_param_builder/lib/python3.10/site-packages:${PYTHONPATH} /usr/bin/cmake --build /home/stephenq0503/Desktop/robot_arm_sim/build/moveit_kinematics -- -j8 -l8
[10.174s] [  5%] [32mBuilding CXX object cached_ik_kinematics_plugin/CMakeFiles/moveit_cached_ik_kinematics_base.dir/src/ik_cache.cpp.o[0m
[10.191s] [ 10%] [32mBuilding CXX object gtest/CMakeFiles/gtest_main.dir/src/gtest_main.cc.o[0m
[10.193s] [ 15%] [32mBuilding CXX object gtest/CMakeFiles/gtest.dir/src/gtest-all.cc.o[0m
[10.199s] [ 21%] [32mBuilding CXX object lma_kinematics_plugin/CMakeFiles/moveit_lma_kinematics_plugin.dir/src/lma_kinematics_plugin.cpp.o[0m
[10.238s] [ 26%] [32mBuilding CXX object kdl_kinematics_plugin/CMakeFiles/moveit_kdl_kinematics_plugin.dir/src/chainiksolver_vel_mimic_svd.cpp.o[0m
[10.246s] [ 31%] [32mBuilding CXX object srv_kinematics_plugin/CMakeFiles/moveit_srv_kinematics_plugin.dir/src/srv_kinematics_plugin.cpp.o[0m
[10.250s] [ 36%] [32mBuilding CXX object test/CMakeFiles/benchmark_ik.dir/benchmark_ik.cpp.o[0m
[10.262s] [ 42%] [32mBuilding CXX object kdl_kinematics_plugin/CMakeFiles/moveit_kdl_kinematics_plugin.dir/src/kdl_kinematics_plugin.cpp.o[0m
[17.178s] [ 47%] [32m[1mLinking CXX static library libgtest_main.a[0m
[17.603s] [ 47%] Built target gtest_main
[102.140s] [ 52%] [32m[1mLinking CXX static library libgtest.a[0m
[102.469s] [ 52%] Built target gtest
[103.821s] [ 57%] [32m[1mLinking CXX shared library libmoveit_lma_kinematics_plugin.so[0m
[105.385s] [ 57%] Built target moveit_lma_kinematics_plugin
[105.570s] [ 63%] [32m[1mLinking CXX shared library libmoveit_kdl_kinematics_plugin.so[0m
[106.469s] [ 63%] Built target moveit_kdl_kinematics_plugin
[106.676s] [ 68%] [32m[1mLinking CXX executable benchmark_ik[0m
[107.306s] [ 73%] [32m[1mLinking CXX shared library libmoveit_srv_kinematics_plugin.so[0m
[108.304s] [ 73%] Built target moveit_srv_kinematics_plugin
[108.347s] [ 78%] [32m[1mLinking CXX shared library libmoveit_cached_ik_kinematics_base.so[0m
[108.631s] [ 78%] Built target benchmark_ik
[109.463s] [ 78%] Built target moveit_cached_ik_kinematics_base
[109.664s] [ 84%] [32mBuilding CXX object test/CMakeFiles/test_kinematics_plugin.dir/test_kinematics_plugin.cpp.o[0m
[152.806s] [ 89%] [32m[1mLinking CXX executable test_kinematics_plugin[0m
[153.507s] [ 89%] Built target test_kinematics_plugin
[153.605s] [ 94%] [32mBuilding CXX object cached_ik_kinematics_plugin/CMakeFiles/moveit_cached_ik_kinematics_plugin.dir/src/cached_ik_kinematics_plugin.cpp.o[0m
[167.865s] [100%] [32m[1mLinking CXX shared library libmoveit_cached_ik_kinematics_plugin.so[0m
[168.220s] [100%] Built target moveit_cached_ik_kinematics_plugin
[168.241s] Invoked command in '/home/stephenq0503/Desktop/robot_arm_sim/build/moveit_kinematics' returned '0': AMENT_PREFIX_PATH=/home/stephenq0503/Desktop/robot_arm_sim/install/moveit_ros_planning:/home/stephenq0503/Desktop/robot_arm_sim/install/moveit_ros_occupancy_map_monitor:/home/stephenq0503/Desktop/robot_arm_sim/install/moveit_core:/home/stephenq0503/Desktop/robot_arm_sim/install/moveit_resources_panda_moveit_config:/home/stephenq0503/Desktop/robot_arm_sim/install/moveit_resources_fanuc_moveit_config:/home/stephenq0503/Desktop/robot_arm_sim/install/moveit_configs_utils:/home/stephenq0503/Desktop/robot_arm_sim/install/srdfdom:/home/stephenq0503/Desktop/robot_arm_sim/install/moveit_resources_panda_description:/home/stephenq0503/Desktop/robot_arm_sim/install/moveit_resources_fanuc_description:/home/stephenq0503/Desktop/robot_arm_sim/install/moveit_common:/home/stephenq0503/Desktop/robot_arm_sim/install/launch_param_builder:${AMENT_PREFIX_PATH} CMAKE_PREFIX_PATH=/home/stephenq0503/Desktop/robot_arm_sim/install/moveit_ros_planning:/home/stephenq0503/Desktop/robot_arm_sim/install/moveit_ros_occupancy_map_monitor:/home/stephenq0503/Desktop/robot_arm_sim/install/moveit_core:/home/stephenq0503/Desktop/robot_arm_sim/install/moveit_resources_panda_moveit_config:/home/stephenq0503/Desktop/robot_arm_sim/install/moveit_resources_fanuc_moveit_config:/home/stephenq0503/Desktop/robot_arm_sim/install/srdfdom:/home/stephenq0503/Desktop/robot_arm_sim/install/moveit_resources_panda_description:/home/stephenq0503/Desktop/robot_arm_sim/install/moveit_resources_fanuc_description:/home/stephenq0503/Desktop/robot_arm_sim/install/moveit_common:/home/stephenq0503/Desktop/robot_arm_sim/install/six_dof_arm:/home/stephenq0503/Desktop/robot_arm_sim/install/gazebo_ros2_control:/opt/ros/humble LD_LIBRARY_PATH=/home/stephenq0503/Desktop/robot_arm_sim/install/moveit_ros_planning/lib:/home/stephenq0503/Desktop/robot_arm_sim/install/moveit_ros_occupancy_map_monitor/lib:/home/stephenq0503/Desktop/robot_arm_sim/install/moveit_core/lib:/home/stephenq0503/Desktop/robot_arm_sim/install/srdfdom/lib:${LD_LIBRARY_PATH} PATH=/home/stephenq0503/Desktop/robot_arm_sim/install/moveit_core/bin:${PATH} PYTHONPATH=/home/stephenq0503/Desktop/robot_arm_sim/install/moveit_configs_utils/lib/python3.10/site-packages:/home/stephenq0503/Desktop/robot_arm_sim/install/srdfdom/local/lib/python3.10/dist-packages:/home/stephenq0503/Desktop/robot_arm_sim/install/launch_param_builder/lib/python3.10/site-packages:${PYTHONPATH} /usr/bin/cmake --build /home/stephenq0503/Desktop/robot_arm_sim/build/moveit_kinematics -- -j8 -l8
[168.289s] Invoking command in '/home/stephenq0503/Desktop/robot_arm_sim/build/moveit_kinematics': AMENT_PREFIX_PATH=/home/stephenq0503/Desktop/robot_arm_sim/install/moveit_ros_planning:/home/stephenq0503/Desktop/robot_arm_sim/install/moveit_ros_occupancy_map_monitor:/home/stephenq0503/Desktop/robot_arm_sim/install/moveit_core:/home/stephenq0503/Desktop/robot_arm_sim/install/moveit_resources_panda_moveit_config:/home/stephenq0503/Desktop/robot_arm_sim/install/moveit_resources_fanuc_moveit_config:/home/stephenq0503/Desktop/robot_arm_sim/install/moveit_configs_utils:/home/stephenq0503/Desktop/robot_arm_sim/install/srdfdom:/home/stephenq0503/Desktop/robot_arm_sim/install/moveit_resources_panda_description:/home/stephenq0503/Desktop/robot_arm_sim/install/moveit_resources_fanuc_description:/home/stephenq0503/Desktop/robot_arm_sim/install/moveit_common:/home/stephenq0503/Desktop/robot_arm_sim/install/launch_param_builder:${AMENT_PREFIX_PATH} CMAKE_PREFIX_PATH=/home/stephenq0503/Desktop/robot_arm_sim/install/moveit_ros_planning:/home/stephenq0503/Desktop/robot_arm_sim/install/moveit_ros_occupancy_map_monitor:/home/stephenq0503/Desktop/robot_arm_sim/install/moveit_core:/home/stephenq0503/Desktop/robot_arm_sim/install/moveit_resources_panda_moveit_config:/home/stephenq0503/Desktop/robot_arm_sim/install/moveit_resources_fanuc_moveit_config:/home/stephenq0503/Desktop/robot_arm_sim/install/srdfdom:/home/stephenq0503/Desktop/robot_arm_sim/install/moveit_resources_panda_description:/home/stephenq0503/Desktop/robot_arm_sim/install/moveit_resources_fanuc_description:/home/stephenq0503/Desktop/robot_arm_sim/install/moveit_common:/home/stephenq0503/Desktop/robot_arm_sim/install/six_dof_arm:/home/stephenq0503/Desktop/robot_arm_sim/install/gazebo_ros2_control:/opt/ros/humble LD_LIBRARY_PATH=/home/stephenq0503/Desktop/robot_arm_sim/install/moveit_ros_planning/lib:/home/stephenq0503/Desktop/robot_arm_sim/install/moveit_ros_occupancy_map_monitor/lib:/home/stephenq0503/Desktop/robot_arm_sim/install/moveit_core/lib:/home/stephenq0503/Desktop/robot_arm_sim/install/srdfdom/lib:${LD_LIBRARY_PATH} PATH=/home/stephenq0503/Desktop/robot_arm_sim/install/moveit_core/bin:${PATH} PYTHONPATH=/home/stephenq0503/Desktop/robot_arm_sim/install/moveit_configs_utils/lib/python3.10/site-packages:/home/stephenq0503/Desktop/robot_arm_sim/install/srdfdom/local/lib/python3.10/dist-packages:/home/stephenq0503/Desktop/robot_arm_sim/install/launch_param_builder/lib/python3.10/site-packages:${PYTHONPATH} /usr/bin/cmake --install /home/stephenq0503/Desktop/robot_arm_sim/build/moveit_kinematics
[168.302s] -- Install configuration: "Release"
[168.302s] -- Installing: /home/stephenq0503/Desktop/robot_arm_sim/install/moveit_kinematics/share/moveit_kinematics/kdl_kinematics_plugin_description.xml
[168.303s] -- Installing: /home/stephenq0503/Desktop/robot_arm_sim/install/moveit_kinematics/share/moveit_kinematics/lma_kinematics_plugin_description.xml
[168.303s] -- Installing: /home/stephenq0503/Desktop/robot_arm_sim/install/moveit_kinematics/share/moveit_kinematics/srv_kinematics_plugin_description.xml
[168.303s] -- Installing: /home/stephenq0503/Desktop/robot_arm_sim/install/moveit_kinematics/share/moveit_kinematics/cached_ik_kinematics_plugin_description.xml
[168.304s] -- Installing: /home/stephenq0503/Desktop/robot_arm_sim/install/moveit_kinematics/include
[168.304s] -- Installing: /home/stephenq0503/Desktop/robot_arm_sim/install/moveit_kinematics/include/moveit
[168.304s] -- Installing: /home/stephenq0503/Desktop/robot_arm_sim/install/moveit_kinematics/include/moveit/cached_ik_kinematics_plugin
[168.305s] -- Installing: /home/stephenq0503/Desktop/robot_arm_sim/install/moveit_kinematics/include/moveit/cached_ik_kinematics_plugin/cached_ik_kinematics_plugin-inl.h
[168.305s] -- Installing: /home/stephenq0503/Desktop/robot_arm_sim/install/moveit_kinematics/include/moveit/cached_ik_kinematics_plugin/cached_ik_kinematics_plugin.h
[168.305s] -- Installing: /home/stephenq0503/Desktop/robot_arm_sim/install/moveit_kinematics/include/moveit/cached_ik_kinematics_plugin/detail
[168.305s] -- Installing: /home/stephenq0503/Desktop/robot_arm_sim/install/moveit_kinematics/include/moveit/cached_ik_kinematics_plugin/detail/GreedyKCenters.h
[168.305s] -- Installing: /home/stephenq0503/Desktop/robot_arm_sim/install/moveit_kinematics/include/moveit/cached_ik_kinematics_plugin/detail/NearestNeighbors.h
[168.306s] -- Installing: /home/stephenq0503/Desktop/robot_arm_sim/install/moveit_kinematics/include/moveit/cached_ik_kinematics_plugin/detail/NearestNeighborsGNAT.h
[168.306s] -- Installing: /home/stephenq0503/Desktop/robot_arm_sim/install/moveit_kinematics/share/moveit_kinematics/launch
[168.306s] -- Installing: /home/stephenq0503/Desktop/robot_arm_sim/install/moveit_kinematics/share/moveit_kinematics/launch/measure_ik_call_cost.launch
[168.307s] -- Installing: /home/stephenq0503/Desktop/robot_arm_sim/install/moveit_kinematics/lib/moveit_kinematics/auto_create_ikfast_moveit_plugin.sh
[168.307s] -- Installing: /home/stephenq0503/Desktop/robot_arm_sim/install/moveit_kinematics/lib/moveit_kinematics/create_ikfast_moveit_plugin.py
[168.308s] -- Installing: /home/stephenq0503/Desktop/robot_arm_sim/install/moveit_kinematics/lib/moveit_kinematics/round_collada_numbers.py
[168.308s] -- Installing: /home/stephenq0503/Desktop/robot_arm_sim/install/moveit_kinematics/share/moveit_kinematics/ikfast_kinematics_plugin/templates
[168.308s] -- Installing: /home/stephenq0503/Desktop/robot_arm_sim/install/moveit_kinematics/share/moveit_kinematics/ikfast_kinematics_plugin/templates/ikfast61_moveit_plugin_template.cpp
[168.309s] -- Installing: /home/stephenq0503/Desktop/robot_arm_sim/install/moveit_kinematics/share/moveit_kinematics/ikfast_kinematics_plugin/templates/ikfast.h
[168.309s] -- Installing: /home/stephenq0503/Desktop/robot_arm_sim/install/moveit_kinematics/share/moveit_kinematics/ikfast_kinematics_plugin/templates/CMakeLists.txt
[168.310s] -- Up-to-date: /home/stephenq0503/Desktop/robot_arm_sim/install/moveit_kinematics/include
[168.310s] -- Up-to-date: /home/stephenq0503/Desktop/robot_arm_sim/install/moveit_kinematics/include/moveit
[168.310s] -- Installing: /home/stephenq0503/Desktop/robot_arm_sim/install/moveit_kinematics/include/moveit/kdl_kinematics_plugin
[168.311s] -- Installing: /home/stephenq0503/Desktop/robot_arm_sim/install/moveit_kinematics/include/moveit/kdl_kinematics_plugin/kdl_kinematics_plugin.h
[168.311s] -- Installing: /home/stephenq0503/Desktop/robot_arm_sim/install/moveit_kinematics/include/moveit/kdl_kinematics_plugin/chainiksolver_vel_mimic_svd.hpp
[168.311s] -- Installing: /home/stephenq0503/Desktop/robot_arm_sim/install/moveit_kinematics/include/moveit/kdl_kinematics_plugin/joint_mimic.hpp
[168.311s] -- Up-to-date: /home/stephenq0503/Desktop/robot_arm_sim/install/moveit_kinematics/include
[168.311s] -- Up-to-date: /home/stephenq0503/Desktop/robot_arm_sim/install/moveit_kinematics/include/moveit
[168.311s] -- Installing: /home/stephenq0503/Desktop/robot_arm_sim/install/moveit_kinematics/include/moveit/lma_kinematics_plugin
[168.312s] -- Installing: /home/stephenq0503/Desktop/robot_arm_sim/install/moveit_kinematics/include/moveit/lma_kinematics_plugin/lma_kinematics_plugin.h
[168.312s] -- Up-to-date: /home/stephenq0503/Desktop/robot_arm_sim/install/moveit_kinematics/include
[168.312s] -- Up-to-date: /home/stephenq0503/Desktop/robot_arm_sim/install/moveit_kinematics/include/moveit
[168.313s] -- Installing: /home/stephenq0503/Desktop/robot_arm_sim/install/moveit_kinematics/include/moveit/srv_kinematics_plugin
[168.313s] -- Installing: /home/stephenq0503/Desktop/robot_arm_sim/install/moveit_kinematics/include/moveit/srv_kinematics_plugin/srv_kinematics_plugin.h
[168.313s] -- Installing: /home/stephenq0503/Desktop/robot_arm_sim/install/moveit_kinematics/share/moveit_kinematics/config
[168.313s] -- Installing: /home/stephenq0503/Desktop/robot_arm_sim/install/moveit_kinematics/share/moveit_kinematics/config/fanuc-lma-singular-test.yaml
[168.314s] -- Installing: /home/stephenq0503/Desktop/robot_arm_sim/install/moveit_kinematics/share/moveit_kinematics/config/panda-kdl-singular-test.yaml
[168.314s] -- Installing: /home/stephenq0503/Desktop/robot_arm_sim/install/moveit_kinematics/share/moveit_kinematics/config/fanuc-kdl-singular-test.yaml
[168.315s] -- Installing: /home/stephenq0503/Desktop/robot_arm_sim/install/moveit_kinematics/share/moveit_kinematics/config/panda-lma-test.yaml
[168.315s] -- Installing: /home/stephenq0503/Desktop/robot_arm_sim/install/moveit_kinematics/share/moveit_kinematics/config/panda-kdl-test.yaml
[168.316s] -- Installing: /home/stephenq0503/Desktop/robot_arm_sim/install/moveit_kinematics/share/moveit_kinematics/config/panda-lma-singular-test.yaml
[168.316s] -- Installing: /home/stephenq0503/Desktop/robot_arm_sim/install/moveit_kinematics/share/moveit_kinematics/config/fanuc-kdl-test.yaml
[168.317s] -- Installing: /home/stephenq0503/Desktop/robot_arm_sim/install/moveit_kinematics/share/moveit_kinematics/config/fanuc-lma-test.yaml
[168.318s] -- Up-to-date: /home/stephenq0503/Desktop/robot_arm_sim/install/moveit_kinematics/share/moveit_kinematics/launch
[168.318s] -- Installing: /home/stephenq0503/Desktop/robot_arm_sim/install/moveit_kinematics/share/moveit_kinematics/launch/panda-kdl.test.py
[168.319s] -- Installing: /home/stephenq0503/Desktop/robot_arm_sim/install/moveit_kinematics/share/moveit_kinematics/launch/fanuc-kdl-singular.test.py
[168.319s] -- Installing: /home/stephenq0503/Desktop/robot_arm_sim/install/moveit_kinematics/share/moveit_kinematics/launch/fanuc-kdl.test.py
[168.319s] -- Installing: /home/stephenq0503/Desktop/robot_arm_sim/install/moveit_kinematics/share/moveit_kinematics/launch/panda-kdl-singular.test.py
[168.319s] -- Installing: /home/stephenq0503/Desktop/robot_arm_sim/install/moveit_kinematics/share/moveit_kinematics/launch/fanuc-lma.test.py
[168.320s] -- Installing: /home/stephenq0503/Desktop/robot_arm_sim/install/moveit_kinematics/share/moveit_kinematics/launch/panda-lma-singular.test.py
[168.320s] -- Installing: /home/stephenq0503/Desktop/robot_arm_sim/install/moveit_kinematics/share/moveit_kinematics/launch/panda-lma.test.py
[168.320s] -- Installing: /home/stephenq0503/Desktop/robot_arm_sim/install/moveit_kinematics/share/moveit_kinematics/launch/fanuc-lma-singular.test.py
[168.321s] -- Installing: /home/stephenq0503/Desktop/robot_arm_sim/install/moveit_kinematics/lib/moveit_kinematics/benchmark_ik
[168.322s] -- Set runtime path of "/home/stephenq0503/Desktop/robot_arm_sim/install/moveit_kinematics/lib/moveit_kinematics/benchmark_ik" to ""
[168.322s] -- Installing: /home/stephenq0503/Desktop/robot_arm_sim/install/moveit_kinematics/lib/moveit_kinematics/test_kinematics_plugin
[168.324s] -- Set runtime path of "/home/stephenq0503/Desktop/robot_arm_sim/install/moveit_kinematics/lib/moveit_kinematics/test_kinematics_plugin" to ""
[168.324s] -- Installing: /home/stephenq0503/Desktop/robot_arm_sim/install/moveit_kinematics/lib/libmoveit_cached_ik_kinematics_base.so.2.5.5
[168.325s] -- Set runtime path of "/home/stephenq0503/Desktop/robot_arm_sim/install/moveit_kinematics/lib/libmoveit_cached_ik_kinematics_base.so.2.5.5" to ""
[168.325s] -- Installing: /home/stephenq0503/Desktop/robot_arm_sim/install/moveit_kinematics/lib/libmoveit_cached_ik_kinematics_base.so
[168.325s] -- Installing: /home/stephenq0503/Desktop/robot_arm_sim/install/moveit_kinematics/lib/libmoveit_cached_ik_kinematics_plugin.so.2.5.5
[168.326s] -- Set runtime path of "/home/stephenq0503/Desktop/robot_arm_sim/install/moveit_kinematics/lib/libmoveit_cached_ik_kinematics_plugin.so.2.5.5" to ""
[168.326s] -- Installing: /home/stephenq0503/Desktop/robot_arm_sim/install/moveit_kinematics/lib/libmoveit_cached_ik_kinematics_plugin.so
[168.326s] -- Installing: /home/stephenq0503/Desktop/robot_arm_sim/install/moveit_kinematics/lib/libmoveit_kdl_kinematics_plugin.so
[168.327s] -- Set runtime path of "/home/stephenq0503/Desktop/robot_arm_sim/install/moveit_kinematics/lib/libmoveit_kdl_kinematics_plugin.so" to ""
[168.328s] -- Installing: /home/stephenq0503/Desktop/robot_arm_sim/install/moveit_kinematics/lib/libmoveit_lma_kinematics_plugin.so.2.5.5
[168.329s] -- Set runtime path of "/home/stephenq0503/Desktop/robot_arm_sim/install/moveit_kinematics/lib/libmoveit_lma_kinematics_plugin.so.2.5.5" to ""
[168.329s] -- Installing: /home/stephenq0503/Desktop/robot_arm_sim/install/moveit_kinematics/lib/libmoveit_lma_kinematics_plugin.so
[168.329s] -- Installing: /home/stephenq0503/Desktop/robot_arm_sim/install/moveit_kinematics/lib/libmoveit_srv_kinematics_plugin.so.2.5.5
[168.330s] -- Set runtime path of "/home/stephenq0503/Desktop/robot_arm_sim/install/moveit_kinematics/lib/libmoveit_srv_kinematics_plugin.so.2.5.5" to ""
[168.330s] -- Installing: /home/stephenq0503/Desktop/robot_arm_sim/install/moveit_kinematics/lib/libmoveit_srv_kinematics_plugin.so
[168.330s] -- Installing: /home/stephenq0503/Desktop/robot_arm_sim/install/moveit_kinematics/share/moveit_kinematics/environment/library_path.sh
[168.330s] -- Installing: /home/stephenq0503/Desktop/robot_arm_sim/install/moveit_kinematics/share/moveit_kinematics/environment/library_path.dsv
[168.331s] -- Installing: /home/stephenq0503/Desktop/robot_arm_sim/install/moveit_kinematics/share/ament_index/resource_index/package_run_dependencies/moveit_kinematics
[168.332s] -- Installing: /home/stephenq0503/Desktop/robot_arm_sim/install/moveit_kinematics/share/ament_index/resource_index/parent_prefix_path/moveit_kinematics
[168.333s] -- Installing: /home/stephenq0503/Desktop/robot_arm_sim/install/moveit_kinematics/share/moveit_kinematics/environment/ament_prefix_path.sh
[168.334s] -- Installing: /home/stephenq0503/Desktop/robot_arm_sim/install/moveit_kinematics/share/moveit_kinematics/environment/ament_prefix_path.dsv
[168.335s] -- Installing: /home/stephenq0503/Desktop/robot_arm_sim/install/moveit_kinematics/share/moveit_kinematics/environment/path.sh
[168.335s] -- Installing: /home/stephenq0503/Desktop/robot_arm_sim/install/moveit_kinematics/share/moveit_kinematics/environment/path.dsv
[168.335s] -- Installing: /home/stephenq0503/Desktop/robot_arm_sim/install/moveit_kinematics/share/moveit_kinematics/local_setup.bash
[168.335s] -- Installing: /home/stephenq0503/Desktop/robot_arm_sim/install/moveit_kinematics/share/moveit_kinematics/local_setup.sh
[168.335s] -- Installing: /home/stephenq0503/Desktop/robot_arm_sim/install/moveit_kinematics/share/moveit_kinematics/local_setup.zsh
[168.335s] -- Installing: /home/stephenq0503/Desktop/robot_arm_sim/install/moveit_kinematics/share/moveit_kinematics/local_setup.dsv
[168.336s] -- Installing: /home/stephenq0503/Desktop/robot_arm_sim/install/moveit_kinematics/share/moveit_kinematics/package.dsv
[168.336s] -- Installing: /home/stephenq0503/Desktop/robot_arm_sim/install/moveit_kinematics/share/ament_index/resource_index/packages/moveit_kinematics
[168.337s] -- Installing: /home/stephenq0503/Desktop/robot_arm_sim/install/moveit_kinematics/share/ament_index/resource_index/moveit_core__pluginlib__plugin/moveit_kinematics
[168.338s] -- Installing: /home/stephenq0503/Desktop/robot_arm_sim/install/moveit_kinematics/share/moveit_kinematics/cmake/export_moveit_kinematicsExport.cmake
[168.338s] -- Installing: /home/stephenq0503/Desktop/robot_arm_sim/install/moveit_kinematics/share/moveit_kinematics/cmake/export_moveit_kinematicsExport-release.cmake
[168.338s] -- Installing: /home/stephenq0503/Desktop/robot_arm_sim/install/moveit_kinematics/share/moveit_kinematics/cmake/ConfigExtras.cmake
[168.339s] -- Installing: /home/stephenq0503/Desktop/robot_arm_sim/install/moveit_kinematics/share/moveit_kinematics/cmake/ament_cmake_export_targets-extras.cmake
[168.339s] -- Installing: /home/stephenq0503/Desktop/robot_arm_sim/install/moveit_kinematics/share/moveit_kinematics/cmake/ament_cmake_export_dependencies-extras.cmake
[168.340s] -- Installing: /home/stephenq0503/Desktop/robot_arm_sim/install/moveit_kinematics/share/moveit_kinematics/cmake/moveit_kinematicsConfig.cmake
[168.340s] -- Installing: /home/stephenq0503/Desktop/robot_arm_sim/install/moveit_kinematics/share/moveit_kinematics/cmake/moveit_kinematicsConfig-version.cmake
[168.340s] -- Installing: /home/stephenq0503/Desktop/robot_arm_sim/install/moveit_kinematics/share/moveit_kinematics/package.xml
[168.343s] Invoked command in '/home/stephenq0503/Desktop/robot_arm_sim/build/moveit_kinematics' returned '0': AMENT_PREFIX_PATH=/home/stephenq0503/Desktop/robot_arm_sim/install/moveit_ros_planning:/home/stephenq0503/Desktop/robot_arm_sim/install/moveit_ros_occupancy_map_monitor:/home/stephenq0503/Desktop/robot_arm_sim/install/moveit_core:/home/stephenq0503/Desktop/robot_arm_sim/install/moveit_resources_panda_moveit_config:/home/stephenq0503/Desktop/robot_arm_sim/install/moveit_resources_fanuc_moveit_config:/home/stephenq0503/Desktop/robot_arm_sim/install/moveit_configs_utils:/home/stephenq0503/Desktop/robot_arm_sim/install/srdfdom:/home/stephenq0503/Desktop/robot_arm_sim/install/moveit_resources_panda_description:/home/stephenq0503/Desktop/robot_arm_sim/install/moveit_resources_fanuc_description:/home/stephenq0503/Desktop/robot_arm_sim/install/moveit_common:/home/stephenq0503/Desktop/robot_arm_sim/install/launch_param_builder:${AMENT_PREFIX_PATH} CMAKE_PREFIX_PATH=/home/stephenq0503/Desktop/robot_arm_sim/install/moveit_ros_planning:/home/stephenq0503/Desktop/robot_arm_sim/install/moveit_ros_occupancy_map_monitor:/home/stephenq0503/Desktop/robot_arm_sim/install/moveit_core:/home/stephenq0503/Desktop/robot_arm_sim/install/moveit_resources_panda_moveit_config:/home/stephenq0503/Desktop/robot_arm_sim/install/moveit_resources_fanuc_moveit_config:/home/stephenq0503/Desktop/robot_arm_sim/install/srdfdom:/home/stephenq0503/Desktop/robot_arm_sim/install/moveit_resources_panda_description:/home/stephenq0503/Desktop/robot_arm_sim/install/moveit_resources_fanuc_description:/home/stephenq0503/Desktop/robot_arm_sim/install/moveit_common:/home/stephenq0503/Desktop/robot_arm_sim/install/six_dof_arm:/home/stephenq0503/Desktop/robot_arm_sim/install/gazebo_ros2_control:/opt/ros/humble LD_LIBRARY_PATH=/home/stephenq0503/Desktop/robot_arm_sim/install/moveit_ros_planning/lib:/home/stephenq0503/Desktop/robot_arm_sim/install/moveit_ros_occupancy_map_monitor/lib:/home/stephenq0503/Desktop/robot_arm_sim/install/moveit_core/lib:/home/stephenq0503/Desktop/robot_arm_sim/install/srdfdom/lib:${LD_LIBRARY_PATH} PATH=/home/stephenq0503/Desktop/robot_arm_sim/install/moveit_core/bin:${PATH} PYTHONPATH=/home/stephenq0503/Desktop/robot_arm_sim/install/moveit_configs_utils/lib/python3.10/site-packages:/home/stephenq0503/Desktop/robot_arm_sim/install/srdfdom/local/lib/python3.10/dist-packages:/home/stephenq0503/Desktop/robot_arm_sim/install/launch_param_builder/lib/python3.10/site-packages:${PYTHONPATH} /usr/bin/cmake --install /home/stephenq0503/Desktop/robot_arm_sim/build/moveit_kinematics
