[0.076s] Invoking command in '/home/stephenq0503/Desktop/robot_arm_sim/build/six_dof_arm': CMAKE_PREFIX_PATH=${CMAKE_PREFIX_PATH}:/opt/ros/humble /usr/bin/cmake --build /home/stephenq0503/Desktop/robot_arm_sim/build/six_dof_arm -- -j8 -l8
[0.113s] Invoked command in '/home/stephenq0503/Desktop/robot_arm_sim/build/six_dof_arm' returned '0': CMAKE_PREFIX_PATH=${CMAKE_PREFIX_PATH}:/opt/ros/humble /usr/bin/cmake --build /home/stephenq0503/Desktop/robot_arm_sim/build/six_dof_arm -- -j8 -l8
[0.146s] Invoking command in '/home/stephenq0503/Desktop/robot_arm_sim/build/six_dof_arm': CMAKE_PREFIX_PATH=${CMAKE_PREFIX_PATH}:/opt/ros/humble /usr/bin/cmake --install /home/stephenq0503/Desktop/robot_arm_sim/build/six_dof_arm
[0.155s] -- Install configuration: ""
[0.156s] -- Up-to-date: /home/stephenq0503/Desktop/robot_arm_sim/install/six_dof_arm/share/six_dof_arm/launch
[0.156s] -- Up-to-date: /home/stephenq0503/Desktop/robot_arm_sim/install/six_dof_arm/share/six_dof_arm/launch/.vscode
[0.157s] -- Up-to-date: /home/stephenq0503/Desktop/robot_arm_sim/install/six_dof_arm/share/six_dof_arm/launch/.vscode/settings.json
[0.157s] -- Up-to-date: /home/stephenq0503/Desktop/robot_arm_sim/install/six_dof_arm/share/six_dof_arm/launch/.vscode/c_cpp_properties.json
[0.158s] -- Up-to-date: /home/stephenq0503/Desktop/robot_arm_sim/install/six_dof_arm/share/six_dof_arm/launch/gazebo.launch.py
[0.158s] -- Up-to-date: /home/stephenq0503/Desktop/robot_arm_sim/install/six_dof_arm/share/six_dof_arm/urdf
[0.158s] -- Up-to-date: /home/stephenq0503/Desktop/robot_arm_sim/install/six_dof_arm/share/six_dof_arm/urdf/six_dof_arm.urdf
[0.159s] -- Up-to-date: /home/stephenq0503/Desktop/robot_arm_sim/install/six_dof_arm/share/six_dof_arm/urdf/six_dof_arm.csv
[0.159s] -- Up-to-date: /home/stephenq0503/Desktop/robot_arm_sim/install/six_dof_arm/share/six_dof_arm/meshes
[0.159s] -- Up-to-date: /home/stephenq0503/Desktop/robot_arm_sim/install/six_dof_arm/share/six_dof_arm/meshes/link_1.STL
[0.159s] -- Up-to-date: /home/stephenq0503/Desktop/robot_arm_sim/install/six_dof_arm/share/six_dof_arm/meshes/link_4.STL
[0.160s] -- Up-to-date: /home/stephenq0503/Desktop/robot_arm_sim/install/six_dof_arm/share/six_dof_arm/meshes/link_5.STL
[0.160s] -- Up-to-date: /home/stephenq0503/Desktop/robot_arm_sim/install/six_dof_arm/share/six_dof_arm/meshes/base_link.STL
[0.160s] -- Up-to-date: /home/stephenq0503/Desktop/robot_arm_sim/install/six_dof_arm/share/six_dof_arm/meshes/link_3.STL
[0.160s] -- Up-to-date: /home/stephenq0503/Desktop/robot_arm_sim/install/six_dof_arm/share/six_dof_arm/meshes/link_2.STL
[0.161s] -- Up-to-date: /home/stephenq0503/Desktop/robot_arm_sim/install/six_dof_arm/share/six_dof_arm/meshes/link_6.STL
[0.161s] -- Up-to-date: /home/stephenq0503/Desktop/robot_arm_sim/install/six_dof_arm/share/six_dof_arm/meshes/link_7.STL
[0.161s] -- Up-to-date: /home/stephenq0503/Desktop/robot_arm_sim/install/six_dof_arm/share/six_dof_arm/config
[0.161s] -- Up-to-date: /home/stephenq0503/Desktop/robot_arm_sim/install/six_dof_arm/share/six_dof_arm/config/six_dof_arm_controllers.yaml
[0.161s] -- Up-to-date: /home/stephenq0503/Desktop/robot_arm_sim/install/six_dof_arm/share/ament_index/resource_index/package_run_dependencies/six_dof_arm
[0.162s] -- Up-to-date: /home/stephenq0503/Desktop/robot_arm_sim/install/six_dof_arm/share/ament_index/resource_index/parent_prefix_path/six_dof_arm
[0.162s] -- Up-to-date: /home/stephenq0503/Desktop/robot_arm_sim/install/six_dof_arm/share/six_dof_arm/environment/ament_prefix_path.sh
[0.162s] -- Up-to-date: /home/stephenq0503/Desktop/robot_arm_sim/install/six_dof_arm/share/six_dof_arm/environment/ament_prefix_path.dsv
[0.163s] -- Up-to-date: /home/stephenq0503/Desktop/robot_arm_sim/install/six_dof_arm/share/six_dof_arm/environment/path.sh
[0.163s] -- Up-to-date: /home/stephenq0503/Desktop/robot_arm_sim/install/six_dof_arm/share/six_dof_arm/environment/path.dsv
[0.163s] -- Up-to-date: /home/stephenq0503/Desktop/robot_arm_sim/install/six_dof_arm/share/six_dof_arm/local_setup.bash
[0.163s] -- Up-to-date: /home/stephenq0503/Desktop/robot_arm_sim/install/six_dof_arm/share/six_dof_arm/local_setup.sh
[0.164s] -- Up-to-date: /home/stephenq0503/Desktop/robot_arm_sim/install/six_dof_arm/share/six_dof_arm/local_setup.zsh
[0.164s] -- Up-to-date: /home/stephenq0503/Desktop/robot_arm_sim/install/six_dof_arm/share/six_dof_arm/local_setup.dsv
[0.164s] -- Installing: /home/stephenq0503/Desktop/robot_arm_sim/install/six_dof_arm/share/six_dof_arm/package.dsv
[0.164s] -- Up-to-date: /home/stephenq0503/Desktop/robot_arm_sim/install/six_dof_arm/share/ament_index/resource_index/packages/six_dof_arm
[0.165s] -- Up-to-date: /home/stephenq0503/Desktop/robot_arm_sim/install/six_dof_arm/share/six_dof_arm/cmake/six_dof_armConfig.cmake
[0.165s] -- Up-to-date: /home/stephenq0503/Desktop/robot_arm_sim/install/six_dof_arm/share/six_dof_arm/cmake/six_dof_armConfig-version.cmake
[0.166s] -- Up-to-date: /home/stephenq0503/Desktop/robot_arm_sim/install/six_dof_arm/share/six_dof_arm/package.xml
[0.228s] Invoked command in '/home/stephenq0503/Desktop/robot_arm_sim/build/six_dof_arm' returned '0': CMAKE_PREFIX_PATH=${CMAKE_PREFIX_PATH}:/opt/ros/humble /usr/bin/cmake --install /home/stephenq0503/Desktop/robot_arm_sim/build/six_dof_arm
