running egg_info
creating ../build/my_cubes_pkg/my_cubes_pkg.egg-info
writing ../build/my_cubes_pkg/my_cubes_pkg.egg-info/PKG-INFO
writing dependency_links to ../build/my_cubes_pkg/my_cubes_pkg.egg-info/dependency_links.txt
writing entry points to ../build/my_cubes_pkg/my_cubes_pkg.egg-info/entry_points.txt
writing requirements to ../build/my_cubes_pkg/my_cubes_pkg.egg-info/requires.txt
writing top-level names to ../build/my_cubes_pkg/my_cubes_pkg.egg-info/top_level.txt
writing manifest file '../build/my_cubes_pkg/my_cubes_pkg.egg-info/SOURCES.txt'
reading manifest file '../build/my_cubes_pkg/my_cubes_pkg.egg-info/SOURCES.txt'
writing manifest file '../build/my_cubes_pkg/my_cubes_pkg.egg-info/SOURCES.txt'
running build
running build_py
creating /home/stephenq0503/Desktop/robot_arm_sim/src/build/my_cubes_pkg/build
creating /home/stephenq0503/Desktop/robot_arm_sim/src/build/my_cubes_pkg/build/lib
creating /home/stephenq0503/Desktop/robot_arm_sim/src/build/my_cubes_pkg/build/lib/my_cubes_pkg
copying my_cubes_pkg/client_node.py -> /home/stephenq0503/Desktop/robot_arm_sim/src/build/my_cubes_pkg/build/lib/my_cubes_pkg
copying my_cubes_pkg/__init__.py -> /home/stephenq0503/Desktop/robot_arm_sim/src/build/my_cubes_pkg/build/lib/my_cubes_pkg
running install
running install_lib
creating /home/stephenq0503/Desktop/robot_arm_sim/src/install/my_cubes_pkg/lib/python3.10/site-packages/my_cubes_pkg
copying /home/stephenq0503/Desktop/robot_arm_sim/src/build/my_cubes_pkg/build/lib/my_cubes_pkg/client_node.py -> /home/stephenq0503/Desktop/robot_arm_sim/src/install/my_cubes_pkg/lib/python3.10/site-packages/my_cubes_pkg
copying /home/stephenq0503/Desktop/robot_arm_sim/src/build/my_cubes_pkg/build/lib/my_cubes_pkg/__init__.py -> /home/stephenq0503/Desktop/robot_arm_sim/src/install/my_cubes_pkg/lib/python3.10/site-packages/my_cubes_pkg
byte-compiling /home/stephenq0503/Desktop/robot_arm_sim/src/install/my_cubes_pkg/lib/python3.10/site-packages/my_cubes_pkg/client_node.py to client_node.cpython-310.pyc
byte-compiling /home/stephenq0503/Desktop/robot_arm_sim/src/install/my_cubes_pkg/lib/python3.10/site-packages/my_cubes_pkg/__init__.py to __init__.cpython-310.pyc
running install_data
creating /home/stephenq0503/Desktop/robot_arm_sim/src/install/my_cubes_pkg/share/ament_index
creating /home/stephenq0503/Desktop/robot_arm_sim/src/install/my_cubes_pkg/share/ament_index/resource_index
creating /home/stephenq0503/Desktop/robot_arm_sim/src/install/my_cubes_pkg/share/ament_index/resource_index/packages
copying resource/my_cubes_pkg -> /home/stephenq0503/Desktop/robot_arm_sim/src/install/my_cubes_pkg/share/ament_index/resource_index/packages
copying package.xml -> /home/stephenq0503/Desktop/robot_arm_sim/src/install/my_cubes_pkg/share/my_cubes_pkg
creating /home/stephenq0503/Desktop/robot_arm_sim/src/install/my_cubes_pkg/share/my_cubes_pkg/launch
copying launch/my_cubes.launch.py -> /home/stephenq0503/Desktop/robot_arm_sim/src/install/my_cubes_pkg/share/my_cubes_pkg/launch
creating /home/stephenq0503/Desktop/robot_arm_sim/src/install/my_cubes_pkg/share/my_cubes_pkg/worlds
copying worlds/my_empty_world.world -> /home/stephenq0503/Desktop/robot_arm_sim/src/install/my_cubes_pkg/share/my_cubes_pkg/worlds
creating /home/stephenq0503/Desktop/robot_arm_sim/src/install/my_cubes_pkg/share/my_cubes_pkg/models
creating /home/stephenq0503/Desktop/robot_arm_sim/src/install/my_cubes_pkg/share/my_cubes_pkg/models/sdf
copying models/sdf/red_cube.config -> /home/stephenq0503/Desktop/robot_arm_sim/src/install/my_cubes_pkg/share/my_cubes_pkg/models/sdf
copying models/sdf/green_cube.config -> /home/stephenq0503/Desktop/robot_arm_sim/src/install/my_cubes_pkg/share/my_cubes_pkg/models/sdf
copying models/sdf/red_cube.sdf -> /home/stephenq0503/Desktop/robot_arm_sim/src/install/my_cubes_pkg/share/my_cubes_pkg/models/sdf
copying models/sdf/blue_cube.sdf -> /home/stephenq0503/Desktop/robot_arm_sim/src/install/my_cubes_pkg/share/my_cubes_pkg/models/sdf
copying models/sdf/green_cube.sdf -> /home/stephenq0503/Desktop/robot_arm_sim/src/install/my_cubes_pkg/share/my_cubes_pkg/models/sdf
copying models/sdf/blue_cube.config -> /home/stephenq0503/Desktop/robot_arm_sim/src/install/my_cubes_pkg/share/my_cubes_pkg/models/sdf
creating /home/stephenq0503/Desktop/robot_arm_sim/src/install/my_cubes_pkg/share/my_cubes_pkg/models/urdf
copying models/urdf/green_cube.urdf -> /home/stephenq0503/Desktop/robot_arm_sim/src/install/my_cubes_pkg/share/my_cubes_pkg/models/urdf
copying models/urdf/blue_cube.urdf -> /home/stephenq0503/Desktop/robot_arm_sim/src/install/my_cubes_pkg/share/my_cubes_pkg/models/urdf
copying models/urdf/red_cube.urdf -> /home/stephenq0503/Desktop/robot_arm_sim/src/install/my_cubes_pkg/share/my_cubes_pkg/models/urdf
running install_egg_info
Copying ../build/my_cubes_pkg/my_cubes_pkg.egg-info to /home/stephenq0503/Desktop/robot_arm_sim/src/install/my_cubes_pkg/lib/python3.10/site-packages/my_cubes_pkg-0.0.0-py3.10.egg-info
running install_scripts
Installing my_client_node script to /home/stephenq0503/Desktop/robot_arm_sim/src/install/my_cubes_pkg/lib/my_cubes_pkg
writing list of installed files to '/home/stephenq0503/Desktop/robot_arm_sim/src/build/my_cubes_pkg/install.log'
