[2.062s] Invoking command in '/home/stephenq0503/Desktop/robot_arm_sim/src/my_cubes_pkg': PYTHONPATH=/home/stephenq0503/Desktop/robot_arm_sim/src/build/my_cubes_pkg/prefix_override:/home/stephenq0503/Desktop/robot_arm_sim/src/install/my_cubes_pkg/lib/python3.10/site-packages:${PYTHONPATH} /usr/bin/python3 setup.py egg_info --egg-base ../build/my_cubes_pkg build --build-base /home/stephenq0503/Desktop/robot_arm_sim/src/build/my_cubes_pkg/build install --record /home/stephenq0503/Desktop/robot_arm_sim/src/build/my_cubes_pkg/install.log --single-version-externally-managed
[2.361s] running egg_info
[2.362s] creating ../build/my_cubes_pkg/my_cubes_pkg.egg-info
[2.362s] writing ../build/my_cubes_pkg/my_cubes_pkg.egg-info/PKG-INFO
[2.362s] writing dependency_links to ../build/my_cubes_pkg/my_cubes_pkg.egg-info/dependency_links.txt
[2.363s] writing entry points to ../build/my_cubes_pkg/my_cubes_pkg.egg-info/entry_points.txt
[2.363s] writing requirements to ../build/my_cubes_pkg/my_cubes_pkg.egg-info/requires.txt
[2.363s] writing top-level names to ../build/my_cubes_pkg/my_cubes_pkg.egg-info/top_level.txt
[2.363s] writing manifest file '../build/my_cubes_pkg/my_cubes_pkg.egg-info/SOURCES.txt'
[2.425s] reading manifest file '../build/my_cubes_pkg/my_cubes_pkg.egg-info/SOURCES.txt'
[2.426s] writing manifest file '../build/my_cubes_pkg/my_cubes_pkg.egg-info/SOURCES.txt'
[2.426s] running build
[2.427s] running build_py
[2.428s] creating /home/stephenq0503/Desktop/robot_arm_sim/src/build/my_cubes_pkg/build
[2.428s] creating /home/stephenq0503/Desktop/robot_arm_sim/src/build/my_cubes_pkg/build/lib
[2.428s] creating /home/stephenq0503/Desktop/robot_arm_sim/src/build/my_cubes_pkg/build/lib/my_cubes_pkg
[2.428s] copying my_cubes_pkg/client_node.py -> /home/stephenq0503/Desktop/robot_arm_sim/src/build/my_cubes_pkg/build/lib/my_cubes_pkg
[2.428s] copying my_cubes_pkg/__init__.py -> /home/stephenq0503/Desktop/robot_arm_sim/src/build/my_cubes_pkg/build/lib/my_cubes_pkg
[2.428s] running install
[2.430s] /usr/lib/python3/dist-packages/setuptools/command/install.py:34: SetuptoolsDeprecationWarning: setup.py install is deprecated. Use build and pip and other standards-based tools.
[2.430s]   warnings.warn(
[2.430s] running install_lib
[2.431s] creating /home/stephenq0503/Desktop/robot_arm_sim/src/install/my_cubes_pkg/lib/python3.10/site-packages/my_cubes_pkg
[2.431s] copying /home/stephenq0503/Desktop/robot_arm_sim/src/build/my_cubes_pkg/build/lib/my_cubes_pkg/client_node.py -> /home/stephenq0503/Desktop/robot_arm_sim/src/install/my_cubes_pkg/lib/python3.10/site-packages/my_cubes_pkg
[2.432s] copying /home/stephenq0503/Desktop/robot_arm_sim/src/build/my_cubes_pkg/build/lib/my_cubes_pkg/__init__.py -> /home/stephenq0503/Desktop/robot_arm_sim/src/install/my_cubes_pkg/lib/python3.10/site-packages/my_cubes_pkg
[2.432s] byte-compiling /home/stephenq0503/Desktop/robot_arm_sim/src/install/my_cubes_pkg/lib/python3.10/site-packages/my_cubes_pkg/client_node.py to client_node.cpython-310.pyc
[2.433s] byte-compiling /home/stephenq0503/Desktop/robot_arm_sim/src/install/my_cubes_pkg/lib/python3.10/site-packages/my_cubes_pkg/__init__.py to __init__.cpython-310.pyc
[2.433s] running install_data
[2.435s] creating /home/stephenq0503/Desktop/robot_arm_sim/src/install/my_cubes_pkg/share/ament_index
[2.435s] creating /home/stephenq0503/Desktop/robot_arm_sim/src/install/my_cubes_pkg/share/ament_index/resource_index
[2.436s] creating /home/stephenq0503/Desktop/robot_arm_sim/src/install/my_cubes_pkg/share/ament_index/resource_index/packages
[2.436s] copying resource/my_cubes_pkg -> /home/stephenq0503/Desktop/robot_arm_sim/src/install/my_cubes_pkg/share/ament_index/resource_index/packages
[2.436s] copying package.xml -> /home/stephenq0503/Desktop/robot_arm_sim/src/install/my_cubes_pkg/share/my_cubes_pkg
[2.437s] creating /home/stephenq0503/Desktop/robot_arm_sim/src/install/my_cubes_pkg/share/my_cubes_pkg/launch
[2.437s] copying launch/my_cubes.launch.py -> /home/stephenq0503/Desktop/robot_arm_sim/src/install/my_cubes_pkg/share/my_cubes_pkg/launch
[2.438s] creating /home/stephenq0503/Desktop/robot_arm_sim/src/install/my_cubes_pkg/share/my_cubes_pkg/worlds
[2.438s] copying worlds/my_empty_world.world -> /home/stephenq0503/Desktop/robot_arm_sim/src/install/my_cubes_pkg/share/my_cubes_pkg/worlds
[2.438s] creating /home/stephenq0503/Desktop/robot_arm_sim/src/install/my_cubes_pkg/share/my_cubes_pkg/models
[2.439s] creating /home/stephenq0503/Desktop/robot_arm_sim/src/install/my_cubes_pkg/share/my_cubes_pkg/models/sdf
[2.439s] copying models/sdf/red_cube.config -> /home/stephenq0503/Desktop/robot_arm_sim/src/install/my_cubes_pkg/share/my_cubes_pkg/models/sdf
[2.439s] copying models/sdf/green_cube.config -> /home/stephenq0503/Desktop/robot_arm_sim/src/install/my_cubes_pkg/share/my_cubes_pkg/models/sdf
[2.440s] copying models/sdf/red_cube.sdf -> /home/stephenq0503/Desktop/robot_arm_sim/src/install/my_cubes_pkg/share/my_cubes_pkg/models/sdf
[2.440s] copying models/sdf/blue_cube.sdf -> /home/stephenq0503/Desktop/robot_arm_sim/src/install/my_cubes_pkg/share/my_cubes_pkg/models/sdf
[2.440s] copying models/sdf/green_cube.sdf -> /home/stephenq0503/Desktop/robot_arm_sim/src/install/my_cubes_pkg/share/my_cubes_pkg/models/sdf
[2.440s] copying models/sdf/blue_cube.config -> /home/stephenq0503/Desktop/robot_arm_sim/src/install/my_cubes_pkg/share/my_cubes_pkg/models/sdf
[2.440s] creating /home/stephenq0503/Desktop/robot_arm_sim/src/install/my_cubes_pkg/share/my_cubes_pkg/models/urdf
[2.441s] copying models/urdf/green_cube.urdf -> /home/stephenq0503/Desktop/robot_arm_sim/src/install/my_cubes_pkg/share/my_cubes_pkg/models/urdf
[2.441s] copying models/urdf/blue_cube.urdf -> /home/stephenq0503/Desktop/robot_arm_sim/src/install/my_cubes_pkg/share/my_cubes_pkg/models/urdf
[2.441s] copying models/urdf/red_cube.urdf -> /home/stephenq0503/Desktop/robot_arm_sim/src/install/my_cubes_pkg/share/my_cubes_pkg/models/urdf
[2.441s] running install_egg_info
[2.445s] Copying ../build/my_cubes_pkg/my_cubes_pkg.egg-info to /home/stephenq0503/Desktop/robot_arm_sim/src/install/my_cubes_pkg/lib/python3.10/site-packages/my_cubes_pkg-0.0.0-py3.10.egg-info
[2.446s] running install_scripts
[2.473s] Installing my_client_node script to /home/stephenq0503/Desktop/robot_arm_sim/src/install/my_cubes_pkg/lib/my_cubes_pkg
[2.474s] writing list of installed files to '/home/stephenq0503/Desktop/robot_arm_sim/src/build/my_cubes_pkg/install.log'
[2.513s] Invoked command in '/home/stephenq0503/Desktop/robot_arm_sim/src/my_cubes_pkg' returned '0': PYTHONPATH=/home/stephenq0503/Desktop/robot_arm_sim/src/build/my_cubes_pkg/prefix_override:/home/stephenq0503/Desktop/robot_arm_sim/src/install/my_cubes_pkg/lib/python3.10/site-packages:${PYTHONPATH} /usr/bin/python3 setup.py egg_info --egg-base ../build/my_cubes_pkg build --build-base /home/stephenq0503/Desktop/robot_arm_sim/src/build/my_cubes_pkg/build install --record /home/stephenq0503/Desktop/robot_arm_sim/src/build/my_cubes_pkg/install.log --single-version-externally-managed
