[0.639s] Invoking command in '/home/stephenq0503/Desktop/robot_arm_sim/build/moveit_resources_prbt_support': CMAKE_PREFIX_PATH=${CMAKE_PREFIX_PATH}:/opt/ros/humble /usr/bin/cmake /home/stephenq0503/Desktop/robot_arm_sim/src/moveit2/moveit_planners/test_configs/prbt_support -DCMAKE_INSTALL_PREFIX=/home/stephenq0503/Desktop/robot_arm_sim/install/moveit_resources_prbt_support
[0.886s] -- The C compiler identification is GNU 11.4.0
[0.963s] -- The CXX compiler identification is GNU 11.4.0
[0.981s] -- Detecting C compiler ABI info
[1.158s] -- Detecting C compiler ABI info - done
[1.196s] -- Check for working C compiler: /usr/bin/cc - skipped
[1.196s] -- Detecting C compile features
[1.196s] -- Detecting C compile features - done
[1.196s] -- Detecting CXX compiler ABI info
[1.406s] -- Detecting CXX compiler ABI info - done
[1.425s] -- Check for working CXX compiler: /usr/bin/c++ - skipped
[1.425s] -- Detecting CXX compile features
[1.426s] -- Detecting CXX compile features - done
[1.432s] -- Found ament_cmake: 1.3.7 (/opt/ros/humble/share/ament_cmake/cmake)
[1.929s] -- Found Python3: /usr/bin/python3.10 (found version "3.10.12") found components: Interpreter 
[2.303s] -- Configuring done
[2.308s] -- Generating done
[2.311s] -- Build files have been written to: /home/stephenq0503/Desktop/robot_arm_sim/build/moveit_resources_prbt_support
[2.353s] Invoked command in '/home/stephenq0503/Desktop/robot_arm_sim/build/moveit_resources_prbt_support' returned '0': CMAKE_PREFIX_PATH=${CMAKE_PREFIX_PATH}:/opt/ros/humble /usr/bin/cmake /home/stephenq0503/Desktop/robot_arm_sim/src/moveit2/moveit_planners/test_configs/prbt_support -DCMAKE_INSTALL_PREFIX=/home/stephenq0503/Desktop/robot_arm_sim/install/moveit_resources_prbt_support
[2.353s] Invoking command in '/home/stephenq0503/Desktop/robot_arm_sim/build/moveit_resources_prbt_support': CMAKE_PREFIX_PATH=${CMAKE_PREFIX_PATH}:/opt/ros/humble /usr/bin/cmake --build /home/stephenq0503/Desktop/robot_arm_sim/build/moveit_resources_prbt_support -- -j8 -l8
[2.534s] Invoked command in '/home/stephenq0503/Desktop/robot_arm_sim/build/moveit_resources_prbt_support' returned '0': CMAKE_PREFIX_PATH=${CMAKE_PREFIX_PATH}:/opt/ros/humble /usr/bin/cmake --build /home/stephenq0503/Desktop/robot_arm_sim/build/moveit_resources_prbt_support -- -j8 -l8
[2.928s] Invoking command in '/home/stephenq0503/Desktop/robot_arm_sim/build/moveit_resources_prbt_support': CMAKE_PREFIX_PATH=${CMAKE_PREFIX_PATH}:/opt/ros/humble /usr/bin/cmake --install /home/stephenq0503/Desktop/robot_arm_sim/build/moveit_resources_prbt_support
[3.106s] -- Install configuration: ""
[3.107s] -- Installing: /home/stephenq0503/Desktop/robot_arm_sim/install/moveit_resources_prbt_support/share/ament_index/resource_index/package_run_dependencies/moveit_resources_prbt_support
[3.109s] -- Installing: /home/stephenq0503/Desktop/robot_arm_sim/install/moveit_resources_prbt_support/share/ament_index/resource_index/parent_prefix_path/moveit_resources_prbt_support
[3.109s] -- Installing: /home/stephenq0503/Desktop/robot_arm_sim/install/moveit_resources_prbt_support/share/moveit_resources_prbt_support/environment/ament_prefix_path.sh
[3.110s] -- Installing: /home/stephenq0503/Desktop/robot_arm_sim/install/moveit_resources_prbt_support/share/moveit_resources_prbt_support/environment/ament_prefix_path.dsv
[3.110s] -- Installing: /home/stephenq0503/Desktop/robot_arm_sim/install/moveit_resources_prbt_support/share/moveit_resources_prbt_support/environment/path.sh
[3.110s] -- Installing: /home/stephenq0503/Desktop/robot_arm_sim/install/moveit_resources_prbt_support/share/moveit_resources_prbt_support/environment/path.dsv
[3.111s] -- Installing: /home/stephenq0503/Desktop/robot_arm_sim/install/moveit_resources_prbt_support/share/moveit_resources_prbt_support/local_setup.bash
[3.113s] -- Installing: /home/stephenq0503/Desktop/robot_arm_sim/install/moveit_resources_prbt_support/share/moveit_resources_prbt_support/local_setup.sh
[3.113s] -- Installing: /home/stephenq0503/Desktop/robot_arm_sim/install/moveit_resources_prbt_support/share/moveit_resources_prbt_support/local_setup.zsh
[3.113s] -- Installing: /home/stephenq0503/Desktop/robot_arm_sim/install/moveit_resources_prbt_support/share/moveit_resources_prbt_support/local_setup.dsv
[3.113s] -- Installing: /home/stephenq0503/Desktop/robot_arm_sim/install/moveit_resources_prbt_support/share/moveit_resources_prbt_support/package.dsv
[3.114s] -- Installing: /home/stephenq0503/Desktop/robot_arm_sim/install/moveit_resources_prbt_support/share/ament_index/resource_index/packages/moveit_resources_prbt_support
[3.114s] -- Installing: /home/stephenq0503/Desktop/robot_arm_sim/install/moveit_resources_prbt_support/share/moveit_resources_prbt_support/cmake/moveit_resources_prbt_supportConfig.cmake
[3.114s] -- Installing: /home/stephenq0503/Desktop/robot_arm_sim/install/moveit_resources_prbt_support/share/moveit_resources_prbt_support/cmake/moveit_resources_prbt_supportConfig-version.cmake
[3.115s] -- Installing: /home/stephenq0503/Desktop/robot_arm_sim/install/moveit_resources_prbt_support/share/moveit_resources_prbt_support/package.xml
[3.115s] -- Installing: /home/stephenq0503/Desktop/robot_arm_sim/install/moveit_resources_prbt_support/share/moveit_resources_prbt_support/urdf
[3.115s] -- Installing: /home/stephenq0503/Desktop/robot_arm_sim/install/moveit_resources_prbt_support/share/moveit_resources_prbt_support/urdf/prbt_macro.xacro
[3.117s] -- Installing: /home/stephenq0503/Desktop/robot_arm_sim/install/moveit_resources_prbt_support/share/moveit_resources_prbt_support/urdf/simple_gripper_brackets.urdf.xacro
[3.118s] -- Installing: /home/stephenq0503/Desktop/robot_arm_sim/install/moveit_resources_prbt_support/share/moveit_resources_prbt_support/urdf/prbt.xacro
[3.118s] -- Installing: /home/stephenq0503/Desktop/robot_arm_sim/install/moveit_resources_prbt_support/share/moveit_resources_prbt_support/urdf/prbt.ros2_control.xacro
[3.119s] -- Installing: /home/stephenq0503/Desktop/robot_arm_sim/install/moveit_resources_prbt_support/share/moveit_resources_prbt_support/meshes
[3.119s] -- Installing: /home/stephenq0503/Desktop/robot_arm_sim/install/moveit_resources_prbt_support/share/moveit_resources_prbt_support/meshes/link_3.stl
[3.119s] -- Installing: /home/stephenq0503/Desktop/robot_arm_sim/install/moveit_resources_prbt_support/share/moveit_resources_prbt_support/meshes/link_4.dae
[3.119s] -- Installing: /home/stephenq0503/Desktop/robot_arm_sim/install/moveit_resources_prbt_support/share/moveit_resources_prbt_support/meshes/foot.dae
[3.120s] -- Installing: /home/stephenq0503/Desktop/robot_arm_sim/install/moveit_resources_prbt_support/share/moveit_resources_prbt_support/meshes/flange.stl
[3.120s] -- Installing: /home/stephenq0503/Desktop/robot_arm_sim/install/moveit_resources_prbt_support/share/moveit_resources_prbt_support/meshes/link_5.dae
[3.120s] -- Installing: /home/stephenq0503/Desktop/robot_arm_sim/install/moveit_resources_prbt_support/share/moveit_resources_prbt_support/meshes/link_5.stl
[3.120s] -- Installing: /home/stephenq0503/Desktop/robot_arm_sim/install/moveit_resources_prbt_support/share/moveit_resources_prbt_support/meshes/foot.stl
[3.121s] -- Installing: /home/stephenq0503/Desktop/robot_arm_sim/install/moveit_resources_prbt_support/share/moveit_resources_prbt_support/meshes/link_4.stl
[3.121s] -- Installing: /home/stephenq0503/Desktop/robot_arm_sim/install/moveit_resources_prbt_support/share/moveit_resources_prbt_support/meshes/flange.dae
[3.121s] -- Installing: /home/stephenq0503/Desktop/robot_arm_sim/install/moveit_resources_prbt_support/share/moveit_resources_prbt_support/meshes/link_2.stl
[3.123s] -- Installing: /home/stephenq0503/Desktop/robot_arm_sim/install/moveit_resources_prbt_support/share/moveit_resources_prbt_support/meshes/link_2.dae
[3.123s] -- Installing: /home/stephenq0503/Desktop/robot_arm_sim/install/moveit_resources_prbt_support/share/moveit_resources_prbt_support/meshes/link_1.dae
[3.124s] -- Installing: /home/stephenq0503/Desktop/robot_arm_sim/install/moveit_resources_prbt_support/share/moveit_resources_prbt_support/meshes/link_3.dae
[3.124s] -- Installing: /home/stephenq0503/Desktop/robot_arm_sim/install/moveit_resources_prbt_support/share/moveit_resources_prbt_support/meshes/link_1.stl
[3.124s] -- Installing: /home/stephenq0503/Desktop/robot_arm_sim/install/moveit_resources_prbt_support/share/moveit_resources_prbt_support/config
[3.125s] -- Installing: /home/stephenq0503/Desktop/robot_arm_sim/install/moveit_resources_prbt_support/share/moveit_resources_prbt_support/config/manipulator_driver.yaml
[3.126s] -- Installing: /home/stephenq0503/Desktop/robot_arm_sim/install/moveit_resources_prbt_support/share/moveit_resources_prbt_support/config/prbt_0_1.dcf
[3.126s] -- Installing: /home/stephenq0503/Desktop/robot_arm_sim/install/moveit_resources_prbt_support/share/moveit_resources_prbt_support/config/manipulator_controller.yaml
[3.333s] Invoked command in '/home/stephenq0503/Desktop/robot_arm_sim/build/moveit_resources_prbt_support' returned '0': CMAKE_PREFIX_PATH=${CMAKE_PREFIX_PATH}:/opt/ros/humble /usr/bin/cmake --install /home/stephenq0503/Desktop/robot_arm_sim/build/moveit_resources_prbt_support
