[0.641s] Invoking command in '/home/stephenq0503/Desktop/robot_arm_sim/build/moveit_common': CMAKE_PREFIX_PATH=${CMAKE_PREFIX_PATH}:/opt/ros/humble /usr/bin/cmake /home/stephenq0503/Desktop/robot_arm_sim/src/moveit2/moveit_common -DCMAKE_INSTALL_PREFIX=/home/stephenq0503/Desktop/robot_arm_sim/install/moveit_common
[1.178s] -- Found ament_cmake: 1.3.7 (/opt/ros/humble/share/ament_cmake/cmake)
[1.178s] -- Found Python3: /usr/bin/python3.10 (found version "3.10.12") found components: Interpreter 
[1.214s] -- Found ament_lint_auto: 0.12.10 (/opt/ros/humble/share/ament_lint_auto/cmake)
[1.431s] -- Added test 'copyright' to check source files copyright and LICENSE
[1.432s] -- Added test 'lint_cmake' to check CMake code style
[1.435s] -- Added test 'xmllint' to check XML markup files
[1.440s] -- Configuring done
[1.450s] -- Generating done
[1.451s] -- Build files have been written to: /home/stephenq0503/Desktop/robot_arm_sim/build/moveit_common
[1.463s] Invoked command in '/home/stephenq0503/Desktop/robot_arm_sim/build/moveit_common' returned '0': CMAKE_PREFIX_PATH=${CMAKE_PREFIX_PATH}:/opt/ros/humble /usr/bin/cmake /home/stephenq0503/Desktop/robot_arm_sim/src/moveit2/moveit_common -DCMAKE_INSTALL_PREFIX=/home/stephenq0503/Desktop/robot_arm_sim/install/moveit_common
[1.464s] Invoking command in '/home/stephenq0503/Desktop/robot_arm_sim/build/moveit_common': CMAKE_PREFIX_PATH=${CMAKE_PREFIX_PATH}:/opt/ros/humble /usr/bin/cmake --build /home/stephenq0503/Desktop/robot_arm_sim/build/moveit_common -- -j8 -l8
[2.802s] Invoked command in '/home/stephenq0503/Desktop/robot_arm_sim/build/moveit_common' returned '0': CMAKE_PREFIX_PATH=${CMAKE_PREFIX_PATH}:/opt/ros/humble /usr/bin/cmake --build /home/stephenq0503/Desktop/robot_arm_sim/build/moveit_common -- -j8 -l8
[2.898s] Invoking command in '/home/stephenq0503/Desktop/robot_arm_sim/build/moveit_common': CMAKE_PREFIX_PATH=${CMAKE_PREFIX_PATH}:/opt/ros/humble /usr/bin/cmake --install /home/stephenq0503/Desktop/robot_arm_sim/build/moveit_common
[2.912s] -- Install configuration: ""
[2.912s] -- Installing: /home/stephenq0503/Desktop/robot_arm_sim/install/moveit_common/share/ament_index/resource_index/package_run_dependencies/moveit_common
[2.912s] -- Installing: /home/stephenq0503/Desktop/robot_arm_sim/install/moveit_common/share/ament_index/resource_index/parent_prefix_path/moveit_common
[2.912s] -- Installing: /home/stephenq0503/Desktop/robot_arm_sim/install/moveit_common/share/moveit_common/environment/ament_prefix_path.sh
[2.916s] -- Installing: /home/stephenq0503/Desktop/robot_arm_sim/install/moveit_common/share/moveit_common/environment/ament_prefix_path.dsv
[2.917s] -- Installing: /home/stephenq0503/Desktop/robot_arm_sim/install/moveit_common/share/moveit_common/environment/path.sh
[2.917s] -- Installing: /home/stephenq0503/Desktop/robot_arm_sim/install/moveit_common/share/moveit_common/environment/path.dsv
[2.917s] -- Installing: /home/stephenq0503/Desktop/robot_arm_sim/install/moveit_common/share/moveit_common/local_setup.bash
[2.917s] -- Installing: /home/stephenq0503/Desktop/robot_arm_sim/install/moveit_common/share/moveit_common/local_setup.sh
[2.917s] -- Installing: /home/stephenq0503/Desktop/robot_arm_sim/install/moveit_common/share/moveit_common/local_setup.zsh
[2.918s] -- Installing: /home/stephenq0503/Desktop/robot_arm_sim/install/moveit_common/share/moveit_common/local_setup.dsv
[2.918s] -- Installing: /home/stephenq0503/Desktop/robot_arm_sim/install/moveit_common/share/moveit_common/package.dsv
[2.918s] -- Installing: /home/stephenq0503/Desktop/robot_arm_sim/install/moveit_common/share/ament_index/resource_index/packages/moveit_common
[2.918s] -- Installing: /home/stephenq0503/Desktop/robot_arm_sim/install/moveit_common/share/moveit_common/cmake/moveit_common-extras.cmake
[2.918s] -- Installing: /home/stephenq0503/Desktop/robot_arm_sim/install/moveit_common/share/moveit_common/cmake/moveit_commonConfig.cmake
[2.918s] -- Installing: /home/stephenq0503/Desktop/robot_arm_sim/install/moveit_common/share/moveit_common/cmake/moveit_commonConfig-version.cmake
[2.918s] -- Installing: /home/stephenq0503/Desktop/robot_arm_sim/install/moveit_common/share/moveit_common/package.xml
[2.919s] -- Up-to-date: /home/stephenq0503/Desktop/robot_arm_sim/install/moveit_common/share/moveit_common/cmake
[2.919s] -- Installing: /home/stephenq0503/Desktop/robot_arm_sim/install/moveit_common/share/moveit_common/cmake/moveit_package.cmake
[2.950s] Invoked command in '/home/stephenq0503/Desktop/robot_arm_sim/build/moveit_common' returned '0': CMAKE_PREFIX_PATH=${CMAKE_PREFIX_PATH}:/opt/ros/humble /usr/bin/cmake --install /home/stephenq0503/Desktop/robot_arm_sim/build/moveit_common
