[1.691s] Invoking command in '/home/stephenq0503/Desktop/robot_arm_sim/src/my_cubes_pkg': PYTHONPATH=/home/stephenq0503/Desktop/robot_arm_sim/build/my_cubes_pkg/prefix_override:/home/stephenq0503/Desktop/robot_arm_sim/install/my_cubes_pkg/lib/python3.10/site-packages:${PYTHONPATH} /usr/bin/python3 setup.py egg_info --egg-base ../../build/my_cubes_pkg build --build-base /home/stephenq0503/Desktop/robot_arm_sim/build/my_cubes_pkg/build install --record /home/stephenq0503/Desktop/robot_arm_sim/build/my_cubes_pkg/install.log --single-version-externally-managed
[1.963s] running egg_info
[1.964s] writing ../../build/my_cubes_pkg/my_cubes_pkg.egg-info/PKG-INFO
[1.964s] writing dependency_links to ../../build/my_cubes_pkg/my_cubes_pkg.egg-info/dependency_links.txt
[1.964s] writing entry points to ../../build/my_cubes_pkg/my_cubes_pkg.egg-info/entry_points.txt
[1.965s] writing requirements to ../../build/my_cubes_pkg/my_cubes_pkg.egg-info/requires.txt
[1.965s] writing top-level names to ../../build/my_cubes_pkg/my_cubes_pkg.egg-info/top_level.txt
[1.967s] reading manifest file '../../build/my_cubes_pkg/my_cubes_pkg.egg-info/SOURCES.txt'
[1.968s] writing manifest file '../../build/my_cubes_pkg/my_cubes_pkg.egg-info/SOURCES.txt'
[1.968s] running build
[1.968s] running build_py
[1.968s] running install
[1.969s] /usr/lib/python3/dist-packages/setuptools/command/install.py:34: SetuptoolsDeprecationWarning: setup.py install is deprecated. Use build and pip and other standards-based tools.
[1.969s]   warnings.warn(
[1.969s] running install_lib
[1.971s] running install_data
[1.971s] copying launch/my_cubes.launch.py -> /home/stephenq0503/Desktop/robot_arm_sim/install/my_cubes_pkg/share/my_cubes_pkg/launch
[1.972s] running install_egg_info
[1.975s] removing '/home/stephenq0503/Desktop/robot_arm_sim/install/my_cubes_pkg/lib/python3.10/site-packages/my_cubes_pkg-0.0.0-py3.10.egg-info' (and everything under it)
[1.975s] Copying ../../build/my_cubes_pkg/my_cubes_pkg.egg-info to /home/stephenq0503/Desktop/robot_arm_sim/install/my_cubes_pkg/lib/python3.10/site-packages/my_cubes_pkg-0.0.0-py3.10.egg-info
[1.976s] running install_scripts
[1.999s] Installing my_client_node script to /home/stephenq0503/Desktop/robot_arm_sim/install/my_cubes_pkg/lib/my_cubes_pkg
[1.999s] writing list of installed files to '/home/stephenq0503/Desktop/robot_arm_sim/build/my_cubes_pkg/install.log'
[2.037s] Invoked command in '/home/stephenq0503/Desktop/robot_arm_sim/src/my_cubes_pkg' returned '0': PYTHONPATH=/home/stephenq0503/Desktop/robot_arm_sim/build/my_cubes_pkg/prefix_override:/home/stephenq0503/Desktop/robot_arm_sim/install/my_cubes_pkg/lib/python3.10/site-packages:${PYTHONPATH} /usr/bin/python3 setup.py egg_info --egg-base ../../build/my_cubes_pkg build --build-base /home/stephenq0503/Desktop/robot_arm_sim/build/my_cubes_pkg/build install --record /home/stephenq0503/Desktop/robot_arm_sim/build/my_cubes_pkg/install.log --single-version-externally-managed
