[0.932s] Invoking command in '/home/stephenq0503/Desktop/robot_arm_sim/build/moveit_resources_fanuc_moveit_config': AMENT_PREFIX_PATH=/home/stephenq0503/Desktop/robot_arm_sim/install/moveit_resources_fanuc_description:${AMENT_PREFIX_PATH} CMAKE_PREFIX_PATH=/home/stephenq0503/Desktop/robot_arm_sim/install/moveit_resources_fanuc_description:/home/stephenq0503/Desktop/robot_arm_sim/install/six_dof_arm:/home/stephenq0503/Desktop/robot_arm_sim/install/gazebo_ros2_control:/opt/ros/humble /usr/bin/cmake /home/stephenq0503/Desktop/robot_arm_sim/src/moveit_resources/fanuc_moveit_config -DCMAKE_INSTALL_PREFIX=/home/stephenq0503/Desktop/robot_arm_sim/install/moveit_resources_fanuc_moveit_config
[1.172s] -- The C compiler identification is GNU 11.4.0
[1.360s] -- The CXX compiler identification is GNU 11.4.0
[1.397s] -- Detecting C compiler ABI info
[1.713s] -- Detecting C compiler ABI info - done
[1.751s] -- Check for working C compiler: /usr/bin/cc - skipped
[1.752s] -- Detecting C compile features
[1.752s] -- Detecting C compile features - done
[1.758s] -- Detecting CXX compiler ABI info
[1.974s] -- Detecting CXX compiler ABI info - done
[1.991s] -- Check for working CXX compiler: /usr/bin/c++ - skipped
[1.992s] -- Detecting CXX compile features
[1.993s] -- Detecting CXX compile features - done
[2.003s] -- Found ament_cmake: 1.3.7 (/opt/ros/humble/share/ament_cmake/cmake)
[2.492s] -- Found Python3: /usr/bin/python3.10 (found version "3.10.12") found components: Interpreter 
[2.868s] -- Configuring done
[2.883s] -- Generating done
[2.884s] -- Build files have been written to: /home/stephenq0503/Desktop/robot_arm_sim/build/moveit_resources_fanuc_moveit_config
[3.002s] Invoked command in '/home/stephenq0503/Desktop/robot_arm_sim/build/moveit_resources_fanuc_moveit_config' returned '0': AMENT_PREFIX_PATH=/home/stephenq0503/Desktop/robot_arm_sim/install/moveit_resources_fanuc_description:${AMENT_PREFIX_PATH} CMAKE_PREFIX_PATH=/home/stephenq0503/Desktop/robot_arm_sim/install/moveit_resources_fanuc_description:/home/stephenq0503/Desktop/robot_arm_sim/install/six_dof_arm:/home/stephenq0503/Desktop/robot_arm_sim/install/gazebo_ros2_control:/opt/ros/humble /usr/bin/cmake /home/stephenq0503/Desktop/robot_arm_sim/src/moveit_resources/fanuc_moveit_config -DCMAKE_INSTALL_PREFIX=/home/stephenq0503/Desktop/robot_arm_sim/install/moveit_resources_fanuc_moveit_config
[3.003s] Invoking command in '/home/stephenq0503/Desktop/robot_arm_sim/build/moveit_resources_fanuc_moveit_config': AMENT_PREFIX_PATH=/home/stephenq0503/Desktop/robot_arm_sim/install/moveit_resources_fanuc_description:${AMENT_PREFIX_PATH} CMAKE_PREFIX_PATH=/home/stephenq0503/Desktop/robot_arm_sim/install/moveit_resources_fanuc_description:/home/stephenq0503/Desktop/robot_arm_sim/install/six_dof_arm:/home/stephenq0503/Desktop/robot_arm_sim/install/gazebo_ros2_control:/opt/ros/humble /usr/bin/cmake --build /home/stephenq0503/Desktop/robot_arm_sim/build/moveit_resources_fanuc_moveit_config -- -j8 -l8
[3.409s] Invoked command in '/home/stephenq0503/Desktop/robot_arm_sim/build/moveit_resources_fanuc_moveit_config' returned '0': AMENT_PREFIX_PATH=/home/stephenq0503/Desktop/robot_arm_sim/install/moveit_resources_fanuc_description:${AMENT_PREFIX_PATH} CMAKE_PREFIX_PATH=/home/stephenq0503/Desktop/robot_arm_sim/install/moveit_resources_fanuc_description:/home/stephenq0503/Desktop/robot_arm_sim/install/six_dof_arm:/home/stephenq0503/Desktop/robot_arm_sim/install/gazebo_ros2_control:/opt/ros/humble /usr/bin/cmake --build /home/stephenq0503/Desktop/robot_arm_sim/build/moveit_resources_fanuc_moveit_config -- -j8 -l8
[3.666s] Invoking command in '/home/stephenq0503/Desktop/robot_arm_sim/build/moveit_resources_fanuc_moveit_config': AMENT_PREFIX_PATH=/home/stephenq0503/Desktop/robot_arm_sim/install/moveit_resources_fanuc_description:${AMENT_PREFIX_PATH} CMAKE_PREFIX_PATH=/home/stephenq0503/Desktop/robot_arm_sim/install/moveit_resources_fanuc_description:/home/stephenq0503/Desktop/robot_arm_sim/install/six_dof_arm:/home/stephenq0503/Desktop/robot_arm_sim/install/gazebo_ros2_control:/opt/ros/humble /usr/bin/cmake --install /home/stephenq0503/Desktop/robot_arm_sim/build/moveit_resources_fanuc_moveit_config
[3.684s] -- Install configuration: ""
[3.685s] -- Installing: /home/stephenq0503/Desktop/robot_arm_sim/install/moveit_resources_fanuc_moveit_config/share/ament_index/resource_index/package_run_dependencies/moveit_resources_fanuc_moveit_config
[3.686s] -- Installing: /home/stephenq0503/Desktop/robot_arm_sim/install/moveit_resources_fanuc_moveit_config/share/ament_index/resource_index/parent_prefix_path/moveit_resources_fanuc_moveit_config
[3.687s] -- Installing: /home/stephenq0503/Desktop/robot_arm_sim/install/moveit_resources_fanuc_moveit_config/share/moveit_resources_fanuc_moveit_config/environment/ament_prefix_path.sh
[3.688s] -- Installing: /home/stephenq0503/Desktop/robot_arm_sim/install/moveit_resources_fanuc_moveit_config/share/moveit_resources_fanuc_moveit_config/environment/ament_prefix_path.dsv
[3.689s] -- Installing: /home/stephenq0503/Desktop/robot_arm_sim/install/moveit_resources_fanuc_moveit_config/share/moveit_resources_fanuc_moveit_config/environment/path.sh
[3.690s] -- Installing: /home/stephenq0503/Desktop/robot_arm_sim/install/moveit_resources_fanuc_moveit_config/share/moveit_resources_fanuc_moveit_config/environment/path.dsv
[3.691s] -- Installing: /home/stephenq0503/Desktop/robot_arm_sim/install/moveit_resources_fanuc_moveit_config/share/moveit_resources_fanuc_moveit_config/local_setup.bash
[3.691s] -- Installing: /home/stephenq0503/Desktop/robot_arm_sim/install/moveit_resources_fanuc_moveit_config/share/moveit_resources_fanuc_moveit_config/local_setup.sh
[3.692s] -- Installing: /home/stephenq0503/Desktop/robot_arm_sim/install/moveit_resources_fanuc_moveit_config/share/moveit_resources_fanuc_moveit_config/local_setup.zsh
[3.693s] -- Installing: /home/stephenq0503/Desktop/robot_arm_sim/install/moveit_resources_fanuc_moveit_config/share/moveit_resources_fanuc_moveit_config/local_setup.dsv
[3.694s] -- Installing: /home/stephenq0503/Desktop/robot_arm_sim/install/moveit_resources_fanuc_moveit_config/share/moveit_resources_fanuc_moveit_config/package.dsv
[3.695s] -- Installing: /home/stephenq0503/Desktop/robot_arm_sim/install/moveit_resources_fanuc_moveit_config/share/ament_index/resource_index/packages/moveit_resources_fanuc_moveit_config
[3.696s] -- Installing: /home/stephenq0503/Desktop/robot_arm_sim/install/moveit_resources_fanuc_moveit_config/share/moveit_resources_fanuc_moveit_config/cmake/moveit_resources_fanuc_moveit_configConfig.cmake
[3.697s] -- Installing: /home/stephenq0503/Desktop/robot_arm_sim/install/moveit_resources_fanuc_moveit_config/share/moveit_resources_fanuc_moveit_config/cmake/moveit_resources_fanuc_moveit_configConfig-version.cmake
[3.697s] -- Installing: /home/stephenq0503/Desktop/robot_arm_sim/install/moveit_resources_fanuc_moveit_config/share/moveit_resources_fanuc_moveit_config/package.xml
[3.698s] -- Installing: /home/stephenq0503/Desktop/robot_arm_sim/install/moveit_resources_fanuc_moveit_config/share/moveit_resources_fanuc_moveit_config/launch
[3.698s] -- Installing: /home/stephenq0503/Desktop/robot_arm_sim/install/moveit_resources_fanuc_moveit_config/share/moveit_resources_fanuc_moveit_config/launch/moveit.rviz
[3.699s] -- Installing: /home/stephenq0503/Desktop/robot_arm_sim/install/moveit_resources_fanuc_moveit_config/share/moveit_resources_fanuc_moveit_config/launch/demo.launch.py
[3.700s] -- Installing: /home/stephenq0503/Desktop/robot_arm_sim/install/moveit_resources_fanuc_moveit_config/share/moveit_resources_fanuc_moveit_config/config
[3.700s] -- Installing: /home/stephenq0503/Desktop/robot_arm_sim/install/moveit_resources_fanuc_moveit_config/share/moveit_resources_fanuc_moveit_config/config/sensors_3d.yaml
[3.701s] -- Installing: /home/stephenq0503/Desktop/robot_arm_sim/install/moveit_resources_fanuc_moveit_config/share/moveit_resources_fanuc_moveit_config/config/moveit_controllers.yaml
[3.701s] -- Installing: /home/stephenq0503/Desktop/robot_arm_sim/install/moveit_resources_fanuc_moveit_config/share/moveit_resources_fanuc_moveit_config/config/ompl_planning.yaml
[3.702s] -- Installing: /home/stephenq0503/Desktop/robot_arm_sim/install/moveit_resources_fanuc_moveit_config/share/moveit_resources_fanuc_moveit_config/config/chomp_planning.yaml
[3.702s] -- Installing: /home/stephenq0503/Desktop/robot_arm_sim/install/moveit_resources_fanuc_moveit_config/share/moveit_resources_fanuc_moveit_config/config/fanuc.urdf.xacro
[3.703s] -- Installing: /home/stephenq0503/Desktop/robot_arm_sim/install/moveit_resources_fanuc_moveit_config/share/moveit_resources_fanuc_moveit_config/config/initial_positions.yaml
[3.703s] -- Installing: /home/stephenq0503/Desktop/robot_arm_sim/install/moveit_resources_fanuc_moveit_config/share/moveit_resources_fanuc_moveit_config/config/joint_limits.yaml
[3.704s] -- Installing: /home/stephenq0503/Desktop/robot_arm_sim/install/moveit_resources_fanuc_moveit_config/share/moveit_resources_fanuc_moveit_config/config/kinematics.yaml
[3.704s] -- Installing: /home/stephenq0503/Desktop/robot_arm_sim/install/moveit_resources_fanuc_moveit_config/share/moveit_resources_fanuc_moveit_config/config/pilz_cartesian_limits.yaml
[3.705s] -- Installing: /home/stephenq0503/Desktop/robot_arm_sim/install/moveit_resources_fanuc_moveit_config/share/moveit_resources_fanuc_moveit_config/config/fanuc.ros2_control.xacro
[3.705s] -- Installing: /home/stephenq0503/Desktop/robot_arm_sim/install/moveit_resources_fanuc_moveit_config/share/moveit_resources_fanuc_moveit_config/config/fanuc.srdf
[3.706s] -- Installing: /home/stephenq0503/Desktop/robot_arm_sim/install/moveit_resources_fanuc_moveit_config/share/moveit_resources_fanuc_moveit_config/config/ros2_controllers.yaml
[3.707s] -- Installing: /home/stephenq0503/Desktop/robot_arm_sim/install/moveit_resources_fanuc_moveit_config/share/moveit_resources_fanuc_moveit_config/.setup_assistant
[3.714s] Invoked command in '/home/stephenq0503/Desktop/robot_arm_sim/build/moveit_resources_fanuc_moveit_config' returned '0': AMENT_PREFIX_PATH=/home/stephenq0503/Desktop/robot_arm_sim/install/moveit_resources_fanuc_description:${AMENT_PREFIX_PATH} CMAKE_PREFIX_PATH=/home/stephenq0503/Desktop/robot_arm_sim/install/moveit_resources_fanuc_description:/home/stephenq0503/Desktop/robot_arm_sim/install/six_dof_arm:/home/stephenq0503/Desktop/robot_arm_sim/install/gazebo_ros2_control:/opt/ros/humble /usr/bin/cmake --install /home/stephenq0503/Desktop/robot_arm_sim/build/moveit_resources_fanuc_moveit_config
