[0.168s] Invoking command in '/home/stephenq0503/Desktop/robot_arm_sim/build/moveit_ros_perception': AMENT_PREFIX_PATH=/home/stephenq0503/Desktop/robot_arm_sim/install/moveit_ros_planning:/home/stephenq0503/Desktop/robot_arm_sim/install/moveit_ros_occupancy_map_monitor:/home/stephenq0503/Desktop/robot_arm_sim/install/moveit_core:/home/stephenq0503/Desktop/robot_arm_sim/install/srdfdom:/home/stephenq0503/Desktop/robot_arm_sim/install/moveit_common:${AMENT_PREFIX_PATH} CMAKE_PREFIX_PATH=/home/stephenq0503/Desktop/robot_arm_sim/install/moveit_ros_planning:/home/stephenq0503/Desktop/robot_arm_sim/install/moveit_ros_occupancy_map_monitor:/home/stephenq0503/Desktop/robot_arm_sim/install/moveit_core:/home/stephenq0503/Desktop/robot_arm_sim/install/srdfdom:/home/stephenq0503/Desktop/robot_arm_sim/install/moveit_common:/home/stephenq0503/Desktop/robot_arm_sim/install/six_dof_arm:/home/stephenq0503/Desktop/robot_arm_sim/install/gazebo_ros2_control:/opt/ros/humble LD_LIBRARY_PATH=/home/stephenq0503/Desktop/robot_arm_sim/install/moveit_ros_planning/lib:/home/stephenq0503/Desktop/robot_arm_sim/install/moveit_ros_occupancy_map_monitor/lib:/home/stephenq0503/Desktop/robot_arm_sim/install/moveit_core/lib:/home/stephenq0503/Desktop/robot_arm_sim/install/srdfdom/lib:${LD_LIBRARY_PATH} PATH=/home/stephenq0503/Desktop/robot_arm_sim/install/moveit_core/bin:${PATH} PYTHONPATH=/home/stephenq0503/Desktop/robot_arm_sim/install/srdfdom/local/lib/python3.10/dist-packages:${PYTHONPATH} /usr/bin/cmake /home/stephenq0503/Desktop/robot_arm_sim/src/moveit2/moveit_ros/perception -DCMAKE_INSTALL_PREFIX=/home/stephenq0503/Desktop/robot_arm_sim/install/moveit_ros_perception
[0.529s] -- The C compiler identification is GNU 11.4.0
[0.662s] -- The CXX compiler identification is GNU 11.4.0
[0.682s] -- Detecting C compiler ABI info
[0.836s] -- Detecting C compiler ABI info - done
[0.857s] -- Check for working C compiler: /usr/bin/cc - skipped
[0.857s] -- Detecting C compile features
[0.858s] -- Detecting C compile features - done
[0.865s] -- Detecting CXX compiler ABI info
[1.029s] -- Detecting CXX compiler ABI info - done
[1.052s] -- Check for working CXX compiler: /usr/bin/c++ - skipped
[1.053s] -- Detecting CXX compile features
[1.053s] -- Detecting CXX compile features - done
[1.056s] -- Found moveit_common: 2.5.5 (/home/stephenq0503/Desktop/robot_arm_sim/install/moveit_common/share/moveit_common/cmake)
[1.062s] -- Found ament_cmake: 1.3.7 (/opt/ros/humble/share/ament_cmake/cmake)
[1.499s] -- Found Python3: /usr/bin/python3.10 (found version "3.10.12") found components: Interpreter 
[1.850s] -- Found libdw: /usr/lib/x86_64-linux-gnu/libdw.so  
[1.858s] -- Could NOT find libbfd (missing: LIBBFD_LIBRARY LIBBFD_INCLUDE_DIR) 
[1.859s] -- BACKWARD_HAS_UNWIND=1
[1.860s] -- BACKWARD_HAS_BACKTRACE=0
[1.860s] -- BACKWARD_HAS_BACKTRACE_SYMBOL=0
[1.861s] -- BACKWARD_HAS_DW=1
[1.861s] -- BACKWARD_HAS_BFD=0
[1.861s] -- Found Backward: /opt/ros/humble/share/backward_ros/cmake  
[1.861s] [0mmoveit_ros_perception: You did not request a specific build type: Choosing 'Release' for maximum performance[0m
[1.873s] -- Found OpenGL: /usr/lib/x86_64-linux-gnu/libOpenGL.so   
[2.013s] -- Found GLEW: /usr/include (found version "2.2.0") 
[2.024s] -- Found PkgConfig: /usr/bin/pkg-config (found version "0.29.2") 
[2.025s] -- Checking for module 'glut'
[2.034s] --   No package 'glut' found
[2.053s] -- Found GLUT: /usr/lib/x86_64-linux-gnu/libglut.so  
[2.053s] -- Found cv_bridge: 3.2.1 (/opt/ros/humble/share/cv_bridge/cmake)
[2.165s] -- Found rosidl_generator_c: 3.1.5 (/opt/ros/humble/share/rosidl_generator_c/cmake)
[2.167s] -- Found rosidl_adapter: 3.1.5 (/opt/ros/humble/share/rosidl_adapter/cmake)
[2.188s] -- Found rosidl_generator_cpp: 3.1.5 (/opt/ros/humble/share/rosidl_generator_cpp/cmake)
[2.220s] -- Using all available rosidl_typesupport_c: rosidl_typesupport_fastrtps_c;rosidl_typesupport_introspection_c
[2.271s] -- Using all available rosidl_typesupport_cpp: rosidl_typesupport_fastrtps_cpp;rosidl_typesupport_introspection_cpp
[2.725s] -- Found moveit_core: 2.5.5 (/home/stephenq0503/Desktop/robot_arm_sim/install/moveit_core/share/moveit_core/cmake)
[3.294s] -- Found Boost: /usr/lib/x86_64-linux-gnu/cmake/Boost-1.74.0/BoostConfig.cmake (found version "1.74.0") found components: chrono date_time filesystem iostreams program_options regex serialization system thread 
[3.413s] -- Found parameter_traits: 0.3.7 (/opt/ros/humble/share/parameter_traits/cmake)
[3.561s] -- Found rmw_implementation_cmake: 6.1.1 (/opt/ros/humble/share/rmw_implementation_cmake/cmake)
[3.568s] -- Found rmw_fastrtps_cpp: 6.2.6 (/opt/ros/humble/share/rmw_fastrtps_cpp/cmake)
[3.804s] -- Found OpenSSL: /usr/lib/x86_64-linux-gnu/libcrypto.so (found version "3.0.2")  
[3.865s] -- Found FastRTPS: /opt/ros/humble/include  
[3.982s] -- Using RMW implementation 'rmw_fastrtps_cpp' as default
[4.011s] -- Found Threads: TRUE  
[4.395s] -- Found Eigen3: TRUE (found version "3.4.0") 
[4.403s] -- Found rclcpp_lifecycle: 16.0.8 (/opt/ros/humble/share/rclcpp_lifecycle/cmake)
[4.500s] -- Found Boost: /usr/lib/x86_64-linux-gnu/cmake/Boost-1.74.0/BoostConfig.cmake (found version "1.74.0") found components: filesystem 
[4.721s] -- library: /usr/lib/x86_64-linux-gnu/libcurl.so
[5.338s] -- Ensuring Eigen3 include directory is part of orocos-kdl CMake target
[7.977s] -- Found image_transport: 3.1.8 (/opt/ros/humble/share/image_transport/cmake)
[8.011s] -- Found moveit_ros_occupancy_map_monitor: 2.5.5 (/home/stephenq0503/Desktop/robot_arm_sim/install/moveit_ros_occupancy_map_monitor/share/moveit_ros_occupancy_map_monitor/cmake)
[9.288s] -- Found OpenMP_C: -fopenmp (found version "4.5") 
[9.541s] -- Found OpenMP_CXX: -fopenmp (found version "4.5") 
[9.541s] -- Found OpenMP: TRUE (found version "4.5")  
[9.553s] -- Found OpenCV: /usr (found version "4.5.4") 
[9.564s] -- Found Boost: /usr/lib/x86_64-linux-gnu/cmake/Boost-1.74.0/BoostConfig.cmake (found version "1.74.0") found components: thread 
[9.627s] -- Performing Test COMPILER_HAS_HIDDEN_VISIBILITY
[9.998s] -- Performing Test COMPILER_HAS_HIDDEN_VISIBILITY - Success
[10.000s] -- Performing Test COMPILER_HAS_HIDDEN_INLINE_VISIBILITY
[10.773s] -- Performing Test COMPILER_HAS_HIDDEN_INLINE_VISIBILITY - Success
[10.774s] -- Performing Test COMPILER_HAS_DEPRECATED_ATTR
[11.629s] -- Performing Test COMPILER_HAS_DEPRECATED_ATTR - Success
[11.817s] -- Found ament_lint_auto: 0.12.10 (/opt/ros/humble/share/ament_lint_auto/cmake)
[12.119s] -- Added test 'cppcheck' to perform static code analysis on C / C++ code
[12.124s] -- Configured cppcheck include dirs: /home/stephenq0503/Desktop/robot_arm_sim/src/moveit2/moveit_ros/perception/depth_image_octomap_updater/include;/home/stephenq0503/Desktop/robot_arm_sim/src/moveit2/moveit_ros/perception/lazy_free_space_updater/include;/home/stephenq0503/Desktop/robot_arm_sim/src/moveit2/moveit_ros/perception/mesh_filter/include;/home/stephenq0503/Desktop/robot_arm_sim/src/moveit2/moveit_ros/perception/point_containment_filter/include;/home/stephenq0503/Desktop/robot_arm_sim/src/moveit2/moveit_ros/perception/pointcloud_octomap_updater/include;/home/stephenq0503/Desktop/robot_arm_sim/src/moveit2/moveit_ros/perception/semantic_world/include
[12.125s] -- Configured cppcheck exclude dirs and/or files: 
[12.137s] -- Added test 'lint_cmake' to check CMake code style
[12.145s] -- Added test 'xmllint' to check XML markup files
[12.165s] -- Configuring done
[14.685s] -- Generating done
[14.769s] -- Build files have been written to: /home/stephenq0503/Desktop/robot_arm_sim/build/moveit_ros_perception
[15.030s] Invoked command in '/home/stephenq0503/Desktop/robot_arm_sim/build/moveit_ros_perception' returned '0': AMENT_PREFIX_PATH=/home/stephenq0503/Desktop/robot_arm_sim/install/moveit_ros_planning:/home/stephenq0503/Desktop/robot_arm_sim/install/moveit_ros_occupancy_map_monitor:/home/stephenq0503/Desktop/robot_arm_sim/install/moveit_core:/home/stephenq0503/Desktop/robot_arm_sim/install/srdfdom:/home/stephenq0503/Desktop/robot_arm_sim/install/moveit_common:${AMENT_PREFIX_PATH} CMAKE_PREFIX_PATH=/home/stephenq0503/Desktop/robot_arm_sim/install/moveit_ros_planning:/home/stephenq0503/Desktop/robot_arm_sim/install/moveit_ros_occupancy_map_monitor:/home/stephenq0503/Desktop/robot_arm_sim/install/moveit_core:/home/stephenq0503/Desktop/robot_arm_sim/install/srdfdom:/home/stephenq0503/Desktop/robot_arm_sim/install/moveit_common:/home/stephenq0503/Desktop/robot_arm_sim/install/six_dof_arm:/home/stephenq0503/Desktop/robot_arm_sim/install/gazebo_ros2_control:/opt/ros/humble LD_LIBRARY_PATH=/home/stephenq0503/Desktop/robot_arm_sim/install/moveit_ros_planning/lib:/home/stephenq0503/Desktop/robot_arm_sim/install/moveit_ros_occupancy_map_monitor/lib:/home/stephenq0503/Desktop/robot_arm_sim/install/moveit_core/lib:/home/stephenq0503/Desktop/robot_arm_sim/install/srdfdom/lib:${LD_LIBRARY_PATH} PATH=/home/stephenq0503/Desktop/robot_arm_sim/install/moveit_core/bin:${PATH} PYTHONPATH=/home/stephenq0503/Desktop/robot_arm_sim/install/srdfdom/local/lib/python3.10/dist-packages:${PYTHONPATH} /usr/bin/cmake /home/stephenq0503/Desktop/robot_arm_sim/src/moveit2/moveit_ros/perception -DCMAKE_INSTALL_PREFIX=/home/stephenq0503/Desktop/robot_arm_sim/install/moveit_ros_perception
[15.033s] Invoking command in '/home/stephenq0503/Desktop/robot_arm_sim/build/moveit_ros_perception': AMENT_PREFIX_PATH=/home/stephenq0503/Desktop/robot_arm_sim/install/moveit_ros_planning:/home/stephenq0503/Desktop/robot_arm_sim/install/moveit_ros_occupancy_map_monitor:/home/stephenq0503/Desktop/robot_arm_sim/install/moveit_core:/home/stephenq0503/Desktop/robot_arm_sim/install/srdfdom:/home/stephenq0503/Desktop/robot_arm_sim/install/moveit_common:${AMENT_PREFIX_PATH} CMAKE_PREFIX_PATH=/home/stephenq0503/Desktop/robot_arm_sim/install/moveit_ros_planning:/home/stephenq0503/Desktop/robot_arm_sim/install/moveit_ros_occupancy_map_monitor:/home/stephenq0503/Desktop/robot_arm_sim/install/moveit_core:/home/stephenq0503/Desktop/robot_arm_sim/install/srdfdom:/home/stephenq0503/Desktop/robot_arm_sim/install/moveit_common:/home/stephenq0503/Desktop/robot_arm_sim/install/six_dof_arm:/home/stephenq0503/Desktop/robot_arm_sim/install/gazebo_ros2_control:/opt/ros/humble LD_LIBRARY_PATH=/home/stephenq0503/Desktop/robot_arm_sim/install/moveit_ros_planning/lib:/home/stephenq0503/Desktop/robot_arm_sim/install/moveit_ros_occupancy_map_monitor/lib:/home/stephenq0503/Desktop/robot_arm_sim/install/moveit_core/lib:/home/stephenq0503/Desktop/robot_arm_sim/install/srdfdom/lib:${LD_LIBRARY_PATH} PATH=/home/stephenq0503/Desktop/robot_arm_sim/install/moveit_core/bin:${PATH} PYTHONPATH=/home/stephenq0503/Desktop/robot_arm_sim/install/srdfdom/local/lib/python3.10/dist-packages:${PYTHONPATH} /usr/bin/cmake --build /home/stephenq0503/Desktop/robot_arm_sim/build/moveit_ros_perception -- -j8 -l8
[15.540s] [  5%] [32mBuilding CXX object point_containment_filter/CMakeFiles/moveit_point_containment_filter.dir/src/shape_mask.cpp.o[0m
[15.625s] [ 10%] [32mBuilding CXX object lazy_free_space_updater/CMakeFiles/moveit_lazy_free_space_updater.dir/src/lazy_free_space_updater.cpp.o[0m
[42.654s] [ 15%] [32m[1mLinking CXX shared library libmoveit_lazy_free_space_updater.so[0m
[45.051s] [ 15%] Built target moveit_lazy_free_space_updater
[49.358s] [ 20%] [32m[1mLinking CXX shared library libmoveit_point_containment_filter.so[0m
[50.785s] [ 20%] Built target moveit_point_containment_filter
[51.210s] [ 25%] [32mBuilding CXX object semantic_world/CMakeFiles/moveit_semantic_world.dir/src/semantic_world.cpp.o[0m
[142.382s] [ 30%] [32m[1mLinking CXX shared library libmoveit_semantic_world.so[0m
[143.245s] [ 30%] Built target moveit_semantic_world
[143.358s] [ 35%] [32mBuilding CXX object pointcloud_octomap_updater/CMakeFiles/moveit_pointcloud_octomap_updater_core.dir/src/pointcloud_octomap_updater.cpp.o[0m
[169.918s] [ 40%] [32m[1mLinking CXX shared library libmoveit_pointcloud_octomap_updater_core.so[0m
[170.616s] [ 40%] Built target moveit_pointcloud_octomap_updater_core
[170.653s] [ 45%] [32mBuilding CXX object mesh_filter/CMakeFiles/moveit_mesh_filter.dir/src/mesh_filter_base.cpp.o[0m
[177.607s] [ 50%] [32mBuilding CXX object mesh_filter/CMakeFiles/moveit_mesh_filter.dir/src/gl_mesh.cpp.o[0m
[180.581s] [ 55%] [32mBuilding CXX object mesh_filter/CMakeFiles/moveit_mesh_filter.dir/src/gl_renderer.cpp.o[0m
[182.387s] [ 60%] [32mBuilding CXX object mesh_filter/CMakeFiles/moveit_mesh_filter.dir/src/stereo_camera_model.cpp.o[0m
[184.288s] [ 65%] [32mBuilding CXX object mesh_filter/CMakeFiles/moveit_mesh_filter.dir/src/sensor_model.cpp.o[0m
[185.940s] [ 70%] [32m[1mLinking CXX shared library libmoveit_mesh_filter.so[0m
[186.798s] [ 70%] Built target moveit_mesh_filter
[186.848s] [ 75%] [32mBuilding CXX object pointcloud_octomap_updater/CMakeFiles/moveit_pointcloud_octomap_updater.dir/src/plugin_init.cpp.o[0m
[195.220s] [ 80%] [32m[1mLinking CXX shared library libmoveit_pointcloud_octomap_updater.so[0m
[195.552s] [ 80%] Built target moveit_pointcloud_octomap_updater
[195.652s] [ 85%] [32mBuilding CXX object depth_image_octomap_updater/CMakeFiles/moveit_depth_image_octomap_updater_core.dir/src/depth_image_octomap_updater.cpp.o[0m
[207.518s] [ 90%] [32m[1mLinking CXX shared library libmoveit_depth_image_octomap_updater_core.so[0m
[207.871s] [ 90%] Built target moveit_depth_image_octomap_updater_core
[207.909s] [ 95%] [32mBuilding CXX object depth_image_octomap_updater/CMakeFiles/moveit_depth_image_octomap_updater.dir/src/updater_plugin.cpp.o[0m
[214.791s] [100%] [32m[1mLinking CXX shared library libmoveit_depth_image_octomap_updater.so[0m
[215.061s] [100%] Built target moveit_depth_image_octomap_updater
[215.133s] Invoked command in '/home/stephenq0503/Desktop/robot_arm_sim/build/moveit_ros_perception' returned '0': AMENT_PREFIX_PATH=/home/stephenq0503/Desktop/robot_arm_sim/install/moveit_ros_planning:/home/stephenq0503/Desktop/robot_arm_sim/install/moveit_ros_occupancy_map_monitor:/home/stephenq0503/Desktop/robot_arm_sim/install/moveit_core:/home/stephenq0503/Desktop/robot_arm_sim/install/srdfdom:/home/stephenq0503/Desktop/robot_arm_sim/install/moveit_common:${AMENT_PREFIX_PATH} CMAKE_PREFIX_PATH=/home/stephenq0503/Desktop/robot_arm_sim/install/moveit_ros_planning:/home/stephenq0503/Desktop/robot_arm_sim/install/moveit_ros_occupancy_map_monitor:/home/stephenq0503/Desktop/robot_arm_sim/install/moveit_core:/home/stephenq0503/Desktop/robot_arm_sim/install/srdfdom:/home/stephenq0503/Desktop/robot_arm_sim/install/moveit_common:/home/stephenq0503/Desktop/robot_arm_sim/install/six_dof_arm:/home/stephenq0503/Desktop/robot_arm_sim/install/gazebo_ros2_control:/opt/ros/humble LD_LIBRARY_PATH=/home/stephenq0503/Desktop/robot_arm_sim/install/moveit_ros_planning/lib:/home/stephenq0503/Desktop/robot_arm_sim/install/moveit_ros_occupancy_map_monitor/lib:/home/stephenq0503/Desktop/robot_arm_sim/install/moveit_core/lib:/home/stephenq0503/Desktop/robot_arm_sim/install/srdfdom/lib:${LD_LIBRARY_PATH} PATH=/home/stephenq0503/Desktop/robot_arm_sim/install/moveit_core/bin:${PATH} PYTHONPATH=/home/stephenq0503/Desktop/robot_arm_sim/install/srdfdom/local/lib/python3.10/dist-packages:${PYTHONPATH} /usr/bin/cmake --build /home/stephenq0503/Desktop/robot_arm_sim/build/moveit_ros_perception -- -j8 -l8
[215.177s] Invoking command in '/home/stephenq0503/Desktop/robot_arm_sim/build/moveit_ros_perception': AMENT_PREFIX_PATH=/home/stephenq0503/Desktop/robot_arm_sim/install/moveit_ros_planning:/home/stephenq0503/Desktop/robot_arm_sim/install/moveit_ros_occupancy_map_monitor:/home/stephenq0503/Desktop/robot_arm_sim/install/moveit_core:/home/stephenq0503/Desktop/robot_arm_sim/install/srdfdom:/home/stephenq0503/Desktop/robot_arm_sim/install/moveit_common:${AMENT_PREFIX_PATH} CMAKE_PREFIX_PATH=/home/stephenq0503/Desktop/robot_arm_sim/install/moveit_ros_planning:/home/stephenq0503/Desktop/robot_arm_sim/install/moveit_ros_occupancy_map_monitor:/home/stephenq0503/Desktop/robot_arm_sim/install/moveit_core:/home/stephenq0503/Desktop/robot_arm_sim/install/srdfdom:/home/stephenq0503/Desktop/robot_arm_sim/install/moveit_common:/home/stephenq0503/Desktop/robot_arm_sim/install/six_dof_arm:/home/stephenq0503/Desktop/robot_arm_sim/install/gazebo_ros2_control:/opt/ros/humble LD_LIBRARY_PATH=/home/stephenq0503/Desktop/robot_arm_sim/install/moveit_ros_planning/lib:/home/stephenq0503/Desktop/robot_arm_sim/install/moveit_ros_occupancy_map_monitor/lib:/home/stephenq0503/Desktop/robot_arm_sim/install/moveit_core/lib:/home/stephenq0503/Desktop/robot_arm_sim/install/srdfdom/lib:${LD_LIBRARY_PATH} PATH=/home/stephenq0503/Desktop/robot_arm_sim/install/moveit_core/bin:${PATH} PYTHONPATH=/home/stephenq0503/Desktop/robot_arm_sim/install/srdfdom/local/lib/python3.10/dist-packages:${PYTHONPATH} /usr/bin/cmake --install /home/stephenq0503/Desktop/robot_arm_sim/build/moveit_ros_perception
[215.188s] -- Install configuration: "Release"
[215.190s] -- Installing: /home/stephenq0503/Desktop/robot_arm_sim/install/moveit_ros_perception/include
[215.190s] -- Installing: /home/stephenq0503/Desktop/robot_arm_sim/install/moveit_ros_perception/include/moveit
[215.190s] -- Installing: /home/stephenq0503/Desktop/robot_arm_sim/install/moveit_ros_perception/include/moveit/lazy_free_space_updater
[215.191s] -- Installing: /home/stephenq0503/Desktop/robot_arm_sim/install/moveit_ros_perception/include/moveit/lazy_free_space_updater/lazy_free_space_updater.h
[215.191s] -- Up-to-date: /home/stephenq0503/Desktop/robot_arm_sim/install/moveit_ros_perception/include
[215.192s] -- Up-to-date: /home/stephenq0503/Desktop/robot_arm_sim/install/moveit_ros_perception/include/moveit
[215.192s] -- Installing: /home/stephenq0503/Desktop/robot_arm_sim/install/moveit_ros_perception/include/moveit/point_containment_filter
[215.192s] -- Installing: /home/stephenq0503/Desktop/robot_arm_sim/install/moveit_ros_perception/include/moveit/point_containment_filter/shape_mask.h
[215.192s] -- Up-to-date: /home/stephenq0503/Desktop/robot_arm_sim/install/moveit_ros_perception/include
[215.193s] -- Up-to-date: /home/stephenq0503/Desktop/robot_arm_sim/install/moveit_ros_perception/include/moveit
[215.193s] -- Installing: /home/stephenq0503/Desktop/robot_arm_sim/install/moveit_ros_perception/include/moveit/pointcloud_octomap_updater
[215.193s] -- Installing: /home/stephenq0503/Desktop/robot_arm_sim/install/moveit_ros_perception/include/moveit/pointcloud_octomap_updater/pointcloud_octomap_updater.h
[215.193s] -- Up-to-date: /home/stephenq0503/Desktop/robot_arm_sim/install/moveit_ros_perception/include
[215.193s] -- Up-to-date: /home/stephenq0503/Desktop/robot_arm_sim/install/moveit_ros_perception/include/moveit
[215.194s] -- Installing: /home/stephenq0503/Desktop/robot_arm_sim/install/moveit_ros_perception/include/moveit/mesh_filter
[215.194s] -- Installing: /home/stephenq0503/Desktop/robot_arm_sim/install/moveit_ros_perception/include/moveit/mesh_filter/mesh_filter_base.h
[215.194s] -- Installing: /home/stephenq0503/Desktop/robot_arm_sim/install/moveit_ros_perception/include/moveit/mesh_filter/depth_self_filter_nodelet.h
[215.194s] -- Installing: /home/stephenq0503/Desktop/robot_arm_sim/install/moveit_ros_perception/include/moveit/mesh_filter/gl_renderer.h
[215.195s] -- Installing: /home/stephenq0503/Desktop/robot_arm_sim/install/moveit_ros_perception/include/moveit/mesh_filter/stereo_camera_model.h
[215.195s] -- Installing: /home/stephenq0503/Desktop/robot_arm_sim/install/moveit_ros_perception/include/moveit/mesh_filter/gl_mesh.h
[215.195s] -- Installing: /home/stephenq0503/Desktop/robot_arm_sim/install/moveit_ros_perception/include/moveit/mesh_filter/sensor_model.h
[215.195s] -- Installing: /home/stephenq0503/Desktop/robot_arm_sim/install/moveit_ros_perception/include/moveit/mesh_filter/mesh_filter.h
[215.195s] -- Installing: /home/stephenq0503/Desktop/robot_arm_sim/install/moveit_ros_perception/include/moveit/mesh_filter/transform_provider.h
[215.196s] -- Installing: /home/stephenq0503/Desktop/robot_arm_sim/install/moveit_ros_perception/include/moveit/mesh_filter/filter_job.h
[215.196s] -- Installing: /home/stephenq0503/Desktop/robot_arm_sim/install/moveit_ros_perception/include/moveit_mesh_filter_export.h
[215.197s] -- Up-to-date: /home/stephenq0503/Desktop/robot_arm_sim/install/moveit_ros_perception/include
[215.197s] -- Up-to-date: /home/stephenq0503/Desktop/robot_arm_sim/install/moveit_ros_perception/include/moveit
[215.197s] -- Installing: /home/stephenq0503/Desktop/robot_arm_sim/install/moveit_ros_perception/include/moveit/depth_image_octomap_updater
[215.197s] -- Installing: /home/stephenq0503/Desktop/robot_arm_sim/install/moveit_ros_perception/include/moveit/depth_image_octomap_updater/depth_image_octomap_updater.h
[215.198s] -- Up-to-date: /home/stephenq0503/Desktop/robot_arm_sim/install/moveit_ros_perception/include
[215.198s] -- Up-to-date: /home/stephenq0503/Desktop/robot_arm_sim/install/moveit_ros_perception/include/moveit
[215.198s] -- Installing: /home/stephenq0503/Desktop/robot_arm_sim/install/moveit_ros_perception/include/moveit/semantic_world
[215.198s] -- Installing: /home/stephenq0503/Desktop/robot_arm_sim/install/moveit_ros_perception/include/moveit/semantic_world/semantic_world.h
[215.199s] -- Installing: /home/stephenq0503/Desktop/robot_arm_sim/install/moveit_ros_perception/lib/libmoveit_depth_image_octomap_updater.so.2.5.5
[215.200s] -- Set runtime path of "/home/stephenq0503/Desktop/robot_arm_sim/install/moveit_ros_perception/lib/libmoveit_depth_image_octomap_updater.so.2.5.5" to ""
[215.200s] -- Installing: /home/stephenq0503/Desktop/robot_arm_sim/install/moveit_ros_perception/lib/libmoveit_depth_image_octomap_updater.so
[215.200s] -- Installing: /home/stephenq0503/Desktop/robot_arm_sim/install/moveit_ros_perception/lib/libmoveit_depth_image_octomap_updater_core.so.2.5.5
[215.201s] -- Set runtime path of "/home/stephenq0503/Desktop/robot_arm_sim/install/moveit_ros_perception/lib/libmoveit_depth_image_octomap_updater_core.so.2.5.5" to ""
[215.201s] -- Installing: /home/stephenq0503/Desktop/robot_arm_sim/install/moveit_ros_perception/lib/libmoveit_depth_image_octomap_updater_core.so
[215.202s] -- Installing: /home/stephenq0503/Desktop/robot_arm_sim/install/moveit_ros_perception/lib/libmoveit_lazy_free_space_updater.so.2.5.5
[215.203s] -- Set runtime path of "/home/stephenq0503/Desktop/robot_arm_sim/install/moveit_ros_perception/lib/libmoveit_lazy_free_space_updater.so.2.5.5" to ""
[215.203s] -- Installing: /home/stephenq0503/Desktop/robot_arm_sim/install/moveit_ros_perception/lib/libmoveit_lazy_free_space_updater.so
[215.203s] -- Installing: /home/stephenq0503/Desktop/robot_arm_sim/install/moveit_ros_perception/lib/libmoveit_mesh_filter.so.2.5.5
[215.204s] -- Set runtime path of "/home/stephenq0503/Desktop/robot_arm_sim/install/moveit_ros_perception/lib/libmoveit_mesh_filter.so.2.5.5" to ""
[215.204s] -- Installing: /home/stephenq0503/Desktop/robot_arm_sim/install/moveit_ros_perception/lib/libmoveit_mesh_filter.so
[215.204s] -- Installing: /home/stephenq0503/Desktop/robot_arm_sim/install/moveit_ros_perception/lib/libmoveit_point_containment_filter.so.2.5.5
[215.206s] -- Set runtime path of "/home/stephenq0503/Desktop/robot_arm_sim/install/moveit_ros_perception/lib/libmoveit_point_containment_filter.so.2.5.5" to ""
[215.207s] -- Installing: /home/stephenq0503/Desktop/robot_arm_sim/install/moveit_ros_perception/lib/libmoveit_point_containment_filter.so
[215.207s] -- Installing: /home/stephenq0503/Desktop/robot_arm_sim/install/moveit_ros_perception/lib/libmoveit_pointcloud_octomap_updater.so.2.5.5
[215.207s] -- Set runtime path of "/home/stephenq0503/Desktop/robot_arm_sim/install/moveit_ros_perception/lib/libmoveit_pointcloud_octomap_updater.so.2.5.5" to ""
[215.207s] -- Installing: /home/stephenq0503/Desktop/robot_arm_sim/install/moveit_ros_perception/lib/libmoveit_pointcloud_octomap_updater.so
[215.207s] -- Installing: /home/stephenq0503/Desktop/robot_arm_sim/install/moveit_ros_perception/lib/libmoveit_pointcloud_octomap_updater_core.so.2.5.5
[215.210s] -- Set runtime path of "/home/stephenq0503/Desktop/robot_arm_sim/install/moveit_ros_perception/lib/libmoveit_pointcloud_octomap_updater_core.so.2.5.5" to ""
[215.210s] -- Installing: /home/stephenq0503/Desktop/robot_arm_sim/install/moveit_ros_perception/lib/libmoveit_pointcloud_octomap_updater_core.so
[215.210s] -- Installing: /home/stephenq0503/Desktop/robot_arm_sim/install/moveit_ros_perception/lib/libmoveit_semantic_world.so.2.5.5
[215.214s] -- Set runtime path of "/home/stephenq0503/Desktop/robot_arm_sim/install/moveit_ros_perception/lib/libmoveit_semantic_world.so.2.5.5" to ""
[215.214s] -- Installing: /home/stephenq0503/Desktop/robot_arm_sim/install/moveit_ros_perception/lib/libmoveit_semantic_world.so
[215.214s] -- Installing: /home/stephenq0503/Desktop/robot_arm_sim/install/moveit_ros_perception/share/moveit_ros_perception/environment/library_path.sh
[215.215s] -- Installing: /home/stephenq0503/Desktop/robot_arm_sim/install/moveit_ros_perception/share/moveit_ros_perception/environment/library_path.dsv
[215.215s] -- Installing: /home/stephenq0503/Desktop/robot_arm_sim/install/moveit_ros_perception/share/moveit_ros_perception/pointcloud_octomap_updater_plugin_description.xml
[215.215s] -- Installing: /home/stephenq0503/Desktop/robot_arm_sim/install/moveit_ros_perception/share/moveit_ros_perception/depth_image_octomap_updater_plugin_description.xml
[215.217s] -- Installing: /home/stephenq0503/Desktop/robot_arm_sim/install/moveit_ros_perception/share/ament_index/resource_index/package_run_dependencies/moveit_ros_perception
[215.217s] -- Installing: /home/stephenq0503/Desktop/robot_arm_sim/install/moveit_ros_perception/share/ament_index/resource_index/parent_prefix_path/moveit_ros_perception
[215.217s] -- Installing: /home/stephenq0503/Desktop/robot_arm_sim/install/moveit_ros_perception/share/moveit_ros_perception/environment/ament_prefix_path.sh
[215.218s] -- Installing: /home/stephenq0503/Desktop/robot_arm_sim/install/moveit_ros_perception/share/moveit_ros_perception/environment/ament_prefix_path.dsv
[215.218s] -- Installing: /home/stephenq0503/Desktop/robot_arm_sim/install/moveit_ros_perception/share/moveit_ros_perception/environment/path.sh
[215.218s] -- Installing: /home/stephenq0503/Desktop/robot_arm_sim/install/moveit_ros_perception/share/moveit_ros_perception/environment/path.dsv
[215.218s] -- Installing: /home/stephenq0503/Desktop/robot_arm_sim/install/moveit_ros_perception/share/moveit_ros_perception/local_setup.bash
[215.219s] -- Installing: /home/stephenq0503/Desktop/robot_arm_sim/install/moveit_ros_perception/share/moveit_ros_perception/local_setup.sh
[215.219s] -- Installing: /home/stephenq0503/Desktop/robot_arm_sim/install/moveit_ros_perception/share/moveit_ros_perception/local_setup.zsh
[215.219s] -- Installing: /home/stephenq0503/Desktop/robot_arm_sim/install/moveit_ros_perception/share/moveit_ros_perception/local_setup.dsv
[215.220s] -- Installing: /home/stephenq0503/Desktop/robot_arm_sim/install/moveit_ros_perception/share/moveit_ros_perception/package.dsv
[215.220s] -- Installing: /home/stephenq0503/Desktop/robot_arm_sim/install/moveit_ros_perception/share/ament_index/resource_index/packages/moveit_ros_perception
[215.221s] -- Installing: /home/stephenq0503/Desktop/robot_arm_sim/install/moveit_ros_perception/share/ament_index/resource_index/moveit_ros_occupancy_map_monitor__pluginlib__plugin/moveit_ros_perception
[215.222s] -- Installing: /home/stephenq0503/Desktop/robot_arm_sim/install/moveit_ros_perception/share/moveit_ros_perception/cmake/export_moveit_ros_perceptionExport.cmake
[215.223s] -- Installing: /home/stephenq0503/Desktop/robot_arm_sim/install/moveit_ros_perception/share/moveit_ros_perception/cmake/export_moveit_ros_perceptionExport-release.cmake
[215.224s] -- Installing: /home/stephenq0503/Desktop/robot_arm_sim/install/moveit_ros_perception/share/moveit_ros_perception/cmake/ConfigExtras.cmake
[215.224s] -- Installing: /home/stephenq0503/Desktop/robot_arm_sim/install/moveit_ros_perception/share/moveit_ros_perception/cmake/ament_cmake_export_targets-extras.cmake
[215.224s] -- Installing: /home/stephenq0503/Desktop/robot_arm_sim/install/moveit_ros_perception/share/moveit_ros_perception/cmake/ament_cmake_export_dependencies-extras.cmake
[215.225s] -- Installing: /home/stephenq0503/Desktop/robot_arm_sim/install/moveit_ros_perception/share/moveit_ros_perception/cmake/moveit_ros_perceptionConfig.cmake
[215.225s] -- Installing: /home/stephenq0503/Desktop/robot_arm_sim/install/moveit_ros_perception/share/moveit_ros_perception/cmake/moveit_ros_perceptionConfig-version.cmake
[215.225s] -- Installing: /home/stephenq0503/Desktop/robot_arm_sim/install/moveit_ros_perception/share/moveit_ros_perception/package.xml
[215.229s] Invoked command in '/home/stephenq0503/Desktop/robot_arm_sim/build/moveit_ros_perception' returned '0': AMENT_PREFIX_PATH=/home/stephenq0503/Desktop/robot_arm_sim/install/moveit_ros_planning:/home/stephenq0503/Desktop/robot_arm_sim/install/moveit_ros_occupancy_map_monitor:/home/stephenq0503/Desktop/robot_arm_sim/install/moveit_core:/home/stephenq0503/Desktop/robot_arm_sim/install/srdfdom:/home/stephenq0503/Desktop/robot_arm_sim/install/moveit_common:${AMENT_PREFIX_PATH} CMAKE_PREFIX_PATH=/home/stephenq0503/Desktop/robot_arm_sim/install/moveit_ros_planning:/home/stephenq0503/Desktop/robot_arm_sim/install/moveit_ros_occupancy_map_monitor:/home/stephenq0503/Desktop/robot_arm_sim/install/moveit_core:/home/stephenq0503/Desktop/robot_arm_sim/install/srdfdom:/home/stephenq0503/Desktop/robot_arm_sim/install/moveit_common:/home/stephenq0503/Desktop/robot_arm_sim/install/six_dof_arm:/home/stephenq0503/Desktop/robot_arm_sim/install/gazebo_ros2_control:/opt/ros/humble LD_LIBRARY_PATH=/home/stephenq0503/Desktop/robot_arm_sim/install/moveit_ros_planning/lib:/home/stephenq0503/Desktop/robot_arm_sim/install/moveit_ros_occupancy_map_monitor/lib:/home/stephenq0503/Desktop/robot_arm_sim/install/moveit_core/lib:/home/stephenq0503/Desktop/robot_arm_sim/install/srdfdom/lib:${LD_LIBRARY_PATH} PATH=/home/stephenq0503/Desktop/robot_arm_sim/install/moveit_core/bin:${PATH} PYTHONPATH=/home/stephenq0503/Desktop/robot_arm_sim/install/srdfdom/local/lib/python3.10/dist-packages:${PYTHONPATH} /usr/bin/cmake --install /home/stephenq0503/Desktop/robot_arm_sim/build/moveit_ros_perception
