-- The C compiler identification is GNU 11.4.0
-- The CXX compiler identification is GNU 11.4.0
-- Detecting C compiler ABI info
-- Detecting C compiler ABI info - done
-- Check for working C compiler: /usr/bin/cc - skipped
-- Detecting C compile features
-- Detecting C compile features - done
-- Detecting CXX compiler ABI info
-- Detecting CXX compiler ABI info - done
-- Check for working CXX compiler: /usr/bin/c++ - skipped
-- Detecting CXX compile features
-- Detecting CXX compile features - done
-- Found ament_cmake: 1.3.7 (/opt/ros/humble/share/ament_cmake/cmake)
-- Found Python3: /usr/bin/python3.10 (found version "3.10.12") found components: Interpreter 
-- Found ament_lint_auto: 0.12.10 (/opt/ros/humble/share/ament_lint_auto/cmake)
-- Added test 'lint_cmake' to check CMake code style
-- Added test 'xmllint' to check XML markup files
-- Configuring done
-- Generating done
-- Build files have been written to: /home/stephenq0503/Desktop/robot_arm_sim/build/six_dof_arm
-- Install configuration: ""
-- Installing: /home/stephenq0503/Desktop/robot_arm_sim/install/six_dof_arm/share/ament_index/resource_index/package_run_dependencies/six_dof_arm
-- Installing: /home/stephenq0503/Desktop/robot_arm_sim/install/six_dof_arm/share/ament_index/resource_index/parent_prefix_path/six_dof_arm
-- Installing: /home/stephenq0503/Desktop/robot_arm_sim/install/six_dof_arm/share/six_dof_arm/environment/ament_prefix_path.sh
-- Installing: /home/stephenq0503/Desktop/robot_arm_sim/install/six_dof_arm/share/six_dof_arm/environment/ament_prefix_path.dsv
-- Installing: /home/stephenq0503/Desktop/robot_arm_sim/install/six_dof_arm/share/six_dof_arm/environment/path.sh
-- Installing: /home/stephenq0503/Desktop/robot_arm_sim/install/six_dof_arm/share/six_dof_arm/environment/path.dsv
-- Installing: /home/stephenq0503/Desktop/robot_arm_sim/install/six_dof_arm/share/six_dof_arm/local_setup.bash
-- Installing: /home/stephenq0503/Desktop/robot_arm_sim/install/six_dof_arm/share/six_dof_arm/local_setup.sh
-- Installing: /home/stephenq0503/Desktop/robot_arm_sim/install/six_dof_arm/share/six_dof_arm/local_setup.zsh
-- Installing: /home/stephenq0503/Desktop/robot_arm_sim/install/six_dof_arm/share/six_dof_arm/local_setup.dsv
-- Installing: /home/stephenq0503/Desktop/robot_arm_sim/install/six_dof_arm/share/six_dof_arm/package.dsv
-- Installing: /home/stephenq0503/Desktop/robot_arm_sim/install/six_dof_arm/share/ament_index/resource_index/packages/six_dof_arm
-- Installing: /home/stephenq0503/Desktop/robot_arm_sim/install/six_dof_arm/share/six_dof_arm/cmake/six_dof_armConfig.cmake
-- Installing: /home/stephenq0503/Desktop/robot_arm_sim/install/six_dof_arm/share/six_dof_arm/cmake/six_dof_armConfig-version.cmake
-- Installing: /home/stephenq0503/Desktop/robot_arm_sim/install/six_dof_arm/share/six_dof_arm/package.xml
