[0.242s] Invoking command in '/home/stephenq0503/Desktop/robot_arm_sim/build/moveit_planners_ompl': AMENT_PREFIX_PATH=/home/stephenq0503/Desktop/robot_arm_sim/install/moveit_ros_planning:/home/stephenq0503/Desktop/robot_arm_sim/install/moveit_ros_occupancy_map_monitor:/home/stephenq0503/Desktop/robot_arm_sim/install/moveit_core:/home/stephenq0503/Desktop/robot_arm_sim/install/moveit_resources_panda_moveit_config:/home/stephenq0503/Desktop/robot_arm_sim/install/moveit_resources_fanuc_moveit_config:/home/stephenq0503/Desktop/robot_arm_sim/install/srdfdom:/home/stephenq0503/Desktop/robot_arm_sim/install/moveit_resources_pr2_description:/home/stephenq0503/Desktop/robot_arm_sim/install/moveit_resources_panda_description:/home/stephenq0503/Desktop/robot_arm_sim/install/moveit_resources_fanuc_description:/home/stephenq0503/Desktop/robot_arm_sim/install/moveit_common:${AMENT_PREFIX_PATH} CMAKE_PREFIX_PATH=/home/stephenq0503/Desktop/robot_arm_sim/install/moveit_ros_planning:/home/stephenq0503/Desktop/robot_arm_sim/install/moveit_ros_occupancy_map_monitor:/home/stephenq0503/Desktop/robot_arm_sim/install/moveit_core:/home/stephenq0503/Desktop/robot_arm_sim/install/moveit_resources_panda_moveit_config:/home/stephenq0503/Desktop/robot_arm_sim/install/moveit_resources_fanuc_moveit_config:/home/stephenq0503/Desktop/robot_arm_sim/install/srdfdom:/home/stephenq0503/Desktop/robot_arm_sim/install/moveit_resources_pr2_description:/home/stephenq0503/Desktop/robot_arm_sim/install/moveit_resources_panda_description:/home/stephenq0503/Desktop/robot_arm_sim/install/moveit_resources_fanuc_description:/home/stephenq0503/Desktop/robot_arm_sim/install/moveit_common:/home/stephenq0503/Desktop/robot_arm_sim/install/six_dof_arm:/home/stephenq0503/Desktop/robot_arm_sim/install/gazebo_ros2_control:/opt/ros/humble LD_LIBRARY_PATH=/home/stephenq0503/Desktop/robot_arm_sim/install/moveit_ros_planning/lib:/home/stephenq0503/Desktop/robot_arm_sim/install/moveit_ros_occupancy_map_monitor/lib:/home/stephenq0503/Desktop/robot_arm_sim/install/moveit_core/lib:/home/stephenq0503/Desktop/robot_arm_sim/install/srdfdom/lib:${LD_LIBRARY_PATH} PATH=/home/stephenq0503/Desktop/robot_arm_sim/install/moveit_core/bin:${PATH} PYTHONPATH=/home/stephenq0503/Desktop/robot_arm_sim/install/srdfdom/local/lib/python3.10/dist-packages:${PYTHONPATH} /usr/bin/cmake /home/stephenq0503/Desktop/robot_arm_sim/src/moveit2/moveit_planners/ompl -DCMAKE_INSTALL_PREFIX=/home/stephenq0503/Desktop/robot_arm_sim/install/moveit_planners_ompl
[0.581s] -- The C compiler identification is GNU 11.4.0
[0.699s] -- The CXX compiler identification is GNU 11.4.0
[0.717s] -- Detecting C compiler ABI info
[0.870s] -- Detecting C compiler ABI info - done
[0.887s] -- Check for working C compiler: /usr/bin/cc - skipped
[0.889s] -- Detecting C compile features
[0.890s] -- Detecting C compile features - done
[0.899s] -- Detecting CXX compiler ABI info
[1.070s] -- Detecting CXX compiler ABI info - done
[1.105s] -- Check for working CXX compiler: /usr/bin/c++ - skipped
[1.105s] -- Detecting CXX compile features
[1.107s] -- Detecting CXX compile features - done
[1.114s] -- Found moveit_common: 2.5.5 (/home/stephenq0503/Desktop/robot_arm_sim/install/moveit_common/share/moveit_common/cmake)
[1.121s] -- Found ament_cmake: 1.3.7 (/opt/ros/humble/share/ament_cmake/cmake)
[1.657s] -- Found Python3: /usr/bin/python3.10 (found version "3.10.12") found components: Interpreter 
[1.990s] -- Found libdw: /usr/lib/x86_64-linux-gnu/libdw.so  
[2.000s] -- Could NOT find libbfd (missing: LIBBFD_LIBRARY LIBBFD_INCLUDE_DIR) 
[2.001s] -- BACKWARD_HAS_UNWIND=1
[2.002s] -- BACKWARD_HAS_BACKTRACE=0
[2.003s] -- BACKWARD_HAS_BACKTRACE_SYMBOL=0
[2.005s] -- BACKWARD_HAS_DW=1
[2.006s] -- BACKWARD_HAS_BFD=0
[2.008s] -- Found Backward: /opt/ros/humble/share/backward_ros/cmake  
[2.009s] [0mmoveit_planners_ompl: You did not request a specific build type: Choosing 'Release' for maximum performance[0m
[2.453s] -- Found Boost: /usr/lib/x86_64-linux-gnu/cmake/Boost-1.74.0/BoostConfig.cmake (found version "1.74.0") found components: system filesystem date_time thread serialization 
[2.457s] -- Found moveit_core: 2.5.5 (/home/stephenq0503/Desktop/robot_arm_sim/install/moveit_core/share/moveit_core/cmake)
[2.493s] -- Found Boost: /usr/lib/x86_64-linux-gnu/cmake/Boost-1.74.0/BoostConfig.cmake (found version "1.74.0") found components: chrono date_time filesystem iostreams program_options regex serialization system thread 
[2.610s] -- Found parameter_traits: 0.3.7 (/opt/ros/humble/share/parameter_traits/cmake)
[2.729s] -- Found rosidl_generator_c: 3.1.5 (/opt/ros/humble/share/rosidl_generator_c/cmake)
[2.744s] -- Found rosidl_adapter: 3.1.5 (/opt/ros/humble/share/rosidl_adapter/cmake)
[2.774s] -- Found rosidl_generator_cpp: 3.1.5 (/opt/ros/humble/share/rosidl_generator_cpp/cmake)
[2.811s] -- Using all available rosidl_typesupport_c: rosidl_typesupport_fastrtps_c;rosidl_typesupport_introspection_c
[2.864s] -- Using all available rosidl_typesupport_cpp: rosidl_typesupport_fastrtps_cpp;rosidl_typesupport_introspection_cpp
[3.066s] -- Found rmw_implementation_cmake: 6.1.1 (/opt/ros/humble/share/rmw_implementation_cmake/cmake)
[3.077s] -- Found rmw_fastrtps_cpp: 6.2.6 (/opt/ros/humble/share/rmw_fastrtps_cpp/cmake)
[3.354s] -- Found OpenSSL: /usr/lib/x86_64-linux-gnu/libcrypto.so (found version "3.0.2")  
[3.415s] -- Found FastRTPS: /opt/ros/humble/include  
[3.515s] -- Using RMW implementation 'rmw_fastrtps_cpp' as default
[3.544s] -- Found Threads: TRUE  
[4.034s] -- Found Eigen3: TRUE (found version "3.4.0") 
[4.043s] -- Found rclcpp_lifecycle: 16.0.8 (/opt/ros/humble/share/rclcpp_lifecycle/cmake)
[4.170s] -- Found Boost: /usr/lib/x86_64-linux-gnu/cmake/Boost-1.74.0/BoostConfig.cmake (found version "1.74.0") found components: filesystem 
[4.533s] -- library: /usr/lib/x86_64-linux-gnu/libcurl.so
[5.358s] -- Ensuring Eigen3 include directory is part of orocos-kdl CMake target
[8.163s] -- Found moveit_ros_planning: 2.5.5 (/home/stephenq0503/Desktop/robot_arm_sim/install/moveit_ros_planning/share/moveit_ros_planning/cmake)
[8.169s] -- Found Boost: /usr/lib/x86_64-linux-gnu/cmake/Boost-1.74.0/BoostConfig.cmake (found version "1.74.0") found components: system filesystem date_time program_options thread chrono 
[8.892s] -- Found ompl: /opt/ros/humble/include/ompl-1.6;/usr/include;/usr/include/eigen3  
[9.617s] -- Found OpenMP_C: -fopenmp (found version "4.5") 
[9.908s] -- Found OpenMP_CXX: -fopenmp (found version "4.5") 
[9.909s] -- Found OpenMP: TRUE (found version "4.5")  
[9.987s] -- Found ament_cmake_gtest: 1.3.7 (/opt/ros/humble/share/ament_cmake_gtest/cmake)
[9.998s] -- Found gtest sources under '/opt/ros/humble/src/gtest_vendor': C++ tests using 'Google Test' will be built
[10.222s] -- Found ament_lint_auto: 0.12.10 (/opt/ros/humble/share/ament_lint_auto/cmake)
[10.364s] -- Added test 'cppcheck' to perform static code analysis on C / C++ code
[10.369s] -- Configured cppcheck include dirs: /home/stephenq0503/Desktop/robot_arm_sim/src/moveit2/moveit_planners/ompl/ompl_interface/include
[10.373s] -- Configured cppcheck exclude dirs and/or files: 
[10.393s] -- Added test 'lint_cmake' to check CMake code style
[10.400s] -- Added test 'xmllint' to check XML markup files
[10.406s] -- Configuring done
[11.403s] -- Generating done
[11.413s] -- Build files have been written to: /home/stephenq0503/Desktop/robot_arm_sim/build/moveit_planners_ompl
[11.490s] Invoked command in '/home/stephenq0503/Desktop/robot_arm_sim/build/moveit_planners_ompl' returned '0': AMENT_PREFIX_PATH=/home/stephenq0503/Desktop/robot_arm_sim/install/moveit_ros_planning:/home/stephenq0503/Desktop/robot_arm_sim/install/moveit_ros_occupancy_map_monitor:/home/stephenq0503/Desktop/robot_arm_sim/install/moveit_core:/home/stephenq0503/Desktop/robot_arm_sim/install/moveit_resources_panda_moveit_config:/home/stephenq0503/Desktop/robot_arm_sim/install/moveit_resources_fanuc_moveit_config:/home/stephenq0503/Desktop/robot_arm_sim/install/srdfdom:/home/stephenq0503/Desktop/robot_arm_sim/install/moveit_resources_pr2_description:/home/stephenq0503/Desktop/robot_arm_sim/install/moveit_resources_panda_description:/home/stephenq0503/Desktop/robot_arm_sim/install/moveit_resources_fanuc_description:/home/stephenq0503/Desktop/robot_arm_sim/install/moveit_common:${AMENT_PREFIX_PATH} CMAKE_PREFIX_PATH=/home/stephenq0503/Desktop/robot_arm_sim/install/moveit_ros_planning:/home/stephenq0503/Desktop/robot_arm_sim/install/moveit_ros_occupancy_map_monitor:/home/stephenq0503/Desktop/robot_arm_sim/install/moveit_core:/home/stephenq0503/Desktop/robot_arm_sim/install/moveit_resources_panda_moveit_config:/home/stephenq0503/Desktop/robot_arm_sim/install/moveit_resources_fanuc_moveit_config:/home/stephenq0503/Desktop/robot_arm_sim/install/srdfdom:/home/stephenq0503/Desktop/robot_arm_sim/install/moveit_resources_pr2_description:/home/stephenq0503/Desktop/robot_arm_sim/install/moveit_resources_panda_description:/home/stephenq0503/Desktop/robot_arm_sim/install/moveit_resources_fanuc_description:/home/stephenq0503/Desktop/robot_arm_sim/install/moveit_common:/home/stephenq0503/Desktop/robot_arm_sim/install/six_dof_arm:/home/stephenq0503/Desktop/robot_arm_sim/install/gazebo_ros2_control:/opt/ros/humble LD_LIBRARY_PATH=/home/stephenq0503/Desktop/robot_arm_sim/install/moveit_ros_planning/lib:/home/stephenq0503/Desktop/robot_arm_sim/install/moveit_ros_occupancy_map_monitor/lib:/home/stephenq0503/Desktop/robot_arm_sim/install/moveit_core/lib:/home/stephenq0503/Desktop/robot_arm_sim/install/srdfdom/lib:${LD_LIBRARY_PATH} PATH=/home/stephenq0503/Desktop/robot_arm_sim/install/moveit_core/bin:${PATH} PYTHONPATH=/home/stephenq0503/Desktop/robot_arm_sim/install/srdfdom/local/lib/python3.10/dist-packages:${PYTHONPATH} /usr/bin/cmake /home/stephenq0503/Desktop/robot_arm_sim/src/moveit2/moveit_planners/ompl -DCMAKE_INSTALL_PREFIX=/home/stephenq0503/Desktop/robot_arm_sim/install/moveit_planners_ompl
[11.491s] Invoking command in '/home/stephenq0503/Desktop/robot_arm_sim/build/moveit_planners_ompl': AMENT_PREFIX_PATH=/home/stephenq0503/Desktop/robot_arm_sim/install/moveit_ros_planning:/home/stephenq0503/Desktop/robot_arm_sim/install/moveit_ros_occupancy_map_monitor:/home/stephenq0503/Desktop/robot_arm_sim/install/moveit_core:/home/stephenq0503/Desktop/robot_arm_sim/install/moveit_resources_panda_moveit_config:/home/stephenq0503/Desktop/robot_arm_sim/install/moveit_resources_fanuc_moveit_config:/home/stephenq0503/Desktop/robot_arm_sim/install/srdfdom:/home/stephenq0503/Desktop/robot_arm_sim/install/moveit_resources_pr2_description:/home/stephenq0503/Desktop/robot_arm_sim/install/moveit_resources_panda_description:/home/stephenq0503/Desktop/robot_arm_sim/install/moveit_resources_fanuc_description:/home/stephenq0503/Desktop/robot_arm_sim/install/moveit_common:${AMENT_PREFIX_PATH} CMAKE_PREFIX_PATH=/home/stephenq0503/Desktop/robot_arm_sim/install/moveit_ros_planning:/home/stephenq0503/Desktop/robot_arm_sim/install/moveit_ros_occupancy_map_monitor:/home/stephenq0503/Desktop/robot_arm_sim/install/moveit_core:/home/stephenq0503/Desktop/robot_arm_sim/install/moveit_resources_panda_moveit_config:/home/stephenq0503/Desktop/robot_arm_sim/install/moveit_resources_fanuc_moveit_config:/home/stephenq0503/Desktop/robot_arm_sim/install/srdfdom:/home/stephenq0503/Desktop/robot_arm_sim/install/moveit_resources_pr2_description:/home/stephenq0503/Desktop/robot_arm_sim/install/moveit_resources_panda_description:/home/stephenq0503/Desktop/robot_arm_sim/install/moveit_resources_fanuc_description:/home/stephenq0503/Desktop/robot_arm_sim/install/moveit_common:/home/stephenq0503/Desktop/robot_arm_sim/install/six_dof_arm:/home/stephenq0503/Desktop/robot_arm_sim/install/gazebo_ros2_control:/opt/ros/humble LD_LIBRARY_PATH=/home/stephenq0503/Desktop/robot_arm_sim/install/moveit_ros_planning/lib:/home/stephenq0503/Desktop/robot_arm_sim/install/moveit_ros_occupancy_map_monitor/lib:/home/stephenq0503/Desktop/robot_arm_sim/install/moveit_core/lib:/home/stephenq0503/Desktop/robot_arm_sim/install/srdfdom/lib:${LD_LIBRARY_PATH} PATH=/home/stephenq0503/Desktop/robot_arm_sim/install/moveit_core/bin:${PATH} PYTHONPATH=/home/stephenq0503/Desktop/robot_arm_sim/install/srdfdom/local/lib/python3.10/dist-packages:${PYTHONPATH} /usr/bin/cmake --build /home/stephenq0503/Desktop/robot_arm_sim/build/moveit_planners_ompl -- -j8 -l8
[11.915s] [  2%] [32mBuilding CXX object gtest/CMakeFiles/gtest_main.dir/src/gtest_main.cc.o[0m
[12.052s] [  4%] [32mBuilding CXX object ompl_interface/CMakeFiles/moveit_ompl_interface.dir/src/ompl_interface.cpp.o[0m
[12.110s] [  7%] [32mBuilding CXX object ompl_interface/CMakeFiles/moveit_ompl_interface.dir/src/model_based_planning_context.cpp.o[0m
[12.111s] [  9%] [32mBuilding CXX object ompl_interface/CMakeFiles/moveit_ompl_interface.dir/src/parameterization/model_based_state_space_factory.cpp.o[0m
[12.113s] [ 12%] [32mBuilding CXX object gtest/CMakeFiles/gtest.dir/src/gtest-all.cc.o[0m
[12.114s] [ 14%] [32mBuilding CXX object ompl_interface/CMakeFiles/moveit_ompl_interface.dir/src/planning_context_manager.cpp.o[0m
[12.152s] [ 17%] [32mBuilding CXX object ompl_interface/CMakeFiles/moveit_ompl_interface.dir/src/parameterization/model_based_state_space.cpp.o[0m
[12.165s] [ 19%] [32mBuilding CXX object ompl_interface/CMakeFiles/moveit_ompl_interface.dir/src/parameterization/joint_space/constrained_planning_state_space.cpp.o[0m
[26.817s] [ 21%] [32m[1mLinking CXX static library libgtest_main.a[0m
[26.941s] [ 21%] Built target gtest_main
[74.057s] [ 24%] [32m[1mLinking CXX static library libgtest.a[0m
[74.600s] [ 24%] Built target gtest
[127.618s] [ 26%] [32mBuilding CXX object ompl_interface/CMakeFiles/moveit_ompl_interface.dir/src/detail/threadsafe_state_storage.cpp.o[0m
[138.003s] [ 29%] [32mBuilding CXX object ompl_interface/CMakeFiles/moveit_ompl_interface.dir/src/detail/state_validity_checker.cpp.o[0m
[156.776s] [ 31%] [32mBuilding CXX object ompl_interface/CMakeFiles/moveit_ompl_interface.dir/src/detail/projection_evaluators.cpp.o[0m
[175.526s] [ 34%] [32mBuilding CXX object ompl_interface/CMakeFiles/moveit_ompl_interface.dir/src/detail/goal_union.cpp.o[0m
[178.573s] [ 36%] [32mBuilding CXX object ompl_interface/CMakeFiles/moveit_ompl_interface.dir/src/detail/constraints_library.cpp.o[0m
[203.003s] [ 39%] [32mBuilding CXX object ompl_interface/CMakeFiles/moveit_ompl_interface.dir/src/detail/constrained_sampler.cpp.o[0m
[216.473s] [ 41%] [32mBuilding CXX object ompl_interface/CMakeFiles/moveit_ompl_interface.dir/src/detail/constrained_valid_state_sampler.cpp.o[0m
[228.765s] [ 43%] [32mBuilding CXX object ompl_interface/CMakeFiles/moveit_ompl_interface.dir/src/detail/constrained_goal_sampler.cpp.o[0m
[240.957s] [ 46%] [32mBuilding CXX object ompl_interface/CMakeFiles/moveit_ompl_interface.dir/src/detail/ompl_constraints.cpp.o[0m
[256.247s] [ 48%] [32mBuilding CXX object ompl_interface/CMakeFiles/moveit_ompl_interface.dir/src/parameterization/joint_space/joint_model_state_space.cpp.o[0m
[256.249s] [ 53%] [32mBuilding CXX object ompl_interface/CMakeFiles/moveit_ompl_interface.dir/src/parameterization/joint_space/joint_model_state_space_factory.cpp.o[0m
[256.249s] [ 58%] [32mBuilding CXX object ompl_interface/CMakeFiles/moveit_ompl_interface.dir/src/parameterization/joint_space/constrained_planning_state_space_factory.cpp.o[0m
[256.249s] [ 53%] [32mBuilding CXX object ompl_interface/CMakeFiles/moveit_ompl_interface.dir/src/parameterization/work_space/pose_model_state_space.cpp.o[0m
[256.250s] [ 58%] [32mBuilding CXX object ompl_interface/CMakeFiles/moveit_ompl_interface.dir/src/parameterization/work_space/pose_model_state_space_factory.cpp.o[0m
[289.676s] [ 60%] [32m[1mLinking CXX shared library libmoveit_ompl_interface.so[0m
[291.442s] [ 60%] Built target moveit_ompl_interface
[291.616s] [ 63%] [32mBuilding CXX object ompl_interface/CMakeFiles/moveit_generate_state_database.dir/scripts/generate_state_database.cpp.o[0m
[315.399s] [ 65%] [32m[1mLinking CXX executable generate_state_database[0m
[316.056s] [ 65%] Built target moveit_generate_state_database
[316.145s] [ 68%] [32mBuilding CXX object ompl_interface/CMakeFiles/test_threadsafe_state_storage.dir/test/test_threadsafe_state_storage.cpp.o[0m
[323.188s] [ 70%] [32m[1mLinking CXX executable test_threadsafe_state_storage[0m
[323.805s] [ 70%] Built target test_threadsafe_state_storage
[323.891s] [ 73%] [32mBuilding CXX object ompl_interface/CMakeFiles/test_constrained_state_validity_checker.dir/test/test_constrained_state_validity_checker.cpp.o[0m
[337.636s] [ 75%] [32m[1mLinking CXX executable test_constrained_state_validity_checker[0m
[338.455s] [ 75%] Built target test_constrained_state_validity_checker
[338.514s] [ 78%] [32mBuilding CXX object ompl_interface/CMakeFiles/test_state_validity_checker.dir/test/test_state_validity_checker.cpp.o[0m
[338.514s] [ 80%] [32mBuilding CXX object ompl_interface/CMakeFiles/test_planning_context_manager.dir/test/test_planning_context_manager.cpp.o[0m
[338.514s] [ 82%] [32mBuilding CXX object ompl_interface/CMakeFiles/moveit_ompl_planner_plugin.dir/src/ompl_planner_manager.cpp.o[0m
[338.515s] [ 85%] [32mBuilding CXX object ompl_interface/CMakeFiles/test_state_space.dir/test/test_state_space.cpp.o[0m
[338.515s] [ 87%] [32mBuilding CXX object ompl_interface/CMakeFiles/test_constrained_planning_state_space.dir/test/test_constrained_planning_state_space.cpp.o[0m
[359.825s] [ 90%] [32m[1mLinking CXX executable test_state_space[0m
[361.442s] [ 90%] Built target test_state_space
[361.710s] [ 92%] [32m[1mLinking CXX shared library libmoveit_ompl_planner_plugin.so[0m
[362.638s] [ 92%] Built target moveit_ompl_planner_plugin
[362.824s] [ 95%] [32m[1mLinking CXX executable test_constrained_planning_state_space[0m
[363.804s] [ 95%] Built target test_constrained_planning_state_space
[363.938s] [ 97%] [32m[1mLinking CXX executable test_state_validity_checker[0m
[364.816s] [ 97%] Built target test_state_validity_checker
[366.383s] [100%] [32m[1mLinking CXX executable test_planning_context_manager[0m
[366.972s] [100%] Built target test_planning_context_manager
[366.990s] Invoked command in '/home/stephenq0503/Desktop/robot_arm_sim/build/moveit_planners_ompl' returned '0': AMENT_PREFIX_PATH=/home/stephenq0503/Desktop/robot_arm_sim/install/moveit_ros_planning:/home/stephenq0503/Desktop/robot_arm_sim/install/moveit_ros_occupancy_map_monitor:/home/stephenq0503/Desktop/robot_arm_sim/install/moveit_core:/home/stephenq0503/Desktop/robot_arm_sim/install/moveit_resources_panda_moveit_config:/home/stephenq0503/Desktop/robot_arm_sim/install/moveit_resources_fanuc_moveit_config:/home/stephenq0503/Desktop/robot_arm_sim/install/srdfdom:/home/stephenq0503/Desktop/robot_arm_sim/install/moveit_resources_pr2_description:/home/stephenq0503/Desktop/robot_arm_sim/install/moveit_resources_panda_description:/home/stephenq0503/Desktop/robot_arm_sim/install/moveit_resources_fanuc_description:/home/stephenq0503/Desktop/robot_arm_sim/install/moveit_common:${AMENT_PREFIX_PATH} CMAKE_PREFIX_PATH=/home/stephenq0503/Desktop/robot_arm_sim/install/moveit_ros_planning:/home/stephenq0503/Desktop/robot_arm_sim/install/moveit_ros_occupancy_map_monitor:/home/stephenq0503/Desktop/robot_arm_sim/install/moveit_core:/home/stephenq0503/Desktop/robot_arm_sim/install/moveit_resources_panda_moveit_config:/home/stephenq0503/Desktop/robot_arm_sim/install/moveit_resources_fanuc_moveit_config:/home/stephenq0503/Desktop/robot_arm_sim/install/srdfdom:/home/stephenq0503/Desktop/robot_arm_sim/install/moveit_resources_pr2_description:/home/stephenq0503/Desktop/robot_arm_sim/install/moveit_resources_panda_description:/home/stephenq0503/Desktop/robot_arm_sim/install/moveit_resources_fanuc_description:/home/stephenq0503/Desktop/robot_arm_sim/install/moveit_common:/home/stephenq0503/Desktop/robot_arm_sim/install/six_dof_arm:/home/stephenq0503/Desktop/robot_arm_sim/install/gazebo_ros2_control:/opt/ros/humble LD_LIBRARY_PATH=/home/stephenq0503/Desktop/robot_arm_sim/install/moveit_ros_planning/lib:/home/stephenq0503/Desktop/robot_arm_sim/install/moveit_ros_occupancy_map_monitor/lib:/home/stephenq0503/Desktop/robot_arm_sim/install/moveit_core/lib:/home/stephenq0503/Desktop/robot_arm_sim/install/srdfdom/lib:${LD_LIBRARY_PATH} PATH=/home/stephenq0503/Desktop/robot_arm_sim/install/moveit_core/bin:${PATH} PYTHONPATH=/home/stephenq0503/Desktop/robot_arm_sim/install/srdfdom/local/lib/python3.10/dist-packages:${PYTHONPATH} /usr/bin/cmake --build /home/stephenq0503/Desktop/robot_arm_sim/build/moveit_planners_ompl -- -j8 -l8
[367.030s] Invoking command in '/home/stephenq0503/Desktop/robot_arm_sim/build/moveit_planners_ompl': AMENT_PREFIX_PATH=/home/stephenq0503/Desktop/robot_arm_sim/install/moveit_ros_planning:/home/stephenq0503/Desktop/robot_arm_sim/install/moveit_ros_occupancy_map_monitor:/home/stephenq0503/Desktop/robot_arm_sim/install/moveit_core:/home/stephenq0503/Desktop/robot_arm_sim/install/moveit_resources_panda_moveit_config:/home/stephenq0503/Desktop/robot_arm_sim/install/moveit_resources_fanuc_moveit_config:/home/stephenq0503/Desktop/robot_arm_sim/install/srdfdom:/home/stephenq0503/Desktop/robot_arm_sim/install/moveit_resources_pr2_description:/home/stephenq0503/Desktop/robot_arm_sim/install/moveit_resources_panda_description:/home/stephenq0503/Desktop/robot_arm_sim/install/moveit_resources_fanuc_description:/home/stephenq0503/Desktop/robot_arm_sim/install/moveit_common:${AMENT_PREFIX_PATH} CMAKE_PREFIX_PATH=/home/stephenq0503/Desktop/robot_arm_sim/install/moveit_ros_planning:/home/stephenq0503/Desktop/robot_arm_sim/install/moveit_ros_occupancy_map_monitor:/home/stephenq0503/Desktop/robot_arm_sim/install/moveit_core:/home/stephenq0503/Desktop/robot_arm_sim/install/moveit_resources_panda_moveit_config:/home/stephenq0503/Desktop/robot_arm_sim/install/moveit_resources_fanuc_moveit_config:/home/stephenq0503/Desktop/robot_arm_sim/install/srdfdom:/home/stephenq0503/Desktop/robot_arm_sim/install/moveit_resources_pr2_description:/home/stephenq0503/Desktop/robot_arm_sim/install/moveit_resources_panda_description:/home/stephenq0503/Desktop/robot_arm_sim/install/moveit_resources_fanuc_description:/home/stephenq0503/Desktop/robot_arm_sim/install/moveit_common:/home/stephenq0503/Desktop/robot_arm_sim/install/six_dof_arm:/home/stephenq0503/Desktop/robot_arm_sim/install/gazebo_ros2_control:/opt/ros/humble LD_LIBRARY_PATH=/home/stephenq0503/Desktop/robot_arm_sim/install/moveit_ros_planning/lib:/home/stephenq0503/Desktop/robot_arm_sim/install/moveit_ros_occupancy_map_monitor/lib:/home/stephenq0503/Desktop/robot_arm_sim/install/moveit_core/lib:/home/stephenq0503/Desktop/robot_arm_sim/install/srdfdom/lib:${LD_LIBRARY_PATH} PATH=/home/stephenq0503/Desktop/robot_arm_sim/install/moveit_core/bin:${PATH} PYTHONPATH=/home/stephenq0503/Desktop/robot_arm_sim/install/srdfdom/local/lib/python3.10/dist-packages:${PYTHONPATH} /usr/bin/cmake --install /home/stephenq0503/Desktop/robot_arm_sim/build/moveit_planners_ompl
[367.041s] -- Install configuration: "Release"
[367.041s] -- Installing: /home/stephenq0503/Desktop/robot_arm_sim/install/moveit_planners_ompl/lib/moveit_planners_ompl/generate_state_database
[367.043s] -- Set runtime path of "/home/stephenq0503/Desktop/robot_arm_sim/install/moveit_planners_ompl/lib/moveit_planners_ompl/generate_state_database" to ""
[367.043s] -- Installing: /home/stephenq0503/Desktop/robot_arm_sim/install/moveit_planners_ompl/include
[367.043s] -- Installing: /home/stephenq0503/Desktop/robot_arm_sim/install/moveit_planners_ompl/include/moveit
[367.043s] -- Installing: /home/stephenq0503/Desktop/robot_arm_sim/install/moveit_planners_ompl/include/moveit/ompl_interface
[367.043s] -- Installing: /home/stephenq0503/Desktop/robot_arm_sim/install/moveit_planners_ompl/include/moveit/ompl_interface/model_based_planning_context.h
[367.044s] -- Installing: /home/stephenq0503/Desktop/robot_arm_sim/install/moveit_planners_ompl/include/moveit/ompl_interface/parameterization
[367.044s] -- Installing: /home/stephenq0503/Desktop/robot_arm_sim/install/moveit_planners_ompl/include/moveit/ompl_interface/parameterization/work_space
[367.044s] -- Installing: /home/stephenq0503/Desktop/robot_arm_sim/install/moveit_planners_ompl/include/moveit/ompl_interface/parameterization/work_space/pose_model_state_space_factory.h
[367.044s] -- Installing: /home/stephenq0503/Desktop/robot_arm_sim/install/moveit_planners_ompl/include/moveit/ompl_interface/parameterization/work_space/pose_model_state_space.h
[367.044s] -- Installing: /home/stephenq0503/Desktop/robot_arm_sim/install/moveit_planners_ompl/include/moveit/ompl_interface/parameterization/joint_space
[367.045s] -- Installing: /home/stephenq0503/Desktop/robot_arm_sim/install/moveit_planners_ompl/include/moveit/ompl_interface/parameterization/joint_space/joint_model_state_space_factory.h
[367.045s] -- Installing: /home/stephenq0503/Desktop/robot_arm_sim/install/moveit_planners_ompl/include/moveit/ompl_interface/parameterization/joint_space/constrained_planning_state_space.h
[367.045s] -- Installing: /home/stephenq0503/Desktop/robot_arm_sim/install/moveit_planners_ompl/include/moveit/ompl_interface/parameterization/joint_space/constrained_planning_state_space_factory.h
[367.045s] -- Installing: /home/stephenq0503/Desktop/robot_arm_sim/install/moveit_planners_ompl/include/moveit/ompl_interface/parameterization/joint_space/joint_model_state_space.h
[367.046s] -- Installing: /home/stephenq0503/Desktop/robot_arm_sim/install/moveit_planners_ompl/include/moveit/ompl_interface/parameterization/model_based_state_space.h
[367.046s] -- Installing: /home/stephenq0503/Desktop/robot_arm_sim/install/moveit_planners_ompl/include/moveit/ompl_interface/parameterization/model_based_state_space_factory.h
[367.046s] -- Installing: /home/stephenq0503/Desktop/robot_arm_sim/install/moveit_planners_ompl/include/moveit/ompl_interface/planning_context_manager.h
[367.046s] -- Installing: /home/stephenq0503/Desktop/robot_arm_sim/install/moveit_planners_ompl/include/moveit/ompl_interface/ompl_interface.h
[367.046s] -- Installing: /home/stephenq0503/Desktop/robot_arm_sim/install/moveit_planners_ompl/include/moveit/ompl_interface/detail
[367.046s] -- Installing: /home/stephenq0503/Desktop/robot_arm_sim/install/moveit_planners_ompl/include/moveit/ompl_interface/detail/goal_union.h
[367.047s] -- Installing: /home/stephenq0503/Desktop/robot_arm_sim/install/moveit_planners_ompl/include/moveit/ompl_interface/detail/ompl_constraints.h
[367.047s] -- Installing: /home/stephenq0503/Desktop/robot_arm_sim/install/moveit_planners_ompl/include/moveit/ompl_interface/detail/constraint_approximations.h
[367.047s] -- Installing: /home/stephenq0503/Desktop/robot_arm_sim/install/moveit_planners_ompl/include/moveit/ompl_interface/detail/state_validity_checker.h
[367.047s] -- Installing: /home/stephenq0503/Desktop/robot_arm_sim/install/moveit_planners_ompl/include/moveit/ompl_interface/detail/constrained_valid_state_sampler.h
[367.047s] -- Installing: /home/stephenq0503/Desktop/robot_arm_sim/install/moveit_planners_ompl/include/moveit/ompl_interface/detail/constraints_library.h
[367.047s] -- Installing: /home/stephenq0503/Desktop/robot_arm_sim/install/moveit_planners_ompl/include/moveit/ompl_interface/detail/threadsafe_state_storage.h
[367.048s] -- Installing: /home/stephenq0503/Desktop/robot_arm_sim/install/moveit_planners_ompl/include/moveit/ompl_interface/detail/projection_evaluators.h
[367.048s] -- Installing: /home/stephenq0503/Desktop/robot_arm_sim/install/moveit_planners_ompl/include/moveit/ompl_interface/detail/constrained_sampler.h
[367.048s] -- Installing: /home/stephenq0503/Desktop/robot_arm_sim/install/moveit_planners_ompl/include/moveit/ompl_interface/detail/constrained_goal_sampler.h
[367.048s] -- Installing: /home/stephenq0503/Desktop/robot_arm_sim/install/moveit_planners_ompl/lib/libmoveit_ompl_interface.so.2.5.5
[367.052s] -- Set runtime path of "/home/stephenq0503/Desktop/robot_arm_sim/install/moveit_planners_ompl/lib/libmoveit_ompl_interface.so.2.5.5" to ""
[367.052s] -- Installing: /home/stephenq0503/Desktop/robot_arm_sim/install/moveit_planners_ompl/lib/libmoveit_ompl_interface.so
[367.052s] -- Installing: /home/stephenq0503/Desktop/robot_arm_sim/install/moveit_planners_ompl/lib/libmoveit_ompl_planner_plugin.so.2.5.5
[367.053s] -- Set runtime path of "/home/stephenq0503/Desktop/robot_arm_sim/install/moveit_planners_ompl/lib/libmoveit_ompl_planner_plugin.so.2.5.5" to ""
[367.053s] -- Installing: /home/stephenq0503/Desktop/robot_arm_sim/install/moveit_planners_ompl/lib/libmoveit_ompl_planner_plugin.so
[367.053s] -- Installing: /home/stephenq0503/Desktop/robot_arm_sim/install/moveit_planners_ompl/share/moveit_planners_ompl/environment/library_path.sh
[367.053s] -- Installing: /home/stephenq0503/Desktop/robot_arm_sim/install/moveit_planners_ompl/share/moveit_planners_ompl/environment/library_path.dsv
[367.054s] -- Installing: /home/stephenq0503/Desktop/robot_arm_sim/install/moveit_planners_ompl/share/moveit_planners_ompl/ompl_interface_plugin_description.xml
[367.055s] -- Installing: /home/stephenq0503/Desktop/robot_arm_sim/install/moveit_planners_ompl/share/ament_index/resource_index/package_run_dependencies/moveit_planners_ompl
[367.055s] -- Installing: /home/stephenq0503/Desktop/robot_arm_sim/install/moveit_planners_ompl/share/ament_index/resource_index/parent_prefix_path/moveit_planners_ompl
[367.055s] -- Installing: /home/stephenq0503/Desktop/robot_arm_sim/install/moveit_planners_ompl/share/moveit_planners_ompl/environment/ament_prefix_path.sh
[367.056s] -- Installing: /home/stephenq0503/Desktop/robot_arm_sim/install/moveit_planners_ompl/share/moveit_planners_ompl/environment/ament_prefix_path.dsv
[367.056s] -- Installing: /home/stephenq0503/Desktop/robot_arm_sim/install/moveit_planners_ompl/share/moveit_planners_ompl/environment/path.sh
[367.056s] -- Installing: /home/stephenq0503/Desktop/robot_arm_sim/install/moveit_planners_ompl/share/moveit_planners_ompl/environment/path.dsv
[367.056s] -- Installing: /home/stephenq0503/Desktop/robot_arm_sim/install/moveit_planners_ompl/share/moveit_planners_ompl/local_setup.bash
[367.057s] -- Installing: /home/stephenq0503/Desktop/robot_arm_sim/install/moveit_planners_ompl/share/moveit_planners_ompl/local_setup.sh
[367.057s] -- Installing: /home/stephenq0503/Desktop/robot_arm_sim/install/moveit_planners_ompl/share/moveit_planners_ompl/local_setup.zsh
[367.057s] -- Installing: /home/stephenq0503/Desktop/robot_arm_sim/install/moveit_planners_ompl/share/moveit_planners_ompl/local_setup.dsv
[367.058s] -- Installing: /home/stephenq0503/Desktop/robot_arm_sim/install/moveit_planners_ompl/share/moveit_planners_ompl/package.dsv
[367.058s] -- Installing: /home/stephenq0503/Desktop/robot_arm_sim/install/moveit_planners_ompl/share/ament_index/resource_index/packages/moveit_planners_ompl
[367.059s] -- Installing: /home/stephenq0503/Desktop/robot_arm_sim/install/moveit_planners_ompl/share/ament_index/resource_index/moveit_core__pluginlib__plugin/moveit_planners_ompl
[367.060s] -- Installing: /home/stephenq0503/Desktop/robot_arm_sim/install/moveit_planners_ompl/share/moveit_planners_ompl/cmake/export_moveit_planners_omplExport.cmake
[367.060s] -- Installing: /home/stephenq0503/Desktop/robot_arm_sim/install/moveit_planners_ompl/share/moveit_planners_ompl/cmake/export_moveit_planners_omplExport-release.cmake
[367.060s] -- Installing: /home/stephenq0503/Desktop/robot_arm_sim/install/moveit_planners_ompl/share/moveit_planners_ompl/cmake/ament_cmake_export_targets-extras.cmake
[367.061s] -- Installing: /home/stephenq0503/Desktop/robot_arm_sim/install/moveit_planners_ompl/share/moveit_planners_ompl/cmake/ament_cmake_export_dependencies-extras.cmake
[367.061s] -- Installing: /home/stephenq0503/Desktop/robot_arm_sim/install/moveit_planners_ompl/share/moveit_planners_ompl/cmake/moveit_planners_omplConfig.cmake
[367.061s] -- Installing: /home/stephenq0503/Desktop/robot_arm_sim/install/moveit_planners_ompl/share/moveit_planners_ompl/cmake/moveit_planners_omplConfig-version.cmake
[367.062s] -- Installing: /home/stephenq0503/Desktop/robot_arm_sim/install/moveit_planners_ompl/share/moveit_planners_ompl/package.xml
[367.064s] Invoked command in '/home/stephenq0503/Desktop/robot_arm_sim/build/moveit_planners_ompl' returned '0': AMENT_PREFIX_PATH=/home/stephenq0503/Desktop/robot_arm_sim/install/moveit_ros_planning:/home/stephenq0503/Desktop/robot_arm_sim/install/moveit_ros_occupancy_map_monitor:/home/stephenq0503/Desktop/robot_arm_sim/install/moveit_core:/home/stephenq0503/Desktop/robot_arm_sim/install/moveit_resources_panda_moveit_config:/home/stephenq0503/Desktop/robot_arm_sim/install/moveit_resources_fanuc_moveit_config:/home/stephenq0503/Desktop/robot_arm_sim/install/srdfdom:/home/stephenq0503/Desktop/robot_arm_sim/install/moveit_resources_pr2_description:/home/stephenq0503/Desktop/robot_arm_sim/install/moveit_resources_panda_description:/home/stephenq0503/Desktop/robot_arm_sim/install/moveit_resources_fanuc_description:/home/stephenq0503/Desktop/robot_arm_sim/install/moveit_common:${AMENT_PREFIX_PATH} CMAKE_PREFIX_PATH=/home/stephenq0503/Desktop/robot_arm_sim/install/moveit_ros_planning:/home/stephenq0503/Desktop/robot_arm_sim/install/moveit_ros_occupancy_map_monitor:/home/stephenq0503/Desktop/robot_arm_sim/install/moveit_core:/home/stephenq0503/Desktop/robot_arm_sim/install/moveit_resources_panda_moveit_config:/home/stephenq0503/Desktop/robot_arm_sim/install/moveit_resources_fanuc_moveit_config:/home/stephenq0503/Desktop/robot_arm_sim/install/srdfdom:/home/stephenq0503/Desktop/robot_arm_sim/install/moveit_resources_pr2_description:/home/stephenq0503/Desktop/robot_arm_sim/install/moveit_resources_panda_description:/home/stephenq0503/Desktop/robot_arm_sim/install/moveit_resources_fanuc_description:/home/stephenq0503/Desktop/robot_arm_sim/install/moveit_common:/home/stephenq0503/Desktop/robot_arm_sim/install/six_dof_arm:/home/stephenq0503/Desktop/robot_arm_sim/install/gazebo_ros2_control:/opt/ros/humble LD_LIBRARY_PATH=/home/stephenq0503/Desktop/robot_arm_sim/install/moveit_ros_planning/lib:/home/stephenq0503/Desktop/robot_arm_sim/install/moveit_ros_occupancy_map_monitor/lib:/home/stephenq0503/Desktop/robot_arm_sim/install/moveit_core/lib:/home/stephenq0503/Desktop/robot_arm_sim/install/srdfdom/lib:${LD_LIBRARY_PATH} PATH=/home/stephenq0503/Desktop/robot_arm_sim/install/moveit_core/bin:${PATH} PYTHONPATH=/home/stephenq0503/Desktop/robot_arm_sim/install/srdfdom/local/lib/python3.10/dist-packages:${PYTHONPATH} /usr/bin/cmake --install /home/stephenq0503/Desktop/robot_arm_sim/build/moveit_planners_ompl
