[0.195s] Invoking command in '/home/stephenq0503/Desktop/robot_arm_sim/build/gazebo_ros2_control': CMAKE_PREFIX_PATH=${CMAKE_PREFIX_PATH}:/home/stephenq0503/Desktop/robot_arm_sim/install/my_robot_pkg:/home/stephenq0503/Desktop/robot_arm_sim/install/moveit_configs_utils:/home/stephenq0503/Desktop/robot_arm_sim/install/launch_param_builder:/opt/ros/humble /usr/bin/cmake --build /home/stephenq0503/Desktop/robot_arm_sim/build/gazebo_ros2_control -- -j8 -l8
[0.293s] [ 50%] Built target gazebo_hardware_plugins
[0.297s] [100%] Built target gazebo_ros2_control
[0.556s] Invoked command in '/home/stephenq0503/Desktop/robot_arm_sim/build/gazebo_ros2_control' returned '0': CMAKE_PREFIX_PATH=${CMAKE_PREFIX_PATH}:/home/stephenq0503/Desktop/robot_arm_sim/install/my_robot_pkg:/home/stephenq0503/Desktop/robot_arm_sim/install/moveit_configs_utils:/home/stephenq0503/Desktop/robot_arm_sim/install/launch_param_builder:/opt/ros/humble /usr/bin/cmake --build /home/stephenq0503/Desktop/robot_arm_sim/build/gazebo_ros2_control -- -j8 -l8
[0.640s] Invoking command in '/home/stephenq0503/Desktop/robot_arm_sim/build/gazebo_ros2_control': CMAKE_PREFIX_PATH=${CMAKE_PREFIX_PATH}:/home/stephenq0503/Desktop/robot_arm_sim/install/my_robot_pkg:/home/stephenq0503/Desktop/robot_arm_sim/install/moveit_configs_utils:/home/stephenq0503/Desktop/robot_arm_sim/install/launch_param_builder:/opt/ros/humble /usr/bin/cmake --install /home/stephenq0503/Desktop/robot_arm_sim/build/gazebo_ros2_control
[0.650s] -- Install configuration: ""
[0.650s] -- Up-to-date: /home/stephenq0503/Desktop/robot_arm_sim/install/gazebo_ros2_control/lib/libgazebo_ros2_control.so
[0.651s] -- Up-to-date: /home/stephenq0503/Desktop/robot_arm_sim/install/gazebo_ros2_control/lib/libgazebo_hardware_plugins.so
[0.651s] -- Up-to-date: /home/stephenq0503/Desktop/robot_arm_sim/install/gazebo_ros2_control/share/gazebo_ros2_control/environment/library_path.sh
[0.651s] -- Up-to-date: /home/stephenq0503/Desktop/robot_arm_sim/install/gazebo_ros2_control/share/gazebo_ros2_control/environment/library_path.dsv
[0.652s] -- Up-to-date: /home/stephenq0503/Desktop/robot_arm_sim/install/gazebo_ros2_control/include/gazebo_ros2_control
[0.652s] -- Up-to-date: /home/stephenq0503/Desktop/robot_arm_sim/install/gazebo_ros2_control/include/gazebo_ros2_control/gazebo_ros2_control_plugin.hpp
[0.652s] -- Up-to-date: /home/stephenq0503/Desktop/robot_arm_sim/install/gazebo_ros2_control/include/gazebo_ros2_control/gazebo_system_interface.hpp
[0.652s] -- Up-to-date: /home/stephenq0503/Desktop/robot_arm_sim/install/gazebo_ros2_control/include/gazebo_ros2_control/gazebo_system.hpp
[0.653s] -- Up-to-date: /home/stephenq0503/Desktop/robot_arm_sim/install/gazebo_ros2_control/share/gazebo_ros2_control/gazebo_hardware_plugins.xml
[0.653s] -- Up-to-date: /home/stephenq0503/Desktop/robot_arm_sim/install/gazebo_ros2_control/share/ament_index/resource_index/package_run_dependencies/gazebo_ros2_control
[0.653s] -- Up-to-date: /home/stephenq0503/Desktop/robot_arm_sim/install/gazebo_ros2_control/share/ament_index/resource_index/parent_prefix_path/gazebo_ros2_control
[0.653s] -- Up-to-date: /home/stephenq0503/Desktop/robot_arm_sim/install/gazebo_ros2_control/share/gazebo_ros2_control/environment/ament_prefix_path.sh
[0.653s] -- Up-to-date: /home/stephenq0503/Desktop/robot_arm_sim/install/gazebo_ros2_control/share/gazebo_ros2_control/environment/ament_prefix_path.dsv
[0.653s] -- Up-to-date: /home/stephenq0503/Desktop/robot_arm_sim/install/gazebo_ros2_control/share/gazebo_ros2_control/environment/path.sh
[0.654s] -- Up-to-date: /home/stephenq0503/Desktop/robot_arm_sim/install/gazebo_ros2_control/share/gazebo_ros2_control/environment/path.dsv
[0.654s] -- Up-to-date: /home/stephenq0503/Desktop/robot_arm_sim/install/gazebo_ros2_control/share/gazebo_ros2_control/local_setup.bash
[0.654s] -- Up-to-date: /home/stephenq0503/Desktop/robot_arm_sim/install/gazebo_ros2_control/share/gazebo_ros2_control/local_setup.sh
[0.654s] -- Up-to-date: /home/stephenq0503/Desktop/robot_arm_sim/install/gazebo_ros2_control/share/gazebo_ros2_control/local_setup.zsh
[0.654s] -- Up-to-date: /home/stephenq0503/Desktop/robot_arm_sim/install/gazebo_ros2_control/share/gazebo_ros2_control/local_setup.dsv
[0.654s] -- Installing: /home/stephenq0503/Desktop/robot_arm_sim/install/gazebo_ros2_control/share/gazebo_ros2_control/package.dsv
[0.655s] -- Up-to-date: /home/stephenq0503/Desktop/robot_arm_sim/install/gazebo_ros2_control/share/ament_index/resource_index/packages/gazebo_ros2_control
[0.655s] -- Up-to-date: /home/stephenq0503/Desktop/robot_arm_sim/install/gazebo_ros2_control/share/ament_index/resource_index/gazebo_ros2_control__pluginlib__plugin/gazebo_ros2_control
[0.655s] -- Up-to-date: /home/stephenq0503/Desktop/robot_arm_sim/install/gazebo_ros2_control/share/gazebo_ros2_control/cmake/ament_cmake_export_include_directories-extras.cmake
[0.656s] -- Up-to-date: /home/stephenq0503/Desktop/robot_arm_sim/install/gazebo_ros2_control/share/gazebo_ros2_control/cmake/ament_cmake_export_dependencies-extras.cmake
[0.658s] -- Up-to-date: /home/stephenq0503/Desktop/robot_arm_sim/install/gazebo_ros2_control/share/gazebo_ros2_control/cmake/ament_cmake_export_libraries-extras.cmake
[0.658s] -- Up-to-date: /home/stephenq0503/Desktop/robot_arm_sim/install/gazebo_ros2_control/share/gazebo_ros2_control/cmake/gazebo_ros2_controlConfig.cmake
[0.659s] -- Up-to-date: /home/stephenq0503/Desktop/robot_arm_sim/install/gazebo_ros2_control/share/gazebo_ros2_control/cmake/gazebo_ros2_controlConfig-version.cmake
[0.659s] -- Up-to-date: /home/stephenq0503/Desktop/robot_arm_sim/install/gazebo_ros2_control/share/gazebo_ros2_control/package.xml
[0.659s] Invoked command in '/home/stephenq0503/Desktop/robot_arm_sim/build/gazebo_ros2_control' returned '0': CMAKE_PREFIX_PATH=${CMAKE_PREFIX_PATH}:/home/stephenq0503/Desktop/robot_arm_sim/install/my_robot_pkg:/home/stephenq0503/Desktop/robot_arm_sim/install/moveit_configs_utils:/home/stephenq0503/Desktop/robot_arm_sim/install/launch_param_builder:/opt/ros/humble /usr/bin/cmake --install /home/stephenq0503/Desktop/robot_arm_sim/build/gazebo_ros2_control
