[1.680s] Invoking command in '/home/stephenq0503/Desktop/robot_arm_sim/src/my_environment_pkg': PYTHONPATH=/home/stephenq0503/Desktop/robot_arm_sim/build/my_environment_pkg/prefix_override:/home/stephenq0503/Desktop/robot_arm_sim/install/my_environment_pkg/lib/python3.10/site-packages:${PYTHONPATH} /usr/bin/python3 setup.py egg_info --egg-base ../../build/my_environment_pkg build --build-base /home/stephenq0503/Desktop/robot_arm_sim/build/my_environment_pkg/build install --record /home/stephenq0503/Desktop/robot_arm_sim/build/my_environment_pkg/install.log --single-version-externally-managed
[1.984s] running egg_info
[1.985s] writing ../../build/my_environment_pkg/my_environment_pkg.egg-info/PKG-INFO
[1.985s] writing dependency_links to ../../build/my_environment_pkg/my_environment_pkg.egg-info/dependency_links.txt
[1.986s] writing entry points to ../../build/my_environment_pkg/my_environment_pkg.egg-info/entry_points.txt
[1.986s] writing requirements to ../../build/my_environment_pkg/my_environment_pkg.egg-info/requires.txt
[1.986s] writing top-level names to ../../build/my_environment_pkg/my_environment_pkg.egg-info/top_level.txt
[1.989s] reading manifest file '../../build/my_environment_pkg/my_environment_pkg.egg-info/SOURCES.txt'
[1.990s] writing manifest file '../../build/my_environment_pkg/my_environment_pkg.egg-info/SOURCES.txt'
[1.990s] running build
[1.990s] running build_py
[1.990s] running install
[1.991s] /usr/lib/python3/dist-packages/setuptools/command/install.py:34: SetuptoolsDeprecationWarning: setup.py install is deprecated. Use build and pip and other standards-based tools.
[1.991s]   warnings.warn(
[1.991s] running install_lib
[1.992s] running install_data
[1.993s] copying worlds/my_world.world -> /home/stephenq0503/Desktop/robot_arm_sim/install/my_environment_pkg/share/my_environment_pkg/worlds
[1.993s] running install_egg_info
[1.996s] removing '/home/stephenq0503/Desktop/robot_arm_sim/install/my_environment_pkg/lib/python3.10/site-packages/my_environment_pkg-0.0.0-py3.10.egg-info' (and everything under it)
[1.997s] Copying ../../build/my_environment_pkg/my_environment_pkg.egg-info to /home/stephenq0503/Desktop/robot_arm_sim/install/my_environment_pkg/lib/python3.10/site-packages/my_environment_pkg-0.0.0-py3.10.egg-info
[1.998s] running install_scripts
[2.023s] Installing overhead_camerafeed script to /home/stephenq0503/Desktop/robot_arm_sim/install/my_environment_pkg/lib/my_environment_pkg
[2.023s] writing list of installed files to '/home/stephenq0503/Desktop/robot_arm_sim/build/my_environment_pkg/install.log'
[2.074s] Invoked command in '/home/stephenq0503/Desktop/robot_arm_sim/src/my_environment_pkg' returned '0': PYTHONPATH=/home/stephenq0503/Desktop/robot_arm_sim/build/my_environment_pkg/prefix_override:/home/stephenq0503/Desktop/robot_arm_sim/install/my_environment_pkg/lib/python3.10/site-packages:${PYTHONPATH} /usr/bin/python3 setup.py egg_info --egg-base ../../build/my_environment_pkg build --build-base /home/stephenq0503/Desktop/robot_arm_sim/build/my_environment_pkg/build install --record /home/stephenq0503/Desktop/robot_arm_sim/build/my_environment_pkg/install.log --single-version-externally-managed
