[1.443s] DEBUG:colcon:Command line arguments: ['/usr/bin/colcon', 'build']
[1.443s] DEBUG:colcon:Parsed command line arguments: Namespace(log_base=None, log_level=None, verb_name='build', build_base='build', install_base='install', merge_install=False, symlink_install=False, test_result_base=None, continue_on_error=False, executor='parallel', parallel_workers=8, event_handlers=None, ignore_user_meta=False, metas=['./colcon.meta'], base_paths=['.'], packages_ignore=None, packages_ignore_regex=None, paths=None, packages_up_to=None, packages_up_to_regex=None, packages_above=None, packages_above_and_dependencies=None, packages_above_depth=None, packages_select_by_dep=None, packages_skip_by_dep=None, packages_skip_up_to=None, packages_select_build_failed=False, packages_skip_build_finished=False, packages_select_test_failures=False, packages_skip_test_passed=False, packages_select=None, packages_skip=None, packages_select_regex=None, packages_skip_regex=None, packages_start=None, packages_end=None, allow_overriding=[], cmake_args=None, cmake_target=None, cmake_target_skip_unavailable=False, cmake_clean_cache=False, cmake_clean_first=False, cmake_force_configure=False, ament_cmake_args=None, catkin_cmake_args=None, catkin_skip_building_tests=False, mixin_files=None, mixin=None, verb_parser=<colcon_mixin.mixin.mixin_argument.MixinArgumentDecorator object at 0x7f0bfc2f0130>, verb_extension=<colcon_core.verb.build.BuildVerb object at 0x7f0bfc2f0910>, main=<bound method BuildVerb.main of <colcon_core.verb.build.BuildVerb object at 0x7f0bfc2f0910>>, mixin_verb=('build',))
[1.509s] Level 1:colcon.colcon_core.package_discovery:discover_packages(colcon_meta) check parameters
[1.509s] Level 1:colcon.colcon_core.package_discovery:discover_packages(recursive) check parameters
[1.509s] Level 1:colcon.colcon_core.package_discovery:discover_packages(ignore) check parameters
[1.509s] Level 1:colcon.colcon_core.package_discovery:discover_packages(path) check parameters
[1.510s] Level 1:colcon.colcon_core.package_discovery:discover_packages(colcon_meta) discover
[1.510s] Level 1:colcon.colcon_core.package_discovery:discover_packages(recursive) discover
[1.510s] INFO:colcon.colcon_core.package_discovery:Crawling recursively for packages in '/home/stephenq0503/Desktop/robot_arm_sim'
[1.510s] Level 1:colcon.colcon_core.package_identification:_identify(.) by extensions ['ignore', 'ignore_ament_install']
[1.510s] Level 1:colcon.colcon_core.package_identification:_identify(.) by extension 'ignore'
[1.510s] Level 1:colcon.colcon_core.package_identification:_identify(.) by extension 'ignore_ament_install'
[1.510s] Level 1:colcon.colcon_core.package_identification:_identify(.) by extensions ['colcon_pkg']
[1.510s] Level 1:colcon.colcon_core.package_identification:_identify(.) by extension 'colcon_pkg'
[1.510s] Level 1:colcon.colcon_core.package_identification:_identify(.) by extensions ['colcon_meta']
[1.510s] Level 1:colcon.colcon_core.package_identification:_identify(.) by extension 'colcon_meta'
[1.511s] Level 1:colcon.colcon_core.package_identification:_identify(.) by extensions ['ros']
[1.511s] Level 1:colcon.colcon_core.package_identification:_identify(.) by extension 'ros'
[1.524s] Level 1:colcon.colcon_core.package_identification:_identify(.) by extensions ['cmake', 'python']
[1.524s] Level 1:colcon.colcon_core.package_identification:_identify(.) by extension 'cmake'
[1.524s] Level 1:colcon.colcon_core.package_identification:_identify(.) by extension 'python'
[1.525s] Level 1:colcon.colcon_core.package_identification:_identify(.) by extensions ['python_setup_py']
[1.525s] Level 1:colcon.colcon_core.package_identification:_identify(.) by extension 'python_setup_py'
[1.525s] Level 1:colcon.colcon_core.package_identification:_identify(build) by extensions ['ignore', 'ignore_ament_install']
[1.525s] Level 1:colcon.colcon_core.package_identification:_identify(build) by extension 'ignore'
[1.525s] Level 1:colcon.colcon_core.package_identification:_identify(build) ignored
[1.525s] Level 1:colcon.colcon_core.package_identification:_identify(install) by extensions ['ignore', 'ignore_ament_install']
[1.525s] Level 1:colcon.colcon_core.package_identification:_identify(install) by extension 'ignore'
[1.525s] Level 1:colcon.colcon_core.package_identification:_identify(install) ignored
[1.526s] Level 1:colcon.colcon_core.package_identification:_identify(log) by extensions ['ignore', 'ignore_ament_install']
[1.526s] Level 1:colcon.colcon_core.package_identification:_identify(log) by extension 'ignore'
[1.526s] Level 1:colcon.colcon_core.package_identification:_identify(log) ignored
[1.526s] Level 1:colcon.colcon_core.package_identification:_identify(models) by extensions ['ignore', 'ignore_ament_install']
[1.526s] Level 1:colcon.colcon_core.package_identification:_identify(models) by extension 'ignore'
[1.526s] Level 1:colcon.colcon_core.package_identification:_identify(models) by extension 'ignore_ament_install'
[1.526s] Level 1:colcon.colcon_core.package_identification:_identify(models) by extensions ['colcon_pkg']
[1.527s] Level 1:colcon.colcon_core.package_identification:_identify(models) by extension 'colcon_pkg'
[1.527s] Level 1:colcon.colcon_core.package_identification:_identify(models) by extensions ['colcon_meta']
[1.527s] Level 1:colcon.colcon_core.package_identification:_identify(models) by extension 'colcon_meta'
[1.527s] Level 1:colcon.colcon_core.package_identification:_identify(models) by extensions ['ros']
[1.527s] Level 1:colcon.colcon_core.package_identification:_identify(models) by extension 'ros'
[1.527s] Level 1:colcon.colcon_core.package_identification:_identify(models) by extensions ['cmake', 'python']
[1.527s] Level 1:colcon.colcon_core.package_identification:_identify(models) by extension 'cmake'
[1.527s] Level 1:colcon.colcon_core.package_identification:_identify(models) by extension 'python'
[1.527s] Level 1:colcon.colcon_core.package_identification:_identify(models) by extensions ['python_setup_py']
[1.527s] Level 1:colcon.colcon_core.package_identification:_identify(models) by extension 'python_setup_py'
[1.527s] Level 1:colcon.colcon_core.package_identification:_identify(models/PetImages) by extensions ['ignore', 'ignore_ament_install']
[1.528s] Level 1:colcon.colcon_core.package_identification:_identify(models/PetImages) by extension 'ignore'
[1.528s] Level 1:colcon.colcon_core.package_identification:_identify(models/PetImages) by extension 'ignore_ament_install'
[1.528s] Level 1:colcon.colcon_core.package_identification:_identify(models/PetImages) by extensions ['colcon_pkg']
[1.528s] Level 1:colcon.colcon_core.package_identification:_identify(models/PetImages) by extension 'colcon_pkg'
[1.528s] Level 1:colcon.colcon_core.package_identification:_identify(models/PetImages) by extensions ['colcon_meta']
[1.528s] Level 1:colcon.colcon_core.package_identification:_identify(models/PetImages) by extension 'colcon_meta'
[1.528s] Level 1:colcon.colcon_core.package_identification:_identify(models/PetImages) by extensions ['ros']
[1.528s] Level 1:colcon.colcon_core.package_identification:_identify(models/PetImages) by extension 'ros'
[1.528s] Level 1:colcon.colcon_core.package_identification:_identify(models/PetImages) by extensions ['cmake', 'python']
[1.528s] Level 1:colcon.colcon_core.package_identification:_identify(models/PetImages) by extension 'cmake'
[1.528s] Level 1:colcon.colcon_core.package_identification:_identify(models/PetImages) by extension 'python'
[1.528s] Level 1:colcon.colcon_core.package_identification:_identify(models/PetImages) by extensions ['python_setup_py']
[1.528s] Level 1:colcon.colcon_core.package_identification:_identify(models/PetImages) by extension 'python_setup_py'
[1.542s] Level 1:colcon.colcon_core.package_identification:_identify(models/PetImages/Cat) by extensions ['ignore', 'ignore_ament_install']
[1.542s] Level 1:colcon.colcon_core.package_identification:_identify(models/PetImages/Cat) by extension 'ignore'
[1.542s] Level 1:colcon.colcon_core.package_identification:_identify(models/PetImages/Cat) by extension 'ignore_ament_install'
[1.542s] Level 1:colcon.colcon_core.package_identification:_identify(models/PetImages/Cat) by extensions ['colcon_pkg']
[1.542s] Level 1:colcon.colcon_core.package_identification:_identify(models/PetImages/Cat) by extension 'colcon_pkg'
[1.542s] Level 1:colcon.colcon_core.package_identification:_identify(models/PetImages/Cat) by extensions ['colcon_meta']
[1.542s] Level 1:colcon.colcon_core.package_identification:_identify(models/PetImages/Cat) by extension 'colcon_meta'
[1.542s] Level 1:colcon.colcon_core.package_identification:_identify(models/PetImages/Cat) by extensions ['ros']
[1.542s] Level 1:colcon.colcon_core.package_identification:_identify(models/PetImages/Cat) by extension 'ros'
[1.543s] Level 1:colcon.colcon_core.package_identification:_identify(models/PetImages/Cat) by extensions ['cmake', 'python']
[1.543s] Level 1:colcon.colcon_core.package_identification:_identify(models/PetImages/Cat) by extension 'cmake'
[1.543s] Level 1:colcon.colcon_core.package_identification:_identify(models/PetImages/Cat) by extension 'python'
[1.543s] Level 1:colcon.colcon_core.package_identification:_identify(models/PetImages/Cat) by extensions ['python_setup_py']
[1.543s] Level 1:colcon.colcon_core.package_identification:_identify(models/PetImages/Cat) by extension 'python_setup_py'
[1.552s] Level 1:colcon.colcon_core.package_identification:_identify(models/PetImages/Dog) by extensions ['ignore', 'ignore_ament_install']
[1.552s] Level 1:colcon.colcon_core.package_identification:_identify(models/PetImages/Dog) by extension 'ignore'
[1.552s] Level 1:colcon.colcon_core.package_identification:_identify(models/PetImages/Dog) by extension 'ignore_ament_install'
[1.553s] Level 1:colcon.colcon_core.package_identification:_identify(models/PetImages/Dog) by extensions ['colcon_pkg']
[1.553s] Level 1:colcon.colcon_core.package_identification:_identify(models/PetImages/Dog) by extension 'colcon_pkg'
[1.553s] Level 1:colcon.colcon_core.package_identification:_identify(models/PetImages/Dog) by extensions ['colcon_meta']
[1.553s] Level 1:colcon.colcon_core.package_identification:_identify(models/PetImages/Dog) by extension 'colcon_meta'
[1.553s] Level 1:colcon.colcon_core.package_identification:_identify(models/PetImages/Dog) by extensions ['ros']
[1.553s] Level 1:colcon.colcon_core.package_identification:_identify(models/PetImages/Dog) by extension 'ros'
[1.553s] Level 1:colcon.colcon_core.package_identification:_identify(models/PetImages/Dog) by extensions ['cmake', 'python']
[1.553s] Level 1:colcon.colcon_core.package_identification:_identify(models/PetImages/Dog) by extension 'cmake'
[1.553s] Level 1:colcon.colcon_core.package_identification:_identify(models/PetImages/Dog) by extension 'python'
[1.553s] Level 1:colcon.colcon_core.package_identification:_identify(models/PetImages/Dog) by extensions ['python_setup_py']
[1.553s] Level 1:colcon.colcon_core.package_identification:_identify(models/PetImages/Dog) by extension 'python_setup_py'
[1.554s] Level 1:colcon.colcon_core.package_identification:_identify(models/star-wars-images) by extensions ['ignore', 'ignore_ament_install']
[1.554s] Level 1:colcon.colcon_core.package_identification:_identify(models/star-wars-images) by extension 'ignore'
[1.554s] Level 1:colcon.colcon_core.package_identification:_identify(models/star-wars-images) by extension 'ignore_ament_install'
[1.554s] Level 1:colcon.colcon_core.package_identification:_identify(models/star-wars-images) by extensions ['colcon_pkg']
[1.554s] Level 1:colcon.colcon_core.package_identification:_identify(models/star-wars-images) by extension 'colcon_pkg'
[1.554s] Level 1:colcon.colcon_core.package_identification:_identify(models/star-wars-images) by extensions ['colcon_meta']
[1.554s] Level 1:colcon.colcon_core.package_identification:_identify(models/star-wars-images) by extension 'colcon_meta'
[1.554s] Level 1:colcon.colcon_core.package_identification:_identify(models/star-wars-images) by extensions ['ros']
[1.554s] Level 1:colcon.colcon_core.package_identification:_identify(models/star-wars-images) by extension 'ros'
[1.554s] Level 1:colcon.colcon_core.package_identification:_identify(models/star-wars-images) by extensions ['cmake', 'python']
[1.554s] Level 1:colcon.colcon_core.package_identification:_identify(models/star-wars-images) by extension 'cmake'
[1.554s] Level 1:colcon.colcon_core.package_identification:_identify(models/star-wars-images) by extension 'python'
[1.554s] Level 1:colcon.colcon_core.package_identification:_identify(models/star-wars-images) by extensions ['python_setup_py']
[1.555s] Level 1:colcon.colcon_core.package_identification:_identify(models/star-wars-images) by extension 'python_setup_py'
[1.555s] Level 1:colcon.colcon_core.package_identification:_identify(models/star-wars-images/test) by extensions ['ignore', 'ignore_ament_install']
[1.555s] Level 1:colcon.colcon_core.package_identification:_identify(models/star-wars-images/test) by extension 'ignore'
[1.555s] Level 1:colcon.colcon_core.package_identification:_identify(models/star-wars-images/test) by extension 'ignore_ament_install'
[1.555s] Level 1:colcon.colcon_core.package_identification:_identify(models/star-wars-images/test) by extensions ['colcon_pkg']
[1.555s] Level 1:colcon.colcon_core.package_identification:_identify(models/star-wars-images/test) by extension 'colcon_pkg'
[1.555s] Level 1:colcon.colcon_core.package_identification:_identify(models/star-wars-images/test) by extensions ['colcon_meta']
[1.555s] Level 1:colcon.colcon_core.package_identification:_identify(models/star-wars-images/test) by extension 'colcon_meta'
[1.555s] Level 1:colcon.colcon_core.package_identification:_identify(models/star-wars-images/test) by extensions ['ros']
[1.555s] Level 1:colcon.colcon_core.package_identification:_identify(models/star-wars-images/test) by extension 'ros'
[1.555s] Level 1:colcon.colcon_core.package_identification:_identify(models/star-wars-images/test) by extensions ['cmake', 'python']
[1.555s] Level 1:colcon.colcon_core.package_identification:_identify(models/star-wars-images/test) by extension 'cmake'
[1.555s] Level 1:colcon.colcon_core.package_identification:_identify(models/star-wars-images/test) by extension 'python'
[1.556s] Level 1:colcon.colcon_core.package_identification:_identify(models/star-wars-images/test) by extensions ['python_setup_py']
[1.556s] Level 1:colcon.colcon_core.package_identification:_identify(models/star-wars-images/test) by extension 'python_setup_py'
[1.556s] Level 1:colcon.colcon_core.package_identification:_identify(models/star-wars-images/test/GENERAL GRIEVOUS) by extensions ['ignore', 'ignore_ament_install']
[1.556s] Level 1:colcon.colcon_core.package_identification:_identify(models/star-wars-images/test/GENERAL GRIEVOUS) by extension 'ignore'
[1.556s] Level 1:colcon.colcon_core.package_identification:_identify(models/star-wars-images/test/GENERAL GRIEVOUS) by extension 'ignore_ament_install'
[1.556s] Level 1:colcon.colcon_core.package_identification:_identify(models/star-wars-images/test/GENERAL GRIEVOUS) by extensions ['colcon_pkg']
[1.556s] Level 1:colcon.colcon_core.package_identification:_identify(models/star-wars-images/test/GENERAL GRIEVOUS) by extension 'colcon_pkg'
[1.556s] Level 1:colcon.colcon_core.package_identification:_identify(models/star-wars-images/test/GENERAL GRIEVOUS) by extensions ['colcon_meta']
[1.556s] Level 1:colcon.colcon_core.package_identification:_identify(models/star-wars-images/test/GENERAL GRIEVOUS) by extension 'colcon_meta'
[1.556s] Level 1:colcon.colcon_core.package_identification:_identify(models/star-wars-images/test/GENERAL GRIEVOUS) by extensions ['ros']
[1.556s] Level 1:colcon.colcon_core.package_identification:_identify(models/star-wars-images/test/GENERAL GRIEVOUS) by extension 'ros'
[1.556s] Level 1:colcon.colcon_core.package_identification:_identify(models/star-wars-images/test/GENERAL GRIEVOUS) by extensions ['cmake', 'python']
[1.556s] Level 1:colcon.colcon_core.package_identification:_identify(models/star-wars-images/test/GENERAL GRIEVOUS) by extension 'cmake'
[1.557s] Level 1:colcon.colcon_core.package_identification:_identify(models/star-wars-images/test/GENERAL GRIEVOUS) by extension 'python'
[1.557s] Level 1:colcon.colcon_core.package_identification:_identify(models/star-wars-images/test/GENERAL GRIEVOUS) by extensions ['python_setup_py']
[1.557s] Level 1:colcon.colcon_core.package_identification:_identify(models/star-wars-images/test/GENERAL GRIEVOUS) by extension 'python_setup_py'
[1.557s] Level 1:colcon.colcon_core.package_identification:_identify(models/star-wars-images/test/LUKE SKYWALKER) by extensions ['ignore', 'ignore_ament_install']
[1.557s] Level 1:colcon.colcon_core.package_identification:_identify(models/star-wars-images/test/LUKE SKYWALKER) by extension 'ignore'
[1.557s] Level 1:colcon.colcon_core.package_identification:_identify(models/star-wars-images/test/LUKE SKYWALKER) by extension 'ignore_ament_install'
[1.557s] Level 1:colcon.colcon_core.package_identification:_identify(models/star-wars-images/test/LUKE SKYWALKER) by extensions ['colcon_pkg']
[1.557s] Level 1:colcon.colcon_core.package_identification:_identify(models/star-wars-images/test/LUKE SKYWALKER) by extension 'colcon_pkg'
[1.557s] Level 1:colcon.colcon_core.package_identification:_identify(models/star-wars-images/test/LUKE SKYWALKER) by extensions ['colcon_meta']
[1.557s] Level 1:colcon.colcon_core.package_identification:_identify(models/star-wars-images/test/LUKE SKYWALKER) by extension 'colcon_meta'
[1.557s] Level 1:colcon.colcon_core.package_identification:_identify(models/star-wars-images/test/LUKE SKYWALKER) by extensions ['ros']
[1.557s] Level 1:colcon.colcon_core.package_identification:_identify(models/star-wars-images/test/LUKE SKYWALKER) by extension 'ros'
[1.558s] Level 1:colcon.colcon_core.package_identification:_identify(models/star-wars-images/test/LUKE SKYWALKER) by extensions ['cmake', 'python']
[1.558s] Level 1:colcon.colcon_core.package_identification:_identify(models/star-wars-images/test/LUKE SKYWALKER) by extension 'cmake'
[1.558s] Level 1:colcon.colcon_core.package_identification:_identify(models/star-wars-images/test/LUKE SKYWALKER) by extension 'python'
[1.558s] Level 1:colcon.colcon_core.package_identification:_identify(models/star-wars-images/test/LUKE SKYWALKER) by extensions ['python_setup_py']
[1.558s] Level 1:colcon.colcon_core.package_identification:_identify(models/star-wars-images/test/LUKE SKYWALKER) by extension 'python_setup_py'
[1.558s] Level 1:colcon.colcon_core.package_identification:_identify(models/star-wars-images/test/MACE WINDU) by extensions ['ignore', 'ignore_ament_install']
[1.558s] Level 1:colcon.colcon_core.package_identification:_identify(models/star-wars-images/test/MACE WINDU) by extension 'ignore'
[1.558s] Level 1:colcon.colcon_core.package_identification:_identify(models/star-wars-images/test/MACE WINDU) by extension 'ignore_ament_install'
[1.558s] Level 1:colcon.colcon_core.package_identification:_identify(models/star-wars-images/test/MACE WINDU) by extensions ['colcon_pkg']
[1.558s] Level 1:colcon.colcon_core.package_identification:_identify(models/star-wars-images/test/MACE WINDU) by extension 'colcon_pkg'
[1.558s] Level 1:colcon.colcon_core.package_identification:_identify(models/star-wars-images/test/MACE WINDU) by extensions ['colcon_meta']
[1.558s] Level 1:colcon.colcon_core.package_identification:_identify(models/star-wars-images/test/MACE WINDU) by extension 'colcon_meta'
[1.558s] Level 1:colcon.colcon_core.package_identification:_identify(models/star-wars-images/test/MACE WINDU) by extensions ['ros']
[1.559s] Level 1:colcon.colcon_core.package_identification:_identify(models/star-wars-images/test/MACE WINDU) by extension 'ros'
[1.559s] Level 1:colcon.colcon_core.package_identification:_identify(models/star-wars-images/test/MACE WINDU) by extensions ['cmake', 'python']
[1.559s] Level 1:colcon.colcon_core.package_identification:_identify(models/star-wars-images/test/MACE WINDU) by extension 'cmake'
[1.559s] Level 1:colcon.colcon_core.package_identification:_identify(models/star-wars-images/test/MACE WINDU) by extension 'python'
[1.559s] Level 1:colcon.colcon_core.package_identification:_identify(models/star-wars-images/test/MACE WINDU) by extensions ['python_setup_py']
[1.559s] Level 1:colcon.colcon_core.package_identification:_identify(models/star-wars-images/test/MACE WINDU) by extension 'python_setup_py'
[1.559s] Level 1:colcon.colcon_core.package_identification:_identify(models/star-wars-images/test/R2-R2) by extensions ['ignore', 'ignore_ament_install']
[1.559s] Level 1:colcon.colcon_core.package_identification:_identify(models/star-wars-images/test/R2-R2) by extension 'ignore'
[1.559s] Level 1:colcon.colcon_core.package_identification:_identify(models/star-wars-images/test/R2-R2) by extension 'ignore_ament_install'
[1.559s] Level 1:colcon.colcon_core.package_identification:_identify(models/star-wars-images/test/R2-R2) by extensions ['colcon_pkg']
[1.559s] Level 1:colcon.colcon_core.package_identification:_identify(models/star-wars-images/test/R2-R2) by extension 'colcon_pkg'
[1.559s] Level 1:colcon.colcon_core.package_identification:_identify(models/star-wars-images/test/R2-R2) by extensions ['colcon_meta']
[1.559s] Level 1:colcon.colcon_core.package_identification:_identify(models/star-wars-images/test/R2-R2) by extension 'colcon_meta'
[1.560s] Level 1:colcon.colcon_core.package_identification:_identify(models/star-wars-images/test/R2-R2) by extensions ['ros']
[1.560s] Level 1:colcon.colcon_core.package_identification:_identify(models/star-wars-images/test/R2-R2) by extension 'ros'
[1.560s] Level 1:colcon.colcon_core.package_identification:_identify(models/star-wars-images/test/R2-R2) by extensions ['cmake', 'python']
[1.560s] Level 1:colcon.colcon_core.package_identification:_identify(models/star-wars-images/test/R2-R2) by extension 'cmake'
[1.560s] Level 1:colcon.colcon_core.package_identification:_identify(models/star-wars-images/test/R2-R2) by extension 'python'
[1.560s] Level 1:colcon.colcon_core.package_identification:_identify(models/star-wars-images/test/R2-R2) by extensions ['python_setup_py']
[1.560s] Level 1:colcon.colcon_core.package_identification:_identify(models/star-wars-images/test/R2-R2) by extension 'python_setup_py'
[1.560s] Level 1:colcon.colcon_core.package_identification:_identify(models/star-wars-images/test/YODA) by extensions ['ignore', 'ignore_ament_install']
[1.560s] Level 1:colcon.colcon_core.package_identification:_identify(models/star-wars-images/test/YODA) by extension 'ignore'
[1.560s] Level 1:colcon.colcon_core.package_identification:_identify(models/star-wars-images/test/YODA) by extension 'ignore_ament_install'
[1.560s] Level 1:colcon.colcon_core.package_identification:_identify(models/star-wars-images/test/YODA) by extensions ['colcon_pkg']
[1.560s] Level 1:colcon.colcon_core.package_identification:_identify(models/star-wars-images/test/YODA) by extension 'colcon_pkg'
[1.561s] Level 1:colcon.colcon_core.package_identification:_identify(models/star-wars-images/test/YODA) by extensions ['colcon_meta']
[1.561s] Level 1:colcon.colcon_core.package_identification:_identify(models/star-wars-images/test/YODA) by extension 'colcon_meta'
[1.561s] Level 1:colcon.colcon_core.package_identification:_identify(models/star-wars-images/test/YODA) by extensions ['ros']
[1.561s] Level 1:colcon.colcon_core.package_identification:_identify(models/star-wars-images/test/YODA) by extension 'ros'
[1.561s] Level 1:colcon.colcon_core.package_identification:_identify(models/star-wars-images/test/YODA) by extensions ['cmake', 'python']
[1.561s] Level 1:colcon.colcon_core.package_identification:_identify(models/star-wars-images/test/YODA) by extension 'cmake'
[1.561s] Level 1:colcon.colcon_core.package_identification:_identify(models/star-wars-images/test/YODA) by extension 'python'
[1.561s] Level 1:colcon.colcon_core.package_identification:_identify(models/star-wars-images/test/YODA) by extensions ['python_setup_py']
[1.561s] Level 1:colcon.colcon_core.package_identification:_identify(models/star-wars-images/test/YODA) by extension 'python_setup_py'
[1.561s] Level 1:colcon.colcon_core.package_identification:_identify(models/star-wars-images/train) by extensions ['ignore', 'ignore_ament_install']
[1.561s] Level 1:colcon.colcon_core.package_identification:_identify(models/star-wars-images/train) by extension 'ignore'
[1.561s] Level 1:colcon.colcon_core.package_identification:_identify(models/star-wars-images/train) by extension 'ignore_ament_install'
[1.562s] Level 1:colcon.colcon_core.package_identification:_identify(models/star-wars-images/train) by extensions ['colcon_pkg']
[1.562s] Level 1:colcon.colcon_core.package_identification:_identify(models/star-wars-images/train) by extension 'colcon_pkg'
[1.562s] Level 1:colcon.colcon_core.package_identification:_identify(models/star-wars-images/train) by extensions ['colcon_meta']
[1.562s] Level 1:colcon.colcon_core.package_identification:_identify(models/star-wars-images/train) by extension 'colcon_meta'
[1.562s] Level 1:colcon.colcon_core.package_identification:_identify(models/star-wars-images/train) by extensions ['ros']
[1.562s] Level 1:colcon.colcon_core.package_identification:_identify(models/star-wars-images/train) by extension 'ros'
[1.562s] Level 1:colcon.colcon_core.package_identification:_identify(models/star-wars-images/train) by extensions ['cmake', 'python']
[1.562s] Level 1:colcon.colcon_core.package_identification:_identify(models/star-wars-images/train) by extension 'cmake'
[1.562s] Level 1:colcon.colcon_core.package_identification:_identify(models/star-wars-images/train) by extension 'python'
[1.562s] Level 1:colcon.colcon_core.package_identification:_identify(models/star-wars-images/train) by extensions ['python_setup_py']
[1.562s] Level 1:colcon.colcon_core.package_identification:_identify(models/star-wars-images/train) by extension 'python_setup_py'
[1.562s] Level 1:colcon.colcon_core.package_identification:_identify(models/star-wars-images/train/GENERAL GRIEVOUS) by extensions ['ignore', 'ignore_ament_install']
[1.562s] Level 1:colcon.colcon_core.package_identification:_identify(models/star-wars-images/train/GENERAL GRIEVOUS) by extension 'ignore'
[1.563s] Level 1:colcon.colcon_core.package_identification:_identify(models/star-wars-images/train/GENERAL GRIEVOUS) by extension 'ignore_ament_install'
[1.563s] Level 1:colcon.colcon_core.package_identification:_identify(models/star-wars-images/train/GENERAL GRIEVOUS) by extensions ['colcon_pkg']
[1.563s] Level 1:colcon.colcon_core.package_identification:_identify(models/star-wars-images/train/GENERAL GRIEVOUS) by extension 'colcon_pkg'
[1.563s] Level 1:colcon.colcon_core.package_identification:_identify(models/star-wars-images/train/GENERAL GRIEVOUS) by extensions ['colcon_meta']
[1.563s] Level 1:colcon.colcon_core.package_identification:_identify(models/star-wars-images/train/GENERAL GRIEVOUS) by extension 'colcon_meta'
[1.563s] Level 1:colcon.colcon_core.package_identification:_identify(models/star-wars-images/train/GENERAL GRIEVOUS) by extensions ['ros']
[1.563s] Level 1:colcon.colcon_core.package_identification:_identify(models/star-wars-images/train/GENERAL GRIEVOUS) by extension 'ros'
[1.563s] Level 1:colcon.colcon_core.package_identification:_identify(models/star-wars-images/train/GENERAL GRIEVOUS) by extensions ['cmake', 'python']
[1.563s] Level 1:colcon.colcon_core.package_identification:_identify(models/star-wars-images/train/GENERAL GRIEVOUS) by extension 'cmake'
[1.563s] Level 1:colcon.colcon_core.package_identification:_identify(models/star-wars-images/train/GENERAL GRIEVOUS) by extension 'python'
[1.563s] Level 1:colcon.colcon_core.package_identification:_identify(models/star-wars-images/train/GENERAL GRIEVOUS) by extensions ['python_setup_py']
[1.563s] Level 1:colcon.colcon_core.package_identification:_identify(models/star-wars-images/train/GENERAL GRIEVOUS) by extension 'python_setup_py'
[1.563s] Level 1:colcon.colcon_core.package_identification:_identify(models/star-wars-images/train/LUKE SKYWALKER) by extensions ['ignore', 'ignore_ament_install']
[1.564s] Level 1:colcon.colcon_core.package_identification:_identify(models/star-wars-images/train/LUKE SKYWALKER) by extension 'ignore'
[1.564s] Level 1:colcon.colcon_core.package_identification:_identify(models/star-wars-images/train/LUKE SKYWALKER) by extension 'ignore_ament_install'
[1.564s] Level 1:colcon.colcon_core.package_identification:_identify(models/star-wars-images/train/LUKE SKYWALKER) by extensions ['colcon_pkg']
[1.564s] Level 1:colcon.colcon_core.package_identification:_identify(models/star-wars-images/train/LUKE SKYWALKER) by extension 'colcon_pkg'
[1.564s] Level 1:colcon.colcon_core.package_identification:_identify(models/star-wars-images/train/LUKE SKYWALKER) by extensions ['colcon_meta']
[1.564s] Level 1:colcon.colcon_core.package_identification:_identify(models/star-wars-images/train/LUKE SKYWALKER) by extension 'colcon_meta'
[1.564s] Level 1:colcon.colcon_core.package_identification:_identify(models/star-wars-images/train/LUKE SKYWALKER) by extensions ['ros']
[1.564s] Level 1:colcon.colcon_core.package_identification:_identify(models/star-wars-images/train/LUKE SKYWALKER) by extension 'ros'
[1.564s] Level 1:colcon.colcon_core.package_identification:_identify(models/star-wars-images/train/LUKE SKYWALKER) by extensions ['cmake', 'python']
[1.564s] Level 1:colcon.colcon_core.package_identification:_identify(models/star-wars-images/train/LUKE SKYWALKER) by extension 'cmake'
[1.564s] Level 1:colcon.colcon_core.package_identification:_identify(models/star-wars-images/train/LUKE SKYWALKER) by extension 'python'
[1.564s] Level 1:colcon.colcon_core.package_identification:_identify(models/star-wars-images/train/LUKE SKYWALKER) by extensions ['python_setup_py']
[1.564s] Level 1:colcon.colcon_core.package_identification:_identify(models/star-wars-images/train/LUKE SKYWALKER) by extension 'python_setup_py'
[1.565s] Level 1:colcon.colcon_core.package_identification:_identify(models/star-wars-images/train/MACE WINDU) by extensions ['ignore', 'ignore_ament_install']
[1.565s] Level 1:colcon.colcon_core.package_identification:_identify(models/star-wars-images/train/MACE WINDU) by extension 'ignore'
[1.565s] Level 1:colcon.colcon_core.package_identification:_identify(models/star-wars-images/train/MACE WINDU) by extension 'ignore_ament_install'
[1.565s] Level 1:colcon.colcon_core.package_identification:_identify(models/star-wars-images/train/MACE WINDU) by extensions ['colcon_pkg']
[1.565s] Level 1:colcon.colcon_core.package_identification:_identify(models/star-wars-images/train/MACE WINDU) by extension 'colcon_pkg'
[1.565s] Level 1:colcon.colcon_core.package_identification:_identify(models/star-wars-images/train/MACE WINDU) by extensions ['colcon_meta']
[1.565s] Level 1:colcon.colcon_core.package_identification:_identify(models/star-wars-images/train/MACE WINDU) by extension 'colcon_meta'
[1.565s] Level 1:colcon.colcon_core.package_identification:_identify(models/star-wars-images/train/MACE WINDU) by extensions ['ros']
[1.565s] Level 1:colcon.colcon_core.package_identification:_identify(models/star-wars-images/train/MACE WINDU) by extension 'ros'
[1.565s] Level 1:colcon.colcon_core.package_identification:_identify(models/star-wars-images/train/MACE WINDU) by extensions ['cmake', 'python']
[1.565s] Level 1:colcon.colcon_core.package_identification:_identify(models/star-wars-images/train/MACE WINDU) by extension 'cmake'
[1.565s] Level 1:colcon.colcon_core.package_identification:_identify(models/star-wars-images/train/MACE WINDU) by extension 'python'
[1.565s] Level 1:colcon.colcon_core.package_identification:_identify(models/star-wars-images/train/MACE WINDU) by extensions ['python_setup_py']
[1.566s] Level 1:colcon.colcon_core.package_identification:_identify(models/star-wars-images/train/MACE WINDU) by extension 'python_setup_py'
[1.566s] Level 1:colcon.colcon_core.package_identification:_identify(models/star-wars-images/train/R2-R2) by extensions ['ignore', 'ignore_ament_install']
[1.566s] Level 1:colcon.colcon_core.package_identification:_identify(models/star-wars-images/train/R2-R2) by extension 'ignore'
[1.566s] Level 1:colcon.colcon_core.package_identification:_identify(models/star-wars-images/train/R2-R2) by extension 'ignore_ament_install'
[1.566s] Level 1:colcon.colcon_core.package_identification:_identify(models/star-wars-images/train/R2-R2) by extensions ['colcon_pkg']
[1.566s] Level 1:colcon.colcon_core.package_identification:_identify(models/star-wars-images/train/R2-R2) by extension 'colcon_pkg'
[1.566s] Level 1:colcon.colcon_core.package_identification:_identify(models/star-wars-images/train/R2-R2) by extensions ['colcon_meta']
[1.566s] Level 1:colcon.colcon_core.package_identification:_identify(models/star-wars-images/train/R2-R2) by extension 'colcon_meta'
[1.566s] Level 1:colcon.colcon_core.package_identification:_identify(models/star-wars-images/train/R2-R2) by extensions ['ros']
[1.566s] Level 1:colcon.colcon_core.package_identification:_identify(models/star-wars-images/train/R2-R2) by extension 'ros'
[1.566s] Level 1:colcon.colcon_core.package_identification:_identify(models/star-wars-images/train/R2-R2) by extensions ['cmake', 'python']
[1.566s] Level 1:colcon.colcon_core.package_identification:_identify(models/star-wars-images/train/R2-R2) by extension 'cmake'
[1.567s] Level 1:colcon.colcon_core.package_identification:_identify(models/star-wars-images/train/R2-R2) by extension 'python'
[1.567s] Level 1:colcon.colcon_core.package_identification:_identify(models/star-wars-images/train/R2-R2) by extensions ['python_setup_py']
[1.567s] Level 1:colcon.colcon_core.package_identification:_identify(models/star-wars-images/train/R2-R2) by extension 'python_setup_py'
[1.567s] Level 1:colcon.colcon_core.package_identification:_identify(models/star-wars-images/train/YODA) by extensions ['ignore', 'ignore_ament_install']
[1.567s] Level 1:colcon.colcon_core.package_identification:_identify(models/star-wars-images/train/YODA) by extension 'ignore'
[1.567s] Level 1:colcon.colcon_core.package_identification:_identify(models/star-wars-images/train/YODA) by extension 'ignore_ament_install'
[1.567s] Level 1:colcon.colcon_core.package_identification:_identify(models/star-wars-images/train/YODA) by extensions ['colcon_pkg']
[1.567s] Level 1:colcon.colcon_core.package_identification:_identify(models/star-wars-images/train/YODA) by extension 'colcon_pkg'
[1.567s] Level 1:colcon.colcon_core.package_identification:_identify(models/star-wars-images/train/YODA) by extensions ['colcon_meta']
[1.567s] Level 1:colcon.colcon_core.package_identification:_identify(models/star-wars-images/train/YODA) by extension 'colcon_meta'
[1.567s] Level 1:colcon.colcon_core.package_identification:_identify(models/star-wars-images/train/YODA) by extensions ['ros']
[1.567s] Level 1:colcon.colcon_core.package_identification:_identify(models/star-wars-images/train/YODA) by extension 'ros'
[1.568s] Level 1:colcon.colcon_core.package_identification:_identify(models/star-wars-images/train/YODA) by extensions ['cmake', 'python']
[1.568s] Level 1:colcon.colcon_core.package_identification:_identify(models/star-wars-images/train/YODA) by extension 'cmake'
[1.568s] Level 1:colcon.colcon_core.package_identification:_identify(models/star-wars-images/train/YODA) by extension 'python'
[1.568s] Level 1:colcon.colcon_core.package_identification:_identify(models/star-wars-images/train/YODA) by extensions ['python_setup_py']
[1.568s] Level 1:colcon.colcon_core.package_identification:_identify(models/star-wars-images/train/YODA) by extension 'python_setup_py'
[1.568s] Level 1:colcon.colcon_core.package_identification:_identify(models/star-wars-images/val) by extensions ['ignore', 'ignore_ament_install']
[1.568s] Level 1:colcon.colcon_core.package_identification:_identify(models/star-wars-images/val) by extension 'ignore'
[1.568s] Level 1:colcon.colcon_core.package_identification:_identify(models/star-wars-images/val) by extension 'ignore_ament_install'
[1.568s] Level 1:colcon.colcon_core.package_identification:_identify(models/star-wars-images/val) by extensions ['colcon_pkg']
[1.568s] Level 1:colcon.colcon_core.package_identification:_identify(models/star-wars-images/val) by extension 'colcon_pkg'
[1.568s] Level 1:colcon.colcon_core.package_identification:_identify(models/star-wars-images/val) by extensions ['colcon_meta']
[1.568s] Level 1:colcon.colcon_core.package_identification:_identify(models/star-wars-images/val) by extension 'colcon_meta'
[1.568s] Level 1:colcon.colcon_core.package_identification:_identify(models/star-wars-images/val) by extensions ['ros']
[1.568s] Level 1:colcon.colcon_core.package_identification:_identify(models/star-wars-images/val) by extension 'ros'
[1.569s] Level 1:colcon.colcon_core.package_identification:_identify(models/star-wars-images/val) by extensions ['cmake', 'python']
[1.569s] Level 1:colcon.colcon_core.package_identification:_identify(models/star-wars-images/val) by extension 'cmake'
[1.569s] Level 1:colcon.colcon_core.package_identification:_identify(models/star-wars-images/val) by extension 'python'
[1.569s] Level 1:colcon.colcon_core.package_identification:_identify(models/star-wars-images/val) by extensions ['python_setup_py']
[1.569s] Level 1:colcon.colcon_core.package_identification:_identify(models/star-wars-images/val) by extension 'python_setup_py'
[1.569s] Level 1:colcon.colcon_core.package_identification:_identify(models/star-wars-images/val/GENERAL GRIEVOUS) by extensions ['ignore', 'ignore_ament_install']
[1.569s] Level 1:colcon.colcon_core.package_identification:_identify(models/star-wars-images/val/GENERAL GRIEVOUS) by extension 'ignore'
[1.569s] Level 1:colcon.colcon_core.package_identification:_identify(models/star-wars-images/val/GENERAL GRIEVOUS) by extension 'ignore_ament_install'
[1.569s] Level 1:colcon.colcon_core.package_identification:_identify(models/star-wars-images/val/GENERAL GRIEVOUS) by extensions ['colcon_pkg']
[1.569s] Level 1:colcon.colcon_core.package_identification:_identify(models/star-wars-images/val/GENERAL GRIEVOUS) by extension 'colcon_pkg'
[1.569s] Level 1:colcon.colcon_core.package_identification:_identify(models/star-wars-images/val/GENERAL GRIEVOUS) by extensions ['colcon_meta']
[1.569s] Level 1:colcon.colcon_core.package_identification:_identify(models/star-wars-images/val/GENERAL GRIEVOUS) by extension 'colcon_meta'
[1.570s] Level 1:colcon.colcon_core.package_identification:_identify(models/star-wars-images/val/GENERAL GRIEVOUS) by extensions ['ros']
[1.570s] Level 1:colcon.colcon_core.package_identification:_identify(models/star-wars-images/val/GENERAL GRIEVOUS) by extension 'ros'
[1.570s] Level 1:colcon.colcon_core.package_identification:_identify(models/star-wars-images/val/GENERAL GRIEVOUS) by extensions ['cmake', 'python']
[1.570s] Level 1:colcon.colcon_core.package_identification:_identify(models/star-wars-images/val/GENERAL GRIEVOUS) by extension 'cmake'
[1.570s] Level 1:colcon.colcon_core.package_identification:_identify(models/star-wars-images/val/GENERAL GRIEVOUS) by extension 'python'
[1.570s] Level 1:colcon.colcon_core.package_identification:_identify(models/star-wars-images/val/GENERAL GRIEVOUS) by extensions ['python_setup_py']
[1.570s] Level 1:colcon.colcon_core.package_identification:_identify(models/star-wars-images/val/GENERAL GRIEVOUS) by extension 'python_setup_py'
[1.570s] Level 1:colcon.colcon_core.package_identification:_identify(models/star-wars-images/val/LUKE SKYWALKER) by extensions ['ignore', 'ignore_ament_install']
[1.570s] Level 1:colcon.colcon_core.package_identification:_identify(models/star-wars-images/val/LUKE SKYWALKER) by extension 'ignore'
[1.570s] Level 1:colcon.colcon_core.package_identification:_identify(models/star-wars-images/val/LUKE SKYWALKER) by extension 'ignore_ament_install'
[1.570s] Level 1:colcon.colcon_core.package_identification:_identify(models/star-wars-images/val/LUKE SKYWALKER) by extensions ['colcon_pkg']
[1.570s] Level 1:colcon.colcon_core.package_identification:_identify(models/star-wars-images/val/LUKE SKYWALKER) by extension 'colcon_pkg'
[1.571s] Level 1:colcon.colcon_core.package_identification:_identify(models/star-wars-images/val/LUKE SKYWALKER) by extensions ['colcon_meta']
[1.571s] Level 1:colcon.colcon_core.package_identification:_identify(models/star-wars-images/val/LUKE SKYWALKER) by extension 'colcon_meta'
[1.571s] Level 1:colcon.colcon_core.package_identification:_identify(models/star-wars-images/val/LUKE SKYWALKER) by extensions ['ros']
[1.571s] Level 1:colcon.colcon_core.package_identification:_identify(models/star-wars-images/val/LUKE SKYWALKER) by extension 'ros'
[1.571s] Level 1:colcon.colcon_core.package_identification:_identify(models/star-wars-images/val/LUKE SKYWALKER) by extensions ['cmake', 'python']
[1.571s] Level 1:colcon.colcon_core.package_identification:_identify(models/star-wars-images/val/LUKE SKYWALKER) by extension 'cmake'
[1.571s] Level 1:colcon.colcon_core.package_identification:_identify(models/star-wars-images/val/LUKE SKYWALKER) by extension 'python'
[1.571s] Level 1:colcon.colcon_core.package_identification:_identify(models/star-wars-images/val/LUKE SKYWALKER) by extensions ['python_setup_py']
[1.571s] Level 1:colcon.colcon_core.package_identification:_identify(models/star-wars-images/val/LUKE SKYWALKER) by extension 'python_setup_py'
[1.571s] Level 1:colcon.colcon_core.package_identification:_identify(models/star-wars-images/val/MACE WINDU) by extensions ['ignore', 'ignore_ament_install']
[1.571s] Level 1:colcon.colcon_core.package_identification:_identify(models/star-wars-images/val/MACE WINDU) by extension 'ignore'
[1.571s] Level 1:colcon.colcon_core.package_identification:_identify(models/star-wars-images/val/MACE WINDU) by extension 'ignore_ament_install'
[1.571s] Level 1:colcon.colcon_core.package_identification:_identify(models/star-wars-images/val/MACE WINDU) by extensions ['colcon_pkg']
[1.572s] Level 1:colcon.colcon_core.package_identification:_identify(models/star-wars-images/val/MACE WINDU) by extension 'colcon_pkg'
[1.572s] Level 1:colcon.colcon_core.package_identification:_identify(models/star-wars-images/val/MACE WINDU) by extensions ['colcon_meta']
[1.572s] Level 1:colcon.colcon_core.package_identification:_identify(models/star-wars-images/val/MACE WINDU) by extension 'colcon_meta'
[1.572s] Level 1:colcon.colcon_core.package_identification:_identify(models/star-wars-images/val/MACE WINDU) by extensions ['ros']
[1.572s] Level 1:colcon.colcon_core.package_identification:_identify(models/star-wars-images/val/MACE WINDU) by extension 'ros'
[1.572s] Level 1:colcon.colcon_core.package_identification:_identify(models/star-wars-images/val/MACE WINDU) by extensions ['cmake', 'python']
[1.572s] Level 1:colcon.colcon_core.package_identification:_identify(models/star-wars-images/val/MACE WINDU) by extension 'cmake'
[1.572s] Level 1:colcon.colcon_core.package_identification:_identify(models/star-wars-images/val/MACE WINDU) by extension 'python'
[1.572s] Level 1:colcon.colcon_core.package_identification:_identify(models/star-wars-images/val/MACE WINDU) by extensions ['python_setup_py']
[1.572s] Level 1:colcon.colcon_core.package_identification:_identify(models/star-wars-images/val/MACE WINDU) by extension 'python_setup_py'
[1.572s] Level 1:colcon.colcon_core.package_identification:_identify(models/star-wars-images/val/R2-R2) by extensions ['ignore', 'ignore_ament_install']
[1.572s] Level 1:colcon.colcon_core.package_identification:_identify(models/star-wars-images/val/R2-R2) by extension 'ignore'
[1.573s] Level 1:colcon.colcon_core.package_identification:_identify(models/star-wars-images/val/R2-R2) by extension 'ignore_ament_install'
[1.573s] Level 1:colcon.colcon_core.package_identification:_identify(models/star-wars-images/val/R2-R2) by extensions ['colcon_pkg']
[1.573s] Level 1:colcon.colcon_core.package_identification:_identify(models/star-wars-images/val/R2-R2) by extension 'colcon_pkg'
[1.573s] Level 1:colcon.colcon_core.package_identification:_identify(models/star-wars-images/val/R2-R2) by extensions ['colcon_meta']
[1.573s] Level 1:colcon.colcon_core.package_identification:_identify(models/star-wars-images/val/R2-R2) by extension 'colcon_meta'
[1.573s] Level 1:colcon.colcon_core.package_identification:_identify(models/star-wars-images/val/R2-R2) by extensions ['ros']
[1.573s] Level 1:colcon.colcon_core.package_identification:_identify(models/star-wars-images/val/R2-R2) by extension 'ros'
[1.573s] Level 1:colcon.colcon_core.package_identification:_identify(models/star-wars-images/val/R2-R2) by extensions ['cmake', 'python']
[1.573s] Level 1:colcon.colcon_core.package_identification:_identify(models/star-wars-images/val/R2-R2) by extension 'cmake'
[1.573s] Level 1:colcon.colcon_core.package_identification:_identify(models/star-wars-images/val/R2-R2) by extension 'python'
[1.573s] Level 1:colcon.colcon_core.package_identification:_identify(models/star-wars-images/val/R2-R2) by extensions ['python_setup_py']
[1.573s] Level 1:colcon.colcon_core.package_identification:_identify(models/star-wars-images/val/R2-R2) by extension 'python_setup_py'
[1.573s] Level 1:colcon.colcon_core.package_identification:_identify(models/star-wars-images/val/YODA) by extensions ['ignore', 'ignore_ament_install']
[1.574s] Level 1:colcon.colcon_core.package_identification:_identify(models/star-wars-images/val/YODA) by extension 'ignore'
[1.574s] Level 1:colcon.colcon_core.package_identification:_identify(models/star-wars-images/val/YODA) by extension 'ignore_ament_install'
[1.574s] Level 1:colcon.colcon_core.package_identification:_identify(models/star-wars-images/val/YODA) by extensions ['colcon_pkg']
[1.574s] Level 1:colcon.colcon_core.package_identification:_identify(models/star-wars-images/val/YODA) by extension 'colcon_pkg'
[1.574s] Level 1:colcon.colcon_core.package_identification:_identify(models/star-wars-images/val/YODA) by extensions ['colcon_meta']
[1.574s] Level 1:colcon.colcon_core.package_identification:_identify(models/star-wars-images/val/YODA) by extension 'colcon_meta'
[1.574s] Level 1:colcon.colcon_core.package_identification:_identify(models/star-wars-images/val/YODA) by extensions ['ros']
[1.574s] Level 1:colcon.colcon_core.package_identification:_identify(models/star-wars-images/val/YODA) by extension 'ros'
[1.574s] Level 1:colcon.colcon_core.package_identification:_identify(models/star-wars-images/val/YODA) by extensions ['cmake', 'python']
[1.574s] Level 1:colcon.colcon_core.package_identification:_identify(models/star-wars-images/val/YODA) by extension 'cmake'
[1.574s] Level 1:colcon.colcon_core.package_identification:_identify(models/star-wars-images/val/YODA) by extension 'python'
[1.574s] Level 1:colcon.colcon_core.package_identification:_identify(models/star-wars-images/val/YODA) by extensions ['python_setup_py']
[1.574s] Level 1:colcon.colcon_core.package_identification:_identify(models/star-wars-images/val/YODA) by extension 'python_setup_py'
[1.575s] Level 1:colcon.colcon_core.package_identification:_identify(src) by extensions ['ignore', 'ignore_ament_install']
[1.575s] Level 1:colcon.colcon_core.package_identification:_identify(src) by extension 'ignore'
[1.575s] Level 1:colcon.colcon_core.package_identification:_identify(src) by extension 'ignore_ament_install'
[1.575s] Level 1:colcon.colcon_core.package_identification:_identify(src) by extensions ['colcon_pkg']
[1.575s] Level 1:colcon.colcon_core.package_identification:_identify(src) by extension 'colcon_pkg'
[1.575s] Level 1:colcon.colcon_core.package_identification:_identify(src) by extensions ['colcon_meta']
[1.575s] Level 1:colcon.colcon_core.package_identification:_identify(src) by extension 'colcon_meta'
[1.575s] Level 1:colcon.colcon_core.package_identification:_identify(src) by extensions ['ros']
[1.575s] Level 1:colcon.colcon_core.package_identification:_identify(src) by extension 'ros'
[1.575s] Level 1:colcon.colcon_core.package_identification:_identify(src) by extensions ['cmake', 'python']
[1.575s] Level 1:colcon.colcon_core.package_identification:_identify(src) by extension 'cmake'
[1.575s] Level 1:colcon.colcon_core.package_identification:_identify(src) by extension 'python'
[1.575s] Level 1:colcon.colcon_core.package_identification:_identify(src) by extensions ['python_setup_py']
[1.575s] Level 1:colcon.colcon_core.package_identification:_identify(src) by extension 'python_setup_py'
[1.576s] Level 1:colcon.colcon_core.package_identification:_identify(src/my_camera_pkg) by extensions ['ignore', 'ignore_ament_install']
[1.576s] Level 1:colcon.colcon_core.package_identification:_identify(src/my_camera_pkg) by extension 'ignore'
[1.576s] Level 1:colcon.colcon_core.package_identification:_identify(src/my_camera_pkg) by extension 'ignore_ament_install'
[1.576s] Level 1:colcon.colcon_core.package_identification:_identify(src/my_camera_pkg) by extensions ['colcon_pkg']
[1.576s] Level 1:colcon.colcon_core.package_identification:_identify(src/my_camera_pkg) by extension 'colcon_pkg'
[1.576s] Level 1:colcon.colcon_core.package_identification:_identify(src/my_camera_pkg) by extensions ['colcon_meta']
[1.576s] Level 1:colcon.colcon_core.package_identification:_identify(src/my_camera_pkg) by extension 'colcon_meta'
[1.576s] Level 1:colcon.colcon_core.package_identification:_identify(src/my_camera_pkg) by extensions ['ros']
[1.576s] Level 1:colcon.colcon_core.package_identification:_identify(src/my_camera_pkg) by extension 'ros'
[1.580s] DEBUG:colcon.colcon_core.package_identification:Package 'src/my_camera_pkg' with type 'ros.ament_python' and name 'my_camera_pkg'
[1.580s] Level 1:colcon.colcon_core.package_identification:_identify(src/my_cubes_pkg) by extensions ['ignore', 'ignore_ament_install']
[1.580s] Level 1:colcon.colcon_core.package_identification:_identify(src/my_cubes_pkg) by extension 'ignore'
[1.580s] Level 1:colcon.colcon_core.package_identification:_identify(src/my_cubes_pkg) by extension 'ignore_ament_install'
[1.580s] Level 1:colcon.colcon_core.package_identification:_identify(src/my_cubes_pkg) by extensions ['colcon_pkg']
[1.580s] Level 1:colcon.colcon_core.package_identification:_identify(src/my_cubes_pkg) by extension 'colcon_pkg'
[1.580s] Level 1:colcon.colcon_core.package_identification:_identify(src/my_cubes_pkg) by extensions ['colcon_meta']
[1.580s] Level 1:colcon.colcon_core.package_identification:_identify(src/my_cubes_pkg) by extension 'colcon_meta'
[1.581s] Level 1:colcon.colcon_core.package_identification:_identify(src/my_cubes_pkg) by extensions ['ros']
[1.581s] Level 1:colcon.colcon_core.package_identification:_identify(src/my_cubes_pkg) by extension 'ros'
[1.581s] DEBUG:colcon.colcon_core.package_identification:Package 'src/my_cubes_pkg' with type 'ros.ament_python' and name 'my_cubes_pkg'
[1.581s] Level 1:colcon.colcon_core.package_identification:_identify(src/my_environment_pkg) by extensions ['ignore', 'ignore_ament_install']
[1.581s] Level 1:colcon.colcon_core.package_identification:_identify(src/my_environment_pkg) by extension 'ignore'
[1.582s] Level 1:colcon.colcon_core.package_identification:_identify(src/my_environment_pkg) by extension 'ignore_ament_install'
[1.582s] Level 1:colcon.colcon_core.package_identification:_identify(src/my_environment_pkg) by extensions ['colcon_pkg']
[1.582s] Level 1:colcon.colcon_core.package_identification:_identify(src/my_environment_pkg) by extension 'colcon_pkg'
[1.582s] Level 1:colcon.colcon_core.package_identification:_identify(src/my_environment_pkg) by extensions ['colcon_meta']
[1.582s] Level 1:colcon.colcon_core.package_identification:_identify(src/my_environment_pkg) by extension 'colcon_meta'
[1.582s] Level 1:colcon.colcon_core.package_identification:_identify(src/my_environment_pkg) by extensions ['ros']
[1.582s] Level 1:colcon.colcon_core.package_identification:_identify(src/my_environment_pkg) by extension 'ros'
[1.582s] DEBUG:colcon.colcon_core.package_identification:Package 'src/my_environment_pkg' with type 'ros.ament_python' and name 'my_environment_pkg'
[1.583s] Level 1:colcon.colcon_core.package_identification:_identify(src/my_robot_pkg) by extensions ['ignore', 'ignore_ament_install']
[1.583s] Level 1:colcon.colcon_core.package_identification:_identify(src/my_robot_pkg) by extension 'ignore'
[1.583s] Level 1:colcon.colcon_core.package_identification:_identify(src/my_robot_pkg) by extension 'ignore_ament_install'
[1.583s] Level 1:colcon.colcon_core.package_identification:_identify(src/my_robot_pkg) by extensions ['colcon_pkg']
[1.583s] Level 1:colcon.colcon_core.package_identification:_identify(src/my_robot_pkg) by extension 'colcon_pkg'
[1.583s] Level 1:colcon.colcon_core.package_identification:_identify(src/my_robot_pkg) by extensions ['colcon_meta']
[1.583s] Level 1:colcon.colcon_core.package_identification:_identify(src/my_robot_pkg) by extension 'colcon_meta'
[1.583s] Level 1:colcon.colcon_core.package_identification:_identify(src/my_robot_pkg) by extensions ['ros']
[1.583s] Level 1:colcon.colcon_core.package_identification:_identify(src/my_robot_pkg) by extension 'ros'
[1.584s] DEBUG:colcon.colcon_core.package_identification:Package 'src/my_robot_pkg' with type 'ros.ament_python' and name 'my_robot_pkg'
[1.584s] Level 1:colcon.colcon_core.package_discovery:discover_packages(recursive) using defaults
[1.584s] Level 1:colcon.colcon_core.package_discovery:discover_packages(ignore) discover
[1.584s] Level 1:colcon.colcon_core.package_discovery:discover_packages(ignore) using defaults
[1.584s] Level 1:colcon.colcon_core.package_discovery:discover_packages(path) discover
[1.584s] Level 1:colcon.colcon_core.package_discovery:discover_packages(path) using defaults
[1.688s] Level 1:colcon.colcon_core.package_discovery:discover_packages(prefix_path) check parameters
[1.688s] Level 1:colcon.colcon_core.package_discovery:discover_packages(prefix_path) discover
[1.723s] DEBUG:colcon.colcon_installed_package_information.package_discovery:Found 3 installed packages in /home/stephenq0503/Desktop/robot_arm_sim/install
[1.742s] DEBUG:colcon.colcon_installed_package_information.package_discovery:Found 370 installed packages in /opt/ros/humble
[1.744s] Level 1:colcon.colcon_core.package_discovery:discover_packages(prefix_path) using defaults
[1.852s] Level 5:colcon.colcon_core.verb:set package 'my_camera_pkg' build argument 'cmake_args' from command line to 'None'
[1.852s] Level 5:colcon.colcon_core.verb:set package 'my_camera_pkg' build argument 'cmake_target' from command line to 'None'
[1.852s] Level 5:colcon.colcon_core.verb:set package 'my_camera_pkg' build argument 'cmake_target_skip_unavailable' from command line to 'False'
[1.852s] Level 5:colcon.colcon_core.verb:set package 'my_camera_pkg' build argument 'cmake_clean_cache' from command line to 'False'
[1.852s] Level 5:colcon.colcon_core.verb:set package 'my_camera_pkg' build argument 'cmake_clean_first' from command line to 'False'
[1.853s] Level 5:colcon.colcon_core.verb:set package 'my_camera_pkg' build argument 'cmake_force_configure' from command line to 'False'
[1.853s] Level 5:colcon.colcon_core.verb:set package 'my_camera_pkg' build argument 'ament_cmake_args' from command line to 'None'
[1.853s] Level 5:colcon.colcon_core.verb:set package 'my_camera_pkg' build argument 'catkin_cmake_args' from command line to 'None'
[1.853s] Level 5:colcon.colcon_core.verb:set package 'my_camera_pkg' build argument 'catkin_skip_building_tests' from command line to 'False'
[1.853s] DEBUG:colcon.colcon_core.verb:Building package 'my_camera_pkg' with the following arguments: {'ament_cmake_args': None, 'build_base': '/home/stephenq0503/Desktop/robot_arm_sim/build/my_camera_pkg', 'catkin_cmake_args': None, 'catkin_skip_building_tests': False, 'cmake_args': None, 'cmake_clean_cache': False, 'cmake_clean_first': False, 'cmake_force_configure': False, 'cmake_target': None, 'cmake_target_skip_unavailable': False, 'install_base': '/home/stephenq0503/Desktop/robot_arm_sim/install/my_camera_pkg', 'merge_install': False, 'path': '/home/stephenq0503/Desktop/robot_arm_sim/src/my_camera_pkg', 'symlink_install': False, 'test_result_base': None}
[1.869s] Level 5:colcon.colcon_core.verb:set package 'my_cubes_pkg' build argument 'cmake_args' from command line to 'None'
[1.869s] Level 5:colcon.colcon_core.verb:set package 'my_cubes_pkg' build argument 'cmake_target' from command line to 'None'
[1.869s] Level 5:colcon.colcon_core.verb:set package 'my_cubes_pkg' build argument 'cmake_target_skip_unavailable' from command line to 'False'
[1.869s] Level 5:colcon.colcon_core.verb:set package 'my_cubes_pkg' build argument 'cmake_clean_cache' from command line to 'False'
[1.869s] Level 5:colcon.colcon_core.verb:set package 'my_cubes_pkg' build argument 'cmake_clean_first' from command line to 'False'
[1.869s] Level 5:colcon.colcon_core.verb:set package 'my_cubes_pkg' build argument 'cmake_force_configure' from command line to 'False'
[1.869s] Level 5:colcon.colcon_core.verb:set package 'my_cubes_pkg' build argument 'ament_cmake_args' from command line to 'None'
[1.869s] Level 5:colcon.colcon_core.verb:set package 'my_cubes_pkg' build argument 'catkin_cmake_args' from command line to 'None'
[1.869s] Level 5:colcon.colcon_core.verb:set package 'my_cubes_pkg' build argument 'catkin_skip_building_tests' from command line to 'False'
[1.869s] DEBUG:colcon.colcon_core.verb:Building package 'my_cubes_pkg' with the following arguments: {'ament_cmake_args': None, 'build_base': '/home/stephenq0503/Desktop/robot_arm_sim/build/my_cubes_pkg', 'catkin_cmake_args': None, 'catkin_skip_building_tests': False, 'cmake_args': None, 'cmake_clean_cache': False, 'cmake_clean_first': False, 'cmake_force_configure': False, 'cmake_target': None, 'cmake_target_skip_unavailable': False, 'install_base': '/home/stephenq0503/Desktop/robot_arm_sim/install/my_cubes_pkg', 'merge_install': False, 'path': '/home/stephenq0503/Desktop/robot_arm_sim/src/my_cubes_pkg', 'symlink_install': False, 'test_result_base': None}
[1.886s] Level 5:colcon.colcon_core.verb:set package 'my_environment_pkg' build argument 'cmake_args' from command line to 'None'
[1.886s] Level 5:colcon.colcon_core.verb:set package 'my_environment_pkg' build argument 'cmake_target' from command line to 'None'
[1.886s] Level 5:colcon.colcon_core.verb:set package 'my_environment_pkg' build argument 'cmake_target_skip_unavailable' from command line to 'False'
[1.886s] Level 5:colcon.colcon_core.verb:set package 'my_environment_pkg' build argument 'cmake_clean_cache' from command line to 'False'
[1.886s] Level 5:colcon.colcon_core.verb:set package 'my_environment_pkg' build argument 'cmake_clean_first' from command line to 'False'
[1.886s] Level 5:colcon.colcon_core.verb:set package 'my_environment_pkg' build argument 'cmake_force_configure' from command line to 'False'
[1.886s] Level 5:colcon.colcon_core.verb:set package 'my_environment_pkg' build argument 'ament_cmake_args' from command line to 'None'
[1.886s] Level 5:colcon.colcon_core.verb:set package 'my_environment_pkg' build argument 'catkin_cmake_args' from command line to 'None'
[1.886s] Level 5:colcon.colcon_core.verb:set package 'my_environment_pkg' build argument 'catkin_skip_building_tests' from command line to 'False'
[1.886s] DEBUG:colcon.colcon_core.verb:Building package 'my_environment_pkg' with the following arguments: {'ament_cmake_args': None, 'build_base': '/home/stephenq0503/Desktop/robot_arm_sim/build/my_environment_pkg', 'catkin_cmake_args': None, 'catkin_skip_building_tests': False, 'cmake_args': None, 'cmake_clean_cache': False, 'cmake_clean_first': False, 'cmake_force_configure': False, 'cmake_target': None, 'cmake_target_skip_unavailable': False, 'install_base': '/home/stephenq0503/Desktop/robot_arm_sim/install/my_environment_pkg', 'merge_install': False, 'path': '/home/stephenq0503/Desktop/robot_arm_sim/src/my_environment_pkg', 'symlink_install': False, 'test_result_base': None}
[1.903s] Level 5:colcon.colcon_core.verb:set package 'my_robot_pkg' build argument 'cmake_args' from command line to 'None'
[1.903s] Level 5:colcon.colcon_core.verb:set package 'my_robot_pkg' build argument 'cmake_target' from command line to 'None'
[1.903s] Level 5:colcon.colcon_core.verb:set package 'my_robot_pkg' build argument 'cmake_target_skip_unavailable' from command line to 'False'
[1.903s] Level 5:colcon.colcon_core.verb:set package 'my_robot_pkg' build argument 'cmake_clean_cache' from command line to 'False'
[1.903s] Level 5:colcon.colcon_core.verb:set package 'my_robot_pkg' build argument 'cmake_clean_first' from command line to 'False'
[1.903s] Level 5:colcon.colcon_core.verb:set package 'my_robot_pkg' build argument 'cmake_force_configure' from command line to 'False'
[1.903s] Level 5:colcon.colcon_core.verb:set package 'my_robot_pkg' build argument 'ament_cmake_args' from command line to 'None'
[1.903s] Level 5:colcon.colcon_core.verb:set package 'my_robot_pkg' build argument 'catkin_cmake_args' from command line to 'None'
[1.903s] Level 5:colcon.colcon_core.verb:set package 'my_robot_pkg' build argument 'catkin_skip_building_tests' from command line to 'False'
[1.903s] DEBUG:colcon.colcon_core.verb:Building package 'my_robot_pkg' with the following arguments: {'ament_cmake_args': None, 'build_base': '/home/stephenq0503/Desktop/robot_arm_sim/build/my_robot_pkg', 'catkin_cmake_args': None, 'catkin_skip_building_tests': False, 'cmake_args': None, 'cmake_clean_cache': False, 'cmake_clean_first': False, 'cmake_force_configure': False, 'cmake_target': None, 'cmake_target_skip_unavailable': False, 'install_base': '/home/stephenq0503/Desktop/robot_arm_sim/install/my_robot_pkg', 'merge_install': False, 'path': '/home/stephenq0503/Desktop/robot_arm_sim/src/my_robot_pkg', 'symlink_install': False, 'test_result_base': None}
[1.919s] INFO:colcon.colcon_core.executor:Executing jobs using 'parallel' executor
[1.936s] DEBUG:colcon.colcon_parallel_executor.executor.parallel:run_until_complete
[1.936s] INFO:colcon.colcon_ros.task.ament_python.build:Building ROS package in '/home/stephenq0503/Desktop/robot_arm_sim/src/my_camera_pkg' with build type 'ament_python'
[1.936s] Level 1:colcon.colcon_core.shell:create_environment_hook('my_camera_pkg', 'ament_prefix_path')
[1.954s] INFO:colcon.colcon_core.plugin_system:Skipping extension 'colcon_core.shell.bat': Not used on non-Windows systems
[1.955s] INFO:colcon.colcon_core.shell:Creating environment hook '/home/stephenq0503/Desktop/robot_arm_sim/install/my_camera_pkg/share/my_camera_pkg/hook/ament_prefix_path.ps1'
[1.955s] INFO:colcon.colcon_core.shell:Creating environment descriptor '/home/stephenq0503/Desktop/robot_arm_sim/install/my_camera_pkg/share/my_camera_pkg/hook/ament_prefix_path.dsv'
[1.956s] INFO:colcon.colcon_core.shell:Creating environment hook '/home/stephenq0503/Desktop/robot_arm_sim/install/my_camera_pkg/share/my_camera_pkg/hook/ament_prefix_path.sh'
[1.973s] INFO:colcon.colcon_core.shell:Skip shell extension 'powershell' for command environment: Not usable outside of PowerShell
[1.973s] DEBUG:colcon.colcon_core.shell:Skip shell extension 'dsv' for command environment
[2.034s] INFO:colcon.colcon_ros.task.ament_python.build:Building ROS package in '/home/stephenq0503/Desktop/robot_arm_sim/src/my_cubes_pkg' with build type 'ament_python'
[2.034s] Level 1:colcon.colcon_core.shell:create_environment_hook('my_cubes_pkg', 'ament_prefix_path')
[2.058s] INFO:colcon.colcon_core.shell:Creating environment hook '/home/stephenq0503/Desktop/robot_arm_sim/install/my_cubes_pkg/share/my_cubes_pkg/hook/ament_prefix_path.ps1'
[2.059s] INFO:colcon.colcon_core.shell:Creating environment descriptor '/home/stephenq0503/Desktop/robot_arm_sim/install/my_cubes_pkg/share/my_cubes_pkg/hook/ament_prefix_path.dsv'
[2.059s] INFO:colcon.colcon_core.shell:Creating environment hook '/home/stephenq0503/Desktop/robot_arm_sim/install/my_cubes_pkg/share/my_cubes_pkg/hook/ament_prefix_path.sh'
[2.081s] INFO:colcon.colcon_core.shell:Skip shell extension 'powershell' for command environment: Not usable outside of PowerShell
[2.081s] DEBUG:colcon.colcon_core.shell:Skip shell extension 'dsv' for command environment
[2.145s] INFO:colcon.colcon_ros.task.ament_python.build:Building ROS package in '/home/stephenq0503/Desktop/robot_arm_sim/src/my_environment_pkg' with build type 'ament_python'
[2.145s] Level 1:colcon.colcon_core.shell:create_environment_hook('my_environment_pkg', 'ament_prefix_path')
[2.163s] INFO:colcon.colcon_core.shell:Creating environment hook '/home/stephenq0503/Desktop/robot_arm_sim/install/my_environment_pkg/share/my_environment_pkg/hook/ament_prefix_path.ps1'
[2.165s] INFO:colcon.colcon_core.shell:Creating environment descriptor '/home/stephenq0503/Desktop/robot_arm_sim/install/my_environment_pkg/share/my_environment_pkg/hook/ament_prefix_path.dsv'
[2.166s] INFO:colcon.colcon_core.shell:Creating environment hook '/home/stephenq0503/Desktop/robot_arm_sim/install/my_environment_pkg/share/my_environment_pkg/hook/ament_prefix_path.sh'
[2.187s] INFO:colcon.colcon_core.shell:Skip shell extension 'powershell' for command environment: Not usable outside of PowerShell
[2.187s] DEBUG:colcon.colcon_core.shell:Skip shell extension 'dsv' for command environment
[2.243s] INFO:colcon.colcon_ros.task.ament_python.build:Building ROS package in '/home/stephenq0503/Desktop/robot_arm_sim/src/my_robot_pkg' with build type 'ament_python'
[2.244s] Level 1:colcon.colcon_core.shell:create_environment_hook('my_robot_pkg', 'ament_prefix_path')
[2.261s] INFO:colcon.colcon_core.shell:Creating environment hook '/home/stephenq0503/Desktop/robot_arm_sim/install/my_robot_pkg/share/my_robot_pkg/hook/ament_prefix_path.ps1'
[2.262s] INFO:colcon.colcon_core.shell:Creating environment descriptor '/home/stephenq0503/Desktop/robot_arm_sim/install/my_robot_pkg/share/my_robot_pkg/hook/ament_prefix_path.dsv'
[2.262s] INFO:colcon.colcon_core.shell:Creating environment hook '/home/stephenq0503/Desktop/robot_arm_sim/install/my_robot_pkg/share/my_robot_pkg/hook/ament_prefix_path.sh'
[2.281s] INFO:colcon.colcon_core.shell:Skip shell extension 'powershell' for command environment: Not usable outside of PowerShell
[2.281s] DEBUG:colcon.colcon_core.shell:Skip shell extension 'dsv' for command environment
[2.648s] INFO:colcon.colcon_core.task.python.build:Building Python package in '/home/stephenq0503/Desktop/robot_arm_sim/src/my_camera_pkg'
[2.675s] INFO:colcon.colcon_core.shell:Skip shell extension 'powershell' for command environment: Not usable outside of PowerShell
[2.675s] DEBUG:colcon.colcon_core.shell:Skip shell extension 'dsv' for command environment
[3.060s] INFO:colcon.colcon_core.task.python.build:Building Python package in '/home/stephenq0503/Desktop/robot_arm_sim/src/my_cubes_pkg'
[3.081s] INFO:colcon.colcon_core.shell:Skip shell extension 'powershell' for command environment: Not usable outside of PowerShell
[3.081s] DEBUG:colcon.colcon_core.shell:Skip shell extension 'dsv' for command environment
[3.499s] INFO:colcon.colcon_core.task.python.build:Building Python package in '/home/stephenq0503/Desktop/robot_arm_sim/src/my_environment_pkg'
[3.544s] INFO:colcon.colcon_core.shell:Skip shell extension 'powershell' for command environment: Not usable outside of PowerShell
[3.545s] DEBUG:colcon.colcon_core.shell:Skip shell extension 'dsv' for command environment
[4.079s] INFO:colcon.colcon_core.task.python.build:Building Python package in '/home/stephenq0503/Desktop/robot_arm_sim/src/my_robot_pkg'
[4.104s] INFO:colcon.colcon_core.shell:Skip shell extension 'powershell' for command environment: Not usable outside of PowerShell
[4.104s] DEBUG:colcon.colcon_core.shell:Skip shell extension 'dsv' for command environment
[4.788s] DEBUG:colcon.colcon_core.event_handler.log_command:Invoking command in '/home/stephenq0503/Desktop/robot_arm_sim/src/my_camera_pkg': PYTHONPATH=/home/stephenq0503/Desktop/robot_arm_sim/build/my_camera_pkg/prefix_override:/home/stephenq0503/Desktop/robot_arm_sim/install/my_camera_pkg/lib/python3.10/site-packages:${PYTHONPATH} /usr/bin/python3 setup.py egg_info --egg-base ../../build/my_camera_pkg build --build-base /home/stephenq0503/Desktop/robot_arm_sim/build/my_camera_pkg/build install --record /home/stephenq0503/Desktop/robot_arm_sim/build/my_camera_pkg/install.log --single-version-externally-managed
[4.800s] DEBUG:colcon.colcon_core.event_handler.log_command:Invoking command in '/home/stephenq0503/Desktop/robot_arm_sim/src/my_cubes_pkg': PYTHONPATH=/home/stephenq0503/Desktop/robot_arm_sim/build/my_cubes_pkg/prefix_override:/home/stephenq0503/Desktop/robot_arm_sim/install/my_cubes_pkg/lib/python3.10/site-packages:${PYTHONPATH} /usr/bin/python3 setup.py egg_info --egg-base ../../build/my_cubes_pkg build --build-base /home/stephenq0503/Desktop/robot_arm_sim/build/my_cubes_pkg/build install --record /home/stephenq0503/Desktop/robot_arm_sim/build/my_cubes_pkg/install.log --single-version-externally-managed
[4.808s] DEBUG:colcon.colcon_core.event_handler.log_command:Invoking command in '/home/stephenq0503/Desktop/robot_arm_sim/src/my_robot_pkg': PYTHONPATH=/home/stephenq0503/Desktop/robot_arm_sim/build/my_robot_pkg/prefix_override:/home/stephenq0503/Desktop/robot_arm_sim/install/my_robot_pkg/lib/python3.10/site-packages:${PYTHONPATH} /usr/bin/python3 setup.py egg_info --egg-base ../../build/my_robot_pkg build --build-base /home/stephenq0503/Desktop/robot_arm_sim/build/my_robot_pkg/build install --record /home/stephenq0503/Desktop/robot_arm_sim/build/my_robot_pkg/install.log --single-version-externally-managed
[4.834s] DEBUG:colcon.colcon_core.event_handler.log_command:Invoking command in '/home/stephenq0503/Desktop/robot_arm_sim/src/my_environment_pkg': PYTHONPATH=/home/stephenq0503/Desktop/robot_arm_sim/build/my_environment_pkg/prefix_override:/home/stephenq0503/Desktop/robot_arm_sim/install/my_environment_pkg/lib/python3.10/site-packages:${PYTHONPATH} /usr/bin/python3 setup.py egg_info --egg-base ../../build/my_environment_pkg build --build-base /home/stephenq0503/Desktop/robot_arm_sim/build/my_environment_pkg/build install --record /home/stephenq0503/Desktop/robot_arm_sim/build/my_environment_pkg/install.log --single-version-externally-managed
[5.446s] DEBUG:colcon.colcon_core.event_handler.log_command:Invoked command in '/home/stephenq0503/Desktop/robot_arm_sim/src/my_camera_pkg' returned '0': PYTHONPATH=/home/stephenq0503/Desktop/robot_arm_sim/build/my_camera_pkg/prefix_override:/home/stephenq0503/Desktop/robot_arm_sim/install/my_camera_pkg/lib/python3.10/site-packages:${PYTHONPATH} /usr/bin/python3 setup.py egg_info --egg-base ../../build/my_camera_pkg build --build-base /home/stephenq0503/Desktop/robot_arm_sim/build/my_camera_pkg/build install --record /home/stephenq0503/Desktop/robot_arm_sim/build/my_camera_pkg/install.log --single-version-externally-managed
[5.479s] Level 1:colcon.colcon_core.environment:checking '/home/stephenq0503/Desktop/robot_arm_sim/install/my_camera_pkg' for CMake module files
[5.479s] Level 1:colcon.colcon_core.environment:checking '/home/stephenq0503/Desktop/robot_arm_sim/install/my_camera_pkg' for CMake config files
[5.480s] Level 1:colcon.colcon_core.environment:checking '/home/stephenq0503/Desktop/robot_arm_sim/install/my_camera_pkg/lib'
[5.480s] Level 1:colcon.colcon_core.environment:checking '/home/stephenq0503/Desktop/robot_arm_sim/install/my_camera_pkg/bin'
[5.481s] Level 1:colcon.colcon_core.environment:checking '/home/stephenq0503/Desktop/robot_arm_sim/install/my_camera_pkg/lib/pkgconfig/my_camera_pkg.pc'
[5.481s] Level 1:colcon.colcon_core.environment:checking '/home/stephenq0503/Desktop/robot_arm_sim/install/my_camera_pkg/lib/python3.10/site-packages'
[5.481s] Level 1:colcon.colcon_core.shell:create_environment_hook('my_camera_pkg', 'pythonpath')
[5.511s] INFO:colcon.colcon_core.shell:Creating environment hook '/home/stephenq0503/Desktop/robot_arm_sim/install/my_camera_pkg/share/my_camera_pkg/hook/pythonpath.ps1'
[5.513s] INFO:colcon.colcon_core.shell:Creating environment descriptor '/home/stephenq0503/Desktop/robot_arm_sim/install/my_camera_pkg/share/my_camera_pkg/hook/pythonpath.dsv'
[5.514s] INFO:colcon.colcon_core.shell:Creating environment hook '/home/stephenq0503/Desktop/robot_arm_sim/install/my_camera_pkg/share/my_camera_pkg/hook/pythonpath.sh'
[5.515s] Level 1:colcon.colcon_core.environment:checking '/home/stephenq0503/Desktop/robot_arm_sim/install/my_camera_pkg/bin'
[5.515s] Level 1:colcon.colcon_core.environment:create_environment_scripts_only(my_camera_pkg)
[5.546s] INFO:colcon.colcon_core.shell:Creating package script '/home/stephenq0503/Desktop/robot_arm_sim/install/my_camera_pkg/share/my_camera_pkg/package.ps1'
[5.547s] INFO:colcon.colcon_core.shell:Creating package descriptor '/home/stephenq0503/Desktop/robot_arm_sim/install/my_camera_pkg/share/my_camera_pkg/package.dsv'
[5.548s] INFO:colcon.colcon_core.shell:Creating package script '/home/stephenq0503/Desktop/robot_arm_sim/install/my_camera_pkg/share/my_camera_pkg/package.sh'
[5.549s] INFO:colcon.colcon_core.shell:Creating package script '/home/stephenq0503/Desktop/robot_arm_sim/install/my_camera_pkg/share/my_camera_pkg/package.bash'
[5.550s] INFO:colcon.colcon_core.shell:Creating package script '/home/stephenq0503/Desktop/robot_arm_sim/install/my_camera_pkg/share/my_camera_pkg/package.zsh'
[5.550s] Level 1:colcon.colcon_core.environment:create_file_with_runtime_dependencies(/home/stephenq0503/Desktop/robot_arm_sim/install/my_camera_pkg/share/colcon-core/packages/my_camera_pkg)
[5.554s] DEBUG:colcon.colcon_core.event_handler.log_command:Invoked command in '/home/stephenq0503/Desktop/robot_arm_sim/src/my_robot_pkg' returned '0': PYTHONPATH=/home/stephenq0503/Desktop/robot_arm_sim/build/my_robot_pkg/prefix_override:/home/stephenq0503/Desktop/robot_arm_sim/install/my_robot_pkg/lib/python3.10/site-packages:${PYTHONPATH} /usr/bin/python3 setup.py egg_info --egg-base ../../build/my_robot_pkg build --build-base /home/stephenq0503/Desktop/robot_arm_sim/build/my_robot_pkg/build install --record /home/stephenq0503/Desktop/robot_arm_sim/build/my_robot_pkg/install.log --single-version-externally-managed
[5.576s] Level 1:colcon.colcon_core.environment:checking '/home/stephenq0503/Desktop/robot_arm_sim/install/my_robot_pkg' for CMake module files
[5.577s] Level 1:colcon.colcon_core.environment:checking '/home/stephenq0503/Desktop/robot_arm_sim/install/my_robot_pkg' for CMake config files
[5.578s] Level 1:colcon.colcon_core.environment:checking '/home/stephenq0503/Desktop/robot_arm_sim/install/my_robot_pkg/lib'
[5.579s] Level 1:colcon.colcon_core.environment:checking '/home/stephenq0503/Desktop/robot_arm_sim/install/my_robot_pkg/bin'
[5.579s] Level 1:colcon.colcon_core.environment:checking '/home/stephenq0503/Desktop/robot_arm_sim/install/my_robot_pkg/lib/pkgconfig/my_robot_pkg.pc'
[5.579s] Level 1:colcon.colcon_core.environment:checking '/home/stephenq0503/Desktop/robot_arm_sim/install/my_robot_pkg/lib/python3.10/site-packages'
[5.579s] Level 1:colcon.colcon_core.shell:create_environment_hook('my_robot_pkg', 'pythonpath')
[5.611s] INFO:colcon.colcon_core.shell:Creating environment hook '/home/stephenq0503/Desktop/robot_arm_sim/install/my_robot_pkg/share/my_robot_pkg/hook/pythonpath.ps1'
[5.611s] INFO:colcon.colcon_core.shell:Creating environment descriptor '/home/stephenq0503/Desktop/robot_arm_sim/install/my_robot_pkg/share/my_robot_pkg/hook/pythonpath.dsv'
[5.612s] INFO:colcon.colcon_core.shell:Creating environment hook '/home/stephenq0503/Desktop/robot_arm_sim/install/my_robot_pkg/share/my_robot_pkg/hook/pythonpath.sh'
[5.612s] Level 1:colcon.colcon_core.environment:checking '/home/stephenq0503/Desktop/robot_arm_sim/install/my_robot_pkg/bin'
[5.612s] Level 1:colcon.colcon_core.environment:create_environment_scripts_only(my_robot_pkg)
[5.634s] INFO:colcon.colcon_core.shell:Creating package script '/home/stephenq0503/Desktop/robot_arm_sim/install/my_robot_pkg/share/my_robot_pkg/package.ps1'
[5.635s] INFO:colcon.colcon_core.shell:Creating package descriptor '/home/stephenq0503/Desktop/robot_arm_sim/install/my_robot_pkg/share/my_robot_pkg/package.dsv'
[5.636s] INFO:colcon.colcon_core.shell:Creating package script '/home/stephenq0503/Desktop/robot_arm_sim/install/my_robot_pkg/share/my_robot_pkg/package.sh'
[5.636s] INFO:colcon.colcon_core.shell:Creating package script '/home/stephenq0503/Desktop/robot_arm_sim/install/my_robot_pkg/share/my_robot_pkg/package.bash'
[5.636s] INFO:colcon.colcon_core.shell:Creating package script '/home/stephenq0503/Desktop/robot_arm_sim/install/my_robot_pkg/share/my_robot_pkg/package.zsh'
[5.637s] Level 1:colcon.colcon_core.environment:create_file_with_runtime_dependencies(/home/stephenq0503/Desktop/robot_arm_sim/install/my_robot_pkg/share/colcon-core/packages/my_robot_pkg)
[5.638s] DEBUG:colcon.colcon_core.event_handler.log_command:Invoked command in '/home/stephenq0503/Desktop/robot_arm_sim/src/my_cubes_pkg' returned '0': PYTHONPATH=/home/stephenq0503/Desktop/robot_arm_sim/build/my_cubes_pkg/prefix_override:/home/stephenq0503/Desktop/robot_arm_sim/install/my_cubes_pkg/lib/python3.10/site-packages:${PYTHONPATH} /usr/bin/python3 setup.py egg_info --egg-base ../../build/my_cubes_pkg build --build-base /home/stephenq0503/Desktop/robot_arm_sim/build/my_cubes_pkg/build install --record /home/stephenq0503/Desktop/robot_arm_sim/build/my_cubes_pkg/install.log --single-version-externally-managed
[5.659s] Level 1:colcon.colcon_core.environment:checking '/home/stephenq0503/Desktop/robot_arm_sim/install/my_cubes_pkg' for CMake module files
[5.660s] Level 1:colcon.colcon_core.environment:checking '/home/stephenq0503/Desktop/robot_arm_sim/install/my_cubes_pkg' for CMake config files
[5.661s] Level 1:colcon.colcon_core.environment:checking '/home/stephenq0503/Desktop/robot_arm_sim/install/my_cubes_pkg/lib'
[5.661s] Level 1:colcon.colcon_core.environment:checking '/home/stephenq0503/Desktop/robot_arm_sim/install/my_cubes_pkg/bin'
[5.661s] Level 1:colcon.colcon_core.environment:checking '/home/stephenq0503/Desktop/robot_arm_sim/install/my_cubes_pkg/lib/pkgconfig/my_cubes_pkg.pc'
[5.661s] Level 1:colcon.colcon_core.environment:checking '/home/stephenq0503/Desktop/robot_arm_sim/install/my_cubes_pkg/lib/python3.10/site-packages'
[5.662s] Level 1:colcon.colcon_core.shell:create_environment_hook('my_cubes_pkg', 'pythonpath')
[5.683s] INFO:colcon.colcon_core.shell:Creating environment hook '/home/stephenq0503/Desktop/robot_arm_sim/install/my_cubes_pkg/share/my_cubes_pkg/hook/pythonpath.ps1'
[5.684s] INFO:colcon.colcon_core.shell:Creating environment descriptor '/home/stephenq0503/Desktop/robot_arm_sim/install/my_cubes_pkg/share/my_cubes_pkg/hook/pythonpath.dsv'
[5.684s] INFO:colcon.colcon_core.shell:Creating environment hook '/home/stephenq0503/Desktop/robot_arm_sim/install/my_cubes_pkg/share/my_cubes_pkg/hook/pythonpath.sh'
[5.685s] Level 1:colcon.colcon_core.environment:checking '/home/stephenq0503/Desktop/robot_arm_sim/install/my_cubes_pkg/bin'
[5.685s] Level 1:colcon.colcon_core.environment:create_environment_scripts_only(my_cubes_pkg)
[5.702s] INFO:colcon.colcon_core.shell:Creating package script '/home/stephenq0503/Desktop/robot_arm_sim/install/my_cubes_pkg/share/my_cubes_pkg/package.ps1'
[5.703s] INFO:colcon.colcon_core.shell:Creating package descriptor '/home/stephenq0503/Desktop/robot_arm_sim/install/my_cubes_pkg/share/my_cubes_pkg/package.dsv'
[5.703s] INFO:colcon.colcon_core.shell:Creating package script '/home/stephenq0503/Desktop/robot_arm_sim/install/my_cubes_pkg/share/my_cubes_pkg/package.sh'
[5.704s] INFO:colcon.colcon_core.shell:Creating package script '/home/stephenq0503/Desktop/robot_arm_sim/install/my_cubes_pkg/share/my_cubes_pkg/package.bash'
[5.704s] INFO:colcon.colcon_core.shell:Creating package script '/home/stephenq0503/Desktop/robot_arm_sim/install/my_cubes_pkg/share/my_cubes_pkg/package.zsh'
[5.704s] Level 1:colcon.colcon_core.environment:create_file_with_runtime_dependencies(/home/stephenq0503/Desktop/robot_arm_sim/install/my_cubes_pkg/share/colcon-core/packages/my_cubes_pkg)
[5.706s] DEBUG:colcon.colcon_core.event_handler.log_command:Invoked command in '/home/stephenq0503/Desktop/robot_arm_sim/src/my_environment_pkg' returned '0': PYTHONPATH=/home/stephenq0503/Desktop/robot_arm_sim/build/my_environment_pkg/prefix_override:/home/stephenq0503/Desktop/robot_arm_sim/install/my_environment_pkg/lib/python3.10/site-packages:${PYTHONPATH} /usr/bin/python3 setup.py egg_info --egg-base ../../build/my_environment_pkg build --build-base /home/stephenq0503/Desktop/robot_arm_sim/build/my_environment_pkg/build install --record /home/stephenq0503/Desktop/robot_arm_sim/build/my_environment_pkg/install.log --single-version-externally-managed
[5.725s] Level 1:colcon.colcon_core.environment:checking '/home/stephenq0503/Desktop/robot_arm_sim/install/my_environment_pkg' for CMake module files
[5.725s] Level 1:colcon.colcon_core.environment:checking '/home/stephenq0503/Desktop/robot_arm_sim/install/my_environment_pkg' for CMake config files
[5.726s] Level 1:colcon.colcon_core.environment:checking '/home/stephenq0503/Desktop/robot_arm_sim/install/my_environment_pkg/lib'
[5.726s] Level 1:colcon.colcon_core.environment:checking '/home/stephenq0503/Desktop/robot_arm_sim/install/my_environment_pkg/bin'
[5.726s] Level 1:colcon.colcon_core.environment:checking '/home/stephenq0503/Desktop/robot_arm_sim/install/my_environment_pkg/lib/pkgconfig/my_environment_pkg.pc'
[5.726s] Level 1:colcon.colcon_core.environment:checking '/home/stephenq0503/Desktop/robot_arm_sim/install/my_environment_pkg/lib/python3.10/site-packages'
[5.727s] Level 1:colcon.colcon_core.shell:create_environment_hook('my_environment_pkg', 'pythonpath')
[5.746s] INFO:colcon.colcon_core.shell:Creating environment hook '/home/stephenq0503/Desktop/robot_arm_sim/install/my_environment_pkg/share/my_environment_pkg/hook/pythonpath.ps1'
[5.747s] INFO:colcon.colcon_core.shell:Creating environment descriptor '/home/stephenq0503/Desktop/robot_arm_sim/install/my_environment_pkg/share/my_environment_pkg/hook/pythonpath.dsv'
[5.748s] INFO:colcon.colcon_core.shell:Creating environment hook '/home/stephenq0503/Desktop/robot_arm_sim/install/my_environment_pkg/share/my_environment_pkg/hook/pythonpath.sh'
[5.749s] Level 1:colcon.colcon_core.environment:checking '/home/stephenq0503/Desktop/robot_arm_sim/install/my_environment_pkg/bin'
[5.749s] Level 1:colcon.colcon_core.environment:create_environment_scripts_only(my_environment_pkg)
[5.767s] INFO:colcon.colcon_core.shell:Creating package script '/home/stephenq0503/Desktop/robot_arm_sim/install/my_environment_pkg/share/my_environment_pkg/package.ps1'
[5.768s] INFO:colcon.colcon_core.shell:Creating package descriptor '/home/stephenq0503/Desktop/robot_arm_sim/install/my_environment_pkg/share/my_environment_pkg/package.dsv'
[5.769s] INFO:colcon.colcon_core.shell:Creating package script '/home/stephenq0503/Desktop/robot_arm_sim/install/my_environment_pkg/share/my_environment_pkg/package.sh'
[5.769s] INFO:colcon.colcon_core.shell:Creating package script '/home/stephenq0503/Desktop/robot_arm_sim/install/my_environment_pkg/share/my_environment_pkg/package.bash'
[5.770s] INFO:colcon.colcon_core.shell:Creating package script '/home/stephenq0503/Desktop/robot_arm_sim/install/my_environment_pkg/share/my_environment_pkg/package.zsh'
[5.770s] Level 1:colcon.colcon_core.environment:create_file_with_runtime_dependencies(/home/stephenq0503/Desktop/robot_arm_sim/install/my_environment_pkg/share/colcon-core/packages/my_environment_pkg)
[5.770s] DEBUG:colcon.colcon_parallel_executor.executor.parallel:closing loop
[5.771s] DEBUG:colcon.colcon_parallel_executor.executor.parallel:loop closed
[5.771s] DEBUG:colcon.colcon_parallel_executor.executor.parallel:run_until_complete finished with '0'
[5.771s] DEBUG:colcon.colcon_core.event_reactor:joining thread
[5.803s] INFO:colcon.colcon_core.plugin_system:Skipping extension 'colcon_notification.desktop_notification.terminal_notifier': Not used on non-Darwin systems
[5.803s] INFO:colcon.colcon_core.plugin_system:Skipping extension 'colcon_notification.desktop_notification.win32': Not used on non-Windows systems
[5.804s] INFO:colcon.colcon_notification.desktop_notification:Sending desktop notification using 'notify2'
[5.821s] DEBUG:colcon.colcon_core.event_reactor:joined thread
[5.841s] INFO:colcon.colcon_core.shell:Creating prefix script '/home/stephenq0503/Desktop/robot_arm_sim/install/local_setup.ps1'
[5.843s] INFO:colcon.colcon_core.shell:Creating prefix util module '/home/stephenq0503/Desktop/robot_arm_sim/install/_local_setup_util_ps1.py'
[5.846s] INFO:colcon.colcon_core.shell:Creating prefix chain script '/home/stephenq0503/Desktop/robot_arm_sim/install/setup.ps1'
[5.870s] INFO:colcon.colcon_core.shell:Creating prefix script '/home/stephenq0503/Desktop/robot_arm_sim/install/local_setup.sh'
[5.871s] INFO:colcon.colcon_core.shell:Creating prefix util module '/home/stephenq0503/Desktop/robot_arm_sim/install/_local_setup_util_sh.py'
[5.872s] INFO:colcon.colcon_core.shell:Creating prefix chain script '/home/stephenq0503/Desktop/robot_arm_sim/install/setup.sh'
[5.891s] INFO:colcon.colcon_core.shell:Creating prefix script '/home/stephenq0503/Desktop/robot_arm_sim/install/local_setup.bash'
[5.892s] INFO:colcon.colcon_core.shell:Creating prefix chain script '/home/stephenq0503/Desktop/robot_arm_sim/install/setup.bash'
[5.911s] INFO:colcon.colcon_core.shell:Creating prefix script '/home/stephenq0503/Desktop/robot_arm_sim/install/local_setup.zsh'
[5.911s] INFO:colcon.colcon_core.shell:Creating prefix chain script '/home/stephenq0503/Desktop/robot_arm_sim/install/setup.zsh'
