[1.370s] DEBUG:colcon:Command line arguments: ['/usr/bin/colcon', 'build']
[1.370s] DEBUG:colcon:Parsed command line arguments: Namespace(log_base=None, log_level=None, verb_name='build', build_base='build', install_base='install', merge_install=False, symlink_install=False, test_result_base=None, continue_on_error=False, executor='parallel', parallel_workers=8, event_handlers=None, ignore_user_meta=False, metas=['./colcon.meta'], base_paths=['.'], packages_ignore=None, packages_ignore_regex=None, paths=None, packages_up_to=None, packages_up_to_regex=None, packages_above=None, packages_above_and_dependencies=None, packages_above_depth=None, packages_select_by_dep=None, packages_skip_by_dep=None, packages_skip_up_to=None, packages_select_build_failed=False, packages_skip_build_finished=False, packages_select_test_failures=False, packages_skip_test_passed=False, packages_select=None, packages_skip=None, packages_select_regex=None, packages_skip_regex=None, packages_start=None, packages_end=None, allow_overriding=[], cmake_args=None, cmake_target=None, cmake_target_skip_unavailable=False, cmake_clean_cache=False, cmake_clean_first=False, cmake_force_configure=False, ament_cmake_args=None, catkin_cmake_args=None, catkin_skip_building_tests=False, mixin_files=None, mixin=None, verb_parser=<colcon_mixin.mixin.mixin_argument.MixinArgumentDecorator object at 0x7f57d41af8e0>, verb_extension=<colcon_core.verb.build.BuildVerb object at 0x7f57d41af640>, main=<bound method BuildVerb.main of <colcon_core.verb.build.BuildVerb object at 0x7f57d41af640>>, mixin_verb=('build',))
[1.516s] Level 1:colcon.colcon_core.package_discovery:discover_packages(colcon_meta) check parameters
[1.516s] Level 1:colcon.colcon_core.package_discovery:discover_packages(recursive) check parameters
[1.516s] Level 1:colcon.colcon_core.package_discovery:discover_packages(ignore) check parameters
[1.516s] Level 1:colcon.colcon_core.package_discovery:discover_packages(path) check parameters
[1.516s] Level 1:colcon.colcon_core.package_discovery:discover_packages(colcon_meta) discover
[1.516s] Level 1:colcon.colcon_core.package_discovery:discover_packages(recursive) discover
[1.516s] INFO:colcon.colcon_core.package_discovery:Crawling recursively for packages in '/home/stephenq0503/Desktop/robot_arm_sim'
[1.516s] Level 1:colcon.colcon_core.package_identification:_identify(.) by extensions ['ignore', 'ignore_ament_install']
[1.516s] Level 1:colcon.colcon_core.package_identification:_identify(.) by extension 'ignore'
[1.516s] Level 1:colcon.colcon_core.package_identification:_identify(.) by extension 'ignore_ament_install'
[1.516s] Level 1:colcon.colcon_core.package_identification:_identify(.) by extensions ['colcon_pkg']
[1.516s] Level 1:colcon.colcon_core.package_identification:_identify(.) by extension 'colcon_pkg'
[1.516s] Level 1:colcon.colcon_core.package_identification:_identify(.) by extensions ['colcon_meta']
[1.516s] Level 1:colcon.colcon_core.package_identification:_identify(.) by extension 'colcon_meta'
[1.516s] Level 1:colcon.colcon_core.package_identification:_identify(.) by extensions ['ros']
[1.517s] Level 1:colcon.colcon_core.package_identification:_identify(.) by extension 'ros'
[1.528s] Level 1:colcon.colcon_core.package_identification:_identify(.) by extensions ['cmake', 'python']
[1.528s] Level 1:colcon.colcon_core.package_identification:_identify(.) by extension 'cmake'
[1.528s] Level 1:colcon.colcon_core.package_identification:_identify(.) by extension 'python'
[1.528s] Level 1:colcon.colcon_core.package_identification:_identify(.) by extensions ['python_setup_py']
[1.529s] Level 1:colcon.colcon_core.package_identification:_identify(.) by extension 'python_setup_py'
[1.529s] Level 1:colcon.colcon_core.package_identification:_identify(build) by extensions ['ignore', 'ignore_ament_install']
[1.529s] Level 1:colcon.colcon_core.package_identification:_identify(build) by extension 'ignore'
[1.529s] Level 1:colcon.colcon_core.package_identification:_identify(build) ignored
[1.529s] Level 1:colcon.colcon_core.package_identification:_identify(install) by extensions ['ignore', 'ignore_ament_install']
[1.529s] Level 1:colcon.colcon_core.package_identification:_identify(install) by extension 'ignore'
[1.529s] Level 1:colcon.colcon_core.package_identification:_identify(install) ignored
[1.529s] Level 1:colcon.colcon_core.package_identification:_identify(log) by extensions ['ignore', 'ignore_ament_install']
[1.529s] Level 1:colcon.colcon_core.package_identification:_identify(log) by extension 'ignore'
[1.529s] Level 1:colcon.colcon_core.package_identification:_identify(log) ignored
[1.529s] Level 1:colcon.colcon_core.package_identification:_identify(src) by extensions ['ignore', 'ignore_ament_install']
[1.530s] Level 1:colcon.colcon_core.package_identification:_identify(src) by extension 'ignore'
[1.530s] Level 1:colcon.colcon_core.package_identification:_identify(src) by extension 'ignore_ament_install'
[1.530s] Level 1:colcon.colcon_core.package_identification:_identify(src) by extensions ['colcon_pkg']
[1.530s] Level 1:colcon.colcon_core.package_identification:_identify(src) by extension 'colcon_pkg'
[1.530s] Level 1:colcon.colcon_core.package_identification:_identify(src) by extensions ['colcon_meta']
[1.530s] Level 1:colcon.colcon_core.package_identification:_identify(src) by extension 'colcon_meta'
[1.530s] Level 1:colcon.colcon_core.package_identification:_identify(src) by extensions ['ros']
[1.530s] Level 1:colcon.colcon_core.package_identification:_identify(src) by extension 'ros'
[1.530s] Level 1:colcon.colcon_core.package_identification:_identify(src) by extensions ['cmake', 'python']
[1.530s] Level 1:colcon.colcon_core.package_identification:_identify(src) by extension 'cmake'
[1.530s] Level 1:colcon.colcon_core.package_identification:_identify(src) by extension 'python'
[1.530s] Level 1:colcon.colcon_core.package_identification:_identify(src) by extensions ['python_setup_py']
[1.530s] Level 1:colcon.colcon_core.package_identification:_identify(src) by extension 'python_setup_py'
[1.530s] Level 1:colcon.colcon_core.package_identification:_identify(src/gazebo_ros2_control) by extensions ['ignore', 'ignore_ament_install']
[1.530s] Level 1:colcon.colcon_core.package_identification:_identify(src/gazebo_ros2_control) by extension 'ignore'
[1.530s] Level 1:colcon.colcon_core.package_identification:_identify(src/gazebo_ros2_control) by extension 'ignore_ament_install'
[1.530s] Level 1:colcon.colcon_core.package_identification:_identify(src/gazebo_ros2_control) by extensions ['colcon_pkg']
[1.531s] Level 1:colcon.colcon_core.package_identification:_identify(src/gazebo_ros2_control) by extension 'colcon_pkg'
[1.531s] Level 1:colcon.colcon_core.package_identification:_identify(src/gazebo_ros2_control) by extensions ['colcon_meta']
[1.531s] Level 1:colcon.colcon_core.package_identification:_identify(src/gazebo_ros2_control) by extension 'colcon_meta'
[1.531s] Level 1:colcon.colcon_core.package_identification:_identify(src/gazebo_ros2_control) by extensions ['ros']
[1.531s] Level 1:colcon.colcon_core.package_identification:_identify(src/gazebo_ros2_control) by extension 'ros'
[1.531s] Level 1:colcon.colcon_core.package_identification:_identify(src/gazebo_ros2_control) by extensions ['cmake', 'python']
[1.531s] Level 1:colcon.colcon_core.package_identification:_identify(src/gazebo_ros2_control) by extension 'cmake'
[1.531s] Level 1:colcon.colcon_core.package_identification:_identify(src/gazebo_ros2_control) by extension 'python'
[1.531s] Level 1:colcon.colcon_core.package_identification:_identify(src/gazebo_ros2_control) by extensions ['python_setup_py']
[1.531s] Level 1:colcon.colcon_core.package_identification:_identify(src/gazebo_ros2_control) by extension 'python_setup_py'
[1.531s] Level 1:colcon.colcon_core.package_identification:_identify(src/gazebo_ros2_control/Docker) by extensions ['ignore', 'ignore_ament_install']
[1.531s] Level 1:colcon.colcon_core.package_identification:_identify(src/gazebo_ros2_control/Docker) by extension 'ignore'
[1.531s] Level 1:colcon.colcon_core.package_identification:_identify(src/gazebo_ros2_control/Docker) by extension 'ignore_ament_install'
[1.531s] Level 1:colcon.colcon_core.package_identification:_identify(src/gazebo_ros2_control/Docker) by extensions ['colcon_pkg']
[1.531s] Level 1:colcon.colcon_core.package_identification:_identify(src/gazebo_ros2_control/Docker) by extension 'colcon_pkg'
[1.531s] Level 1:colcon.colcon_core.package_identification:_identify(src/gazebo_ros2_control/Docker) by extensions ['colcon_meta']
[1.531s] Level 1:colcon.colcon_core.package_identification:_identify(src/gazebo_ros2_control/Docker) by extension 'colcon_meta'
[1.531s] Level 1:colcon.colcon_core.package_identification:_identify(src/gazebo_ros2_control/Docker) by extensions ['ros']
[1.531s] Level 1:colcon.colcon_core.package_identification:_identify(src/gazebo_ros2_control/Docker) by extension 'ros'
[1.532s] Level 1:colcon.colcon_core.package_identification:_identify(src/gazebo_ros2_control/Docker) by extensions ['cmake', 'python']
[1.532s] Level 1:colcon.colcon_core.package_identification:_identify(src/gazebo_ros2_control/Docker) by extension 'cmake'
[1.532s] Level 1:colcon.colcon_core.package_identification:_identify(src/gazebo_ros2_control/Docker) by extension 'python'
[1.532s] Level 1:colcon.colcon_core.package_identification:_identify(src/gazebo_ros2_control/Docker) by extensions ['python_setup_py']
[1.532s] Level 1:colcon.colcon_core.package_identification:_identify(src/gazebo_ros2_control/Docker) by extension 'python_setup_py'
[1.532s] Level 1:colcon.colcon_core.package_identification:_identify(src/gazebo_ros2_control/doc) by extensions ['ignore', 'ignore_ament_install']
[1.532s] Level 1:colcon.colcon_core.package_identification:_identify(src/gazebo_ros2_control/doc) by extension 'ignore'
[1.532s] Level 1:colcon.colcon_core.package_identification:_identify(src/gazebo_ros2_control/doc) by extension 'ignore_ament_install'
[1.532s] Level 1:colcon.colcon_core.package_identification:_identify(src/gazebo_ros2_control/doc) by extensions ['colcon_pkg']
[1.532s] Level 1:colcon.colcon_core.package_identification:_identify(src/gazebo_ros2_control/doc) by extension 'colcon_pkg'
[1.532s] Level 1:colcon.colcon_core.package_identification:_identify(src/gazebo_ros2_control/doc) by extensions ['colcon_meta']
[1.532s] Level 1:colcon.colcon_core.package_identification:_identify(src/gazebo_ros2_control/doc) by extension 'colcon_meta'
[1.532s] Level 1:colcon.colcon_core.package_identification:_identify(src/gazebo_ros2_control/doc) by extensions ['ros']
[1.532s] Level 1:colcon.colcon_core.package_identification:_identify(src/gazebo_ros2_control/doc) by extension 'ros'
[1.532s] Level 1:colcon.colcon_core.package_identification:_identify(src/gazebo_ros2_control/doc) by extensions ['cmake', 'python']
[1.532s] Level 1:colcon.colcon_core.package_identification:_identify(src/gazebo_ros2_control/doc) by extension 'cmake'
[1.532s] Level 1:colcon.colcon_core.package_identification:_identify(src/gazebo_ros2_control/doc) by extension 'python'
[1.532s] Level 1:colcon.colcon_core.package_identification:_identify(src/gazebo_ros2_control/doc) by extensions ['python_setup_py']
[1.532s] Level 1:colcon.colcon_core.package_identification:_identify(src/gazebo_ros2_control/doc) by extension 'python_setup_py'
[1.533s] Level 1:colcon.colcon_core.package_identification:_identify(src/gazebo_ros2_control/doc/img) by extensions ['ignore', 'ignore_ament_install']
[1.533s] Level 1:colcon.colcon_core.package_identification:_identify(src/gazebo_ros2_control/doc/img) by extension 'ignore'
[1.533s] Level 1:colcon.colcon_core.package_identification:_identify(src/gazebo_ros2_control/doc/img) by extension 'ignore_ament_install'
[1.533s] Level 1:colcon.colcon_core.package_identification:_identify(src/gazebo_ros2_control/doc/img) by extensions ['colcon_pkg']
[1.533s] Level 1:colcon.colcon_core.package_identification:_identify(src/gazebo_ros2_control/doc/img) by extension 'colcon_pkg'
[1.533s] Level 1:colcon.colcon_core.package_identification:_identify(src/gazebo_ros2_control/doc/img) by extensions ['colcon_meta']
[1.533s] Level 1:colcon.colcon_core.package_identification:_identify(src/gazebo_ros2_control/doc/img) by extension 'colcon_meta'
[1.533s] Level 1:colcon.colcon_core.package_identification:_identify(src/gazebo_ros2_control/doc/img) by extensions ['ros']
[1.533s] Level 1:colcon.colcon_core.package_identification:_identify(src/gazebo_ros2_control/doc/img) by extension 'ros'
[1.533s] Level 1:colcon.colcon_core.package_identification:_identify(src/gazebo_ros2_control/doc/img) by extensions ['cmake', 'python']
[1.533s] Level 1:colcon.colcon_core.package_identification:_identify(src/gazebo_ros2_control/doc/img) by extension 'cmake'
[1.533s] Level 1:colcon.colcon_core.package_identification:_identify(src/gazebo_ros2_control/doc/img) by extension 'python'
[1.533s] Level 1:colcon.colcon_core.package_identification:_identify(src/gazebo_ros2_control/doc/img) by extensions ['python_setup_py']
[1.533s] Level 1:colcon.colcon_core.package_identification:_identify(src/gazebo_ros2_control/doc/img) by extension 'python_setup_py'
[1.533s] Level 1:colcon.colcon_core.package_identification:_identify(src/gazebo_ros2_control/gazebo_ros2_control) by extensions ['ignore', 'ignore_ament_install']
[1.533s] Level 1:colcon.colcon_core.package_identification:_identify(src/gazebo_ros2_control/gazebo_ros2_control) by extension 'ignore'
[1.534s] Level 1:colcon.colcon_core.package_identification:_identify(src/gazebo_ros2_control/gazebo_ros2_control) by extension 'ignore_ament_install'
[1.534s] Level 1:colcon.colcon_core.package_identification:_identify(src/gazebo_ros2_control/gazebo_ros2_control) by extensions ['colcon_pkg']
[1.534s] Level 1:colcon.colcon_core.package_identification:_identify(src/gazebo_ros2_control/gazebo_ros2_control) by extension 'colcon_pkg'
[1.534s] Level 1:colcon.colcon_core.package_identification:_identify(src/gazebo_ros2_control/gazebo_ros2_control) by extensions ['colcon_meta']
[1.534s] Level 1:colcon.colcon_core.package_identification:_identify(src/gazebo_ros2_control/gazebo_ros2_control) by extension 'colcon_meta'
[1.534s] Level 1:colcon.colcon_core.package_identification:_identify(src/gazebo_ros2_control/gazebo_ros2_control) by extensions ['ros']
[1.534s] Level 1:colcon.colcon_core.package_identification:_identify(src/gazebo_ros2_control/gazebo_ros2_control) by extension 'ros'
[1.537s] DEBUG:colcon.colcon_core.package_identification:Package 'src/gazebo_ros2_control/gazebo_ros2_control' with type 'ros.ament_cmake' and name 'gazebo_ros2_control'
[1.537s] Level 1:colcon.colcon_core.package_identification:_identify(src/gazebo_ros2_control/gazebo_ros2_control_demos) by extensions ['ignore', 'ignore_ament_install']
[1.537s] Level 1:colcon.colcon_core.package_identification:_identify(src/gazebo_ros2_control/gazebo_ros2_control_demos) by extension 'ignore'
[1.537s] Level 1:colcon.colcon_core.package_identification:_identify(src/gazebo_ros2_control/gazebo_ros2_control_demos) by extension 'ignore_ament_install'
[1.537s] Level 1:colcon.colcon_core.package_identification:_identify(src/gazebo_ros2_control/gazebo_ros2_control_demos) by extensions ['colcon_pkg']
[1.537s] Level 1:colcon.colcon_core.package_identification:_identify(src/gazebo_ros2_control/gazebo_ros2_control_demos) by extension 'colcon_pkg'
[1.537s] Level 1:colcon.colcon_core.package_identification:_identify(src/gazebo_ros2_control/gazebo_ros2_control_demos) by extensions ['colcon_meta']
[1.537s] Level 1:colcon.colcon_core.package_identification:_identify(src/gazebo_ros2_control/gazebo_ros2_control_demos) by extension 'colcon_meta'
[1.537s] Level 1:colcon.colcon_core.package_identification:_identify(src/gazebo_ros2_control/gazebo_ros2_control_demos) by extensions ['ros']
[1.537s] Level 1:colcon.colcon_core.package_identification:_identify(src/gazebo_ros2_control/gazebo_ros2_control_demos) by extension 'ros'
[1.538s] DEBUG:colcon.colcon_core.package_identification:Package 'src/gazebo_ros2_control/gazebo_ros2_control_demos' with type 'ros.ament_cmake' and name 'gazebo_ros2_control_demos'
[1.538s] Level 1:colcon.colcon_core.package_identification:_identify(src/my_robot_pkg) by extensions ['ignore', 'ignore_ament_install']
[1.539s] Level 1:colcon.colcon_core.package_identification:_identify(src/my_robot_pkg) by extension 'ignore'
[1.539s] Level 1:colcon.colcon_core.package_identification:_identify(src/my_robot_pkg) by extension 'ignore_ament_install'
[1.539s] Level 1:colcon.colcon_core.package_identification:_identify(src/my_robot_pkg) by extensions ['colcon_pkg']
[1.539s] Level 1:colcon.colcon_core.package_identification:_identify(src/my_robot_pkg) by extension 'colcon_pkg'
[1.539s] Level 1:colcon.colcon_core.package_identification:_identify(src/my_robot_pkg) by extensions ['colcon_meta']
[1.539s] Level 1:colcon.colcon_core.package_identification:_identify(src/my_robot_pkg) by extension 'colcon_meta'
[1.539s] Level 1:colcon.colcon_core.package_identification:_identify(src/my_robot_pkg) by extensions ['ros']
[1.539s] Level 1:colcon.colcon_core.package_identification:_identify(src/my_robot_pkg) by extension 'ros'
[1.539s] DEBUG:colcon.colcon_core.package_identification:Package 'src/my_robot_pkg' with type 'ros.ament_python' and name 'my_robot_pkg'
[1.540s] Level 1:colcon.colcon_core.package_discovery:discover_packages(recursive) using defaults
[1.540s] Level 1:colcon.colcon_core.package_discovery:discover_packages(ignore) discover
[1.540s] Level 1:colcon.colcon_core.package_discovery:discover_packages(ignore) using defaults
[1.540s] Level 1:colcon.colcon_core.package_discovery:discover_packages(path) discover
[1.540s] Level 1:colcon.colcon_core.package_discovery:discover_packages(path) using defaults
[1.639s] Level 1:colcon.colcon_core.package_discovery:discover_packages(prefix_path) check parameters
[1.639s] Level 1:colcon.colcon_core.package_discovery:discover_packages(prefix_path) discover
[1.656s] WARNING:colcon.colcon_ros.prefix_path.ament:The path '/home/stephenq0503/Desktop/robot_arm_sim/install/mtc_tutorial' in the environment variable AMENT_PREFIX_PATH doesn't exist
[1.656s] WARNING:colcon.colcon_ros.prefix_path.ament:The path '/home/stephenq0503/Desktop/robot_arm_sim/install/pilz_industrial_motion_planner_testutils' in the environment variable AMENT_PREFIX_PATH doesn't exist
[1.656s] WARNING:colcon.colcon_ros.prefix_path.ament:The path '/home/stephenq0503/Desktop/robot_arm_sim/install/moveit_runtime' in the environment variable AMENT_PREFIX_PATH doesn't exist
[1.656s] WARNING:colcon.colcon_ros.prefix_path.ament:The path '/home/stephenq0503/Desktop/robot_arm_sim/install/moveit2_tutorials' in the environment variable AMENT_PREFIX_PATH doesn't exist
[1.656s] WARNING:colcon.colcon_ros.prefix_path.ament:The path '/home/stephenq0503/Desktop/robot_arm_sim/install/moveit' in the environment variable AMENT_PREFIX_PATH doesn't exist
[1.656s] WARNING:colcon.colcon_ros.prefix_path.ament:The path '/home/stephenq0503/Desktop/robot_arm_sim/install/moveit_planners' in the environment variable AMENT_PREFIX_PATH doesn't exist
[1.656s] WARNING:colcon.colcon_ros.prefix_path.ament:The path '/home/stephenq0503/Desktop/robot_arm_sim/install/pilz_industrial_motion_planner' in the environment variable AMENT_PREFIX_PATH doesn't exist
[1.656s] WARNING:colcon.colcon_ros.prefix_path.ament:The path '/home/stephenq0503/Desktop/robot_arm_sim/install/moveit_visual_tools' in the environment variable AMENT_PREFIX_PATH doesn't exist
[1.656s] WARNING:colcon.colcon_ros.prefix_path.ament:The path '/home/stephenq0503/Desktop/robot_arm_sim/install/moveit_task_constructor_visualization' in the environment variable AMENT_PREFIX_PATH doesn't exist
[1.656s] WARNING:colcon.colcon_ros.prefix_path.ament:The path '/home/stephenq0503/Desktop/robot_arm_sim/install/moveit_task_constructor_demo' in the environment variable AMENT_PREFIX_PATH doesn't exist
[1.656s] WARNING:colcon.colcon_ros.prefix_path.ament:The path '/home/stephenq0503/Desktop/robot_arm_sim/install/moveit_task_constructor_capabilities' in the environment variable AMENT_PREFIX_PATH doesn't exist
[1.656s] WARNING:colcon.colcon_ros.prefix_path.ament:The path '/home/stephenq0503/Desktop/robot_arm_sim/install/moveit_task_constructor_core' in the environment variable AMENT_PREFIX_PATH doesn't exist
[1.656s] WARNING:colcon.colcon_ros.prefix_path.ament:The path '/home/stephenq0503/Desktop/robot_arm_sim/install/moveit_ros_control_interface' in the environment variable AMENT_PREFIX_PATH doesn't exist
[1.656s] WARNING:colcon.colcon_ros.prefix_path.ament:The path '/home/stephenq0503/Desktop/robot_arm_sim/install/moveit_plugins' in the environment variable AMENT_PREFIX_PATH doesn't exist
[1.656s] WARNING:colcon.colcon_ros.prefix_path.ament:The path '/home/stephenq0503/Desktop/robot_arm_sim/install/moveit_simple_controller_manager' in the environment variable AMENT_PREFIX_PATH doesn't exist
[1.656s] WARNING:colcon.colcon_ros.prefix_path.ament:The path '/home/stephenq0503/Desktop/robot_arm_sim/install/moveit_setup_assistant' in the environment variable AMENT_PREFIX_PATH doesn't exist
[1.656s] WARNING:colcon.colcon_ros.prefix_path.ament:The path '/home/stephenq0503/Desktop/robot_arm_sim/install/moveit_setup_srdf_plugins' in the environment variable AMENT_PREFIX_PATH doesn't exist
[1.656s] WARNING:colcon.colcon_ros.prefix_path.ament:The path '/home/stephenq0503/Desktop/robot_arm_sim/install/moveit_setup_core_plugins' in the environment variable AMENT_PREFIX_PATH doesn't exist
[1.656s] WARNING:colcon.colcon_ros.prefix_path.ament:The path '/home/stephenq0503/Desktop/robot_arm_sim/install/moveit_setup_controllers' in the environment variable AMENT_PREFIX_PATH doesn't exist
[1.656s] WARNING:colcon.colcon_ros.prefix_path.ament:The path '/home/stephenq0503/Desktop/robot_arm_sim/install/moveit_setup_app_plugins' in the environment variable AMENT_PREFIX_PATH doesn't exist
[1.656s] WARNING:colcon.colcon_ros.prefix_path.ament:The path '/home/stephenq0503/Desktop/robot_arm_sim/install/moveit_setup_framework' in the environment variable AMENT_PREFIX_PATH doesn't exist
[1.657s] WARNING:colcon.colcon_ros.prefix_path.ament:The path '/home/stephenq0503/Desktop/robot_arm_sim/install/moveit_servo' in the environment variable AMENT_PREFIX_PATH doesn't exist
[1.657s] WARNING:colcon.colcon_ros.prefix_path.ament:The path '/home/stephenq0503/Desktop/robot_arm_sim/install/moveit_ros' in the environment variable AMENT_PREFIX_PATH doesn't exist
[1.657s] WARNING:colcon.colcon_ros.prefix_path.ament:The path '/home/stephenq0503/Desktop/robot_arm_sim/install/moveit_ros_visualization' in the environment variable AMENT_PREFIX_PATH doesn't exist
[1.657s] WARNING:colcon.colcon_ros.prefix_path.ament:The path '/home/stephenq0503/Desktop/robot_arm_sim/install/moveit_hybrid_planning' in the environment variable AMENT_PREFIX_PATH doesn't exist
[1.657s] WARNING:colcon.colcon_ros.prefix_path.ament:The path '/home/stephenq0503/Desktop/robot_arm_sim/install/moveit_ros_planning_interface' in the environment variable AMENT_PREFIX_PATH doesn't exist
[1.657s] WARNING:colcon.colcon_ros.prefix_path.ament:The path '/home/stephenq0503/Desktop/robot_arm_sim/install/moveit_ros_benchmarks' in the environment variable AMENT_PREFIX_PATH doesn't exist
[1.657s] WARNING:colcon.colcon_ros.prefix_path.ament:The path '/home/stephenq0503/Desktop/robot_arm_sim/install/moveit_ros_warehouse' in the environment variable AMENT_PREFIX_PATH doesn't exist
[1.657s] WARNING:colcon.colcon_ros.prefix_path.ament:The path '/home/stephenq0503/Desktop/robot_arm_sim/install/moveit_ros_robot_interaction' in the environment variable AMENT_PREFIX_PATH doesn't exist
[1.657s] WARNING:colcon.colcon_ros.prefix_path.ament:The path '/home/stephenq0503/Desktop/robot_arm_sim/install/moveit_ros_perception' in the environment variable AMENT_PREFIX_PATH doesn't exist
[1.657s] WARNING:colcon.colcon_ros.prefix_path.ament:The path '/home/stephenq0503/Desktop/robot_arm_sim/install/moveit_resources_prbt_pg70_support' in the environment variable AMENT_PREFIX_PATH doesn't exist
[1.657s] WARNING:colcon.colcon_ros.prefix_path.ament:The path '/home/stephenq0503/Desktop/robot_arm_sim/install/moveit_resources_prbt_moveit_config' in the environment variable AMENT_PREFIX_PATH doesn't exist
[1.657s] WARNING:colcon.colcon_ros.prefix_path.ament:The path '/home/stephenq0503/Desktop/robot_arm_sim/install/moveit_ros_move_group' in the environment variable AMENT_PREFIX_PATH doesn't exist
[1.657s] WARNING:colcon.colcon_ros.prefix_path.ament:The path '/home/stephenq0503/Desktop/robot_arm_sim/install/moveit_planners_ompl' in the environment variable AMENT_PREFIX_PATH doesn't exist
[1.657s] WARNING:colcon.colcon_ros.prefix_path.ament:The path '/home/stephenq0503/Desktop/robot_arm_sim/install/moveit_ros_planning' in the environment variable AMENT_PREFIX_PATH doesn't exist
[1.657s] WARNING:colcon.colcon_ros.prefix_path.ament:The path '/home/stephenq0503/Desktop/robot_arm_sim/install/moveit_ros_occupancy_map_monitor' in the environment variable AMENT_PREFIX_PATH doesn't exist
[1.657s] WARNING:colcon.colcon_ros.prefix_path.ament:The path '/home/stephenq0503/Desktop/robot_arm_sim/install/moveit_resources_prbt_ikfast_manipulator_plugin' in the environment variable AMENT_PREFIX_PATH doesn't exist
[1.657s] WARNING:colcon.colcon_ros.prefix_path.ament:The path '/home/stephenq0503/Desktop/robot_arm_sim/install/moveit_planners_chomp' in the environment variable AMENT_PREFIX_PATH doesn't exist
[1.657s] WARNING:colcon.colcon_ros.prefix_path.ament:The path '/home/stephenq0503/Desktop/robot_arm_sim/install/moveit_kinematics' in the environment variable AMENT_PREFIX_PATH doesn't exist
[1.657s] WARNING:colcon.colcon_ros.prefix_path.ament:The path '/home/stephenq0503/Desktop/robot_arm_sim/install/moveit_chomp_optimizer_adapter' in the environment variable AMENT_PREFIX_PATH doesn't exist
[1.657s] WARNING:colcon.colcon_ros.prefix_path.ament:The path '/home/stephenq0503/Desktop/robot_arm_sim/install/chomp_motion_planner' in the environment variable AMENT_PREFIX_PATH doesn't exist
[1.657s] WARNING:colcon.colcon_ros.prefix_path.ament:The path '/home/stephenq0503/Desktop/robot_arm_sim/install/moveit_core' in the environment variable AMENT_PREFIX_PATH doesn't exist
[1.657s] WARNING:colcon.colcon_ros.prefix_path.ament:The path '/home/stephenq0503/Desktop/robot_arm_sim/install/moveit_configs_utils' in the environment variable AMENT_PREFIX_PATH doesn't exist
[1.657s] WARNING:colcon.colcon_ros.prefix_path.ament:The path '/home/stephenq0503/Desktop/robot_arm_sim/install/srdfdom' in the environment variable AMENT_PREFIX_PATH doesn't exist
[1.657s] WARNING:colcon.colcon_ros.prefix_path.ament:The path '/home/stephenq0503/Desktop/robot_arm_sim/install/rviz_marker_tools' in the environment variable AMENT_PREFIX_PATH doesn't exist
[1.657s] WARNING:colcon.colcon_ros.prefix_path.ament:The path '/home/stephenq0503/Desktop/robot_arm_sim/install/rosparam_shortcuts' in the environment variable AMENT_PREFIX_PATH doesn't exist
[1.657s] WARNING:colcon.colcon_ros.prefix_path.ament:The path '/home/stephenq0503/Desktop/robot_arm_sim/install/moveit_task_constructor_msgs' in the environment variable AMENT_PREFIX_PATH doesn't exist
[1.657s] WARNING:colcon.colcon_ros.prefix_path.ament:The path '/home/stephenq0503/Desktop/robot_arm_sim/install/moveit_resources_prbt_support' in the environment variable AMENT_PREFIX_PATH doesn't exist
[1.657s] WARNING:colcon.colcon_ros.prefix_path.ament:The path '/home/stephenq0503/Desktop/robot_arm_sim/install/moveit_resources' in the environment variable AMENT_PREFIX_PATH doesn't exist
[1.657s] WARNING:colcon.colcon_ros.prefix_path.ament:The path '/home/stephenq0503/Desktop/robot_arm_sim/install/moveit_resources_pr2_description' in the environment variable AMENT_PREFIX_PATH doesn't exist
[1.658s] WARNING:colcon.colcon_ros.prefix_path.ament:The path '/home/stephenq0503/Desktop/robot_arm_sim/install/moveit_resources_panda_moveit_config' in the environment variable AMENT_PREFIX_PATH doesn't exist
[1.658s] WARNING:colcon.colcon_ros.prefix_path.ament:The path '/home/stephenq0503/Desktop/robot_arm_sim/install/moveit_resources_panda_description' in the environment variable AMENT_PREFIX_PATH doesn't exist
[1.658s] WARNING:colcon.colcon_ros.prefix_path.ament:The path '/home/stephenq0503/Desktop/robot_arm_sim/install/moveit_resources_fanuc_moveit_config' in the environment variable AMENT_PREFIX_PATH doesn't exist
[1.658s] WARNING:colcon.colcon_ros.prefix_path.ament:The path '/home/stephenq0503/Desktop/robot_arm_sim/install/moveit_resources_fanuc_description' in the environment variable AMENT_PREFIX_PATH doesn't exist
[1.658s] WARNING:colcon.colcon_ros.prefix_path.ament:The path '/home/stephenq0503/Desktop/robot_arm_sim/install/moveit_common' in the environment variable AMENT_PREFIX_PATH doesn't exist
[1.658s] WARNING:colcon.colcon_ros.prefix_path.ament:The path '/home/stephenq0503/Desktop/robot_arm_sim/install/launch_param_builder' in the environment variable AMENT_PREFIX_PATH doesn't exist
[1.658s] WARNING:colcon.colcon_ros.prefix_path.catkin:The path '/home/stephenq0503/Desktop/robot_arm_sim/install/mtc_tutorial' in the environment variable CMAKE_PREFIX_PATH doesn't exist
[1.658s] WARNING:colcon.colcon_ros.prefix_path.catkin:The path '/home/stephenq0503/Desktop/robot_arm_sim/install/pilz_industrial_motion_planner_testutils' in the environment variable CMAKE_PREFIX_PATH doesn't exist
[1.658s] WARNING:colcon.colcon_ros.prefix_path.catkin:The path '/home/stephenq0503/Desktop/robot_arm_sim/install/moveit_runtime' in the environment variable CMAKE_PREFIX_PATH doesn't exist
[1.658s] WARNING:colcon.colcon_ros.prefix_path.catkin:The path '/home/stephenq0503/Desktop/robot_arm_sim/install/moveit2_tutorials' in the environment variable CMAKE_PREFIX_PATH doesn't exist
[1.658s] WARNING:colcon.colcon_ros.prefix_path.catkin:The path '/home/stephenq0503/Desktop/robot_arm_sim/install/moveit' in the environment variable CMAKE_PREFIX_PATH doesn't exist
[1.658s] WARNING:colcon.colcon_ros.prefix_path.catkin:The path '/home/stephenq0503/Desktop/robot_arm_sim/install/moveit_planners' in the environment variable CMAKE_PREFIX_PATH doesn't exist
[1.658s] WARNING:colcon.colcon_ros.prefix_path.catkin:The path '/home/stephenq0503/Desktop/robot_arm_sim/install/pilz_industrial_motion_planner' in the environment variable CMAKE_PREFIX_PATH doesn't exist
[1.658s] WARNING:colcon.colcon_ros.prefix_path.catkin:The path '/home/stephenq0503/Desktop/robot_arm_sim/install/moveit_visual_tools' in the environment variable CMAKE_PREFIX_PATH doesn't exist
[1.658s] WARNING:colcon.colcon_ros.prefix_path.catkin:The path '/home/stephenq0503/Desktop/robot_arm_sim/install/moveit_task_constructor_visualization' in the environment variable CMAKE_PREFIX_PATH doesn't exist
[1.658s] WARNING:colcon.colcon_ros.prefix_path.catkin:The path '/home/stephenq0503/Desktop/robot_arm_sim/install/moveit_task_constructor_demo' in the environment variable CMAKE_PREFIX_PATH doesn't exist
[1.658s] WARNING:colcon.colcon_ros.prefix_path.catkin:The path '/home/stephenq0503/Desktop/robot_arm_sim/install/moveit_task_constructor_capabilities' in the environment variable CMAKE_PREFIX_PATH doesn't exist
[1.658s] WARNING:colcon.colcon_ros.prefix_path.catkin:The path '/home/stephenq0503/Desktop/robot_arm_sim/install/moveit_task_constructor_core' in the environment variable CMAKE_PREFIX_PATH doesn't exist
[1.658s] WARNING:colcon.colcon_ros.prefix_path.catkin:The path '/home/stephenq0503/Desktop/robot_arm_sim/install/moveit_ros_control_interface' in the environment variable CMAKE_PREFIX_PATH doesn't exist
[1.658s] WARNING:colcon.colcon_ros.prefix_path.catkin:The path '/home/stephenq0503/Desktop/robot_arm_sim/install/moveit_plugins' in the environment variable CMAKE_PREFIX_PATH doesn't exist
[1.658s] WARNING:colcon.colcon_ros.prefix_path.catkin:The path '/home/stephenq0503/Desktop/robot_arm_sim/install/moveit_simple_controller_manager' in the environment variable CMAKE_PREFIX_PATH doesn't exist
[1.658s] WARNING:colcon.colcon_ros.prefix_path.catkin:The path '/home/stephenq0503/Desktop/robot_arm_sim/install/moveit_setup_assistant' in the environment variable CMAKE_PREFIX_PATH doesn't exist
[1.658s] WARNING:colcon.colcon_ros.prefix_path.catkin:The path '/home/stephenq0503/Desktop/robot_arm_sim/install/moveit_setup_srdf_plugins' in the environment variable CMAKE_PREFIX_PATH doesn't exist
[1.658s] WARNING:colcon.colcon_ros.prefix_path.catkin:The path '/home/stephenq0503/Desktop/robot_arm_sim/install/moveit_setup_core_plugins' in the environment variable CMAKE_PREFIX_PATH doesn't exist
[1.658s] WARNING:colcon.colcon_ros.prefix_path.catkin:The path '/home/stephenq0503/Desktop/robot_arm_sim/install/moveit_setup_controllers' in the environment variable CMAKE_PREFIX_PATH doesn't exist
[1.659s] WARNING:colcon.colcon_ros.prefix_path.catkin:The path '/home/stephenq0503/Desktop/robot_arm_sim/install/moveit_setup_app_plugins' in the environment variable CMAKE_PREFIX_PATH doesn't exist
[1.659s] WARNING:colcon.colcon_ros.prefix_path.catkin:The path '/home/stephenq0503/Desktop/robot_arm_sim/install/moveit_setup_framework' in the environment variable CMAKE_PREFIX_PATH doesn't exist
[1.659s] WARNING:colcon.colcon_ros.prefix_path.catkin:The path '/home/stephenq0503/Desktop/robot_arm_sim/install/moveit_servo' in the environment variable CMAKE_PREFIX_PATH doesn't exist
[1.659s] WARNING:colcon.colcon_ros.prefix_path.catkin:The path '/home/stephenq0503/Desktop/robot_arm_sim/install/moveit_ros' in the environment variable CMAKE_PREFIX_PATH doesn't exist
[1.659s] WARNING:colcon.colcon_ros.prefix_path.catkin:The path '/home/stephenq0503/Desktop/robot_arm_sim/install/moveit_ros_visualization' in the environment variable CMAKE_PREFIX_PATH doesn't exist
[1.659s] WARNING:colcon.colcon_ros.prefix_path.catkin:The path '/home/stephenq0503/Desktop/robot_arm_sim/install/moveit_hybrid_planning' in the environment variable CMAKE_PREFIX_PATH doesn't exist
[1.659s] WARNING:colcon.colcon_ros.prefix_path.catkin:The path '/home/stephenq0503/Desktop/robot_arm_sim/install/moveit_ros_planning_interface' in the environment variable CMAKE_PREFIX_PATH doesn't exist
[1.659s] WARNING:colcon.colcon_ros.prefix_path.catkin:The path '/home/stephenq0503/Desktop/robot_arm_sim/install/moveit_ros_benchmarks' in the environment variable CMAKE_PREFIX_PATH doesn't exist
[1.659s] WARNING:colcon.colcon_ros.prefix_path.catkin:The path '/home/stephenq0503/Desktop/robot_arm_sim/install/moveit_ros_warehouse' in the environment variable CMAKE_PREFIX_PATH doesn't exist
[1.659s] WARNING:colcon.colcon_ros.prefix_path.catkin:The path '/home/stephenq0503/Desktop/robot_arm_sim/install/moveit_ros_robot_interaction' in the environment variable CMAKE_PREFIX_PATH doesn't exist
[1.659s] WARNING:colcon.colcon_ros.prefix_path.catkin:The path '/home/stephenq0503/Desktop/robot_arm_sim/install/moveit_ros_perception' in the environment variable CMAKE_PREFIX_PATH doesn't exist
[1.659s] WARNING:colcon.colcon_ros.prefix_path.catkin:The path '/home/stephenq0503/Desktop/robot_arm_sim/install/moveit_resources_prbt_pg70_support' in the environment variable CMAKE_PREFIX_PATH doesn't exist
[1.659s] WARNING:colcon.colcon_ros.prefix_path.catkin:The path '/home/stephenq0503/Desktop/robot_arm_sim/install/moveit_resources_prbt_moveit_config' in the environment variable CMAKE_PREFIX_PATH doesn't exist
[1.659s] WARNING:colcon.colcon_ros.prefix_path.catkin:The path '/home/stephenq0503/Desktop/robot_arm_sim/install/moveit_ros_move_group' in the environment variable CMAKE_PREFIX_PATH doesn't exist
[1.659s] WARNING:colcon.colcon_ros.prefix_path.catkin:The path '/home/stephenq0503/Desktop/robot_arm_sim/install/moveit_planners_ompl' in the environment variable CMAKE_PREFIX_PATH doesn't exist
[1.659s] WARNING:colcon.colcon_ros.prefix_path.catkin:The path '/home/stephenq0503/Desktop/robot_arm_sim/install/moveit_ros_planning' in the environment variable CMAKE_PREFIX_PATH doesn't exist
[1.659s] WARNING:colcon.colcon_ros.prefix_path.catkin:The path '/home/stephenq0503/Desktop/robot_arm_sim/install/moveit_ros_occupancy_map_monitor' in the environment variable CMAKE_PREFIX_PATH doesn't exist
[1.659s] WARNING:colcon.colcon_ros.prefix_path.catkin:The path '/home/stephenq0503/Desktop/robot_arm_sim/install/moveit_resources_prbt_ikfast_manipulator_plugin' in the environment variable CMAKE_PREFIX_PATH doesn't exist
[1.659s] WARNING:colcon.colcon_ros.prefix_path.catkin:The path '/home/stephenq0503/Desktop/robot_arm_sim/install/moveit_planners_chomp' in the environment variable CMAKE_PREFIX_PATH doesn't exist
[1.659s] WARNING:colcon.colcon_ros.prefix_path.catkin:The path '/home/stephenq0503/Desktop/robot_arm_sim/install/moveit_kinematics' in the environment variable CMAKE_PREFIX_PATH doesn't exist
[1.659s] WARNING:colcon.colcon_ros.prefix_path.catkin:The path '/home/stephenq0503/Desktop/robot_arm_sim/install/moveit_chomp_optimizer_adapter' in the environment variable CMAKE_PREFIX_PATH doesn't exist
[1.659s] WARNING:colcon.colcon_ros.prefix_path.catkin:The path '/home/stephenq0503/Desktop/robot_arm_sim/install/chomp_motion_planner' in the environment variable CMAKE_PREFIX_PATH doesn't exist
[1.659s] WARNING:colcon.colcon_ros.prefix_path.catkin:The path '/home/stephenq0503/Desktop/robot_arm_sim/install/moveit_core' in the environment variable CMAKE_PREFIX_PATH doesn't exist
[1.659s] WARNING:colcon.colcon_ros.prefix_path.catkin:The path '/home/stephenq0503/Desktop/robot_arm_sim/install/srdfdom' in the environment variable CMAKE_PREFIX_PATH doesn't exist
[1.659s] WARNING:colcon.colcon_ros.prefix_path.catkin:The path '/home/stephenq0503/Desktop/robot_arm_sim/install/rviz_marker_tools' in the environment variable CMAKE_PREFIX_PATH doesn't exist
[1.659s] WARNING:colcon.colcon_ros.prefix_path.catkin:The path '/home/stephenq0503/Desktop/robot_arm_sim/install/rosparam_shortcuts' in the environment variable CMAKE_PREFIX_PATH doesn't exist
[1.659s] WARNING:colcon.colcon_ros.prefix_path.catkin:The path '/home/stephenq0503/Desktop/robot_arm_sim/install/moveit_task_constructor_msgs' in the environment variable CMAKE_PREFIX_PATH doesn't exist
[1.659s] WARNING:colcon.colcon_ros.prefix_path.catkin:The path '/home/stephenq0503/Desktop/robot_arm_sim/install/moveit_resources_prbt_support' in the environment variable CMAKE_PREFIX_PATH doesn't exist
[1.660s] WARNING:colcon.colcon_ros.prefix_path.catkin:The path '/home/stephenq0503/Desktop/robot_arm_sim/install/moveit_resources' in the environment variable CMAKE_PREFIX_PATH doesn't exist
[1.660s] WARNING:colcon.colcon_ros.prefix_path.catkin:The path '/home/stephenq0503/Desktop/robot_arm_sim/install/moveit_resources_pr2_description' in the environment variable CMAKE_PREFIX_PATH doesn't exist
[1.660s] WARNING:colcon.colcon_ros.prefix_path.catkin:The path '/home/stephenq0503/Desktop/robot_arm_sim/install/moveit_resources_panda_moveit_config' in the environment variable CMAKE_PREFIX_PATH doesn't exist
[1.660s] WARNING:colcon.colcon_ros.prefix_path.catkin:The path '/home/stephenq0503/Desktop/robot_arm_sim/install/moveit_resources_panda_description' in the environment variable CMAKE_PREFIX_PATH doesn't exist
[1.660s] WARNING:colcon.colcon_ros.prefix_path.catkin:The path '/home/stephenq0503/Desktop/robot_arm_sim/install/moveit_resources_fanuc_moveit_config' in the environment variable CMAKE_PREFIX_PATH doesn't exist
[1.660s] WARNING:colcon.colcon_ros.prefix_path.catkin:The path '/home/stephenq0503/Desktop/robot_arm_sim/install/moveit_resources_fanuc_description' in the environment variable CMAKE_PREFIX_PATH doesn't exist
[1.660s] WARNING:colcon.colcon_ros.prefix_path.catkin:The path '/home/stephenq0503/Desktop/robot_arm_sim/install/moveit_common' in the environment variable CMAKE_PREFIX_PATH doesn't exist
[1.676s] DEBUG:colcon.colcon_installed_package_information.package_discovery:Found 3 installed packages in /home/stephenq0503/Desktop/robot_arm_sim/install
[1.694s] DEBUG:colcon.colcon_installed_package_information.package_discovery:Found 370 installed packages in /opt/ros/humble
[1.696s] Level 1:colcon.colcon_core.package_discovery:discover_packages(prefix_path) using defaults
[1.806s] Level 5:colcon.colcon_core.verb:set package 'gazebo_ros2_control' build argument 'cmake_args' from command line to 'None'
[1.806s] Level 5:colcon.colcon_core.verb:set package 'gazebo_ros2_control' build argument 'cmake_target' from command line to 'None'
[1.806s] Level 5:colcon.colcon_core.verb:set package 'gazebo_ros2_control' build argument 'cmake_target_skip_unavailable' from command line to 'False'
[1.806s] Level 5:colcon.colcon_core.verb:set package 'gazebo_ros2_control' build argument 'cmake_clean_cache' from command line to 'False'
[1.806s] Level 5:colcon.colcon_core.verb:set package 'gazebo_ros2_control' build argument 'cmake_clean_first' from command line to 'False'
[1.806s] Level 5:colcon.colcon_core.verb:set package 'gazebo_ros2_control' build argument 'cmake_force_configure' from command line to 'False'
[1.806s] Level 5:colcon.colcon_core.verb:set package 'gazebo_ros2_control' build argument 'ament_cmake_args' from command line to 'None'
[1.806s] Level 5:colcon.colcon_core.verb:set package 'gazebo_ros2_control' build argument 'catkin_cmake_args' from command line to 'None'
[1.806s] Level 5:colcon.colcon_core.verb:set package 'gazebo_ros2_control' build argument 'catkin_skip_building_tests' from command line to 'False'
[1.806s] DEBUG:colcon.colcon_core.verb:Building package 'gazebo_ros2_control' with the following arguments: {'ament_cmake_args': None, 'build_base': '/home/stephenq0503/Desktop/robot_arm_sim/build/gazebo_ros2_control', 'catkin_cmake_args': None, 'catkin_skip_building_tests': False, 'cmake_args': None, 'cmake_clean_cache': False, 'cmake_clean_first': False, 'cmake_force_configure': False, 'cmake_target': None, 'cmake_target_skip_unavailable': False, 'install_base': '/home/stephenq0503/Desktop/robot_arm_sim/install/gazebo_ros2_control', 'merge_install': False, 'path': '/home/stephenq0503/Desktop/robot_arm_sim/src/gazebo_ros2_control/gazebo_ros2_control', 'symlink_install': False, 'test_result_base': None}
[1.822s] Level 5:colcon.colcon_core.verb:set package 'my_robot_pkg' build argument 'cmake_args' from command line to 'None'
[1.822s] Level 5:colcon.colcon_core.verb:set package 'my_robot_pkg' build argument 'cmake_target' from command line to 'None'
[1.822s] Level 5:colcon.colcon_core.verb:set package 'my_robot_pkg' build argument 'cmake_target_skip_unavailable' from command line to 'False'
[1.822s] Level 5:colcon.colcon_core.verb:set package 'my_robot_pkg' build argument 'cmake_clean_cache' from command line to 'False'
[1.822s] Level 5:colcon.colcon_core.verb:set package 'my_robot_pkg' build argument 'cmake_clean_first' from command line to 'False'
[1.822s] Level 5:colcon.colcon_core.verb:set package 'my_robot_pkg' build argument 'cmake_force_configure' from command line to 'False'
[1.822s] Level 5:colcon.colcon_core.verb:set package 'my_robot_pkg' build argument 'ament_cmake_args' from command line to 'None'
[1.822s] Level 5:colcon.colcon_core.verb:set package 'my_robot_pkg' build argument 'catkin_cmake_args' from command line to 'None'
[1.822s] Level 5:colcon.colcon_core.verb:set package 'my_robot_pkg' build argument 'catkin_skip_building_tests' from command line to 'False'
[1.822s] DEBUG:colcon.colcon_core.verb:Building package 'my_robot_pkg' with the following arguments: {'ament_cmake_args': None, 'build_base': '/home/stephenq0503/Desktop/robot_arm_sim/build/my_robot_pkg', 'catkin_cmake_args': None, 'catkin_skip_building_tests': False, 'cmake_args': None, 'cmake_clean_cache': False, 'cmake_clean_first': False, 'cmake_force_configure': False, 'cmake_target': None, 'cmake_target_skip_unavailable': False, 'install_base': '/home/stephenq0503/Desktop/robot_arm_sim/install/my_robot_pkg', 'merge_install': False, 'path': '/home/stephenq0503/Desktop/robot_arm_sim/src/my_robot_pkg', 'symlink_install': False, 'test_result_base': None}
[1.838s] Level 5:colcon.colcon_core.verb:set package 'gazebo_ros2_control_demos' build argument 'cmake_args' from command line to 'None'
[1.838s] Level 5:colcon.colcon_core.verb:set package 'gazebo_ros2_control_demos' build argument 'cmake_target' from command line to 'None'
[1.838s] Level 5:colcon.colcon_core.verb:set package 'gazebo_ros2_control_demos' build argument 'cmake_target_skip_unavailable' from command line to 'False'
[1.838s] Level 5:colcon.colcon_core.verb:set package 'gazebo_ros2_control_demos' build argument 'cmake_clean_cache' from command line to 'False'
[1.838s] Level 5:colcon.colcon_core.verb:set package 'gazebo_ros2_control_demos' build argument 'cmake_clean_first' from command line to 'False'
[1.838s] Level 5:colcon.colcon_core.verb:set package 'gazebo_ros2_control_demos' build argument 'cmake_force_configure' from command line to 'False'
[1.838s] Level 5:colcon.colcon_core.verb:set package 'gazebo_ros2_control_demos' build argument 'ament_cmake_args' from command line to 'None'
[1.838s] Level 5:colcon.colcon_core.verb:set package 'gazebo_ros2_control_demos' build argument 'catkin_cmake_args' from command line to 'None'
[1.838s] Level 5:colcon.colcon_core.verb:set package 'gazebo_ros2_control_demos' build argument 'catkin_skip_building_tests' from command line to 'False'
[1.839s] DEBUG:colcon.colcon_core.verb:Building package 'gazebo_ros2_control_demos' with the following arguments: {'ament_cmake_args': None, 'build_base': '/home/stephenq0503/Desktop/robot_arm_sim/build/gazebo_ros2_control_demos', 'catkin_cmake_args': None, 'catkin_skip_building_tests': False, 'cmake_args': None, 'cmake_clean_cache': False, 'cmake_clean_first': False, 'cmake_force_configure': False, 'cmake_target': None, 'cmake_target_skip_unavailable': False, 'install_base': '/home/stephenq0503/Desktop/robot_arm_sim/install/gazebo_ros2_control_demos', 'merge_install': False, 'path': '/home/stephenq0503/Desktop/robot_arm_sim/src/gazebo_ros2_control/gazebo_ros2_control_demos', 'symlink_install': False, 'test_result_base': None}
[1.854s] INFO:colcon.colcon_core.executor:Executing jobs using 'parallel' executor
[1.870s] DEBUG:colcon.colcon_parallel_executor.executor.parallel:run_until_complete
[1.871s] INFO:colcon.colcon_ros.task.ament_cmake.build:Building ROS package in '/home/stephenq0503/Desktop/robot_arm_sim/src/gazebo_ros2_control/gazebo_ros2_control' with build type 'ament_cmake'
[1.871s] INFO:colcon.colcon_cmake.task.cmake.build:Building CMake package in '/home/stephenq0503/Desktop/robot_arm_sim/src/gazebo_ros2_control/gazebo_ros2_control'
[1.888s] INFO:colcon.colcon_core.plugin_system:Skipping extension 'colcon_core.shell.bat': Not used on non-Windows systems
[1.889s] INFO:colcon.colcon_core.shell:Skip shell extension 'powershell' for command environment: Not usable outside of PowerShell
[1.889s] DEBUG:colcon.colcon_core.shell:Skip shell extension 'dsv' for command environment
[1.941s] INFO:colcon.colcon_ros.task.ament_python.build:Building ROS package in '/home/stephenq0503/Desktop/robot_arm_sim/src/my_robot_pkg' with build type 'ament_python'
[1.941s] Level 1:colcon.colcon_core.shell:create_environment_hook('my_robot_pkg', 'ament_prefix_path')
[1.961s] INFO:colcon.colcon_core.shell:Creating environment hook '/home/stephenq0503/Desktop/robot_arm_sim/install/my_robot_pkg/share/my_robot_pkg/hook/ament_prefix_path.ps1'
[1.962s] INFO:colcon.colcon_core.shell:Creating environment descriptor '/home/stephenq0503/Desktop/robot_arm_sim/install/my_robot_pkg/share/my_robot_pkg/hook/ament_prefix_path.dsv'
[1.963s] INFO:colcon.colcon_core.shell:Creating environment hook '/home/stephenq0503/Desktop/robot_arm_sim/install/my_robot_pkg/share/my_robot_pkg/hook/ament_prefix_path.sh'
[1.985s] INFO:colcon.colcon_core.shell:Skip shell extension 'powershell' for command environment: Not usable outside of PowerShell
[1.985s] DEBUG:colcon.colcon_core.shell:Skip shell extension 'dsv' for command environment
[2.049s] DEBUG:colcon.colcon_core.event_handler.log_command:Invoking command in '/home/stephenq0503/Desktop/robot_arm_sim/build/gazebo_ros2_control': CMAKE_PREFIX_PATH=${CMAKE_PREFIX_PATH}:/home/stephenq0503/Desktop/robot_arm_sim/install/my_robot_pkg:/home/stephenq0503/Desktop/robot_arm_sim/install/moveit_configs_utils:/home/stephenq0503/Desktop/robot_arm_sim/install/launch_param_builder:/opt/ros/humble /usr/bin/cmake --build /home/stephenq0503/Desktop/robot_arm_sim/build/gazebo_ros2_control -- -j8 -l8
[2.330s] INFO:colcon.colcon_core.task.python.build:Building Python package in '/home/stephenq0503/Desktop/robot_arm_sim/src/my_robot_pkg'
[2.348s] INFO:colcon.colcon_core.shell:Skip shell extension 'powershell' for command environment: Not usable outside of PowerShell
[2.349s] DEBUG:colcon.colcon_core.shell:Skip shell extension 'dsv' for command environment
[2.403s] DEBUG:colcon.colcon_core.event_handler.log_command:Invoked command in '/home/stephenq0503/Desktop/robot_arm_sim/build/gazebo_ros2_control' returned '0': CMAKE_PREFIX_PATH=${CMAKE_PREFIX_PATH}:/home/stephenq0503/Desktop/robot_arm_sim/install/my_robot_pkg:/home/stephenq0503/Desktop/robot_arm_sim/install/moveit_configs_utils:/home/stephenq0503/Desktop/robot_arm_sim/install/launch_param_builder:/opt/ros/humble /usr/bin/cmake --build /home/stephenq0503/Desktop/robot_arm_sim/build/gazebo_ros2_control -- -j8 -l8
[2.474s] DEBUG:colcon.colcon_core.event_handler.log_command:Invoking command in '/home/stephenq0503/Desktop/robot_arm_sim/build/gazebo_ros2_control': CMAKE_PREFIX_PATH=${CMAKE_PREFIX_PATH}:/home/stephenq0503/Desktop/robot_arm_sim/install/my_robot_pkg:/home/stephenq0503/Desktop/robot_arm_sim/install/moveit_configs_utils:/home/stephenq0503/Desktop/robot_arm_sim/install/launch_param_builder:/opt/ros/humble /usr/bin/cmake --install /home/stephenq0503/Desktop/robot_arm_sim/build/gazebo_ros2_control
[2.488s] Level 1:colcon.colcon_core.environment:create_environment_scripts_only(gazebo_ros2_control)
[2.489s] DEBUG:colcon.colcon_core.event_handler.log_command:Invoked command in '/home/stephenq0503/Desktop/robot_arm_sim/build/gazebo_ros2_control' returned '0': CMAKE_PREFIX_PATH=${CMAKE_PREFIX_PATH}:/home/stephenq0503/Desktop/robot_arm_sim/install/my_robot_pkg:/home/stephenq0503/Desktop/robot_arm_sim/install/moveit_configs_utils:/home/stephenq0503/Desktop/robot_arm_sim/install/launch_param_builder:/opt/ros/humble /usr/bin/cmake --install /home/stephenq0503/Desktop/robot_arm_sim/build/gazebo_ros2_control
[2.510s] Level 1:colcon.colcon_core.environment:checking '/home/stephenq0503/Desktop/robot_arm_sim/install/gazebo_ros2_control' for CMake module files
[2.510s] Level 1:colcon.colcon_core.environment:checking '/home/stephenq0503/Desktop/robot_arm_sim/install/gazebo_ros2_control' for CMake config files
[2.510s] Level 1:colcon.colcon_core.shell:create_environment_hook('gazebo_ros2_control', 'cmake_prefix_path')
[2.527s] INFO:colcon.colcon_core.shell:Creating environment hook '/home/stephenq0503/Desktop/robot_arm_sim/install/gazebo_ros2_control/share/gazebo_ros2_control/hook/cmake_prefix_path.ps1'
[2.527s] INFO:colcon.colcon_core.shell:Creating environment descriptor '/home/stephenq0503/Desktop/robot_arm_sim/install/gazebo_ros2_control/share/gazebo_ros2_control/hook/cmake_prefix_path.dsv'
[2.527s] INFO:colcon.colcon_core.shell:Creating environment hook '/home/stephenq0503/Desktop/robot_arm_sim/install/gazebo_ros2_control/share/gazebo_ros2_control/hook/cmake_prefix_path.sh'
[2.528s] Level 1:colcon.colcon_core.environment:checking '/home/stephenq0503/Desktop/robot_arm_sim/install/gazebo_ros2_control/lib'
[2.528s] Level 1:colcon.colcon_core.shell:create_environment_hook('gazebo_ros2_control', 'ld_library_path_lib')
[2.544s] INFO:colcon.colcon_core.shell:Creating environment hook '/home/stephenq0503/Desktop/robot_arm_sim/install/gazebo_ros2_control/share/gazebo_ros2_control/hook/ld_library_path_lib.ps1'
[2.545s] INFO:colcon.colcon_core.shell:Creating environment descriptor '/home/stephenq0503/Desktop/robot_arm_sim/install/gazebo_ros2_control/share/gazebo_ros2_control/hook/ld_library_path_lib.dsv'
[2.545s] INFO:colcon.colcon_core.shell:Creating environment hook '/home/stephenq0503/Desktop/robot_arm_sim/install/gazebo_ros2_control/share/gazebo_ros2_control/hook/ld_library_path_lib.sh'
[2.545s] Level 1:colcon.colcon_core.environment:checking '/home/stephenq0503/Desktop/robot_arm_sim/install/gazebo_ros2_control/bin'
[2.545s] Level 1:colcon.colcon_core.environment:checking '/home/stephenq0503/Desktop/robot_arm_sim/install/gazebo_ros2_control/lib/pkgconfig/gazebo_ros2_control.pc'
[2.545s] Level 1:colcon.colcon_core.environment:checking '/home/stephenq0503/Desktop/robot_arm_sim/install/gazebo_ros2_control/lib/python3.10/site-packages'
[2.546s] Level 1:colcon.colcon_core.environment:checking '/home/stephenq0503/Desktop/robot_arm_sim/install/gazebo_ros2_control/bin'
[2.563s] INFO:colcon.colcon_core.shell:Creating package script '/home/stephenq0503/Desktop/robot_arm_sim/install/gazebo_ros2_control/share/gazebo_ros2_control/package.ps1'
[2.563s] INFO:colcon.colcon_core.shell:Creating package descriptor '/home/stephenq0503/Desktop/robot_arm_sim/install/gazebo_ros2_control/share/gazebo_ros2_control/package.dsv'
[2.564s] INFO:colcon.colcon_core.shell:Creating package script '/home/stephenq0503/Desktop/robot_arm_sim/install/gazebo_ros2_control/share/gazebo_ros2_control/package.sh'
[2.565s] INFO:colcon.colcon_core.shell:Creating package script '/home/stephenq0503/Desktop/robot_arm_sim/install/gazebo_ros2_control/share/gazebo_ros2_control/package.bash'
[2.565s] INFO:colcon.colcon_core.shell:Creating package script '/home/stephenq0503/Desktop/robot_arm_sim/install/gazebo_ros2_control/share/gazebo_ros2_control/package.zsh'
[2.566s] Level 1:colcon.colcon_core.environment:create_file_with_runtime_dependencies(/home/stephenq0503/Desktop/robot_arm_sim/install/gazebo_ros2_control/share/colcon-core/packages/gazebo_ros2_control)
[2.641s] Level 1:colcon.colcon_core.environment:create_environment_scripts_only(gazebo_ros2_control)
[2.657s] Level 1:colcon.colcon_core.environment:checking '/home/stephenq0503/Desktop/robot_arm_sim/install/gazebo_ros2_control' for CMake module files
[2.658s] Level 1:colcon.colcon_core.environment:checking '/home/stephenq0503/Desktop/robot_arm_sim/install/gazebo_ros2_control' for CMake config files
[2.658s] Level 1:colcon.colcon_core.shell:create_environment_hook('gazebo_ros2_control', 'cmake_prefix_path')
[2.675s] INFO:colcon.colcon_core.shell:Creating environment hook '/home/stephenq0503/Desktop/robot_arm_sim/install/gazebo_ros2_control/share/gazebo_ros2_control/hook/cmake_prefix_path.ps1'
[2.675s] INFO:colcon.colcon_core.shell:Creating environment descriptor '/home/stephenq0503/Desktop/robot_arm_sim/install/gazebo_ros2_control/share/gazebo_ros2_control/hook/cmake_prefix_path.dsv'
[2.676s] INFO:colcon.colcon_core.shell:Creating environment hook '/home/stephenq0503/Desktop/robot_arm_sim/install/gazebo_ros2_control/share/gazebo_ros2_control/hook/cmake_prefix_path.sh'
[2.676s] Level 1:colcon.colcon_core.environment:checking '/home/stephenq0503/Desktop/robot_arm_sim/install/gazebo_ros2_control/lib'
[2.676s] Level 1:colcon.colcon_core.shell:create_environment_hook('gazebo_ros2_control', 'ld_library_path_lib')
[2.693s] INFO:colcon.colcon_core.shell:Creating environment hook '/home/stephenq0503/Desktop/robot_arm_sim/install/gazebo_ros2_control/share/gazebo_ros2_control/hook/ld_library_path_lib.ps1'
[2.693s] INFO:colcon.colcon_core.shell:Creating environment descriptor '/home/stephenq0503/Desktop/robot_arm_sim/install/gazebo_ros2_control/share/gazebo_ros2_control/hook/ld_library_path_lib.dsv'
[2.693s] INFO:colcon.colcon_core.shell:Creating environment hook '/home/stephenq0503/Desktop/robot_arm_sim/install/gazebo_ros2_control/share/gazebo_ros2_control/hook/ld_library_path_lib.sh'
[2.694s] Level 1:colcon.colcon_core.environment:checking '/home/stephenq0503/Desktop/robot_arm_sim/install/gazebo_ros2_control/bin'
[2.694s] Level 1:colcon.colcon_core.environment:checking '/home/stephenq0503/Desktop/robot_arm_sim/install/gazebo_ros2_control/lib/pkgconfig/gazebo_ros2_control.pc'
[2.694s] Level 1:colcon.colcon_core.environment:checking '/home/stephenq0503/Desktop/robot_arm_sim/install/gazebo_ros2_control/lib/python3.10/site-packages'
[2.694s] Level 1:colcon.colcon_core.environment:checking '/home/stephenq0503/Desktop/robot_arm_sim/install/gazebo_ros2_control/bin'
[2.712s] INFO:colcon.colcon_core.shell:Creating package script '/home/stephenq0503/Desktop/robot_arm_sim/install/gazebo_ros2_control/share/gazebo_ros2_control/package.ps1'
[2.713s] INFO:colcon.colcon_core.shell:Creating package descriptor '/home/stephenq0503/Desktop/robot_arm_sim/install/gazebo_ros2_control/share/gazebo_ros2_control/package.dsv'
[2.713s] INFO:colcon.colcon_core.shell:Creating package script '/home/stephenq0503/Desktop/robot_arm_sim/install/gazebo_ros2_control/share/gazebo_ros2_control/package.sh'
[2.714s] INFO:colcon.colcon_core.shell:Creating package script '/home/stephenq0503/Desktop/robot_arm_sim/install/gazebo_ros2_control/share/gazebo_ros2_control/package.bash'
[2.714s] INFO:colcon.colcon_core.shell:Creating package script '/home/stephenq0503/Desktop/robot_arm_sim/install/gazebo_ros2_control/share/gazebo_ros2_control/package.zsh'
[2.714s] Level 1:colcon.colcon_core.environment:create_file_with_runtime_dependencies(/home/stephenq0503/Desktop/robot_arm_sim/install/gazebo_ros2_control/share/colcon-core/packages/gazebo_ros2_control)
[2.715s] INFO:colcon.colcon_ros.task.ament_cmake.build:Building ROS package in '/home/stephenq0503/Desktop/robot_arm_sim/src/gazebo_ros2_control/gazebo_ros2_control_demos' with build type 'ament_cmake'
[2.715s] INFO:colcon.colcon_cmake.task.cmake.build:Building CMake package in '/home/stephenq0503/Desktop/robot_arm_sim/src/gazebo_ros2_control/gazebo_ros2_control_demos'
[2.734s] INFO:colcon.colcon_core.shell:Skip shell extension 'powershell' for command environment: Not usable outside of PowerShell
[2.734s] DEBUG:colcon.colcon_core.shell:Skip shell extension 'dsv' for command environment
[2.800s] DEBUG:colcon.colcon_core.event_handler.log_command:Invoking command in '/home/stephenq0503/Desktop/robot_arm_sim/src/my_robot_pkg': PYTHONPATH=/home/stephenq0503/Desktop/robot_arm_sim/build/my_robot_pkg/prefix_override:/home/stephenq0503/Desktop/robot_arm_sim/install/my_robot_pkg/lib/python3.10/site-packages:${PYTHONPATH} /usr/bin/python3 setup.py egg_info --egg-base ../../build/my_robot_pkg build --build-base /home/stephenq0503/Desktop/robot_arm_sim/build/my_robot_pkg/build install --record /home/stephenq0503/Desktop/robot_arm_sim/build/my_robot_pkg/install.log --single-version-externally-managed
[2.811s] DEBUG:colcon.colcon_core.event_handler.log_command:Invoking command in '/home/stephenq0503/Desktop/robot_arm_sim/build/gazebo_ros2_control_demos': CMAKE_PREFIX_PATH=/home/stephenq0503/Desktop/robot_arm_sim/install/gazebo_ros2_control:/home/stephenq0503/Desktop/robot_arm_sim/install/gazebo_ros2_control_demos:/home/stephenq0503/Desktop/robot_arm_sim/install/mtc_tutorial:/home/stephenq0503/Desktop/robot_arm_sim/install/pilz_industrial_motion_planner_testutils:/home/stephenq0503/Desktop/robot_arm_sim/install/moveit_runtime:/home/stephenq0503/Desktop/robot_arm_sim/install/moveit2_tutorials:/home/stephenq0503/Desktop/robot_arm_sim/install/moveit:/home/stephenq0503/Desktop/robot_arm_sim/install/moveit_planners:/home/stephenq0503/Desktop/robot_arm_sim/install/pilz_industrial_motion_planner:/home/stephenq0503/Desktop/robot_arm_sim/install/moveit_visual_tools:/home/stephenq0503/Desktop/robot_arm_sim/install/moveit_task_constructor_visualization:/home/stephenq0503/Desktop/robot_arm_sim/install/moveit_task_constructor_demo:/home/stephenq0503/Desktop/robot_arm_sim/install/moveit_task_constructor_capabilities:/home/stephenq0503/Desktop/robot_arm_sim/install/moveit_task_constructor_core:/home/stephenq0503/Desktop/robot_arm_sim/install/moveit_ros_control_interface:/home/stephenq0503/Desktop/robot_arm_sim/install/moveit_plugins:/home/stephenq0503/Desktop/robot_arm_sim/install/moveit_simple_controller_manager:/home/stephenq0503/Desktop/robot_arm_sim/install/moveit_setup_assistant:/home/stephenq0503/Desktop/robot_arm_sim/install/moveit_setup_srdf_plugins:/home/stephenq0503/Desktop/robot_arm_sim/install/moveit_setup_core_plugins:/home/stephenq0503/Desktop/robot_arm_sim/install/moveit_setup_controllers:/home/stephenq0503/Desktop/robot_arm_sim/install/moveit_setup_app_plugins:/home/stephenq0503/Desktop/robot_arm_sim/install/moveit_setup_framework:/home/stephenq0503/Desktop/robot_arm_sim/install/moveit_servo:/home/stephenq0503/Desktop/robot_arm_sim/install/moveit_ros:/home/stephenq0503/Desktop/robot_arm_sim/install/moveit_ros_visualization:/home/stephenq0503/Desktop/robot_arm_sim/install/moveit_hybrid_planning:/home/stephenq0503/Desktop/robot_arm_sim/install/moveit_ros_planning_interface:/home/stephenq0503/Desktop/robot_arm_sim/install/moveit_ros_benchmarks:/home/stephenq0503/Desktop/robot_arm_sim/install/moveit_ros_warehouse:/home/stephenq0503/Desktop/robot_arm_sim/install/moveit_ros_robot_interaction:/home/stephenq0503/Desktop/robot_arm_sim/install/moveit_ros_perception:/home/stephenq0503/Desktop/robot_arm_sim/install/moveit_resources_prbt_pg70_support:/home/stephenq0503/Desktop/robot_arm_sim/install/moveit_resources_prbt_moveit_config:/home/stephenq0503/Desktop/robot_arm_sim/install/moveit_ros_move_group:/home/stephenq0503/Desktop/robot_arm_sim/install/moveit_planners_ompl:/home/stephenq0503/Desktop/robot_arm_sim/install/moveit_ros_planning:/home/stephenq0503/Desktop/robot_arm_sim/install/moveit_ros_occupancy_map_monitor:/home/stephenq0503/Desktop/robot_arm_sim/install/moveit_resources_prbt_ikfast_manipulator_plugin:/home/stephenq0503/Desktop/robot_arm_sim/install/moveit_planners_chomp:/home/stephenq0503/Desktop/robot_arm_sim/install/moveit_kinematics:/home/stephenq0503/Desktop/robot_arm_sim/install/moveit_chomp_optimizer_adapter:/home/stephenq0503/Desktop/robot_arm_sim/install/chomp_motion_planner:/home/stephenq0503/Desktop/robot_arm_sim/install/moveit_core:/home/stephenq0503/Desktop/robot_arm_sim/install/srdfdom:/home/stephenq0503/Desktop/robot_arm_sim/install/rviz_marker_tools:/home/stephenq0503/Desktop/robot_arm_sim/install/rosparam_shortcuts:/home/stephenq0503/Desktop/robot_arm_sim/install/moveit_task_constructor_msgs:/home/stephenq0503/Desktop/robot_arm_sim/install/moveit_resources_prbt_support:/home/stephenq0503/Desktop/robot_arm_sim/install/moveit_resources:/home/stephenq0503/Desktop/robot_arm_sim/install/moveit_resources_pr2_description:/home/stephenq0503/Desktop/robot_arm_sim/install/moveit_resources_panda_moveit_config:/home/stephenq0503/Desktop/robot_arm_sim/install/moveit_resources_panda_description:/home/stephenq0503/Desktop/robot_arm_sim/install/moveit_resources_fanuc_moveit_config:/home/stephenq0503/Desktop/robot_arm_sim/install/moveit_resources_fanuc_description:/home/stephenq0503/Desktop/robot_arm_sim/install/moveit_common:/home/stephenq0503/Desktop/robot_arm_sim/install/my_robot_pkg:/home/stephenq0503/Desktop/robot_arm_sim/install/moveit_configs_utils:/home/stephenq0503/Desktop/robot_arm_sim/install/launch_param_builder:/opt/ros/humble /usr/bin/cmake --build /home/stephenq0503/Desktop/robot_arm_sim/build/gazebo_ros2_control_demos -- -j8 -l8
[2.922s] DEBUG:colcon.colcon_core.event_handler.log_command:Invoked command in '/home/stephenq0503/Desktop/robot_arm_sim/build/gazebo_ros2_control_demos' returned '0': CMAKE_PREFIX_PATH=/home/stephenq0503/Desktop/robot_arm_sim/install/gazebo_ros2_control:/home/stephenq0503/Desktop/robot_arm_sim/install/gazebo_ros2_control_demos:/home/stephenq0503/Desktop/robot_arm_sim/install/mtc_tutorial:/home/stephenq0503/Desktop/robot_arm_sim/install/pilz_industrial_motion_planner_testutils:/home/stephenq0503/Desktop/robot_arm_sim/install/moveit_runtime:/home/stephenq0503/Desktop/robot_arm_sim/install/moveit2_tutorials:/home/stephenq0503/Desktop/robot_arm_sim/install/moveit:/home/stephenq0503/Desktop/robot_arm_sim/install/moveit_planners:/home/stephenq0503/Desktop/robot_arm_sim/install/pilz_industrial_motion_planner:/home/stephenq0503/Desktop/robot_arm_sim/install/moveit_visual_tools:/home/stephenq0503/Desktop/robot_arm_sim/install/moveit_task_constructor_visualization:/home/stephenq0503/Desktop/robot_arm_sim/install/moveit_task_constructor_demo:/home/stephenq0503/Desktop/robot_arm_sim/install/moveit_task_constructor_capabilities:/home/stephenq0503/Desktop/robot_arm_sim/install/moveit_task_constructor_core:/home/stephenq0503/Desktop/robot_arm_sim/install/moveit_ros_control_interface:/home/stephenq0503/Desktop/robot_arm_sim/install/moveit_plugins:/home/stephenq0503/Desktop/robot_arm_sim/install/moveit_simple_controller_manager:/home/stephenq0503/Desktop/robot_arm_sim/install/moveit_setup_assistant:/home/stephenq0503/Desktop/robot_arm_sim/install/moveit_setup_srdf_plugins:/home/stephenq0503/Desktop/robot_arm_sim/install/moveit_setup_core_plugins:/home/stephenq0503/Desktop/robot_arm_sim/install/moveit_setup_controllers:/home/stephenq0503/Desktop/robot_arm_sim/install/moveit_setup_app_plugins:/home/stephenq0503/Desktop/robot_arm_sim/install/moveit_setup_framework:/home/stephenq0503/Desktop/robot_arm_sim/install/moveit_servo:/home/stephenq0503/Desktop/robot_arm_sim/install/moveit_ros:/home/stephenq0503/Desktop/robot_arm_sim/install/moveit_ros_visualization:/home/stephenq0503/Desktop/robot_arm_sim/install/moveit_hybrid_planning:/home/stephenq0503/Desktop/robot_arm_sim/install/moveit_ros_planning_interface:/home/stephenq0503/Desktop/robot_arm_sim/install/moveit_ros_benchmarks:/home/stephenq0503/Desktop/robot_arm_sim/install/moveit_ros_warehouse:/home/stephenq0503/Desktop/robot_arm_sim/install/moveit_ros_robot_interaction:/home/stephenq0503/Desktop/robot_arm_sim/install/moveit_ros_perception:/home/stephenq0503/Desktop/robot_arm_sim/install/moveit_resources_prbt_pg70_support:/home/stephenq0503/Desktop/robot_arm_sim/install/moveit_resources_prbt_moveit_config:/home/stephenq0503/Desktop/robot_arm_sim/install/moveit_ros_move_group:/home/stephenq0503/Desktop/robot_arm_sim/install/moveit_planners_ompl:/home/stephenq0503/Desktop/robot_arm_sim/install/moveit_ros_planning:/home/stephenq0503/Desktop/robot_arm_sim/install/moveit_ros_occupancy_map_monitor:/home/stephenq0503/Desktop/robot_arm_sim/install/moveit_resources_prbt_ikfast_manipulator_plugin:/home/stephenq0503/Desktop/robot_arm_sim/install/moveit_planners_chomp:/home/stephenq0503/Desktop/robot_arm_sim/install/moveit_kinematics:/home/stephenq0503/Desktop/robot_arm_sim/install/moveit_chomp_optimizer_adapter:/home/stephenq0503/Desktop/robot_arm_sim/install/chomp_motion_planner:/home/stephenq0503/Desktop/robot_arm_sim/install/moveit_core:/home/stephenq0503/Desktop/robot_arm_sim/install/srdfdom:/home/stephenq0503/Desktop/robot_arm_sim/install/rviz_marker_tools:/home/stephenq0503/Desktop/robot_arm_sim/install/rosparam_shortcuts:/home/stephenq0503/Desktop/robot_arm_sim/install/moveit_task_constructor_msgs:/home/stephenq0503/Desktop/robot_arm_sim/install/moveit_resources_prbt_support:/home/stephenq0503/Desktop/robot_arm_sim/install/moveit_resources:/home/stephenq0503/Desktop/robot_arm_sim/install/moveit_resources_pr2_description:/home/stephenq0503/Desktop/robot_arm_sim/install/moveit_resources_panda_moveit_config:/home/stephenq0503/Desktop/robot_arm_sim/install/moveit_resources_panda_description:/home/stephenq0503/Desktop/robot_arm_sim/install/moveit_resources_fanuc_moveit_config:/home/stephenq0503/Desktop/robot_arm_sim/install/moveit_resources_fanuc_description:/home/stephenq0503/Desktop/robot_arm_sim/install/moveit_common:/home/stephenq0503/Desktop/robot_arm_sim/install/my_robot_pkg:/home/stephenq0503/Desktop/robot_arm_sim/install/moveit_configs_utils:/home/stephenq0503/Desktop/robot_arm_sim/install/launch_param_builder:/opt/ros/humble /usr/bin/cmake --build /home/stephenq0503/Desktop/robot_arm_sim/build/gazebo_ros2_control_demos -- -j8 -l8
[3.018s] DEBUG:colcon.colcon_core.event_handler.log_command:Invoking command in '/home/stephenq0503/Desktop/robot_arm_sim/build/gazebo_ros2_control_demos': CMAKE_PREFIX_PATH=/home/stephenq0503/Desktop/robot_arm_sim/install/gazebo_ros2_control:/home/stephenq0503/Desktop/robot_arm_sim/install/gazebo_ros2_control_demos:/home/stephenq0503/Desktop/robot_arm_sim/install/mtc_tutorial:/home/stephenq0503/Desktop/robot_arm_sim/install/pilz_industrial_motion_planner_testutils:/home/stephenq0503/Desktop/robot_arm_sim/install/moveit_runtime:/home/stephenq0503/Desktop/robot_arm_sim/install/moveit2_tutorials:/home/stephenq0503/Desktop/robot_arm_sim/install/moveit:/home/stephenq0503/Desktop/robot_arm_sim/install/moveit_planners:/home/stephenq0503/Desktop/robot_arm_sim/install/pilz_industrial_motion_planner:/home/stephenq0503/Desktop/robot_arm_sim/install/moveit_visual_tools:/home/stephenq0503/Desktop/robot_arm_sim/install/moveit_task_constructor_visualization:/home/stephenq0503/Desktop/robot_arm_sim/install/moveit_task_constructor_demo:/home/stephenq0503/Desktop/robot_arm_sim/install/moveit_task_constructor_capabilities:/home/stephenq0503/Desktop/robot_arm_sim/install/moveit_task_constructor_core:/home/stephenq0503/Desktop/robot_arm_sim/install/moveit_ros_control_interface:/home/stephenq0503/Desktop/robot_arm_sim/install/moveit_plugins:/home/stephenq0503/Desktop/robot_arm_sim/install/moveit_simple_controller_manager:/home/stephenq0503/Desktop/robot_arm_sim/install/moveit_setup_assistant:/home/stephenq0503/Desktop/robot_arm_sim/install/moveit_setup_srdf_plugins:/home/stephenq0503/Desktop/robot_arm_sim/install/moveit_setup_core_plugins:/home/stephenq0503/Desktop/robot_arm_sim/install/moveit_setup_controllers:/home/stephenq0503/Desktop/robot_arm_sim/install/moveit_setup_app_plugins:/home/stephenq0503/Desktop/robot_arm_sim/install/moveit_setup_framework:/home/stephenq0503/Desktop/robot_arm_sim/install/moveit_servo:/home/stephenq0503/Desktop/robot_arm_sim/install/moveit_ros:/home/stephenq0503/Desktop/robot_arm_sim/install/moveit_ros_visualization:/home/stephenq0503/Desktop/robot_arm_sim/install/moveit_hybrid_planning:/home/stephenq0503/Desktop/robot_arm_sim/install/moveit_ros_planning_interface:/home/stephenq0503/Desktop/robot_arm_sim/install/moveit_ros_benchmarks:/home/stephenq0503/Desktop/robot_arm_sim/install/moveit_ros_warehouse:/home/stephenq0503/Desktop/robot_arm_sim/install/moveit_ros_robot_interaction:/home/stephenq0503/Desktop/robot_arm_sim/install/moveit_ros_perception:/home/stephenq0503/Desktop/robot_arm_sim/install/moveit_resources_prbt_pg70_support:/home/stephenq0503/Desktop/robot_arm_sim/install/moveit_resources_prbt_moveit_config:/home/stephenq0503/Desktop/robot_arm_sim/install/moveit_ros_move_group:/home/stephenq0503/Desktop/robot_arm_sim/install/moveit_planners_ompl:/home/stephenq0503/Desktop/robot_arm_sim/install/moveit_ros_planning:/home/stephenq0503/Desktop/robot_arm_sim/install/moveit_ros_occupancy_map_monitor:/home/stephenq0503/Desktop/robot_arm_sim/install/moveit_resources_prbt_ikfast_manipulator_plugin:/home/stephenq0503/Desktop/robot_arm_sim/install/moveit_planners_chomp:/home/stephenq0503/Desktop/robot_arm_sim/install/moveit_kinematics:/home/stephenq0503/Desktop/robot_arm_sim/install/moveit_chomp_optimizer_adapter:/home/stephenq0503/Desktop/robot_arm_sim/install/chomp_motion_planner:/home/stephenq0503/Desktop/robot_arm_sim/install/moveit_core:/home/stephenq0503/Desktop/robot_arm_sim/install/srdfdom:/home/stephenq0503/Desktop/robot_arm_sim/install/rviz_marker_tools:/home/stephenq0503/Desktop/robot_arm_sim/install/rosparam_shortcuts:/home/stephenq0503/Desktop/robot_arm_sim/install/moveit_task_constructor_msgs:/home/stephenq0503/Desktop/robot_arm_sim/install/moveit_resources_prbt_support:/home/stephenq0503/Desktop/robot_arm_sim/install/moveit_resources:/home/stephenq0503/Desktop/robot_arm_sim/install/moveit_resources_pr2_description:/home/stephenq0503/Desktop/robot_arm_sim/install/moveit_resources_panda_moveit_config:/home/stephenq0503/Desktop/robot_arm_sim/install/moveit_resources_panda_description:/home/stephenq0503/Desktop/robot_arm_sim/install/moveit_resources_fanuc_moveit_config:/home/stephenq0503/Desktop/robot_arm_sim/install/moveit_resources_fanuc_description:/home/stephenq0503/Desktop/robot_arm_sim/install/moveit_common:/home/stephenq0503/Desktop/robot_arm_sim/install/my_robot_pkg:/home/stephenq0503/Desktop/robot_arm_sim/install/moveit_configs_utils:/home/stephenq0503/Desktop/robot_arm_sim/install/launch_param_builder:/opt/ros/humble /usr/bin/cmake --install /home/stephenq0503/Desktop/robot_arm_sim/build/gazebo_ros2_control_demos
[3.033s] Level 1:colcon.colcon_core.environment:create_environment_scripts_only(gazebo_ros2_control_demos)
[3.033s] DEBUG:colcon.colcon_core.event_handler.log_command:Invoked command in '/home/stephenq0503/Desktop/robot_arm_sim/build/gazebo_ros2_control_demos' returned '0': CMAKE_PREFIX_PATH=/home/stephenq0503/Desktop/robot_arm_sim/install/gazebo_ros2_control:/home/stephenq0503/Desktop/robot_arm_sim/install/gazebo_ros2_control_demos:/home/stephenq0503/Desktop/robot_arm_sim/install/mtc_tutorial:/home/stephenq0503/Desktop/robot_arm_sim/install/pilz_industrial_motion_planner_testutils:/home/stephenq0503/Desktop/robot_arm_sim/install/moveit_runtime:/home/stephenq0503/Desktop/robot_arm_sim/install/moveit2_tutorials:/home/stephenq0503/Desktop/robot_arm_sim/install/moveit:/home/stephenq0503/Desktop/robot_arm_sim/install/moveit_planners:/home/stephenq0503/Desktop/robot_arm_sim/install/pilz_industrial_motion_planner:/home/stephenq0503/Desktop/robot_arm_sim/install/moveit_visual_tools:/home/stephenq0503/Desktop/robot_arm_sim/install/moveit_task_constructor_visualization:/home/stephenq0503/Desktop/robot_arm_sim/install/moveit_task_constructor_demo:/home/stephenq0503/Desktop/robot_arm_sim/install/moveit_task_constructor_capabilities:/home/stephenq0503/Desktop/robot_arm_sim/install/moveit_task_constructor_core:/home/stephenq0503/Desktop/robot_arm_sim/install/moveit_ros_control_interface:/home/stephenq0503/Desktop/robot_arm_sim/install/moveit_plugins:/home/stephenq0503/Desktop/robot_arm_sim/install/moveit_simple_controller_manager:/home/stephenq0503/Desktop/robot_arm_sim/install/moveit_setup_assistant:/home/stephenq0503/Desktop/robot_arm_sim/install/moveit_setup_srdf_plugins:/home/stephenq0503/Desktop/robot_arm_sim/install/moveit_setup_core_plugins:/home/stephenq0503/Desktop/robot_arm_sim/install/moveit_setup_controllers:/home/stephenq0503/Desktop/robot_arm_sim/install/moveit_setup_app_plugins:/home/stephenq0503/Desktop/robot_arm_sim/install/moveit_setup_framework:/home/stephenq0503/Desktop/robot_arm_sim/install/moveit_servo:/home/stephenq0503/Desktop/robot_arm_sim/install/moveit_ros:/home/stephenq0503/Desktop/robot_arm_sim/install/moveit_ros_visualization:/home/stephenq0503/Desktop/robot_arm_sim/install/moveit_hybrid_planning:/home/stephenq0503/Desktop/robot_arm_sim/install/moveit_ros_planning_interface:/home/stephenq0503/Desktop/robot_arm_sim/install/moveit_ros_benchmarks:/home/stephenq0503/Desktop/robot_arm_sim/install/moveit_ros_warehouse:/home/stephenq0503/Desktop/robot_arm_sim/install/moveit_ros_robot_interaction:/home/stephenq0503/Desktop/robot_arm_sim/install/moveit_ros_perception:/home/stephenq0503/Desktop/robot_arm_sim/install/moveit_resources_prbt_pg70_support:/home/stephenq0503/Desktop/robot_arm_sim/install/moveit_resources_prbt_moveit_config:/home/stephenq0503/Desktop/robot_arm_sim/install/moveit_ros_move_group:/home/stephenq0503/Desktop/robot_arm_sim/install/moveit_planners_ompl:/home/stephenq0503/Desktop/robot_arm_sim/install/moveit_ros_planning:/home/stephenq0503/Desktop/robot_arm_sim/install/moveit_ros_occupancy_map_monitor:/home/stephenq0503/Desktop/robot_arm_sim/install/moveit_resources_prbt_ikfast_manipulator_plugin:/home/stephenq0503/Desktop/robot_arm_sim/install/moveit_planners_chomp:/home/stephenq0503/Desktop/robot_arm_sim/install/moveit_kinematics:/home/stephenq0503/Desktop/robot_arm_sim/install/moveit_chomp_optimizer_adapter:/home/stephenq0503/Desktop/robot_arm_sim/install/chomp_motion_planner:/home/stephenq0503/Desktop/robot_arm_sim/install/moveit_core:/home/stephenq0503/Desktop/robot_arm_sim/install/srdfdom:/home/stephenq0503/Desktop/robot_arm_sim/install/rviz_marker_tools:/home/stephenq0503/Desktop/robot_arm_sim/install/rosparam_shortcuts:/home/stephenq0503/Desktop/robot_arm_sim/install/moveit_task_constructor_msgs:/home/stephenq0503/Desktop/robot_arm_sim/install/moveit_resources_prbt_support:/home/stephenq0503/Desktop/robot_arm_sim/install/moveit_resources:/home/stephenq0503/Desktop/robot_arm_sim/install/moveit_resources_pr2_description:/home/stephenq0503/Desktop/robot_arm_sim/install/moveit_resources_panda_moveit_config:/home/stephenq0503/Desktop/robot_arm_sim/install/moveit_resources_panda_description:/home/stephenq0503/Desktop/robot_arm_sim/install/moveit_resources_fanuc_moveit_config:/home/stephenq0503/Desktop/robot_arm_sim/install/moveit_resources_fanuc_description:/home/stephenq0503/Desktop/robot_arm_sim/install/moveit_common:/home/stephenq0503/Desktop/robot_arm_sim/install/my_robot_pkg:/home/stephenq0503/Desktop/robot_arm_sim/install/moveit_configs_utils:/home/stephenq0503/Desktop/robot_arm_sim/install/launch_param_builder:/opt/ros/humble /usr/bin/cmake --install /home/stephenq0503/Desktop/robot_arm_sim/build/gazebo_ros2_control_demos
[3.065s] Level 1:colcon.colcon_core.environment:checking '/home/stephenq0503/Desktop/robot_arm_sim/install/gazebo_ros2_control_demos' for CMake module files
[3.066s] Level 1:colcon.colcon_core.environment:checking '/home/stephenq0503/Desktop/robot_arm_sim/install/gazebo_ros2_control_demos' for CMake config files
[3.066s] Level 1:colcon.colcon_core.shell:create_environment_hook('gazebo_ros2_control_demos', 'cmake_prefix_path')
[3.084s] INFO:colcon.colcon_core.shell:Creating environment hook '/home/stephenq0503/Desktop/robot_arm_sim/install/gazebo_ros2_control_demos/share/gazebo_ros2_control_demos/hook/cmake_prefix_path.ps1'
[3.084s] INFO:colcon.colcon_core.shell:Creating environment descriptor '/home/stephenq0503/Desktop/robot_arm_sim/install/gazebo_ros2_control_demos/share/gazebo_ros2_control_demos/hook/cmake_prefix_path.dsv'
[3.085s] INFO:colcon.colcon_core.shell:Creating environment hook '/home/stephenq0503/Desktop/robot_arm_sim/install/gazebo_ros2_control_demos/share/gazebo_ros2_control_demos/hook/cmake_prefix_path.sh'
[3.085s] Level 1:colcon.colcon_core.environment:checking '/home/stephenq0503/Desktop/robot_arm_sim/install/gazebo_ros2_control_demos/lib'
[3.085s] Level 1:colcon.colcon_core.environment:checking '/home/stephenq0503/Desktop/robot_arm_sim/install/gazebo_ros2_control_demos/bin'
[3.085s] Level 1:colcon.colcon_core.environment:checking '/home/stephenq0503/Desktop/robot_arm_sim/install/gazebo_ros2_control_demos/lib/pkgconfig/gazebo_ros2_control_demos.pc'
[3.085s] Level 1:colcon.colcon_core.environment:checking '/home/stephenq0503/Desktop/robot_arm_sim/install/gazebo_ros2_control_demos/lib/python3.10/site-packages'
[3.086s] Level 1:colcon.colcon_core.environment:checking '/home/stephenq0503/Desktop/robot_arm_sim/install/gazebo_ros2_control_demos/bin'
[3.115s] INFO:colcon.colcon_core.shell:Creating package script '/home/stephenq0503/Desktop/robot_arm_sim/install/gazebo_ros2_control_demos/share/gazebo_ros2_control_demos/package.ps1'
[3.116s] INFO:colcon.colcon_core.shell:Creating package descriptor '/home/stephenq0503/Desktop/robot_arm_sim/install/gazebo_ros2_control_demos/share/gazebo_ros2_control_demos/package.dsv'
[3.116s] INFO:colcon.colcon_core.shell:Creating package script '/home/stephenq0503/Desktop/robot_arm_sim/install/gazebo_ros2_control_demos/share/gazebo_ros2_control_demos/package.sh'
[3.117s] INFO:colcon.colcon_core.shell:Creating package script '/home/stephenq0503/Desktop/robot_arm_sim/install/gazebo_ros2_control_demos/share/gazebo_ros2_control_demos/package.bash'
[3.117s] INFO:colcon.colcon_core.shell:Creating package script '/home/stephenq0503/Desktop/robot_arm_sim/install/gazebo_ros2_control_demos/share/gazebo_ros2_control_demos/package.zsh'
[3.117s] Level 1:colcon.colcon_core.environment:create_file_with_runtime_dependencies(/home/stephenq0503/Desktop/robot_arm_sim/install/gazebo_ros2_control_demos/share/colcon-core/packages/gazebo_ros2_control_demos)
[3.155s] DEBUG:colcon.colcon_core.event_handler.log_command:Invoked command in '/home/stephenq0503/Desktop/robot_arm_sim/src/my_robot_pkg' returned '0': PYTHONPATH=/home/stephenq0503/Desktop/robot_arm_sim/build/my_robot_pkg/prefix_override:/home/stephenq0503/Desktop/robot_arm_sim/install/my_robot_pkg/lib/python3.10/site-packages:${PYTHONPATH} /usr/bin/python3 setup.py egg_info --egg-base ../../build/my_robot_pkg build --build-base /home/stephenq0503/Desktop/robot_arm_sim/build/my_robot_pkg/build install --record /home/stephenq0503/Desktop/robot_arm_sim/build/my_robot_pkg/install.log --single-version-externally-managed
[3.173s] Level 1:colcon.colcon_core.environment:checking '/home/stephenq0503/Desktop/robot_arm_sim/install/my_robot_pkg' for CMake module files
[3.174s] Level 1:colcon.colcon_core.environment:checking '/home/stephenq0503/Desktop/robot_arm_sim/install/my_robot_pkg' for CMake config files
[3.175s] Level 1:colcon.colcon_core.environment:checking '/home/stephenq0503/Desktop/robot_arm_sim/install/my_robot_pkg/lib'
[3.175s] Level 1:colcon.colcon_core.environment:checking '/home/stephenq0503/Desktop/robot_arm_sim/install/my_robot_pkg/bin'
[3.175s] Level 1:colcon.colcon_core.environment:checking '/home/stephenq0503/Desktop/robot_arm_sim/install/my_robot_pkg/lib/pkgconfig/my_robot_pkg.pc'
[3.175s] Level 1:colcon.colcon_core.environment:checking '/home/stephenq0503/Desktop/robot_arm_sim/install/my_robot_pkg/lib/python3.10/site-packages'
[3.175s] Level 1:colcon.colcon_core.shell:create_environment_hook('my_robot_pkg', 'pythonpath')
[3.192s] INFO:colcon.colcon_core.shell:Creating environment hook '/home/stephenq0503/Desktop/robot_arm_sim/install/my_robot_pkg/share/my_robot_pkg/hook/pythonpath.ps1'
[3.192s] INFO:colcon.colcon_core.shell:Creating environment descriptor '/home/stephenq0503/Desktop/robot_arm_sim/install/my_robot_pkg/share/my_robot_pkg/hook/pythonpath.dsv'
[3.192s] INFO:colcon.colcon_core.shell:Creating environment hook '/home/stephenq0503/Desktop/robot_arm_sim/install/my_robot_pkg/share/my_robot_pkg/hook/pythonpath.sh'
[3.193s] Level 1:colcon.colcon_core.environment:checking '/home/stephenq0503/Desktop/robot_arm_sim/install/my_robot_pkg/bin'
[3.193s] Level 1:colcon.colcon_core.environment:create_environment_scripts_only(my_robot_pkg)
[3.210s] INFO:colcon.colcon_core.shell:Creating package script '/home/stephenq0503/Desktop/robot_arm_sim/install/my_robot_pkg/share/my_robot_pkg/package.ps1'
[3.210s] INFO:colcon.colcon_core.shell:Creating package descriptor '/home/stephenq0503/Desktop/robot_arm_sim/install/my_robot_pkg/share/my_robot_pkg/package.dsv'
[3.211s] INFO:colcon.colcon_core.shell:Creating package script '/home/stephenq0503/Desktop/robot_arm_sim/install/my_robot_pkg/share/my_robot_pkg/package.sh'
[3.211s] INFO:colcon.colcon_core.shell:Creating package script '/home/stephenq0503/Desktop/robot_arm_sim/install/my_robot_pkg/share/my_robot_pkg/package.bash'
[3.211s] INFO:colcon.colcon_core.shell:Creating package script '/home/stephenq0503/Desktop/robot_arm_sim/install/my_robot_pkg/share/my_robot_pkg/package.zsh'
[3.212s] Level 1:colcon.colcon_core.environment:create_file_with_runtime_dependencies(/home/stephenq0503/Desktop/robot_arm_sim/install/my_robot_pkg/share/colcon-core/packages/my_robot_pkg)
[3.231s] Level 1:colcon.colcon_core.environment:create_environment_scripts_only(gazebo_ros2_control_demos)
[3.248s] Level 1:colcon.colcon_core.environment:checking '/home/stephenq0503/Desktop/robot_arm_sim/install/gazebo_ros2_control_demos' for CMake module files
[3.249s] Level 1:colcon.colcon_core.environment:checking '/home/stephenq0503/Desktop/robot_arm_sim/install/gazebo_ros2_control_demos' for CMake config files
[3.249s] Level 1:colcon.colcon_core.shell:create_environment_hook('gazebo_ros2_control_demos', 'cmake_prefix_path')
[3.265s] INFO:colcon.colcon_core.shell:Creating environment hook '/home/stephenq0503/Desktop/robot_arm_sim/install/gazebo_ros2_control_demos/share/gazebo_ros2_control_demos/hook/cmake_prefix_path.ps1'
[3.266s] INFO:colcon.colcon_core.shell:Creating environment descriptor '/home/stephenq0503/Desktop/robot_arm_sim/install/gazebo_ros2_control_demos/share/gazebo_ros2_control_demos/hook/cmake_prefix_path.dsv'
[3.266s] INFO:colcon.colcon_core.shell:Creating environment hook '/home/stephenq0503/Desktop/robot_arm_sim/install/gazebo_ros2_control_demos/share/gazebo_ros2_control_demos/hook/cmake_prefix_path.sh'
[3.267s] Level 1:colcon.colcon_core.environment:checking '/home/stephenq0503/Desktop/robot_arm_sim/install/gazebo_ros2_control_demos/lib'
[3.267s] Level 1:colcon.colcon_core.environment:checking '/home/stephenq0503/Desktop/robot_arm_sim/install/gazebo_ros2_control_demos/bin'
[3.267s] Level 1:colcon.colcon_core.environment:checking '/home/stephenq0503/Desktop/robot_arm_sim/install/gazebo_ros2_control_demos/lib/pkgconfig/gazebo_ros2_control_demos.pc'
[3.267s] Level 1:colcon.colcon_core.environment:checking '/home/stephenq0503/Desktop/robot_arm_sim/install/gazebo_ros2_control_demos/lib/python3.10/site-packages'
[3.267s] Level 1:colcon.colcon_core.environment:checking '/home/stephenq0503/Desktop/robot_arm_sim/install/gazebo_ros2_control_demos/bin'
[3.284s] INFO:colcon.colcon_core.shell:Creating package script '/home/stephenq0503/Desktop/robot_arm_sim/install/gazebo_ros2_control_demos/share/gazebo_ros2_control_demos/package.ps1'
[3.284s] INFO:colcon.colcon_core.shell:Creating package descriptor '/home/stephenq0503/Desktop/robot_arm_sim/install/gazebo_ros2_control_demos/share/gazebo_ros2_control_demos/package.dsv'
[3.285s] INFO:colcon.colcon_core.shell:Creating package script '/home/stephenq0503/Desktop/robot_arm_sim/install/gazebo_ros2_control_demos/share/gazebo_ros2_control_demos/package.sh'
[3.285s] INFO:colcon.colcon_core.shell:Creating package script '/home/stephenq0503/Desktop/robot_arm_sim/install/gazebo_ros2_control_demos/share/gazebo_ros2_control_demos/package.bash'
[3.286s] INFO:colcon.colcon_core.shell:Creating package script '/home/stephenq0503/Desktop/robot_arm_sim/install/gazebo_ros2_control_demos/share/gazebo_ros2_control_demos/package.zsh'
[3.286s] Level 1:colcon.colcon_core.environment:create_file_with_runtime_dependencies(/home/stephenq0503/Desktop/robot_arm_sim/install/gazebo_ros2_control_demos/share/colcon-core/packages/gazebo_ros2_control_demos)
[3.286s] DEBUG:colcon.colcon_parallel_executor.executor.parallel:closing loop
[3.287s] DEBUG:colcon.colcon_parallel_executor.executor.parallel:loop closed
[3.287s] DEBUG:colcon.colcon_parallel_executor.executor.parallel:run_until_complete finished with '0'
[3.287s] DEBUG:colcon.colcon_core.event_reactor:joining thread
[3.310s] INFO:colcon.colcon_core.plugin_system:Skipping extension 'colcon_notification.desktop_notification.terminal_notifier': Not used on non-Darwin systems
[3.310s] INFO:colcon.colcon_core.plugin_system:Skipping extension 'colcon_notification.desktop_notification.win32': Not used on non-Windows systems
[3.310s] INFO:colcon.colcon_notification.desktop_notification:Sending desktop notification using 'notify2'
[3.324s] DEBUG:colcon.colcon_core.event_reactor:joined thread
[3.345s] INFO:colcon.colcon_core.shell:Creating prefix script '/home/stephenq0503/Desktop/robot_arm_sim/install/local_setup.ps1'
[3.346s] INFO:colcon.colcon_core.shell:Creating prefix util module '/home/stephenq0503/Desktop/robot_arm_sim/install/_local_setup_util_ps1.py'
[3.347s] INFO:colcon.colcon_core.shell:Creating prefix chain script '/home/stephenq0503/Desktop/robot_arm_sim/install/setup.ps1'
[3.368s] INFO:colcon.colcon_core.shell:Creating prefix script '/home/stephenq0503/Desktop/robot_arm_sim/install/local_setup.sh'
[3.369s] INFO:colcon.colcon_core.shell:Creating prefix util module '/home/stephenq0503/Desktop/robot_arm_sim/install/_local_setup_util_sh.py'
[3.369s] INFO:colcon.colcon_core.shell:Creating prefix chain script '/home/stephenq0503/Desktop/robot_arm_sim/install/setup.sh'
[3.388s] INFO:colcon.colcon_core.shell:Creating prefix script '/home/stephenq0503/Desktop/robot_arm_sim/install/local_setup.bash'
[3.389s] INFO:colcon.colcon_core.shell:Creating prefix chain script '/home/stephenq0503/Desktop/robot_arm_sim/install/setup.bash'
[3.407s] INFO:colcon.colcon_core.shell:Creating prefix script '/home/stephenq0503/Desktop/robot_arm_sim/install/local_setup.zsh'
[3.408s] INFO:colcon.colcon_core.shell:Creating prefix chain script '/home/stephenq0503/Desktop/robot_arm_sim/install/setup.zsh'
