[0.221s] Invoking command in '/home/stephenq0503/Desktop/robot_arm_sim/build/pilz_industrial_motion_planner': AMENT_PREFIX_PATH=/home/stephenq0503/Desktop/robot_arm_sim/install/moveit_resources_prbt_pg70_support:/home/stephenq0503/Desktop/robot_arm_sim/install/moveit_ros_planning_interface:/home/stephenq0503/Desktop/robot_arm_sim/install/moveit_resources_prbt_moveit_config:/home/stephenq0503/Desktop/robot_arm_sim/install/moveit_ros_move_group:/home/stephenq0503/Desktop/robot_arm_sim/install/moveit_ros_warehouse:/home/stephenq0503/Desktop/robot_arm_sim/install/moveit_kinematics:/home/stephenq0503/Desktop/robot_arm_sim/install/moveit_ros_planning:/home/stephenq0503/Desktop/robot_arm_sim/install/pilz_industrial_motion_planner_testutils:/home/stephenq0503/Desktop/robot_arm_sim/install/moveit_ros_occupancy_map_monitor:/home/stephenq0503/Desktop/robot_arm_sim/install/moveit_resources_prbt_ikfast_manipulator_plugin:/home/stephenq0503/Desktop/robot_arm_sim/install/moveit_core:/home/stephenq0503/Desktop/robot_arm_sim/install/moveit_resources_panda_moveit_config:/home/stephenq0503/Desktop/robot_arm_sim/install/moveit_configs_utils:/home/stephenq0503/Desktop/robot_arm_sim/install/srdfdom:/home/stephenq0503/Desktop/robot_arm_sim/install/moveit_resources_prbt_support:/home/stephenq0503/Desktop/robot_arm_sim/install/moveit_resources_panda_description:/home/stephenq0503/Desktop/robot_arm_sim/install/moveit_common:/home/stephenq0503/Desktop/robot_arm_sim/install/launch_param_builder:${AMENT_PREFIX_PATH} CMAKE_PREFIX_PATH=/home/stephenq0503/Desktop/robot_arm_sim/install/moveit_resources_prbt_pg70_support:/home/stephenq0503/Desktop/robot_arm_sim/install/moveit_ros_planning_interface:/home/stephenq0503/Desktop/robot_arm_sim/install/moveit_resources_prbt_moveit_config:/home/stephenq0503/Desktop/robot_arm_sim/install/moveit_ros_move_group:/home/stephenq0503/Desktop/robot_arm_sim/install/moveit_ros_warehouse:/home/stephenq0503/Desktop/robot_arm_sim/install/moveit_kinematics:/home/stephenq0503/Desktop/robot_arm_sim/install/moveit_ros_planning:/home/stephenq0503/Desktop/robot_arm_sim/install/pilz_industrial_motion_planner_testutils:/home/stephenq0503/Desktop/robot_arm_sim/install/moveit_ros_occupancy_map_monitor:/home/stephenq0503/Desktop/robot_arm_sim/install/moveit_resources_prbt_ikfast_manipulator_plugin:/home/stephenq0503/Desktop/robot_arm_sim/install/moveit_core:/home/stephenq0503/Desktop/robot_arm_sim/install/moveit_resources_panda_moveit_config:/home/stephenq0503/Desktop/robot_arm_sim/install/srdfdom:/home/stephenq0503/Desktop/robot_arm_sim/install/moveit_resources_prbt_support:/home/stephenq0503/Desktop/robot_arm_sim/install/moveit_resources_panda_description:/home/stephenq0503/Desktop/robot_arm_sim/install/moveit_common:/home/stephenq0503/Desktop/robot_arm_sim/install/six_dof_arm:/home/stephenq0503/Desktop/robot_arm_sim/install/gazebo_ros2_control:/opt/ros/humble LD_LIBRARY_PATH=/home/stephenq0503/Desktop/robot_arm_sim/install/moveit_ros_planning_interface/lib:/home/stephenq0503/Desktop/robot_arm_sim/install/moveit_ros_move_group/lib:/home/stephenq0503/Desktop/robot_arm_sim/install/moveit_ros_warehouse/lib:/home/stephenq0503/Desktop/robot_arm_sim/install/moveit_kinematics/lib:/home/stephenq0503/Desktop/robot_arm_sim/install/moveit_ros_planning/lib:/home/stephenq0503/Desktop/robot_arm_sim/install/pilz_industrial_motion_planner_testutils/lib:/home/stephenq0503/Desktop/robot_arm_sim/install/moveit_ros_occupancy_map_monitor/lib:/home/stephenq0503/Desktop/robot_arm_sim/install/moveit_resources_prbt_ikfast_manipulator_plugin/lib:/home/stephenq0503/Desktop/robot_arm_sim/install/moveit_core/lib:/home/stephenq0503/Desktop/robot_arm_sim/install/srdfdom/lib:${LD_LIBRARY_PATH} PATH=/home/stephenq0503/Desktop/robot_arm_sim/install/moveit_core/bin:${PATH} PYTHONPATH=/home/stephenq0503/Desktop/robot_arm_sim/install/moveit_configs_utils/lib/python3.10/site-packages:/home/stephenq0503/Desktop/robot_arm_sim/install/srdfdom/local/lib/python3.10/dist-packages:/home/stephenq0503/Desktop/robot_arm_sim/install/launch_param_builder/lib/python3.10/site-packages:${PYTHONPATH} /usr/bin/cmake /home/stephenq0503/Desktop/robot_arm_sim/src/moveit2/moveit_planners/pilz_industrial_motion_planner -DCMAKE_INSTALL_PREFIX=/home/stephenq0503/Desktop/robot_arm_sim/install/pilz_industrial_motion_planner
[0.384s] -- The C compiler identification is GNU 11.4.0
[0.465s] -- The CXX compiler identification is GNU 11.4.0
[0.475s] -- Detecting C compiler ABI info
[0.581s] -- Detecting C compiler ABI info - done
[0.598s] -- Check for working C compiler: /usr/bin/cc - skipped
[0.598s] -- Detecting C compile features
[0.599s] -- Detecting C compile features - done
[0.604s] -- Detecting CXX compiler ABI info
[0.725s] -- Detecting CXX compiler ABI info - done
[0.737s] -- Check for working CXX compiler: /usr/bin/c++ - skipped
[0.738s] -- Detecting CXX compile features
[0.739s] -- Detecting CXX compile features - done
[0.742s] -- Found moveit_common: 2.5.5 (/home/stephenq0503/Desktop/robot_arm_sim/install/moveit_common/share/moveit_common/cmake)
[0.749s] -- Found ament_cmake: 1.3.7 (/opt/ros/humble/share/ament_cmake/cmake)
[1.010s] -- Found Python3: /usr/bin/python3.10 (found version "3.10.12") found components: Interpreter 
[1.301s] -- Found libdw: /usr/lib/x86_64-linux-gnu/libdw.so  
[1.314s] -- Could NOT find libbfd (missing: LIBBFD_LIBRARY LIBBFD_INCLUDE_DIR) 
[1.314s] -- BACKWARD_HAS_UNWIND=1
[1.314s] -- BACKWARD_HAS_BACKTRACE=0
[1.314s] -- BACKWARD_HAS_BACKTRACE_SYMBOL=0
[1.314s] -- BACKWARD_HAS_DW=1
[1.314s] -- BACKWARD_HAS_BFD=0
[1.316s] -- Found Backward: /opt/ros/humble/share/backward_ros/cmake  
[1.316s] [0mpilz_industrial_motion_planner: You did not request a specific build type: Choosing 'Release' for maximum performance[0m
[1.323s] -- Found eigen3_cmake_module: 0.1.1 (/opt/ros/humble/share/eigen3_cmake_module/cmake)
[1.338s] -- Found Eigen3: TRUE (found version "3.4.0") 
[1.344s] -- Found geometry_msgs: 4.2.3 (/opt/ros/humble/share/geometry_msgs/cmake)
[1.406s] -- Found rosidl_generator_c: 3.1.5 (/opt/ros/humble/share/rosidl_generator_c/cmake)
[1.417s] -- Found rosidl_adapter: 3.1.5 (/opt/ros/humble/share/rosidl_adapter/cmake)
[1.431s] -- Found rosidl_generator_cpp: 3.1.5 (/opt/ros/humble/share/rosidl_generator_cpp/cmake)
[1.455s] -- Using all available rosidl_typesupport_c: rosidl_typesupport_fastrtps_c;rosidl_typesupport_introspection_c
[1.487s] -- Using all available rosidl_typesupport_cpp: rosidl_typesupport_fastrtps_cpp;rosidl_typesupport_introspection_cpp
[1.646s] -- Found moveit_core: 2.5.5 (/home/stephenq0503/Desktop/robot_arm_sim/install/moveit_core/share/moveit_core/cmake)
[2.076s] -- Found Boost: /usr/lib/x86_64-linux-gnu/cmake/Boost-1.74.0/BoostConfig.cmake (found version "1.74.0") found components: chrono date_time filesystem iostreams program_options regex serialization system thread 
[2.157s] -- Found parameter_traits: 0.3.7 (/opt/ros/humble/share/parameter_traits/cmake)
[2.272s] -- Found rmw_implementation_cmake: 6.1.1 (/opt/ros/humble/share/rmw_implementation_cmake/cmake)
[2.282s] -- Found rmw_fastrtps_cpp: 6.2.6 (/opt/ros/humble/share/rmw_fastrtps_cpp/cmake)
[2.448s] -- Found OpenSSL: /usr/lib/x86_64-linux-gnu/libcrypto.so (found version "3.0.2")  
[2.498s] -- Found FastRTPS: /opt/ros/humble/include  
[2.597s] -- Using RMW implementation 'rmw_fastrtps_cpp' as default
[2.625s] -- Found Threads: TRUE  
[2.934s] -- Found rclcpp_lifecycle: 16.0.8 (/opt/ros/humble/share/rclcpp_lifecycle/cmake)
[3.017s] -- Found Boost: /usr/lib/x86_64-linux-gnu/cmake/Boost-1.74.0/BoostConfig.cmake (found version "1.74.0") found components: filesystem 
[3.162s] -- library: /usr/lib/x86_64-linux-gnu/libcurl.so
[3.585s] -- Ensuring Eigen3 include directory is part of orocos-kdl CMake target
[5.126s] -- Found moveit_ros_move_group: 2.5.5 (/home/stephenq0503/Desktop/robot_arm_sim/install/moveit_ros_move_group/share/moveit_ros_move_group/cmake)
[5.132s] -- Found Boost: /usr/lib/x86_64-linux-gnu/cmake/Boost-1.74.0/BoostConfig.cmake (found version "1.74.0") found components: system filesystem date_time program_options thread 
[5.596s] -- Found Boost: /usr/lib/x86_64-linux-gnu/cmake/Boost-1.74.0/BoostConfig.cmake (found version "1.74.0") found components: system filesystem date_time program_options thread chrono 
[6.079s] -- Found moveit_ros_planning_interface: 2.5.5 (/home/stephenq0503/Desktop/robot_arm_sim/install/moveit_ros_planning_interface/share/moveit_ros_planning_interface/cmake)
[6.085s] -- Found Boost: /usr/lib/x86_64-linux-gnu/cmake/Boost-1.74.0/BoostConfig.cmake (found version "1.74.0") found components: date_time filesystem program_options system thread 
[6.348s] -- Found Boost: /usr/lib/x86_64-linux-gnu/cmake/Boost-1.74.0/BoostConfig.cmake (found version "1.74.0") found components: thread system filesystem regex date_time program_options 
[6.957s] -- Found tf2_eigen_kdl: 0.25.5 (/opt/ros/humble/share/tf2_eigen_kdl/cmake)
[6.967s] -- Found Boost: /usr/lib/x86_64-linux-gnu/cmake/Boost-1.74.0/BoostConfig.cmake (found version "1.74.0")  
[7.097s] -- Found ament_cmake_gtest: 1.3.7 (/opt/ros/humble/share/ament_cmake_gtest/cmake)
[7.101s] -- Found ament_cmake_gmock: 1.3.7 (/opt/ros/humble/share/ament_cmake_gmock/cmake)
[7.106s] -- Found ros_testing: 0.4.0 (/opt/ros/humble/share/ros_testing/cmake)
[7.110s] -- Found launch_testing_ament_cmake: 1.0.4 (/opt/ros/humble/share/launch_testing_ament_cmake/cmake)
[7.115s] -- Found python_cmake_module: 0.10.0 (/opt/ros/humble/share/python_cmake_module/cmake)
[7.141s] -- Found PythonInterp: /usr/bin/python3 (found suitable version "3.10.12", minimum required is "3.6") 
[7.149s] -- Found PythonLibs: /usr/lib/x86_64-linux-gnu/libpython3.10.so (found suitable version "3.10.12", minimum required is "3.5") 
[7.149s] -- Using PYTHON_EXECUTABLE: /usr/bin/python3
[7.149s] -- Using PYTHON_INCLUDE_DIRS: /usr/include/python3.10
[7.149s] -- Using PYTHON_LIBRARIES: /usr/lib/x86_64-linux-gnu/libpython3.10.so
[7.175s] -- Found PythonExtra: .so  
[7.179s] -- Found moveit_resources_prbt_support: 2.5.5 (/home/stephenq0503/Desktop/robot_arm_sim/install/moveit_resources_prbt_support/share/moveit_resources_prbt_support/cmake)
[7.180s] -- Found moveit_resources_prbt_moveit_config: 2.5.5 (/home/stephenq0503/Desktop/robot_arm_sim/install/moveit_resources_prbt_moveit_config/share/moveit_resources_prbt_moveit_config/cmake)
[7.185s] -- Found Boost: /usr/lib/x86_64-linux-gnu/cmake/Boost-1.74.0/BoostConfig.cmake (found version "1.74.0") found components: thread 
[7.189s] -- Found pilz_industrial_motion_planner_testutils: 2.5.5 (/home/stephenq0503/Desktop/robot_arm_sim/install/pilz_industrial_motion_planner_testutils/share/pilz_industrial_motion_planner_testutils/cmake)
[7.371s] -- Found gtest sources under '/opt/ros/humble/src/gtest_vendor': C++ tests using 'Google Test' will be built
[7.422s] -- Found gmock sources under '/opt/ros/humble/src/gmock_vendor': C++ tests using 'Google Mock' will be built
[7.431s] -- Found ament_lint_auto: 0.12.10 (/opt/ros/humble/share/ament_lint_auto/cmake)
[7.979s] -- Found launch_testing_ament_cmake: 1.0.4 (/opt/ros/humble/share/launch_testing_ament_cmake/cmake)
[7.981s] -- Found python_cmake_module: 0.10.0 (/opt/ros/humble/share/python_cmake_module/cmake)
[8.054s] -- Using PYTHON_EXECUTABLE: /usr/bin/python3
[8.054s] -- Using PYTHON_INCLUDE_DIRS: /usr/include/python3.10
[8.055s] -- Using PYTHON_LIBRARIES: /usr/lib/x86_64-linux-gnu/libpython3.10.so
[8.260s] -- Added test 'cppcheck' to perform static code analysis on C / C++ code
[8.266s] -- Configured cppcheck include dirs: /home/stephenq0503/Desktop/robot_arm_sim/src/moveit2/moveit_planners/pilz_industrial_motion_planner/include
[8.266s] -- Configured cppcheck exclude dirs and/or files: 
[8.271s] -- Added test 'pep257' to check Python code against some of the docstring style conventions in PEP 257
[8.277s] -- Added test 'xmllint' to check XML markup files
[8.291s] -- Configuring done
[9.977s] -- Generating done
[9.997s] -- Build files have been written to: /home/stephenq0503/Desktop/robot_arm_sim/build/pilz_industrial_motion_planner
[10.132s] Invoked command in '/home/stephenq0503/Desktop/robot_arm_sim/build/pilz_industrial_motion_planner' returned '0': AMENT_PREFIX_PATH=/home/stephenq0503/Desktop/robot_arm_sim/install/moveit_resources_prbt_pg70_support:/home/stephenq0503/Desktop/robot_arm_sim/install/moveit_ros_planning_interface:/home/stephenq0503/Desktop/robot_arm_sim/install/moveit_resources_prbt_moveit_config:/home/stephenq0503/Desktop/robot_arm_sim/install/moveit_ros_move_group:/home/stephenq0503/Desktop/robot_arm_sim/install/moveit_ros_warehouse:/home/stephenq0503/Desktop/robot_arm_sim/install/moveit_kinematics:/home/stephenq0503/Desktop/robot_arm_sim/install/moveit_ros_planning:/home/stephenq0503/Desktop/robot_arm_sim/install/pilz_industrial_motion_planner_testutils:/home/stephenq0503/Desktop/robot_arm_sim/install/moveit_ros_occupancy_map_monitor:/home/stephenq0503/Desktop/robot_arm_sim/install/moveit_resources_prbt_ikfast_manipulator_plugin:/home/stephenq0503/Desktop/robot_arm_sim/install/moveit_core:/home/stephenq0503/Desktop/robot_arm_sim/install/moveit_resources_panda_moveit_config:/home/stephenq0503/Desktop/robot_arm_sim/install/moveit_configs_utils:/home/stephenq0503/Desktop/robot_arm_sim/install/srdfdom:/home/stephenq0503/Desktop/robot_arm_sim/install/moveit_resources_prbt_support:/home/stephenq0503/Desktop/robot_arm_sim/install/moveit_resources_panda_description:/home/stephenq0503/Desktop/robot_arm_sim/install/moveit_common:/home/stephenq0503/Desktop/robot_arm_sim/install/launch_param_builder:${AMENT_PREFIX_PATH} CMAKE_PREFIX_PATH=/home/stephenq0503/Desktop/robot_arm_sim/install/moveit_resources_prbt_pg70_support:/home/stephenq0503/Desktop/robot_arm_sim/install/moveit_ros_planning_interface:/home/stephenq0503/Desktop/robot_arm_sim/install/moveit_resources_prbt_moveit_config:/home/stephenq0503/Desktop/robot_arm_sim/install/moveit_ros_move_group:/home/stephenq0503/Desktop/robot_arm_sim/install/moveit_ros_warehouse:/home/stephenq0503/Desktop/robot_arm_sim/install/moveit_kinematics:/home/stephenq0503/Desktop/robot_arm_sim/install/moveit_ros_planning:/home/stephenq0503/Desktop/robot_arm_sim/install/pilz_industrial_motion_planner_testutils:/home/stephenq0503/Desktop/robot_arm_sim/install/moveit_ros_occupancy_map_monitor:/home/stephenq0503/Desktop/robot_arm_sim/install/moveit_resources_prbt_ikfast_manipulator_plugin:/home/stephenq0503/Desktop/robot_arm_sim/install/moveit_core:/home/stephenq0503/Desktop/robot_arm_sim/install/moveit_resources_panda_moveit_config:/home/stephenq0503/Desktop/robot_arm_sim/install/srdfdom:/home/stephenq0503/Desktop/robot_arm_sim/install/moveit_resources_prbt_support:/home/stephenq0503/Desktop/robot_arm_sim/install/moveit_resources_panda_description:/home/stephenq0503/Desktop/robot_arm_sim/install/moveit_common:/home/stephenq0503/Desktop/robot_arm_sim/install/six_dof_arm:/home/stephenq0503/Desktop/robot_arm_sim/install/gazebo_ros2_control:/opt/ros/humble LD_LIBRARY_PATH=/home/stephenq0503/Desktop/robot_arm_sim/install/moveit_ros_planning_interface/lib:/home/stephenq0503/Desktop/robot_arm_sim/install/moveit_ros_move_group/lib:/home/stephenq0503/Desktop/robot_arm_sim/install/moveit_ros_warehouse/lib:/home/stephenq0503/Desktop/robot_arm_sim/install/moveit_kinematics/lib:/home/stephenq0503/Desktop/robot_arm_sim/install/moveit_ros_planning/lib:/home/stephenq0503/Desktop/robot_arm_sim/install/pilz_industrial_motion_planner_testutils/lib:/home/stephenq0503/Desktop/robot_arm_sim/install/moveit_ros_occupancy_map_monitor/lib:/home/stephenq0503/Desktop/robot_arm_sim/install/moveit_resources_prbt_ikfast_manipulator_plugin/lib:/home/stephenq0503/Desktop/robot_arm_sim/install/moveit_core/lib:/home/stephenq0503/Desktop/robot_arm_sim/install/srdfdom/lib:${LD_LIBRARY_PATH} PATH=/home/stephenq0503/Desktop/robot_arm_sim/install/moveit_core/bin:${PATH} PYTHONPATH=/home/stephenq0503/Desktop/robot_arm_sim/install/moveit_configs_utils/lib/python3.10/site-packages:/home/stephenq0503/Desktop/robot_arm_sim/install/srdfdom/local/lib/python3.10/dist-packages:/home/stephenq0503/Desktop/robot_arm_sim/install/launch_param_builder/lib/python3.10/site-packages:${PYTHONPATH} /usr/bin/cmake /home/stephenq0503/Desktop/robot_arm_sim/src/moveit2/moveit_planners/pilz_industrial_motion_planner -DCMAKE_INSTALL_PREFIX=/home/stephenq0503/Desktop/robot_arm_sim/install/pilz_industrial_motion_planner
[10.133s] Invoking command in '/home/stephenq0503/Desktop/robot_arm_sim/build/pilz_industrial_motion_planner': AMENT_PREFIX_PATH=/home/stephenq0503/Desktop/robot_arm_sim/install/moveit_resources_prbt_pg70_support:/home/stephenq0503/Desktop/robot_arm_sim/install/moveit_ros_planning_interface:/home/stephenq0503/Desktop/robot_arm_sim/install/moveit_resources_prbt_moveit_config:/home/stephenq0503/Desktop/robot_arm_sim/install/moveit_ros_move_group:/home/stephenq0503/Desktop/robot_arm_sim/install/moveit_ros_warehouse:/home/stephenq0503/Desktop/robot_arm_sim/install/moveit_kinematics:/home/stephenq0503/Desktop/robot_arm_sim/install/moveit_ros_planning:/home/stephenq0503/Desktop/robot_arm_sim/install/pilz_industrial_motion_planner_testutils:/home/stephenq0503/Desktop/robot_arm_sim/install/moveit_ros_occupancy_map_monitor:/home/stephenq0503/Desktop/robot_arm_sim/install/moveit_resources_prbt_ikfast_manipulator_plugin:/home/stephenq0503/Desktop/robot_arm_sim/install/moveit_core:/home/stephenq0503/Desktop/robot_arm_sim/install/moveit_resources_panda_moveit_config:/home/stephenq0503/Desktop/robot_arm_sim/install/moveit_configs_utils:/home/stephenq0503/Desktop/robot_arm_sim/install/srdfdom:/home/stephenq0503/Desktop/robot_arm_sim/install/moveit_resources_prbt_support:/home/stephenq0503/Desktop/robot_arm_sim/install/moveit_resources_panda_description:/home/stephenq0503/Desktop/robot_arm_sim/install/moveit_common:/home/stephenq0503/Desktop/robot_arm_sim/install/launch_param_builder:${AMENT_PREFIX_PATH} CMAKE_PREFIX_PATH=/home/stephenq0503/Desktop/robot_arm_sim/install/moveit_resources_prbt_pg70_support:/home/stephenq0503/Desktop/robot_arm_sim/install/moveit_ros_planning_interface:/home/stephenq0503/Desktop/robot_arm_sim/install/moveit_resources_prbt_moveit_config:/home/stephenq0503/Desktop/robot_arm_sim/install/moveit_ros_move_group:/home/stephenq0503/Desktop/robot_arm_sim/install/moveit_ros_warehouse:/home/stephenq0503/Desktop/robot_arm_sim/install/moveit_kinematics:/home/stephenq0503/Desktop/robot_arm_sim/install/moveit_ros_planning:/home/stephenq0503/Desktop/robot_arm_sim/install/pilz_industrial_motion_planner_testutils:/home/stephenq0503/Desktop/robot_arm_sim/install/moveit_ros_occupancy_map_monitor:/home/stephenq0503/Desktop/robot_arm_sim/install/moveit_resources_prbt_ikfast_manipulator_plugin:/home/stephenq0503/Desktop/robot_arm_sim/install/moveit_core:/home/stephenq0503/Desktop/robot_arm_sim/install/moveit_resources_panda_moveit_config:/home/stephenq0503/Desktop/robot_arm_sim/install/srdfdom:/home/stephenq0503/Desktop/robot_arm_sim/install/moveit_resources_prbt_support:/home/stephenq0503/Desktop/robot_arm_sim/install/moveit_resources_panda_description:/home/stephenq0503/Desktop/robot_arm_sim/install/moveit_common:/home/stephenq0503/Desktop/robot_arm_sim/install/six_dof_arm:/home/stephenq0503/Desktop/robot_arm_sim/install/gazebo_ros2_control:/opt/ros/humble LD_LIBRARY_PATH=/home/stephenq0503/Desktop/robot_arm_sim/install/moveit_ros_planning_interface/lib:/home/stephenq0503/Desktop/robot_arm_sim/install/moveit_ros_move_group/lib:/home/stephenq0503/Desktop/robot_arm_sim/install/moveit_ros_warehouse/lib:/home/stephenq0503/Desktop/robot_arm_sim/install/moveit_kinematics/lib:/home/stephenq0503/Desktop/robot_arm_sim/install/moveit_ros_planning/lib:/home/stephenq0503/Desktop/robot_arm_sim/install/pilz_industrial_motion_planner_testutils/lib:/home/stephenq0503/Desktop/robot_arm_sim/install/moveit_ros_occupancy_map_monitor/lib:/home/stephenq0503/Desktop/robot_arm_sim/install/moveit_resources_prbt_ikfast_manipulator_plugin/lib:/home/stephenq0503/Desktop/robot_arm_sim/install/moveit_core/lib:/home/stephenq0503/Desktop/robot_arm_sim/install/srdfdom/lib:${LD_LIBRARY_PATH} PATH=/home/stephenq0503/Desktop/robot_arm_sim/install/moveit_core/bin:${PATH} PYTHONPATH=/home/stephenq0503/Desktop/robot_arm_sim/install/moveit_configs_utils/lib/python3.10/site-packages:/home/stephenq0503/Desktop/robot_arm_sim/install/srdfdom/local/lib/python3.10/dist-packages:/home/stephenq0503/Desktop/robot_arm_sim/install/launch_param_builder/lib/python3.10/site-packages:${PYTHONPATH} /usr/bin/cmake --build /home/stephenq0503/Desktop/robot_arm_sim/build/pilz_industrial_motion_planner -- -j8 -l8
[10.499s] [  1%] [32mBuilding CXX object CMakeFiles/planning_context_loader_base.dir/src/planning_context_loader.cpp.o[0m
[10.553s] [  3%] [32mBuilding CXX object gtest/CMakeFiles/gtest_main.dir/src/gtest_main.cc.o[0m
[10.555s] [  3%] [32mBuilding CXX object CMakeFiles/joint_limits_common.dir/src/joint_limits_aggregator.cpp.o[0m
[10.564s] [  4%] [32mBuilding CXX object CMakeFiles/joint_limits_common.dir/src/joint_limits_container.cpp.o[0m
[10.573s] [  6%] [32mBuilding CXX object gtest/CMakeFiles/gtest.dir/src/gtest-all.cc.o[0m
[10.576s] [  7%] [32mBuilding CXX object CMakeFiles/trajectory_generation_common.dir/src/trajectory_functions.cpp.o[0m
[10.604s] [  8%] [32mBuilding CXX object gmock/CMakeFiles/gmock_main.dir/src/gmock_main.cc.o[0m
[10.631s] [  9%] [32mBuilding CXX object gmock/CMakeFiles/gmock.dir/opt/ros/humble/src/gtest_vendor/src/gtest-all.cc.o[0m
[15.850s] [ 10%] [32m[1mLinking CXX static library libgtest_main.a[0m
[16.145s] [ 10%] Built target gtest_main
[16.211s] [ 12%] [32mBuilding CXX object gmock/CMakeFiles/gmock.dir/src/gmock-all.cc.o[0m
[16.412s] [ 13%] [32mBuilding CXX object CMakeFiles/joint_limits_common.dir/src/joint_limits_validator.cpp.o[0m
[17.976s] [ 14%] [32m[1mLinking CXX static library libgmock_main.a[0m
[18.324s] [ 14%] Built target gmock_main
[18.424s] [ 15%] [32mBuilding CXX object CMakeFiles/joint_limits_common.dir/src/limits_container.cpp.o[0m
[22.368s] [ 16%] [32mBuilding CXX object CMakeFiles/joint_limits_common.dir/src/cartesian_limit.cpp.o[0m
[22.789s] [ 18%] [32mBuilding CXX object CMakeFiles/joint_limits_common.dir/src/cartesian_limits_aggregator.cpp.o[0m
[52.324s] [ 19%] [32m[1mLinking CXX shared library libplanning_context_loader_base.so[0m
[52.930s] [ 20%] [32m[1mLinking CXX static library libgtest.a[0m
[53.266s] [ 20%] Built target gtest
[55.156s] [ 21%] [32m[1mLinking CXX static library libgmock.a[0m
[55.529s] [ 21%] Built target gmock
[58.100s] [ 22%] [32m[1mLinking CXX shared library libjoint_limits_common.so[0m
[61.753s] [ 22%] Built target joint_limits_common
[65.664s] [ 24%] [32mBuilding CXX object CMakeFiles/trajectory_generation_common.dir/src/trajectory_blender_transition_window.cpp.o[0m
[84.541s] [ 24%] Built target planning_context_loader_base
[85.640s] [ 25%] [32mBuilding CXX object CMakeFiles/trajectory_generation_common.dir/src/trajectory_generator.cpp.o[0m
[100.044s] [ 26%] [32m[1mLinking CXX shared library libtrajectory_generation_common.so[0m
[100.400s] [ 26%] Built target trajectory_generation_common
[100.433s] [ 27%] [32mBuilding CXX object CMakeFiles/pilz_industrial_motion_planner.dir/src/pilz_industrial_motion_planner.cpp.o[0m
[117.660s] [ 28%] [32m[1mLinking CXX shared library libpilz_industrial_motion_planner.so[0m
[118.100s] [ 28%] Built target pilz_industrial_motion_planner
[118.140s] [ 30%] [32mBuilding CXX object CMakeFiles/planning_context_loader_ptp.dir/src/planning_context_loader_ptp.cpp.o[0m
[130.279s] [ 31%] [32mBuilding CXX object CMakeFiles/planning_context_loader_ptp.dir/src/trajectory_generator_ptp.cpp.o[0m
[139.191s] [ 32%] [32mBuilding CXX object CMakeFiles/planning_context_loader_lin.dir/src/planning_context_loader_lin.cpp.o[0m
[140.216s] [ 33%] [32mBuilding CXX object CMakeFiles/command_list_manager.dir/src/command_list_manager.cpp.o[0m
[141.245s] [ 34%] [32mBuilding CXX object test/unit_tests/CMakeFiles/unittest_cartesian_limits_aggregator.dir/src/unittest_cartesian_limits_aggregator.cpp.o[0m
[142.277s] [ 36%] [32mBuilding CXX object test/unit_tests/CMakeFiles/unittest_joint_limits_validator.dir/src/unittest_joint_limits_validator.cpp.o[0m
[143.376s] [ 37%] [32mBuilding CXX object test/unit_tests/CMakeFiles/unittest_joint_limits_container.dir/src/unittest_joint_limits_container.cpp.o[0m
[144.508s] [ 38%] [32mBuilding CXX object test/unit_tests/CMakeFiles/unittest_joint_limits_aggregator.dir/src/unittest_joint_limits_aggregator.cpp.o[0m
[144.672s] [ 39%] [32mBuilding CXX object CMakeFiles/planning_context_loader_ptp.dir/src/velocity_profile_atrap.cpp.o[0m
[145.610s] [ 40%] [32mBuilding CXX object test/unit_tests/CMakeFiles/unittest_joint_limit.dir/src/unittest_joint_limit.cpp.o[0m
[147.005s] [ 42%] [32m[1mLinking CXX shared library libplanning_context_loader_ptp.so[0m
[147.992s] [ 42%] Built target planning_context_loader_ptp
[148.059s] [ 43%] [32mBuilding CXX object CMakeFiles/command_list_manager.dir/src/plan_components_builder.cpp.o[0m
[148.721s] [ 44%] [32m[1mLinking CXX executable unittest_joint_limits_container[0m
[149.586s] [ 45%] [32m[1mLinking CXX executable unittest_joint_limits_validator[0m
[149.682s] [ 45%] Built target unittest_joint_limits_container
[150.439s] [ 45%] Built target unittest_joint_limits_validator
[152.969s] [ 46%] [32m[1mLinking CXX executable unittest_cartesian_limits_aggregator[0m
[154.097s] [ 46%] Built target unittest_cartesian_limits_aggregator
[158.191s] [ 48%] [32m[1mLinking CXX executable unittest_joint_limit[0m
[158.936s] [ 48%] Built target unittest_joint_limit
[160.478s] [ 49%] [32mBuilding CXX object CMakeFiles/planning_context_loader_lin.dir/src/trajectory_generator_lin.cpp.o[0m
[165.959s] [ 50%] [32m[1mLinking CXX executable unittest_joint_limits_aggregator[0m
[166.160s] [ 51%] [32m[1mLinking CXX shared library libcommand_list_manager.so[0m
[166.556s] [ 51%] Built target command_list_manager
[166.799s] [ 51%] Built target unittest_joint_limits_aggregator
[174.218s] [ 53%] [32mBuilding CXX object CMakeFiles/planning_context_loader_lin.dir/src/velocity_profile_atrap.cpp.o[0m
[175.448s] [ 54%] [32m[1mLinking CXX shared library libplanning_context_loader_lin.so[0m
[175.947s] [ 54%] Built target planning_context_loader_lin
[176.006s] [ 55%] [32mBuilding CXX object test/unit_tests/CMakeFiles/unittest_pilz_industrial_motion_planner.dir/src/unittest_pilz_industrial_motion_planner.cpp.o[0m
[176.008s] [ 56%] [32mBuilding CXX object test/unit_tests/CMakeFiles/unittest_velocity_profile_atrap.dir/src/unittest_velocity_profile_atrap.cpp.o[0m
[176.010s] [ 57%] [32mBuilding CXX object test/unit_tests/CMakeFiles/unittest_get_solver_tip_frame.dir/src/unittest_get_solver_tip_frame.cpp.o[0m
[176.011s] [ 59%] [32mBuilding CXX object test/unit_tests/CMakeFiles/unittest_trajectory_generator.dir/src/unittest_trajectory_generator.cpp.o[0m
[186.133s] [ 60%] [32mBuilding CXX object test/unit_tests/CMakeFiles/unittest_velocity_profile_atrap.dir/__/__/src/velocity_profile_atrap.cpp.o[0m
[188.449s] [ 61%] [32m[1mLinking CXX executable unittest_velocity_profile_atrap[0m
[189.467s] [ 61%] Built target unittest_velocity_profile_atrap
[194.617s] [ 62%] [32m[1mLinking CXX executable unittest_get_solver_tip_frame[0m
[195.442s] [ 62%] Built target unittest_get_solver_tip_frame
[200.073s] [ 63%] [32mBuilding CXX object test/unit_tests/CMakeFiles/unittest_trajectory_generator.dir/__/__/src/trajectory_generator.cpp.o[0m
[211.891s] [ 65%] [32m[1mLinking CXX executable unittest_pilz_industrial_motion_planner[0m
[212.462s] [ 65%] Built target unittest_pilz_industrial_motion_planner
[212.493s] [ 66%] [32mBuilding CXX object CMakeFiles/sequence_capability.dir/src/move_group_sequence_action.cpp.o[0m
[212.498s] [ 67%] [32mBuilding CXX object CMakeFiles/sequence_capability.dir/src/move_group_sequence_service.cpp.o[0m
[219.914s] [ 68%] [32m[1mLinking CXX executable unittest_trajectory_generator[0m
[220.796s] [ 68%] Built target unittest_trajectory_generator
[220.880s] [ 69%] [32mBuilding CXX object test/unit_tests/CMakeFiles/unittest_pilz_industrial_motion_planner_direct.dir/src/unittest_pilz_industrial_motion_planner_direct.cpp.o[0m
[220.904s] [ 71%] [32mBuilding CXX object test/CMakeFiles/pilz_industrial_motion_planner_test_utils.dir/test_utils.cpp.o[0m
[246.371s] [ 72%] [32m[1mLinking CXX shared library libsequence_capability.so[0m
[247.228s] [ 72%] Built target sequence_capability
[252.416s] [ 73%] [32m[1mLinking CXX executable unittest_pilz_industrial_motion_planner_direct[0m
[252.957s] [ 73%] Built target unittest_pilz_industrial_motion_planner_direct
[254.678s] [ 74%] [32m[1mLinking CXX static library libpilz_industrial_motion_planner_test_utils.a[0m
[254.745s] [ 74%] Built target pilz_industrial_motion_planner_test_utils
[254.785s] [ 77%] [32mBuilding CXX object CMakeFiles/planning_context_loader_circ.dir/src/trajectory_generator_circ.cpp.o[0m
[254.788s] [ 77%] [32mBuilding CXX object CMakeFiles/planning_context_loader_circ.dir/src/planning_context_loader_circ.cpp.o[0m
[254.797s] [ 78%] [32mBuilding CXX object test/unit_tests/CMakeFiles/unittest_trajectory_functions.dir/src/unittest_trajectory_functions.cpp.o[0m
[282.116s] [ 79%] [32mBuilding CXX object CMakeFiles/planning_context_loader_circ.dir/src/path_circle_generator.cpp.o[0m
[285.547s] [ 80%] [32m[1mLinking CXX shared library libplanning_context_loader_circ.so[0m
[286.383s] [ 80%] Built target planning_context_loader_circ
[291.460s] [ 81%] [32m[1mLinking CXX executable unittest_trajectory_functions[0m
[292.211s] [ 81%] Built target unittest_trajectory_functions
[292.267s] [ 83%] [32mBuilding CXX object test/unit_tests/CMakeFiles/unittest_planning_context.dir/src/unittest_planning_context.cpp.o[0m
[316.353s] [ 84%] [32m[1mLinking CXX executable unittest_planning_context[0m
[316.868s] [ 84%] Built target unittest_planning_context
[316.898s] [ 85%] [32mBuilding CXX object test/unit_tests/CMakeFiles/unittest_trajectory_generator_circ.dir/src/unittest_trajectory_generator_circ.cpp.o[0m
[350.903s] [ 86%] [32m[1mLinking CXX executable unittest_trajectory_generator_circ[0m
[351.982s] [ 86%] Built target unittest_trajectory_generator_circ
[352.035s] [ 87%] [32mBuilding CXX object test/unit_tests/CMakeFiles/unittest_trajectory_generator_common.dir/src/unittest_trajectory_generator_common.cpp.o[0m
[381.839s] [ 89%] [32m[1mLinking CXX executable unittest_trajectory_generator_common[0m
[382.357s] [ 89%] Built target unittest_trajectory_generator_common
[382.402s] [ 92%] [32mBuilding CXX object test/unit_tests/CMakeFiles/unittest_trajectory_blender_transition_window.dir/__/__/src/trajectory_blender_transition_window.cpp.o[0m
[382.403s] [ 92%] [32mBuilding CXX object test/unit_tests/CMakeFiles/unittest_planning_context_loaders.dir/src/unittest_planning_context_loaders.cpp.o[0m
[382.403s] [ 92%] [32mBuilding CXX object test/unit_tests/CMakeFiles/unittest_trajectory_generator_ptp.dir/src/unittest_trajectory_generator_ptp.cpp.o[0m
[382.405s] [ 93%] [32mBuilding CXX object test/unit_tests/CMakeFiles/unittest_trajectory_blender_transition_window.dir/src/unittest_trajectory_blender_transition_window.cpp.o[0m
[382.415s] [ 95%] [32mBuilding CXX object test/unit_tests/CMakeFiles/unittest_trajectory_generator_lin.dir/src/unittest_trajectory_generator_lin.cpp.o[0m
[414.628s] [ 96%] [32m[1mLinking CXX executable unittest_trajectory_generator_lin[0m
[415.660s] [ 96%] Built target unittest_trajectory_generator_lin
[417.689s] [ 97%] [32m[1mLinking CXX executable unittest_trajectory_blender_transition_window[0m
[418.805s] [ 97%] Built target unittest_trajectory_blender_transition_window
[419.353s] [ 98%] [32m[1mLinking CXX executable unittest_trajectory_generator_ptp[0m
[420.002s] [ 98%] Built target unittest_trajectory_generator_ptp
[420.427s] [100%] [32m[1mLinking CXX executable unittest_planning_context_loaders[0m
[421.043s] [100%] Built target unittest_planning_context_loaders
[421.110s] Invoked command in '/home/stephenq0503/Desktop/robot_arm_sim/build/pilz_industrial_motion_planner' returned '0': AMENT_PREFIX_PATH=/home/stephenq0503/Desktop/robot_arm_sim/install/moveit_resources_prbt_pg70_support:/home/stephenq0503/Desktop/robot_arm_sim/install/moveit_ros_planning_interface:/home/stephenq0503/Desktop/robot_arm_sim/install/moveit_resources_prbt_moveit_config:/home/stephenq0503/Desktop/robot_arm_sim/install/moveit_ros_move_group:/home/stephenq0503/Desktop/robot_arm_sim/install/moveit_ros_warehouse:/home/stephenq0503/Desktop/robot_arm_sim/install/moveit_kinematics:/home/stephenq0503/Desktop/robot_arm_sim/install/moveit_ros_planning:/home/stephenq0503/Desktop/robot_arm_sim/install/pilz_industrial_motion_planner_testutils:/home/stephenq0503/Desktop/robot_arm_sim/install/moveit_ros_occupancy_map_monitor:/home/stephenq0503/Desktop/robot_arm_sim/install/moveit_resources_prbt_ikfast_manipulator_plugin:/home/stephenq0503/Desktop/robot_arm_sim/install/moveit_core:/home/stephenq0503/Desktop/robot_arm_sim/install/moveit_resources_panda_moveit_config:/home/stephenq0503/Desktop/robot_arm_sim/install/moveit_configs_utils:/home/stephenq0503/Desktop/robot_arm_sim/install/srdfdom:/home/stephenq0503/Desktop/robot_arm_sim/install/moveit_resources_prbt_support:/home/stephenq0503/Desktop/robot_arm_sim/install/moveit_resources_panda_description:/home/stephenq0503/Desktop/robot_arm_sim/install/moveit_common:/home/stephenq0503/Desktop/robot_arm_sim/install/launch_param_builder:${AMENT_PREFIX_PATH} CMAKE_PREFIX_PATH=/home/stephenq0503/Desktop/robot_arm_sim/install/moveit_resources_prbt_pg70_support:/home/stephenq0503/Desktop/robot_arm_sim/install/moveit_ros_planning_interface:/home/stephenq0503/Desktop/robot_arm_sim/install/moveit_resources_prbt_moveit_config:/home/stephenq0503/Desktop/robot_arm_sim/install/moveit_ros_move_group:/home/stephenq0503/Desktop/robot_arm_sim/install/moveit_ros_warehouse:/home/stephenq0503/Desktop/robot_arm_sim/install/moveit_kinematics:/home/stephenq0503/Desktop/robot_arm_sim/install/moveit_ros_planning:/home/stephenq0503/Desktop/robot_arm_sim/install/pilz_industrial_motion_planner_testutils:/home/stephenq0503/Desktop/robot_arm_sim/install/moveit_ros_occupancy_map_monitor:/home/stephenq0503/Desktop/robot_arm_sim/install/moveit_resources_prbt_ikfast_manipulator_plugin:/home/stephenq0503/Desktop/robot_arm_sim/install/moveit_core:/home/stephenq0503/Desktop/robot_arm_sim/install/moveit_resources_panda_moveit_config:/home/stephenq0503/Desktop/robot_arm_sim/install/srdfdom:/home/stephenq0503/Desktop/robot_arm_sim/install/moveit_resources_prbt_support:/home/stephenq0503/Desktop/robot_arm_sim/install/moveit_resources_panda_description:/home/stephenq0503/Desktop/robot_arm_sim/install/moveit_common:/home/stephenq0503/Desktop/robot_arm_sim/install/six_dof_arm:/home/stephenq0503/Desktop/robot_arm_sim/install/gazebo_ros2_control:/opt/ros/humble LD_LIBRARY_PATH=/home/stephenq0503/Desktop/robot_arm_sim/install/moveit_ros_planning_interface/lib:/home/stephenq0503/Desktop/robot_arm_sim/install/moveit_ros_move_group/lib:/home/stephenq0503/Desktop/robot_arm_sim/install/moveit_ros_warehouse/lib:/home/stephenq0503/Desktop/robot_arm_sim/install/moveit_kinematics/lib:/home/stephenq0503/Desktop/robot_arm_sim/install/moveit_ros_planning/lib:/home/stephenq0503/Desktop/robot_arm_sim/install/pilz_industrial_motion_planner_testutils/lib:/home/stephenq0503/Desktop/robot_arm_sim/install/moveit_ros_occupancy_map_monitor/lib:/home/stephenq0503/Desktop/robot_arm_sim/install/moveit_resources_prbt_ikfast_manipulator_plugin/lib:/home/stephenq0503/Desktop/robot_arm_sim/install/moveit_core/lib:/home/stephenq0503/Desktop/robot_arm_sim/install/srdfdom/lib:${LD_LIBRARY_PATH} PATH=/home/stephenq0503/Desktop/robot_arm_sim/install/moveit_core/bin:${PATH} PYTHONPATH=/home/stephenq0503/Desktop/robot_arm_sim/install/moveit_configs_utils/lib/python3.10/site-packages:/home/stephenq0503/Desktop/robot_arm_sim/install/srdfdom/local/lib/python3.10/dist-packages:/home/stephenq0503/Desktop/robot_arm_sim/install/launch_param_builder/lib/python3.10/site-packages:${PYTHONPATH} /usr/bin/cmake --build /home/stephenq0503/Desktop/robot_arm_sim/build/pilz_industrial_motion_planner -- -j8 -l8
[421.314s] Invoking command in '/home/stephenq0503/Desktop/robot_arm_sim/build/pilz_industrial_motion_planner': AMENT_PREFIX_PATH=/home/stephenq0503/Desktop/robot_arm_sim/install/moveit_resources_prbt_pg70_support:/home/stephenq0503/Desktop/robot_arm_sim/install/moveit_ros_planning_interface:/home/stephenq0503/Desktop/robot_arm_sim/install/moveit_resources_prbt_moveit_config:/home/stephenq0503/Desktop/robot_arm_sim/install/moveit_ros_move_group:/home/stephenq0503/Desktop/robot_arm_sim/install/moveit_ros_warehouse:/home/stephenq0503/Desktop/robot_arm_sim/install/moveit_kinematics:/home/stephenq0503/Desktop/robot_arm_sim/install/moveit_ros_planning:/home/stephenq0503/Desktop/robot_arm_sim/install/pilz_industrial_motion_planner_testutils:/home/stephenq0503/Desktop/robot_arm_sim/install/moveit_ros_occupancy_map_monitor:/home/stephenq0503/Desktop/robot_arm_sim/install/moveit_resources_prbt_ikfast_manipulator_plugin:/home/stephenq0503/Desktop/robot_arm_sim/install/moveit_core:/home/stephenq0503/Desktop/robot_arm_sim/install/moveit_resources_panda_moveit_config:/home/stephenq0503/Desktop/robot_arm_sim/install/moveit_configs_utils:/home/stephenq0503/Desktop/robot_arm_sim/install/srdfdom:/home/stephenq0503/Desktop/robot_arm_sim/install/moveit_resources_prbt_support:/home/stephenq0503/Desktop/robot_arm_sim/install/moveit_resources_panda_description:/home/stephenq0503/Desktop/robot_arm_sim/install/moveit_common:/home/stephenq0503/Desktop/robot_arm_sim/install/launch_param_builder:${AMENT_PREFIX_PATH} CMAKE_PREFIX_PATH=/home/stephenq0503/Desktop/robot_arm_sim/install/moveit_resources_prbt_pg70_support:/home/stephenq0503/Desktop/robot_arm_sim/install/moveit_ros_planning_interface:/home/stephenq0503/Desktop/robot_arm_sim/install/moveit_resources_prbt_moveit_config:/home/stephenq0503/Desktop/robot_arm_sim/install/moveit_ros_move_group:/home/stephenq0503/Desktop/robot_arm_sim/install/moveit_ros_warehouse:/home/stephenq0503/Desktop/robot_arm_sim/install/moveit_kinematics:/home/stephenq0503/Desktop/robot_arm_sim/install/moveit_ros_planning:/home/stephenq0503/Desktop/robot_arm_sim/install/pilz_industrial_motion_planner_testutils:/home/stephenq0503/Desktop/robot_arm_sim/install/moveit_ros_occupancy_map_monitor:/home/stephenq0503/Desktop/robot_arm_sim/install/moveit_resources_prbt_ikfast_manipulator_plugin:/home/stephenq0503/Desktop/robot_arm_sim/install/moveit_core:/home/stephenq0503/Desktop/robot_arm_sim/install/moveit_resources_panda_moveit_config:/home/stephenq0503/Desktop/robot_arm_sim/install/srdfdom:/home/stephenq0503/Desktop/robot_arm_sim/install/moveit_resources_prbt_support:/home/stephenq0503/Desktop/robot_arm_sim/install/moveit_resources_panda_description:/home/stephenq0503/Desktop/robot_arm_sim/install/moveit_common:/home/stephenq0503/Desktop/robot_arm_sim/install/six_dof_arm:/home/stephenq0503/Desktop/robot_arm_sim/install/gazebo_ros2_control:/opt/ros/humble LD_LIBRARY_PATH=/home/stephenq0503/Desktop/robot_arm_sim/install/moveit_ros_planning_interface/lib:/home/stephenq0503/Desktop/robot_arm_sim/install/moveit_ros_move_group/lib:/home/stephenq0503/Desktop/robot_arm_sim/install/moveit_ros_warehouse/lib:/home/stephenq0503/Desktop/robot_arm_sim/install/moveit_kinematics/lib:/home/stephenq0503/Desktop/robot_arm_sim/install/moveit_ros_planning/lib:/home/stephenq0503/Desktop/robot_arm_sim/install/pilz_industrial_motion_planner_testutils/lib:/home/stephenq0503/Desktop/robot_arm_sim/install/moveit_ros_occupancy_map_monitor/lib:/home/stephenq0503/Desktop/robot_arm_sim/install/moveit_resources_prbt_ikfast_manipulator_plugin/lib:/home/stephenq0503/Desktop/robot_arm_sim/install/moveit_core/lib:/home/stephenq0503/Desktop/robot_arm_sim/install/srdfdom/lib:${LD_LIBRARY_PATH} PATH=/home/stephenq0503/Desktop/robot_arm_sim/install/moveit_core/bin:${PATH} PYTHONPATH=/home/stephenq0503/Desktop/robot_arm_sim/install/moveit_configs_utils/lib/python3.10/site-packages:/home/stephenq0503/Desktop/robot_arm_sim/install/srdfdom/local/lib/python3.10/dist-packages:/home/stephenq0503/Desktop/robot_arm_sim/install/launch_param_builder/lib/python3.10/site-packages:${PYTHONPATH} /usr/bin/cmake --install /home/stephenq0503/Desktop/robot_arm_sim/build/pilz_industrial_motion_planner
[421.330s] -- Install configuration: "Release"
[421.331s] -- Installing: /home/stephenq0503/Desktop/robot_arm_sim/install/pilz_industrial_motion_planner/share/pilz_industrial_motion_planner/plugins/pilz_industrial_motion_planner_plugin_description.xml
[421.391s] -- Installing: /home/stephenq0503/Desktop/robot_arm_sim/install/pilz_industrial_motion_planner/share/pilz_industrial_motion_planner/plugins/sequence_capability_plugin_description.xml
[421.392s] -- Installing: /home/stephenq0503/Desktop/robot_arm_sim/install/pilz_industrial_motion_planner/share/pilz_industrial_motion_planner/plugins/planning_context_plugin_description.xml
[421.393s] -- Installing: /home/stephenq0503/Desktop/robot_arm_sim/install/pilz_industrial_motion_planner/lib/libpilz_industrial_motion_planner.so
[421.395s] -- Set runtime path of "/home/stephenq0503/Desktop/robot_arm_sim/install/pilz_industrial_motion_planner/lib/libpilz_industrial_motion_planner.so" to ""
[421.396s] -- Installing: /home/stephenq0503/Desktop/robot_arm_sim/install/pilz_industrial_motion_planner/lib/libjoint_limits_common.so
[421.397s] -- Set runtime path of "/home/stephenq0503/Desktop/robot_arm_sim/install/pilz_industrial_motion_planner/lib/libjoint_limits_common.so" to ""
[421.397s] -- Installing: /home/stephenq0503/Desktop/robot_arm_sim/install/pilz_industrial_motion_planner/lib/libplanning_context_loader_base.so
[421.398s] -- Set runtime path of "/home/stephenq0503/Desktop/robot_arm_sim/install/pilz_industrial_motion_planner/lib/libplanning_context_loader_base.so" to ""
[421.399s] -- Installing: /home/stephenq0503/Desktop/robot_arm_sim/install/pilz_industrial_motion_planner/lib/libplanning_context_loader_ptp.so
[421.400s] -- Set runtime path of "/home/stephenq0503/Desktop/robot_arm_sim/install/pilz_industrial_motion_planner/lib/libplanning_context_loader_ptp.so" to ""
[421.401s] -- Installing: /home/stephenq0503/Desktop/robot_arm_sim/install/pilz_industrial_motion_planner/lib/libplanning_context_loader_lin.so
[421.402s] -- Set runtime path of "/home/stephenq0503/Desktop/robot_arm_sim/install/pilz_industrial_motion_planner/lib/libplanning_context_loader_lin.so" to ""
[421.402s] -- Installing: /home/stephenq0503/Desktop/robot_arm_sim/install/pilz_industrial_motion_planner/lib/libplanning_context_loader_circ.so
[421.404s] -- Set runtime path of "/home/stephenq0503/Desktop/robot_arm_sim/install/pilz_industrial_motion_planner/lib/libplanning_context_loader_circ.so" to ""
[421.404s] -- Installing: /home/stephenq0503/Desktop/robot_arm_sim/install/pilz_industrial_motion_planner/lib/libcommand_list_manager.so
[421.406s] -- Set runtime path of "/home/stephenq0503/Desktop/robot_arm_sim/install/pilz_industrial_motion_planner/lib/libcommand_list_manager.so" to ""
[421.406s] -- Installing: /home/stephenq0503/Desktop/robot_arm_sim/install/pilz_industrial_motion_planner/lib/libsequence_capability.so
[421.409s] -- Set runtime path of "/home/stephenq0503/Desktop/robot_arm_sim/install/pilz_industrial_motion_planner/lib/libsequence_capability.so" to ""
[421.409s] -- Installing: /home/stephenq0503/Desktop/robot_arm_sim/install/pilz_industrial_motion_planner/lib/libtrajectory_generation_common.so
[421.411s] -- Set runtime path of "/home/stephenq0503/Desktop/robot_arm_sim/install/pilz_industrial_motion_planner/lib/libtrajectory_generation_common.so" to ""
[421.411s] -- Installing: /home/stephenq0503/Desktop/robot_arm_sim/install/pilz_industrial_motion_planner/include
[421.411s] -- Installing: /home/stephenq0503/Desktop/robot_arm_sim/install/pilz_industrial_motion_planner/include/pilz_industrial_motion_planner
[421.412s] -- Installing: /home/stephenq0503/Desktop/robot_arm_sim/install/pilz_industrial_motion_planner/include/pilz_industrial_motion_planner/joint_limits_extension.h
[421.412s] -- Installing: /home/stephenq0503/Desktop/robot_arm_sim/install/pilz_industrial_motion_planner/include/pilz_industrial_motion_planner/move_group_sequence_action.h
[421.412s] -- Installing: /home/stephenq0503/Desktop/robot_arm_sim/install/pilz_industrial_motion_planner/include/pilz_industrial_motion_planner/trajectory_generator_ptp.h
[421.412s] -- Installing: /home/stephenq0503/Desktop/robot_arm_sim/install/pilz_industrial_motion_planner/include/pilz_industrial_motion_planner/trajectory_generation_exceptions.h
[421.413s] -- Installing: /home/stephenq0503/Desktop/robot_arm_sim/install/pilz_industrial_motion_planner/include/pilz_industrial_motion_planner/planning_context_circ.h
[421.413s] -- Installing: /home/stephenq0503/Desktop/robot_arm_sim/install/pilz_industrial_motion_planner/include/pilz_industrial_motion_planner/planning_context_loader_ptp.h
[421.413s] -- Installing: /home/stephenq0503/Desktop/robot_arm_sim/install/pilz_industrial_motion_planner/include/pilz_industrial_motion_planner/trajectory_generator_circ.h
[421.413s] -- Installing: /home/stephenq0503/Desktop/robot_arm_sim/install/pilz_industrial_motion_planner/include/pilz_industrial_motion_planner/velocity_profile_atrap.h
[421.413s] -- Installing: /home/stephenq0503/Desktop/robot_arm_sim/install/pilz_industrial_motion_planner/include/pilz_industrial_motion_planner/cartesian_limits_aggregator.h
[421.414s] -- Installing: /home/stephenq0503/Desktop/robot_arm_sim/install/pilz_industrial_motion_planner/include/pilz_industrial_motion_planner/planning_exceptions.h
[421.414s] -- Installing: /home/stephenq0503/Desktop/robot_arm_sim/install/pilz_industrial_motion_planner/include/pilz_industrial_motion_planner/planning_context_loader.h
[421.414s] -- Installing: /home/stephenq0503/Desktop/robot_arm_sim/install/pilz_industrial_motion_planner/include/pilz_industrial_motion_planner/planning_context_loader_circ.h
[421.414s] -- Installing: /home/stephenq0503/Desktop/robot_arm_sim/install/pilz_industrial_motion_planner/include/pilz_industrial_motion_planner/trajectory_functions.h
[421.414s] -- Installing: /home/stephenq0503/Desktop/robot_arm_sim/install/pilz_industrial_motion_planner/include/pilz_industrial_motion_planner/trajectory_blender.h
[421.415s] -- Installing: /home/stephenq0503/Desktop/robot_arm_sim/install/pilz_industrial_motion_planner/include/pilz_industrial_motion_planner/pilz_industrial_motion_planner.h
[421.415s] -- Installing: /home/stephenq0503/Desktop/robot_arm_sim/install/pilz_industrial_motion_planner/include/pilz_industrial_motion_planner/planning_context_ptp.h
[421.415s] -- Installing: /home/stephenq0503/Desktop/robot_arm_sim/install/pilz_industrial_motion_planner/include/pilz_industrial_motion_planner/trajectory_blender_transition_window.h
[421.415s] -- Installing: /home/stephenq0503/Desktop/robot_arm_sim/install/pilz_industrial_motion_planner/include/pilz_industrial_motion_planner/cartesian_limit.h
[421.416s] -- Installing: /home/stephenq0503/Desktop/robot_arm_sim/install/pilz_industrial_motion_planner/include/pilz_industrial_motion_planner/cartesian_trajectory_point.h
[421.416s] -- Installing: /home/stephenq0503/Desktop/robot_arm_sim/install/pilz_industrial_motion_planner/include/pilz_industrial_motion_planner/planning_context_lin.h
[421.416s] -- Installing: /home/stephenq0503/Desktop/robot_arm_sim/install/pilz_industrial_motion_planner/include/pilz_industrial_motion_planner/trajectory_generator_lin.h
[421.416s] -- Installing: /home/stephenq0503/Desktop/robot_arm_sim/install/pilz_industrial_motion_planner/include/pilz_industrial_motion_planner/tip_frame_getter.h
[421.416s] -- Installing: /home/stephenq0503/Desktop/robot_arm_sim/install/pilz_industrial_motion_planner/include/pilz_industrial_motion_planner/command_list_manager.h
[421.416s] -- Installing: /home/stephenq0503/Desktop/robot_arm_sim/install/pilz_industrial_motion_planner/include/pilz_industrial_motion_planner/move_group_sequence_service.h
[421.417s] -- Installing: /home/stephenq0503/Desktop/robot_arm_sim/install/pilz_industrial_motion_planner/include/pilz_industrial_motion_planner/plan_components_builder.h
[421.417s] -- Installing: /home/stephenq0503/Desktop/robot_arm_sim/install/pilz_industrial_motion_planner/include/pilz_industrial_motion_planner/cartesian_trajectory.h
[421.417s] -- Installing: /home/stephenq0503/Desktop/robot_arm_sim/install/pilz_industrial_motion_planner/include/pilz_industrial_motion_planner/planning_context_loader_lin.h
[421.417s] -- Installing: /home/stephenq0503/Desktop/robot_arm_sim/install/pilz_industrial_motion_planner/include/pilz_industrial_motion_planner/planning_context_base.h
[421.418s] -- Installing: /home/stephenq0503/Desktop/robot_arm_sim/install/pilz_industrial_motion_planner/include/pilz_industrial_motion_planner/trajectory_blend_request.h
[421.418s] -- Installing: /home/stephenq0503/Desktop/robot_arm_sim/install/pilz_industrial_motion_planner/include/pilz_industrial_motion_planner/joint_limits_interface_extension.h
[421.418s] -- Installing: /home/stephenq0503/Desktop/robot_arm_sim/install/pilz_industrial_motion_planner/include/pilz_industrial_motion_planner/joint_limits_container.h
[421.418s] -- Installing: /home/stephenq0503/Desktop/robot_arm_sim/install/pilz_industrial_motion_planner/include/pilz_industrial_motion_planner/limits_container.h
[421.418s] -- Installing: /home/stephenq0503/Desktop/robot_arm_sim/install/pilz_industrial_motion_planner/include/pilz_industrial_motion_planner/trajectory_generator.h
[421.419s] -- Installing: /home/stephenq0503/Desktop/robot_arm_sim/install/pilz_industrial_motion_planner/include/pilz_industrial_motion_planner/joint_limits_aggregator.h
[421.419s] -- Installing: /home/stephenq0503/Desktop/robot_arm_sim/install/pilz_industrial_motion_planner/include/pilz_industrial_motion_planner/trajectory_blend_response.h
[421.419s] -- Installing: /home/stephenq0503/Desktop/robot_arm_sim/install/pilz_industrial_motion_planner/include/pilz_industrial_motion_planner/joint_limits_validator.h
[421.419s] -- Installing: /home/stephenq0503/Desktop/robot_arm_sim/install/pilz_industrial_motion_planner/include/pilz_industrial_motion_planner/capability_names.h
[421.420s] -- Installing: /home/stephenq0503/Desktop/robot_arm_sim/install/pilz_industrial_motion_planner/include/pilz_industrial_motion_planner/path_circle_generator.h
[421.420s] -- Installing: /home/stephenq0503/Desktop/robot_arm_sim/install/pilz_industrial_motion_planner/include/joint_limits_copy
[421.420s] -- Installing: /home/stephenq0503/Desktop/robot_arm_sim/install/pilz_industrial_motion_planner/include/joint_limits_copy/joint_limits.hpp
[421.420s] -- Installing: /home/stephenq0503/Desktop/robot_arm_sim/install/pilz_industrial_motion_planner/include/joint_limits_copy/joint_limits_rosparam.hpp
[421.421s] -- Installing: /home/stephenq0503/Desktop/robot_arm_sim/install/pilz_industrial_motion_planner/share/pilz_industrial_motion_planner/environment/library_path.sh
[421.421s] -- Installing: /home/stephenq0503/Desktop/robot_arm_sim/install/pilz_industrial_motion_planner/share/pilz_industrial_motion_planner/environment/library_path.dsv
[421.424s] -- Installing: /home/stephenq0503/Desktop/robot_arm_sim/install/pilz_industrial_motion_planner/lib/pilz_industrial_motion_planner/unittest_pilz_industrial_motion_planner_direct
[421.426s] -- Set runtime path of "/home/stephenq0503/Desktop/robot_arm_sim/install/pilz_industrial_motion_planner/lib/pilz_industrial_motion_planner/unittest_pilz_industrial_motion_planner_direct" to ""
[421.427s] -- Installing: /home/stephenq0503/Desktop/robot_arm_sim/install/pilz_industrial_motion_planner/lib/pilz_industrial_motion_planner/unittest_velocity_profile_atrap
[421.429s] -- Set runtime path of "/home/stephenq0503/Desktop/robot_arm_sim/install/pilz_industrial_motion_planner/lib/pilz_industrial_motion_planner/unittest_velocity_profile_atrap" to ""
[421.429s] -- Installing: /home/stephenq0503/Desktop/robot_arm_sim/install/pilz_industrial_motion_planner/lib/pilz_industrial_motion_planner/unittest_trajectory_generator
[421.432s] -- Set runtime path of "/home/stephenq0503/Desktop/robot_arm_sim/install/pilz_industrial_motion_planner/lib/pilz_industrial_motion_planner/unittest_trajectory_generator" to ""
[421.432s] -- Installing: /home/stephenq0503/Desktop/robot_arm_sim/install/pilz_industrial_motion_planner/lib/pilz_industrial_motion_planner/unittest_trajectory_functions
[421.436s] -- Set runtime path of "/home/stephenq0503/Desktop/robot_arm_sim/install/pilz_industrial_motion_planner/lib/pilz_industrial_motion_planner/unittest_trajectory_functions" to ""
[421.436s] -- Installing: /home/stephenq0503/Desktop/robot_arm_sim/install/pilz_industrial_motion_planner/lib/pilz_industrial_motion_planner/unittest_trajectory_blender_transition_window
[421.439s] -- Set runtime path of "/home/stephenq0503/Desktop/robot_arm_sim/install/pilz_industrial_motion_planner/lib/pilz_industrial_motion_planner/unittest_trajectory_blender_transition_window" to ""
[421.439s] -- Installing: /home/stephenq0503/Desktop/robot_arm_sim/install/pilz_industrial_motion_planner/lib/pilz_industrial_motion_planner/unittest_trajectory_generator_common
[421.443s] -- Set runtime path of "/home/stephenq0503/Desktop/robot_arm_sim/install/pilz_industrial_motion_planner/lib/pilz_industrial_motion_planner/unittest_trajectory_generator_common" to ""
[421.443s] -- Installing: /home/stephenq0503/Desktop/robot_arm_sim/install/pilz_industrial_motion_planner/lib/pilz_industrial_motion_planner/unittest_trajectory_generator_circ
[421.446s] -- Set runtime path of "/home/stephenq0503/Desktop/robot_arm_sim/install/pilz_industrial_motion_planner/lib/pilz_industrial_motion_planner/unittest_trajectory_generator_circ" to ""
[421.446s] -- Installing: /home/stephenq0503/Desktop/robot_arm_sim/install/pilz_industrial_motion_planner/lib/pilz_industrial_motion_planner/unittest_trajectory_generator_lin
[421.449s] -- Set runtime path of "/home/stephenq0503/Desktop/robot_arm_sim/install/pilz_industrial_motion_planner/lib/pilz_industrial_motion_planner/unittest_trajectory_generator_lin" to ""
[421.450s] -- Installing: /home/stephenq0503/Desktop/robot_arm_sim/install/pilz_industrial_motion_planner/lib/pilz_industrial_motion_planner/unittest_trajectory_generator_ptp
[421.453s] -- Set runtime path of "/home/stephenq0503/Desktop/robot_arm_sim/install/pilz_industrial_motion_planner/lib/pilz_industrial_motion_planner/unittest_trajectory_generator_ptp" to ""
[421.453s] -- Installing: /home/stephenq0503/Desktop/robot_arm_sim/install/pilz_industrial_motion_planner/lib/pilz_industrial_motion_planner/unittest_pilz_industrial_motion_planner
[421.456s] -- Set runtime path of "/home/stephenq0503/Desktop/robot_arm_sim/install/pilz_industrial_motion_planner/lib/pilz_industrial_motion_planner/unittest_pilz_industrial_motion_planner" to ""
[421.456s] -- Installing: /home/stephenq0503/Desktop/robot_arm_sim/install/pilz_industrial_motion_planner/lib/pilz_industrial_motion_planner/unittest_joint_limit
[421.458s] -- Set runtime path of "/home/stephenq0503/Desktop/robot_arm_sim/install/pilz_industrial_motion_planner/lib/pilz_industrial_motion_planner/unittest_joint_limit" to ""
[421.458s] -- Installing: /home/stephenq0503/Desktop/robot_arm_sim/install/pilz_industrial_motion_planner/lib/pilz_industrial_motion_planner/unittest_joint_limits_aggregator
[421.461s] -- Set runtime path of "/home/stephenq0503/Desktop/robot_arm_sim/install/pilz_industrial_motion_planner/lib/pilz_industrial_motion_planner/unittest_joint_limits_aggregator" to ""
[421.461s] -- Installing: /home/stephenq0503/Desktop/robot_arm_sim/install/pilz_industrial_motion_planner/lib/pilz_industrial_motion_planner/unittest_joint_limits_container
[421.463s] -- Set runtime path of "/home/stephenq0503/Desktop/robot_arm_sim/install/pilz_industrial_motion_planner/lib/pilz_industrial_motion_planner/unittest_joint_limits_container" to ""
[421.464s] -- Installing: /home/stephenq0503/Desktop/robot_arm_sim/install/pilz_industrial_motion_planner/lib/pilz_industrial_motion_planner/unittest_joint_limits_validator
[421.466s] -- Set runtime path of "/home/stephenq0503/Desktop/robot_arm_sim/install/pilz_industrial_motion_planner/lib/pilz_industrial_motion_planner/unittest_joint_limits_validator" to ""
[421.466s] -- Installing: /home/stephenq0503/Desktop/robot_arm_sim/install/pilz_industrial_motion_planner/lib/pilz_industrial_motion_planner/unittest_cartesian_limits_aggregator
[421.469s] -- Set runtime path of "/home/stephenq0503/Desktop/robot_arm_sim/install/pilz_industrial_motion_planner/lib/pilz_industrial_motion_planner/unittest_cartesian_limits_aggregator" to ""
[421.469s] -- Installing: /home/stephenq0503/Desktop/robot_arm_sim/install/pilz_industrial_motion_planner/lib/pilz_industrial_motion_planner/unittest_planning_context_loaders
[421.473s] -- Set runtime path of "/home/stephenq0503/Desktop/robot_arm_sim/install/pilz_industrial_motion_planner/lib/pilz_industrial_motion_planner/unittest_planning_context_loaders" to ""
[421.473s] -- Installing: /home/stephenq0503/Desktop/robot_arm_sim/install/pilz_industrial_motion_planner/lib/pilz_industrial_motion_planner/unittest_planning_context
[421.477s] -- Set runtime path of "/home/stephenq0503/Desktop/robot_arm_sim/install/pilz_industrial_motion_planner/lib/pilz_industrial_motion_planner/unittest_planning_context" to ""
[421.478s] -- Installing: /home/stephenq0503/Desktop/robot_arm_sim/install/pilz_industrial_motion_planner/lib/pilz_industrial_motion_planner/unittest_get_solver_tip_frame
[421.481s] -- Set runtime path of "/home/stephenq0503/Desktop/robot_arm_sim/install/pilz_industrial_motion_planner/lib/pilz_industrial_motion_planner/unittest_get_solver_tip_frame" to ""
[421.481s] -- Installing: /home/stephenq0503/Desktop/robot_arm_sim/install/pilz_industrial_motion_planner/share/pilz_industrial_motion_planner/config
[421.481s] -- Installing: /home/stephenq0503/Desktop/robot_arm_sim/install/pilz_industrial_motion_planner/share/pilz_industrial_motion_planner/config/unittest_joint_limits_aggregator.yaml
[421.481s] -- Installing: /home/stephenq0503/Desktop/robot_arm_sim/install/pilz_industrial_motion_planner/share/pilz_industrial_motion_planner/config/unittest_trajectory_generator_common.yaml
[421.482s] -- Installing: /home/stephenq0503/Desktop/robot_arm_sim/install/pilz_industrial_motion_planner/share/pilz_industrial_motion_planner/config/unittest_trajectory_generator_lin.yaml
[421.482s] -- Installing: /home/stephenq0503/Desktop/robot_arm_sim/install/pilz_industrial_motion_planner/share/pilz_industrial_motion_planner/config/unittest_trajectory_functions.yaml
[421.482s] -- Installing: /home/stephenq0503/Desktop/robot_arm_sim/install/pilz_industrial_motion_planner/share/pilz_industrial_motion_planner/config/unittest_joint_limit_config.yaml
[421.483s] -- Installing: /home/stephenq0503/Desktop/robot_arm_sim/install/pilz_industrial_motion_planner/share/pilz_industrial_motion_planner/config/unittest_trajectory_blender_transition_window.yaml
[421.483s] -- Installing: /home/stephenq0503/Desktop/robot_arm_sim/install/pilz_industrial_motion_planner/share/pilz_industrial_motion_planner/config/unittest_trajectory_generator_circ.yaml
[421.483s] -- Installing: /home/stephenq0503/Desktop/robot_arm_sim/install/pilz_industrial_motion_planner/share/pilz_industrial_motion_planner/config/unittest_trajectory_generator_ptp.yaml
[421.484s] -- Installing: /home/stephenq0503/Desktop/robot_arm_sim/install/pilz_industrial_motion_planner/share/pilz_industrial_motion_planner/config/unittest_cartesian_limits_aggregator.yaml
[421.484s] -- Installing: /home/stephenq0503/Desktop/robot_arm_sim/install/pilz_industrial_motion_planner/share/pilz_industrial_motion_planner/launch
[421.484s] -- Installing: /home/stephenq0503/Desktop/robot_arm_sim/install/pilz_industrial_motion_planner/share/pilz_industrial_motion_planner/launch/unittest_joint_limits_aggregator.test.py
[421.485s] -- Installing: /home/stephenq0503/Desktop/robot_arm_sim/install/pilz_industrial_motion_planner/share/pilz_industrial_motion_planner/launch/unittest_trajectory_generator_common.test.py
[421.485s] -- Installing: /home/stephenq0503/Desktop/robot_arm_sim/install/pilz_industrial_motion_planner/share/pilz_industrial_motion_planner/launch/common_parameters.py
[421.485s] -- Installing: /home/stephenq0503/Desktop/robot_arm_sim/install/pilz_industrial_motion_planner/share/pilz_industrial_motion_planner/launch/unittest_planning_context_loaders.test.py
[421.486s] -- Installing: /home/stephenq0503/Desktop/robot_arm_sim/install/pilz_industrial_motion_planner/share/pilz_industrial_motion_planner/launch/unittest_trajectory_generator_lin.test.py
[421.486s] -- Installing: /home/stephenq0503/Desktop/robot_arm_sim/install/pilz_industrial_motion_planner/share/pilz_industrial_motion_planner/launch/unittest_trajectory_blender_transition_window.test.py
[421.486s] -- Installing: /home/stephenq0503/Desktop/robot_arm_sim/install/pilz_industrial_motion_planner/share/pilz_industrial_motion_planner/launch/unittest_cartesian_limits_aggregator.test.py
[421.487s] -- Installing: /home/stephenq0503/Desktop/robot_arm_sim/install/pilz_industrial_motion_planner/share/pilz_industrial_motion_planner/launch/unittest_joint_limit.test.py
[421.487s] -- Installing: /home/stephenq0503/Desktop/robot_arm_sim/install/pilz_industrial_motion_planner/share/pilz_industrial_motion_planner/launch/unittest_planning_context.test.py
[421.487s] -- Installing: /home/stephenq0503/Desktop/robot_arm_sim/install/pilz_industrial_motion_planner/share/pilz_industrial_motion_planner/launch/unittest_trajectory_functions.test.py
[421.488s] -- Installing: /home/stephenq0503/Desktop/robot_arm_sim/install/pilz_industrial_motion_planner/share/pilz_industrial_motion_planner/launch/unittest_trajectory_generator_ptp.test.py
[421.488s] -- Installing: /home/stephenq0503/Desktop/robot_arm_sim/install/pilz_industrial_motion_planner/share/pilz_industrial_motion_planner/launch/unittest_trajectory_generator_circ.test.py
[421.489s] -- Installing: /home/stephenq0503/Desktop/robot_arm_sim/install/pilz_industrial_motion_planner/share/pilz_industrial_motion_planner/launch/unittest_pilz_industrial_motion_planner.test.py
[421.490s] -- Installing: /home/stephenq0503/Desktop/robot_arm_sim/install/pilz_industrial_motion_planner/share/pilz_industrial_motion_planner/test_data
[421.490s] -- Installing: /home/stephenq0503/Desktop/robot_arm_sim/install/pilz_industrial_motion_planner/share/pilz_industrial_motion_planner/test_data/frankaemika_panda
[421.490s] -- Installing: /home/stephenq0503/Desktop/robot_arm_sim/install/pilz_industrial_motion_planner/share/pilz_industrial_motion_planner/test_data/frankaemika_panda/testdata_sequence.xml
[421.490s] -- Installing: /home/stephenq0503/Desktop/robot_arm_sim/install/pilz_industrial_motion_planner/share/pilz_industrial_motion_planner/test_data/prbt
[421.490s] -- Installing: /home/stephenq0503/Desktop/robot_arm_sim/install/pilz_industrial_motion_planner/share/pilz_industrial_motion_planner/test_data/prbt/testdata_sequence.xml
[421.491s] -- Installing: /home/stephenq0503/Desktop/robot_arm_sim/install/pilz_industrial_motion_planner/share/pilz_industrial_motion_planner/test_data/prbt/testdata_deprecated.xml
[421.491s] -- Installing: /home/stephenq0503/Desktop/robot_arm_sim/install/pilz_industrial_motion_planner/share/pilz_industrial_motion_planner/test_data/prbt/testdata_with_gripper.xml
[421.491s] -- Installing: /home/stephenq0503/Desktop/robot_arm_sim/install/pilz_industrial_motion_planner/share/pilz_industrial_motion_planner/test_data/testpoints.py
[421.492s] -- Installing: /home/stephenq0503/Desktop/robot_arm_sim/install/pilz_industrial_motion_planner/share/pilz_industrial_motion_planner/test_data/concept_testdata.odp
[421.492s] -- Installing: /home/stephenq0503/Desktop/robot_arm_sim/install/pilz_industrial_motion_planner/share/pilz_industrial_motion_planner/test_data/concept_testdata.png
[421.496s] -- Installing: /home/stephenq0503/Desktop/robot_arm_sim/install/pilz_industrial_motion_planner/share/ament_index/resource_index/package_run_dependencies/pilz_industrial_motion_planner
[421.496s] -- Installing: /home/stephenq0503/Desktop/robot_arm_sim/install/pilz_industrial_motion_planner/share/ament_index/resource_index/parent_prefix_path/pilz_industrial_motion_planner
[421.497s] -- Installing: /home/stephenq0503/Desktop/robot_arm_sim/install/pilz_industrial_motion_planner/share/pilz_industrial_motion_planner/environment/ament_prefix_path.sh
[421.497s] -- Installing: /home/stephenq0503/Desktop/robot_arm_sim/install/pilz_industrial_motion_planner/share/pilz_industrial_motion_planner/environment/ament_prefix_path.dsv
[421.497s] -- Installing: /home/stephenq0503/Desktop/robot_arm_sim/install/pilz_industrial_motion_planner/share/pilz_industrial_motion_planner/environment/path.sh
[421.497s] -- Installing: /home/stephenq0503/Desktop/robot_arm_sim/install/pilz_industrial_motion_planner/share/pilz_industrial_motion_planner/environment/path.dsv
[421.498s] -- Installing: /home/stephenq0503/Desktop/robot_arm_sim/install/pilz_industrial_motion_planner/share/pilz_industrial_motion_planner/local_setup.bash
[421.498s] -- Installing: /home/stephenq0503/Desktop/robot_arm_sim/install/pilz_industrial_motion_planner/share/pilz_industrial_motion_planner/local_setup.sh
[421.498s] -- Installing: /home/stephenq0503/Desktop/robot_arm_sim/install/pilz_industrial_motion_planner/share/pilz_industrial_motion_planner/local_setup.zsh
[421.498s] -- Installing: /home/stephenq0503/Desktop/robot_arm_sim/install/pilz_industrial_motion_planner/share/pilz_industrial_motion_planner/local_setup.dsv
[421.499s] -- Installing: /home/stephenq0503/Desktop/robot_arm_sim/install/pilz_industrial_motion_planner/share/pilz_industrial_motion_planner/package.dsv
[421.499s] -- Installing: /home/stephenq0503/Desktop/robot_arm_sim/install/pilz_industrial_motion_planner/share/ament_index/resource_index/packages/pilz_industrial_motion_planner
[421.500s] -- Installing: /home/stephenq0503/Desktop/robot_arm_sim/install/pilz_industrial_motion_planner/share/ament_index/resource_index/moveit_core__pluginlib__plugin/pilz_industrial_motion_planner
[421.500s] -- Installing: /home/stephenq0503/Desktop/robot_arm_sim/install/pilz_industrial_motion_planner/share/ament_index/resource_index/moveit_ros_move_group__pluginlib__plugin/pilz_industrial_motion_planner
[421.500s] -- Installing: /home/stephenq0503/Desktop/robot_arm_sim/install/pilz_industrial_motion_planner/share/ament_index/resource_index/pilz_industrial_motion_planner__pluginlib__plugin/pilz_industrial_motion_planner
[421.501s] -- Installing: /home/stephenq0503/Desktop/robot_arm_sim/install/pilz_industrial_motion_planner/share/pilz_industrial_motion_planner/cmake/pilz_industrial_motion_plannerTargetsExport.cmake
[421.501s] -- Installing: /home/stephenq0503/Desktop/robot_arm_sim/install/pilz_industrial_motion_planner/share/pilz_industrial_motion_planner/cmake/pilz_industrial_motion_plannerTargetsExport-release.cmake
[421.501s] -- Installing: /home/stephenq0503/Desktop/robot_arm_sim/install/pilz_industrial_motion_planner/share/pilz_industrial_motion_planner/cmake/ament_cmake_export_include_directories-extras.cmake
[421.502s] -- Installing: /home/stephenq0503/Desktop/robot_arm_sim/install/pilz_industrial_motion_planner/share/pilz_industrial_motion_planner/cmake/ament_cmake_export_targets-extras.cmake
[421.502s] -- Installing: /home/stephenq0503/Desktop/robot_arm_sim/install/pilz_industrial_motion_planner/share/pilz_industrial_motion_planner/cmake/ament_cmake_export_dependencies-extras.cmake
[421.502s] -- Installing: /home/stephenq0503/Desktop/robot_arm_sim/install/pilz_industrial_motion_planner/share/pilz_industrial_motion_planner/cmake/pilz_industrial_motion_plannerConfig.cmake
[421.502s] -- Installing: /home/stephenq0503/Desktop/robot_arm_sim/install/pilz_industrial_motion_planner/share/pilz_industrial_motion_planner/cmake/pilz_industrial_motion_plannerConfig-version.cmake
[421.503s] -- Installing: /home/stephenq0503/Desktop/robot_arm_sim/install/pilz_industrial_motion_planner/share/pilz_industrial_motion_planner/package.xml
[421.507s] Invoked command in '/home/stephenq0503/Desktop/robot_arm_sim/build/pilz_industrial_motion_planner' returned '0': AMENT_PREFIX_PATH=/home/stephenq0503/Desktop/robot_arm_sim/install/moveit_resources_prbt_pg70_support:/home/stephenq0503/Desktop/robot_arm_sim/install/moveit_ros_planning_interface:/home/stephenq0503/Desktop/robot_arm_sim/install/moveit_resources_prbt_moveit_config:/home/stephenq0503/Desktop/robot_arm_sim/install/moveit_ros_move_group:/home/stephenq0503/Desktop/robot_arm_sim/install/moveit_ros_warehouse:/home/stephenq0503/Desktop/robot_arm_sim/install/moveit_kinematics:/home/stephenq0503/Desktop/robot_arm_sim/install/moveit_ros_planning:/home/stephenq0503/Desktop/robot_arm_sim/install/pilz_industrial_motion_planner_testutils:/home/stephenq0503/Desktop/robot_arm_sim/install/moveit_ros_occupancy_map_monitor:/home/stephenq0503/Desktop/robot_arm_sim/install/moveit_resources_prbt_ikfast_manipulator_plugin:/home/stephenq0503/Desktop/robot_arm_sim/install/moveit_core:/home/stephenq0503/Desktop/robot_arm_sim/install/moveit_resources_panda_moveit_config:/home/stephenq0503/Desktop/robot_arm_sim/install/moveit_configs_utils:/home/stephenq0503/Desktop/robot_arm_sim/install/srdfdom:/home/stephenq0503/Desktop/robot_arm_sim/install/moveit_resources_prbt_support:/home/stephenq0503/Desktop/robot_arm_sim/install/moveit_resources_panda_description:/home/stephenq0503/Desktop/robot_arm_sim/install/moveit_common:/home/stephenq0503/Desktop/robot_arm_sim/install/launch_param_builder:${AMENT_PREFIX_PATH} CMAKE_PREFIX_PATH=/home/stephenq0503/Desktop/robot_arm_sim/install/moveit_resources_prbt_pg70_support:/home/stephenq0503/Desktop/robot_arm_sim/install/moveit_ros_planning_interface:/home/stephenq0503/Desktop/robot_arm_sim/install/moveit_resources_prbt_moveit_config:/home/stephenq0503/Desktop/robot_arm_sim/install/moveit_ros_move_group:/home/stephenq0503/Desktop/robot_arm_sim/install/moveit_ros_warehouse:/home/stephenq0503/Desktop/robot_arm_sim/install/moveit_kinematics:/home/stephenq0503/Desktop/robot_arm_sim/install/moveit_ros_planning:/home/stephenq0503/Desktop/robot_arm_sim/install/pilz_industrial_motion_planner_testutils:/home/stephenq0503/Desktop/robot_arm_sim/install/moveit_ros_occupancy_map_monitor:/home/stephenq0503/Desktop/robot_arm_sim/install/moveit_resources_prbt_ikfast_manipulator_plugin:/home/stephenq0503/Desktop/robot_arm_sim/install/moveit_core:/home/stephenq0503/Desktop/robot_arm_sim/install/moveit_resources_panda_moveit_config:/home/stephenq0503/Desktop/robot_arm_sim/install/srdfdom:/home/stephenq0503/Desktop/robot_arm_sim/install/moveit_resources_prbt_support:/home/stephenq0503/Desktop/robot_arm_sim/install/moveit_resources_panda_description:/home/stephenq0503/Desktop/robot_arm_sim/install/moveit_common:/home/stephenq0503/Desktop/robot_arm_sim/install/six_dof_arm:/home/stephenq0503/Desktop/robot_arm_sim/install/gazebo_ros2_control:/opt/ros/humble LD_LIBRARY_PATH=/home/stephenq0503/Desktop/robot_arm_sim/install/moveit_ros_planning_interface/lib:/home/stephenq0503/Desktop/robot_arm_sim/install/moveit_ros_move_group/lib:/home/stephenq0503/Desktop/robot_arm_sim/install/moveit_ros_warehouse/lib:/home/stephenq0503/Desktop/robot_arm_sim/install/moveit_kinematics/lib:/home/stephenq0503/Desktop/robot_arm_sim/install/moveit_ros_planning/lib:/home/stephenq0503/Desktop/robot_arm_sim/install/pilz_industrial_motion_planner_testutils/lib:/home/stephenq0503/Desktop/robot_arm_sim/install/moveit_ros_occupancy_map_monitor/lib:/home/stephenq0503/Desktop/robot_arm_sim/install/moveit_resources_prbt_ikfast_manipulator_plugin/lib:/home/stephenq0503/Desktop/robot_arm_sim/install/moveit_core/lib:/home/stephenq0503/Desktop/robot_arm_sim/install/srdfdom/lib:${LD_LIBRARY_PATH} PATH=/home/stephenq0503/Desktop/robot_arm_sim/install/moveit_core/bin:${PATH} PYTHONPATH=/home/stephenq0503/Desktop/robot_arm_sim/install/moveit_configs_utils/lib/python3.10/site-packages:/home/stephenq0503/Desktop/robot_arm_sim/install/srdfdom/local/lib/python3.10/dist-packages:/home/stephenq0503/Desktop/robot_arm_sim/install/launch_param_builder/lib/python3.10/site-packages:${PYTHONPATH} /usr/bin/cmake --install /home/stephenq0503/Desktop/robot_arm_sim/build/pilz_industrial_motion_planner
