[0.175s] Invoking command in '/home/stephenq0503/Desktop/robot_arm_sim/build/moveit_ros_planning': AMENT_PREFIX_PATH=/home/stephenq0503/Desktop/robot_arm_sim/install/moveit_ros_occupancy_map_monitor:/home/stephenq0503/Desktop/robot_arm_sim/install/moveit_core:/home/stephenq0503/Desktop/robot_arm_sim/install/moveit_resources_panda_moveit_config:/home/stephenq0503/Desktop/robot_arm_sim/install/srdfdom:/home/stephenq0503/Desktop/robot_arm_sim/install/moveit_resources_panda_description:/home/stephenq0503/Desktop/robot_arm_sim/install/moveit_common:${AMENT_PREFIX_PATH} CMAKE_PREFIX_PATH=/home/stephenq0503/Desktop/robot_arm_sim/install/moveit_ros_occupancy_map_monitor:/home/stephenq0503/Desktop/robot_arm_sim/install/moveit_core:/home/stephenq0503/Desktop/robot_arm_sim/install/moveit_resources_panda_moveit_config:/home/stephenq0503/Desktop/robot_arm_sim/install/srdfdom:/home/stephenq0503/Desktop/robot_arm_sim/install/moveit_resources_panda_description:/home/stephenq0503/Desktop/robot_arm_sim/install/moveit_common:/home/stephenq0503/Desktop/robot_arm_sim/install/six_dof_arm:/home/stephenq0503/Desktop/robot_arm_sim/install/gazebo_ros2_control:/opt/ros/humble LD_LIBRARY_PATH=/home/stephenq0503/Desktop/robot_arm_sim/install/moveit_ros_occupancy_map_monitor/lib:/home/stephenq0503/Desktop/robot_arm_sim/install/moveit_core/lib:/home/stephenq0503/Desktop/robot_arm_sim/install/srdfdom/lib:${LD_LIBRARY_PATH} PATH=/home/stephenq0503/Desktop/robot_arm_sim/install/moveit_core/bin:${PATH} PYTHONPATH=/home/stephenq0503/Desktop/robot_arm_sim/install/srdfdom/local/lib/python3.10/dist-packages:${PYTHONPATH} /usr/bin/cmake /home/stephenq0503/Desktop/robot_arm_sim/src/moveit2/moveit_ros/planning -DCMAKE_INSTALL_PREFIX=/home/stephenq0503/Desktop/robot_arm_sim/install/moveit_ros_planning
[0.297s] -- The C compiler identification is GNU 11.4.0
[0.409s] -- The CXX compiler identification is GNU 11.4.0
[0.426s] -- Detecting C compiler ABI info
[0.573s] -- Detecting C compiler ABI info - done
[0.590s] -- Check for working C compiler: /usr/bin/cc - skipped
[0.590s] -- Detecting C compile features
[0.591s] -- Detecting C compile features - done
[0.597s] -- Detecting CXX compiler ABI info
[0.763s] -- Detecting CXX compiler ABI info - done
[0.784s] -- Check for working CXX compiler: /usr/bin/c++ - skipped
[0.785s] -- Detecting CXX compile features
[0.786s] -- Detecting CXX compile features - done
[0.789s] -- Found moveit_common: 2.5.5 (/home/stephenq0503/Desktop/robot_arm_sim/install/moveit_common/share/moveit_common/cmake)
[0.795s] -- Found ament_cmake: 1.3.7 (/opt/ros/humble/share/ament_cmake/cmake)
[1.143s] -- Found Python3: /usr/bin/python3.10 (found version "3.10.12") found components: Interpreter 
[1.519s] -- Found libdw: /usr/lib/x86_64-linux-gnu/libdw.so  
[1.532s] -- Could NOT find libbfd (missing: LIBBFD_LIBRARY LIBBFD_INCLUDE_DIR) 
[1.532s] -- BACKWARD_HAS_UNWIND=1
[1.532s] -- BACKWARD_HAS_BACKTRACE=0
[1.533s] -- BACKWARD_HAS_BACKTRACE_SYMBOL=0
[1.533s] -- BACKWARD_HAS_DW=1
[1.533s] -- BACKWARD_HAS_BFD=0
[1.534s] -- Found Backward: /opt/ros/humble/share/backward_ros/cmake  
[1.535s] [0mmoveit_ros_planning: You did not request a specific build type: Choosing 'Release' for maximum performance[0m
[1.540s] -- Found moveit_msgs: 2.2.1 (/opt/ros/humble/share/moveit_msgs/cmake)
[1.633s] -- Found rosidl_generator_c: 3.1.5 (/opt/ros/humble/share/rosidl_generator_c/cmake)
[1.650s] -- Found rosidl_adapter: 3.1.5 (/opt/ros/humble/share/rosidl_adapter/cmake)
[1.674s] -- Found rosidl_generator_cpp: 3.1.5 (/opt/ros/humble/share/rosidl_generator_cpp/cmake)
[1.714s] -- Using all available rosidl_typesupport_c: rosidl_typesupport_fastrtps_c;rosidl_typesupport_introspection_c
[1.772s] -- Using all available rosidl_typesupport_cpp: rosidl_typesupport_fastrtps_cpp;rosidl_typesupport_introspection_cpp
[3.445s] -- Found pluginlib: 5.1.0 (/opt/ros/humble/share/pluginlib/cmake)
[3.491s] -- Found rclcpp: 16.0.8 (/opt/ros/humble/share/rclcpp/cmake)
[3.586s] -- Found rmw_implementation_cmake: 6.1.1 (/opt/ros/humble/share/rmw_implementation_cmake/cmake)
[3.591s] -- Found rmw_fastrtps_cpp: 6.2.6 (/opt/ros/humble/share/rmw_fastrtps_cpp/cmake)
[3.660s] -- Found TinyXML2 via Config file: TinyXML2_DIR-NOTFOUND
[3.737s] -- Found OpenSSL: /usr/lib/x86_64-linux-gnu/libcrypto.so (found version "3.0.2")  
[3.740s] -- Found TinyXML2 via Config file: TinyXML2_DIR-NOTFOUND
[3.756s] -- Found FastRTPS: /opt/ros/humble/include  
[3.770s] -- Found TinyXML2 via Config file: TinyXML2_DIR-NOTFOUND
[3.781s] -- Found TinyXML2 via Config file: TinyXML2_DIR-NOTFOUND
[3.794s] -- Using RMW implementation 'rmw_fastrtps_cpp' as default
[3.811s] -- Looking for pthread.h
[3.971s] -- Looking for pthread.h - found
[3.971s] -- Performing Test CMAKE_HAVE_LIBC_PTHREAD
[4.122s] -- Performing Test CMAKE_HAVE_LIBC_PTHREAD - Success
[4.128s] -- Found Threads: TRUE  
[4.325s] -- Found message_filters: 4.3.3 (/opt/ros/humble/share/message_filters/cmake)
[4.335s] -- Found srdfdom: 2.0.4 (/home/stephenq0503/Desktop/robot_arm_sim/install/srdfdom/share/srdfdom/cmake)
[4.361s] -- Found tf2: 0.25.5 (/opt/ros/humble/share/tf2/cmake)
[4.374s] -- Found tf2_geometry_msgs: 0.25.5 (/opt/ros/humble/share/tf2_geometry_msgs/cmake)
[4.400s] -- Found eigen3_cmake_module: 0.1.1 (/opt/ros/humble/share/eigen3_cmake_module/cmake)
[4.402s] -- Found Eigen3: TRUE (found version "3.4.0") 
[4.402s] -- Ensuring Eigen3 include directory is part of orocos-kdl CMake target
[5.075s] -- Found tf2_eigen: 0.25.5 (/opt/ros/humble/share/tf2_eigen/cmake)
[5.092s] -- Found moveit_core: 2.5.5 (/home/stephenq0503/Desktop/robot_arm_sim/install/moveit_core/share/moveit_core/cmake)
[5.184s] -- Found Boost: /usr/lib/x86_64-linux-gnu/cmake/Boost-1.74.0/BoostConfig.cmake (found version "1.74.0") found components: chrono date_time filesystem iostreams program_options regex serialization system thread 
[5.280s] -- Found parameter_traits: 0.3.7 (/opt/ros/humble/share/parameter_traits/cmake)
[5.335s] -- Found rclcpp_lifecycle: 16.0.8 (/opt/ros/humble/share/rclcpp_lifecycle/cmake)
[5.464s] -- Found Boost: /usr/lib/x86_64-linux-gnu/cmake/Boost-1.74.0/BoostConfig.cmake (found version "1.74.0") found components: filesystem 
[5.665s] -- library: /usr/lib/x86_64-linux-gnu/libcurl.so
[6.543s] -- Found moveit_ros_occupancy_map_monitor: 2.5.5 (/home/stephenq0503/Desktop/robot_arm_sim/install/moveit_ros_occupancy_map_monitor/share/moveit_ros_occupancy_map_monitor/cmake)
[6.883s] -- Found Boost: /usr/lib/x86_64-linux-gnu/cmake/Boost-1.74.0/BoostConfig.cmake (found version "1.74.0") found components: system filesystem date_time program_options thread chrono 
[6.970s] -- Performing Test COMPILER_HAS_HIDDEN_VISIBILITY
[7.191s] -- Performing Test COMPILER_HAS_HIDDEN_VISIBILITY - Success
[7.193s] -- Performing Test COMPILER_HAS_HIDDEN_INLINE_VISIBILITY
[7.403s] -- Performing Test COMPILER_HAS_HIDDEN_INLINE_VISIBILITY - Success
[7.403s] -- Performing Test COMPILER_HAS_DEPRECATED_ATTR
[7.570s] -- Performing Test COMPILER_HAS_DEPRECATED_ATTR - Success
[7.616s] -- Found ament_cmake_gtest: 1.3.7 (/opt/ros/humble/share/ament_cmake_gtest/cmake)
[7.620s] -- Found ament_cmake_gmock: 1.3.7 (/opt/ros/humble/share/ament_cmake_gmock/cmake)
[7.624s] -- Found gmock sources under '/opt/ros/humble/src/gmock_vendor': C++ tests using 'Google Mock' will be built
[7.632s] -- Found gtest sources under '/opt/ros/humble/src/gtest_vendor': C++ tests using 'Google Test' will be built
[7.740s] -- Found ament_lint_auto: 0.12.10 (/opt/ros/humble/share/ament_lint_auto/cmake)
[7.770s] -- Found launch_testing_ament_cmake: 1.0.4 (/opt/ros/humble/share/launch_testing_ament_cmake/cmake)
[7.774s] -- Found python_cmake_module: 0.10.0 (/opt/ros/humble/share/python_cmake_module/cmake)
[7.799s] -- Found PythonInterp: /usr/bin/python3 (found suitable version "3.10.12", minimum required is "3.6") 
[7.806s] -- Found PythonLibs: /usr/lib/x86_64-linux-gnu/libpython3.10.so (found suitable version "3.10.12", minimum required is "3.5") 
[7.806s] -- Using PYTHON_EXECUTABLE: /usr/bin/python3
[7.806s] -- Using PYTHON_INCLUDE_DIRS: /usr/include/python3.10
[7.806s] -- Using PYTHON_LIBRARIES: /usr/lib/x86_64-linux-gnu/libpython3.10.so
[7.833s] -- Found PythonExtra: .so  
[7.852s] -- Added test 'cppcheck' to perform static code analysis on C / C++ code
[7.853s] -- Configured cppcheck include dirs: /home/stephenq0503/Desktop/robot_arm_sim/src/moveit2/moveit_ros/planning/rdf_loader/include;/home/stephenq0503/Desktop/robot_arm_sim/src/moveit2/moveit_ros/planning/kinematics_plugin_loader/include;/home/stephenq0503/Desktop/robot_arm_sim/src/moveit2/moveit_ros/planning/robot_model_loader/include;/home/stephenq0503/Desktop/robot_arm_sim/src/moveit2/moveit_ros/planning/constraint_sampler_manager_loader/include;/home/stephenq0503/Desktop/robot_arm_sim/src/moveit2/moveit_ros/planning/planning_pipeline/include;/home/stephenq0503/Desktop/robot_arm_sim/src/moveit2/moveit_ros/planning/planning_scene_monitor/include;/home/stephenq0503/Desktop/robot_arm_sim/src/moveit2/moveit_ros/planning/trajectory_execution_manager/include;/home/stephenq0503/Desktop/robot_arm_sim/src/moveit2/moveit_ros/planning/plan_execution/include;/home/stephenq0503/Desktop/robot_arm_sim/src/moveit2/moveit_ros/planning/collision_plugin_loader/include;/home/stephenq0503/Desktop/robot_arm_sim/src/moveit2/moveit_ros/planning/moveit_cpp/include
[7.853s] -- Configured cppcheck exclude dirs and/or files: 
[7.857s] -- Added test 'lint_cmake' to check CMake code style
[7.860s] -- Added test 'pep257' to check Python code against some of the docstring style conventions in PEP 257
[7.862s] -- Added test 'xmllint' to check XML markup files
[7.866s] -- Configuring done
[8.421s] -- Generating done
[8.430s] -- Build files have been written to: /home/stephenq0503/Desktop/robot_arm_sim/build/moveit_ros_planning
[8.463s] Invoked command in '/home/stephenq0503/Desktop/robot_arm_sim/build/moveit_ros_planning' returned '0': AMENT_PREFIX_PATH=/home/stephenq0503/Desktop/robot_arm_sim/install/moveit_ros_occupancy_map_monitor:/home/stephenq0503/Desktop/robot_arm_sim/install/moveit_core:/home/stephenq0503/Desktop/robot_arm_sim/install/moveit_resources_panda_moveit_config:/home/stephenq0503/Desktop/robot_arm_sim/install/srdfdom:/home/stephenq0503/Desktop/robot_arm_sim/install/moveit_resources_panda_description:/home/stephenq0503/Desktop/robot_arm_sim/install/moveit_common:${AMENT_PREFIX_PATH} CMAKE_PREFIX_PATH=/home/stephenq0503/Desktop/robot_arm_sim/install/moveit_ros_occupancy_map_monitor:/home/stephenq0503/Desktop/robot_arm_sim/install/moveit_core:/home/stephenq0503/Desktop/robot_arm_sim/install/moveit_resources_panda_moveit_config:/home/stephenq0503/Desktop/robot_arm_sim/install/srdfdom:/home/stephenq0503/Desktop/robot_arm_sim/install/moveit_resources_panda_description:/home/stephenq0503/Desktop/robot_arm_sim/install/moveit_common:/home/stephenq0503/Desktop/robot_arm_sim/install/six_dof_arm:/home/stephenq0503/Desktop/robot_arm_sim/install/gazebo_ros2_control:/opt/ros/humble LD_LIBRARY_PATH=/home/stephenq0503/Desktop/robot_arm_sim/install/moveit_ros_occupancy_map_monitor/lib:/home/stephenq0503/Desktop/robot_arm_sim/install/moveit_core/lib:/home/stephenq0503/Desktop/robot_arm_sim/install/srdfdom/lib:${LD_LIBRARY_PATH} PATH=/home/stephenq0503/Desktop/robot_arm_sim/install/moveit_core/bin:${PATH} PYTHONPATH=/home/stephenq0503/Desktop/robot_arm_sim/install/srdfdom/local/lib/python3.10/dist-packages:${PYTHONPATH} /usr/bin/cmake /home/stephenq0503/Desktop/robot_arm_sim/src/moveit2/moveit_ros/planning -DCMAKE_INSTALL_PREFIX=/home/stephenq0503/Desktop/robot_arm_sim/install/moveit_ros_planning
[8.465s] Invoking command in '/home/stephenq0503/Desktop/robot_arm_sim/build/moveit_ros_planning': AMENT_PREFIX_PATH=/home/stephenq0503/Desktop/robot_arm_sim/install/moveit_ros_occupancy_map_monitor:/home/stephenq0503/Desktop/robot_arm_sim/install/moveit_core:/home/stephenq0503/Desktop/robot_arm_sim/install/moveit_resources_panda_moveit_config:/home/stephenq0503/Desktop/robot_arm_sim/install/srdfdom:/home/stephenq0503/Desktop/robot_arm_sim/install/moveit_resources_panda_description:/home/stephenq0503/Desktop/robot_arm_sim/install/moveit_common:${AMENT_PREFIX_PATH} CMAKE_PREFIX_PATH=/home/stephenq0503/Desktop/robot_arm_sim/install/moveit_ros_occupancy_map_monitor:/home/stephenq0503/Desktop/robot_arm_sim/install/moveit_core:/home/stephenq0503/Desktop/robot_arm_sim/install/moveit_resources_panda_moveit_config:/home/stephenq0503/Desktop/robot_arm_sim/install/srdfdom:/home/stephenq0503/Desktop/robot_arm_sim/install/moveit_resources_panda_description:/home/stephenq0503/Desktop/robot_arm_sim/install/moveit_common:/home/stephenq0503/Desktop/robot_arm_sim/install/six_dof_arm:/home/stephenq0503/Desktop/robot_arm_sim/install/gazebo_ros2_control:/opt/ros/humble LD_LIBRARY_PATH=/home/stephenq0503/Desktop/robot_arm_sim/install/moveit_ros_occupancy_map_monitor/lib:/home/stephenq0503/Desktop/robot_arm_sim/install/moveit_core/lib:/home/stephenq0503/Desktop/robot_arm_sim/install/srdfdom/lib:${LD_LIBRARY_PATH} PATH=/home/stephenq0503/Desktop/robot_arm_sim/install/moveit_core/bin:${PATH} PYTHONPATH=/home/stephenq0503/Desktop/robot_arm_sim/install/srdfdom/local/lib/python3.10/dist-packages:${PYTHONPATH} /usr/bin/cmake --build /home/stephenq0503/Desktop/robot_arm_sim/build/moveit_ros_planning -- -j8 -l8
[8.538s] [  1%] [32mBuilding CXX object rdf_loader/CMakeFiles/moveit_rdf_loader.dir/src/rdf_loader.cpp.o[0m
[13.717s] [  3%] [32mBuilding CXX object rdf_loader/CMakeFiles/moveit_rdf_loader.dir/src/synchronized_string_parameter.cpp.o[0m
[27.831s] [  4%] [32m[1mLinking CXX shared library libmoveit_rdf_loader.so[0m
[28.122s] [  4%] Built target moveit_rdf_loader
[28.152s] [  6%] [32mBuilding CXX object gmock/CMakeFiles/gmock_main.dir/src/gmock_main.cc.o[0m
[28.153s] [  8%] [32mBuilding CXX object planning_pipeline/CMakeFiles/moveit_planning_pipeline.dir/src/planning_pipeline.cpp.o[0m
[28.154s] [  9%] [32mBuilding CXX object planning_request_adapter_plugins/CMakeFiles/moveit_list_request_adapter_plugins.dir/src/list.cpp.o[0m
[28.155s] [ 12%] [32mBuilding CXX object collision_plugin_loader/CMakeFiles/moveit_collision_plugin_loader.dir/src/collision_plugin_loader.cpp.o[0m
[28.155s] [ 12%] [32mBuilding CXX object gmock/CMakeFiles/gmock.dir/opt/ros/humble/src/gtest_vendor/src/gtest-all.cc.o[0m
[28.161s] [ 14%] [32mBuilding CXX object planning_request_adapter_plugins/CMakeFiles/moveit_default_planning_request_adapter_plugins.dir/src/empty.cpp.o[0m
[30.410s] [ 16%] [32m[1mLinking CXX static library libgmock_main.a[0m
[30.452s] [ 16%] Built target gmock_main
[30.470s] [ 17%] [32mBuilding CXX object gmock/CMakeFiles/gmock.dir/src/gmock-all.cc.o[0m
[30.499s] [ 20%] [32mBuilding CXX object constraint_sampler_manager_loader/CMakeFiles/moveit_constraint_sampler_manager_loader.dir/src/constraint_sampler_manager_loader.cpp.o[0m
[30.501s] [ 20%] [32mBuilding CXX object kinematics_plugin_loader/CMakeFiles/moveit_kinematics_plugin_loader.dir/src/kinematics_plugin_loader.cpp.o[0m
[37.774s] [ 22%] [32mBuilding CXX object planning_request_adapter_plugins/CMakeFiles/moveit_default_planning_request_adapter_plugins.dir/src/fix_start_state_bounds.cpp.o[0m
[42.718s] [ 24%] [32mBuilding CXX object planning_request_adapter_plugins/CMakeFiles/moveit_default_planning_request_adapter_plugins.dir/src/fix_start_state_collision.cpp.o[0m
[43.114s] [ 25%] [32m[1mLinking CXX shared library libmoveit_collision_plugin_loader.so[0m
[43.543s] [ 25%] Built target moveit_collision_plugin_loader
[43.560s] [ 27%] [32mBuilding CXX object planning_request_adapter_plugins/CMakeFiles/moveit_default_planning_request_adapter_plugins.dir/src/fix_start_state_path_constraints.cpp.o[0m
[44.700s] [ 29%] [32m[1mLinking CXX static library libgmock.a[0m
[44.825s] [ 29%] Built target gmock
[44.843s] [ 30%] [32mBuilding CXX object planning_request_adapter_plugins/CMakeFiles/moveit_default_planning_request_adapter_plugins.dir/src/fix_workspace_bounds.cpp.o[0m
[53.844s] [ 32%] [32m[1mLinking CXX executable moveit_list_request_adapter_plugins[0m
[54.515s] [ 32%] Built target moveit_list_request_adapter_plugins
[54.535s] [ 33%] [32mBuilding CXX object planning_request_adapter_plugins/CMakeFiles/moveit_default_planning_request_adapter_plugins.dir/src/add_time_parameterization.cpp.o[0m
[57.116s] [ 35%] [32m[1mLinking CXX shared library libmoveit_kinematics_plugin_loader.so[0m
[57.674s] [ 35%] Built target moveit_kinematics_plugin_loader
[57.719s] [ 37%] [32mBuilding CXX object robot_model_loader/CMakeFiles/moveit_robot_model_loader.dir/src/robot_model_loader.cpp.o[0m
[58.502s] [ 38%] [32m[1mLinking CXX shared library libmoveit_constraint_sampler_manager_loader.so[0m
[59.178s] [ 38%] Built target moveit_constraint_sampler_manager_loader
[59.202s] [ 40%] [32mBuilding CXX object planning_request_adapter_plugins/CMakeFiles/moveit_default_planning_request_adapter_plugins.dir/src/add_ruckig_traj_smoothing.cpp.o[0m
[60.547s] [ 41%] [32mBuilding CXX object planning_request_adapter_plugins/CMakeFiles/moveit_default_planning_request_adapter_plugins.dir/src/add_iterative_spline_parameterization.cpp.o[0m
[62.335s] [ 43%] [32mBuilding CXX object planning_request_adapter_plugins/CMakeFiles/moveit_default_planning_request_adapter_plugins.dir/src/add_time_optimal_parameterization.cpp.o[0m
[63.755s] [ 45%] [32mBuilding CXX object planning_request_adapter_plugins/CMakeFiles/moveit_default_planning_request_adapter_plugins.dir/src/resolve_constraint_frames.cpp.o[0m
[70.060s] [ 46%] [32m[1mLinking CXX shared library libmoveit_planning_pipeline.so[0m
[70.614s] [ 46%] Built target moveit_planning_pipeline
[70.862s] [ 48%] [32m[1mLinking CXX shared library libmoveit_robot_model_loader.so[0m
[71.155s] [ 48%] Built target moveit_robot_model_loader
[71.193s] [ 51%] [32mBuilding CXX object planning_scene_monitor/CMakeFiles/moveit_planning_scene_monitor.dir/src/planning_scene_monitor.cpp.o[0m
[71.194s] [ 53%] [32mBuilding CXX object planning_scene_monitor/CMakeFiles/moveit_planning_scene_monitor.dir/src/current_state_monitor.cpp.o[0m
[71.196s] [ 53%] [32mBuilding CXX object planning_scene_monitor/CMakeFiles/moveit_planning_scene_monitor.dir/src/current_state_monitor_middleware_handle.cpp.o[0m
[71.204s] [ 54%] [32mBuilding CXX object planning_components_tools/CMakeFiles/moveit_print_planning_model_info.dir/src/print_planning_model_info.cpp.o[0m
[73.554s] [ 56%] [32mBuilding CXX object planning_scene_monitor/CMakeFiles/moveit_planning_scene_monitor.dir/src/trajectory_monitor.cpp.o[0m
[73.986s] [ 58%] [32mBuilding CXX object planning_scene_monitor/CMakeFiles/moveit_planning_scene_monitor.dir/src/trajectory_monitor_middleware_handle.cpp.o[0m
[80.664s] [ 59%] [32m[1mLinking CXX shared library libmoveit_default_planning_request_adapter_plugins.so[0m
[81.221s] [ 59%] Built target moveit_default_planning_request_adapter_plugins
[82.035s] [ 61%] [32m[1mLinking CXX executable moveit_print_planning_model_info[0m
[82.542s] [ 61%] Built target moveit_print_planning_model_info
[113.794s] [ 62%] [32m[1mLinking CXX shared library libmoveit_planning_scene_monitor.so[0m
[114.268s] [ 62%] Built target moveit_planning_scene_monitor
[114.307s] [ 70%] [32mBuilding CXX object planning_components_tools/CMakeFiles/moveit_evaluate_collision_checking_speed.dir/src/evaluate_collision_checking_speed.cpp.o[0m
[114.307s] [ 70%] [32mBuilding CXX object planning_components_tools/CMakeFiles/moveit_display_random_state.dir/src/display_random_state.cpp.o[0m
[114.307s] [ 70%] [32mBuilding CXX object planning_scene_monitor/CMakeFiles/demo_scene.dir/demos/demo_scene.cpp.o[0m
[114.307s] [ 72%] [32mBuilding CXX object planning_scene_monitor/CMakeFiles/trajectory_monitor_tests.dir/test/trajectory_monitor_tests.cpp.o[0m
[114.308s] [ 72%] [32mBuilding CXX object planning_components_tools/CMakeFiles/moveit_visualize_robot_collision_volume.dir/src/visualize_robot_collision_volume.cpp.o[0m
[114.308s] [ 74%] [32mBuilding CXX object planning_components_tools/CMakeFiles/moveit_print_planning_scene_info.dir/src/print_planning_scene_info.cpp.o[0m
[114.308s] [ 75%] [32mBuilding CXX object planning_components_tools/CMakeFiles/moveit_publish_scene_from_text.dir/src/publish_scene_from_text.cpp.o[0m
[114.308s] [ 75%] [32mBuilding CXX object planning_scene_monitor/CMakeFiles/current_state_monitor_tests.dir/test/current_state_monitor_tests.cpp.o[0m
[135.330s] [ 77%] [32m[1mLinking CXX executable moveit_print_planning_scene_info[0m
[136.514s] [ 77%] Built target moveit_print_planning_scene_info
[136.605s] [ 79%] [32mBuilding CXX object trajectory_execution_manager/CMakeFiles/moveit_trajectory_execution_manager.dir/src/trajectory_execution_manager.cpp.o[0m
[140.396s] [ 80%] [32m[1mLinking CXX executable moveit_evaluate_collision_checking_speed[0m
[140.919s] [ 82%] [32m[1mLinking CXX executable demo_scene[0m
[141.366s] [ 83%] [32m[1mLinking CXX executable moveit_visualize_robot_collision_volume[0m
[141.621s] [ 85%] [32m[1mLinking CXX executable current_state_monitor_tests[0m
[141.629s] [ 85%] Built target moveit_evaluate_collision_checking_speed
[141.649s] [ 85%] Built target demo_scene
[141.736s] [ 87%] [32m[1mLinking CXX executable moveit_display_random_state[0m
[141.988s] [ 88%] [32m[1mLinking CXX executable trajectory_monitor_tests[0m
[142.880s] [ 88%] Built target moveit_visualize_robot_collision_volume
[143.011s] [ 88%] Built target moveit_display_random_state
[143.082s] [ 88%] Built target current_state_monitor_tests
[143.132s] [ 88%] Built target trajectory_monitor_tests
[143.230s] [ 90%] [32m[1mLinking CXX executable moveit_publish_scene_from_text[0m
[143.652s] [ 90%] Built target moveit_publish_scene_from_text
[167.744s] [ 91%] [32m[1mLinking CXX shared library libmoveit_trajectory_execution_manager.so[0m
[168.182s] [ 91%] Built target moveit_trajectory_execution_manager
[168.210s] [ 96%] [32mBuilding CXX object moveit_cpp/CMakeFiles/moveit_cpp.dir/src/moveit_cpp.cpp.o[0m
[168.210s] [ 96%] [32mBuilding CXX object moveit_cpp/CMakeFiles/moveit_cpp.dir/src/planning_component.cpp.o[0m
[168.210s] [ 96%] [32mBuilding CXX object plan_execution/CMakeFiles/moveit_plan_execution.dir/src/plan_execution.cpp.o[0m
[183.376s] [ 98%] [32m[1mLinking CXX shared library libmoveit_plan_execution.so[0m
[183.781s] [ 98%] Built target moveit_plan_execution
[188.781s] [100%] [32m[1mLinking CXX shared library libmoveit_cpp.so[0m
[189.178s] [100%] Built target moveit_cpp
[189.253s] Invoked command in '/home/stephenq0503/Desktop/robot_arm_sim/build/moveit_ros_planning' returned '0': AMENT_PREFIX_PATH=/home/stephenq0503/Desktop/robot_arm_sim/install/moveit_ros_occupancy_map_monitor:/home/stephenq0503/Desktop/robot_arm_sim/install/moveit_core:/home/stephenq0503/Desktop/robot_arm_sim/install/moveit_resources_panda_moveit_config:/home/stephenq0503/Desktop/robot_arm_sim/install/srdfdom:/home/stephenq0503/Desktop/robot_arm_sim/install/moveit_resources_panda_description:/home/stephenq0503/Desktop/robot_arm_sim/install/moveit_common:${AMENT_PREFIX_PATH} CMAKE_PREFIX_PATH=/home/stephenq0503/Desktop/robot_arm_sim/install/moveit_ros_occupancy_map_monitor:/home/stephenq0503/Desktop/robot_arm_sim/install/moveit_core:/home/stephenq0503/Desktop/robot_arm_sim/install/moveit_resources_panda_moveit_config:/home/stephenq0503/Desktop/robot_arm_sim/install/srdfdom:/home/stephenq0503/Desktop/robot_arm_sim/install/moveit_resources_panda_description:/home/stephenq0503/Desktop/robot_arm_sim/install/moveit_common:/home/stephenq0503/Desktop/robot_arm_sim/install/six_dof_arm:/home/stephenq0503/Desktop/robot_arm_sim/install/gazebo_ros2_control:/opt/ros/humble LD_LIBRARY_PATH=/home/stephenq0503/Desktop/robot_arm_sim/install/moveit_ros_occupancy_map_monitor/lib:/home/stephenq0503/Desktop/robot_arm_sim/install/moveit_core/lib:/home/stephenq0503/Desktop/robot_arm_sim/install/srdfdom/lib:${LD_LIBRARY_PATH} PATH=/home/stephenq0503/Desktop/robot_arm_sim/install/moveit_core/bin:${PATH} PYTHONPATH=/home/stephenq0503/Desktop/robot_arm_sim/install/srdfdom/local/lib/python3.10/dist-packages:${PYTHONPATH} /usr/bin/cmake --build /home/stephenq0503/Desktop/robot_arm_sim/build/moveit_ros_planning -- -j8 -l8
[189.340s] Invoking command in '/home/stephenq0503/Desktop/robot_arm_sim/build/moveit_ros_planning': AMENT_PREFIX_PATH=/home/stephenq0503/Desktop/robot_arm_sim/install/moveit_ros_occupancy_map_monitor:/home/stephenq0503/Desktop/robot_arm_sim/install/moveit_core:/home/stephenq0503/Desktop/robot_arm_sim/install/moveit_resources_panda_moveit_config:/home/stephenq0503/Desktop/robot_arm_sim/install/srdfdom:/home/stephenq0503/Desktop/robot_arm_sim/install/moveit_resources_panda_description:/home/stephenq0503/Desktop/robot_arm_sim/install/moveit_common:${AMENT_PREFIX_PATH} CMAKE_PREFIX_PATH=/home/stephenq0503/Desktop/robot_arm_sim/install/moveit_ros_occupancy_map_monitor:/home/stephenq0503/Desktop/robot_arm_sim/install/moveit_core:/home/stephenq0503/Desktop/robot_arm_sim/install/moveit_resources_panda_moveit_config:/home/stephenq0503/Desktop/robot_arm_sim/install/srdfdom:/home/stephenq0503/Desktop/robot_arm_sim/install/moveit_resources_panda_description:/home/stephenq0503/Desktop/robot_arm_sim/install/moveit_common:/home/stephenq0503/Desktop/robot_arm_sim/install/six_dof_arm:/home/stephenq0503/Desktop/robot_arm_sim/install/gazebo_ros2_control:/opt/ros/humble LD_LIBRARY_PATH=/home/stephenq0503/Desktop/robot_arm_sim/install/moveit_ros_occupancy_map_monitor/lib:/home/stephenq0503/Desktop/robot_arm_sim/install/moveit_core/lib:/home/stephenq0503/Desktop/robot_arm_sim/install/srdfdom/lib:${LD_LIBRARY_PATH} PATH=/home/stephenq0503/Desktop/robot_arm_sim/install/moveit_core/bin:${PATH} PYTHONPATH=/home/stephenq0503/Desktop/robot_arm_sim/install/srdfdom/local/lib/python3.10/dist-packages:${PYTHONPATH} /usr/bin/cmake --install /home/stephenq0503/Desktop/robot_arm_sim/build/moveit_ros_planning
[189.357s] -- Install configuration: "Release"
[189.358s] -- Installing: /home/stephenq0503/Desktop/robot_arm_sim/install/moveit_ros_planning/include
[189.358s] -- Installing: /home/stephenq0503/Desktop/robot_arm_sim/install/moveit_ros_planning/include/moveit
[189.358s] -- Installing: /home/stephenq0503/Desktop/robot_arm_sim/install/moveit_ros_planning/include/moveit/rdf_loader
[189.359s] -- Installing: /home/stephenq0503/Desktop/robot_arm_sim/install/moveit_ros_planning/include/moveit/rdf_loader/synchronized_string_parameter.h
[189.359s] -- Installing: /home/stephenq0503/Desktop/robot_arm_sim/install/moveit_ros_planning/include/moveit/rdf_loader/rdf_loader.h
[189.359s] -- Installing: /home/stephenq0503/Desktop/robot_arm_sim/install/moveit_ros_planning/share/moveit_ros_planning/rdf_loader/test/data
[189.360s] -- Installing: /home/stephenq0503/Desktop/robot_arm_sim/install/moveit_ros_planning/share/moveit_ros_planning/rdf_loader/test/data/kermit.urdf
[189.360s] -- Installing: /home/stephenq0503/Desktop/robot_arm_sim/install/moveit_ros_planning/share/moveit_ros_planning/rdf_loader/test/data/kermit.srdf
[189.360s] -- Installing: /home/stephenq0503/Desktop/robot_arm_sim/install/moveit_ros_planning/share/moveit_ros_planning/rdf_loader/test/data/gonzo.srdf
[189.361s] -- Installing: /home/stephenq0503/Desktop/robot_arm_sim/install/moveit_ros_planning/share/moveit_ros_planning/rdf_loader/test/data/robin.srdf.xacro
[189.361s] -- Installing: /home/stephenq0503/Desktop/robot_arm_sim/install/moveit_ros_planning/share/moveit_ros_planning/rdf_loader/test/data/gonzo.urdf
[189.361s] -- Installing: /home/stephenq0503/Desktop/robot_arm_sim/install/moveit_ros_planning/share/moveit_ros_planning/rdf_loader/test/launch
[189.361s] -- Installing: /home/stephenq0503/Desktop/robot_arm_sim/install/moveit_ros_planning/share/moveit_ros_planning/rdf_loader/test/launch/test_rdf_integration.test.py
[189.362s] -- Up-to-date: /home/stephenq0503/Desktop/robot_arm_sim/install/moveit_ros_planning/include
[189.362s] -- Up-to-date: /home/stephenq0503/Desktop/robot_arm_sim/install/moveit_ros_planning/include/moveit
[189.362s] -- Installing: /home/stephenq0503/Desktop/robot_arm_sim/install/moveit_ros_planning/include/moveit/collision_plugin_loader
[189.362s] -- Installing: /home/stephenq0503/Desktop/robot_arm_sim/install/moveit_ros_planning/include/moveit/collision_plugin_loader/collision_plugin_loader.h
[189.363s] -- Up-to-date: /home/stephenq0503/Desktop/robot_arm_sim/install/moveit_ros_planning/include
[189.363s] -- Up-to-date: /home/stephenq0503/Desktop/robot_arm_sim/install/moveit_ros_planning/include/moveit
[189.363s] -- Installing: /home/stephenq0503/Desktop/robot_arm_sim/install/moveit_ros_planning/include/moveit/kinematics_plugin_loader
[189.363s] -- Installing: /home/stephenq0503/Desktop/robot_arm_sim/install/moveit_ros_planning/include/moveit/kinematics_plugin_loader/kinematics_plugin_loader.h
[189.363s] -- Up-to-date: /home/stephenq0503/Desktop/robot_arm_sim/install/moveit_ros_planning/include
[189.364s] -- Up-to-date: /home/stephenq0503/Desktop/robot_arm_sim/install/moveit_ros_planning/include/moveit
[189.364s] -- Installing: /home/stephenq0503/Desktop/robot_arm_sim/install/moveit_ros_planning/include/moveit/robot_model_loader
[189.364s] -- Installing: /home/stephenq0503/Desktop/robot_arm_sim/install/moveit_ros_planning/include/moveit/robot_model_loader/robot_model_loader.h
[189.364s] -- Up-to-date: /home/stephenq0503/Desktop/robot_arm_sim/install/moveit_ros_planning/include
[189.364s] -- Up-to-date: /home/stephenq0503/Desktop/robot_arm_sim/install/moveit_ros_planning/include/moveit
[189.364s] -- Installing: /home/stephenq0503/Desktop/robot_arm_sim/install/moveit_ros_planning/include/moveit/constraint_sampler_manager_loader
[189.364s] -- Installing: /home/stephenq0503/Desktop/robot_arm_sim/install/moveit_ros_planning/include/moveit/constraint_sampler_manager_loader/constraint_sampler_manager_loader.h
[189.365s] -- Up-to-date: /home/stephenq0503/Desktop/robot_arm_sim/install/moveit_ros_planning/include
[189.365s] -- Up-to-date: /home/stephenq0503/Desktop/robot_arm_sim/install/moveit_ros_planning/include/moveit
[189.365s] -- Installing: /home/stephenq0503/Desktop/robot_arm_sim/install/moveit_ros_planning/include/moveit/planning_pipeline
[189.365s] -- Installing: /home/stephenq0503/Desktop/robot_arm_sim/install/moveit_ros_planning/include/moveit/planning_pipeline/planning_pipeline.h
[189.366s] -- Installing: /home/stephenq0503/Desktop/robot_arm_sim/install/moveit_ros_planning/include/moveit_planning_pipeline_export.h
[189.366s] -- Installing: /home/stephenq0503/Desktop/robot_arm_sim/install/moveit_ros_planning/lib/moveit_ros_planning/moveit_list_request_adapter_plugins
[189.368s] -- Set runtime path of "/home/stephenq0503/Desktop/robot_arm_sim/install/moveit_ros_planning/lib/moveit_ros_planning/moveit_list_request_adapter_plugins" to ""
[189.368s] -- Installing: /home/stephenq0503/Desktop/robot_arm_sim/install/moveit_ros_planning/lib/moveit_ros_planning/demo_scene
[189.369s] -- Set runtime path of "/home/stephenq0503/Desktop/robot_arm_sim/install/moveit_ros_planning/lib/moveit_ros_planning/demo_scene" to ""
[189.369s] -- Up-to-date: /home/stephenq0503/Desktop/robot_arm_sim/install/moveit_ros_planning/include
[189.369s] -- Up-to-date: /home/stephenq0503/Desktop/robot_arm_sim/install/moveit_ros_planning/include/moveit
[189.370s] -- Installing: /home/stephenq0503/Desktop/robot_arm_sim/install/moveit_ros_planning/include/moveit/planning_scene_monitor
[189.370s] -- Installing: /home/stephenq0503/Desktop/robot_arm_sim/install/moveit_ros_planning/include/moveit/planning_scene_monitor/current_state_monitor.h
[189.370s] -- Installing: /home/stephenq0503/Desktop/robot_arm_sim/install/moveit_ros_planning/include/moveit/planning_scene_monitor/trajectory_monitor.h
[189.370s] -- Installing: /home/stephenq0503/Desktop/robot_arm_sim/install/moveit_ros_planning/include/moveit/planning_scene_monitor/planning_scene_monitor.h
[189.370s] -- Installing: /home/stephenq0503/Desktop/robot_arm_sim/install/moveit_ros_planning/include/moveit/planning_scene_monitor/trajectory_monitor_middleware_handle.hpp
[189.370s] -- Installing: /home/stephenq0503/Desktop/robot_arm_sim/install/moveit_ros_planning/include/moveit/planning_scene_monitor/current_state_monitor_middleware_handle.hpp
[189.370s] -- Installing: /home/stephenq0503/Desktop/robot_arm_sim/install/moveit_ros_planning/include/moveit_planning_scene_monitor_export.h
[189.371s] -- Installing: /home/stephenq0503/Desktop/robot_arm_sim/install/moveit_ros_planning/lib/moveit_ros_planning/moveit_print_planning_model_info
[189.372s] -- Set runtime path of "/home/stephenq0503/Desktop/robot_arm_sim/install/moveit_ros_planning/lib/moveit_ros_planning/moveit_print_planning_model_info" to ""
[189.372s] -- Installing: /home/stephenq0503/Desktop/robot_arm_sim/install/moveit_ros_planning/lib/moveit_ros_planning/moveit_print_planning_scene_info
[189.372s] -- Set runtime path of "/home/stephenq0503/Desktop/robot_arm_sim/install/moveit_ros_planning/lib/moveit_ros_planning/moveit_print_planning_scene_info" to ""
[189.372s] -- Installing: /home/stephenq0503/Desktop/robot_arm_sim/install/moveit_ros_planning/lib/moveit_ros_planning/moveit_display_random_state
[189.373s] -- Set runtime path of "/home/stephenq0503/Desktop/robot_arm_sim/install/moveit_ros_planning/lib/moveit_ros_planning/moveit_display_random_state" to ""
[189.374s] -- Installing: /home/stephenq0503/Desktop/robot_arm_sim/install/moveit_ros_planning/lib/moveit_ros_planning/moveit_visualize_robot_collision_volume
[189.374s] -- Set runtime path of "/home/stephenq0503/Desktop/robot_arm_sim/install/moveit_ros_planning/lib/moveit_ros_planning/moveit_visualize_robot_collision_volume" to ""
[189.375s] -- Installing: /home/stephenq0503/Desktop/robot_arm_sim/install/moveit_ros_planning/lib/moveit_ros_planning/moveit_evaluate_collision_checking_speed
[189.375s] -- Set runtime path of "/home/stephenq0503/Desktop/robot_arm_sim/install/moveit_ros_planning/lib/moveit_ros_planning/moveit_evaluate_collision_checking_speed" to ""
[189.375s] -- Installing: /home/stephenq0503/Desktop/robot_arm_sim/install/moveit_ros_planning/lib/moveit_ros_planning/moveit_publish_scene_from_text
[189.377s] -- Set runtime path of "/home/stephenq0503/Desktop/robot_arm_sim/install/moveit_ros_planning/lib/moveit_ros_planning/moveit_publish_scene_from_text" to ""
[189.378s] -- Up-to-date: /home/stephenq0503/Desktop/robot_arm_sim/install/moveit_ros_planning/include
[189.378s] -- Up-to-date: /home/stephenq0503/Desktop/robot_arm_sim/install/moveit_ros_planning/include/moveit
[189.378s] -- Installing: /home/stephenq0503/Desktop/robot_arm_sim/install/moveit_ros_planning/include/moveit/trajectory_execution_manager
[189.378s] -- Installing: /home/stephenq0503/Desktop/robot_arm_sim/install/moveit_ros_planning/include/moveit/trajectory_execution_manager/trajectory_execution_manager.h
[189.378s] -- Installing: /home/stephenq0503/Desktop/robot_arm_sim/install/moveit_ros_planning/include/moveit_trajectory_execution_manager_export.h
[189.379s] -- Up-to-date: /home/stephenq0503/Desktop/robot_arm_sim/install/moveit_ros_planning/include
[189.379s] -- Up-to-date: /home/stephenq0503/Desktop/robot_arm_sim/install/moveit_ros_planning/include/moveit
[189.379s] -- Installing: /home/stephenq0503/Desktop/robot_arm_sim/install/moveit_ros_planning/include/moveit/plan_execution
[189.379s] -- Installing: /home/stephenq0503/Desktop/robot_arm_sim/install/moveit_ros_planning/include/moveit/plan_execution/plan_representation.h
[189.379s] -- Installing: /home/stephenq0503/Desktop/robot_arm_sim/install/moveit_ros_planning/include/moveit/plan_execution/plan_execution.h
[189.379s] -- Up-to-date: /home/stephenq0503/Desktop/robot_arm_sim/install/moveit_ros_planning/include
[189.380s] -- Up-to-date: /home/stephenq0503/Desktop/robot_arm_sim/install/moveit_ros_planning/include/moveit
[189.380s] -- Installing: /home/stephenq0503/Desktop/robot_arm_sim/install/moveit_ros_planning/include/moveit/moveit_cpp
[189.380s] -- Installing: /home/stephenq0503/Desktop/robot_arm_sim/install/moveit_ros_planning/include/moveit/moveit_cpp/planning_component.h
[189.380s] -- Installing: /home/stephenq0503/Desktop/robot_arm_sim/install/moveit_ros_planning/include/moveit/moveit_cpp/moveit_cpp.h
[189.380s] -- Installing: /home/stephenq0503/Desktop/robot_arm_sim/install/moveit_ros_planning/lib/libmoveit_rdf_loader.so.2.5.5
[189.382s] -- Set runtime path of "/home/stephenq0503/Desktop/robot_arm_sim/install/moveit_ros_planning/lib/libmoveit_rdf_loader.so.2.5.5" to ""
[189.382s] -- Installing: /home/stephenq0503/Desktop/robot_arm_sim/install/moveit_ros_planning/lib/libmoveit_rdf_loader.so
[189.382s] -- Installing: /home/stephenq0503/Desktop/robot_arm_sim/install/moveit_ros_planning/lib/libmoveit_kinematics_plugin_loader.so.2.5.5
[189.384s] -- Set runtime path of "/home/stephenq0503/Desktop/robot_arm_sim/install/moveit_ros_planning/lib/libmoveit_kinematics_plugin_loader.so.2.5.5" to ""
[189.384s] -- Installing: /home/stephenq0503/Desktop/robot_arm_sim/install/moveit_ros_planning/lib/libmoveit_kinematics_plugin_loader.so
[189.384s] -- Installing: /home/stephenq0503/Desktop/robot_arm_sim/install/moveit_ros_planning/lib/libmoveit_robot_model_loader.so.2.5.5
[189.385s] -- Set runtime path of "/home/stephenq0503/Desktop/robot_arm_sim/install/moveit_ros_planning/lib/libmoveit_robot_model_loader.so.2.5.5" to ""
[189.385s] -- Installing: /home/stephenq0503/Desktop/robot_arm_sim/install/moveit_ros_planning/lib/libmoveit_robot_model_loader.so
[189.385s] -- Installing: /home/stephenq0503/Desktop/robot_arm_sim/install/moveit_ros_planning/lib/libmoveit_constraint_sampler_manager_loader.so.2.5.5
[189.387s] -- Set runtime path of "/home/stephenq0503/Desktop/robot_arm_sim/install/moveit_ros_planning/lib/libmoveit_constraint_sampler_manager_loader.so.2.5.5" to ""
[189.387s] -- Installing: /home/stephenq0503/Desktop/robot_arm_sim/install/moveit_ros_planning/lib/libmoveit_constraint_sampler_manager_loader.so
[189.387s] -- Installing: /home/stephenq0503/Desktop/robot_arm_sim/install/moveit_ros_planning/lib/libmoveit_planning_pipeline.so.2.5.5
[189.389s] -- Set runtime path of "/home/stephenq0503/Desktop/robot_arm_sim/install/moveit_ros_planning/lib/libmoveit_planning_pipeline.so.2.5.5" to ""
[189.389s] -- Installing: /home/stephenq0503/Desktop/robot_arm_sim/install/moveit_ros_planning/lib/libmoveit_planning_pipeline.so
[189.389s] -- Installing: /home/stephenq0503/Desktop/robot_arm_sim/install/moveit_ros_planning/lib/libmoveit_trajectory_execution_manager.so.2.5.5
[189.392s] -- Set runtime path of "/home/stephenq0503/Desktop/robot_arm_sim/install/moveit_ros_planning/lib/libmoveit_trajectory_execution_manager.so.2.5.5" to ""
[189.392s] -- Installing: /home/stephenq0503/Desktop/robot_arm_sim/install/moveit_ros_planning/lib/libmoveit_trajectory_execution_manager.so
[189.392s] -- Installing: /home/stephenq0503/Desktop/robot_arm_sim/install/moveit_ros_planning/lib/libmoveit_plan_execution.so.2.5.5
[189.393s] -- Set runtime path of "/home/stephenq0503/Desktop/robot_arm_sim/install/moveit_ros_planning/lib/libmoveit_plan_execution.so.2.5.5" to ""
[189.393s] -- Installing: /home/stephenq0503/Desktop/robot_arm_sim/install/moveit_ros_planning/lib/libmoveit_plan_execution.so
[189.393s] -- Installing: /home/stephenq0503/Desktop/robot_arm_sim/install/moveit_ros_planning/lib/libmoveit_planning_scene_monitor.so.2.5.5
[189.400s] -- Set runtime path of "/home/stephenq0503/Desktop/robot_arm_sim/install/moveit_ros_planning/lib/libmoveit_planning_scene_monitor.so.2.5.5" to ""
[189.400s] -- Installing: /home/stephenq0503/Desktop/robot_arm_sim/install/moveit_ros_planning/lib/libmoveit_planning_scene_monitor.so
[189.400s] -- Installing: /home/stephenq0503/Desktop/robot_arm_sim/install/moveit_ros_planning/lib/libmoveit_collision_plugin_loader.so.2.5.5
[189.400s] -- Set runtime path of "/home/stephenq0503/Desktop/robot_arm_sim/install/moveit_ros_planning/lib/libmoveit_collision_plugin_loader.so.2.5.5" to ""
[189.401s] -- Installing: /home/stephenq0503/Desktop/robot_arm_sim/install/moveit_ros_planning/lib/libmoveit_collision_plugin_loader.so
[189.401s] -- Installing: /home/stephenq0503/Desktop/robot_arm_sim/install/moveit_ros_planning/lib/libmoveit_default_planning_request_adapter_plugins.so.2.5.5
[189.402s] -- Set runtime path of "/home/stephenq0503/Desktop/robot_arm_sim/install/moveit_ros_planning/lib/libmoveit_default_planning_request_adapter_plugins.so.2.5.5" to ""
[189.402s] -- Installing: /home/stephenq0503/Desktop/robot_arm_sim/install/moveit_ros_planning/lib/libmoveit_default_planning_request_adapter_plugins.so
[189.402s] -- Installing: /home/stephenq0503/Desktop/robot_arm_sim/install/moveit_ros_planning/lib/libmoveit_cpp.so.2.5.5
[189.404s] -- Set runtime path of "/home/stephenq0503/Desktop/robot_arm_sim/install/moveit_ros_planning/lib/libmoveit_cpp.so.2.5.5" to ""
[189.404s] -- Installing: /home/stephenq0503/Desktop/robot_arm_sim/install/moveit_ros_planning/lib/libmoveit_cpp.so
[189.404s] -- Installing: /home/stephenq0503/Desktop/robot_arm_sim/install/moveit_ros_planning/share/moveit_ros_planning/environment/library_path.sh
[189.404s] -- Installing: /home/stephenq0503/Desktop/robot_arm_sim/install/moveit_ros_planning/share/moveit_ros_planning/environment/library_path.dsv
[189.404s] -- Installing: /home/stephenq0503/Desktop/robot_arm_sim/install/moveit_ros_planning/share/moveit_ros_planning/planning_request_adapters_plugin_description.xml
[189.404s] -- Installing: /home/stephenq0503/Desktop/robot_arm_sim/install/moveit_ros_planning/share/ament_index/resource_index/package_run_dependencies/moveit_ros_planning
[189.405s] -- Installing: /home/stephenq0503/Desktop/robot_arm_sim/install/moveit_ros_planning/share/ament_index/resource_index/parent_prefix_path/moveit_ros_planning
[189.405s] -- Installing: /home/stephenq0503/Desktop/robot_arm_sim/install/moveit_ros_planning/share/moveit_ros_planning/environment/ament_prefix_path.sh
[189.405s] -- Installing: /home/stephenq0503/Desktop/robot_arm_sim/install/moveit_ros_planning/share/moveit_ros_planning/environment/ament_prefix_path.dsv
[189.405s] -- Installing: /home/stephenq0503/Desktop/robot_arm_sim/install/moveit_ros_planning/share/moveit_ros_planning/environment/path.sh
[189.405s] -- Installing: /home/stephenq0503/Desktop/robot_arm_sim/install/moveit_ros_planning/share/moveit_ros_planning/environment/path.dsv
[189.405s] -- Installing: /home/stephenq0503/Desktop/robot_arm_sim/install/moveit_ros_planning/share/moveit_ros_planning/local_setup.bash
[189.406s] -- Installing: /home/stephenq0503/Desktop/robot_arm_sim/install/moveit_ros_planning/share/moveit_ros_planning/local_setup.sh
[189.406s] -- Installing: /home/stephenq0503/Desktop/robot_arm_sim/install/moveit_ros_planning/share/moveit_ros_planning/local_setup.zsh
[189.406s] -- Installing: /home/stephenq0503/Desktop/robot_arm_sim/install/moveit_ros_planning/share/moveit_ros_planning/local_setup.dsv
[189.406s] -- Installing: /home/stephenq0503/Desktop/robot_arm_sim/install/moveit_ros_planning/share/moveit_ros_planning/package.dsv
[189.406s] -- Installing: /home/stephenq0503/Desktop/robot_arm_sim/install/moveit_ros_planning/share/ament_index/resource_index/packages/moveit_ros_planning
[189.407s] -- Installing: /home/stephenq0503/Desktop/robot_arm_sim/install/moveit_ros_planning/share/ament_index/resource_index/moveit_core__pluginlib__plugin/moveit_ros_planning
[189.407s] -- Installing: /home/stephenq0503/Desktop/robot_arm_sim/install/moveit_ros_planning/share/moveit_ros_planning/cmake/export_moveit_ros_planningExport.cmake
[189.407s] -- Installing: /home/stephenq0503/Desktop/robot_arm_sim/install/moveit_ros_planning/share/moveit_ros_planning/cmake/export_moveit_ros_planningExport-release.cmake
[189.407s] -- Installing: /home/stephenq0503/Desktop/robot_arm_sim/install/moveit_ros_planning/share/moveit_ros_planning/cmake/ConfigExtras.cmake
[189.407s] -- Installing: /home/stephenq0503/Desktop/robot_arm_sim/install/moveit_ros_planning/share/moveit_ros_planning/cmake/ament_cmake_export_targets-extras.cmake
[189.408s] -- Installing: /home/stephenq0503/Desktop/robot_arm_sim/install/moveit_ros_planning/share/moveit_ros_planning/cmake/ament_cmake_export_dependencies-extras.cmake
[189.408s] -- Installing: /home/stephenq0503/Desktop/robot_arm_sim/install/moveit_ros_planning/share/moveit_ros_planning/cmake/moveit_ros_planningConfig.cmake
[189.408s] -- Installing: /home/stephenq0503/Desktop/robot_arm_sim/install/moveit_ros_planning/share/moveit_ros_planning/cmake/moveit_ros_planningConfig-version.cmake
[189.408s] -- Installing: /home/stephenq0503/Desktop/robot_arm_sim/install/moveit_ros_planning/share/moveit_ros_planning/package.xml
[189.412s] Invoked command in '/home/stephenq0503/Desktop/robot_arm_sim/build/moveit_ros_planning' returned '0': AMENT_PREFIX_PATH=/home/stephenq0503/Desktop/robot_arm_sim/install/moveit_ros_occupancy_map_monitor:/home/stephenq0503/Desktop/robot_arm_sim/install/moveit_core:/home/stephenq0503/Desktop/robot_arm_sim/install/moveit_resources_panda_moveit_config:/home/stephenq0503/Desktop/robot_arm_sim/install/srdfdom:/home/stephenq0503/Desktop/robot_arm_sim/install/moveit_resources_panda_description:/home/stephenq0503/Desktop/robot_arm_sim/install/moveit_common:${AMENT_PREFIX_PATH} CMAKE_PREFIX_PATH=/home/stephenq0503/Desktop/robot_arm_sim/install/moveit_ros_occupancy_map_monitor:/home/stephenq0503/Desktop/robot_arm_sim/install/moveit_core:/home/stephenq0503/Desktop/robot_arm_sim/install/moveit_resources_panda_moveit_config:/home/stephenq0503/Desktop/robot_arm_sim/install/srdfdom:/home/stephenq0503/Desktop/robot_arm_sim/install/moveit_resources_panda_description:/home/stephenq0503/Desktop/robot_arm_sim/install/moveit_common:/home/stephenq0503/Desktop/robot_arm_sim/install/six_dof_arm:/home/stephenq0503/Desktop/robot_arm_sim/install/gazebo_ros2_control:/opt/ros/humble LD_LIBRARY_PATH=/home/stephenq0503/Desktop/robot_arm_sim/install/moveit_ros_occupancy_map_monitor/lib:/home/stephenq0503/Desktop/robot_arm_sim/install/moveit_core/lib:/home/stephenq0503/Desktop/robot_arm_sim/install/srdfdom/lib:${LD_LIBRARY_PATH} PATH=/home/stephenq0503/Desktop/robot_arm_sim/install/moveit_core/bin:${PATH} PYTHONPATH=/home/stephenq0503/Desktop/robot_arm_sim/install/srdfdom/local/lib/python3.10/dist-packages:${PYTHONPATH} /usr/bin/cmake --install /home/stephenq0503/Desktop/robot_arm_sim/build/moveit_ros_planning
