[1.067s] DEBUG:colcon:Command line arguments: ['/usr/bin/colcon', 'build']
[1.067s] DEBUG:colcon:Parsed command line arguments: Namespace(log_base=None, log_level=None, verb_name='build', build_base='build', install_base='install', merge_install=False, symlink_install=False, test_result_base=None, continue_on_error=False, executor='parallel', parallel_workers=8, event_handlers=None, ignore_user_meta=False, metas=['./colcon.meta'], base_paths=['.'], packages_ignore=None, packages_ignore_regex=None, paths=None, packages_up_to=None, packages_up_to_regex=None, packages_above=None, packages_above_and_dependencies=None, packages_above_depth=None, packages_select_by_dep=None, packages_skip_by_dep=None, packages_skip_up_to=None, packages_select_build_failed=False, packages_skip_build_finished=False, packages_select_test_failures=False, packages_skip_test_passed=False, packages_select=None, packages_skip=None, packages_select_regex=None, packages_skip_regex=None, packages_start=None, packages_end=None, allow_overriding=[], cmake_args=None, cmake_target=None, cmake_target_skip_unavailable=False, cmake_clean_cache=False, cmake_clean_first=False, cmake_force_configure=False, ament_cmake_args=None, catkin_cmake_args=None, catkin_skip_building_tests=False, verb_parser=<colcon_defaults.argument_parser.defaults.DefaultArgumentsDecorator object at 0x7fd4a8c1dae0>, verb_extension=<colcon_core.verb.build.BuildVerb object at 0x7fd4a8bfe6b0>, main=<bound method BuildVerb.main of <colcon_core.verb.build.BuildVerb object at 0x7fd4a8bfe6b0>>)
[1.116s] Level 1:colcon.colcon_core.package_discovery:discover_packages(colcon_meta) check parameters
[1.116s] Level 1:colcon.colcon_core.package_discovery:discover_packages(recursive) check parameters
[1.116s] Level 1:colcon.colcon_core.package_discovery:discover_packages(ignore) check parameters
[1.116s] Level 1:colcon.colcon_core.package_discovery:discover_packages(path) check parameters
[1.116s] Level 1:colcon.colcon_core.package_discovery:discover_packages(colcon_meta) discover
[1.116s] Level 1:colcon.colcon_core.package_discovery:discover_packages(recursive) discover
[1.117s] INFO:colcon.colcon_core.package_discovery:Crawling recursively for packages in '/home/stephenq0503/Desktop/robot_arm_sim'
[1.117s] Level 1:colcon.colcon_core.package_identification:_identify(.) by extensions ['ignore', 'ignore_ament_install']
[1.117s] Level 1:colcon.colcon_core.package_identification:_identify(.) by extension 'ignore'
[1.117s] Level 1:colcon.colcon_core.package_identification:_identify(.) by extension 'ignore_ament_install'
[1.117s] Level 1:colcon.colcon_core.package_identification:_identify(.) by extensions ['colcon_pkg']
[1.117s] Level 1:colcon.colcon_core.package_identification:_identify(.) by extension 'colcon_pkg'
[1.117s] Level 1:colcon.colcon_core.package_identification:_identify(.) by extensions ['colcon_meta']
[1.117s] Level 1:colcon.colcon_core.package_identification:_identify(.) by extension 'colcon_meta'
[1.117s] Level 1:colcon.colcon_core.package_identification:_identify(.) by extensions ['ros']
[1.117s] Level 1:colcon.colcon_core.package_identification:_identify(.) by extension 'ros'
[1.129s] Level 1:colcon.colcon_core.package_identification:_identify(.) by extensions ['cmake', 'python']
[1.129s] Level 1:colcon.colcon_core.package_identification:_identify(.) by extension 'cmake'
[1.129s] Level 1:colcon.colcon_core.package_identification:_identify(.) by extension 'python'
[1.129s] Level 1:colcon.colcon_core.package_identification:_identify(.) by extensions ['python_setup_py']
[1.129s] Level 1:colcon.colcon_core.package_identification:_identify(.) by extension 'python_setup_py'
[1.129s] Level 1:colcon.colcon_core.package_identification:_identify(build) by extensions ['ignore', 'ignore_ament_install']
[1.129s] Level 1:colcon.colcon_core.package_identification:_identify(build) by extension 'ignore'
[1.129s] Level 1:colcon.colcon_core.package_identification:_identify(build) ignored
[1.129s] Level 1:colcon.colcon_core.package_identification:_identify(install) by extensions ['ignore', 'ignore_ament_install']
[1.129s] Level 1:colcon.colcon_core.package_identification:_identify(install) by extension 'ignore'
[1.130s] Level 1:colcon.colcon_core.package_identification:_identify(install) ignored
[1.130s] Level 1:colcon.colcon_core.package_identification:_identify(log) by extensions ['ignore', 'ignore_ament_install']
[1.130s] Level 1:colcon.colcon_core.package_identification:_identify(log) by extension 'ignore'
[1.130s] Level 1:colcon.colcon_core.package_identification:_identify(log) ignored
[1.130s] Level 1:colcon.colcon_core.package_identification:_identify(src) by extensions ['ignore', 'ignore_ament_install']
[1.130s] Level 1:colcon.colcon_core.package_identification:_identify(src) by extension 'ignore'
[1.130s] Level 1:colcon.colcon_core.package_identification:_identify(src) by extension 'ignore_ament_install'
[1.130s] Level 1:colcon.colcon_core.package_identification:_identify(src) by extensions ['colcon_pkg']
[1.130s] Level 1:colcon.colcon_core.package_identification:_identify(src) by extension 'colcon_pkg'
[1.130s] Level 1:colcon.colcon_core.package_identification:_identify(src) by extensions ['colcon_meta']
[1.130s] Level 1:colcon.colcon_core.package_identification:_identify(src) by extension 'colcon_meta'
[1.130s] Level 1:colcon.colcon_core.package_identification:_identify(src) by extensions ['ros']
[1.130s] Level 1:colcon.colcon_core.package_identification:_identify(src) by extension 'ros'
[1.130s] Level 1:colcon.colcon_core.package_identification:_identify(src) by extensions ['cmake', 'python']
[1.130s] Level 1:colcon.colcon_core.package_identification:_identify(src) by extension 'cmake'
[1.130s] Level 1:colcon.colcon_core.package_identification:_identify(src) by extension 'python'
[1.130s] Level 1:colcon.colcon_core.package_identification:_identify(src) by extensions ['python_setup_py']
[1.130s] Level 1:colcon.colcon_core.package_identification:_identify(src) by extension 'python_setup_py'
[1.131s] Level 1:colcon.colcon_core.package_identification:_identify(src/gazebo_ros2_control) by extensions ['ignore', 'ignore_ament_install']
[1.131s] Level 1:colcon.colcon_core.package_identification:_identify(src/gazebo_ros2_control) by extension 'ignore'
[1.131s] Level 1:colcon.colcon_core.package_identification:_identify(src/gazebo_ros2_control) by extension 'ignore_ament_install'
[1.131s] Level 1:colcon.colcon_core.package_identification:_identify(src/gazebo_ros2_control) by extensions ['colcon_pkg']
[1.131s] Level 1:colcon.colcon_core.package_identification:_identify(src/gazebo_ros2_control) by extension 'colcon_pkg'
[1.131s] Level 1:colcon.colcon_core.package_identification:_identify(src/gazebo_ros2_control) by extensions ['colcon_meta']
[1.131s] Level 1:colcon.colcon_core.package_identification:_identify(src/gazebo_ros2_control) by extension 'colcon_meta'
[1.131s] Level 1:colcon.colcon_core.package_identification:_identify(src/gazebo_ros2_control) by extensions ['ros']
[1.131s] Level 1:colcon.colcon_core.package_identification:_identify(src/gazebo_ros2_control) by extension 'ros'
[1.133s] DEBUG:colcon.colcon_core.package_identification:Package 'src/gazebo_ros2_control' with type 'ros.ament_cmake' and name 'gazebo_ros2_control'
[1.133s] Level 1:colcon.colcon_core.package_identification:_identify(src/six_dof_arm) by extensions ['ignore', 'ignore_ament_install']
[1.133s] Level 1:colcon.colcon_core.package_identification:_identify(src/six_dof_arm) by extension 'ignore'
[1.134s] Level 1:colcon.colcon_core.package_identification:_identify(src/six_dof_arm) by extension 'ignore_ament_install'
[1.134s] Level 1:colcon.colcon_core.package_identification:_identify(src/six_dof_arm) by extensions ['colcon_pkg']
[1.134s] Level 1:colcon.colcon_core.package_identification:_identify(src/six_dof_arm) by extension 'colcon_pkg'
[1.134s] Level 1:colcon.colcon_core.package_identification:_identify(src/six_dof_arm) by extensions ['colcon_meta']
[1.134s] Level 1:colcon.colcon_core.package_identification:_identify(src/six_dof_arm) by extension 'colcon_meta'
[1.134s] Level 1:colcon.colcon_core.package_identification:_identify(src/six_dof_arm) by extensions ['ros']
[1.134s] Level 1:colcon.colcon_core.package_identification:_identify(src/six_dof_arm) by extension 'ros'
[1.134s] DEBUG:colcon.colcon_core.package_identification:Package 'src/six_dof_arm' with type 'ros.ament_cmake' and name 'six_dof_arm'
[1.134s] Level 1:colcon.colcon_core.package_identification:_identify(src/six_dof_arm_moveit_config) by extensions ['ignore', 'ignore_ament_install']
[1.134s] Level 1:colcon.colcon_core.package_identification:_identify(src/six_dof_arm_moveit_config) by extension 'ignore'
[1.134s] Level 1:colcon.colcon_core.package_identification:_identify(src/six_dof_arm_moveit_config) by extension 'ignore_ament_install'
[1.135s] Level 1:colcon.colcon_core.package_identification:_identify(src/six_dof_arm_moveit_config) by extensions ['colcon_pkg']
[1.135s] Level 1:colcon.colcon_core.package_identification:_identify(src/six_dof_arm_moveit_config) by extension 'colcon_pkg'
[1.135s] Level 1:colcon.colcon_core.package_identification:_identify(src/six_dof_arm_moveit_config) by extensions ['colcon_meta']
[1.135s] Level 1:colcon.colcon_core.package_identification:_identify(src/six_dof_arm_moveit_config) by extension 'colcon_meta'
[1.135s] Level 1:colcon.colcon_core.package_identification:_identify(src/six_dof_arm_moveit_config) by extensions ['ros']
[1.135s] Level 1:colcon.colcon_core.package_identification:_identify(src/six_dof_arm_moveit_config) by extension 'ros'
[1.135s] DEBUG:colcon.colcon_core.package_identification:Package 'src/six_dof_arm_moveit_config' with type 'ros.ament_cmake' and name 'six_dof_arm_moveit_config'
[1.135s] Level 1:colcon.colcon_core.package_discovery:discover_packages(recursive) using defaults
[1.136s] Level 1:colcon.colcon_core.package_discovery:discover_packages(ignore) discover
[1.136s] Level 1:colcon.colcon_core.package_discovery:discover_packages(ignore) using defaults
[1.136s] Level 1:colcon.colcon_core.package_discovery:discover_packages(path) discover
[1.136s] Level 1:colcon.colcon_core.package_discovery:discover_packages(path) using defaults
[1.233s] Level 1:colcon.colcon_core.package_discovery:discover_packages(prefix_path) check parameters
[1.233s] Level 1:colcon.colcon_core.package_discovery:discover_packages(prefix_path) discover
[1.270s] DEBUG:colcon.colcon_installed_package_information.package_discovery:Found 58 installed packages in /home/stephenq0503/Desktop/robot_arm_sim/install
[1.287s] DEBUG:colcon.colcon_installed_package_information.package_discovery:Found 368 installed packages in /opt/ros/humble
[1.290s] Level 1:colcon.colcon_core.package_discovery:discover_packages(prefix_path) using defaults
[1.414s] Level 5:colcon.colcon_core.verb:set package 'gazebo_ros2_control' build argument 'cmake_args' from command line to 'None'
[1.414s] Level 5:colcon.colcon_core.verb:set package 'gazebo_ros2_control' build argument 'cmake_target' from command line to 'None'
[1.414s] Level 5:colcon.colcon_core.verb:set package 'gazebo_ros2_control' build argument 'cmake_target_skip_unavailable' from command line to 'False'
[1.414s] Level 5:colcon.colcon_core.verb:set package 'gazebo_ros2_control' build argument 'cmake_clean_cache' from command line to 'False'
[1.414s] Level 5:colcon.colcon_core.verb:set package 'gazebo_ros2_control' build argument 'cmake_clean_first' from command line to 'False'
[1.414s] Level 5:colcon.colcon_core.verb:set package 'gazebo_ros2_control' build argument 'cmake_force_configure' from command line to 'False'
[1.414s] Level 5:colcon.colcon_core.verb:set package 'gazebo_ros2_control' build argument 'ament_cmake_args' from command line to 'None'
[1.414s] Level 5:colcon.colcon_core.verb:set package 'gazebo_ros2_control' build argument 'catkin_cmake_args' from command line to 'None'
[1.414s] Level 5:colcon.colcon_core.verb:set package 'gazebo_ros2_control' build argument 'catkin_skip_building_tests' from command line to 'False'
[1.414s] DEBUG:colcon.colcon_core.verb:Building package 'gazebo_ros2_control' with the following arguments: {'ament_cmake_args': None, 'build_base': '/home/stephenq0503/Desktop/robot_arm_sim/build/gazebo_ros2_control', 'catkin_cmake_args': None, 'catkin_skip_building_tests': False, 'cmake_args': None, 'cmake_clean_cache': False, 'cmake_clean_first': False, 'cmake_force_configure': False, 'cmake_target': None, 'cmake_target_skip_unavailable': False, 'install_base': '/home/stephenq0503/Desktop/robot_arm_sim/install/gazebo_ros2_control', 'merge_install': False, 'path': '/home/stephenq0503/Desktop/robot_arm_sim/src/gazebo_ros2_control', 'symlink_install': False, 'test_result_base': None}
[1.430s] Level 5:colcon.colcon_core.verb:set package 'six_dof_arm' build argument 'cmake_args' from command line to 'None'
[1.430s] Level 5:colcon.colcon_core.verb:set package 'six_dof_arm' build argument 'cmake_target' from command line to 'None'
[1.430s] Level 5:colcon.colcon_core.verb:set package 'six_dof_arm' build argument 'cmake_target_skip_unavailable' from command line to 'False'
[1.430s] Level 5:colcon.colcon_core.verb:set package 'six_dof_arm' build argument 'cmake_clean_cache' from command line to 'False'
[1.430s] Level 5:colcon.colcon_core.verb:set package 'six_dof_arm' build argument 'cmake_clean_first' from command line to 'False'
[1.430s] Level 5:colcon.colcon_core.verb:set package 'six_dof_arm' build argument 'cmake_force_configure' from command line to 'False'
[1.430s] Level 5:colcon.colcon_core.verb:set package 'six_dof_arm' build argument 'ament_cmake_args' from command line to 'None'
[1.430s] Level 5:colcon.colcon_core.verb:set package 'six_dof_arm' build argument 'catkin_cmake_args' from command line to 'None'
[1.430s] Level 5:colcon.colcon_core.verb:set package 'six_dof_arm' build argument 'catkin_skip_building_tests' from command line to 'False'
[1.430s] DEBUG:colcon.colcon_core.verb:Building package 'six_dof_arm' with the following arguments: {'ament_cmake_args': None, 'build_base': '/home/stephenq0503/Desktop/robot_arm_sim/build/six_dof_arm', 'catkin_cmake_args': None, 'catkin_skip_building_tests': False, 'cmake_args': None, 'cmake_clean_cache': False, 'cmake_clean_first': False, 'cmake_force_configure': False, 'cmake_target': None, 'cmake_target_skip_unavailable': False, 'install_base': '/home/stephenq0503/Desktop/robot_arm_sim/install/six_dof_arm', 'merge_install': False, 'path': '/home/stephenq0503/Desktop/robot_arm_sim/src/six_dof_arm', 'symlink_install': False, 'test_result_base': None}
[1.446s] Level 5:colcon.colcon_core.verb:set package 'six_dof_arm_moveit_config' build argument 'cmake_args' from command line to 'None'
[1.446s] Level 5:colcon.colcon_core.verb:set package 'six_dof_arm_moveit_config' build argument 'cmake_target' from command line to 'None'
[1.446s] Level 5:colcon.colcon_core.verb:set package 'six_dof_arm_moveit_config' build argument 'cmake_target_skip_unavailable' from command line to 'False'
[1.446s] Level 5:colcon.colcon_core.verb:set package 'six_dof_arm_moveit_config' build argument 'cmake_clean_cache' from command line to 'False'
[1.446s] Level 5:colcon.colcon_core.verb:set package 'six_dof_arm_moveit_config' build argument 'cmake_clean_first' from command line to 'False'
[1.446s] Level 5:colcon.colcon_core.verb:set package 'six_dof_arm_moveit_config' build argument 'cmake_force_configure' from command line to 'False'
[1.446s] Level 5:colcon.colcon_core.verb:set package 'six_dof_arm_moveit_config' build argument 'ament_cmake_args' from command line to 'None'
[1.446s] Level 5:colcon.colcon_core.verb:set package 'six_dof_arm_moveit_config' build argument 'catkin_cmake_args' from command line to 'None'
[1.446s] Level 5:colcon.colcon_core.verb:set package 'six_dof_arm_moveit_config' build argument 'catkin_skip_building_tests' from command line to 'False'
[1.446s] DEBUG:colcon.colcon_core.verb:Building package 'six_dof_arm_moveit_config' with the following arguments: {'ament_cmake_args': None, 'build_base': '/home/stephenq0503/Desktop/robot_arm_sim/build/six_dof_arm_moveit_config', 'catkin_cmake_args': None, 'catkin_skip_building_tests': False, 'cmake_args': None, 'cmake_clean_cache': False, 'cmake_clean_first': False, 'cmake_force_configure': False, 'cmake_target': None, 'cmake_target_skip_unavailable': False, 'install_base': '/home/stephenq0503/Desktop/robot_arm_sim/install/six_dof_arm_moveit_config', 'merge_install': False, 'path': '/home/stephenq0503/Desktop/robot_arm_sim/src/six_dof_arm_moveit_config', 'symlink_install': False, 'test_result_base': None}
[1.462s] INFO:colcon.colcon_core.executor:Executing jobs using 'parallel' executor
[1.478s] DEBUG:colcon.colcon_parallel_executor.executor.parallel:run_until_complete
[1.478s] INFO:colcon.colcon_ros.task.ament_cmake.build:Building ROS package in '/home/stephenq0503/Desktop/robot_arm_sim/src/six_dof_arm' with build type 'ament_cmake'
[1.478s] INFO:colcon.colcon_cmake.task.cmake.build:Building CMake package in '/home/stephenq0503/Desktop/robot_arm_sim/src/six_dof_arm'
[1.496s] INFO:colcon.colcon_core.plugin_system:Skipping extension 'colcon_core.shell.bat': Not used on non-Windows systems
[1.496s] INFO:colcon.colcon_core.shell:Skip shell extension 'powershell' for command environment: Not usable outside of PowerShell
[1.496s] DEBUG:colcon.colcon_core.shell:Skip shell extension 'dsv' for command environment
[1.551s] INFO:colcon.colcon_ros.task.ament_cmake.build:Building ROS package in '/home/stephenq0503/Desktop/robot_arm_sim/src/gazebo_ros2_control' with build type 'ament_cmake'
[1.551s] INFO:colcon.colcon_cmake.task.cmake.build:Building CMake package in '/home/stephenq0503/Desktop/robot_arm_sim/src/gazebo_ros2_control'
[1.567s] INFO:colcon.colcon_core.shell:Skip shell extension 'powershell' for command environment: Not usable outside of PowerShell
[1.567s] DEBUG:colcon.colcon_core.shell:Skip shell extension 'dsv' for command environment
[1.626s] DEBUG:colcon.colcon_core.event_handler.log_command:Invoking command in '/home/stephenq0503/Desktop/robot_arm_sim/build/six_dof_arm': CMAKE_PREFIX_PATH=${CMAKE_PREFIX_PATH}:/home/stephenq0503/Desktop/robot_arm_sim/install/moveit_configs_utils:/home/stephenq0503/Desktop/robot_arm_sim/install/launch_param_builder:/opt/ros/humble /usr/bin/cmake --build /home/stephenq0503/Desktop/robot_arm_sim/build/six_dof_arm -- -j8 -l8
[1.632s] DEBUG:colcon.colcon_core.event_handler.log_command:Invoking command in '/home/stephenq0503/Desktop/robot_arm_sim/build/gazebo_ros2_control': CMAKE_PREFIX_PATH=${CMAKE_PREFIX_PATH}:/home/stephenq0503/Desktop/robot_arm_sim/install/moveit_configs_utils:/home/stephenq0503/Desktop/robot_arm_sim/install/launch_param_builder:/opt/ros/humble /usr/bin/cmake --build /home/stephenq0503/Desktop/robot_arm_sim/build/gazebo_ros2_control -- -j8 -l8
[1.694s] DEBUG:colcon.colcon_core.event_handler.log_command:Invoked command in '/home/stephenq0503/Desktop/robot_arm_sim/build/six_dof_arm' returned '0': CMAKE_PREFIX_PATH=${CMAKE_PREFIX_PATH}:/home/stephenq0503/Desktop/robot_arm_sim/install/moveit_configs_utils:/home/stephenq0503/Desktop/robot_arm_sim/install/launch_param_builder:/opt/ros/humble /usr/bin/cmake --build /home/stephenq0503/Desktop/robot_arm_sim/build/six_dof_arm -- -j8 -l8
[1.700s] DEBUG:colcon.colcon_core.event_handler.log_command:Invoked command in '/home/stephenq0503/Desktop/robot_arm_sim/build/gazebo_ros2_control' returned '0': CMAKE_PREFIX_PATH=${CMAKE_PREFIX_PATH}:/home/stephenq0503/Desktop/robot_arm_sim/install/moveit_configs_utils:/home/stephenq0503/Desktop/robot_arm_sim/install/launch_param_builder:/opt/ros/humble /usr/bin/cmake --build /home/stephenq0503/Desktop/robot_arm_sim/build/gazebo_ros2_control -- -j8 -l8
[1.760s] DEBUG:colcon.colcon_core.event_handler.log_command:Invoking command in '/home/stephenq0503/Desktop/robot_arm_sim/build/six_dof_arm': CMAKE_PREFIX_PATH=${CMAKE_PREFIX_PATH}:/home/stephenq0503/Desktop/robot_arm_sim/install/moveit_configs_utils:/home/stephenq0503/Desktop/robot_arm_sim/install/launch_param_builder:/opt/ros/humble /usr/bin/cmake --install /home/stephenq0503/Desktop/robot_arm_sim/build/six_dof_arm
[1.762s] DEBUG:colcon.colcon_core.event_handler.log_command:Invoking command in '/home/stephenq0503/Desktop/robot_arm_sim/build/gazebo_ros2_control': CMAKE_PREFIX_PATH=${CMAKE_PREFIX_PATH}:/home/stephenq0503/Desktop/robot_arm_sim/install/moveit_configs_utils:/home/stephenq0503/Desktop/robot_arm_sim/install/launch_param_builder:/opt/ros/humble /usr/bin/cmake --install /home/stephenq0503/Desktop/robot_arm_sim/build/gazebo_ros2_control
[1.779s] Level 1:colcon.colcon_core.environment:create_environment_scripts_only(six_dof_arm)
[1.786s] DEBUG:colcon.colcon_core.event_handler.log_command:Invoked command in '/home/stephenq0503/Desktop/robot_arm_sim/build/six_dof_arm' returned '0': CMAKE_PREFIX_PATH=${CMAKE_PREFIX_PATH}:/home/stephenq0503/Desktop/robot_arm_sim/install/moveit_configs_utils:/home/stephenq0503/Desktop/robot_arm_sim/install/launch_param_builder:/opt/ros/humble /usr/bin/cmake --install /home/stephenq0503/Desktop/robot_arm_sim/build/six_dof_arm
[1.801s] Level 1:colcon.colcon_core.environment:checking '/home/stephenq0503/Desktop/robot_arm_sim/install/six_dof_arm' for CMake module files
[1.802s] Level 1:colcon.colcon_core.environment:checking '/home/stephenq0503/Desktop/robot_arm_sim/install/six_dof_arm' for CMake config files
[1.802s] Level 1:colcon.colcon_core.shell:create_environment_hook('six_dof_arm', 'cmake_prefix_path')
[1.818s] INFO:colcon.colcon_core.shell:Creating environment hook '/home/stephenq0503/Desktop/robot_arm_sim/install/six_dof_arm/share/six_dof_arm/hook/cmake_prefix_path.ps1'
[1.819s] INFO:colcon.colcon_core.shell:Creating environment descriptor '/home/stephenq0503/Desktop/robot_arm_sim/install/six_dof_arm/share/six_dof_arm/hook/cmake_prefix_path.dsv'
[1.819s] INFO:colcon.colcon_core.shell:Creating environment hook '/home/stephenq0503/Desktop/robot_arm_sim/install/six_dof_arm/share/six_dof_arm/hook/cmake_prefix_path.sh'
[1.820s] Level 1:colcon.colcon_core.environment:checking '/home/stephenq0503/Desktop/robot_arm_sim/install/six_dof_arm/bin'
[1.820s] Level 1:colcon.colcon_core.environment:checking '/home/stephenq0503/Desktop/robot_arm_sim/install/six_dof_arm/lib/pkgconfig/six_dof_arm.pc'
[1.820s] Level 1:colcon.colcon_core.environment:checking '/home/stephenq0503/Desktop/robot_arm_sim/install/six_dof_arm/lib/python3.10/site-packages'
[1.820s] Level 1:colcon.colcon_core.environment:checking '/home/stephenq0503/Desktop/robot_arm_sim/install/six_dof_arm/bin'
[1.836s] INFO:colcon.colcon_core.shell:Creating package script '/home/stephenq0503/Desktop/robot_arm_sim/install/six_dof_arm/share/six_dof_arm/package.ps1'
[1.837s] INFO:colcon.colcon_core.shell:Creating package descriptor '/home/stephenq0503/Desktop/robot_arm_sim/install/six_dof_arm/share/six_dof_arm/package.dsv'
[1.837s] INFO:colcon.colcon_core.shell:Creating package script '/home/stephenq0503/Desktop/robot_arm_sim/install/six_dof_arm/share/six_dof_arm/package.sh'
[1.838s] INFO:colcon.colcon_core.shell:Creating package script '/home/stephenq0503/Desktop/robot_arm_sim/install/six_dof_arm/share/six_dof_arm/package.bash'
[1.839s] INFO:colcon.colcon_core.shell:Creating package script '/home/stephenq0503/Desktop/robot_arm_sim/install/six_dof_arm/share/six_dof_arm/package.zsh'
[1.839s] Level 1:colcon.colcon_core.environment:create_file_with_runtime_dependencies(/home/stephenq0503/Desktop/robot_arm_sim/install/six_dof_arm/share/colcon-core/packages/six_dof_arm)
[1.840s] Level 1:colcon.colcon_core.environment:create_environment_scripts_only(gazebo_ros2_control)
[1.841s] DEBUG:colcon.colcon_core.event_handler.log_command:Invoked command in '/home/stephenq0503/Desktop/robot_arm_sim/build/gazebo_ros2_control' returned '0': CMAKE_PREFIX_PATH=${CMAKE_PREFIX_PATH}:/home/stephenq0503/Desktop/robot_arm_sim/install/moveit_configs_utils:/home/stephenq0503/Desktop/robot_arm_sim/install/launch_param_builder:/opt/ros/humble /usr/bin/cmake --install /home/stephenq0503/Desktop/robot_arm_sim/build/gazebo_ros2_control
[1.857s] Level 1:colcon.colcon_core.environment:checking '/home/stephenq0503/Desktop/robot_arm_sim/install/gazebo_ros2_control' for CMake module files
[1.857s] Level 1:colcon.colcon_core.environment:checking '/home/stephenq0503/Desktop/robot_arm_sim/install/gazebo_ros2_control' for CMake config files
[1.857s] Level 1:colcon.colcon_core.shell:create_environment_hook('gazebo_ros2_control', 'cmake_prefix_path')
[1.873s] INFO:colcon.colcon_core.shell:Creating environment hook '/home/stephenq0503/Desktop/robot_arm_sim/install/gazebo_ros2_control/share/gazebo_ros2_control/hook/cmake_prefix_path.ps1'
[1.873s] INFO:colcon.colcon_core.shell:Creating environment descriptor '/home/stephenq0503/Desktop/robot_arm_sim/install/gazebo_ros2_control/share/gazebo_ros2_control/hook/cmake_prefix_path.dsv'
[1.874s] INFO:colcon.colcon_core.shell:Creating environment hook '/home/stephenq0503/Desktop/robot_arm_sim/install/gazebo_ros2_control/share/gazebo_ros2_control/hook/cmake_prefix_path.sh'
[1.874s] Level 1:colcon.colcon_core.environment:checking '/home/stephenq0503/Desktop/robot_arm_sim/install/gazebo_ros2_control/bin'
[1.874s] Level 1:colcon.colcon_core.environment:checking '/home/stephenq0503/Desktop/robot_arm_sim/install/gazebo_ros2_control/lib/pkgconfig/gazebo_ros2_control.pc'
[1.875s] Level 1:colcon.colcon_core.environment:checking '/home/stephenq0503/Desktop/robot_arm_sim/install/gazebo_ros2_control/lib/python3.10/site-packages'
[1.875s] Level 1:colcon.colcon_core.environment:checking '/home/stephenq0503/Desktop/robot_arm_sim/install/gazebo_ros2_control/bin'
[1.891s] INFO:colcon.colcon_core.shell:Creating package script '/home/stephenq0503/Desktop/robot_arm_sim/install/gazebo_ros2_control/share/gazebo_ros2_control/package.ps1'
[1.891s] INFO:colcon.colcon_core.shell:Creating package descriptor '/home/stephenq0503/Desktop/robot_arm_sim/install/gazebo_ros2_control/share/gazebo_ros2_control/package.dsv'
[1.892s] INFO:colcon.colcon_core.shell:Creating package script '/home/stephenq0503/Desktop/robot_arm_sim/install/gazebo_ros2_control/share/gazebo_ros2_control/package.sh'
[1.892s] INFO:colcon.colcon_core.shell:Creating package script '/home/stephenq0503/Desktop/robot_arm_sim/install/gazebo_ros2_control/share/gazebo_ros2_control/package.bash'
[1.893s] INFO:colcon.colcon_core.shell:Creating package script '/home/stephenq0503/Desktop/robot_arm_sim/install/gazebo_ros2_control/share/gazebo_ros2_control/package.zsh'
[1.893s] Level 1:colcon.colcon_core.environment:create_file_with_runtime_dependencies(/home/stephenq0503/Desktop/robot_arm_sim/install/gazebo_ros2_control/share/colcon-core/packages/gazebo_ros2_control)
[1.911s] Level 1:colcon.colcon_core.environment:create_environment_scripts_only(six_dof_arm)
[1.927s] Level 1:colcon.colcon_core.environment:checking '/home/stephenq0503/Desktop/robot_arm_sim/install/six_dof_arm' for CMake module files
[1.928s] Level 1:colcon.colcon_core.environment:checking '/home/stephenq0503/Desktop/robot_arm_sim/install/six_dof_arm' for CMake config files
[1.928s] Level 1:colcon.colcon_core.shell:create_environment_hook('six_dof_arm', 'cmake_prefix_path')
[1.944s] INFO:colcon.colcon_core.shell:Creating environment hook '/home/stephenq0503/Desktop/robot_arm_sim/install/six_dof_arm/share/six_dof_arm/hook/cmake_prefix_path.ps1'
[1.945s] INFO:colcon.colcon_core.shell:Creating environment descriptor '/home/stephenq0503/Desktop/robot_arm_sim/install/six_dof_arm/share/six_dof_arm/hook/cmake_prefix_path.dsv'
[1.945s] INFO:colcon.colcon_core.shell:Creating environment hook '/home/stephenq0503/Desktop/robot_arm_sim/install/six_dof_arm/share/six_dof_arm/hook/cmake_prefix_path.sh'
[1.946s] Level 1:colcon.colcon_core.environment:checking '/home/stephenq0503/Desktop/robot_arm_sim/install/six_dof_arm/bin'
[1.946s] Level 1:colcon.colcon_core.environment:checking '/home/stephenq0503/Desktop/robot_arm_sim/install/six_dof_arm/lib/pkgconfig/six_dof_arm.pc'
[1.946s] Level 1:colcon.colcon_core.environment:checking '/home/stephenq0503/Desktop/robot_arm_sim/install/six_dof_arm/lib/python3.10/site-packages'
[1.946s] Level 1:colcon.colcon_core.environment:checking '/home/stephenq0503/Desktop/robot_arm_sim/install/six_dof_arm/bin'
[1.962s] INFO:colcon.colcon_core.shell:Creating package script '/home/stephenq0503/Desktop/robot_arm_sim/install/six_dof_arm/share/six_dof_arm/package.ps1'
[1.962s] INFO:colcon.colcon_core.shell:Creating package descriptor '/home/stephenq0503/Desktop/robot_arm_sim/install/six_dof_arm/share/six_dof_arm/package.dsv'
[1.963s] INFO:colcon.colcon_core.shell:Creating package script '/home/stephenq0503/Desktop/robot_arm_sim/install/six_dof_arm/share/six_dof_arm/package.sh'
[1.963s] INFO:colcon.colcon_core.shell:Creating package script '/home/stephenq0503/Desktop/robot_arm_sim/install/six_dof_arm/share/six_dof_arm/package.bash'
[1.963s] INFO:colcon.colcon_core.shell:Creating package script '/home/stephenq0503/Desktop/robot_arm_sim/install/six_dof_arm/share/six_dof_arm/package.zsh'
[1.964s] Level 1:colcon.colcon_core.environment:create_file_with_runtime_dependencies(/home/stephenq0503/Desktop/robot_arm_sim/install/six_dof_arm/share/colcon-core/packages/six_dof_arm)
[1.964s] INFO:colcon.colcon_ros.task.ament_cmake.build:Building ROS package in '/home/stephenq0503/Desktop/robot_arm_sim/src/six_dof_arm_moveit_config' with build type 'ament_cmake'
[1.964s] INFO:colcon.colcon_cmake.task.cmake.build:Building CMake package in '/home/stephenq0503/Desktop/robot_arm_sim/src/six_dof_arm_moveit_config'
[1.981s] INFO:colcon.colcon_core.shell:Skip shell extension 'powershell' for command environment: Not usable outside of PowerShell
[1.981s] DEBUG:colcon.colcon_core.shell:Skip shell extension 'dsv' for command environment
[2.054s] Level 1:colcon.colcon_core.environment:create_environment_scripts_only(gazebo_ros2_control)
[2.070s] Level 1:colcon.colcon_core.environment:checking '/home/stephenq0503/Desktop/robot_arm_sim/install/gazebo_ros2_control' for CMake module files
[2.070s] Level 1:colcon.colcon_core.environment:checking '/home/stephenq0503/Desktop/robot_arm_sim/install/gazebo_ros2_control' for CMake config files
[2.070s] Level 1:colcon.colcon_core.shell:create_environment_hook('gazebo_ros2_control', 'cmake_prefix_path')
[2.086s] INFO:colcon.colcon_core.shell:Creating environment hook '/home/stephenq0503/Desktop/robot_arm_sim/install/gazebo_ros2_control/share/gazebo_ros2_control/hook/cmake_prefix_path.ps1'
[2.086s] INFO:colcon.colcon_core.shell:Creating environment descriptor '/home/stephenq0503/Desktop/robot_arm_sim/install/gazebo_ros2_control/share/gazebo_ros2_control/hook/cmake_prefix_path.dsv'
[2.087s] INFO:colcon.colcon_core.shell:Creating environment hook '/home/stephenq0503/Desktop/robot_arm_sim/install/gazebo_ros2_control/share/gazebo_ros2_control/hook/cmake_prefix_path.sh'
[2.087s] Level 1:colcon.colcon_core.environment:checking '/home/stephenq0503/Desktop/robot_arm_sim/install/gazebo_ros2_control/bin'
[2.087s] Level 1:colcon.colcon_core.environment:checking '/home/stephenq0503/Desktop/robot_arm_sim/install/gazebo_ros2_control/lib/pkgconfig/gazebo_ros2_control.pc'
[2.087s] Level 1:colcon.colcon_core.environment:checking '/home/stephenq0503/Desktop/robot_arm_sim/install/gazebo_ros2_control/lib/python3.10/site-packages'
[2.088s] Level 1:colcon.colcon_core.environment:checking '/home/stephenq0503/Desktop/robot_arm_sim/install/gazebo_ros2_control/bin'
[2.103s] INFO:colcon.colcon_core.shell:Creating package script '/home/stephenq0503/Desktop/robot_arm_sim/install/gazebo_ros2_control/share/gazebo_ros2_control/package.ps1'
[2.104s] INFO:colcon.colcon_core.shell:Creating package descriptor '/home/stephenq0503/Desktop/robot_arm_sim/install/gazebo_ros2_control/share/gazebo_ros2_control/package.dsv'
[2.104s] INFO:colcon.colcon_core.shell:Creating package script '/home/stephenq0503/Desktop/robot_arm_sim/install/gazebo_ros2_control/share/gazebo_ros2_control/package.sh'
[2.104s] INFO:colcon.colcon_core.shell:Creating package script '/home/stephenq0503/Desktop/robot_arm_sim/install/gazebo_ros2_control/share/gazebo_ros2_control/package.bash'
[2.105s] INFO:colcon.colcon_core.shell:Creating package script '/home/stephenq0503/Desktop/robot_arm_sim/install/gazebo_ros2_control/share/gazebo_ros2_control/package.zsh'
[2.105s] Level 1:colcon.colcon_core.environment:create_file_with_runtime_dependencies(/home/stephenq0503/Desktop/robot_arm_sim/install/gazebo_ros2_control/share/colcon-core/packages/gazebo_ros2_control)
[2.111s] DEBUG:colcon.colcon_core.event_handler.log_command:Invoking command in '/home/stephenq0503/Desktop/robot_arm_sim/build/six_dof_arm_moveit_config': CMAKE_PREFIX_PATH=/home/stephenq0503/Desktop/robot_arm_sim/install/six_dof_arm:/home/stephenq0503/Desktop/robot_arm_sim/install/six_dof_arm_moveit_config:/home/stephenq0503/Desktop/robot_arm_sim/install/pilz_industrial_motion_planner_testutils:/home/stephenq0503/Desktop/robot_arm_sim/install/moveit_runtime:/home/stephenq0503/Desktop/robot_arm_sim/install/moveit2_tutorials:/home/stephenq0503/Desktop/robot_arm_sim/install/moveit:/home/stephenq0503/Desktop/robot_arm_sim/install/moveit_planners:/home/stephenq0503/Desktop/robot_arm_sim/install/pilz_industrial_motion_planner:/home/stephenq0503/Desktop/robot_arm_sim/install/moveit_visual_tools:/home/stephenq0503/Desktop/robot_arm_sim/install/moveit_task_constructor_visualization:/home/stephenq0503/Desktop/robot_arm_sim/install/moveit_task_constructor_demo:/home/stephenq0503/Desktop/robot_arm_sim/install/moveit_task_constructor_capabilities:/home/stephenq0503/Desktop/robot_arm_sim/install/moveit_task_constructor_core:/home/stephenq0503/Desktop/robot_arm_sim/install/moveit_ros_control_interface:/home/stephenq0503/Desktop/robot_arm_sim/install/moveit_plugins:/home/stephenq0503/Desktop/robot_arm_sim/install/moveit_simple_controller_manager:/home/stephenq0503/Desktop/robot_arm_sim/install/moveit_setup_assistant:/home/stephenq0503/Desktop/robot_arm_sim/install/moveit_setup_srdf_plugins:/home/stephenq0503/Desktop/robot_arm_sim/install/moveit_setup_core_plugins:/home/stephenq0503/Desktop/robot_arm_sim/install/moveit_setup_controllers:/home/stephenq0503/Desktop/robot_arm_sim/install/moveit_setup_app_plugins:/home/stephenq0503/Desktop/robot_arm_sim/install/moveit_setup_framework:/home/stephenq0503/Desktop/robot_arm_sim/install/moveit_servo:/home/stephenq0503/Desktop/robot_arm_sim/install/moveit_ros:/home/stephenq0503/Desktop/robot_arm_sim/install/moveit_ros_visualization:/home/stephenq0503/Desktop/robot_arm_sim/install/moveit_hybrid_planning:/home/stephenq0503/Desktop/robot_arm_sim/install/moveit_ros_planning_interface:/home/stephenq0503/Desktop/robot_arm_sim/install/moveit_ros_benchmarks:/home/stephenq0503/Desktop/robot_arm_sim/install/moveit_ros_warehouse:/home/stephenq0503/Desktop/robot_arm_sim/install/moveit_ros_robot_interaction:/home/stephenq0503/Desktop/robot_arm_sim/install/moveit_ros_perception:/home/stephenq0503/Desktop/robot_arm_sim/install/moveit_resources_prbt_pg70_support:/home/stephenq0503/Desktop/robot_arm_sim/install/moveit_resources_prbt_moveit_config:/home/stephenq0503/Desktop/robot_arm_sim/install/moveit_ros_move_group:/home/stephenq0503/Desktop/robot_arm_sim/install/moveit_planners_ompl:/home/stephenq0503/Desktop/robot_arm_sim/install/moveit_ros_planning:/home/stephenq0503/Desktop/robot_arm_sim/install/moveit_ros_occupancy_map_monitor:/home/stephenq0503/Desktop/robot_arm_sim/install/moveit_resources_prbt_ikfast_manipulator_plugin:/home/stephenq0503/Desktop/robot_arm_sim/install/moveit_planners_chomp:/home/stephenq0503/Desktop/robot_arm_sim/install/moveit_kinematics:/home/stephenq0503/Desktop/robot_arm_sim/install/moveit_chomp_optimizer_adapter:/home/stephenq0503/Desktop/robot_arm_sim/install/chomp_motion_planner:/home/stephenq0503/Desktop/robot_arm_sim/install/moveit_core:/home/stephenq0503/Desktop/robot_arm_sim/install/srdfdom:/home/stephenq0503/Desktop/robot_arm_sim/install/rviz_marker_tools:/home/stephenq0503/Desktop/robot_arm_sim/install/rosparam_shortcuts:/home/stephenq0503/Desktop/robot_arm_sim/install/moveit_task_constructor_msgs:/home/stephenq0503/Desktop/robot_arm_sim/install/moveit_resources_prbt_support:/home/stephenq0503/Desktop/robot_arm_sim/install/moveit_resources:/home/stephenq0503/Desktop/robot_arm_sim/install/moveit_resources_pr2_description:/home/stephenq0503/Desktop/robot_arm_sim/install/moveit_resources_panda_moveit_config:/home/stephenq0503/Desktop/robot_arm_sim/install/moveit_resources_panda_description:/home/stephenq0503/Desktop/robot_arm_sim/install/moveit_resources_fanuc_moveit_config:/home/stephenq0503/Desktop/robot_arm_sim/install/moveit_resources_fanuc_description:/home/stephenq0503/Desktop/robot_arm_sim/install/moveit_common:/home/stephenq0503/Desktop/robot_arm_sim/install/gazebo_ros2_control:/home/stephenq0503/Desktop/robot_arm_sim/install/moveit_configs_utils:/home/stephenq0503/Desktop/robot_arm_sim/install/launch_param_builder:/opt/ros/humble /usr/bin/cmake --build /home/stephenq0503/Desktop/robot_arm_sim/build/six_dof_arm_moveit_config -- -j8 -l8
[2.419s] DEBUG:colcon.colcon_core.event_handler.log_command:Invoked command in '/home/stephenq0503/Desktop/robot_arm_sim/build/six_dof_arm_moveit_config' returned '0': CMAKE_PREFIX_PATH=/home/stephenq0503/Desktop/robot_arm_sim/install/six_dof_arm:/home/stephenq0503/Desktop/robot_arm_sim/install/six_dof_arm_moveit_config:/home/stephenq0503/Desktop/robot_arm_sim/install/pilz_industrial_motion_planner_testutils:/home/stephenq0503/Desktop/robot_arm_sim/install/moveit_runtime:/home/stephenq0503/Desktop/robot_arm_sim/install/moveit2_tutorials:/home/stephenq0503/Desktop/robot_arm_sim/install/moveit:/home/stephenq0503/Desktop/robot_arm_sim/install/moveit_planners:/home/stephenq0503/Desktop/robot_arm_sim/install/pilz_industrial_motion_planner:/home/stephenq0503/Desktop/robot_arm_sim/install/moveit_visual_tools:/home/stephenq0503/Desktop/robot_arm_sim/install/moveit_task_constructor_visualization:/home/stephenq0503/Desktop/robot_arm_sim/install/moveit_task_constructor_demo:/home/stephenq0503/Desktop/robot_arm_sim/install/moveit_task_constructor_capabilities:/home/stephenq0503/Desktop/robot_arm_sim/install/moveit_task_constructor_core:/home/stephenq0503/Desktop/robot_arm_sim/install/moveit_ros_control_interface:/home/stephenq0503/Desktop/robot_arm_sim/install/moveit_plugins:/home/stephenq0503/Desktop/robot_arm_sim/install/moveit_simple_controller_manager:/home/stephenq0503/Desktop/robot_arm_sim/install/moveit_setup_assistant:/home/stephenq0503/Desktop/robot_arm_sim/install/moveit_setup_srdf_plugins:/home/stephenq0503/Desktop/robot_arm_sim/install/moveit_setup_core_plugins:/home/stephenq0503/Desktop/robot_arm_sim/install/moveit_setup_controllers:/home/stephenq0503/Desktop/robot_arm_sim/install/moveit_setup_app_plugins:/home/stephenq0503/Desktop/robot_arm_sim/install/moveit_setup_framework:/home/stephenq0503/Desktop/robot_arm_sim/install/moveit_servo:/home/stephenq0503/Desktop/robot_arm_sim/install/moveit_ros:/home/stephenq0503/Desktop/robot_arm_sim/install/moveit_ros_visualization:/home/stephenq0503/Desktop/robot_arm_sim/install/moveit_hybrid_planning:/home/stephenq0503/Desktop/robot_arm_sim/install/moveit_ros_planning_interface:/home/stephenq0503/Desktop/robot_arm_sim/install/moveit_ros_benchmarks:/home/stephenq0503/Desktop/robot_arm_sim/install/moveit_ros_warehouse:/home/stephenq0503/Desktop/robot_arm_sim/install/moveit_ros_robot_interaction:/home/stephenq0503/Desktop/robot_arm_sim/install/moveit_ros_perception:/home/stephenq0503/Desktop/robot_arm_sim/install/moveit_resources_prbt_pg70_support:/home/stephenq0503/Desktop/robot_arm_sim/install/moveit_resources_prbt_moveit_config:/home/stephenq0503/Desktop/robot_arm_sim/install/moveit_ros_move_group:/home/stephenq0503/Desktop/robot_arm_sim/install/moveit_planners_ompl:/home/stephenq0503/Desktop/robot_arm_sim/install/moveit_ros_planning:/home/stephenq0503/Desktop/robot_arm_sim/install/moveit_ros_occupancy_map_monitor:/home/stephenq0503/Desktop/robot_arm_sim/install/moveit_resources_prbt_ikfast_manipulator_plugin:/home/stephenq0503/Desktop/robot_arm_sim/install/moveit_planners_chomp:/home/stephenq0503/Desktop/robot_arm_sim/install/moveit_kinematics:/home/stephenq0503/Desktop/robot_arm_sim/install/moveit_chomp_optimizer_adapter:/home/stephenq0503/Desktop/robot_arm_sim/install/chomp_motion_planner:/home/stephenq0503/Desktop/robot_arm_sim/install/moveit_core:/home/stephenq0503/Desktop/robot_arm_sim/install/srdfdom:/home/stephenq0503/Desktop/robot_arm_sim/install/rviz_marker_tools:/home/stephenq0503/Desktop/robot_arm_sim/install/rosparam_shortcuts:/home/stephenq0503/Desktop/robot_arm_sim/install/moveit_task_constructor_msgs:/home/stephenq0503/Desktop/robot_arm_sim/install/moveit_resources_prbt_support:/home/stephenq0503/Desktop/robot_arm_sim/install/moveit_resources:/home/stephenq0503/Desktop/robot_arm_sim/install/moveit_resources_pr2_description:/home/stephenq0503/Desktop/robot_arm_sim/install/moveit_resources_panda_moveit_config:/home/stephenq0503/Desktop/robot_arm_sim/install/moveit_resources_panda_description:/home/stephenq0503/Desktop/robot_arm_sim/install/moveit_resources_fanuc_moveit_config:/home/stephenq0503/Desktop/robot_arm_sim/install/moveit_resources_fanuc_description:/home/stephenq0503/Desktop/robot_arm_sim/install/moveit_common:/home/stephenq0503/Desktop/robot_arm_sim/install/gazebo_ros2_control:/home/stephenq0503/Desktop/robot_arm_sim/install/moveit_configs_utils:/home/stephenq0503/Desktop/robot_arm_sim/install/launch_param_builder:/opt/ros/humble /usr/bin/cmake --build /home/stephenq0503/Desktop/robot_arm_sim/build/six_dof_arm_moveit_config -- -j8 -l8
[2.468s] DEBUG:colcon.colcon_core.event_handler.log_command:Invoking command in '/home/stephenq0503/Desktop/robot_arm_sim/build/six_dof_arm_moveit_config': CMAKE_PREFIX_PATH=/home/stephenq0503/Desktop/robot_arm_sim/install/six_dof_arm:/home/stephenq0503/Desktop/robot_arm_sim/install/six_dof_arm_moveit_config:/home/stephenq0503/Desktop/robot_arm_sim/install/pilz_industrial_motion_planner_testutils:/home/stephenq0503/Desktop/robot_arm_sim/install/moveit_runtime:/home/stephenq0503/Desktop/robot_arm_sim/install/moveit2_tutorials:/home/stephenq0503/Desktop/robot_arm_sim/install/moveit:/home/stephenq0503/Desktop/robot_arm_sim/install/moveit_planners:/home/stephenq0503/Desktop/robot_arm_sim/install/pilz_industrial_motion_planner:/home/stephenq0503/Desktop/robot_arm_sim/install/moveit_visual_tools:/home/stephenq0503/Desktop/robot_arm_sim/install/moveit_task_constructor_visualization:/home/stephenq0503/Desktop/robot_arm_sim/install/moveit_task_constructor_demo:/home/stephenq0503/Desktop/robot_arm_sim/install/moveit_task_constructor_capabilities:/home/stephenq0503/Desktop/robot_arm_sim/install/moveit_task_constructor_core:/home/stephenq0503/Desktop/robot_arm_sim/install/moveit_ros_control_interface:/home/stephenq0503/Desktop/robot_arm_sim/install/moveit_plugins:/home/stephenq0503/Desktop/robot_arm_sim/install/moveit_simple_controller_manager:/home/stephenq0503/Desktop/robot_arm_sim/install/moveit_setup_assistant:/home/stephenq0503/Desktop/robot_arm_sim/install/moveit_setup_srdf_plugins:/home/stephenq0503/Desktop/robot_arm_sim/install/moveit_setup_core_plugins:/home/stephenq0503/Desktop/robot_arm_sim/install/moveit_setup_controllers:/home/stephenq0503/Desktop/robot_arm_sim/install/moveit_setup_app_plugins:/home/stephenq0503/Desktop/robot_arm_sim/install/moveit_setup_framework:/home/stephenq0503/Desktop/robot_arm_sim/install/moveit_servo:/home/stephenq0503/Desktop/robot_arm_sim/install/moveit_ros:/home/stephenq0503/Desktop/robot_arm_sim/install/moveit_ros_visualization:/home/stephenq0503/Desktop/robot_arm_sim/install/moveit_hybrid_planning:/home/stephenq0503/Desktop/robot_arm_sim/install/moveit_ros_planning_interface:/home/stephenq0503/Desktop/robot_arm_sim/install/moveit_ros_benchmarks:/home/stephenq0503/Desktop/robot_arm_sim/install/moveit_ros_warehouse:/home/stephenq0503/Desktop/robot_arm_sim/install/moveit_ros_robot_interaction:/home/stephenq0503/Desktop/robot_arm_sim/install/moveit_ros_perception:/home/stephenq0503/Desktop/robot_arm_sim/install/moveit_resources_prbt_pg70_support:/home/stephenq0503/Desktop/robot_arm_sim/install/moveit_resources_prbt_moveit_config:/home/stephenq0503/Desktop/robot_arm_sim/install/moveit_ros_move_group:/home/stephenq0503/Desktop/robot_arm_sim/install/moveit_planners_ompl:/home/stephenq0503/Desktop/robot_arm_sim/install/moveit_ros_planning:/home/stephenq0503/Desktop/robot_arm_sim/install/moveit_ros_occupancy_map_monitor:/home/stephenq0503/Desktop/robot_arm_sim/install/moveit_resources_prbt_ikfast_manipulator_plugin:/home/stephenq0503/Desktop/robot_arm_sim/install/moveit_planners_chomp:/home/stephenq0503/Desktop/robot_arm_sim/install/moveit_kinematics:/home/stephenq0503/Desktop/robot_arm_sim/install/moveit_chomp_optimizer_adapter:/home/stephenq0503/Desktop/robot_arm_sim/install/chomp_motion_planner:/home/stephenq0503/Desktop/robot_arm_sim/install/moveit_core:/home/stephenq0503/Desktop/robot_arm_sim/install/srdfdom:/home/stephenq0503/Desktop/robot_arm_sim/install/rviz_marker_tools:/home/stephenq0503/Desktop/robot_arm_sim/install/rosparam_shortcuts:/home/stephenq0503/Desktop/robot_arm_sim/install/moveit_task_constructor_msgs:/home/stephenq0503/Desktop/robot_arm_sim/install/moveit_resources_prbt_support:/home/stephenq0503/Desktop/robot_arm_sim/install/moveit_resources:/home/stephenq0503/Desktop/robot_arm_sim/install/moveit_resources_pr2_description:/home/stephenq0503/Desktop/robot_arm_sim/install/moveit_resources_panda_moveit_config:/home/stephenq0503/Desktop/robot_arm_sim/install/moveit_resources_panda_description:/home/stephenq0503/Desktop/robot_arm_sim/install/moveit_resources_fanuc_moveit_config:/home/stephenq0503/Desktop/robot_arm_sim/install/moveit_resources_fanuc_description:/home/stephenq0503/Desktop/robot_arm_sim/install/moveit_common:/home/stephenq0503/Desktop/robot_arm_sim/install/gazebo_ros2_control:/home/stephenq0503/Desktop/robot_arm_sim/install/moveit_configs_utils:/home/stephenq0503/Desktop/robot_arm_sim/install/launch_param_builder:/opt/ros/humble /usr/bin/cmake --install /home/stephenq0503/Desktop/robot_arm_sim/build/six_dof_arm_moveit_config
[2.487s] Level 1:colcon.colcon_core.environment:create_environment_scripts_only(six_dof_arm_moveit_config)
[2.487s] DEBUG:colcon.colcon_core.event_handler.log_command:Invoked command in '/home/stephenq0503/Desktop/robot_arm_sim/build/six_dof_arm_moveit_config' returned '0': CMAKE_PREFIX_PATH=/home/stephenq0503/Desktop/robot_arm_sim/install/six_dof_arm:/home/stephenq0503/Desktop/robot_arm_sim/install/six_dof_arm_moveit_config:/home/stephenq0503/Desktop/robot_arm_sim/install/pilz_industrial_motion_planner_testutils:/home/stephenq0503/Desktop/robot_arm_sim/install/moveit_runtime:/home/stephenq0503/Desktop/robot_arm_sim/install/moveit2_tutorials:/home/stephenq0503/Desktop/robot_arm_sim/install/moveit:/home/stephenq0503/Desktop/robot_arm_sim/install/moveit_planners:/home/stephenq0503/Desktop/robot_arm_sim/install/pilz_industrial_motion_planner:/home/stephenq0503/Desktop/robot_arm_sim/install/moveit_visual_tools:/home/stephenq0503/Desktop/robot_arm_sim/install/moveit_task_constructor_visualization:/home/stephenq0503/Desktop/robot_arm_sim/install/moveit_task_constructor_demo:/home/stephenq0503/Desktop/robot_arm_sim/install/moveit_task_constructor_capabilities:/home/stephenq0503/Desktop/robot_arm_sim/install/moveit_task_constructor_core:/home/stephenq0503/Desktop/robot_arm_sim/install/moveit_ros_control_interface:/home/stephenq0503/Desktop/robot_arm_sim/install/moveit_plugins:/home/stephenq0503/Desktop/robot_arm_sim/install/moveit_simple_controller_manager:/home/stephenq0503/Desktop/robot_arm_sim/install/moveit_setup_assistant:/home/stephenq0503/Desktop/robot_arm_sim/install/moveit_setup_srdf_plugins:/home/stephenq0503/Desktop/robot_arm_sim/install/moveit_setup_core_plugins:/home/stephenq0503/Desktop/robot_arm_sim/install/moveit_setup_controllers:/home/stephenq0503/Desktop/robot_arm_sim/install/moveit_setup_app_plugins:/home/stephenq0503/Desktop/robot_arm_sim/install/moveit_setup_framework:/home/stephenq0503/Desktop/robot_arm_sim/install/moveit_servo:/home/stephenq0503/Desktop/robot_arm_sim/install/moveit_ros:/home/stephenq0503/Desktop/robot_arm_sim/install/moveit_ros_visualization:/home/stephenq0503/Desktop/robot_arm_sim/install/moveit_hybrid_planning:/home/stephenq0503/Desktop/robot_arm_sim/install/moveit_ros_planning_interface:/home/stephenq0503/Desktop/robot_arm_sim/install/moveit_ros_benchmarks:/home/stephenq0503/Desktop/robot_arm_sim/install/moveit_ros_warehouse:/home/stephenq0503/Desktop/robot_arm_sim/install/moveit_ros_robot_interaction:/home/stephenq0503/Desktop/robot_arm_sim/install/moveit_ros_perception:/home/stephenq0503/Desktop/robot_arm_sim/install/moveit_resources_prbt_pg70_support:/home/stephenq0503/Desktop/robot_arm_sim/install/moveit_resources_prbt_moveit_config:/home/stephenq0503/Desktop/robot_arm_sim/install/moveit_ros_move_group:/home/stephenq0503/Desktop/robot_arm_sim/install/moveit_planners_ompl:/home/stephenq0503/Desktop/robot_arm_sim/install/moveit_ros_planning:/home/stephenq0503/Desktop/robot_arm_sim/install/moveit_ros_occupancy_map_monitor:/home/stephenq0503/Desktop/robot_arm_sim/install/moveit_resources_prbt_ikfast_manipulator_plugin:/home/stephenq0503/Desktop/robot_arm_sim/install/moveit_planners_chomp:/home/stephenq0503/Desktop/robot_arm_sim/install/moveit_kinematics:/home/stephenq0503/Desktop/robot_arm_sim/install/moveit_chomp_optimizer_adapter:/home/stephenq0503/Desktop/robot_arm_sim/install/chomp_motion_planner:/home/stephenq0503/Desktop/robot_arm_sim/install/moveit_core:/home/stephenq0503/Desktop/robot_arm_sim/install/srdfdom:/home/stephenq0503/Desktop/robot_arm_sim/install/rviz_marker_tools:/home/stephenq0503/Desktop/robot_arm_sim/install/rosparam_shortcuts:/home/stephenq0503/Desktop/robot_arm_sim/install/moveit_task_constructor_msgs:/home/stephenq0503/Desktop/robot_arm_sim/install/moveit_resources_prbt_support:/home/stephenq0503/Desktop/robot_arm_sim/install/moveit_resources:/home/stephenq0503/Desktop/robot_arm_sim/install/moveit_resources_pr2_description:/home/stephenq0503/Desktop/robot_arm_sim/install/moveit_resources_panda_moveit_config:/home/stephenq0503/Desktop/robot_arm_sim/install/moveit_resources_panda_description:/home/stephenq0503/Desktop/robot_arm_sim/install/moveit_resources_fanuc_moveit_config:/home/stephenq0503/Desktop/robot_arm_sim/install/moveit_resources_fanuc_description:/home/stephenq0503/Desktop/robot_arm_sim/install/moveit_common:/home/stephenq0503/Desktop/robot_arm_sim/install/gazebo_ros2_control:/home/stephenq0503/Desktop/robot_arm_sim/install/moveit_configs_utils:/home/stephenq0503/Desktop/robot_arm_sim/install/launch_param_builder:/opt/ros/humble /usr/bin/cmake --install /home/stephenq0503/Desktop/robot_arm_sim/build/six_dof_arm_moveit_config
[2.507s] Level 1:colcon.colcon_core.environment:checking '/home/stephenq0503/Desktop/robot_arm_sim/install/six_dof_arm_moveit_config' for CMake module files
[2.508s] Level 1:colcon.colcon_core.environment:checking '/home/stephenq0503/Desktop/robot_arm_sim/install/six_dof_arm_moveit_config' for CMake config files
[2.508s] Level 1:colcon.colcon_core.shell:create_environment_hook('six_dof_arm_moveit_config', 'cmake_prefix_path')
[2.524s] INFO:colcon.colcon_core.shell:Creating environment hook '/home/stephenq0503/Desktop/robot_arm_sim/install/six_dof_arm_moveit_config/share/six_dof_arm_moveit_config/hook/cmake_prefix_path.ps1'
[2.525s] INFO:colcon.colcon_core.shell:Creating environment descriptor '/home/stephenq0503/Desktop/robot_arm_sim/install/six_dof_arm_moveit_config/share/six_dof_arm_moveit_config/hook/cmake_prefix_path.dsv'
[2.525s] INFO:colcon.colcon_core.shell:Creating environment hook '/home/stephenq0503/Desktop/robot_arm_sim/install/six_dof_arm_moveit_config/share/six_dof_arm_moveit_config/hook/cmake_prefix_path.sh'
[2.525s] Level 1:colcon.colcon_core.environment:checking '/home/stephenq0503/Desktop/robot_arm_sim/install/six_dof_arm_moveit_config/bin'
[2.525s] Level 1:colcon.colcon_core.environment:checking '/home/stephenq0503/Desktop/robot_arm_sim/install/six_dof_arm_moveit_config/lib/pkgconfig/six_dof_arm_moveit_config.pc'
[2.526s] Level 1:colcon.colcon_core.environment:checking '/home/stephenq0503/Desktop/robot_arm_sim/install/six_dof_arm_moveit_config/lib/python3.10/site-packages'
[2.526s] Level 1:colcon.colcon_core.environment:checking '/home/stephenq0503/Desktop/robot_arm_sim/install/six_dof_arm_moveit_config/bin'
[2.542s] INFO:colcon.colcon_core.shell:Creating package script '/home/stephenq0503/Desktop/robot_arm_sim/install/six_dof_arm_moveit_config/share/six_dof_arm_moveit_config/package.ps1'
[2.542s] INFO:colcon.colcon_core.shell:Creating package descriptor '/home/stephenq0503/Desktop/robot_arm_sim/install/six_dof_arm_moveit_config/share/six_dof_arm_moveit_config/package.dsv'
[2.542s] INFO:colcon.colcon_core.shell:Creating package script '/home/stephenq0503/Desktop/robot_arm_sim/install/six_dof_arm_moveit_config/share/six_dof_arm_moveit_config/package.sh'
[2.543s] INFO:colcon.colcon_core.shell:Creating package script '/home/stephenq0503/Desktop/robot_arm_sim/install/six_dof_arm_moveit_config/share/six_dof_arm_moveit_config/package.bash'
[2.543s] INFO:colcon.colcon_core.shell:Creating package script '/home/stephenq0503/Desktop/robot_arm_sim/install/six_dof_arm_moveit_config/share/six_dof_arm_moveit_config/package.zsh'
[2.543s] Level 1:colcon.colcon_core.environment:create_file_with_runtime_dependencies(/home/stephenq0503/Desktop/robot_arm_sim/install/six_dof_arm_moveit_config/share/colcon-core/packages/six_dof_arm_moveit_config)
[2.604s] Level 1:colcon.colcon_core.environment:create_environment_scripts_only(six_dof_arm_moveit_config)
[2.620s] Level 1:colcon.colcon_core.environment:checking '/home/stephenq0503/Desktop/robot_arm_sim/install/six_dof_arm_moveit_config' for CMake module files
[2.620s] Level 1:colcon.colcon_core.environment:checking '/home/stephenq0503/Desktop/robot_arm_sim/install/six_dof_arm_moveit_config' for CMake config files
[2.621s] Level 1:colcon.colcon_core.shell:create_environment_hook('six_dof_arm_moveit_config', 'cmake_prefix_path')
[2.636s] INFO:colcon.colcon_core.shell:Creating environment hook '/home/stephenq0503/Desktop/robot_arm_sim/install/six_dof_arm_moveit_config/share/six_dof_arm_moveit_config/hook/cmake_prefix_path.ps1'
[2.637s] INFO:colcon.colcon_core.shell:Creating environment descriptor '/home/stephenq0503/Desktop/robot_arm_sim/install/six_dof_arm_moveit_config/share/six_dof_arm_moveit_config/hook/cmake_prefix_path.dsv'
[2.637s] INFO:colcon.colcon_core.shell:Creating environment hook '/home/stephenq0503/Desktop/robot_arm_sim/install/six_dof_arm_moveit_config/share/six_dof_arm_moveit_config/hook/cmake_prefix_path.sh'
[2.637s] Level 1:colcon.colcon_core.environment:checking '/home/stephenq0503/Desktop/robot_arm_sim/install/six_dof_arm_moveit_config/bin'
[2.637s] Level 1:colcon.colcon_core.environment:checking '/home/stephenq0503/Desktop/robot_arm_sim/install/six_dof_arm_moveit_config/lib/pkgconfig/six_dof_arm_moveit_config.pc'
[2.638s] Level 1:colcon.colcon_core.environment:checking '/home/stephenq0503/Desktop/robot_arm_sim/install/six_dof_arm_moveit_config/lib/python3.10/site-packages'
[2.638s] Level 1:colcon.colcon_core.environment:checking '/home/stephenq0503/Desktop/robot_arm_sim/install/six_dof_arm_moveit_config/bin'
[2.653s] INFO:colcon.colcon_core.shell:Creating package script '/home/stephenq0503/Desktop/robot_arm_sim/install/six_dof_arm_moveit_config/share/six_dof_arm_moveit_config/package.ps1'
[2.654s] INFO:colcon.colcon_core.shell:Creating package descriptor '/home/stephenq0503/Desktop/robot_arm_sim/install/six_dof_arm_moveit_config/share/six_dof_arm_moveit_config/package.dsv'
[2.654s] INFO:colcon.colcon_core.shell:Creating package script '/home/stephenq0503/Desktop/robot_arm_sim/install/six_dof_arm_moveit_config/share/six_dof_arm_moveit_config/package.sh'
[2.655s] INFO:colcon.colcon_core.shell:Creating package script '/home/stephenq0503/Desktop/robot_arm_sim/install/six_dof_arm_moveit_config/share/six_dof_arm_moveit_config/package.bash'
[2.655s] INFO:colcon.colcon_core.shell:Creating package script '/home/stephenq0503/Desktop/robot_arm_sim/install/six_dof_arm_moveit_config/share/six_dof_arm_moveit_config/package.zsh'
[2.655s] Level 1:colcon.colcon_core.environment:create_file_with_runtime_dependencies(/home/stephenq0503/Desktop/robot_arm_sim/install/six_dof_arm_moveit_config/share/colcon-core/packages/six_dof_arm_moveit_config)
[2.656s] DEBUG:colcon.colcon_parallel_executor.executor.parallel:closing loop
[2.656s] DEBUG:colcon.colcon_parallel_executor.executor.parallel:loop closed
[2.656s] DEBUG:colcon.colcon_parallel_executor.executor.parallel:run_until_complete finished with '0'
[2.656s] DEBUG:colcon.colcon_core.event_reactor:joining thread
[2.681s] INFO:colcon.colcon_core.plugin_system:Skipping extension 'colcon_notification.desktop_notification.terminal_notifier': Not used on non-Darwin systems
[2.681s] INFO:colcon.colcon_core.plugin_system:Skipping extension 'colcon_notification.desktop_notification.win32': Not used on non-Windows systems
[2.681s] INFO:colcon.colcon_notification.desktop_notification:Sending desktop notification using 'notify2'
[2.694s] DEBUG:colcon.colcon_core.event_reactor:joined thread
[2.718s] INFO:colcon.colcon_core.shell:Creating prefix script '/home/stephenq0503/Desktop/robot_arm_sim/install/local_setup.ps1'
[2.720s] INFO:colcon.colcon_core.shell:Creating prefix util module '/home/stephenq0503/Desktop/robot_arm_sim/install/_local_setup_util_ps1.py'
[2.722s] INFO:colcon.colcon_core.shell:Creating prefix chain script '/home/stephenq0503/Desktop/robot_arm_sim/install/setup.ps1'
[2.753s] INFO:colcon.colcon_core.shell:Creating prefix script '/home/stephenq0503/Desktop/robot_arm_sim/install/local_setup.sh'
[2.753s] INFO:colcon.colcon_core.shell:Creating prefix util module '/home/stephenq0503/Desktop/robot_arm_sim/install/_local_setup_util_sh.py'
[2.754s] INFO:colcon.colcon_core.shell:Creating prefix chain script '/home/stephenq0503/Desktop/robot_arm_sim/install/setup.sh'
[2.773s] INFO:colcon.colcon_core.shell:Creating prefix script '/home/stephenq0503/Desktop/robot_arm_sim/install/local_setup.bash'
[2.773s] INFO:colcon.colcon_core.shell:Creating prefix chain script '/home/stephenq0503/Desktop/robot_arm_sim/install/setup.bash'
[2.793s] INFO:colcon.colcon_core.shell:Creating prefix script '/home/stephenq0503/Desktop/robot_arm_sim/install/local_setup.zsh'
[2.794s] INFO:colcon.colcon_core.shell:Creating prefix chain script '/home/stephenq0503/Desktop/robot_arm_sim/install/setup.zsh'
