[0.099s] Invoking command in '/home/stephenq0503/Desktop/robot_arm_sim/build/moveit_servo': AMENT_PREFIX_PATH=/home/stephenq0503/Desktop/robot_arm_sim/install/moveit_ros_planning_interface:/home/stephenq0503/Desktop/robot_arm_sim/install/moveit_ros_move_group:/home/stephenq0503/Desktop/robot_arm_sim/install/moveit_ros_warehouse:/home/stephenq0503/Desktop/robot_arm_sim/install/moveit_kinematics:/home/stephenq0503/Desktop/robot_arm_sim/install/moveit_ros_planning:/home/stephenq0503/Desktop/robot_arm_sim/install/moveit_ros_occupancy_map_monitor:/home/stephenq0503/Desktop/robot_arm_sim/install/moveit_core:/home/stephenq0503/Desktop/robot_arm_sim/install/moveit_resources_panda_moveit_config:/home/stephenq0503/Desktop/robot_arm_sim/install/moveit_configs_utils:/home/stephenq0503/Desktop/robot_arm_sim/install/srdfdom:/home/stephenq0503/Desktop/robot_arm_sim/install/moveit_resources_panda_description:/home/stephenq0503/Desktop/robot_arm_sim/install/moveit_common:/home/stephenq0503/Desktop/robot_arm_sim/install/launch_param_builder:${AMENT_PREFIX_PATH} CMAKE_PREFIX_PATH=/home/stephenq0503/Desktop/robot_arm_sim/install/moveit_ros_planning_interface:/home/stephenq0503/Desktop/robot_arm_sim/install/moveit_ros_move_group:/home/stephenq0503/Desktop/robot_arm_sim/install/moveit_ros_warehouse:/home/stephenq0503/Desktop/robot_arm_sim/install/moveit_kinematics:/home/stephenq0503/Desktop/robot_arm_sim/install/moveit_ros_planning:/home/stephenq0503/Desktop/robot_arm_sim/install/moveit_ros_occupancy_map_monitor:/home/stephenq0503/Desktop/robot_arm_sim/install/moveit_core:/home/stephenq0503/Desktop/robot_arm_sim/install/moveit_resources_panda_moveit_config:/home/stephenq0503/Desktop/robot_arm_sim/install/srdfdom:/home/stephenq0503/Desktop/robot_arm_sim/install/moveit_resources_panda_description:/home/stephenq0503/Desktop/robot_arm_sim/install/moveit_common:/home/stephenq0503/Desktop/robot_arm_sim/install/six_dof_arm:/home/stephenq0503/Desktop/robot_arm_sim/install/gazebo_ros2_control:/opt/ros/humble LD_LIBRARY_PATH=/home/stephenq0503/Desktop/robot_arm_sim/install/moveit_ros_planning_interface/lib:/home/stephenq0503/Desktop/robot_arm_sim/install/moveit_ros_move_group/lib:/home/stephenq0503/Desktop/robot_arm_sim/install/moveit_ros_warehouse/lib:/home/stephenq0503/Desktop/robot_arm_sim/install/moveit_kinematics/lib:/home/stephenq0503/Desktop/robot_arm_sim/install/moveit_ros_planning/lib:/home/stephenq0503/Desktop/robot_arm_sim/install/moveit_ros_occupancy_map_monitor/lib:/home/stephenq0503/Desktop/robot_arm_sim/install/moveit_core/lib:/home/stephenq0503/Desktop/robot_arm_sim/install/srdfdom/lib:${LD_LIBRARY_PATH} PATH=/home/stephenq0503/Desktop/robot_arm_sim/install/moveit_core/bin:${PATH} PYTHONPATH=/home/stephenq0503/Desktop/robot_arm_sim/install/moveit_configs_utils/lib/python3.10/site-packages:/home/stephenq0503/Desktop/robot_arm_sim/install/srdfdom/local/lib/python3.10/dist-packages:/home/stephenq0503/Desktop/robot_arm_sim/install/launch_param_builder/lib/python3.10/site-packages:${PYTHONPATH} /usr/bin/cmake /home/stephenq0503/Desktop/robot_arm_sim/src/moveit2/moveit_ros/moveit_servo -DCMAKE_INSTALL_PREFIX=/home/stephenq0503/Desktop/robot_arm_sim/install/moveit_servo
[0.243s] -- The C compiler identification is GNU 11.4.0
[0.325s] -- The CXX compiler identification is GNU 11.4.0
[0.338s] -- Detecting C compiler ABI info
[0.438s] -- Detecting C compiler ABI info - done
[0.449s] -- Check for working C compiler: /usr/bin/cc - skipped
[0.449s] -- Detecting C compile features
[0.449s] -- Detecting C compile features - done
[0.453s] -- Detecting CXX compiler ABI info
[0.571s] -- Detecting CXX compiler ABI info - done
[0.589s] -- Check for working CXX compiler: /usr/bin/c++ - skipped
[0.589s] -- Detecting CXX compile features
[0.590s] -- Detecting CXX compile features - done
[0.593s] -- Found moveit_common: 2.5.5 (/home/stephenq0503/Desktop/robot_arm_sim/install/moveit_common/share/moveit_common/cmake)
[0.599s] -- Found ament_cmake: 1.3.7 (/opt/ros/humble/share/ament_cmake/cmake)
[0.848s] -- Found Python3: /usr/bin/python3.10 (found version "3.10.12") found components: Interpreter 
[1.140s] -- Found libdw: /usr/lib/x86_64-linux-gnu/libdw.so  
[1.149s] -- Could NOT find libbfd (missing: LIBBFD_LIBRARY LIBBFD_INCLUDE_DIR) 
[1.149s] -- BACKWARD_HAS_UNWIND=1
[1.149s] -- BACKWARD_HAS_BACKTRACE=0
[1.149s] -- BACKWARD_HAS_BACKTRACE_SYMBOL=0
[1.149s] -- BACKWARD_HAS_DW=1
[1.150s] -- BACKWARD_HAS_BFD=0
[1.152s] -- Found Backward: /opt/ros/humble/share/backward_ros/cmake  
[1.152s] [0mmoveit_servo: You did not request a specific build type: Choosing 'Release' for maximum performance[0m
[1.158s] -- Found eigen3_cmake_module: 0.1.1 (/opt/ros/humble/share/eigen3_cmake_module/cmake)
[1.170s] -- Found Eigen3: TRUE (found version "3.4.0") 
[1.173s] -- Found control_msgs: 4.4.0 (/opt/ros/humble/share/control_msgs/cmake)
[1.224s] -- Found rosidl_generator_c: 3.1.5 (/opt/ros/humble/share/rosidl_generator_c/cmake)
[1.233s] -- Found rosidl_adapter: 3.1.5 (/opt/ros/humble/share/rosidl_adapter/cmake)
[1.247s] -- Found rosidl_generator_cpp: 3.1.5 (/opt/ros/humble/share/rosidl_generator_cpp/cmake)
[1.267s] -- Using all available rosidl_typesupport_c: rosidl_typesupport_fastrtps_c;rosidl_typesupport_introspection_c
[1.296s] -- Using all available rosidl_typesupport_cpp: rosidl_typesupport_fastrtps_cpp;rosidl_typesupport_introspection_cpp
[2.107s] -- Found control_toolbox: 3.2.0 (/opt/ros/humble/share/control_toolbox/cmake)
[2.228s] -- Found rmw_implementation_cmake: 6.1.1 (/opt/ros/humble/share/rmw_implementation_cmake/cmake)
[2.234s] -- Found rmw_fastrtps_cpp: 6.2.6 (/opt/ros/humble/share/rmw_fastrtps_cpp/cmake)
[2.379s] -- Found OpenSSL: /usr/lib/x86_64-linux-gnu/libcrypto.so (found version "3.0.2")  
[2.414s] -- Found FastRTPS: /opt/ros/humble/include  
[2.494s] -- Using RMW implementation 'rmw_fastrtps_cpp' as default
[2.519s] -- Looking for pthread.h
[2.647s] -- Looking for pthread.h - found
[2.648s] -- Performing Test CMAKE_HAVE_LIBC_PTHREAD
[2.815s] -- Performing Test CMAKE_HAVE_LIBC_PTHREAD - Success
[2.817s] -- Found Threads: TRUE  
[3.164s] -- Found parameter_traits: 0.3.7 (/opt/ros/humble/share/parameter_traits/cmake)
[3.196s] -- Found rclcpp_lifecycle: 16.0.8 (/opt/ros/humble/share/rclcpp_lifecycle/cmake)
[3.302s] -- Found moveit_core: 2.5.5 (/home/stephenq0503/Desktop/robot_arm_sim/install/moveit_core/share/moveit_core/cmake)
[3.365s] -- Found Boost: /usr/lib/x86_64-linux-gnu/cmake/Boost-1.74.0/BoostConfig.cmake (found version "1.74.0") found components: chrono date_time filesystem iostreams program_options regex serialization system thread 
[3.420s] -- Found Boost: /usr/lib/x86_64-linux-gnu/cmake/Boost-1.74.0/BoostConfig.cmake (found version "1.74.0") found components: filesystem 
[3.551s] -- library: /usr/lib/x86_64-linux-gnu/libcurl.so
[3.862s] -- Ensuring Eigen3 include directory is part of orocos-kdl CMake target
[5.189s] -- Found moveit_ros_planning: 2.5.5 (/home/stephenq0503/Desktop/robot_arm_sim/install/moveit_ros_planning/share/moveit_ros_planning/cmake)
[5.195s] -- Found Boost: /usr/lib/x86_64-linux-gnu/cmake/Boost-1.74.0/BoostConfig.cmake (found version "1.74.0") found components: system filesystem date_time program_options thread chrono 
[5.793s] -- Found std_srvs: 4.2.3 (/opt/ros/humble/share/std_srvs/cmake)
[5.914s] -- Found ament_lint_auto: 0.12.10 (/opt/ros/humble/share/ament_lint_auto/cmake)
[5.918s] -- Found ament_cmake_gtest: 1.3.7 (/opt/ros/humble/share/ament_cmake_gtest/cmake)
[5.923s] -- Found ros_testing: 0.4.0 (/opt/ros/humble/share/ros_testing/cmake)
[5.926s] -- Found launch_testing_ament_cmake: 1.0.4 (/opt/ros/humble/share/launch_testing_ament_cmake/cmake)
[5.930s] -- Found python_cmake_module: 0.10.0 (/opt/ros/humble/share/python_cmake_module/cmake)
[5.956s] -- Found PythonInterp: /usr/bin/python3 (found suitable version "3.10.12", minimum required is "3.6") 
[5.962s] -- Found PythonLibs: /usr/lib/x86_64-linux-gnu/libpython3.10.so (found suitable version "3.10.12", minimum required is "3.5") 
[5.962s] -- Using PYTHON_EXECUTABLE: /usr/bin/python3
[5.962s] -- Using PYTHON_INCLUDE_DIRS: /usr/include/python3.10
[5.963s] -- Using PYTHON_LIBRARIES: /usr/lib/x86_64-linux-gnu/libpython3.10.so
[5.988s] -- Found PythonExtra: .so  
[5.993s] -- Found Boost: /usr/lib/x86_64-linux-gnu/cmake/Boost-1.74.0/BoostConfig.cmake (found version "1.74.0") found components: filesystem 
[6.938s] -- Found gtest sources under '/opt/ros/humble/src/gtest_vendor': C++ tests using 'Google Test' will be built
[7.004s] -- Added test 'cppcheck' to perform static code analysis on C / C++ code
[7.007s] -- Configured cppcheck include dirs: /home/stephenq0503/Desktop/robot_arm_sim/src/moveit2/moveit_ros/moveit_servo/include
[7.007s] -- Configured cppcheck exclude dirs and/or files: 
[7.009s] -- Added test 'lint_cmake' to check CMake code style
[7.011s] -- Added test 'pep257' to check Python code against some of the docstring style conventions in PEP 257
[7.012s] -- Added test 'xmllint' to check XML markup files
[7.015s] -- Configuring done
[7.321s] -- Generating done
[7.327s] -- Build files have been written to: /home/stephenq0503/Desktop/robot_arm_sim/build/moveit_servo
[7.352s] Invoked command in '/home/stephenq0503/Desktop/robot_arm_sim/build/moveit_servo' returned '0': AMENT_PREFIX_PATH=/home/stephenq0503/Desktop/robot_arm_sim/install/moveit_ros_planning_interface:/home/stephenq0503/Desktop/robot_arm_sim/install/moveit_ros_move_group:/home/stephenq0503/Desktop/robot_arm_sim/install/moveit_ros_warehouse:/home/stephenq0503/Desktop/robot_arm_sim/install/moveit_kinematics:/home/stephenq0503/Desktop/robot_arm_sim/install/moveit_ros_planning:/home/stephenq0503/Desktop/robot_arm_sim/install/moveit_ros_occupancy_map_monitor:/home/stephenq0503/Desktop/robot_arm_sim/install/moveit_core:/home/stephenq0503/Desktop/robot_arm_sim/install/moveit_resources_panda_moveit_config:/home/stephenq0503/Desktop/robot_arm_sim/install/moveit_configs_utils:/home/stephenq0503/Desktop/robot_arm_sim/install/srdfdom:/home/stephenq0503/Desktop/robot_arm_sim/install/moveit_resources_panda_description:/home/stephenq0503/Desktop/robot_arm_sim/install/moveit_common:/home/stephenq0503/Desktop/robot_arm_sim/install/launch_param_builder:${AMENT_PREFIX_PATH} CMAKE_PREFIX_PATH=/home/stephenq0503/Desktop/robot_arm_sim/install/moveit_ros_planning_interface:/home/stephenq0503/Desktop/robot_arm_sim/install/moveit_ros_move_group:/home/stephenq0503/Desktop/robot_arm_sim/install/moveit_ros_warehouse:/home/stephenq0503/Desktop/robot_arm_sim/install/moveit_kinematics:/home/stephenq0503/Desktop/robot_arm_sim/install/moveit_ros_planning:/home/stephenq0503/Desktop/robot_arm_sim/install/moveit_ros_occupancy_map_monitor:/home/stephenq0503/Desktop/robot_arm_sim/install/moveit_core:/home/stephenq0503/Desktop/robot_arm_sim/install/moveit_resources_panda_moveit_config:/home/stephenq0503/Desktop/robot_arm_sim/install/srdfdom:/home/stephenq0503/Desktop/robot_arm_sim/install/moveit_resources_panda_description:/home/stephenq0503/Desktop/robot_arm_sim/install/moveit_common:/home/stephenq0503/Desktop/robot_arm_sim/install/six_dof_arm:/home/stephenq0503/Desktop/robot_arm_sim/install/gazebo_ros2_control:/opt/ros/humble LD_LIBRARY_PATH=/home/stephenq0503/Desktop/robot_arm_sim/install/moveit_ros_planning_interface/lib:/home/stephenq0503/Desktop/robot_arm_sim/install/moveit_ros_move_group/lib:/home/stephenq0503/Desktop/robot_arm_sim/install/moveit_ros_warehouse/lib:/home/stephenq0503/Desktop/robot_arm_sim/install/moveit_kinematics/lib:/home/stephenq0503/Desktop/robot_arm_sim/install/moveit_ros_planning/lib:/home/stephenq0503/Desktop/robot_arm_sim/install/moveit_ros_occupancy_map_monitor/lib:/home/stephenq0503/Desktop/robot_arm_sim/install/moveit_core/lib:/home/stephenq0503/Desktop/robot_arm_sim/install/srdfdom/lib:${LD_LIBRARY_PATH} PATH=/home/stephenq0503/Desktop/robot_arm_sim/install/moveit_core/bin:${PATH} PYTHONPATH=/home/stephenq0503/Desktop/robot_arm_sim/install/moveit_configs_utils/lib/python3.10/site-packages:/home/stephenq0503/Desktop/robot_arm_sim/install/srdfdom/local/lib/python3.10/dist-packages:/home/stephenq0503/Desktop/robot_arm_sim/install/launch_param_builder/lib/python3.10/site-packages:${PYTHONPATH} /usr/bin/cmake /home/stephenq0503/Desktop/robot_arm_sim/src/moveit2/moveit_ros/moveit_servo -DCMAKE_INSTALL_PREFIX=/home/stephenq0503/Desktop/robot_arm_sim/install/moveit_servo
[7.354s] Invoking command in '/home/stephenq0503/Desktop/robot_arm_sim/build/moveit_servo': AMENT_PREFIX_PATH=/home/stephenq0503/Desktop/robot_arm_sim/install/moveit_ros_planning_interface:/home/stephenq0503/Desktop/robot_arm_sim/install/moveit_ros_move_group:/home/stephenq0503/Desktop/robot_arm_sim/install/moveit_ros_warehouse:/home/stephenq0503/Desktop/robot_arm_sim/install/moveit_kinematics:/home/stephenq0503/Desktop/robot_arm_sim/install/moveit_ros_planning:/home/stephenq0503/Desktop/robot_arm_sim/install/moveit_ros_occupancy_map_monitor:/home/stephenq0503/Desktop/robot_arm_sim/install/moveit_core:/home/stephenq0503/Desktop/robot_arm_sim/install/moveit_resources_panda_moveit_config:/home/stephenq0503/Desktop/robot_arm_sim/install/moveit_configs_utils:/home/stephenq0503/Desktop/robot_arm_sim/install/srdfdom:/home/stephenq0503/Desktop/robot_arm_sim/install/moveit_resources_panda_description:/home/stephenq0503/Desktop/robot_arm_sim/install/moveit_common:/home/stephenq0503/Desktop/robot_arm_sim/install/launch_param_builder:${AMENT_PREFIX_PATH} CMAKE_PREFIX_PATH=/home/stephenq0503/Desktop/robot_arm_sim/install/moveit_ros_planning_interface:/home/stephenq0503/Desktop/robot_arm_sim/install/moveit_ros_move_group:/home/stephenq0503/Desktop/robot_arm_sim/install/moveit_ros_warehouse:/home/stephenq0503/Desktop/robot_arm_sim/install/moveit_kinematics:/home/stephenq0503/Desktop/robot_arm_sim/install/moveit_ros_planning:/home/stephenq0503/Desktop/robot_arm_sim/install/moveit_ros_occupancy_map_monitor:/home/stephenq0503/Desktop/robot_arm_sim/install/moveit_core:/home/stephenq0503/Desktop/robot_arm_sim/install/moveit_resources_panda_moveit_config:/home/stephenq0503/Desktop/robot_arm_sim/install/srdfdom:/home/stephenq0503/Desktop/robot_arm_sim/install/moveit_resources_panda_description:/home/stephenq0503/Desktop/robot_arm_sim/install/moveit_common:/home/stephenq0503/Desktop/robot_arm_sim/install/six_dof_arm:/home/stephenq0503/Desktop/robot_arm_sim/install/gazebo_ros2_control:/opt/ros/humble LD_LIBRARY_PATH=/home/stephenq0503/Desktop/robot_arm_sim/install/moveit_ros_planning_interface/lib:/home/stephenq0503/Desktop/robot_arm_sim/install/moveit_ros_move_group/lib:/home/stephenq0503/Desktop/robot_arm_sim/install/moveit_ros_warehouse/lib:/home/stephenq0503/Desktop/robot_arm_sim/install/moveit_kinematics/lib:/home/stephenq0503/Desktop/robot_arm_sim/install/moveit_ros_planning/lib:/home/stephenq0503/Desktop/robot_arm_sim/install/moveit_ros_occupancy_map_monitor/lib:/home/stephenq0503/Desktop/robot_arm_sim/install/moveit_core/lib:/home/stephenq0503/Desktop/robot_arm_sim/install/srdfdom/lib:${LD_LIBRARY_PATH} PATH=/home/stephenq0503/Desktop/robot_arm_sim/install/moveit_core/bin:${PATH} PYTHONPATH=/home/stephenq0503/Desktop/robot_arm_sim/install/moveit_configs_utils/lib/python3.10/site-packages:/home/stephenq0503/Desktop/robot_arm_sim/install/srdfdom/local/lib/python3.10/dist-packages:/home/stephenq0503/Desktop/robot_arm_sim/install/launch_param_builder/lib/python3.10/site-packages:${PYTHONPATH} /usr/bin/cmake --build /home/stephenq0503/Desktop/robot_arm_sim/build/moveit_servo -- -j8 -l8
[7.438s] [  3%] [32mBuilding CXX object gtest/CMakeFiles/gtest.dir/src/gtest-all.cc.o[0m
[7.438s] [  6%] [32mBuilding CXX object gtest/CMakeFiles/gtest_main.dir/src/gtest_main.cc.o[0m
[7.438s] [  9%] [32mBuilding CXX object CMakeFiles/servo_controller_input.dir/src/teleop_demo/joystick_servo_example.cpp.o[0m
[7.441s] [ 12%] [32mBuilding CXX object CMakeFiles/fake_command_publisher.dir/test/publish_fake_jog_commands.cpp.o[0m
[7.441s] [ 15%] [32mBuilding CXX object CMakeFiles/moveit_servo_lib_parameters.dir/src/servo_parameters.cpp.o[0m
[7.454s] [ 18%] [32mBuilding CXX object CMakeFiles/moveit_servo_lib_parameters.dir/src/parameter_descriptor_builder.cpp.o[0m
[9.770s] [ 21%] [32m[1mLinking CXX static library libgtest_main.a[0m
[9.942s] [ 21%] Built target gtest_main
[33.741s] [ 24%] [32m[1mLinking CXX executable fake_command_publisher[0m
[34.354s] [ 24%] Built target fake_command_publisher
[51.560s] [ 27%] [32m[1mLinking CXX static library libgtest.a[0m
[51.863s] [ 27%] Built target gtest
[65.746s] [ 30%] [32m[1mLinking CXX shared library libmoveit_servo_lib_parameters.so[0m
[66.848s] [ 30%] Built target moveit_servo_lib_parameters
[72.711s] [ 33%] [32m[1mLinking CXX shared library libservo_controller_input.so[0m
[73.655s] [ 33%] Built target servo_controller_input
[73.703s] [ 36%] [32mBuilding CXX object CMakeFiles/test_servo_collision.dir/test/test_servo_collision.cpp.o[0m
[114.808s] [ 39%] [32m[1mLinking CXX executable test_servo_collision[0m
[115.463s] [ 39%] Built target test_servo_collision
[115.497s] [ 42%] [32mBuilding CXX object CMakeFiles/test_servo_integration.dir/test/test_servo_interface.cpp.o[0m
[170.297s] [ 45%] [32m[1mLinking CXX executable test_servo_integration[0m
[170.877s] [ 45%] Built target test_servo_integration
[170.905s] [ 51%] [32mBuilding CXX object CMakeFiles/moveit_servo_lib.dir/src/enforce_limits.cpp.o[0m
[170.905s] [ 51%] [32mBuilding CXX object CMakeFiles/moveit_servo_lib.dir/src/collision_check.cpp.o[0m
[178.924s] [ 54%] [32mBuilding CXX object CMakeFiles/moveit_servo_lib.dir/src/utilities.cpp.o[0m
[178.931s] [ 57%] [32mBuilding CXX object CMakeFiles/moveit_servo_lib.dir/src/servo_calcs.cpp.o[0m
[212.130s] [ 60%] [32mBuilding CXX object CMakeFiles/moveit_servo_lib.dir/src/servo.cpp.o[0m
[298.572s] [ 63%] [32m[1mLinking CXX shared library libmoveit_servo_lib.so[0m
[299.835s] [ 63%] Built target moveit_servo_lib
[299.891s] [ 66%] [32mBuilding CXX object CMakeFiles/pose_tracking.dir/src/pose_tracking.cpp.o[0m
[336.884s] [ 69%] [32m[1mLinking CXX shared library libpose_tracking.so[0m
[338.031s] [ 69%] Built target pose_tracking
[338.079s] [ 72%] [32mBuilding CXX object CMakeFiles/servo_calcs_unit_tests.dir/test/servo_calcs_unit_tests.cpp.o[0m
[381.276s] [ 75%] [32m[1mLinking CXX executable servo_calcs_unit_tests[0m
[381.775s] [ 75%] Built target servo_calcs_unit_tests
[381.805s] [ 78%] [32mBuilding CXX object CMakeFiles/servo_pose_tracking_demo.dir/src/cpp_interface_demo/pose_tracking_demo.cpp.o[0m
[381.806s] [ 81%] [32mBuilding CXX object CMakeFiles/servo_node.dir/src/servo_node.cpp.o[0m
[381.817s] [ 84%] [32mBuilding CXX object CMakeFiles/test_servo_pose_tracking.dir/test/pose_tracking_test.cpp.o[0m
[413.013s] [ 87%] [32m[1mLinking CXX shared library libservo_node.so[0m
[413.966s] [ 87%] Built target servo_node
[414.014s] [ 90%] [32mBuilding CXX object CMakeFiles/servo_node_main.dir/src/servo_node_main.cpp.o[0m
[426.870s] [ 93%] [32m[1mLinking CXX executable servo_pose_tracking_demo[0m
[427.896s] [ 93%] Built target servo_pose_tracking_demo
[430.085s] [ 96%] [32m[1mLinking CXX executable test_servo_pose_tracking[0m
[430.794s] [ 96%] Built target test_servo_pose_tracking
[432.469s] [100%] [32m[1mLinking CXX executable servo_node_main[0m
[432.868s] [100%] Built target servo_node_main
[432.883s] Invoked command in '/home/stephenq0503/Desktop/robot_arm_sim/build/moveit_servo' returned '0': AMENT_PREFIX_PATH=/home/stephenq0503/Desktop/robot_arm_sim/install/moveit_ros_planning_interface:/home/stephenq0503/Desktop/robot_arm_sim/install/moveit_ros_move_group:/home/stephenq0503/Desktop/robot_arm_sim/install/moveit_ros_warehouse:/home/stephenq0503/Desktop/robot_arm_sim/install/moveit_kinematics:/home/stephenq0503/Desktop/robot_arm_sim/install/moveit_ros_planning:/home/stephenq0503/Desktop/robot_arm_sim/install/moveit_ros_occupancy_map_monitor:/home/stephenq0503/Desktop/robot_arm_sim/install/moveit_core:/home/stephenq0503/Desktop/robot_arm_sim/install/moveit_resources_panda_moveit_config:/home/stephenq0503/Desktop/robot_arm_sim/install/moveit_configs_utils:/home/stephenq0503/Desktop/robot_arm_sim/install/srdfdom:/home/stephenq0503/Desktop/robot_arm_sim/install/moveit_resources_panda_description:/home/stephenq0503/Desktop/robot_arm_sim/install/moveit_common:/home/stephenq0503/Desktop/robot_arm_sim/install/launch_param_builder:${AMENT_PREFIX_PATH} CMAKE_PREFIX_PATH=/home/stephenq0503/Desktop/robot_arm_sim/install/moveit_ros_planning_interface:/home/stephenq0503/Desktop/robot_arm_sim/install/moveit_ros_move_group:/home/stephenq0503/Desktop/robot_arm_sim/install/moveit_ros_warehouse:/home/stephenq0503/Desktop/robot_arm_sim/install/moveit_kinematics:/home/stephenq0503/Desktop/robot_arm_sim/install/moveit_ros_planning:/home/stephenq0503/Desktop/robot_arm_sim/install/moveit_ros_occupancy_map_monitor:/home/stephenq0503/Desktop/robot_arm_sim/install/moveit_core:/home/stephenq0503/Desktop/robot_arm_sim/install/moveit_resources_panda_moveit_config:/home/stephenq0503/Desktop/robot_arm_sim/install/srdfdom:/home/stephenq0503/Desktop/robot_arm_sim/install/moveit_resources_panda_description:/home/stephenq0503/Desktop/robot_arm_sim/install/moveit_common:/home/stephenq0503/Desktop/robot_arm_sim/install/six_dof_arm:/home/stephenq0503/Desktop/robot_arm_sim/install/gazebo_ros2_control:/opt/ros/humble LD_LIBRARY_PATH=/home/stephenq0503/Desktop/robot_arm_sim/install/moveit_ros_planning_interface/lib:/home/stephenq0503/Desktop/robot_arm_sim/install/moveit_ros_move_group/lib:/home/stephenq0503/Desktop/robot_arm_sim/install/moveit_ros_warehouse/lib:/home/stephenq0503/Desktop/robot_arm_sim/install/moveit_kinematics/lib:/home/stephenq0503/Desktop/robot_arm_sim/install/moveit_ros_planning/lib:/home/stephenq0503/Desktop/robot_arm_sim/install/moveit_ros_occupancy_map_monitor/lib:/home/stephenq0503/Desktop/robot_arm_sim/install/moveit_core/lib:/home/stephenq0503/Desktop/robot_arm_sim/install/srdfdom/lib:${LD_LIBRARY_PATH} PATH=/home/stephenq0503/Desktop/robot_arm_sim/install/moveit_core/bin:${PATH} PYTHONPATH=/home/stephenq0503/Desktop/robot_arm_sim/install/moveit_configs_utils/lib/python3.10/site-packages:/home/stephenq0503/Desktop/robot_arm_sim/install/srdfdom/local/lib/python3.10/dist-packages:/home/stephenq0503/Desktop/robot_arm_sim/install/launch_param_builder/lib/python3.10/site-packages:${PYTHONPATH} /usr/bin/cmake --build /home/stephenq0503/Desktop/robot_arm_sim/build/moveit_servo -- -j8 -l8
[432.960s] Invoking command in '/home/stephenq0503/Desktop/robot_arm_sim/build/moveit_servo': AMENT_PREFIX_PATH=/home/stephenq0503/Desktop/robot_arm_sim/install/moveit_ros_planning_interface:/home/stephenq0503/Desktop/robot_arm_sim/install/moveit_ros_move_group:/home/stephenq0503/Desktop/robot_arm_sim/install/moveit_ros_warehouse:/home/stephenq0503/Desktop/robot_arm_sim/install/moveit_kinematics:/home/stephenq0503/Desktop/robot_arm_sim/install/moveit_ros_planning:/home/stephenq0503/Desktop/robot_arm_sim/install/moveit_ros_occupancy_map_monitor:/home/stephenq0503/Desktop/robot_arm_sim/install/moveit_core:/home/stephenq0503/Desktop/robot_arm_sim/install/moveit_resources_panda_moveit_config:/home/stephenq0503/Desktop/robot_arm_sim/install/moveit_configs_utils:/home/stephenq0503/Desktop/robot_arm_sim/install/srdfdom:/home/stephenq0503/Desktop/robot_arm_sim/install/moveit_resources_panda_description:/home/stephenq0503/Desktop/robot_arm_sim/install/moveit_common:/home/stephenq0503/Desktop/robot_arm_sim/install/launch_param_builder:${AMENT_PREFIX_PATH} CMAKE_PREFIX_PATH=/home/stephenq0503/Desktop/robot_arm_sim/install/moveit_ros_planning_interface:/home/stephenq0503/Desktop/robot_arm_sim/install/moveit_ros_move_group:/home/stephenq0503/Desktop/robot_arm_sim/install/moveit_ros_warehouse:/home/stephenq0503/Desktop/robot_arm_sim/install/moveit_kinematics:/home/stephenq0503/Desktop/robot_arm_sim/install/moveit_ros_planning:/home/stephenq0503/Desktop/robot_arm_sim/install/moveit_ros_occupancy_map_monitor:/home/stephenq0503/Desktop/robot_arm_sim/install/moveit_core:/home/stephenq0503/Desktop/robot_arm_sim/install/moveit_resources_panda_moveit_config:/home/stephenq0503/Desktop/robot_arm_sim/install/srdfdom:/home/stephenq0503/Desktop/robot_arm_sim/install/moveit_resources_panda_description:/home/stephenq0503/Desktop/robot_arm_sim/install/moveit_common:/home/stephenq0503/Desktop/robot_arm_sim/install/six_dof_arm:/home/stephenq0503/Desktop/robot_arm_sim/install/gazebo_ros2_control:/opt/ros/humble LD_LIBRARY_PATH=/home/stephenq0503/Desktop/robot_arm_sim/install/moveit_ros_planning_interface/lib:/home/stephenq0503/Desktop/robot_arm_sim/install/moveit_ros_move_group/lib:/home/stephenq0503/Desktop/robot_arm_sim/install/moveit_ros_warehouse/lib:/home/stephenq0503/Desktop/robot_arm_sim/install/moveit_kinematics/lib:/home/stephenq0503/Desktop/robot_arm_sim/install/moveit_ros_planning/lib:/home/stephenq0503/Desktop/robot_arm_sim/install/moveit_ros_occupancy_map_monitor/lib:/home/stephenq0503/Desktop/robot_arm_sim/install/moveit_core/lib:/home/stephenq0503/Desktop/robot_arm_sim/install/srdfdom/lib:${LD_LIBRARY_PATH} PATH=/home/stephenq0503/Desktop/robot_arm_sim/install/moveit_core/bin:${PATH} PYTHONPATH=/home/stephenq0503/Desktop/robot_arm_sim/install/moveit_configs_utils/lib/python3.10/site-packages:/home/stephenq0503/Desktop/robot_arm_sim/install/srdfdom/local/lib/python3.10/dist-packages:/home/stephenq0503/Desktop/robot_arm_sim/install/launch_param_builder/lib/python3.10/site-packages:${PYTHONPATH} /usr/bin/cmake --install /home/stephenq0503/Desktop/robot_arm_sim/build/moveit_servo
[432.970s] -- Install configuration: "Release"
[432.970s] -- Installing: /home/stephenq0503/Desktop/robot_arm_sim/install/moveit_servo/lib/libmoveit_servo_lib.so.2.5.5
[432.974s] -- Set runtime path of "/home/stephenq0503/Desktop/robot_arm_sim/install/moveit_servo/lib/libmoveit_servo_lib.so.2.5.5" to ""
[432.975s] -- Installing: /home/stephenq0503/Desktop/robot_arm_sim/install/moveit_servo/lib/libmoveit_servo_lib.so
[432.975s] -- Installing: /home/stephenq0503/Desktop/robot_arm_sim/install/moveit_servo/lib/libmoveit_servo_lib_parameters.so.2.5.5
[432.976s] -- Set runtime path of "/home/stephenq0503/Desktop/robot_arm_sim/install/moveit_servo/lib/libmoveit_servo_lib_parameters.so.2.5.5" to ""
[432.976s] -- Installing: /home/stephenq0503/Desktop/robot_arm_sim/install/moveit_servo/lib/libmoveit_servo_lib_parameters.so
[432.976s] -- Installing: /home/stephenq0503/Desktop/robot_arm_sim/install/moveit_servo/lib/libpose_tracking.so
[432.978s] -- Set runtime path of "/home/stephenq0503/Desktop/robot_arm_sim/install/moveit_servo/lib/libpose_tracking.so" to ""
[432.978s] -- Installing: /home/stephenq0503/Desktop/robot_arm_sim/install/moveit_servo/lib/libservo_node.so
[432.979s] -- Set runtime path of "/home/stephenq0503/Desktop/robot_arm_sim/install/moveit_servo/lib/libservo_node.so" to ""
[432.979s] -- Installing: /home/stephenq0503/Desktop/robot_arm_sim/install/moveit_servo/lib/libservo_controller_input.so
[432.981s] -- Set runtime path of "/home/stephenq0503/Desktop/robot_arm_sim/install/moveit_servo/lib/libservo_controller_input.so" to ""
[432.981s] -- Installing: /home/stephenq0503/Desktop/robot_arm_sim/install/moveit_servo/lib/moveit_servo/servo_node_main
[432.982s] -- Set runtime path of "/home/stephenq0503/Desktop/robot_arm_sim/install/moveit_servo/lib/moveit_servo/servo_node_main" to ""
[432.982s] -- Installing: /home/stephenq0503/Desktop/robot_arm_sim/install/moveit_servo/lib/moveit_servo/servo_pose_tracking_demo
[432.983s] -- Set runtime path of "/home/stephenq0503/Desktop/robot_arm_sim/install/moveit_servo/lib/moveit_servo/servo_pose_tracking_demo" to ""
[432.984s] -- Installing: /home/stephenq0503/Desktop/robot_arm_sim/install/moveit_servo/lib/moveit_servo/fake_command_publisher
[432.985s] -- Set runtime path of "/home/stephenq0503/Desktop/robot_arm_sim/install/moveit_servo/lib/moveit_servo/fake_command_publisher" to ""
[432.985s] -- Installing: /home/stephenq0503/Desktop/robot_arm_sim/install/moveit_servo/include
[432.986s] -- Installing: /home/stephenq0503/Desktop/robot_arm_sim/install/moveit_servo/include/moveit_servo
[432.986s] -- Installing: /home/stephenq0503/Desktop/robot_arm_sim/install/moveit_servo/include/moveit_servo/servo_node.h
[432.986s] -- Installing: /home/stephenq0503/Desktop/robot_arm_sim/install/moveit_servo/include/moveit_servo/make_shared_from_pool.h
[432.986s] -- Installing: /home/stephenq0503/Desktop/robot_arm_sim/install/moveit_servo/include/moveit_servo/servo_parameters.h
[432.986s] -- Installing: /home/stephenq0503/Desktop/robot_arm_sim/install/moveit_servo/include/moveit_servo/servo.h
[432.987s] -- Installing: /home/stephenq0503/Desktop/robot_arm_sim/install/moveit_servo/include/moveit_servo/parameter_descriptor_builder.hpp
[432.987s] -- Installing: /home/stephenq0503/Desktop/robot_arm_sim/install/moveit_servo/include/moveit_servo/pose_tracking.h
[432.987s] -- Installing: /home/stephenq0503/Desktop/robot_arm_sim/install/moveit_servo/include/moveit_servo/servo_calcs.h
[432.987s] -- Installing: /home/stephenq0503/Desktop/robot_arm_sim/install/moveit_servo/include/moveit_servo/servo_server.h
[432.987s] -- Installing: /home/stephenq0503/Desktop/robot_arm_sim/install/moveit_servo/include/moveit_servo/status_codes.h
[432.988s] -- Installing: /home/stephenq0503/Desktop/robot_arm_sim/install/moveit_servo/include/moveit_servo/enforce_limits.hpp
[432.988s] -- Installing: /home/stephenq0503/Desktop/robot_arm_sim/install/moveit_servo/include/moveit_servo/utilities.h
[432.988s] -- Installing: /home/stephenq0503/Desktop/robot_arm_sim/install/moveit_servo/include/moveit_servo/collision_check.h
[432.988s] -- Installing: /home/stephenq0503/Desktop/robot_arm_sim/install/moveit_servo/share/moveit_servo/launch
[432.988s] -- Installing: /home/stephenq0503/Desktop/robot_arm_sim/install/moveit_servo/share/moveit_servo/launch/servo_example.launch.py
[432.989s] -- Installing: /home/stephenq0503/Desktop/robot_arm_sim/install/moveit_servo/share/moveit_servo/launch/pose_tracking_example.launch.py
[432.989s] -- Installing: /home/stephenq0503/Desktop/robot_arm_sim/install/moveit_servo/share/moveit_servo/config
[432.989s] -- Installing: /home/stephenq0503/Desktop/robot_arm_sim/install/moveit_servo/share/moveit_servo/config/panda_simulated_config_pose_tracking.yaml
[432.989s] -- Installing: /home/stephenq0503/Desktop/robot_arm_sim/install/moveit_servo/share/moveit_servo/config/pose_tracking_settings.yaml
[432.990s] -- Installing: /home/stephenq0503/Desktop/robot_arm_sim/install/moveit_servo/share/moveit_servo/config/panda_simulated_config.yaml
[432.990s] -- Installing: /home/stephenq0503/Desktop/robot_arm_sim/install/moveit_servo/share/moveit_servo/config/demo_rviz_pose_tracking.rviz
[432.990s] -- Installing: /home/stephenq0503/Desktop/robot_arm_sim/install/moveit_servo/share/moveit_servo/config/demo_rviz_config.rviz
[432.991s] -- Installing: /home/stephenq0503/Desktop/robot_arm_sim/install/moveit_servo/share/moveit_servo/environment/library_path.sh
[432.991s] -- Installing: /home/stephenq0503/Desktop/robot_arm_sim/install/moveit_servo/share/moveit_servo/environment/library_path.dsv
[432.991s] -- Installing: /home/stephenq0503/Desktop/robot_arm_sim/install/moveit_servo/share/ament_index/resource_index/package_run_dependencies/moveit_servo
[432.992s] -- Installing: /home/stephenq0503/Desktop/robot_arm_sim/install/moveit_servo/share/ament_index/resource_index/parent_prefix_path/moveit_servo
[432.992s] -- Installing: /home/stephenq0503/Desktop/robot_arm_sim/install/moveit_servo/share/moveit_servo/environment/ament_prefix_path.sh
[432.992s] -- Installing: /home/stephenq0503/Desktop/robot_arm_sim/install/moveit_servo/share/moveit_servo/environment/ament_prefix_path.dsv
[432.992s] -- Installing: /home/stephenq0503/Desktop/robot_arm_sim/install/moveit_servo/share/moveit_servo/environment/path.sh
[432.993s] -- Installing: /home/stephenq0503/Desktop/robot_arm_sim/install/moveit_servo/share/moveit_servo/environment/path.dsv
[432.993s] -- Installing: /home/stephenq0503/Desktop/robot_arm_sim/install/moveit_servo/share/moveit_servo/local_setup.bash
[432.993s] -- Installing: /home/stephenq0503/Desktop/robot_arm_sim/install/moveit_servo/share/moveit_servo/local_setup.sh
[432.993s] -- Installing: /home/stephenq0503/Desktop/robot_arm_sim/install/moveit_servo/share/moveit_servo/local_setup.zsh
[432.993s] -- Installing: /home/stephenq0503/Desktop/robot_arm_sim/install/moveit_servo/share/moveit_servo/local_setup.dsv
[432.994s] -- Installing: /home/stephenq0503/Desktop/robot_arm_sim/install/moveit_servo/share/moveit_servo/package.dsv
[432.994s] -- Installing: /home/stephenq0503/Desktop/robot_arm_sim/install/moveit_servo/share/ament_index/resource_index/packages/moveit_servo
[432.994s] -- Installing: /home/stephenq0503/Desktop/robot_arm_sim/install/moveit_servo/share/ament_index/resource_index/rclcpp_components/moveit_servo
[432.994s] -- Installing: /home/stephenq0503/Desktop/robot_arm_sim/install/moveit_servo/share/moveit_servo/cmake/export_moveit_servoExport.cmake
[432.995s] -- Installing: /home/stephenq0503/Desktop/robot_arm_sim/install/moveit_servo/share/moveit_servo/cmake/export_moveit_servoExport-release.cmake
[432.995s] -- Installing: /home/stephenq0503/Desktop/robot_arm_sim/install/moveit_servo/share/moveit_servo/cmake/ament_cmake_export_targets-extras.cmake
[432.995s] -- Installing: /home/stephenq0503/Desktop/robot_arm_sim/install/moveit_servo/share/moveit_servo/cmake/ament_cmake_export_dependencies-extras.cmake
[432.995s] -- Installing: /home/stephenq0503/Desktop/robot_arm_sim/install/moveit_servo/share/moveit_servo/cmake/moveit_servoConfig.cmake
[432.996s] -- Installing: /home/stephenq0503/Desktop/robot_arm_sim/install/moveit_servo/share/moveit_servo/cmake/moveit_servoConfig-version.cmake
[432.996s] -- Installing: /home/stephenq0503/Desktop/robot_arm_sim/install/moveit_servo/share/moveit_servo/package.xml
[432.999s] Invoked command in '/home/stephenq0503/Desktop/robot_arm_sim/build/moveit_servo' returned '0': AMENT_PREFIX_PATH=/home/stephenq0503/Desktop/robot_arm_sim/install/moveit_ros_planning_interface:/home/stephenq0503/Desktop/robot_arm_sim/install/moveit_ros_move_group:/home/stephenq0503/Desktop/robot_arm_sim/install/moveit_ros_warehouse:/home/stephenq0503/Desktop/robot_arm_sim/install/moveit_kinematics:/home/stephenq0503/Desktop/robot_arm_sim/install/moveit_ros_planning:/home/stephenq0503/Desktop/robot_arm_sim/install/moveit_ros_occupancy_map_monitor:/home/stephenq0503/Desktop/robot_arm_sim/install/moveit_core:/home/stephenq0503/Desktop/robot_arm_sim/install/moveit_resources_panda_moveit_config:/home/stephenq0503/Desktop/robot_arm_sim/install/moveit_configs_utils:/home/stephenq0503/Desktop/robot_arm_sim/install/srdfdom:/home/stephenq0503/Desktop/robot_arm_sim/install/moveit_resources_panda_description:/home/stephenq0503/Desktop/robot_arm_sim/install/moveit_common:/home/stephenq0503/Desktop/robot_arm_sim/install/launch_param_builder:${AMENT_PREFIX_PATH} CMAKE_PREFIX_PATH=/home/stephenq0503/Desktop/robot_arm_sim/install/moveit_ros_planning_interface:/home/stephenq0503/Desktop/robot_arm_sim/install/moveit_ros_move_group:/home/stephenq0503/Desktop/robot_arm_sim/install/moveit_ros_warehouse:/home/stephenq0503/Desktop/robot_arm_sim/install/moveit_kinematics:/home/stephenq0503/Desktop/robot_arm_sim/install/moveit_ros_planning:/home/stephenq0503/Desktop/robot_arm_sim/install/moveit_ros_occupancy_map_monitor:/home/stephenq0503/Desktop/robot_arm_sim/install/moveit_core:/home/stephenq0503/Desktop/robot_arm_sim/install/moveit_resources_panda_moveit_config:/home/stephenq0503/Desktop/robot_arm_sim/install/srdfdom:/home/stephenq0503/Desktop/robot_arm_sim/install/moveit_resources_panda_description:/home/stephenq0503/Desktop/robot_arm_sim/install/moveit_common:/home/stephenq0503/Desktop/robot_arm_sim/install/six_dof_arm:/home/stephenq0503/Desktop/robot_arm_sim/install/gazebo_ros2_control:/opt/ros/humble LD_LIBRARY_PATH=/home/stephenq0503/Desktop/robot_arm_sim/install/moveit_ros_planning_interface/lib:/home/stephenq0503/Desktop/robot_arm_sim/install/moveit_ros_move_group/lib:/home/stephenq0503/Desktop/robot_arm_sim/install/moveit_ros_warehouse/lib:/home/stephenq0503/Desktop/robot_arm_sim/install/moveit_kinematics/lib:/home/stephenq0503/Desktop/robot_arm_sim/install/moveit_ros_planning/lib:/home/stephenq0503/Desktop/robot_arm_sim/install/moveit_ros_occupancy_map_monitor/lib:/home/stephenq0503/Desktop/robot_arm_sim/install/moveit_core/lib:/home/stephenq0503/Desktop/robot_arm_sim/install/srdfdom/lib:${LD_LIBRARY_PATH} PATH=/home/stephenq0503/Desktop/robot_arm_sim/install/moveit_core/bin:${PATH} PYTHONPATH=/home/stephenq0503/Desktop/robot_arm_sim/install/moveit_configs_utils/lib/python3.10/site-packages:/home/stephenq0503/Desktop/robot_arm_sim/install/srdfdom/local/lib/python3.10/dist-packages:/home/stephenq0503/Desktop/robot_arm_sim/install/launch_param_builder/lib/python3.10/site-packages:${PYTHONPATH} /usr/bin/cmake --install /home/stephenq0503/Desktop/robot_arm_sim/build/moveit_servo
