[0.353s] Invoking command in '/home/stephenq0503/Desktop/robot_arm_sim/build/moveit_task_constructor_core': AMENT_PREFIX_PATH=/home/stephenq0503/Desktop/robot_arm_sim/install/moveit_planners:/home/stephenq0503/Desktop/robot_arm_sim/install/pilz_industrial_motion_planner:/home/stephenq0503/Desktop/robot_arm_sim/install/moveit_ros_planning_interface:/home/stephenq0503/Desktop/robot_arm_sim/install/moveit_ros_move_group:/home/stephenq0503/Desktop/robot_arm_sim/install/moveit_ros_warehouse:/home/stephenq0503/Desktop/robot_arm_sim/install/moveit_planners_ompl:/home/stephenq0503/Desktop/robot_arm_sim/install/moveit_kinematics:/home/stephenq0503/Desktop/robot_arm_sim/install/moveit_ros_planning:/home/stephenq0503/Desktop/robot_arm_sim/install/moveit_ros_occupancy_map_monitor:/home/stephenq0503/Desktop/robot_arm_sim/install/moveit_core:/home/stephenq0503/Desktop/robot_arm_sim/install/rviz_marker_tools:/home/stephenq0503/Desktop/robot_arm_sim/install/moveit_configs_utils:/home/stephenq0503/Desktop/robot_arm_sim/install/srdfdom:/home/stephenq0503/Desktop/robot_arm_sim/install/moveit_task_constructor_msgs:/home/stephenq0503/Desktop/robot_arm_sim/install/moveit_common:/home/stephenq0503/Desktop/robot_arm_sim/install/launch_param_builder:${AMENT_PREFIX_PATH} CMAKE_PREFIX_PATH=/home/stephenq0503/Desktop/robot_arm_sim/install/moveit_planners:/home/stephenq0503/Desktop/robot_arm_sim/install/pilz_industrial_motion_planner:/home/stephenq0503/Desktop/robot_arm_sim/install/moveit_ros_planning_interface:/home/stephenq0503/Desktop/robot_arm_sim/install/moveit_ros_move_group:/home/stephenq0503/Desktop/robot_arm_sim/install/moveit_ros_warehouse:/home/stephenq0503/Desktop/robot_arm_sim/install/moveit_planners_ompl:/home/stephenq0503/Desktop/robot_arm_sim/install/moveit_kinematics:/home/stephenq0503/Desktop/robot_arm_sim/install/moveit_ros_planning:/home/stephenq0503/Desktop/robot_arm_sim/install/moveit_ros_occupancy_map_monitor:/home/stephenq0503/Desktop/robot_arm_sim/install/moveit_core:/home/stephenq0503/Desktop/robot_arm_sim/install/rviz_marker_tools:/home/stephenq0503/Desktop/robot_arm_sim/install/srdfdom:/home/stephenq0503/Desktop/robot_arm_sim/install/moveit_task_constructor_msgs:/home/stephenq0503/Desktop/robot_arm_sim/install/moveit_common:/home/stephenq0503/Desktop/robot_arm_sim/install/six_dof_arm:/home/stephenq0503/Desktop/robot_arm_sim/install/gazebo_ros2_control:/opt/ros/humble LD_LIBRARY_PATH=/home/stephenq0503/Desktop/robot_arm_sim/install/pilz_industrial_motion_planner/lib:/home/stephenq0503/Desktop/robot_arm_sim/install/moveit_ros_planning_interface/lib:/home/stephenq0503/Desktop/robot_arm_sim/install/moveit_ros_move_group/lib:/home/stephenq0503/Desktop/robot_arm_sim/install/moveit_ros_warehouse/lib:/home/stephenq0503/Desktop/robot_arm_sim/install/moveit_planners_ompl/lib:/home/stephenq0503/Desktop/robot_arm_sim/install/moveit_kinematics/lib:/home/stephenq0503/Desktop/robot_arm_sim/install/moveit_ros_planning/lib:/home/stephenq0503/Desktop/robot_arm_sim/install/moveit_ros_occupancy_map_monitor/lib:/home/stephenq0503/Desktop/robot_arm_sim/install/moveit_core/lib:/home/stephenq0503/Desktop/robot_arm_sim/install/rviz_marker_tools/lib:/home/stephenq0503/Desktop/robot_arm_sim/install/srdfdom/lib:/home/stephenq0503/Desktop/robot_arm_sim/install/moveit_task_constructor_msgs/lib:${LD_LIBRARY_PATH} PATH=/home/stephenq0503/Desktop/robot_arm_sim/install/moveit_core/bin:${PATH} PYTHONPATH=/home/stephenq0503/Desktop/robot_arm_sim/install/moveit_configs_utils/lib/python3.10/site-packages:/home/stephenq0503/Desktop/robot_arm_sim/install/srdfdom/local/lib/python3.10/dist-packages:/home/stephenq0503/Desktop/robot_arm_sim/install/moveit_task_constructor_msgs/local/lib/python3.10/dist-packages:/home/stephenq0503/Desktop/robot_arm_sim/install/launch_param_builder/lib/python3.10/site-packages:${PYTHONPATH} /usr/bin/cmake /home/stephenq0503/Desktop/robot_arm_sim/src/moveit_task_constructor/core -DCMAKE_INSTALL_PREFIX=/home/stephenq0503/Desktop/robot_arm_sim/install/moveit_task_constructor_core
[0.493s] -- The C compiler identification is GNU 11.4.0
[0.631s] -- The CXX compiler identification is GNU 11.4.0
[0.651s] -- Detecting C compiler ABI info
[0.811s] -- Detecting C compiler ABI info - done
[0.828s] -- Check for working C compiler: /usr/bin/cc - skipped
[0.828s] -- Detecting C compile features
[0.829s] -- Detecting C compile features - done
[0.835s] -- Detecting CXX compiler ABI info
[1.007s] -- Detecting CXX compiler ABI info - done
[1.026s] -- Check for working CXX compiler: /usr/bin/c++ - skipped
[1.027s] -- Detecting CXX compile features
[1.028s] -- Detecting CXX compile features - done
[1.038s] -- Found ament_cmake: 1.3.7 (/opt/ros/humble/share/ament_cmake/cmake)
[1.454s] -- Found Python3: /usr/bin/python3.10 (found version "3.10.12") found components: Interpreter 
[1.721s] -- Found Boost: /usr/lib/x86_64-linux-gnu/cmake/Boost-1.74.0/BoostConfig.cmake (found version "1.74.0")  
[1.729s] -- Found geometry_msgs: 4.2.3 (/opt/ros/humble/share/geometry_msgs/cmake)
[1.842s] -- Found rosidl_generator_c: 3.1.5 (/opt/ros/humble/share/rosidl_generator_c/cmake)
[1.858s] -- Found rosidl_adapter: 3.1.5 (/opt/ros/humble/share/rosidl_adapter/cmake)
[1.882s] -- Found rosidl_generator_cpp: 3.1.5 (/opt/ros/humble/share/rosidl_generator_cpp/cmake)
[1.923s] -- Using all available rosidl_typesupport_c: rosidl_typesupport_fastrtps_c;rosidl_typesupport_introspection_c
[1.978s] -- Using all available rosidl_typesupport_cpp: rosidl_typesupport_fastrtps_cpp;rosidl_typesupport_introspection_cpp
[2.273s] -- Found moveit_common: 2.5.5 (/home/stephenq0503/Desktop/robot_arm_sim/install/moveit_common/share/moveit_common/cmake)
[2.448s] -- Found libdw: /usr/lib/x86_64-linux-gnu/libdw.so  
[2.462s] -- Could NOT find libbfd (missing: LIBBFD_LIBRARY LIBBFD_INCLUDE_DIR) 
[2.463s] -- BACKWARD_HAS_UNWIND=1
[2.463s] -- BACKWARD_HAS_BACKTRACE=0
[2.463s] -- BACKWARD_HAS_BACKTRACE_SYMBOL=0
[2.463s] -- BACKWARD_HAS_DW=1
[2.463s] -- BACKWARD_HAS_BFD=0
[2.464s] [0mmoveit_task_constructor_core: You did not request a specific build type: Choosing 'Release' for maximum performance[0m
[2.464s] -- Found Backward: /opt/ros/humble/share/backward_ros/cmake  
[2.467s] -- Found moveit_core: 2.5.5 (/home/stephenq0503/Desktop/robot_arm_sim/install/moveit_core/share/moveit_core/cmake)
[3.007s] -- Found Boost: /usr/lib/x86_64-linux-gnu/cmake/Boost-1.74.0/BoostConfig.cmake (found version "1.74.0") found components: chrono date_time filesystem iostreams program_options regex serialization system thread 
[3.175s] -- Found parameter_traits: 0.3.7 (/opt/ros/humble/share/parameter_traits/cmake)
[3.373s] -- Found rmw_implementation_cmake: 6.1.1 (/opt/ros/humble/share/rmw_implementation_cmake/cmake)
[3.384s] -- Found rmw_fastrtps_cpp: 6.2.6 (/opt/ros/humble/share/rmw_fastrtps_cpp/cmake)
[3.620s] -- Found OpenSSL: /usr/lib/x86_64-linux-gnu/libcrypto.so (found version "3.0.2")  
[3.687s] -- Found FastRTPS: /opt/ros/humble/include  
[3.795s] -- Using RMW implementation 'rmw_fastrtps_cpp' as default
[3.826s] -- Found Threads: TRUE  
[4.216s] -- Found Eigen3: TRUE (found version "3.4.0") 
[4.224s] -- Found rclcpp_lifecycle: 16.0.8 (/opt/ros/humble/share/rclcpp_lifecycle/cmake)
[4.351s] -- Found Boost: /usr/lib/x86_64-linux-gnu/cmake/Boost-1.74.0/BoostConfig.cmake (found version "1.74.0") found components: filesystem 
[4.579s] -- library: /usr/lib/x86_64-linux-gnu/libcurl.so
[5.101s] -- Ensuring Eigen3 include directory is part of orocos-kdl CMake target
[6.753s] -- Found moveit_ros_planning: 2.5.5 (/home/stephenq0503/Desktop/robot_arm_sim/install/moveit_ros_planning/share/moveit_ros_planning/cmake)
[6.759s] -- Found Boost: /usr/lib/x86_64-linux-gnu/cmake/Boost-1.74.0/BoostConfig.cmake (found version "1.74.0") found components: system filesystem date_time program_options thread chrono 
[7.361s] -- Found moveit_ros_planning_interface: 2.5.5 (/home/stephenq0503/Desktop/robot_arm_sim/install/moveit_ros_planning_interface/share/moveit_ros_planning_interface/cmake)
[7.367s] -- Found Boost: /usr/lib/x86_64-linux-gnu/cmake/Boost-1.74.0/BoostConfig.cmake (found version "1.74.0") found components: date_time filesystem program_options system thread 
[7.635s] -- Found Boost: /usr/lib/x86_64-linux-gnu/cmake/Boost-1.74.0/BoostConfig.cmake (found version "1.74.0") found components: thread system filesystem regex date_time program_options 
[7.977s] -- Found Boost: /usr/lib/x86_64-linux-gnu/cmake/Boost-1.74.0/BoostConfig.cmake (found version "1.74.0") found components: system filesystem date_time program_options thread 
[8.661s] -- Found moveit_task_constructor_msgs: 0.1.3 (/home/stephenq0503/Desktop/robot_arm_sim/install/moveit_task_constructor_msgs/share/moveit_task_constructor_msgs/cmake)
[9.113s] -- Found rviz_marker_tools: 0.1.3 (/home/stephenq0503/Desktop/robot_arm_sim/install/rviz_marker_tools/share/rviz_marker_tools/cmake)
[9.185s] -- Found ament_cmake_gtest: 1.3.7 (/opt/ros/humble/share/ament_cmake_gtest/cmake)
[9.189s] -- Found ament_cmake_gmock: 1.3.7 (/opt/ros/humble/share/ament_cmake_gmock/cmake)
[9.194s] -- Found launch_testing_ament_cmake: 1.0.4 (/opt/ros/humble/share/launch_testing_ament_cmake/cmake)
[9.198s] -- Found python_cmake_module: 0.10.0 (/opt/ros/humble/share/python_cmake_module/cmake)
[9.225s] -- Found PythonInterp: /usr/bin/python3 (found suitable version "3.10.12", minimum required is "3.6") 
[9.231s] -- Found PythonLibs: /usr/lib/x86_64-linux-gnu/libpython3.10.so (found suitable version "3.10.12", minimum required is "3.5") 
[9.231s] -- Using PYTHON_EXECUTABLE: /usr/bin/python3
[9.231s] -- Using PYTHON_INCLUDE_DIRS: /usr/include/python3.10
[9.231s] -- Using PYTHON_LIBRARIES: /usr/lib/x86_64-linux-gnu/libpython3.10.so
[9.258s] -- Found PythonExtra: .so  
[9.263s] -- Found gtest sources under '/opt/ros/humble/src/gtest_vendor': C++ tests using 'Google Test' will be built
[9.285s] -- Found gmock sources under '/opt/ros/humble/src/gmock_vendor': C++ tests using 'Google Mock' will be built
[9.310s] -- Configuring done
[9.893s] -- Generating done
[9.899s] -- Build files have been written to: /home/stephenq0503/Desktop/robot_arm_sim/build/moveit_task_constructor_core
[9.927s] Invoked command in '/home/stephenq0503/Desktop/robot_arm_sim/build/moveit_task_constructor_core' returned '0': AMENT_PREFIX_PATH=/home/stephenq0503/Desktop/robot_arm_sim/install/moveit_planners:/home/stephenq0503/Desktop/robot_arm_sim/install/pilz_industrial_motion_planner:/home/stephenq0503/Desktop/robot_arm_sim/install/moveit_ros_planning_interface:/home/stephenq0503/Desktop/robot_arm_sim/install/moveit_ros_move_group:/home/stephenq0503/Desktop/robot_arm_sim/install/moveit_ros_warehouse:/home/stephenq0503/Desktop/robot_arm_sim/install/moveit_planners_ompl:/home/stephenq0503/Desktop/robot_arm_sim/install/moveit_kinematics:/home/stephenq0503/Desktop/robot_arm_sim/install/moveit_ros_planning:/home/stephenq0503/Desktop/robot_arm_sim/install/moveit_ros_occupancy_map_monitor:/home/stephenq0503/Desktop/robot_arm_sim/install/moveit_core:/home/stephenq0503/Desktop/robot_arm_sim/install/rviz_marker_tools:/home/stephenq0503/Desktop/robot_arm_sim/install/moveit_configs_utils:/home/stephenq0503/Desktop/robot_arm_sim/install/srdfdom:/home/stephenq0503/Desktop/robot_arm_sim/install/moveit_task_constructor_msgs:/home/stephenq0503/Desktop/robot_arm_sim/install/moveit_common:/home/stephenq0503/Desktop/robot_arm_sim/install/launch_param_builder:${AMENT_PREFIX_PATH} CMAKE_PREFIX_PATH=/home/stephenq0503/Desktop/robot_arm_sim/install/moveit_planners:/home/stephenq0503/Desktop/robot_arm_sim/install/pilz_industrial_motion_planner:/home/stephenq0503/Desktop/robot_arm_sim/install/moveit_ros_planning_interface:/home/stephenq0503/Desktop/robot_arm_sim/install/moveit_ros_move_group:/home/stephenq0503/Desktop/robot_arm_sim/install/moveit_ros_warehouse:/home/stephenq0503/Desktop/robot_arm_sim/install/moveit_planners_ompl:/home/stephenq0503/Desktop/robot_arm_sim/install/moveit_kinematics:/home/stephenq0503/Desktop/robot_arm_sim/install/moveit_ros_planning:/home/stephenq0503/Desktop/robot_arm_sim/install/moveit_ros_occupancy_map_monitor:/home/stephenq0503/Desktop/robot_arm_sim/install/moveit_core:/home/stephenq0503/Desktop/robot_arm_sim/install/rviz_marker_tools:/home/stephenq0503/Desktop/robot_arm_sim/install/srdfdom:/home/stephenq0503/Desktop/robot_arm_sim/install/moveit_task_constructor_msgs:/home/stephenq0503/Desktop/robot_arm_sim/install/moveit_common:/home/stephenq0503/Desktop/robot_arm_sim/install/six_dof_arm:/home/stephenq0503/Desktop/robot_arm_sim/install/gazebo_ros2_control:/opt/ros/humble LD_LIBRARY_PATH=/home/stephenq0503/Desktop/robot_arm_sim/install/pilz_industrial_motion_planner/lib:/home/stephenq0503/Desktop/robot_arm_sim/install/moveit_ros_planning_interface/lib:/home/stephenq0503/Desktop/robot_arm_sim/install/moveit_ros_move_group/lib:/home/stephenq0503/Desktop/robot_arm_sim/install/moveit_ros_warehouse/lib:/home/stephenq0503/Desktop/robot_arm_sim/install/moveit_planners_ompl/lib:/home/stephenq0503/Desktop/robot_arm_sim/install/moveit_kinematics/lib:/home/stephenq0503/Desktop/robot_arm_sim/install/moveit_ros_planning/lib:/home/stephenq0503/Desktop/robot_arm_sim/install/moveit_ros_occupancy_map_monitor/lib:/home/stephenq0503/Desktop/robot_arm_sim/install/moveit_core/lib:/home/stephenq0503/Desktop/robot_arm_sim/install/rviz_marker_tools/lib:/home/stephenq0503/Desktop/robot_arm_sim/install/srdfdom/lib:/home/stephenq0503/Desktop/robot_arm_sim/install/moveit_task_constructor_msgs/lib:${LD_LIBRARY_PATH} PATH=/home/stephenq0503/Desktop/robot_arm_sim/install/moveit_core/bin:${PATH} PYTHONPATH=/home/stephenq0503/Desktop/robot_arm_sim/install/moveit_configs_utils/lib/python3.10/site-packages:/home/stephenq0503/Desktop/robot_arm_sim/install/srdfdom/local/lib/python3.10/dist-packages:/home/stephenq0503/Desktop/robot_arm_sim/install/moveit_task_constructor_msgs/local/lib/python3.10/dist-packages:/home/stephenq0503/Desktop/robot_arm_sim/install/launch_param_builder/lib/python3.10/site-packages:${PYTHONPATH} /usr/bin/cmake /home/stephenq0503/Desktop/robot_arm_sim/src/moveit_task_constructor/core -DCMAKE_INSTALL_PREFIX=/home/stephenq0503/Desktop/robot_arm_sim/install/moveit_task_constructor_core
[9.929s] Invoking command in '/home/stephenq0503/Desktop/robot_arm_sim/build/moveit_task_constructor_core': AMENT_PREFIX_PATH=/home/stephenq0503/Desktop/robot_arm_sim/install/moveit_planners:/home/stephenq0503/Desktop/robot_arm_sim/install/pilz_industrial_motion_planner:/home/stephenq0503/Desktop/robot_arm_sim/install/moveit_ros_planning_interface:/home/stephenq0503/Desktop/robot_arm_sim/install/moveit_ros_move_group:/home/stephenq0503/Desktop/robot_arm_sim/install/moveit_ros_warehouse:/home/stephenq0503/Desktop/robot_arm_sim/install/moveit_planners_ompl:/home/stephenq0503/Desktop/robot_arm_sim/install/moveit_kinematics:/home/stephenq0503/Desktop/robot_arm_sim/install/moveit_ros_planning:/home/stephenq0503/Desktop/robot_arm_sim/install/moveit_ros_occupancy_map_monitor:/home/stephenq0503/Desktop/robot_arm_sim/install/moveit_core:/home/stephenq0503/Desktop/robot_arm_sim/install/rviz_marker_tools:/home/stephenq0503/Desktop/robot_arm_sim/install/moveit_configs_utils:/home/stephenq0503/Desktop/robot_arm_sim/install/srdfdom:/home/stephenq0503/Desktop/robot_arm_sim/install/moveit_task_constructor_msgs:/home/stephenq0503/Desktop/robot_arm_sim/install/moveit_common:/home/stephenq0503/Desktop/robot_arm_sim/install/launch_param_builder:${AMENT_PREFIX_PATH} CMAKE_PREFIX_PATH=/home/stephenq0503/Desktop/robot_arm_sim/install/moveit_planners:/home/stephenq0503/Desktop/robot_arm_sim/install/pilz_industrial_motion_planner:/home/stephenq0503/Desktop/robot_arm_sim/install/moveit_ros_planning_interface:/home/stephenq0503/Desktop/robot_arm_sim/install/moveit_ros_move_group:/home/stephenq0503/Desktop/robot_arm_sim/install/moveit_ros_warehouse:/home/stephenq0503/Desktop/robot_arm_sim/install/moveit_planners_ompl:/home/stephenq0503/Desktop/robot_arm_sim/install/moveit_kinematics:/home/stephenq0503/Desktop/robot_arm_sim/install/moveit_ros_planning:/home/stephenq0503/Desktop/robot_arm_sim/install/moveit_ros_occupancy_map_monitor:/home/stephenq0503/Desktop/robot_arm_sim/install/moveit_core:/home/stephenq0503/Desktop/robot_arm_sim/install/rviz_marker_tools:/home/stephenq0503/Desktop/robot_arm_sim/install/srdfdom:/home/stephenq0503/Desktop/robot_arm_sim/install/moveit_task_constructor_msgs:/home/stephenq0503/Desktop/robot_arm_sim/install/moveit_common:/home/stephenq0503/Desktop/robot_arm_sim/install/six_dof_arm:/home/stephenq0503/Desktop/robot_arm_sim/install/gazebo_ros2_control:/opt/ros/humble LD_LIBRARY_PATH=/home/stephenq0503/Desktop/robot_arm_sim/install/pilz_industrial_motion_planner/lib:/home/stephenq0503/Desktop/robot_arm_sim/install/moveit_ros_planning_interface/lib:/home/stephenq0503/Desktop/robot_arm_sim/install/moveit_ros_move_group/lib:/home/stephenq0503/Desktop/robot_arm_sim/install/moveit_ros_warehouse/lib:/home/stephenq0503/Desktop/robot_arm_sim/install/moveit_planners_ompl/lib:/home/stephenq0503/Desktop/robot_arm_sim/install/moveit_kinematics/lib:/home/stephenq0503/Desktop/robot_arm_sim/install/moveit_ros_planning/lib:/home/stephenq0503/Desktop/robot_arm_sim/install/moveit_ros_occupancy_map_monitor/lib:/home/stephenq0503/Desktop/robot_arm_sim/install/moveit_core/lib:/home/stephenq0503/Desktop/robot_arm_sim/install/rviz_marker_tools/lib:/home/stephenq0503/Desktop/robot_arm_sim/install/srdfdom/lib:/home/stephenq0503/Desktop/robot_arm_sim/install/moveit_task_constructor_msgs/lib:${LD_LIBRARY_PATH} PATH=/home/stephenq0503/Desktop/robot_arm_sim/install/moveit_core/bin:${PATH} PYTHONPATH=/home/stephenq0503/Desktop/robot_arm_sim/install/moveit_configs_utils/lib/python3.10/site-packages:/home/stephenq0503/Desktop/robot_arm_sim/install/srdfdom/local/lib/python3.10/dist-packages:/home/stephenq0503/Desktop/robot_arm_sim/install/moveit_task_constructor_msgs/local/lib/python3.10/dist-packages:/home/stephenq0503/Desktop/robot_arm_sim/install/launch_param_builder/lib/python3.10/site-packages:${PYTHONPATH} /usr/bin/cmake --build /home/stephenq0503/Desktop/robot_arm_sim/build/moveit_task_constructor_core -- -j8 -l8
[10.020s] [  1%] [32mBuilding CXX object gtest/CMakeFiles/gtest_main.dir/src/gtest_main.cc.o[0m
[10.022s] [  2%] [32mBuilding CXX object gtest/CMakeFiles/gtest.dir/src/gtest-all.cc.o[0m
[10.026s] [  3%] [32mBuilding CXX object gmock/CMakeFiles/gmock.dir/opt/ros/humble/src/gtest_vendor/src/gtest-all.cc.o[0m
[10.028s] [  5%] [32mBuilding CXX object gmock/CMakeFiles/gmock.dir/src/gmock-all.cc.o[0m
[10.030s] [  6%] [32mBuilding CXX object gmock/CMakeFiles/gmock_main.dir/src/gmock_main.cc.o[0m
[10.039s] [  7%] [32mBuilding CXX object src/CMakeFiles/moveit_task_constructor_core.dir/container.cpp.o[0m
[10.044s] [  9%] [32mBuilding CXX object src/CMakeFiles/moveit_task_constructor_core.dir/introspection.cpp.o[0m
[10.046s] [ 10%] [32mBuilding CXX object src/CMakeFiles/moveit_task_constructor_core.dir/cost_terms.cpp.o[0m
[12.938s] [ 11%] [32m[1mLinking CXX static library libgtest_main.a[0m
[13.060s] [ 11%] Built target gtest_main
[13.081s] [ 13%] [32mBuilding CXX object src/CMakeFiles/moveit_task_constructor_core.dir/marker_tools.cpp.o[0m
[13.969s] [ 14%] [32m[1mLinking CXX static library libgmock_main.a[0m
[14.245s] [ 14%] Built target gmock_main
[14.324s] [ 15%] [32mBuilding CXX object src/CMakeFiles/moveit_task_constructor_core.dir/merge.cpp.o[0m
[42.456s] [ 17%] [32m[1mLinking CXX static library libgmock.a[0m
[42.477s] [ 18%] [32m[1mLinking CXX static library libgtest.a[0m
[42.720s] [ 18%] Built target gtest
[42.761s] [ 18%] Built target gmock
[55.358s] [ 19%] [32mBuilding CXX object src/CMakeFiles/moveit_task_constructor_core.dir/solvers/cartesian_path.cpp.o[0m
[63.896s] [ 21%] [32mBuilding CXX object src/CMakeFiles/moveit_task_constructor_core.dir/solvers/joint_interpolation.cpp.o[0m
[69.920s] [ 23%] [32mBuilding CXX object src/CMakeFiles/moveit_task_constructor_core.dir/solvers/planner_interface.cpp.o[0m
[69.921s] [ 23%] [32mBuilding CXX object src/CMakeFiles/moveit_task_constructor_core.dir/solvers/pipeline_planner.cpp.o[0m
[70.945s] [ 25%] [32mBuilding CXX object src/CMakeFiles/moveit_task_constructor_core.dir/utils.cpp.o[0m
[71.974s] [ 26%] [32mBuilding CXX object src/CMakeFiles/moveit_task_constructor_core.dir/task.cpp.o[0m
[71.996s] [ 27%] [32mBuilding CXX object src/CMakeFiles/moveit_task_constructor_core.dir/storage.cpp.o[0m
[73.060s] [ 28%] [32mBuilding CXX object src/CMakeFiles/moveit_task_constructor_core.dir/stage.cpp.o[0m
[74.128s] [ 30%] [32mBuilding CXX object src/CMakeFiles/moveit_task_constructor_core.dir/properties.cpp.o[0m
[84.303s] [ 31%] [32mBuilding CXX object src/CMakeFiles/moveit_task_constructor_core.dir/solvers/multi_planner.cpp.o[0m
[104.469s] [ 32%] [32m[1mLinking CXX shared library libmoveit_task_constructor_core.so[0m
[105.409s] [ 32%] Built target moveit_task_constructor_core
[105.458s] [ 36%] [32mBuilding CXX object test/CMakeFiles/gtest_utils.dir/stage_mockups.cpp.o[0m
[105.459s] [ 38%] [32mBuilding CXX object src/stages/CMakeFiles/moveit_task_constructor_core_stages.dir/fix_collision_objects.cpp.o[0m
[105.468s] [ 38%] [32mBuilding CXX object test/CMakeFiles/gtest_utils.dir/models.cpp.o[0m
[105.469s] [ 39%] [32mBuilding CXX object test/CMakeFiles/gtest_utils.dir/gtest_value_printers.cpp.o[0m
[105.470s] [ 39%] [32mBuilding CXX object src/stages/CMakeFiles/moveit_task_constructor_core_stages.dir/modify_planning_scene.cpp.o[0m
[105.473s] [ 40%] [32mBuilding CXX object src/stages/CMakeFiles/moveit_task_constructor_core_stages.dir/current_state.cpp.o[0m
[106.567s] [ 42%] [32mBuilding CXX object src/stages/CMakeFiles/moveit_task_constructor_core_stages.dir/fixed_cartesian_poses.cpp.o[0m
[107.647s] [ 43%] [32mBuilding CXX object src/stages/CMakeFiles/moveit_task_constructor_core_stages.dir/fixed_state.cpp.o[0m
[133.600s] [ 44%] [32m[1mLinking CXX shared library libgtest_utils.so[0m
[134.225s] [ 44%] Built target gtest_utils
[144.212s] [ 46%] [32mBuilding CXX object src/stages/CMakeFiles/moveit_task_constructor_core_stages.dir/connect.cpp.o[0m
[157.062s] [ 47%] [32mBuilding CXX object src/stages/CMakeFiles/moveit_task_constructor_core_stages.dir/move_to.cpp.o[0m
[160.103s] [ 48%] [32mBuilding CXX object src/stages/CMakeFiles/moveit_task_constructor_core_stages.dir/move_relative.cpp.o[0m
[162.218s] [ 50%] [32mBuilding CXX object src/stages/CMakeFiles/moveit_task_constructor_core_stages.dir/predicate_filter.cpp.o[0m
[163.327s] [ 51%] [32mBuilding CXX object src/stages/CMakeFiles/moveit_task_constructor_core_stages.dir/passthrough.cpp.o[0m
[215.890s] [ 52%] [32mBuilding CXX object src/stages/CMakeFiles/moveit_task_constructor_core_stages.dir/pick.cpp.o[0m
[233.158s] [ 53%] [32mBuilding CXX object src/stages/CMakeFiles/moveit_task_constructor_core_stages.dir/simple_grasp.cpp.o[0m
[251.864s] [ 55%] [32mBuilding CXX object src/stages/CMakeFiles/moveit_task_constructor_core_stages.dir/compute_ik.cpp.o[0m
[272.901s] [ 56%] [32mBuilding CXX object src/stages/CMakeFiles/moveit_task_constructor_core_stages.dir/generate_place_pose.cpp.o[0m
[290.189s] [ 57%] [32mBuilding CXX object src/stages/CMakeFiles/moveit_task_constructor_core_stages.dir/generate_grasp_pose.cpp.o[0m
[309.212s] [ 59%] [32mBuilding CXX object src/stages/CMakeFiles/moveit_task_constructor_core_stages.dir/generate_pose.cpp.o[0m
[329.934s] [ 60%] [32m[1mLinking CXX shared library libmoveit_task_constructor_core_stages.so[0m
[330.767s] [ 60%] Built target moveit_task_constructor_core_stages
[330.819s] [ 61%] [32mBuilding CXX object src/stages/CMakeFiles/moveit_task_constructor_core_stage_plugins.dir/plugins.cpp.o[0m
[334.534s] [ 63%] [32m[1mLinking CXX shared library libmoveit_task_constructor_core_stage_plugins.so[0m
[334.819s] [ 63%] Built target moveit_task_constructor_core_stage_plugins
[334.855s] [ 64%] [32mBuilding CXX object test/CMakeFiles/moveit_task_constructor_core-test-fallback.dir/test_fallback.cpp.o[0m
[339.888s] [ 65%] [32mBuilding CXX object test/CMakeFiles/moveit_task_constructor_core-test-cost-queue.dir/test_cost_queue.cpp.o[0m
[340.922s] [ 67%] [32mBuilding CXX object test/CMakeFiles/moveit_task_constructor_core-test-cost-terms.dir/test_cost_terms.cpp.o[0m
[342.071s] [ 68%] [32mBuilding CXX object test/CMakeFiles/moveit_task_constructor_core-test-properties.dir/test_properties.cpp.o[0m
[343.192s] [ 69%] [32mBuilding CXX object test/CMakeFiles/moveit_task_constructor_core-test-pruning.dir/test_pruning.cpp.o[0m
[344.328s] [ 71%] [32mBuilding CXX object test/CMakeFiles/moveit_task_constructor_core-test-serial.dir/test_serial.cpp.o[0m
[344.406s] [ 72%] [32mBuilding CXX object test/CMakeFiles/moveit_task_constructor_core-test-container.dir/test_container.cpp.o[0m
[352.482s] [ 73%] [32m[1mLinking CXX executable moveit_task_constructor_core-test-cost-queue[0m
[353.630s] [ 73%] Built target moveit_task_constructor_core-test-cost-queue
[357.190s] [ 75%] [32m[1mLinking CXX executable moveit_task_constructor_core-test-properties[0m
[358.398s] [ 75%] Built target moveit_task_constructor_core-test-properties
[368.106s] [ 76%] [32m[1mLinking CXX executable moveit_task_constructor_core-test-fallback[0m
[369.822s] [ 76%] Built target moveit_task_constructor_core-test-fallback
[375.378s] [ 77%] [32m[1mLinking CXX executable moveit_task_constructor_core-test-pruning[0m
[376.889s] [ 77%] Built target moveit_task_constructor_core-test-pruning
[377.516s] [ 78%] [32m[1mLinking CXX executable moveit_task_constructor_core-test-serial[0m
[378.598s] [ 78%] Built target moveit_task_constructor_core-test-serial
[379.822s] [ 80%] [32m[1mLinking CXX executable moveit_task_constructor_core-test-cost-terms[0m
[380.652s] [ 80%] Built target moveit_task_constructor_core-test-cost-terms
[383.232s] [ 81%] [32m[1mLinking CXX executable moveit_task_constructor_core-test-container[0m
[383.887s] [ 81%] Built target moveit_task_constructor_core-test-container
[383.923s] [ 82%] [32mBuilding CXX object test/CMakeFiles/pick_pa10.dir/pick_pa10.cpp.o[0m
[398.839s] [ 84%] [32m[1mLinking CXX executable pick_pa10[0m
[399.473s] [ 84%] Built target pick_pa10
[399.511s] [ 85%] [32mBuilding CXX object test/CMakeFiles/pick_pr2.dir/pick_pr2.cpp.o[0m
[412.673s] [ 86%] [32m[1mLinking CXX executable pick_pr2[0m
[413.364s] [ 86%] Built target pick_pr2
[413.414s] [ 88%] [32mBuilding CXX object test/CMakeFiles/pick_ur5.dir/pick_ur5.cpp.o[0m
[413.421s] [ 89%] [32mBuilding CXX object test/CMakeFiles/moveit_task_constructor_core-test-move-to.dir/test_move_to.cpp.o[0m
[413.423s] [ 90%] [32mBuilding CXX object test/CMakeFiles/moveit_task_constructor_core-test-move-relative.dir/test_move_relative.cpp.o[0m
[433.682s] [ 92%] [32m[1mLinking CXX executable pick_ur5[0m
[434.635s] [ 92%] Built target pick_ur5
[434.707s] [ 93%] [32mBuilding CXX object test/CMakeFiles/moveit_task_constructor_core-test-interface-state.dir/test_interface_state.cpp.o[0m
[435.086s] [ 94%] [32m[1mLinking CXX executable moveit_task_constructor_core-test-move-relative[0m
[436.134s] [ 94%] Built target moveit_task_constructor_core-test-move-relative
[436.198s] [ 96%] [32mBuilding CXX object test/CMakeFiles/moveit_task_constructor_core-test-stage.dir/test_stage.cpp.o[0m
[439.990s] [ 97%] [32m[1mLinking CXX executable moveit_task_constructor_core-test-move-to[0m
[441.041s] [ 97%] Built target moveit_task_constructor_core-test-move-to
[454.323s] [ 98%] [32m[1mLinking CXX executable moveit_task_constructor_core-test-stage[0m
[455.088s] [ 98%] Built target moveit_task_constructor_core-test-stage
[455.139s] [100%] [32m[1mLinking CXX executable moveit_task_constructor_core-test-interface-state[0m
[455.805s] [100%] Built target moveit_task_constructor_core-test-interface-state
[455.874s] Invoked command in '/home/stephenq0503/Desktop/robot_arm_sim/build/moveit_task_constructor_core' returned '0': AMENT_PREFIX_PATH=/home/stephenq0503/Desktop/robot_arm_sim/install/moveit_planners:/home/stephenq0503/Desktop/robot_arm_sim/install/pilz_industrial_motion_planner:/home/stephenq0503/Desktop/robot_arm_sim/install/moveit_ros_planning_interface:/home/stephenq0503/Desktop/robot_arm_sim/install/moveit_ros_move_group:/home/stephenq0503/Desktop/robot_arm_sim/install/moveit_ros_warehouse:/home/stephenq0503/Desktop/robot_arm_sim/install/moveit_planners_ompl:/home/stephenq0503/Desktop/robot_arm_sim/install/moveit_kinematics:/home/stephenq0503/Desktop/robot_arm_sim/install/moveit_ros_planning:/home/stephenq0503/Desktop/robot_arm_sim/install/moveit_ros_occupancy_map_monitor:/home/stephenq0503/Desktop/robot_arm_sim/install/moveit_core:/home/stephenq0503/Desktop/robot_arm_sim/install/rviz_marker_tools:/home/stephenq0503/Desktop/robot_arm_sim/install/moveit_configs_utils:/home/stephenq0503/Desktop/robot_arm_sim/install/srdfdom:/home/stephenq0503/Desktop/robot_arm_sim/install/moveit_task_constructor_msgs:/home/stephenq0503/Desktop/robot_arm_sim/install/moveit_common:/home/stephenq0503/Desktop/robot_arm_sim/install/launch_param_builder:${AMENT_PREFIX_PATH} CMAKE_PREFIX_PATH=/home/stephenq0503/Desktop/robot_arm_sim/install/moveit_planners:/home/stephenq0503/Desktop/robot_arm_sim/install/pilz_industrial_motion_planner:/home/stephenq0503/Desktop/robot_arm_sim/install/moveit_ros_planning_interface:/home/stephenq0503/Desktop/robot_arm_sim/install/moveit_ros_move_group:/home/stephenq0503/Desktop/robot_arm_sim/install/moveit_ros_warehouse:/home/stephenq0503/Desktop/robot_arm_sim/install/moveit_planners_ompl:/home/stephenq0503/Desktop/robot_arm_sim/install/moveit_kinematics:/home/stephenq0503/Desktop/robot_arm_sim/install/moveit_ros_planning:/home/stephenq0503/Desktop/robot_arm_sim/install/moveit_ros_occupancy_map_monitor:/home/stephenq0503/Desktop/robot_arm_sim/install/moveit_core:/home/stephenq0503/Desktop/robot_arm_sim/install/rviz_marker_tools:/home/stephenq0503/Desktop/robot_arm_sim/install/srdfdom:/home/stephenq0503/Desktop/robot_arm_sim/install/moveit_task_constructor_msgs:/home/stephenq0503/Desktop/robot_arm_sim/install/moveit_common:/home/stephenq0503/Desktop/robot_arm_sim/install/six_dof_arm:/home/stephenq0503/Desktop/robot_arm_sim/install/gazebo_ros2_control:/opt/ros/humble LD_LIBRARY_PATH=/home/stephenq0503/Desktop/robot_arm_sim/install/pilz_industrial_motion_planner/lib:/home/stephenq0503/Desktop/robot_arm_sim/install/moveit_ros_planning_interface/lib:/home/stephenq0503/Desktop/robot_arm_sim/install/moveit_ros_move_group/lib:/home/stephenq0503/Desktop/robot_arm_sim/install/moveit_ros_warehouse/lib:/home/stephenq0503/Desktop/robot_arm_sim/install/moveit_planners_ompl/lib:/home/stephenq0503/Desktop/robot_arm_sim/install/moveit_kinematics/lib:/home/stephenq0503/Desktop/robot_arm_sim/install/moveit_ros_planning/lib:/home/stephenq0503/Desktop/robot_arm_sim/install/moveit_ros_occupancy_map_monitor/lib:/home/stephenq0503/Desktop/robot_arm_sim/install/moveit_core/lib:/home/stephenq0503/Desktop/robot_arm_sim/install/rviz_marker_tools/lib:/home/stephenq0503/Desktop/robot_arm_sim/install/srdfdom/lib:/home/stephenq0503/Desktop/robot_arm_sim/install/moveit_task_constructor_msgs/lib:${LD_LIBRARY_PATH} PATH=/home/stephenq0503/Desktop/robot_arm_sim/install/moveit_core/bin:${PATH} PYTHONPATH=/home/stephenq0503/Desktop/robot_arm_sim/install/moveit_configs_utils/lib/python3.10/site-packages:/home/stephenq0503/Desktop/robot_arm_sim/install/srdfdom/local/lib/python3.10/dist-packages:/home/stephenq0503/Desktop/robot_arm_sim/install/moveit_task_constructor_msgs/local/lib/python3.10/dist-packages:/home/stephenq0503/Desktop/robot_arm_sim/install/launch_param_builder/lib/python3.10/site-packages:${PYTHONPATH} /usr/bin/cmake --build /home/stephenq0503/Desktop/robot_arm_sim/build/moveit_task_constructor_core -- -j8 -l8
[455.933s] Invoking command in '/home/stephenq0503/Desktop/robot_arm_sim/build/moveit_task_constructor_core': AMENT_PREFIX_PATH=/home/stephenq0503/Desktop/robot_arm_sim/install/moveit_planners:/home/stephenq0503/Desktop/robot_arm_sim/install/pilz_industrial_motion_planner:/home/stephenq0503/Desktop/robot_arm_sim/install/moveit_ros_planning_interface:/home/stephenq0503/Desktop/robot_arm_sim/install/moveit_ros_move_group:/home/stephenq0503/Desktop/robot_arm_sim/install/moveit_ros_warehouse:/home/stephenq0503/Desktop/robot_arm_sim/install/moveit_planners_ompl:/home/stephenq0503/Desktop/robot_arm_sim/install/moveit_kinematics:/home/stephenq0503/Desktop/robot_arm_sim/install/moveit_ros_planning:/home/stephenq0503/Desktop/robot_arm_sim/install/moveit_ros_occupancy_map_monitor:/home/stephenq0503/Desktop/robot_arm_sim/install/moveit_core:/home/stephenq0503/Desktop/robot_arm_sim/install/rviz_marker_tools:/home/stephenq0503/Desktop/robot_arm_sim/install/moveit_configs_utils:/home/stephenq0503/Desktop/robot_arm_sim/install/srdfdom:/home/stephenq0503/Desktop/robot_arm_sim/install/moveit_task_constructor_msgs:/home/stephenq0503/Desktop/robot_arm_sim/install/moveit_common:/home/stephenq0503/Desktop/robot_arm_sim/install/launch_param_builder:${AMENT_PREFIX_PATH} CMAKE_PREFIX_PATH=/home/stephenq0503/Desktop/robot_arm_sim/install/moveit_planners:/home/stephenq0503/Desktop/robot_arm_sim/install/pilz_industrial_motion_planner:/home/stephenq0503/Desktop/robot_arm_sim/install/moveit_ros_planning_interface:/home/stephenq0503/Desktop/robot_arm_sim/install/moveit_ros_move_group:/home/stephenq0503/Desktop/robot_arm_sim/install/moveit_ros_warehouse:/home/stephenq0503/Desktop/robot_arm_sim/install/moveit_planners_ompl:/home/stephenq0503/Desktop/robot_arm_sim/install/moveit_kinematics:/home/stephenq0503/Desktop/robot_arm_sim/install/moveit_ros_planning:/home/stephenq0503/Desktop/robot_arm_sim/install/moveit_ros_occupancy_map_monitor:/home/stephenq0503/Desktop/robot_arm_sim/install/moveit_core:/home/stephenq0503/Desktop/robot_arm_sim/install/rviz_marker_tools:/home/stephenq0503/Desktop/robot_arm_sim/install/srdfdom:/home/stephenq0503/Desktop/robot_arm_sim/install/moveit_task_constructor_msgs:/home/stephenq0503/Desktop/robot_arm_sim/install/moveit_common:/home/stephenq0503/Desktop/robot_arm_sim/install/six_dof_arm:/home/stephenq0503/Desktop/robot_arm_sim/install/gazebo_ros2_control:/opt/ros/humble LD_LIBRARY_PATH=/home/stephenq0503/Desktop/robot_arm_sim/install/pilz_industrial_motion_planner/lib:/home/stephenq0503/Desktop/robot_arm_sim/install/moveit_ros_planning_interface/lib:/home/stephenq0503/Desktop/robot_arm_sim/install/moveit_ros_move_group/lib:/home/stephenq0503/Desktop/robot_arm_sim/install/moveit_ros_warehouse/lib:/home/stephenq0503/Desktop/robot_arm_sim/install/moveit_planners_ompl/lib:/home/stephenq0503/Desktop/robot_arm_sim/install/moveit_kinematics/lib:/home/stephenq0503/Desktop/robot_arm_sim/install/moveit_ros_planning/lib:/home/stephenq0503/Desktop/robot_arm_sim/install/moveit_ros_occupancy_map_monitor/lib:/home/stephenq0503/Desktop/robot_arm_sim/install/moveit_core/lib:/home/stephenq0503/Desktop/robot_arm_sim/install/rviz_marker_tools/lib:/home/stephenq0503/Desktop/robot_arm_sim/install/srdfdom/lib:/home/stephenq0503/Desktop/robot_arm_sim/install/moveit_task_constructor_msgs/lib:${LD_LIBRARY_PATH} PATH=/home/stephenq0503/Desktop/robot_arm_sim/install/moveit_core/bin:${PATH} PYTHONPATH=/home/stephenq0503/Desktop/robot_arm_sim/install/moveit_configs_utils/lib/python3.10/site-packages:/home/stephenq0503/Desktop/robot_arm_sim/install/srdfdom/local/lib/python3.10/dist-packages:/home/stephenq0503/Desktop/robot_arm_sim/install/moveit_task_constructor_msgs/local/lib/python3.10/dist-packages:/home/stephenq0503/Desktop/robot_arm_sim/install/launch_param_builder/lib/python3.10/site-packages:${PYTHONPATH} /usr/bin/cmake --install /home/stephenq0503/Desktop/robot_arm_sim/build/moveit_task_constructor_core
[455.948s] -- Install configuration: "Release"
[455.948s] -- Installing: /home/stephenq0503/Desktop/robot_arm_sim/install/moveit_task_constructor_core/include
[455.948s] -- Installing: /home/stephenq0503/Desktop/robot_arm_sim/install/moveit_task_constructor_core/include/moveit
[455.948s] -- Installing: /home/stephenq0503/Desktop/robot_arm_sim/install/moveit_task_constructor_core/include/moveit/python
[455.948s] -- Installing: /home/stephenq0503/Desktop/robot_arm_sim/install/moveit_task_constructor_core/include/moveit/python/task_constructor
[455.948s] -- Installing: /home/stephenq0503/Desktop/robot_arm_sim/install/moveit_task_constructor_core/include/moveit/python/task_constructor/properties.h
[455.951s] -- Installing: /home/stephenq0503/Desktop/robot_arm_sim/install/moveit_task_constructor_core/include/moveit/python/python_tools
[455.951s] -- Installing: /home/stephenq0503/Desktop/robot_arm_sim/install/moveit_task_constructor_core/include/moveit/python/python_tools/ros_types.h
[455.953s] -- Installing: /home/stephenq0503/Desktop/robot_arm_sim/install/moveit_task_constructor_core/include/moveit/task_constructor
[455.953s] -- Installing: /home/stephenq0503/Desktop/robot_arm_sim/install/moveit_task_constructor_core/include/moveit/task_constructor/marker_tools.h
[455.953s] -- Installing: /home/stephenq0503/Desktop/robot_arm_sim/install/moveit_task_constructor_core/include/moveit/task_constructor/properties.h
[455.953s] -- Installing: /home/stephenq0503/Desktop/robot_arm_sim/install/moveit_task_constructor_core/include/moveit/task_constructor/introspection.h
[455.953s] -- Installing: /home/stephenq0503/Desktop/robot_arm_sim/install/moveit_task_constructor_core/include/moveit/task_constructor/container.h
[455.954s] -- Installing: /home/stephenq0503/Desktop/robot_arm_sim/install/moveit_task_constructor_core/include/moveit/task_constructor/cost_terms.h
[455.954s] -- Installing: /home/stephenq0503/Desktop/robot_arm_sim/install/moveit_task_constructor_core/include/moveit/task_constructor/moveit_compat.h
[455.954s] -- Installing: /home/stephenq0503/Desktop/robot_arm_sim/install/moveit_task_constructor_core/include/moveit/task_constructor/stages
[455.955s] -- Installing: /home/stephenq0503/Desktop/robot_arm_sim/install/moveit_task_constructor_core/include/moveit/task_constructor/stages/pick.h
[455.955s] -- Installing: /home/stephenq0503/Desktop/robot_arm_sim/install/moveit_task_constructor_core/include/moveit/task_constructor/stages/move_to.h
[455.955s] -- Installing: /home/stephenq0503/Desktop/robot_arm_sim/install/moveit_task_constructor_core/include/moveit/task_constructor/stages/modify_planning_scene.h
[455.955s] -- Installing: /home/stephenq0503/Desktop/robot_arm_sim/install/moveit_task_constructor_core/include/moveit/task_constructor/stages/move_relative.h
[455.955s] -- Installing: /home/stephenq0503/Desktop/robot_arm_sim/install/moveit_task_constructor_core/include/moveit/task_constructor/stages/generate_place_pose.h
[455.956s] -- Installing: /home/stephenq0503/Desktop/robot_arm_sim/install/moveit_task_constructor_core/include/moveit/task_constructor/stages/connect.h
[455.956s] -- Installing: /home/stephenq0503/Desktop/robot_arm_sim/install/moveit_task_constructor_core/include/moveit/task_constructor/stages/predicate_filter.h
[455.956s] -- Installing: /home/stephenq0503/Desktop/robot_arm_sim/install/moveit_task_constructor_core/include/moveit/task_constructor/stages/generate_pose.h
[455.956s] -- Installing: /home/stephenq0503/Desktop/robot_arm_sim/install/moveit_task_constructor_core/include/moveit/task_constructor/stages/passthrough.h
[455.957s] -- Installing: /home/stephenq0503/Desktop/robot_arm_sim/install/moveit_task_constructor_core/include/moveit/task_constructor/stages/fixed_state.h
[455.957s] -- Installing: /home/stephenq0503/Desktop/robot_arm_sim/install/moveit_task_constructor_core/include/moveit/task_constructor/stages/compute_ik.h
[455.957s] -- Installing: /home/stephenq0503/Desktop/robot_arm_sim/install/moveit_task_constructor_core/include/moveit/task_constructor/stages/current_state.h
[455.957s] -- Installing: /home/stephenq0503/Desktop/robot_arm_sim/install/moveit_task_constructor_core/include/moveit/task_constructor/stages/generate_grasp_pose.h
[455.957s] -- Installing: /home/stephenq0503/Desktop/robot_arm_sim/install/moveit_task_constructor_core/include/moveit/task_constructor/stages/fixed_cartesian_poses.h
[455.958s] -- Installing: /home/stephenq0503/Desktop/robot_arm_sim/install/moveit_task_constructor_core/include/moveit/task_constructor/stages/fix_collision_objects.h
[455.958s] -- Installing: /home/stephenq0503/Desktop/robot_arm_sim/install/moveit_task_constructor_core/include/moveit/task_constructor/stages/simple_grasp.h
[455.958s] -- Installing: /home/stephenq0503/Desktop/robot_arm_sim/install/moveit_task_constructor_core/include/moveit/task_constructor/storage.h
[455.958s] -- Installing: /home/stephenq0503/Desktop/robot_arm_sim/install/moveit_task_constructor_core/include/moveit/task_constructor/stage.h
[455.958s] -- Installing: /home/stephenq0503/Desktop/robot_arm_sim/install/moveit_task_constructor_core/include/moveit/task_constructor/merge.h
[455.959s] -- Installing: /home/stephenq0503/Desktop/robot_arm_sim/install/moveit_task_constructor_core/include/moveit/task_constructor/type_traits.h
[455.959s] -- Installing: /home/stephenq0503/Desktop/robot_arm_sim/install/moveit_task_constructor_core/include/moveit/task_constructor/utils.h
[455.959s] -- Installing: /home/stephenq0503/Desktop/robot_arm_sim/install/moveit_task_constructor_core/include/moveit/task_constructor/solvers.h
[455.959s] -- Installing: /home/stephenq0503/Desktop/robot_arm_sim/install/moveit_task_constructor_core/include/moveit/task_constructor/stages.h
[455.959s] -- Installing: /home/stephenq0503/Desktop/robot_arm_sim/install/moveit_task_constructor_core/include/moveit/task_constructor/cost_queue.h
[455.959s] -- Installing: /home/stephenq0503/Desktop/robot_arm_sim/install/moveit_task_constructor_core/include/moveit/task_constructor/solvers
[455.959s] -- Installing: /home/stephenq0503/Desktop/robot_arm_sim/install/moveit_task_constructor_core/include/moveit/task_constructor/solvers/multi_planner.h
[455.960s] -- Installing: /home/stephenq0503/Desktop/robot_arm_sim/install/moveit_task_constructor_core/include/moveit/task_constructor/solvers/joint_interpolation.h
[455.960s] -- Installing: /home/stephenq0503/Desktop/robot_arm_sim/install/moveit_task_constructor_core/include/moveit/task_constructor/solvers/pipeline_planner.h
[455.960s] -- Installing: /home/stephenq0503/Desktop/robot_arm_sim/install/moveit_task_constructor_core/include/moveit/task_constructor/solvers/planner_interface.h
[455.960s] -- Installing: /home/stephenq0503/Desktop/robot_arm_sim/install/moveit_task_constructor_core/include/moveit/task_constructor/solvers/cartesian_path.h
[455.960s] -- Installing: /home/stephenq0503/Desktop/robot_arm_sim/install/moveit_task_constructor_core/include/moveit/task_constructor/task.h
[455.961s] -- Installing: /home/stephenq0503/Desktop/robot_arm_sim/install/moveit_task_constructor_core/share/moveit_task_constructor_core/motion_planning_stages_plugin_description.xml
[455.961s] -- Installing: /home/stephenq0503/Desktop/robot_arm_sim/install/moveit_task_constructor_core/share/moveit_task_constructor_core/environment/library_path.sh
[455.961s] -- Installing: /home/stephenq0503/Desktop/robot_arm_sim/install/moveit_task_constructor_core/share/moveit_task_constructor_core/environment/library_path.dsv
[455.962s] -- Installing: /home/stephenq0503/Desktop/robot_arm_sim/install/moveit_task_constructor_core/share/ament_index/resource_index/package_run_dependencies/moveit_task_constructor_core
[455.962s] -- Installing: /home/stephenq0503/Desktop/robot_arm_sim/install/moveit_task_constructor_core/share/ament_index/resource_index/parent_prefix_path/moveit_task_constructor_core
[455.962s] -- Installing: /home/stephenq0503/Desktop/robot_arm_sim/install/moveit_task_constructor_core/share/moveit_task_constructor_core/environment/ament_prefix_path.sh
[455.963s] -- Installing: /home/stephenq0503/Desktop/robot_arm_sim/install/moveit_task_constructor_core/share/moveit_task_constructor_core/environment/ament_prefix_path.dsv
[455.963s] -- Installing: /home/stephenq0503/Desktop/robot_arm_sim/install/moveit_task_constructor_core/share/moveit_task_constructor_core/environment/path.sh
[455.963s] -- Installing: /home/stephenq0503/Desktop/robot_arm_sim/install/moveit_task_constructor_core/share/moveit_task_constructor_core/environment/path.dsv
[455.963s] -- Installing: /home/stephenq0503/Desktop/robot_arm_sim/install/moveit_task_constructor_core/share/moveit_task_constructor_core/local_setup.bash
[455.963s] -- Installing: /home/stephenq0503/Desktop/robot_arm_sim/install/moveit_task_constructor_core/share/moveit_task_constructor_core/local_setup.sh
[455.964s] -- Installing: /home/stephenq0503/Desktop/robot_arm_sim/install/moveit_task_constructor_core/share/moveit_task_constructor_core/local_setup.zsh
[455.964s] -- Installing: /home/stephenq0503/Desktop/robot_arm_sim/install/moveit_task_constructor_core/share/moveit_task_constructor_core/local_setup.dsv
[455.964s] -- Installing: /home/stephenq0503/Desktop/robot_arm_sim/install/moveit_task_constructor_core/share/moveit_task_constructor_core/package.dsv
[455.964s] -- Installing: /home/stephenq0503/Desktop/robot_arm_sim/install/moveit_task_constructor_core/share/ament_index/resource_index/packages/moveit_task_constructor_core
[455.964s] -- Installing: /home/stephenq0503/Desktop/robot_arm_sim/install/moveit_task_constructor_core/share/ament_index/resource_index/moveit_task_constructor_core__pluginlib__plugin/moveit_task_constructor_core
[455.965s] -- Installing: /home/stephenq0503/Desktop/robot_arm_sim/install/moveit_task_constructor_core/share/moveit_task_constructor_core/cmake/moveit_task_constructor_coreTargetsExport.cmake
[455.965s] -- Installing: /home/stephenq0503/Desktop/robot_arm_sim/install/moveit_task_constructor_core/share/moveit_task_constructor_core/cmake/moveit_task_constructor_coreTargetsExport-release.cmake
[455.965s] -- Installing: /home/stephenq0503/Desktop/robot_arm_sim/install/moveit_task_constructor_core/share/moveit_task_constructor_core/cmake/ament_cmake_export_targets-extras.cmake
[455.965s] -- Installing: /home/stephenq0503/Desktop/robot_arm_sim/install/moveit_task_constructor_core/share/moveit_task_constructor_core/cmake/ament_cmake_export_dependencies-extras.cmake
[455.966s] -- Installing: /home/stephenq0503/Desktop/robot_arm_sim/install/moveit_task_constructor_core/share/moveit_task_constructor_core/cmake/moveit_task_constructor_coreConfig.cmake
[455.966s] -- Installing: /home/stephenq0503/Desktop/robot_arm_sim/install/moveit_task_constructor_core/share/moveit_task_constructor_core/cmake/moveit_task_constructor_coreConfig-version.cmake
[455.966s] -- Installing: /home/stephenq0503/Desktop/robot_arm_sim/install/moveit_task_constructor_core/share/moveit_task_constructor_core/package.xml
[455.966s] -- Installing: /home/stephenq0503/Desktop/robot_arm_sim/install/moveit_task_constructor_core/lib/libmoveit_task_constructor_core.so
[455.970s] -- Set runtime path of "/home/stephenq0503/Desktop/robot_arm_sim/install/moveit_task_constructor_core/lib/libmoveit_task_constructor_core.so" to ""
[455.971s] -- Installing: /home/stephenq0503/Desktop/robot_arm_sim/install/moveit_task_constructor_core/lib/libmoveit_task_constructor_core_stages.so
[455.973s] -- Set runtime path of "/home/stephenq0503/Desktop/robot_arm_sim/install/moveit_task_constructor_core/lib/libmoveit_task_constructor_core_stages.so" to ""
[455.973s] -- Installing: /home/stephenq0503/Desktop/robot_arm_sim/install/moveit_task_constructor_core/lib/libmoveit_task_constructor_core_stage_plugins.so
[455.974s] -- Set runtime path of "/home/stephenq0503/Desktop/robot_arm_sim/install/moveit_task_constructor_core/lib/libmoveit_task_constructor_core_stage_plugins.so" to ""
[455.977s] Invoked command in '/home/stephenq0503/Desktop/robot_arm_sim/build/moveit_task_constructor_core' returned '0': AMENT_PREFIX_PATH=/home/stephenq0503/Desktop/robot_arm_sim/install/moveit_planners:/home/stephenq0503/Desktop/robot_arm_sim/install/pilz_industrial_motion_planner:/home/stephenq0503/Desktop/robot_arm_sim/install/moveit_ros_planning_interface:/home/stephenq0503/Desktop/robot_arm_sim/install/moveit_ros_move_group:/home/stephenq0503/Desktop/robot_arm_sim/install/moveit_ros_warehouse:/home/stephenq0503/Desktop/robot_arm_sim/install/moveit_planners_ompl:/home/stephenq0503/Desktop/robot_arm_sim/install/moveit_kinematics:/home/stephenq0503/Desktop/robot_arm_sim/install/moveit_ros_planning:/home/stephenq0503/Desktop/robot_arm_sim/install/moveit_ros_occupancy_map_monitor:/home/stephenq0503/Desktop/robot_arm_sim/install/moveit_core:/home/stephenq0503/Desktop/robot_arm_sim/install/rviz_marker_tools:/home/stephenq0503/Desktop/robot_arm_sim/install/moveit_configs_utils:/home/stephenq0503/Desktop/robot_arm_sim/install/srdfdom:/home/stephenq0503/Desktop/robot_arm_sim/install/moveit_task_constructor_msgs:/home/stephenq0503/Desktop/robot_arm_sim/install/moveit_common:/home/stephenq0503/Desktop/robot_arm_sim/install/launch_param_builder:${AMENT_PREFIX_PATH} CMAKE_PREFIX_PATH=/home/stephenq0503/Desktop/robot_arm_sim/install/moveit_planners:/home/stephenq0503/Desktop/robot_arm_sim/install/pilz_industrial_motion_planner:/home/stephenq0503/Desktop/robot_arm_sim/install/moveit_ros_planning_interface:/home/stephenq0503/Desktop/robot_arm_sim/install/moveit_ros_move_group:/home/stephenq0503/Desktop/robot_arm_sim/install/moveit_ros_warehouse:/home/stephenq0503/Desktop/robot_arm_sim/install/moveit_planners_ompl:/home/stephenq0503/Desktop/robot_arm_sim/install/moveit_kinematics:/home/stephenq0503/Desktop/robot_arm_sim/install/moveit_ros_planning:/home/stephenq0503/Desktop/robot_arm_sim/install/moveit_ros_occupancy_map_monitor:/home/stephenq0503/Desktop/robot_arm_sim/install/moveit_core:/home/stephenq0503/Desktop/robot_arm_sim/install/rviz_marker_tools:/home/stephenq0503/Desktop/robot_arm_sim/install/srdfdom:/home/stephenq0503/Desktop/robot_arm_sim/install/moveit_task_constructor_msgs:/home/stephenq0503/Desktop/robot_arm_sim/install/moveit_common:/home/stephenq0503/Desktop/robot_arm_sim/install/six_dof_arm:/home/stephenq0503/Desktop/robot_arm_sim/install/gazebo_ros2_control:/opt/ros/humble LD_LIBRARY_PATH=/home/stephenq0503/Desktop/robot_arm_sim/install/pilz_industrial_motion_planner/lib:/home/stephenq0503/Desktop/robot_arm_sim/install/moveit_ros_planning_interface/lib:/home/stephenq0503/Desktop/robot_arm_sim/install/moveit_ros_move_group/lib:/home/stephenq0503/Desktop/robot_arm_sim/install/moveit_ros_warehouse/lib:/home/stephenq0503/Desktop/robot_arm_sim/install/moveit_planners_ompl/lib:/home/stephenq0503/Desktop/robot_arm_sim/install/moveit_kinematics/lib:/home/stephenq0503/Desktop/robot_arm_sim/install/moveit_ros_planning/lib:/home/stephenq0503/Desktop/robot_arm_sim/install/moveit_ros_occupancy_map_monitor/lib:/home/stephenq0503/Desktop/robot_arm_sim/install/moveit_core/lib:/home/stephenq0503/Desktop/robot_arm_sim/install/rviz_marker_tools/lib:/home/stephenq0503/Desktop/robot_arm_sim/install/srdfdom/lib:/home/stephenq0503/Desktop/robot_arm_sim/install/moveit_task_constructor_msgs/lib:${LD_LIBRARY_PATH} PATH=/home/stephenq0503/Desktop/robot_arm_sim/install/moveit_core/bin:${PATH} PYTHONPATH=/home/stephenq0503/Desktop/robot_arm_sim/install/moveit_configs_utils/lib/python3.10/site-packages:/home/stephenq0503/Desktop/robot_arm_sim/install/srdfdom/local/lib/python3.10/dist-packages:/home/stephenq0503/Desktop/robot_arm_sim/install/moveit_task_constructor_msgs/local/lib/python3.10/dist-packages:/home/stephenq0503/Desktop/robot_arm_sim/install/launch_param_builder/lib/python3.10/site-packages:${PYTHONPATH} /usr/bin/cmake --install /home/stephenq0503/Desktop/robot_arm_sim/build/moveit_task_constructor_core
