[0.312s] Invoking command in '/home/stephenq0503/Desktop/robot_arm_sim/build/moveit_ros_control_interface': AMENT_PREFIX_PATH=/home/stephenq0503/Desktop/robot_arm_sim/install/moveit_simple_controller_manager:/home/stephenq0503/Desktop/robot_arm_sim/install/moveit_core:/home/stephenq0503/Desktop/robot_arm_sim/install/srdfdom:/home/stephenq0503/Desktop/robot_arm_sim/install/moveit_common:${AMENT_PREFIX_PATH} CMAKE_PREFIX_PATH=/home/stephenq0503/Desktop/robot_arm_sim/install/moveit_simple_controller_manager:/home/stephenq0503/Desktop/robot_arm_sim/install/moveit_core:/home/stephenq0503/Desktop/robot_arm_sim/install/srdfdom:/home/stephenq0503/Desktop/robot_arm_sim/install/moveit_common:/home/stephenq0503/Desktop/robot_arm_sim/install/six_dof_arm:/home/stephenq0503/Desktop/robot_arm_sim/install/gazebo_ros2_control:/opt/ros/humble LD_LIBRARY_PATH=/home/stephenq0503/Desktop/robot_arm_sim/install/moveit_simple_controller_manager/lib:/home/stephenq0503/Desktop/robot_arm_sim/install/moveit_core/lib:/home/stephenq0503/Desktop/robot_arm_sim/install/srdfdom/lib:${LD_LIBRARY_PATH} PATH=/home/stephenq0503/Desktop/robot_arm_sim/install/moveit_core/bin:${PATH} PYTHONPATH=/home/stephenq0503/Desktop/robot_arm_sim/install/srdfdom/local/lib/python3.10/dist-packages:${PYTHONPATH} /usr/bin/cmake /home/stephenq0503/Desktop/robot_arm_sim/src/moveit2/moveit_plugins/moveit_ros_control_interface -DCMAKE_INSTALL_PREFIX=/home/stephenq0503/Desktop/robot_arm_sim/install/moveit_ros_control_interface
[0.500s] -- The C compiler identification is GNU 11.4.0
[0.681s] -- The CXX compiler identification is GNU 11.4.0
[0.700s] -- Detecting C compiler ABI info
[1.021s] -- Detecting C compiler ABI info - done
[1.040s] -- Check for working C compiler: /usr/bin/cc - skipped
[1.043s] -- Detecting C compile features
[1.045s] -- Detecting C compile features - done
[1.055s] -- Detecting CXX compiler ABI info
[1.370s] -- Detecting CXX compiler ABI info - done
[1.392s] -- Check for working CXX compiler: /usr/bin/c++ - skipped
[1.393s] -- Detecting CXX compile features
[1.394s] -- Detecting CXX compile features - done
[1.401s] -- Found ament_cmake: 1.3.7 (/opt/ros/humble/share/ament_cmake/cmake)
[2.018s] -- Found Python3: /usr/bin/python3.10 (found version "3.10.12") found components: Interpreter 
[2.330s] -- Found rclcpp_action: 16.0.8 (/opt/ros/humble/share/rclcpp_action/cmake)
[2.553s] -- Found rosidl_generator_c: 3.1.5 (/opt/ros/humble/share/rosidl_generator_c/cmake)
[2.567s] -- Found rosidl_adapter: 3.1.5 (/opt/ros/humble/share/rosidl_adapter/cmake)
[2.590s] -- Found rosidl_generator_cpp: 3.1.5 (/opt/ros/humble/share/rosidl_generator_cpp/cmake)
[2.628s] -- Using all available rosidl_typesupport_c: rosidl_typesupport_fastrtps_c;rosidl_typesupport_introspection_c
[2.697s] -- Using all available rosidl_typesupport_cpp: rosidl_typesupport_fastrtps_cpp;rosidl_typesupport_introspection_cpp
[3.103s] -- Found rmw_implementation_cmake: 6.1.1 (/opt/ros/humble/share/rmw_implementation_cmake/cmake)
[3.119s] -- Found rmw_fastrtps_cpp: 6.2.6 (/opt/ros/humble/share/rmw_fastrtps_cpp/cmake)
[3.382s] -- Found OpenSSL: /usr/lib/x86_64-linux-gnu/libcrypto.so (found version "3.0.2")  
[3.447s] -- Found FastRTPS: /opt/ros/humble/include  
[3.586s] -- Using RMW implementation 'rmw_fastrtps_cpp' as default
[3.650s] -- Looking for pthread.h
[3.765s] -- Looking for pthread.h - found
[3.765s] -- Performing Test CMAKE_HAVE_LIBC_PTHREAD
[3.934s] -- Performing Test CMAKE_HAVE_LIBC_PTHREAD - Success
[3.936s] -- Found Threads: TRUE  
[4.430s] -- Found controller_manager_msgs: 2.37.0 (/opt/ros/humble/share/controller_manager_msgs/cmake)
[4.569s] -- Found moveit_core: 2.5.5 (/home/stephenq0503/Desktop/robot_arm_sim/install/moveit_core/share/moveit_core/cmake)
[4.648s] -- Found Boost: /usr/lib/x86_64-linux-gnu/cmake/Boost-1.74.0/BoostConfig.cmake (found version "1.74.0") found components: chrono date_time filesystem iostreams program_options regex serialization system thread 
[4.754s] -- Found parameter_traits: 0.3.7 (/opt/ros/humble/share/parameter_traits/cmake)
[4.798s] -- Found Eigen3: TRUE (found version "3.4.0") 
[4.812s] -- Found rclcpp_lifecycle: 16.0.8 (/opt/ros/humble/share/rclcpp_lifecycle/cmake)
[4.869s] -- Found Boost: /usr/lib/x86_64-linux-gnu/cmake/Boost-1.74.0/BoostConfig.cmake (found version "1.74.0") found components: filesystem 
[5.196s] -- library: /usr/lib/x86_64-linux-gnu/libcurl.so
[6.072s] -- Ensuring Eigen3 include directory is part of orocos-kdl CMake target
[8.448s] -- Found moveit_simple_controller_manager: 2.5.5 (/home/stephenq0503/Desktop/robot_arm_sim/install/moveit_simple_controller_manager/share/moveit_simple_controller_manager/cmake)
[8.456s] -- Found Boost: /usr/lib/x86_64-linux-gnu/cmake/Boost-1.74.0/BoostConfig.cmake (found version "1.74.0") found components: thread 
[9.531s] -- Found moveit_common: 2.5.5 (/home/stephenq0503/Desktop/robot_arm_sim/install/moveit_common/share/moveit_common/cmake)
[9.675s] -- Found libdw: /usr/lib/x86_64-linux-gnu/libdw.so  
[9.680s] -- Could NOT find libbfd (missing: LIBBFD_LIBRARY LIBBFD_INCLUDE_DIR) 
[9.681s] -- BACKWARD_HAS_UNWIND=1
[9.681s] -- BACKWARD_HAS_BACKTRACE=0
[9.681s] -- BACKWARD_HAS_BACKTRACE_SYMBOL=0
[9.681s] -- BACKWARD_HAS_DW=1
[9.681s] -- BACKWARD_HAS_BFD=0
[9.682s] -- Found Backward: /opt/ros/humble/share/backward_ros/cmake  
[9.682s] [0mmoveit_ros_control_interface: You did not request a specific build type: Choosing 'Release' for maximum performance[0m
[9.690s] -- Found Boost: /usr/lib/x86_64-linux-gnu/cmake/Boost-1.74.0/BoostConfig.cmake (found version "1.74.0") found components: system thread 
[9.737s] -- Found ament_lint_auto: 0.12.10 (/opt/ros/humble/share/ament_lint_auto/cmake)
[9.768s] -- Added test 'cppcheck' to perform static code analysis on C / C++ code
[9.769s] -- Configured cppcheck include dirs: /home/stephenq0503/Desktop/robot_arm_sim/src/moveit2/moveit_plugins/moveit_ros_control_interface/include
[9.769s] -- Configured cppcheck exclude dirs and/or files: 
[9.771s] -- Added test 'lint_cmake' to check CMake code style
[9.772s] -- Added test 'xmllint' to check XML markup files
[9.775s] -- Configuring done
[9.888s] -- Generating done
[9.894s] -- Build files have been written to: /home/stephenq0503/Desktop/robot_arm_sim/build/moveit_ros_control_interface
[9.917s] Invoked command in '/home/stephenq0503/Desktop/robot_arm_sim/build/moveit_ros_control_interface' returned '0': AMENT_PREFIX_PATH=/home/stephenq0503/Desktop/robot_arm_sim/install/moveit_simple_controller_manager:/home/stephenq0503/Desktop/robot_arm_sim/install/moveit_core:/home/stephenq0503/Desktop/robot_arm_sim/install/srdfdom:/home/stephenq0503/Desktop/robot_arm_sim/install/moveit_common:${AMENT_PREFIX_PATH} CMAKE_PREFIX_PATH=/home/stephenq0503/Desktop/robot_arm_sim/install/moveit_simple_controller_manager:/home/stephenq0503/Desktop/robot_arm_sim/install/moveit_core:/home/stephenq0503/Desktop/robot_arm_sim/install/srdfdom:/home/stephenq0503/Desktop/robot_arm_sim/install/moveit_common:/home/stephenq0503/Desktop/robot_arm_sim/install/six_dof_arm:/home/stephenq0503/Desktop/robot_arm_sim/install/gazebo_ros2_control:/opt/ros/humble LD_LIBRARY_PATH=/home/stephenq0503/Desktop/robot_arm_sim/install/moveit_simple_controller_manager/lib:/home/stephenq0503/Desktop/robot_arm_sim/install/moveit_core/lib:/home/stephenq0503/Desktop/robot_arm_sim/install/srdfdom/lib:${LD_LIBRARY_PATH} PATH=/home/stephenq0503/Desktop/robot_arm_sim/install/moveit_core/bin:${PATH} PYTHONPATH=/home/stephenq0503/Desktop/robot_arm_sim/install/srdfdom/local/lib/python3.10/dist-packages:${PYTHONPATH} /usr/bin/cmake /home/stephenq0503/Desktop/robot_arm_sim/src/moveit2/moveit_plugins/moveit_ros_control_interface -DCMAKE_INSTALL_PREFIX=/home/stephenq0503/Desktop/robot_arm_sim/install/moveit_ros_control_interface
[9.920s] Invoking command in '/home/stephenq0503/Desktop/robot_arm_sim/build/moveit_ros_control_interface': AMENT_PREFIX_PATH=/home/stephenq0503/Desktop/robot_arm_sim/install/moveit_simple_controller_manager:/home/stephenq0503/Desktop/robot_arm_sim/install/moveit_core:/home/stephenq0503/Desktop/robot_arm_sim/install/srdfdom:/home/stephenq0503/Desktop/robot_arm_sim/install/moveit_common:${AMENT_PREFIX_PATH} CMAKE_PREFIX_PATH=/home/stephenq0503/Desktop/robot_arm_sim/install/moveit_simple_controller_manager:/home/stephenq0503/Desktop/robot_arm_sim/install/moveit_core:/home/stephenq0503/Desktop/robot_arm_sim/install/srdfdom:/home/stephenq0503/Desktop/robot_arm_sim/install/moveit_common:/home/stephenq0503/Desktop/robot_arm_sim/install/six_dof_arm:/home/stephenq0503/Desktop/robot_arm_sim/install/gazebo_ros2_control:/opt/ros/humble LD_LIBRARY_PATH=/home/stephenq0503/Desktop/robot_arm_sim/install/moveit_simple_controller_manager/lib:/home/stephenq0503/Desktop/robot_arm_sim/install/moveit_core/lib:/home/stephenq0503/Desktop/robot_arm_sim/install/srdfdom/lib:${LD_LIBRARY_PATH} PATH=/home/stephenq0503/Desktop/robot_arm_sim/install/moveit_core/bin:${PATH} PYTHONPATH=/home/stephenq0503/Desktop/robot_arm_sim/install/srdfdom/local/lib/python3.10/dist-packages:${PYTHONPATH} /usr/bin/cmake --build /home/stephenq0503/Desktop/robot_arm_sim/build/moveit_ros_control_interface -- -j8 -l8
[9.996s] [ 12%] [32mBuilding CXX object CMakeFiles/moveit_ros_control_interface_plugin.dir/src/controller_manager_plugin.cpp.o[0m
[34.572s] [ 25%] [32m[1mLinking CXX shared library libmoveit_ros_control_interface_plugin.so[0m
[35.031s] [ 25%] Built target moveit_ros_control_interface_plugin
[35.077s] [ 37%] [32mBuilding CXX object CMakeFiles/moveit_ros_control_interface_empty_plugin.dir/src/empty_controller_plugin.cpp.o[0m
[40.151s] [ 50%] [32m[1mLinking CXX shared library libmoveit_ros_control_interface_empty_plugin.so[0m
[40.565s] [ 50%] Built target moveit_ros_control_interface_empty_plugin
[40.597s] [ 62%] [32mBuilding CXX object CMakeFiles/moveit_ros_control_interface_gripper_plugin.dir/src/gripper_controller_plugin.cpp.o[0m
[47.619s] [ 75%] [32m[1mLinking CXX shared library libmoveit_ros_control_interface_gripper_plugin.so[0m
[47.876s] [ 75%] Built target moveit_ros_control_interface_gripper_plugin
[47.905s] [ 87%] [32mBuilding CXX object CMakeFiles/moveit_ros_control_interface_trajectory_plugin.dir/src/joint_trajectory_controller_plugin.cpp.o[0m
[54.560s] [100%] [32m[1mLinking CXX shared library libmoveit_ros_control_interface_trajectory_plugin.so[0m
[54.821s] [100%] Built target moveit_ros_control_interface_trajectory_plugin
[54.887s] Invoked command in '/home/stephenq0503/Desktop/robot_arm_sim/build/moveit_ros_control_interface' returned '0': AMENT_PREFIX_PATH=/home/stephenq0503/Desktop/robot_arm_sim/install/moveit_simple_controller_manager:/home/stephenq0503/Desktop/robot_arm_sim/install/moveit_core:/home/stephenq0503/Desktop/robot_arm_sim/install/srdfdom:/home/stephenq0503/Desktop/robot_arm_sim/install/moveit_common:${AMENT_PREFIX_PATH} CMAKE_PREFIX_PATH=/home/stephenq0503/Desktop/robot_arm_sim/install/moveit_simple_controller_manager:/home/stephenq0503/Desktop/robot_arm_sim/install/moveit_core:/home/stephenq0503/Desktop/robot_arm_sim/install/srdfdom:/home/stephenq0503/Desktop/robot_arm_sim/install/moveit_common:/home/stephenq0503/Desktop/robot_arm_sim/install/six_dof_arm:/home/stephenq0503/Desktop/robot_arm_sim/install/gazebo_ros2_control:/opt/ros/humble LD_LIBRARY_PATH=/home/stephenq0503/Desktop/robot_arm_sim/install/moveit_simple_controller_manager/lib:/home/stephenq0503/Desktop/robot_arm_sim/install/moveit_core/lib:/home/stephenq0503/Desktop/robot_arm_sim/install/srdfdom/lib:${LD_LIBRARY_PATH} PATH=/home/stephenq0503/Desktop/robot_arm_sim/install/moveit_core/bin:${PATH} PYTHONPATH=/home/stephenq0503/Desktop/robot_arm_sim/install/srdfdom/local/lib/python3.10/dist-packages:${PYTHONPATH} /usr/bin/cmake --build /home/stephenq0503/Desktop/robot_arm_sim/build/moveit_ros_control_interface -- -j8 -l8
[54.931s] Invoking command in '/home/stephenq0503/Desktop/robot_arm_sim/build/moveit_ros_control_interface': AMENT_PREFIX_PATH=/home/stephenq0503/Desktop/robot_arm_sim/install/moveit_simple_controller_manager:/home/stephenq0503/Desktop/robot_arm_sim/install/moveit_core:/home/stephenq0503/Desktop/robot_arm_sim/install/srdfdom:/home/stephenq0503/Desktop/robot_arm_sim/install/moveit_common:${AMENT_PREFIX_PATH} CMAKE_PREFIX_PATH=/home/stephenq0503/Desktop/robot_arm_sim/install/moveit_simple_controller_manager:/home/stephenq0503/Desktop/robot_arm_sim/install/moveit_core:/home/stephenq0503/Desktop/robot_arm_sim/install/srdfdom:/home/stephenq0503/Desktop/robot_arm_sim/install/moveit_common:/home/stephenq0503/Desktop/robot_arm_sim/install/six_dof_arm:/home/stephenq0503/Desktop/robot_arm_sim/install/gazebo_ros2_control:/opt/ros/humble LD_LIBRARY_PATH=/home/stephenq0503/Desktop/robot_arm_sim/install/moveit_simple_controller_manager/lib:/home/stephenq0503/Desktop/robot_arm_sim/install/moveit_core/lib:/home/stephenq0503/Desktop/robot_arm_sim/install/srdfdom/lib:${LD_LIBRARY_PATH} PATH=/home/stephenq0503/Desktop/robot_arm_sim/install/moveit_core/bin:${PATH} PYTHONPATH=/home/stephenq0503/Desktop/robot_arm_sim/install/srdfdom/local/lib/python3.10/dist-packages:${PYTHONPATH} /usr/bin/cmake --install /home/stephenq0503/Desktop/robot_arm_sim/build/moveit_ros_control_interface
[54.941s] -- Install configuration: "Release"
[54.941s] -- Installing: /home/stephenq0503/Desktop/robot_arm_sim/install/moveit_ros_control_interface/lib/libmoveit_ros_control_interface_plugin.so.2.5.5
[54.943s] -- Set runtime path of "/home/stephenq0503/Desktop/robot_arm_sim/install/moveit_ros_control_interface/lib/libmoveit_ros_control_interface_plugin.so.2.5.5" to ""
[54.943s] -- Installing: /home/stephenq0503/Desktop/robot_arm_sim/install/moveit_ros_control_interface/lib/libmoveit_ros_control_interface_plugin.so
[54.943s] -- Installing: /home/stephenq0503/Desktop/robot_arm_sim/install/moveit_ros_control_interface/lib/libmoveit_ros_control_interface_trajectory_plugin.so.2.5.5
[54.944s] -- Set runtime path of "/home/stephenq0503/Desktop/robot_arm_sim/install/moveit_ros_control_interface/lib/libmoveit_ros_control_interface_trajectory_plugin.so.2.5.5" to ""
[54.944s] -- Installing: /home/stephenq0503/Desktop/robot_arm_sim/install/moveit_ros_control_interface/lib/libmoveit_ros_control_interface_trajectory_plugin.so
[54.944s] -- Installing: /home/stephenq0503/Desktop/robot_arm_sim/install/moveit_ros_control_interface/lib/libmoveit_ros_control_interface_gripper_plugin.so.2.5.5
[54.945s] -- Set runtime path of "/home/stephenq0503/Desktop/robot_arm_sim/install/moveit_ros_control_interface/lib/libmoveit_ros_control_interface_gripper_plugin.so.2.5.5" to ""
[54.945s] -- Installing: /home/stephenq0503/Desktop/robot_arm_sim/install/moveit_ros_control_interface/lib/libmoveit_ros_control_interface_gripper_plugin.so
[54.945s] -- Installing: /home/stephenq0503/Desktop/robot_arm_sim/install/moveit_ros_control_interface/lib/libmoveit_ros_control_interface_empty_plugin.so.2.5.5
[54.945s] -- Set runtime path of "/home/stephenq0503/Desktop/robot_arm_sim/install/moveit_ros_control_interface/lib/libmoveit_ros_control_interface_empty_plugin.so.2.5.5" to ""
[54.946s] -- Installing: /home/stephenq0503/Desktop/robot_arm_sim/install/moveit_ros_control_interface/lib/libmoveit_ros_control_interface_empty_plugin.so
[54.946s] -- Installing: /home/stephenq0503/Desktop/robot_arm_sim/install/moveit_ros_control_interface/include
[54.946s] -- Installing: /home/stephenq0503/Desktop/robot_arm_sim/install/moveit_ros_control_interface/include/moveit_ros_control_interface
[54.946s] -- Installing: /home/stephenq0503/Desktop/robot_arm_sim/install/moveit_ros_control_interface/include/moveit_ros_control_interface/ControllerHandle.h
[54.946s] -- Installing: /home/stephenq0503/Desktop/robot_arm_sim/install/moveit_ros_control_interface/share/moveit_ros_control_interface/moveit_core_plugins.xml
[54.946s] -- Installing: /home/stephenq0503/Desktop/robot_arm_sim/install/moveit_ros_control_interface/share/moveit_ros_control_interface/moveit_ros_control_interface_plugins.xml
[54.946s] -- Installing: /home/stephenq0503/Desktop/robot_arm_sim/install/moveit_ros_control_interface/share/moveit_ros_control_interface/environment/library_path.sh
[54.946s] -- Installing: /home/stephenq0503/Desktop/robot_arm_sim/install/moveit_ros_control_interface/share/moveit_ros_control_interface/environment/library_path.dsv
[54.947s] -- Installing: /home/stephenq0503/Desktop/robot_arm_sim/install/moveit_ros_control_interface/share/ament_index/resource_index/package_run_dependencies/moveit_ros_control_interface
[54.947s] -- Installing: /home/stephenq0503/Desktop/robot_arm_sim/install/moveit_ros_control_interface/share/ament_index/resource_index/parent_prefix_path/moveit_ros_control_interface
[54.947s] -- Installing: /home/stephenq0503/Desktop/robot_arm_sim/install/moveit_ros_control_interface/share/moveit_ros_control_interface/environment/ament_prefix_path.sh
[54.947s] -- Installing: /home/stephenq0503/Desktop/robot_arm_sim/install/moveit_ros_control_interface/share/moveit_ros_control_interface/environment/ament_prefix_path.dsv
[54.948s] -- Installing: /home/stephenq0503/Desktop/robot_arm_sim/install/moveit_ros_control_interface/share/moveit_ros_control_interface/environment/path.sh
[54.948s] -- Installing: /home/stephenq0503/Desktop/robot_arm_sim/install/moveit_ros_control_interface/share/moveit_ros_control_interface/environment/path.dsv
[54.948s] -- Installing: /home/stephenq0503/Desktop/robot_arm_sim/install/moveit_ros_control_interface/share/moveit_ros_control_interface/local_setup.bash
[54.948s] -- Installing: /home/stephenq0503/Desktop/robot_arm_sim/install/moveit_ros_control_interface/share/moveit_ros_control_interface/local_setup.sh
[54.948s] -- Installing: /home/stephenq0503/Desktop/robot_arm_sim/install/moveit_ros_control_interface/share/moveit_ros_control_interface/local_setup.zsh
[54.948s] -- Installing: /home/stephenq0503/Desktop/robot_arm_sim/install/moveit_ros_control_interface/share/moveit_ros_control_interface/local_setup.dsv
[54.949s] -- Installing: /home/stephenq0503/Desktop/robot_arm_sim/install/moveit_ros_control_interface/share/moveit_ros_control_interface/package.dsv
[54.949s] -- Installing: /home/stephenq0503/Desktop/robot_arm_sim/install/moveit_ros_control_interface/share/ament_index/resource_index/packages/moveit_ros_control_interface
[54.949s] -- Installing: /home/stephenq0503/Desktop/robot_arm_sim/install/moveit_ros_control_interface/share/ament_index/resource_index/moveit_core__pluginlib__plugin/moveit_ros_control_interface
[54.949s] -- Installing: /home/stephenq0503/Desktop/robot_arm_sim/install/moveit_ros_control_interface/share/ament_index/resource_index/moveit_ros_control_interface__pluginlib__plugin/moveit_ros_control_interface
[54.950s] -- Installing: /home/stephenq0503/Desktop/robot_arm_sim/install/moveit_ros_control_interface/share/moveit_ros_control_interface/cmake/export_moveit_ros_control_interfaceExport.cmake
[54.950s] -- Installing: /home/stephenq0503/Desktop/robot_arm_sim/install/moveit_ros_control_interface/share/moveit_ros_control_interface/cmake/export_moveit_ros_control_interfaceExport-release.cmake
[54.950s] -- Installing: /home/stephenq0503/Desktop/robot_arm_sim/install/moveit_ros_control_interface/share/moveit_ros_control_interface/cmake/ConfigExtras.cmake
[54.950s] -- Installing: /home/stephenq0503/Desktop/robot_arm_sim/install/moveit_ros_control_interface/share/moveit_ros_control_interface/cmake/ament_cmake_export_targets-extras.cmake
[54.950s] -- Installing: /home/stephenq0503/Desktop/robot_arm_sim/install/moveit_ros_control_interface/share/moveit_ros_control_interface/cmake/ament_cmake_export_dependencies-extras.cmake
[54.951s] -- Installing: /home/stephenq0503/Desktop/robot_arm_sim/install/moveit_ros_control_interface/share/moveit_ros_control_interface/cmake/moveit_ros_control_interfaceConfig.cmake
[54.951s] -- Installing: /home/stephenq0503/Desktop/robot_arm_sim/install/moveit_ros_control_interface/share/moveit_ros_control_interface/cmake/moveit_ros_control_interfaceConfig-version.cmake
[54.951s] -- Installing: /home/stephenq0503/Desktop/robot_arm_sim/install/moveit_ros_control_interface/share/moveit_ros_control_interface/package.xml
[54.953s] Invoked command in '/home/stephenq0503/Desktop/robot_arm_sim/build/moveit_ros_control_interface' returned '0': AMENT_PREFIX_PATH=/home/stephenq0503/Desktop/robot_arm_sim/install/moveit_simple_controller_manager:/home/stephenq0503/Desktop/robot_arm_sim/install/moveit_core:/home/stephenq0503/Desktop/robot_arm_sim/install/srdfdom:/home/stephenq0503/Desktop/robot_arm_sim/install/moveit_common:${AMENT_PREFIX_PATH} CMAKE_PREFIX_PATH=/home/stephenq0503/Desktop/robot_arm_sim/install/moveit_simple_controller_manager:/home/stephenq0503/Desktop/robot_arm_sim/install/moveit_core:/home/stephenq0503/Desktop/robot_arm_sim/install/srdfdom:/home/stephenq0503/Desktop/robot_arm_sim/install/moveit_common:/home/stephenq0503/Desktop/robot_arm_sim/install/six_dof_arm:/home/stephenq0503/Desktop/robot_arm_sim/install/gazebo_ros2_control:/opt/ros/humble LD_LIBRARY_PATH=/home/stephenq0503/Desktop/robot_arm_sim/install/moveit_simple_controller_manager/lib:/home/stephenq0503/Desktop/robot_arm_sim/install/moveit_core/lib:/home/stephenq0503/Desktop/robot_arm_sim/install/srdfdom/lib:${LD_LIBRARY_PATH} PATH=/home/stephenq0503/Desktop/robot_arm_sim/install/moveit_core/bin:${PATH} PYTHONPATH=/home/stephenq0503/Desktop/robot_arm_sim/install/srdfdom/local/lib/python3.10/dist-packages:${PYTHONPATH} /usr/bin/cmake --install /home/stephenq0503/Desktop/robot_arm_sim/build/moveit_ros_control_interface
