[1.680s] Invoking command in '/home/stephenq0503/Desktop/robot_arm_sim/src/my_environment_pkg': PYTHONPATH=/home/stephenq0503/Desktop/robot_arm_sim/build/my_environment_pkg/prefix_override:/home/stephenq0503/Desktop/robot_arm_sim/install/my_environment_pkg/lib/python3.10/site-packages:${PYTHONPATH} /usr/bin/python3 setup.py egg_info --egg-base ../../build/my_environment_pkg build --build-base /home/stephenq0503/Desktop/robot_arm_sim/build/my_environment_pkg/build install --record /home/stephenq0503/Desktop/robot_arm_sim/build/my_environment_pkg/install.log --single-version-externally-managed
[1.968s] running egg_info
[1.969s] writing ../../build/my_environment_pkg/my_environment_pkg.egg-info/PKG-INFO
[1.970s] writing dependency_links to ../../build/my_environment_pkg/my_environment_pkg.egg-info/dependency_links.txt
[1.970s] writing entry points to ../../build/my_environment_pkg/my_environment_pkg.egg-info/entry_points.txt
[1.970s] writing requirements to ../../build/my_environment_pkg/my_environment_pkg.egg-info/requires.txt
[1.970s] writing top-level names to ../../build/my_environment_pkg/my_environment_pkg.egg-info/top_level.txt
[1.973s] reading manifest file '../../build/my_environment_pkg/my_environment_pkg.egg-info/SOURCES.txt'
[1.973s] writing manifest file '../../build/my_environment_pkg/my_environment_pkg.egg-info/SOURCES.txt'
[1.974s] running build
[1.974s] running build_py
[1.974s] running install
[1.974s] /usr/lib/python3/dist-packages/setuptools/command/install.py:34: SetuptoolsDeprecationWarning: setup.py install is deprecated. Use build and pip and other standards-based tools.
[1.974s]   warnings.warn(
[1.974s] running install_lib
[1.976s] running install_data
[1.977s] copying launch/my_environment.launch.py -> /home/stephenq0503/Desktop/robot_arm_sim/install/my_environment_pkg/share/my_environment_pkg/launch
[1.977s] running install_egg_info
[1.980s] removing '/home/stephenq0503/Desktop/robot_arm_sim/install/my_environment_pkg/lib/python3.10/site-packages/my_environment_pkg-0.0.0-py3.10.egg-info' (and everything under it)
[1.980s] Copying ../../build/my_environment_pkg/my_environment_pkg.egg-info to /home/stephenq0503/Desktop/robot_arm_sim/install/my_environment_pkg/lib/python3.10/site-packages/my_environment_pkg-0.0.0-py3.10.egg-info
[1.981s] running install_scripts
[2.003s] Installing data_collection script to /home/stephenq0503/Desktop/robot_arm_sim/install/my_environment_pkg/lib/my_environment_pkg
[2.004s] Installing run_environment script to /home/stephenq0503/Desktop/robot_arm_sim/install/my_environment_pkg/lib/my_environment_pkg
[2.004s] writing list of installed files to '/home/stephenq0503/Desktop/robot_arm_sim/build/my_environment_pkg/install.log'
[2.047s] Invoked command in '/home/stephenq0503/Desktop/robot_arm_sim/src/my_environment_pkg' returned '0': PYTHONPATH=/home/stephenq0503/Desktop/robot_arm_sim/build/my_environment_pkg/prefix_override:/home/stephenq0503/Desktop/robot_arm_sim/install/my_environment_pkg/lib/python3.10/site-packages:${PYTHONPATH} /usr/bin/python3 setup.py egg_info --egg-base ../../build/my_environment_pkg build --build-base /home/stephenq0503/Desktop/robot_arm_sim/build/my_environment_pkg/build install --record /home/stephenq0503/Desktop/robot_arm_sim/build/my_environment_pkg/install.log --single-version-externally-managed
