[0.894s] Invoking command in '/home/stephenq0503/Desktop/robot_arm_sim/src/my_environment_pkg': PYTHONPATH=/home/stephenq0503/Desktop/robot_arm_sim/build/my_environment_pkg/prefix_override:/home/stephenq0503/Desktop/robot_arm_sim/install/my_environment_pkg/lib/python3.10/site-packages:${PYTHONPATH} /usr/bin/python3 setup.py egg_info --egg-base ../../build/my_environment_pkg build --build-base /home/stephenq0503/Desktop/robot_arm_sim/build/my_environment_pkg/build install --record /home/stephenq0503/Desktop/robot_arm_sim/build/my_environment_pkg/install.log --single-version-externally-managed
[1.172s] running egg_info
[1.173s] writing ../../build/my_environment_pkg/my_environment_pkg.egg-info/PKG-INFO
[1.173s] writing dependency_links to ../../build/my_environment_pkg/my_environment_pkg.egg-info/dependency_links.txt
[1.173s] writing entry points to ../../build/my_environment_pkg/my_environment_pkg.egg-info/entry_points.txt
[1.174s] writing requirements to ../../build/my_environment_pkg/my_environment_pkg.egg-info/requires.txt
[1.174s] writing top-level names to ../../build/my_environment_pkg/my_environment_pkg.egg-info/top_level.txt
[1.175s] reading manifest file '../../build/my_environment_pkg/my_environment_pkg.egg-info/SOURCES.txt'
[1.176s] writing manifest file '../../build/my_environment_pkg/my_environment_pkg.egg-info/SOURCES.txt'
[1.176s] running build
[1.176s] running build_py
[1.176s] creating /home/stephenq0503/Desktop/robot_arm_sim/build/my_environment_pkg/build
[1.177s] creating /home/stephenq0503/Desktop/robot_arm_sim/build/my_environment_pkg/build/lib
[1.177s] creating /home/stephenq0503/Desktop/robot_arm_sim/build/my_environment_pkg/build/lib/my_environment_pkg
[1.177s] copying my_environment_pkg/__init__.py -> /home/stephenq0503/Desktop/robot_arm_sim/build/my_environment_pkg/build/lib/my_environment_pkg
[1.177s] running install
[1.177s] /usr/lib/python3/dist-packages/setuptools/command/install.py:34: SetuptoolsDeprecationWarning: setup.py install is deprecated. Use build and pip and other standards-based tools.
[1.177s]   warnings.warn(
[1.177s] running install_lib
[1.178s] creating /home/stephenq0503/Desktop/robot_arm_sim/install/my_environment_pkg/lib/python3.10/site-packages/my_environment_pkg
[1.178s] copying /home/stephenq0503/Desktop/robot_arm_sim/build/my_environment_pkg/build/lib/my_environment_pkg/__init__.py -> /home/stephenq0503/Desktop/robot_arm_sim/install/my_environment_pkg/lib/python3.10/site-packages/my_environment_pkg
[1.178s] byte-compiling /home/stephenq0503/Desktop/robot_arm_sim/install/my_environment_pkg/lib/python3.10/site-packages/my_environment_pkg/__init__.py to __init__.cpython-310.pyc
[1.178s] running install_data
[1.179s] creating /home/stephenq0503/Desktop/robot_arm_sim/install/my_environment_pkg/share/ament_index
[1.179s] creating /home/stephenq0503/Desktop/robot_arm_sim/install/my_environment_pkg/share/ament_index/resource_index
[1.179s] creating /home/stephenq0503/Desktop/robot_arm_sim/install/my_environment_pkg/share/ament_index/resource_index/packages
[1.179s] copying resource/my_environment_pkg -> /home/stephenq0503/Desktop/robot_arm_sim/install/my_environment_pkg/share/ament_index/resource_index/packages
[1.179s] copying package.xml -> /home/stephenq0503/Desktop/robot_arm_sim/install/my_environment_pkg/share/my_environment_pkg
[1.180s] running install_egg_info
[1.182s] Copying ../../build/my_environment_pkg/my_environment_pkg.egg-info to /home/stephenq0503/Desktop/robot_arm_sim/install/my_environment_pkg/lib/python3.10/site-packages/my_environment_pkg-0.0.0-py3.10.egg-info
[1.184s] running install_scripts
[1.209s] writing list of installed files to '/home/stephenq0503/Desktop/robot_arm_sim/build/my_environment_pkg/install.log'
[1.242s] Invoked command in '/home/stephenq0503/Desktop/robot_arm_sim/src/my_environment_pkg' returned '0': PYTHONPATH=/home/stephenq0503/Desktop/robot_arm_sim/build/my_environment_pkg/prefix_override:/home/stephenq0503/Desktop/robot_arm_sim/install/my_environment_pkg/lib/python3.10/site-packages:${PYTHONPATH} /usr/bin/python3 setup.py egg_info --egg-base ../../build/my_environment_pkg build --build-base /home/stephenq0503/Desktop/robot_arm_sim/build/my_environment_pkg/build install --record /home/stephenq0503/Desktop/robot_arm_sim/build/my_environment_pkg/install.log --single-version-externally-managed
