[0.829s] Invoking command in '/home/stephenq0503/Desktop/robot_arm_sim/src/my_robot_pkg': PYTHONPATH=/home/stephenq0503/Desktop/robot_arm_sim/build/my_robot_pkg/prefix_override:/home/stephenq0503/Desktop/robot_arm_sim/install/my_robot_pkg/lib/python3.10/site-packages:${PYTHONPATH} /usr/bin/python3 setup.py egg_info --egg-base ../../build/my_robot_pkg build --build-base /home/stephenq0503/Desktop/robot_arm_sim/build/my_robot_pkg/build install --record /home/stephenq0503/Desktop/robot_arm_sim/build/my_robot_pkg/install.log --single-version-externally-managed
[1.072s] running egg_info
[1.073s] creating ../../build/my_robot_pkg/my_robot_pkg.egg-info
[1.073s] writing ../../build/my_robot_pkg/my_robot_pkg.egg-info/PKG-INFO
[1.073s] writing dependency_links to ../../build/my_robot_pkg/my_robot_pkg.egg-info/dependency_links.txt
[1.074s] writing entry points to ../../build/my_robot_pkg/my_robot_pkg.egg-info/entry_points.txt
[1.074s] writing requirements to ../../build/my_robot_pkg/my_robot_pkg.egg-info/requires.txt
[1.074s] writing top-level names to ../../build/my_robot_pkg/my_robot_pkg.egg-info/top_level.txt
[1.074s] writing manifest file '../../build/my_robot_pkg/my_robot_pkg.egg-info/SOURCES.txt'
[1.075s] reading manifest file '../../build/my_robot_pkg/my_robot_pkg.egg-info/SOURCES.txt'
[1.076s] writing manifest file '../../build/my_robot_pkg/my_robot_pkg.egg-info/SOURCES.txt'
[1.076s] running build
[1.076s] running build_py
[1.076s] creating /home/stephenq0503/Desktop/robot_arm_sim/build/my_robot_pkg/build
[1.076s] creating /home/stephenq0503/Desktop/robot_arm_sim/build/my_robot_pkg/build/lib
[1.076s] creating /home/stephenq0503/Desktop/robot_arm_sim/build/my_robot_pkg/build/lib/my_robot_pkg
[1.076s] copying my_robot_pkg/__init__.py -> /home/stephenq0503/Desktop/robot_arm_sim/build/my_robot_pkg/build/lib/my_robot_pkg
[1.077s] running install
[1.077s] /usr/lib/python3/dist-packages/setuptools/command/install.py:34: SetuptoolsDeprecationWarning: setup.py install is deprecated. Use build and pip and other standards-based tools.
[1.077s]   warnings.warn(
[1.077s] running install_lib
[1.077s] creating /home/stephenq0503/Desktop/robot_arm_sim/install/my_robot_pkg/lib/python3.10/site-packages/my_robot_pkg
[1.077s] copying /home/stephenq0503/Desktop/robot_arm_sim/build/my_robot_pkg/build/lib/my_robot_pkg/__init__.py -> /home/stephenq0503/Desktop/robot_arm_sim/install/my_robot_pkg/lib/python3.10/site-packages/my_robot_pkg
[1.078s] byte-compiling /home/stephenq0503/Desktop/robot_arm_sim/install/my_robot_pkg/lib/python3.10/site-packages/my_robot_pkg/__init__.py to __init__.cpython-310.pyc
[1.078s] running install_data
[1.079s] creating /home/stephenq0503/Desktop/robot_arm_sim/install/my_robot_pkg/share/ament_index
[1.079s] creating /home/stephenq0503/Desktop/robot_arm_sim/install/my_robot_pkg/share/ament_index/resource_index
[1.079s] creating /home/stephenq0503/Desktop/robot_arm_sim/install/my_robot_pkg/share/ament_index/resource_index/packages
[1.079s] copying resource/my_robot_pkg -> /home/stephenq0503/Desktop/robot_arm_sim/install/my_robot_pkg/share/ament_index/resource_index/packages
[1.079s] copying package.xml -> /home/stephenq0503/Desktop/robot_arm_sim/install/my_robot_pkg/share/my_robot_pkg
[1.079s] running install_egg_info
[1.081s] Copying ../../build/my_robot_pkg/my_robot_pkg.egg-info to /home/stephenq0503/Desktop/robot_arm_sim/install/my_robot_pkg/lib/python3.10/site-packages/my_robot_pkg-0.0.0-py3.10.egg-info
[1.082s] running install_scripts
[1.101s] writing list of installed files to '/home/stephenq0503/Desktop/robot_arm_sim/build/my_robot_pkg/install.log'
[1.125s] Invoked command in '/home/stephenq0503/Desktop/robot_arm_sim/src/my_robot_pkg' returned '0': PYTHONPATH=/home/stephenq0503/Desktop/robot_arm_sim/build/my_robot_pkg/prefix_override:/home/stephenq0503/Desktop/robot_arm_sim/install/my_robot_pkg/lib/python3.10/site-packages:${PYTHONPATH} /usr/bin/python3 setup.py egg_info --egg-base ../../build/my_robot_pkg build --build-base /home/stephenq0503/Desktop/robot_arm_sim/build/my_robot_pkg/build install --record /home/stephenq0503/Desktop/robot_arm_sim/build/my_robot_pkg/install.log --single-version-externally-managed
