[0.286s] Invoking command in '/home/stephenq0503/Desktop/robot_arm_sim/build/moveit_ros_visualization': AMENT_PREFIX_PATH=/home/stephenq0503/Desktop/robot_arm_sim/install/moveit_ros_planning_interface:/home/stephenq0503/Desktop/robot_arm_sim/install/moveit_ros_move_group:/home/stephenq0503/Desktop/robot_arm_sim/install/moveit_ros_warehouse:/home/stephenq0503/Desktop/robot_arm_sim/install/moveit_ros_robot_interaction:/home/stephenq0503/Desktop/robot_arm_sim/install/moveit_kinematics:/home/stephenq0503/Desktop/robot_arm_sim/install/moveit_ros_planning:/home/stephenq0503/Desktop/robot_arm_sim/install/moveit_ros_occupancy_map_monitor:/home/stephenq0503/Desktop/robot_arm_sim/install/moveit_core:/home/stephenq0503/Desktop/robot_arm_sim/install/srdfdom:/home/stephenq0503/Desktop/robot_arm_sim/install/moveit_common:${AMENT_PREFIX_PATH} CMAKE_PREFIX_PATH=/home/stephenq0503/Desktop/robot_arm_sim/install/moveit_ros_planning_interface:/home/stephenq0503/Desktop/robot_arm_sim/install/moveit_ros_move_group:/home/stephenq0503/Desktop/robot_arm_sim/install/moveit_ros_warehouse:/home/stephenq0503/Desktop/robot_arm_sim/install/moveit_ros_robot_interaction:/home/stephenq0503/Desktop/robot_arm_sim/install/moveit_kinematics:/home/stephenq0503/Desktop/robot_arm_sim/install/moveit_ros_planning:/home/stephenq0503/Desktop/robot_arm_sim/install/moveit_ros_occupancy_map_monitor:/home/stephenq0503/Desktop/robot_arm_sim/install/moveit_core:/home/stephenq0503/Desktop/robot_arm_sim/install/srdfdom:/home/stephenq0503/Desktop/robot_arm_sim/install/moveit_common:/home/stephenq0503/Desktop/robot_arm_sim/install/six_dof_arm:/home/stephenq0503/Desktop/robot_arm_sim/install/gazebo_ros2_control:/opt/ros/humble LD_LIBRARY_PATH=/home/stephenq0503/Desktop/robot_arm_sim/install/moveit_ros_planning_interface/lib:/home/stephenq0503/Desktop/robot_arm_sim/install/moveit_ros_move_group/lib:/home/stephenq0503/Desktop/robot_arm_sim/install/moveit_ros_warehouse/lib:/home/stephenq0503/Desktop/robot_arm_sim/install/moveit_ros_robot_interaction/lib:/home/stephenq0503/Desktop/robot_arm_sim/install/moveit_kinematics/lib:/home/stephenq0503/Desktop/robot_arm_sim/install/moveit_ros_planning/lib:/home/stephenq0503/Desktop/robot_arm_sim/install/moveit_ros_occupancy_map_monitor/lib:/home/stephenq0503/Desktop/robot_arm_sim/install/moveit_core/lib:/home/stephenq0503/Desktop/robot_arm_sim/install/srdfdom/lib:${LD_LIBRARY_PATH} PATH=/home/stephenq0503/Desktop/robot_arm_sim/install/moveit_core/bin:${PATH} PYTHONPATH=/home/stephenq0503/Desktop/robot_arm_sim/install/srdfdom/local/lib/python3.10/dist-packages:${PYTHONPATH} /usr/bin/cmake /home/stephenq0503/Desktop/robot_arm_sim/src/moveit2/moveit_ros/visualization -DCMAKE_INSTALL_PREFIX=/home/stephenq0503/Desktop/robot_arm_sim/install/moveit_ros_visualization
[0.453s] -- The C compiler identification is GNU 11.4.0
[0.535s] -- The CXX compiler identification is GNU 11.4.0
[0.546s] -- Detecting C compiler ABI info
[0.646s] -- Detecting C compiler ABI info - done
[0.656s] -- Check for working C compiler: /usr/bin/cc - skipped
[0.657s] -- Detecting C compile features
[0.657s] -- Detecting C compile features - done
[0.661s] -- Detecting CXX compiler ABI info
[0.788s] -- Detecting CXX compiler ABI info - done
[0.804s] -- Check for working CXX compiler: /usr/bin/c++ - skipped
[0.805s] -- Detecting CXX compile features
[0.805s] -- Detecting CXX compile features - done
[0.808s] -- Found moveit_common: 2.5.5 (/home/stephenq0503/Desktop/robot_arm_sim/install/moveit_common/share/moveit_common/cmake)
[0.813s] -- Found ament_cmake: 1.3.7 (/opt/ros/humble/share/ament_cmake/cmake)
[1.069s] -- Found Python3: /usr/bin/python3.10 (found version "3.10.12") found components: Interpreter 
[1.357s] -- Found libdw: /usr/lib/x86_64-linux-gnu/libdw.so  
[1.368s] -- Could NOT find libbfd (missing: LIBBFD_LIBRARY LIBBFD_INCLUDE_DIR) 
[1.368s] -- BACKWARD_HAS_UNWIND=1
[1.368s] -- BACKWARD_HAS_BACKTRACE=0
[1.368s] -- BACKWARD_HAS_BACKTRACE_SYMBOL=0
[1.369s] -- BACKWARD_HAS_DW=1
[1.369s] -- BACKWARD_HAS_BFD=0
[1.369s] -- Found Backward: /opt/ros/humble/share/backward_ros/cmake  
[1.369s] [0mmoveit_ros_visualization: You did not request a specific build type: Choosing 'Release' for maximum performance[0m
[1.375s] -- Found class_loader: 2.2.0 (/opt/ros/humble/share/class_loader/cmake)
[1.405s] -- Found geometric_shapes: 2.1.3 (/opt/ros/humble/share/geometric_shapes/cmake)
[1.420s] -- Found Boost: /usr/lib/x86_64-linux-gnu/cmake/Boost-1.74.0/BoostConfig.cmake (found version "1.74.0") found components: filesystem 
[1.496s] -- Found rosidl_generator_c: 3.1.5 (/opt/ros/humble/share/rosidl_generator_c/cmake)
[1.506s] -- Found rosidl_adapter: 3.1.5 (/opt/ros/humble/share/rosidl_adapter/cmake)
[1.520s] -- Found rosidl_generator_cpp: 3.1.5 (/opt/ros/humble/share/rosidl_generator_cpp/cmake)
[1.541s] -- Using all available rosidl_typesupport_c: rosidl_typesupport_fastrtps_c;rosidl_typesupport_introspection_c
[1.565s] -- Using all available rosidl_typesupport_cpp: rosidl_typesupport_fastrtps_cpp;rosidl_typesupport_introspection_cpp
[1.827s] -- Found rmw_implementation_cmake: 6.1.1 (/opt/ros/humble/share/rmw_implementation_cmake/cmake)
[1.832s] -- Found rmw_fastrtps_cpp: 6.2.6 (/opt/ros/humble/share/rmw_fastrtps_cpp/cmake)
[1.987s] -- Found OpenSSL: /usr/lib/x86_64-linux-gnu/libcrypto.so (found version "3.0.2")  
[2.034s] -- Found FastRTPS: /opt/ros/humble/include  
[2.133s] -- Using RMW implementation 'rmw_fastrtps_cpp' as default
[2.159s] -- Looking for pthread.h
[2.343s] -- Looking for pthread.h - found
[2.344s] -- Performing Test CMAKE_HAVE_LIBC_PTHREAD
[2.499s] -- Performing Test CMAKE_HAVE_LIBC_PTHREAD - Success
[2.501s] -- Found Threads: TRUE  
[2.958s] -- library: /usr/lib/x86_64-linux-gnu/libcurl.so
[3.375s] -- Found interactive_markers: 2.3.2 (/opt/ros/humble/share/interactive_markers/cmake)
[3.403s] -- Found moveit_ros_planning: 2.5.5 (/home/stephenq0503/Desktop/robot_arm_sim/install/moveit_ros_planning/share/moveit_ros_planning/cmake)
[3.437s] -- Found Boost: /usr/lib/x86_64-linux-gnu/cmake/Boost-1.74.0/BoostConfig.cmake (found version "1.74.0") found components: system filesystem date_time program_options thread chrono 
[4.033s] -- Found Boost: /usr/lib/x86_64-linux-gnu/cmake/Boost-1.74.0/BoostConfig.cmake (found version "1.74.0") found components: chrono date_time filesystem iostreams program_options regex serialization system thread 
[4.082s] -- Found parameter_traits: 0.3.7 (/opt/ros/humble/share/parameter_traits/cmake)
[4.107s] -- Found Eigen3: TRUE (found version "3.4.0") 
[4.112s] -- Found rclcpp_lifecycle: 16.0.8 (/opt/ros/humble/share/rclcpp_lifecycle/cmake)
[4.200s] -- Ensuring Eigen3 include directory is part of orocos-kdl CMake target
[5.943s] -- Found moveit_ros_planning_interface: 2.5.5 (/home/stephenq0503/Desktop/robot_arm_sim/install/moveit_ros_planning_interface/share/moveit_ros_planning_interface/cmake)
[5.949s] -- Found Boost: /usr/lib/x86_64-linux-gnu/cmake/Boost-1.74.0/BoostConfig.cmake (found version "1.74.0") found components: date_time filesystem program_options system thread 
[6.220s] -- Found Boost: /usr/lib/x86_64-linux-gnu/cmake/Boost-1.74.0/BoostConfig.cmake (found version "1.74.0") found components: thread system filesystem regex date_time program_options 
[6.549s] -- Found Boost: /usr/lib/x86_64-linux-gnu/cmake/Boost-1.74.0/BoostConfig.cmake (found version "1.74.0") found components: system filesystem date_time program_options thread 
[7.146s] -- Found moveit_ros_robot_interaction: 2.5.5 (/home/stephenq0503/Desktop/robot_arm_sim/install/moveit_ros_robot_interaction/share/moveit_ros_robot_interaction/cmake)
[7.333s] -- Found rclpy: 3.3.11 (/opt/ros/humble/share/rclpy/cmake)
[7.336s] -- Found rviz2: 11.2.10 (/opt/ros/humble/share/rviz2/cmake)
[7.343s] -- Found rviz_common: 11.2.10 (/opt/ros/humble/share/rviz_common/cmake)
[7.388s] -- Setting OGRE_DIR to: '/opt/ros/humble/share/rviz_ogre_vendor/cmake/../../../opt/rviz_ogre_vendor/lib/OGRE/cmake'
[7.390s] -- Found OGRE
[7.390s] --   static     : OFF
[7.390s] --   components : HLMS;MeshLodGenerator;Overlay;Paging;Property;RTShaderSystem;Terrain;Volume
[7.390s] --   plugins    : Plugin_BSPSceneManager;Plugin_OctreeSceneManager;Plugin_PCZSceneManager;Plugin_ParticleFX;RenderSystem_GL;RenderSystem_GL3Plus;Codec_STBI
[7.390s] --   media      : /opt/ros/humble/opt/rviz_ogre_vendor/share/OGRE/Media
[7.390s] -- OGRE_LIBRARIES: OgreHLMS;OgreMeshLodGenerator;OgreOverlay;OgrePaging;OgreProperty;OgreRTShaderSystem;OgreTerrain;OgreVolume;OgreMain
[7.390s] -- OGRE_LIBRARY_DIRS: /opt/ros/humble/opt/rviz_ogre_vendor/lib
[7.390s] -- OGRE_PLUGINS: Plugin_BSPSceneManager;Plugin_OctreeSceneManager;Plugin_PCZSceneManager;Plugin_ParticleFX;RenderSystem_GL;RenderSystem_GL3Plus;Codec_STBI
[7.391s] -- OGRE_PLUGIN_DIR: /opt/ros/humble/opt/rviz_ogre_vendor/lib/OGRE
[7.391s] -- rviz_ogre_vendor::OgreOverlay for IMPORTED_LOCATION_RELEASE: /opt/ros/humble/opt/rviz_ogre_vendor/lib/libOgreOverlay.so
[7.391s] -- rviz_ogre_vendor::OgreOverlay for IMPORTED_LOCATION_DEBUG: /opt/ros/humble/opt/rviz_ogre_vendor/lib/libOgreOverlay.so
[7.391s] -- rviz_ogre_vendor::OgreMain for IMPORTED_LOCATION_RELEASE: /opt/ros/humble/opt/rviz_ogre_vendor/lib/libOgreMain.so
[7.391s] -- rviz_ogre_vendor::OgreMain for IMPORTED_LOCATION_DEBUG: /opt/ros/humble/opt/rviz_ogre_vendor/lib/libOgreMain.so
[7.418s] -- Found ZLIB: /usr/lib/x86_64-linux-gnu/libz.so (found version "1.2.11") 
[7.430s] -- Found OpenGL: /usr/lib/x86_64-linux-gnu/libOpenGL.so   
[7.568s] -- Found X11: /usr/include   
[7.568s] -- Looking for XOpenDisplay in /usr/lib/x86_64-linux-gnu/libX11.so;/usr/lib/x86_64-linux-gnu/libXext.so
[7.785s] -- Looking for XOpenDisplay in /usr/lib/x86_64-linux-gnu/libX11.so;/usr/lib/x86_64-linux-gnu/libXext.so - found
[7.785s] -- Looking for gethostbyname
[8.244s] -- Looking for gethostbyname - found
[8.245s] -- Looking for connect
[8.511s] -- Looking for connect - found
[8.521s] -- Looking for remove
[8.997s] -- Looking for remove - found
[8.998s] -- Looking for shmat
[9.533s] -- Looking for shmat - found
[9.533s] -- Looking for IceConnectionNumber in ICE
[9.985s] -- Looking for IceConnectionNumber in ICE - found
[9.991s] -- rviz_ogre_vendor::RenderSystem_GL for IMPORTED_LOCATION_RELEASE: _render_system_gl_static_library_abs-NOTFOUND
[9.991s] -- rviz_ogre_vendor::RenderSystem_GL for IMPORTED_LOCATION_DEBUG: _render_system_gl_static_library_abs-NOTFOUND
[10.548s] -- Found rviz_default_plugins: 11.2.10 (/opt/ros/humble/share/rviz_default_plugins/cmake)
[13.299s] -- Found Boost: /usr/lib/x86_64-linux-gnu/cmake/Boost-1.74.0/BoostConfig.cmake (found version "1.74.0") found components: thread date_time system filesystem 
[13.478s] -- Performing Test COMPILER_HAS_HIDDEN_VISIBILITY
[14.286s] -- Performing Test COMPILER_HAS_HIDDEN_VISIBILITY - Success
[14.289s] -- Performing Test COMPILER_HAS_HIDDEN_INLINE_VISIBILITY
[15.049s] -- Performing Test COMPILER_HAS_HIDDEN_INLINE_VISIBILITY - Success
[15.051s] -- Performing Test COMPILER_HAS_DEPRECATED_ATTR
[15.820s] -- Performing Test COMPILER_HAS_DEPRECATED_ATTR - Success
[15.930s] -- Found ament_lint_auto: 0.12.10 (/opt/ros/humble/share/ament_lint_auto/cmake)
[16.138s] -- Added test 'cppcheck' to perform static code analysis on C / C++ code
[16.149s] -- Configured cppcheck include dirs: /home/stephenq0503/Desktop/robot_arm_sim/src/moveit2/moveit_ros/visualization/rviz_plugin_render_tools/include;/home/stephenq0503/Desktop/robot_arm_sim/src/moveit2/moveit_ros/visualization/robot_state_rviz_plugin/include;/home/stephenq0503/Desktop/robot_arm_sim/src/moveit2/moveit_ros/visualization/planning_scene_rviz_plugin/include;/home/stephenq0503/Desktop/robot_arm_sim/src/moveit2/moveit_ros/visualization/motion_planning_rviz_plugin/include;/home/stephenq0503/Desktop/robot_arm_sim/src/moveit2/moveit_ros/visualization/trajectory_rviz_plugin/include
[16.150s] -- Configured cppcheck exclude dirs and/or files: 
[16.155s] -- Added test 'lint_cmake' to check CMake code style
[16.159s] -- Added test 'pep257' to check Python code against some of the docstring style conventions in PEP 257
[16.163s] -- Added test 'xmllint' to check XML markup files
[16.187s] -- Configuring done
[18.063s] -- Generating done
[18.101s] -- Build files have been written to: /home/stephenq0503/Desktop/robot_arm_sim/build/moveit_ros_visualization
[18.353s] Invoked command in '/home/stephenq0503/Desktop/robot_arm_sim/build/moveit_ros_visualization' returned '0': AMENT_PREFIX_PATH=/home/stephenq0503/Desktop/robot_arm_sim/install/moveit_ros_planning_interface:/home/stephenq0503/Desktop/robot_arm_sim/install/moveit_ros_move_group:/home/stephenq0503/Desktop/robot_arm_sim/install/moveit_ros_warehouse:/home/stephenq0503/Desktop/robot_arm_sim/install/moveit_ros_robot_interaction:/home/stephenq0503/Desktop/robot_arm_sim/install/moveit_kinematics:/home/stephenq0503/Desktop/robot_arm_sim/install/moveit_ros_planning:/home/stephenq0503/Desktop/robot_arm_sim/install/moveit_ros_occupancy_map_monitor:/home/stephenq0503/Desktop/robot_arm_sim/install/moveit_core:/home/stephenq0503/Desktop/robot_arm_sim/install/srdfdom:/home/stephenq0503/Desktop/robot_arm_sim/install/moveit_common:${AMENT_PREFIX_PATH} CMAKE_PREFIX_PATH=/home/stephenq0503/Desktop/robot_arm_sim/install/moveit_ros_planning_interface:/home/stephenq0503/Desktop/robot_arm_sim/install/moveit_ros_move_group:/home/stephenq0503/Desktop/robot_arm_sim/install/moveit_ros_warehouse:/home/stephenq0503/Desktop/robot_arm_sim/install/moveit_ros_robot_interaction:/home/stephenq0503/Desktop/robot_arm_sim/install/moveit_kinematics:/home/stephenq0503/Desktop/robot_arm_sim/install/moveit_ros_planning:/home/stephenq0503/Desktop/robot_arm_sim/install/moveit_ros_occupancy_map_monitor:/home/stephenq0503/Desktop/robot_arm_sim/install/moveit_core:/home/stephenq0503/Desktop/robot_arm_sim/install/srdfdom:/home/stephenq0503/Desktop/robot_arm_sim/install/moveit_common:/home/stephenq0503/Desktop/robot_arm_sim/install/six_dof_arm:/home/stephenq0503/Desktop/robot_arm_sim/install/gazebo_ros2_control:/opt/ros/humble LD_LIBRARY_PATH=/home/stephenq0503/Desktop/robot_arm_sim/install/moveit_ros_planning_interface/lib:/home/stephenq0503/Desktop/robot_arm_sim/install/moveit_ros_move_group/lib:/home/stephenq0503/Desktop/robot_arm_sim/install/moveit_ros_warehouse/lib:/home/stephenq0503/Desktop/robot_arm_sim/install/moveit_ros_robot_interaction/lib:/home/stephenq0503/Desktop/robot_arm_sim/install/moveit_kinematics/lib:/home/stephenq0503/Desktop/robot_arm_sim/install/moveit_ros_planning/lib:/home/stephenq0503/Desktop/robot_arm_sim/install/moveit_ros_occupancy_map_monitor/lib:/home/stephenq0503/Desktop/robot_arm_sim/install/moveit_core/lib:/home/stephenq0503/Desktop/robot_arm_sim/install/srdfdom/lib:${LD_LIBRARY_PATH} PATH=/home/stephenq0503/Desktop/robot_arm_sim/install/moveit_core/bin:${PATH} PYTHONPATH=/home/stephenq0503/Desktop/robot_arm_sim/install/srdfdom/local/lib/python3.10/dist-packages:${PYTHONPATH} /usr/bin/cmake /home/stephenq0503/Desktop/robot_arm_sim/src/moveit2/moveit_ros/visualization -DCMAKE_INSTALL_PREFIX=/home/stephenq0503/Desktop/robot_arm_sim/install/moveit_ros_visualization
[18.356s] Invoking command in '/home/stephenq0503/Desktop/robot_arm_sim/build/moveit_ros_visualization': AMENT_PREFIX_PATH=/home/stephenq0503/Desktop/robot_arm_sim/install/moveit_ros_planning_interface:/home/stephenq0503/Desktop/robot_arm_sim/install/moveit_ros_move_group:/home/stephenq0503/Desktop/robot_arm_sim/install/moveit_ros_warehouse:/home/stephenq0503/Desktop/robot_arm_sim/install/moveit_ros_robot_interaction:/home/stephenq0503/Desktop/robot_arm_sim/install/moveit_kinematics:/home/stephenq0503/Desktop/robot_arm_sim/install/moveit_ros_planning:/home/stephenq0503/Desktop/robot_arm_sim/install/moveit_ros_occupancy_map_monitor:/home/stephenq0503/Desktop/robot_arm_sim/install/moveit_core:/home/stephenq0503/Desktop/robot_arm_sim/install/srdfdom:/home/stephenq0503/Desktop/robot_arm_sim/install/moveit_common:${AMENT_PREFIX_PATH} CMAKE_PREFIX_PATH=/home/stephenq0503/Desktop/robot_arm_sim/install/moveit_ros_planning_interface:/home/stephenq0503/Desktop/robot_arm_sim/install/moveit_ros_move_group:/home/stephenq0503/Desktop/robot_arm_sim/install/moveit_ros_warehouse:/home/stephenq0503/Desktop/robot_arm_sim/install/moveit_ros_robot_interaction:/home/stephenq0503/Desktop/robot_arm_sim/install/moveit_kinematics:/home/stephenq0503/Desktop/robot_arm_sim/install/moveit_ros_planning:/home/stephenq0503/Desktop/robot_arm_sim/install/moveit_ros_occupancy_map_monitor:/home/stephenq0503/Desktop/robot_arm_sim/install/moveit_core:/home/stephenq0503/Desktop/robot_arm_sim/install/srdfdom:/home/stephenq0503/Desktop/robot_arm_sim/install/moveit_common:/home/stephenq0503/Desktop/robot_arm_sim/install/six_dof_arm:/home/stephenq0503/Desktop/robot_arm_sim/install/gazebo_ros2_control:/opt/ros/humble LD_LIBRARY_PATH=/home/stephenq0503/Desktop/robot_arm_sim/install/moveit_ros_planning_interface/lib:/home/stephenq0503/Desktop/robot_arm_sim/install/moveit_ros_move_group/lib:/home/stephenq0503/Desktop/robot_arm_sim/install/moveit_ros_warehouse/lib:/home/stephenq0503/Desktop/robot_arm_sim/install/moveit_ros_robot_interaction/lib:/home/stephenq0503/Desktop/robot_arm_sim/install/moveit_kinematics/lib:/home/stephenq0503/Desktop/robot_arm_sim/install/moveit_ros_planning/lib:/home/stephenq0503/Desktop/robot_arm_sim/install/moveit_ros_occupancy_map_monitor/lib:/home/stephenq0503/Desktop/robot_arm_sim/install/moveit_core/lib:/home/stephenq0503/Desktop/robot_arm_sim/install/srdfdom/lib:${LD_LIBRARY_PATH} PATH=/home/stephenq0503/Desktop/robot_arm_sim/install/moveit_core/bin:${PATH} PYTHONPATH=/home/stephenq0503/Desktop/robot_arm_sim/install/srdfdom/local/lib/python3.10/dist-packages:${PYTHONPATH} /usr/bin/cmake --build /home/stephenq0503/Desktop/robot_arm_sim/build/moveit_ros_visualization -- -j8 -l8
[18.768s] [  1%] [34m[1mAutomatic MOC for target moveit_rviz_plugin_render_tools[0m
[20.698s] [  1%] Built target moveit_rviz_plugin_render_tools_autogen
[20.891s] [  3%] [32mBuilding CXX object rviz_plugin_render_tools/CMakeFiles/moveit_rviz_plugin_render_tools.dir/moveit_rviz_plugin_render_tools_autogen/mocs_compilation.cpp.o[0m
[20.901s] [  5%] [32mBuilding CXX object rviz_plugin_render_tools/CMakeFiles/moveit_rviz_plugin_render_tools.dir/src/robot_state_visualization.cpp.o[0m
[20.954s] [  6%] [32mBuilding CXX object rviz_plugin_render_tools/CMakeFiles/moveit_rviz_plugin_render_tools.dir/src/render_shapes.cpp.o[0m
[22.045s] [  8%] [32mBuilding CXX object rviz_plugin_render_tools/CMakeFiles/moveit_rviz_plugin_render_tools.dir/src/trajectory_panel.cpp.o[0m
[23.148s] [ 10%] [32mBuilding CXX object rviz_plugin_render_tools/CMakeFiles/moveit_rviz_plugin_render_tools.dir/src/octomap_render.cpp.o[0m
[23.160s] [ 12%] [32mBuilding CXX object rviz_plugin_render_tools/CMakeFiles/moveit_rviz_plugin_render_tools.dir/src/trajectory_visualization.cpp.o[0m
[90.838s] [ 13%] [32mBuilding CXX object rviz_plugin_render_tools/CMakeFiles/moveit_rviz_plugin_render_tools.dir/src/mesh_shape.cpp.o[0m
[93.693s] [ 15%] [32mBuilding CXX object rviz_plugin_render_tools/CMakeFiles/moveit_rviz_plugin_render_tools.dir/src/planning_link_updater.cpp.o[0m
[102.281s] [ 17%] [32mBuilding CXX object rviz_plugin_render_tools/CMakeFiles/moveit_rviz_plugin_render_tools.dir/src/planning_scene_render.cpp.o[0m
[116.605s] [ 18%] [32m[1mLinking CXX shared library libmoveit_rviz_plugin_render_tools.so[0m
[120.484s] [ 18%] Built target moveit_rviz_plugin_render_tools
[120.511s] [ 20%] [34m[1mAutomatic MOC for target moveit_robot_state_rviz_plugin_core[0m
[120.840s] [ 20%] Built target moveit_robot_state_rviz_plugin_core_autogen
[120.868s] [ 22%] [34m[1mAutomatic MOC for target moveit_planning_scene_rviz_plugin_core[0m
[121.373s] [ 22%] Built target moveit_planning_scene_rviz_plugin_core_autogen
[121.404s] [ 24%] [32mBuilding CXX object robot_state_rviz_plugin/CMakeFiles/moveit_robot_state_rviz_plugin_core.dir/moveit_robot_state_rviz_plugin_core_autogen/mocs_compilation.cpp.o[0m
[135.595s] [ 25%] [32mBuilding CXX object robot_state_rviz_plugin/CMakeFiles/moveit_robot_state_rviz_plugin_core.dir/src/robot_state_display.cpp.o[0m
[172.821s] [ 27%] [32m[1mLinking CXX shared library libmoveit_robot_state_rviz_plugin_core.so[0m
[177.391s] [ 27%] Built target moveit_robot_state_rviz_plugin_core
[177.438s] [ 29%] [32mBuilding CXX object planning_scene_rviz_plugin/CMakeFiles/moveit_planning_scene_rviz_plugin_core.dir/moveit_planning_scene_rviz_plugin_core_autogen/mocs_compilation.cpp.o[0m
[177.439s] [ 31%] [34m[1mAutomatic MOC for target moveit_robot_state_rviz_plugin[0m
[177.459s] [ 32%] [32mBuilding CXX object planning_scene_rviz_plugin/CMakeFiles/moveit_planning_scene_rviz_plugin_core.dir/src/planning_scene_display.cpp.o[0m
[177.505s] [ 34%] [32mBuilding CXX object planning_scene_rviz_plugin/CMakeFiles/moveit_planning_scene_rviz_plugin_core.dir/src/background_processing.cpp.o[0m
[177.536s] [ 34%] Built target moveit_robot_state_rviz_plugin_autogen
[177.744s] [ 36%] [32mBuilding CXX object robot_state_rviz_plugin/CMakeFiles/moveit_robot_state_rviz_plugin.dir/moveit_robot_state_rviz_plugin_autogen/mocs_compilation.cpp.o[0m
[177.768s] [ 37%] [32mBuilding CXX object robot_state_rviz_plugin/CMakeFiles/moveit_robot_state_rviz_plugin.dir/src/plugin_init.cpp.o[0m
[205.030s] [ 39%] [32m[1mLinking CXX shared library libmoveit_robot_state_rviz_plugin.so[0m
[207.426s] [ 39%] Built target moveit_robot_state_rviz_plugin
[212.912s] [ 41%] [32m[1mLinking CXX shared library libmoveit_planning_scene_rviz_plugin_core.so[0m
[219.113s] [ 41%] Built target moveit_planning_scene_rviz_plugin_core
[219.157s] [ 44%] [34m[1mAutomatic MOC for target moveit_planning_scene_rviz_plugin[0m
[219.158s] [ 44%] [34m[1mAutomatic MOC for target moveit_trajectory_rviz_plugin_core[0m
[219.217s] [ 44%] Built target moveit_planning_scene_rviz_plugin_autogen
[219.260s] [ 46%] [32mBuilding CXX object planning_scene_rviz_plugin/CMakeFiles/moveit_planning_scene_rviz_plugin.dir/moveit_planning_scene_rviz_plugin_autogen/mocs_compilation.cpp.o[0m
[219.262s] [ 48%] [32mBuilding CXX object planning_scene_rviz_plugin/CMakeFiles/moveit_planning_scene_rviz_plugin.dir/src/plugin_init.cpp.o[0m
[220.026s] [ 48%] Built target moveit_trajectory_rviz_plugin_core_autogen
[220.070s] [ 50%] [32mBuilding CXX object trajectory_rviz_plugin/CMakeFiles/moveit_trajectory_rviz_plugin_core.dir/moveit_trajectory_rviz_plugin_core_autogen/mocs_compilation.cpp.o[0m
[220.072s] [ 51%] [32mBuilding CXX object trajectory_rviz_plugin/CMakeFiles/moveit_trajectory_rviz_plugin_core.dir/src/trajectory_display.cpp.o[0m
[247.486s] [ 53%] [32m[1mLinking CXX shared library libmoveit_trajectory_rviz_plugin_core.so[0m
[249.424s] [ 53%] Built target moveit_trajectory_rviz_plugin_core
[251.242s] [ 55%] [32m[1mLinking CXX shared library libmoveit_planning_scene_rviz_plugin.so[0m
[252.811s] [ 55%] Built target moveit_planning_scene_rviz_plugin
[252.841s] [ 56%] [34m[1mAutomatic MOC for target moveit_trajectory_rviz_plugin[0m
[252.884s] [ 56%] Built target moveit_trajectory_rviz_plugin_autogen
[252.915s] [ 58%] [34m[1mAutomatic MOC for target moveit_motion_planning_rviz_plugin_core[0m
[254.409s] [ 58%] Built target moveit_motion_planning_rviz_plugin_core_autogen
[254.430s] [ 62%] [34m[1mGenerating ui_motion_planning_rviz_plugin_frame_joints.h[0m
[254.430s] [ 62%] [34m[1mAutomatic RCC for src/icons/icons.qrc[0m
[254.446s] [ 63%] [32mBuilding CXX object trajectory_rviz_plugin/CMakeFiles/moveit_trajectory_rviz_plugin.dir/src/plugin_init.cpp.o[0m
[254.449s] [ 65%] [32mBuilding CXX object trajectory_rviz_plugin/CMakeFiles/moveit_trajectory_rviz_plugin.dir/moveit_trajectory_rviz_plugin_autogen/mocs_compilation.cpp.o[0m
[254.580s] [ 67%] [34m[1mGenerating ui_motion_planning_rviz_plugin_frame.h[0m
[254.637s] [ 70%] [32mBuilding CXX object motion_planning_rviz_plugin/CMakeFiles/moveit_motion_planning_rviz_plugin_core.dir/moveit_motion_planning_rviz_plugin_core_autogen/mocs_compilation.cpp.o[0m
[254.638s] [ 70%] [32mBuilding CXX object motion_planning_rviz_plugin/CMakeFiles/moveit_motion_planning_rviz_plugin_core.dir/src/motion_planning_frame.cpp.o[0m
[255.704s] [ 72%] [32mBuilding CXX object motion_planning_rviz_plugin/CMakeFiles/moveit_motion_planning_rviz_plugin_core.dir/src/motion_planning_frame_states.cpp.o[0m
[256.767s] [ 74%] [32mBuilding CXX object motion_planning_rviz_plugin/CMakeFiles/moveit_motion_planning_rviz_plugin_core.dir/src/motion_planning_frame_scenes.cpp.o[0m
[257.882s] [ 75%] [32mBuilding CXX object motion_planning_rviz_plugin/CMakeFiles/moveit_motion_planning_rviz_plugin_core.dir/src/motion_planning_frame_objects.cpp.o[0m
[286.841s] [ 77%] [32m[1mLinking CXX shared library libmoveit_trajectory_rviz_plugin.so[0m
[289.987s] [ 77%] Built target moveit_trajectory_rviz_plugin
[318.681s] [ 79%] [32mBuilding CXX object motion_planning_rviz_plugin/CMakeFiles/moveit_motion_planning_rviz_plugin_core.dir/src/interactive_marker_display.cpp.o[0m
[319.701s] [ 81%] [32mBuilding CXX object motion_planning_rviz_plugin/CMakeFiles/moveit_motion_planning_rviz_plugin_core.dir/src/motion_planning_param_widget.cpp.o[0m
[320.722s] [ 82%] [32mBuilding CXX object motion_planning_rviz_plugin/CMakeFiles/moveit_motion_planning_rviz_plugin_core.dir/src/motion_planning_frame_manipulation.cpp.o[0m
[321.745s] [ 84%] [32mBuilding CXX object motion_planning_rviz_plugin/CMakeFiles/moveit_motion_planning_rviz_plugin_core.dir/src/motion_planning_display.cpp.o[0m
[322.768s] [ 86%] [32mBuilding CXX object motion_planning_rviz_plugin/CMakeFiles/moveit_motion_planning_rviz_plugin_core.dir/src/motion_planning_frame_joints_widget.cpp.o[0m
[323.820s] [ 87%] [32mBuilding CXX object motion_planning_rviz_plugin/CMakeFiles/moveit_motion_planning_rviz_plugin_core.dir/src/motion_planning_frame_planning.cpp.o[0m
[324.890s] [ 89%] [32mBuilding CXX object motion_planning_rviz_plugin/CMakeFiles/moveit_motion_planning_rviz_plugin_core.dir/src/motion_planning_frame_context.cpp.o[0m
[330.852s] [ 91%] [32mBuilding CXX object motion_planning_rviz_plugin/CMakeFiles/moveit_motion_planning_rviz_plugin_core.dir/moveit_motion_planning_rviz_plugin_core_autogen/2OST2OT5Q2/qrc_icons.cpp.o[0m
[375.101s] [ 93%] [32m[1mLinking CXX shared library libmoveit_motion_planning_rviz_plugin_core.so[0m
[381.192s] [ 93%] Built target moveit_motion_planning_rviz_plugin_core
[381.217s] [ 94%] [34m[1mAutomatic MOC for target moveit_motion_planning_rviz_plugin[0m
[381.256s] [ 94%] Built target moveit_motion_planning_rviz_plugin_autogen
[381.285s] [ 98%] [32mBuilding CXX object motion_planning_rviz_plugin/CMakeFiles/moveit_motion_planning_rviz_plugin.dir/src/plugin_init.cpp.o[0m
[381.285s] [ 98%] [32mBuilding CXX object motion_planning_rviz_plugin/CMakeFiles/moveit_motion_planning_rviz_plugin.dir/moveit_motion_planning_rviz_plugin_autogen/mocs_compilation.cpp.o[0m
[420.790s] [100%] [32m[1mLinking CXX shared library libmoveit_motion_planning_rviz_plugin.so[0m
[423.104s] [100%] Built target moveit_motion_planning_rviz_plugin
[423.121s] Invoked command in '/home/stephenq0503/Desktop/robot_arm_sim/build/moveit_ros_visualization' returned '0': AMENT_PREFIX_PATH=/home/stephenq0503/Desktop/robot_arm_sim/install/moveit_ros_planning_interface:/home/stephenq0503/Desktop/robot_arm_sim/install/moveit_ros_move_group:/home/stephenq0503/Desktop/robot_arm_sim/install/moveit_ros_warehouse:/home/stephenq0503/Desktop/robot_arm_sim/install/moveit_ros_robot_interaction:/home/stephenq0503/Desktop/robot_arm_sim/install/moveit_kinematics:/home/stephenq0503/Desktop/robot_arm_sim/install/moveit_ros_planning:/home/stephenq0503/Desktop/robot_arm_sim/install/moveit_ros_occupancy_map_monitor:/home/stephenq0503/Desktop/robot_arm_sim/install/moveit_core:/home/stephenq0503/Desktop/robot_arm_sim/install/srdfdom:/home/stephenq0503/Desktop/robot_arm_sim/install/moveit_common:${AMENT_PREFIX_PATH} CMAKE_PREFIX_PATH=/home/stephenq0503/Desktop/robot_arm_sim/install/moveit_ros_planning_interface:/home/stephenq0503/Desktop/robot_arm_sim/install/moveit_ros_move_group:/home/stephenq0503/Desktop/robot_arm_sim/install/moveit_ros_warehouse:/home/stephenq0503/Desktop/robot_arm_sim/install/moveit_ros_robot_interaction:/home/stephenq0503/Desktop/robot_arm_sim/install/moveit_kinematics:/home/stephenq0503/Desktop/robot_arm_sim/install/moveit_ros_planning:/home/stephenq0503/Desktop/robot_arm_sim/install/moveit_ros_occupancy_map_monitor:/home/stephenq0503/Desktop/robot_arm_sim/install/moveit_core:/home/stephenq0503/Desktop/robot_arm_sim/install/srdfdom:/home/stephenq0503/Desktop/robot_arm_sim/install/moveit_common:/home/stephenq0503/Desktop/robot_arm_sim/install/six_dof_arm:/home/stephenq0503/Desktop/robot_arm_sim/install/gazebo_ros2_control:/opt/ros/humble LD_LIBRARY_PATH=/home/stephenq0503/Desktop/robot_arm_sim/install/moveit_ros_planning_interface/lib:/home/stephenq0503/Desktop/robot_arm_sim/install/moveit_ros_move_group/lib:/home/stephenq0503/Desktop/robot_arm_sim/install/moveit_ros_warehouse/lib:/home/stephenq0503/Desktop/robot_arm_sim/install/moveit_ros_robot_interaction/lib:/home/stephenq0503/Desktop/robot_arm_sim/install/moveit_kinematics/lib:/home/stephenq0503/Desktop/robot_arm_sim/install/moveit_ros_planning/lib:/home/stephenq0503/Desktop/robot_arm_sim/install/moveit_ros_occupancy_map_monitor/lib:/home/stephenq0503/Desktop/robot_arm_sim/install/moveit_core/lib:/home/stephenq0503/Desktop/robot_arm_sim/install/srdfdom/lib:${LD_LIBRARY_PATH} PATH=/home/stephenq0503/Desktop/robot_arm_sim/install/moveit_core/bin:${PATH} PYTHONPATH=/home/stephenq0503/Desktop/robot_arm_sim/install/srdfdom/local/lib/python3.10/dist-packages:${PYTHONPATH} /usr/bin/cmake --build /home/stephenq0503/Desktop/robot_arm_sim/build/moveit_ros_visualization -- -j8 -l8
[423.187s] Invoking command in '/home/stephenq0503/Desktop/robot_arm_sim/build/moveit_ros_visualization': AMENT_PREFIX_PATH=/home/stephenq0503/Desktop/robot_arm_sim/install/moveit_ros_planning_interface:/home/stephenq0503/Desktop/robot_arm_sim/install/moveit_ros_move_group:/home/stephenq0503/Desktop/robot_arm_sim/install/moveit_ros_warehouse:/home/stephenq0503/Desktop/robot_arm_sim/install/moveit_ros_robot_interaction:/home/stephenq0503/Desktop/robot_arm_sim/install/moveit_kinematics:/home/stephenq0503/Desktop/robot_arm_sim/install/moveit_ros_planning:/home/stephenq0503/Desktop/robot_arm_sim/install/moveit_ros_occupancy_map_monitor:/home/stephenq0503/Desktop/robot_arm_sim/install/moveit_core:/home/stephenq0503/Desktop/robot_arm_sim/install/srdfdom:/home/stephenq0503/Desktop/robot_arm_sim/install/moveit_common:${AMENT_PREFIX_PATH} CMAKE_PREFIX_PATH=/home/stephenq0503/Desktop/robot_arm_sim/install/moveit_ros_planning_interface:/home/stephenq0503/Desktop/robot_arm_sim/install/moveit_ros_move_group:/home/stephenq0503/Desktop/robot_arm_sim/install/moveit_ros_warehouse:/home/stephenq0503/Desktop/robot_arm_sim/install/moveit_ros_robot_interaction:/home/stephenq0503/Desktop/robot_arm_sim/install/moveit_kinematics:/home/stephenq0503/Desktop/robot_arm_sim/install/moveit_ros_planning:/home/stephenq0503/Desktop/robot_arm_sim/install/moveit_ros_occupancy_map_monitor:/home/stephenq0503/Desktop/robot_arm_sim/install/moveit_core:/home/stephenq0503/Desktop/robot_arm_sim/install/srdfdom:/home/stephenq0503/Desktop/robot_arm_sim/install/moveit_common:/home/stephenq0503/Desktop/robot_arm_sim/install/six_dof_arm:/home/stephenq0503/Desktop/robot_arm_sim/install/gazebo_ros2_control:/opt/ros/humble LD_LIBRARY_PATH=/home/stephenq0503/Desktop/robot_arm_sim/install/moveit_ros_planning_interface/lib:/home/stephenq0503/Desktop/robot_arm_sim/install/moveit_ros_move_group/lib:/home/stephenq0503/Desktop/robot_arm_sim/install/moveit_ros_warehouse/lib:/home/stephenq0503/Desktop/robot_arm_sim/install/moveit_ros_robot_interaction/lib:/home/stephenq0503/Desktop/robot_arm_sim/install/moveit_kinematics/lib:/home/stephenq0503/Desktop/robot_arm_sim/install/moveit_ros_planning/lib:/home/stephenq0503/Desktop/robot_arm_sim/install/moveit_ros_occupancy_map_monitor/lib:/home/stephenq0503/Desktop/robot_arm_sim/install/moveit_core/lib:/home/stephenq0503/Desktop/robot_arm_sim/install/srdfdom/lib:${LD_LIBRARY_PATH} PATH=/home/stephenq0503/Desktop/robot_arm_sim/install/moveit_core/bin:${PATH} PYTHONPATH=/home/stephenq0503/Desktop/robot_arm_sim/install/srdfdom/local/lib/python3.10/dist-packages:${PYTHONPATH} /usr/bin/cmake --install /home/stephenq0503/Desktop/robot_arm_sim/build/moveit_ros_visualization
[423.201s] -- Install configuration: "Release"
[423.202s] -- Installing: /home/stephenq0503/Desktop/robot_arm_sim/install/moveit_ros_visualization/include
[423.202s] -- Installing: /home/stephenq0503/Desktop/robot_arm_sim/install/moveit_ros_visualization/include/ogre_helpers
[423.202s] -- Installing: /home/stephenq0503/Desktop/robot_arm_sim/install/moveit_ros_visualization/include/ogre_helpers/mesh_shape.hpp
[423.202s] -- Installing: /home/stephenq0503/Desktop/robot_arm_sim/install/moveit_ros_visualization/include/moveit
[423.202s] -- Installing: /home/stephenq0503/Desktop/robot_arm_sim/install/moveit_ros_visualization/include/moveit/rviz_plugin_render_tools
[423.203s] -- Installing: /home/stephenq0503/Desktop/robot_arm_sim/install/moveit_ros_visualization/include/moveit/rviz_plugin_render_tools/trajectory_visualization.h
[423.203s] -- Installing: /home/stephenq0503/Desktop/robot_arm_sim/install/moveit_ros_visualization/include/moveit/rviz_plugin_render_tools/planning_scene_render.h
[423.203s] -- Installing: /home/stephenq0503/Desktop/robot_arm_sim/install/moveit_ros_visualization/include/moveit/rviz_plugin_render_tools/robot_state_visualization.h
[423.203s] -- Installing: /home/stephenq0503/Desktop/robot_arm_sim/install/moveit_ros_visualization/include/moveit/rviz_plugin_render_tools/trajectory_panel.h
[423.203s] -- Installing: /home/stephenq0503/Desktop/robot_arm_sim/install/moveit_ros_visualization/include/moveit/rviz_plugin_render_tools/render_shapes.h
[423.203s] -- Installing: /home/stephenq0503/Desktop/robot_arm_sim/install/moveit_ros_visualization/include/moveit/rviz_plugin_render_tools/octomap_render.h
[423.204s] -- Installing: /home/stephenq0503/Desktop/robot_arm_sim/install/moveit_ros_visualization/include/moveit/rviz_plugin_render_tools/planning_link_updater.h
[423.204s] -- Up-to-date: /home/stephenq0503/Desktop/robot_arm_sim/install/moveit_ros_visualization/include
[423.204s] -- Up-to-date: /home/stephenq0503/Desktop/robot_arm_sim/install/moveit_ros_visualization/include/moveit
[423.204s] -- Installing: /home/stephenq0503/Desktop/robot_arm_sim/install/moveit_ros_visualization/include/moveit/robot_state_rviz_plugin
[423.205s] -- Installing: /home/stephenq0503/Desktop/robot_arm_sim/install/moveit_ros_visualization/include/moveit/robot_state_rviz_plugin/robot_state_display.h
[423.205s] -- Up-to-date: /home/stephenq0503/Desktop/robot_arm_sim/install/moveit_ros_visualization/include
[423.205s] -- Up-to-date: /home/stephenq0503/Desktop/robot_arm_sim/install/moveit_ros_visualization/include/moveit
[423.205s] -- Installing: /home/stephenq0503/Desktop/robot_arm_sim/install/moveit_ros_visualization/include/moveit/planning_scene_rviz_plugin
[423.206s] -- Installing: /home/stephenq0503/Desktop/robot_arm_sim/install/moveit_ros_visualization/include/moveit/planning_scene_rviz_plugin/background_processing.hpp
[423.206s] -- Installing: /home/stephenq0503/Desktop/robot_arm_sim/install/moveit_ros_visualization/include/moveit/planning_scene_rviz_plugin/planning_scene_display.h
[423.206s] -- Installing: /home/stephenq0503/Desktop/robot_arm_sim/install/moveit_ros_visualization/include/moveit_planning_scene_rviz_plugin_core_export.h
[423.206s] -- Up-to-date: /home/stephenq0503/Desktop/robot_arm_sim/install/moveit_ros_visualization/include
[423.206s] -- Up-to-date: /home/stephenq0503/Desktop/robot_arm_sim/install/moveit_ros_visualization/include/moveit
[423.207s] -- Installing: /home/stephenq0503/Desktop/robot_arm_sim/install/moveit_ros_visualization/include/moveit/motion_planning_rviz_plugin
[423.207s] -- Installing: /home/stephenq0503/Desktop/robot_arm_sim/install/moveit_ros_visualization/include/moveit/motion_planning_rviz_plugin/motion_planning_display.h
[423.207s] -- Installing: /home/stephenq0503/Desktop/robot_arm_sim/install/moveit_ros_visualization/include/moveit/motion_planning_rviz_plugin/motion_planning_frame_joints_widget.h
[423.207s] -- Installing: /home/stephenq0503/Desktop/robot_arm_sim/install/moveit_ros_visualization/include/moveit/motion_planning_rviz_plugin/motion_planning_param_widget.h
[423.207s] -- Installing: /home/stephenq0503/Desktop/robot_arm_sim/install/moveit_ros_visualization/include/moveit/motion_planning_rviz_plugin/motion_planning_frame.h
[423.207s] -- Installing: /home/stephenq0503/Desktop/robot_arm_sim/install/moveit_ros_visualization/include/moveit/motion_planning_rviz_plugin/interactive_marker_display.h
[423.208s] -- Up-to-date: /home/stephenq0503/Desktop/robot_arm_sim/install/moveit_ros_visualization/include
[423.208s] -- Up-to-date: /home/stephenq0503/Desktop/robot_arm_sim/install/moveit_ros_visualization/include/moveit
[423.208s] -- Installing: /home/stephenq0503/Desktop/robot_arm_sim/install/moveit_ros_visualization/include/moveit/trajectory_rviz_plugin
[423.208s] -- Installing: /home/stephenq0503/Desktop/robot_arm_sim/install/moveit_ros_visualization/include/moveit/trajectory_rviz_plugin/trajectory_display.h
[423.208s] -- Installing: /home/stephenq0503/Desktop/robot_arm_sim/install/moveit_ros_visualization/share/moveit_ros_visualization/icons
[423.209s] -- Installing: /home/stephenq0503/Desktop/robot_arm_sim/install/moveit_ros_visualization/share/moveit_ros_visualization/icons/classes
[423.209s] -- Installing: /home/stephenq0503/Desktop/robot_arm_sim/install/moveit_ros_visualization/share/moveit_ros_visualization/icons/classes/MotionPlanning.png
[423.209s] -- Installing: /home/stephenq0503/Desktop/robot_arm_sim/install/moveit_ros_visualization/share/moveit_ros_visualization/icons/classes/Trajectory.png
[423.210s] -- Installing: /home/stephenq0503/Desktop/robot_arm_sim/install/moveit_ros_visualization/share/moveit_ros_visualization/icons/classes/RobotState.png
[423.210s] -- Installing: /home/stephenq0503/Desktop/robot_arm_sim/install/moveit_ros_visualization/share/moveit_ros_visualization/icons/classes/PlanningScene.png
[423.210s] -- Installing: /home/stephenq0503/Desktop/robot_arm_sim/install/moveit_ros_visualization/share/moveit_ros_visualization/motion_planning_rviz_plugin_description.xml
[423.211s] -- Installing: /home/stephenq0503/Desktop/robot_arm_sim/install/moveit_ros_visualization/share/moveit_ros_visualization/trajectory_rviz_plugin_description.xml
[423.211s] -- Installing: /home/stephenq0503/Desktop/robot_arm_sim/install/moveit_ros_visualization/share/moveit_ros_visualization/planning_scene_rviz_plugin_description.xml
[423.211s] -- Installing: /home/stephenq0503/Desktop/robot_arm_sim/install/moveit_ros_visualization/share/moveit_ros_visualization/robot_state_rviz_plugin_description.xml
[423.212s] -- Installing: /home/stephenq0503/Desktop/robot_arm_sim/install/moveit_ros_visualization/lib/libmoveit_motion_planning_rviz_plugin.so.2.5.5
[423.213s] -- Set runtime path of "/home/stephenq0503/Desktop/robot_arm_sim/install/moveit_ros_visualization/lib/libmoveit_motion_planning_rviz_plugin.so.2.5.5" to ""
[423.213s] -- Installing: /home/stephenq0503/Desktop/robot_arm_sim/install/moveit_ros_visualization/lib/libmoveit_motion_planning_rviz_plugin.so
[423.213s] -- Installing: /home/stephenq0503/Desktop/robot_arm_sim/install/moveit_ros_visualization/lib/libmoveit_motion_planning_rviz_plugin_core.so.2.5.5
[423.221s] -- Set runtime path of "/home/stephenq0503/Desktop/robot_arm_sim/install/moveit_ros_visualization/lib/libmoveit_motion_planning_rviz_plugin_core.so.2.5.5" to ""
[423.221s] -- Installing: /home/stephenq0503/Desktop/robot_arm_sim/install/moveit_ros_visualization/lib/libmoveit_motion_planning_rviz_plugin_core.so
[423.222s] -- Installing: /home/stephenq0503/Desktop/robot_arm_sim/install/moveit_ros_visualization/lib/libmoveit_planning_scene_rviz_plugin.so.2.5.5
[423.222s] -- Set runtime path of "/home/stephenq0503/Desktop/robot_arm_sim/install/moveit_ros_visualization/lib/libmoveit_planning_scene_rviz_plugin.so.2.5.5" to ""
[423.222s] -- Installing: /home/stephenq0503/Desktop/robot_arm_sim/install/moveit_ros_visualization/lib/libmoveit_planning_scene_rviz_plugin.so
[423.223s] -- Installing: /home/stephenq0503/Desktop/robot_arm_sim/install/moveit_ros_visualization/lib/libmoveit_planning_scene_rviz_plugin_core.so.2.5.5
[423.223s] -- Set runtime path of "/home/stephenq0503/Desktop/robot_arm_sim/install/moveit_ros_visualization/lib/libmoveit_planning_scene_rviz_plugin_core.so.2.5.5" to ""
[423.224s] -- Installing: /home/stephenq0503/Desktop/robot_arm_sim/install/moveit_ros_visualization/lib/libmoveit_planning_scene_rviz_plugin_core.so
[423.224s] -- Installing: /home/stephenq0503/Desktop/robot_arm_sim/install/moveit_ros_visualization/lib/libmoveit_robot_state_rviz_plugin.so.2.5.5
[423.225s] -- Set runtime path of "/home/stephenq0503/Desktop/robot_arm_sim/install/moveit_ros_visualization/lib/libmoveit_robot_state_rviz_plugin.so.2.5.5" to ""
[423.225s] -- Installing: /home/stephenq0503/Desktop/robot_arm_sim/install/moveit_ros_visualization/lib/libmoveit_robot_state_rviz_plugin.so
[423.225s] -- Installing: /home/stephenq0503/Desktop/robot_arm_sim/install/moveit_ros_visualization/lib/libmoveit_robot_state_rviz_plugin_core.so.2.5.5
[423.227s] -- Set runtime path of "/home/stephenq0503/Desktop/robot_arm_sim/install/moveit_ros_visualization/lib/libmoveit_robot_state_rviz_plugin_core.so.2.5.5" to ""
[423.227s] -- Installing: /home/stephenq0503/Desktop/robot_arm_sim/install/moveit_ros_visualization/lib/libmoveit_robot_state_rviz_plugin_core.so
[423.227s] -- Installing: /home/stephenq0503/Desktop/robot_arm_sim/install/moveit_ros_visualization/lib/libmoveit_rviz_plugin_render_tools.so.2.5.5
[423.230s] -- Set runtime path of "/home/stephenq0503/Desktop/robot_arm_sim/install/moveit_ros_visualization/lib/libmoveit_rviz_plugin_render_tools.so.2.5.5" to ""
[423.230s] -- Installing: /home/stephenq0503/Desktop/robot_arm_sim/install/moveit_ros_visualization/lib/libmoveit_rviz_plugin_render_tools.so
[423.230s] -- Installing: /home/stephenq0503/Desktop/robot_arm_sim/install/moveit_ros_visualization/lib/libmoveit_trajectory_rviz_plugin.so.2.5.5
[423.231s] -- Set runtime path of "/home/stephenq0503/Desktop/robot_arm_sim/install/moveit_ros_visualization/lib/libmoveit_trajectory_rviz_plugin.so.2.5.5" to ""
[423.231s] -- Installing: /home/stephenq0503/Desktop/robot_arm_sim/install/moveit_ros_visualization/lib/libmoveit_trajectory_rviz_plugin.so
[423.231s] -- Installing: /home/stephenq0503/Desktop/robot_arm_sim/install/moveit_ros_visualization/lib/libmoveit_trajectory_rviz_plugin_core.so.2.5.5
[423.232s] -- Set runtime path of "/home/stephenq0503/Desktop/robot_arm_sim/install/moveit_ros_visualization/lib/libmoveit_trajectory_rviz_plugin_core.so.2.5.5" to ""
[423.232s] -- Installing: /home/stephenq0503/Desktop/robot_arm_sim/install/moveit_ros_visualization/lib/libmoveit_trajectory_rviz_plugin_core.so
[423.232s] -- Installing: /home/stephenq0503/Desktop/robot_arm_sim/install/moveit_ros_visualization/share/moveit_ros_visualization/environment/library_path.sh
[423.233s] -- Installing: /home/stephenq0503/Desktop/robot_arm_sim/install/moveit_ros_visualization/share/moveit_ros_visualization/environment/library_path.dsv
[423.233s] -- Installing: /home/stephenq0503/Desktop/robot_arm_sim/install/moveit_ros_visualization/share/ament_index/resource_index/package_run_dependencies/moveit_ros_visualization
[423.233s] -- Installing: /home/stephenq0503/Desktop/robot_arm_sim/install/moveit_ros_visualization/share/ament_index/resource_index/parent_prefix_path/moveit_ros_visualization
[423.234s] -- Installing: /home/stephenq0503/Desktop/robot_arm_sim/install/moveit_ros_visualization/share/moveit_ros_visualization/environment/ament_prefix_path.sh
[423.234s] -- Installing: /home/stephenq0503/Desktop/robot_arm_sim/install/moveit_ros_visualization/share/moveit_ros_visualization/environment/ament_prefix_path.dsv
[423.234s] -- Installing: /home/stephenq0503/Desktop/robot_arm_sim/install/moveit_ros_visualization/share/moveit_ros_visualization/environment/path.sh
[423.234s] -- Installing: /home/stephenq0503/Desktop/robot_arm_sim/install/moveit_ros_visualization/share/moveit_ros_visualization/environment/path.dsv
[423.234s] -- Installing: /home/stephenq0503/Desktop/robot_arm_sim/install/moveit_ros_visualization/share/moveit_ros_visualization/local_setup.bash
[423.235s] -- Installing: /home/stephenq0503/Desktop/robot_arm_sim/install/moveit_ros_visualization/share/moveit_ros_visualization/local_setup.sh
[423.235s] -- Installing: /home/stephenq0503/Desktop/robot_arm_sim/install/moveit_ros_visualization/share/moveit_ros_visualization/local_setup.zsh
[423.235s] -- Installing: /home/stephenq0503/Desktop/robot_arm_sim/install/moveit_ros_visualization/share/moveit_ros_visualization/local_setup.dsv
[423.235s] -- Installing: /home/stephenq0503/Desktop/robot_arm_sim/install/moveit_ros_visualization/share/moveit_ros_visualization/package.dsv
[423.235s] -- Installing: /home/stephenq0503/Desktop/robot_arm_sim/install/moveit_ros_visualization/share/ament_index/resource_index/packages/moveit_ros_visualization
[423.236s] -- Installing: /home/stephenq0503/Desktop/robot_arm_sim/install/moveit_ros_visualization/share/ament_index/resource_index/rviz_common__pluginlib__plugin/moveit_ros_visualization
[423.236s] -- Installing: /home/stephenq0503/Desktop/robot_arm_sim/install/moveit_ros_visualization/share/moveit_ros_visualization/cmake/export_moveit_ros_visualizationExport.cmake
[423.236s] -- Installing: /home/stephenq0503/Desktop/robot_arm_sim/install/moveit_ros_visualization/share/moveit_ros_visualization/cmake/export_moveit_ros_visualizationExport-release.cmake
[423.237s] -- Installing: /home/stephenq0503/Desktop/robot_arm_sim/install/moveit_ros_visualization/share/moveit_ros_visualization/cmake/ConfigExtras.cmake
[423.237s] -- Installing: /home/stephenq0503/Desktop/robot_arm_sim/install/moveit_ros_visualization/share/moveit_ros_visualization/cmake/ament_cmake_export_targets-extras.cmake
[423.237s] -- Installing: /home/stephenq0503/Desktop/robot_arm_sim/install/moveit_ros_visualization/share/moveit_ros_visualization/cmake/ament_cmake_export_dependencies-extras.cmake
[423.237s] -- Installing: /home/stephenq0503/Desktop/robot_arm_sim/install/moveit_ros_visualization/share/moveit_ros_visualization/cmake/moveit_ros_visualizationConfig.cmake
[423.238s] -- Installing: /home/stephenq0503/Desktop/robot_arm_sim/install/moveit_ros_visualization/share/moveit_ros_visualization/cmake/moveit_ros_visualizationConfig-version.cmake
[423.238s] -- Installing: /home/stephenq0503/Desktop/robot_arm_sim/install/moveit_ros_visualization/share/moveit_ros_visualization/package.xml
[423.241s] Invoked command in '/home/stephenq0503/Desktop/robot_arm_sim/build/moveit_ros_visualization' returned '0': AMENT_PREFIX_PATH=/home/stephenq0503/Desktop/robot_arm_sim/install/moveit_ros_planning_interface:/home/stephenq0503/Desktop/robot_arm_sim/install/moveit_ros_move_group:/home/stephenq0503/Desktop/robot_arm_sim/install/moveit_ros_warehouse:/home/stephenq0503/Desktop/robot_arm_sim/install/moveit_ros_robot_interaction:/home/stephenq0503/Desktop/robot_arm_sim/install/moveit_kinematics:/home/stephenq0503/Desktop/robot_arm_sim/install/moveit_ros_planning:/home/stephenq0503/Desktop/robot_arm_sim/install/moveit_ros_occupancy_map_monitor:/home/stephenq0503/Desktop/robot_arm_sim/install/moveit_core:/home/stephenq0503/Desktop/robot_arm_sim/install/srdfdom:/home/stephenq0503/Desktop/robot_arm_sim/install/moveit_common:${AMENT_PREFIX_PATH} CMAKE_PREFIX_PATH=/home/stephenq0503/Desktop/robot_arm_sim/install/moveit_ros_planning_interface:/home/stephenq0503/Desktop/robot_arm_sim/install/moveit_ros_move_group:/home/stephenq0503/Desktop/robot_arm_sim/install/moveit_ros_warehouse:/home/stephenq0503/Desktop/robot_arm_sim/install/moveit_ros_robot_interaction:/home/stephenq0503/Desktop/robot_arm_sim/install/moveit_kinematics:/home/stephenq0503/Desktop/robot_arm_sim/install/moveit_ros_planning:/home/stephenq0503/Desktop/robot_arm_sim/install/moveit_ros_occupancy_map_monitor:/home/stephenq0503/Desktop/robot_arm_sim/install/moveit_core:/home/stephenq0503/Desktop/robot_arm_sim/install/srdfdom:/home/stephenq0503/Desktop/robot_arm_sim/install/moveit_common:/home/stephenq0503/Desktop/robot_arm_sim/install/six_dof_arm:/home/stephenq0503/Desktop/robot_arm_sim/install/gazebo_ros2_control:/opt/ros/humble LD_LIBRARY_PATH=/home/stephenq0503/Desktop/robot_arm_sim/install/moveit_ros_planning_interface/lib:/home/stephenq0503/Desktop/robot_arm_sim/install/moveit_ros_move_group/lib:/home/stephenq0503/Desktop/robot_arm_sim/install/moveit_ros_warehouse/lib:/home/stephenq0503/Desktop/robot_arm_sim/install/moveit_ros_robot_interaction/lib:/home/stephenq0503/Desktop/robot_arm_sim/install/moveit_kinematics/lib:/home/stephenq0503/Desktop/robot_arm_sim/install/moveit_ros_planning/lib:/home/stephenq0503/Desktop/robot_arm_sim/install/moveit_ros_occupancy_map_monitor/lib:/home/stephenq0503/Desktop/robot_arm_sim/install/moveit_core/lib:/home/stephenq0503/Desktop/robot_arm_sim/install/srdfdom/lib:${LD_LIBRARY_PATH} PATH=/home/stephenq0503/Desktop/robot_arm_sim/install/moveit_core/bin:${PATH} PYTHONPATH=/home/stephenq0503/Desktop/robot_arm_sim/install/srdfdom/local/lib/python3.10/dist-packages:${PYTHONPATH} /usr/bin/cmake --install /home/stephenq0503/Desktop/robot_arm_sim/build/moveit_ros_visualization
