[0.182s] Invoking command in '/home/stephenq0503/Desktop/robot_arm_sim/build/moveit_resources': AMENT_PREFIX_PATH=/home/stephenq0503/Desktop/robot_arm_sim/install/moveit_resources_panda_moveit_config:/home/stephenq0503/Desktop/robot_arm_sim/install/moveit_resources_fanuc_moveit_config:/home/stephenq0503/Desktop/robot_arm_sim/install/moveit_resources_pr2_description:/home/stephenq0503/Desktop/robot_arm_sim/install/moveit_resources_panda_description:/home/stephenq0503/Desktop/robot_arm_sim/install/moveit_resources_fanuc_description:${AMENT_PREFIX_PATH} CMAKE_PREFIX_PATH=/home/stephenq0503/Desktop/robot_arm_sim/install/moveit_resources_panda_moveit_config:/home/stephenq0503/Desktop/robot_arm_sim/install/moveit_resources_fanuc_moveit_config:/home/stephenq0503/Desktop/robot_arm_sim/install/moveit_resources_pr2_description:/home/stephenq0503/Desktop/robot_arm_sim/install/moveit_resources_panda_description:/home/stephenq0503/Desktop/robot_arm_sim/install/moveit_resources_fanuc_description:/home/stephenq0503/Desktop/robot_arm_sim/install/six_dof_arm:/home/stephenq0503/Desktop/robot_arm_sim/install/gazebo_ros2_control:/opt/ros/humble /usr/bin/cmake /home/stephenq0503/Desktop/robot_arm_sim/src/moveit_resources/moveit_resources -DCMAKE_INSTALL_PREFIX=/home/stephenq0503/Desktop/robot_arm_sim/install/moveit_resources
[0.314s] -- The C compiler identification is GNU 11.4.0
[0.440s] -- The CXX compiler identification is GNU 11.4.0
[0.458s] -- Detecting C compiler ABI info
[0.625s] -- Detecting C compiler ABI info - done
[0.633s] -- Check for working C compiler: /usr/bin/cc - skipped
[0.634s] -- Detecting C compile features
[0.635s] -- Detecting C compile features - done
[0.641s] -- Detecting CXX compiler ABI info
[0.845s] -- Detecting CXX compiler ABI info - done
[0.875s] -- Check for working CXX compiler: /usr/bin/c++ - skipped
[0.876s] -- Detecting CXX compile features
[0.879s] -- Detecting CXX compile features - done
[0.891s] -- Found ament_cmake: 1.3.7 (/opt/ros/humble/share/ament_cmake/cmake)
[1.268s] -- Found Python3: /usr/bin/python3.10 (found version "3.10.12") found components: Interpreter 
[1.685s] -- Configuring done
[1.694s] -- Generating done
[1.696s] -- Build files have been written to: /home/stephenq0503/Desktop/robot_arm_sim/build/moveit_resources
[1.718s] Invoked command in '/home/stephenq0503/Desktop/robot_arm_sim/build/moveit_resources' returned '0': AMENT_PREFIX_PATH=/home/stephenq0503/Desktop/robot_arm_sim/install/moveit_resources_panda_moveit_config:/home/stephenq0503/Desktop/robot_arm_sim/install/moveit_resources_fanuc_moveit_config:/home/stephenq0503/Desktop/robot_arm_sim/install/moveit_resources_pr2_description:/home/stephenq0503/Desktop/robot_arm_sim/install/moveit_resources_panda_description:/home/stephenq0503/Desktop/robot_arm_sim/install/moveit_resources_fanuc_description:${AMENT_PREFIX_PATH} CMAKE_PREFIX_PATH=/home/stephenq0503/Desktop/robot_arm_sim/install/moveit_resources_panda_moveit_config:/home/stephenq0503/Desktop/robot_arm_sim/install/moveit_resources_fanuc_moveit_config:/home/stephenq0503/Desktop/robot_arm_sim/install/moveit_resources_pr2_description:/home/stephenq0503/Desktop/robot_arm_sim/install/moveit_resources_panda_description:/home/stephenq0503/Desktop/robot_arm_sim/install/moveit_resources_fanuc_description:/home/stephenq0503/Desktop/robot_arm_sim/install/six_dof_arm:/home/stephenq0503/Desktop/robot_arm_sim/install/gazebo_ros2_control:/opt/ros/humble /usr/bin/cmake /home/stephenq0503/Desktop/robot_arm_sim/src/moveit_resources/moveit_resources -DCMAKE_INSTALL_PREFIX=/home/stephenq0503/Desktop/robot_arm_sim/install/moveit_resources
[1.719s] Invoking command in '/home/stephenq0503/Desktop/robot_arm_sim/build/moveit_resources': AMENT_PREFIX_PATH=/home/stephenq0503/Desktop/robot_arm_sim/install/moveit_resources_panda_moveit_config:/home/stephenq0503/Desktop/robot_arm_sim/install/moveit_resources_fanuc_moveit_config:/home/stephenq0503/Desktop/robot_arm_sim/install/moveit_resources_pr2_description:/home/stephenq0503/Desktop/robot_arm_sim/install/moveit_resources_panda_description:/home/stephenq0503/Desktop/robot_arm_sim/install/moveit_resources_fanuc_description:${AMENT_PREFIX_PATH} CMAKE_PREFIX_PATH=/home/stephenq0503/Desktop/robot_arm_sim/install/moveit_resources_panda_moveit_config:/home/stephenq0503/Desktop/robot_arm_sim/install/moveit_resources_fanuc_moveit_config:/home/stephenq0503/Desktop/robot_arm_sim/install/moveit_resources_pr2_description:/home/stephenq0503/Desktop/robot_arm_sim/install/moveit_resources_panda_description:/home/stephenq0503/Desktop/robot_arm_sim/install/moveit_resources_fanuc_description:/home/stephenq0503/Desktop/robot_arm_sim/install/six_dof_arm:/home/stephenq0503/Desktop/robot_arm_sim/install/gazebo_ros2_control:/opt/ros/humble /usr/bin/cmake --build /home/stephenq0503/Desktop/robot_arm_sim/build/moveit_resources -- -j8 -l8
[1.918s] Invoked command in '/home/stephenq0503/Desktop/robot_arm_sim/build/moveit_resources' returned '0': AMENT_PREFIX_PATH=/home/stephenq0503/Desktop/robot_arm_sim/install/moveit_resources_panda_moveit_config:/home/stephenq0503/Desktop/robot_arm_sim/install/moveit_resources_fanuc_moveit_config:/home/stephenq0503/Desktop/robot_arm_sim/install/moveit_resources_pr2_description:/home/stephenq0503/Desktop/robot_arm_sim/install/moveit_resources_panda_description:/home/stephenq0503/Desktop/robot_arm_sim/install/moveit_resources_fanuc_description:${AMENT_PREFIX_PATH} CMAKE_PREFIX_PATH=/home/stephenq0503/Desktop/robot_arm_sim/install/moveit_resources_panda_moveit_config:/home/stephenq0503/Desktop/robot_arm_sim/install/moveit_resources_fanuc_moveit_config:/home/stephenq0503/Desktop/robot_arm_sim/install/moveit_resources_pr2_description:/home/stephenq0503/Desktop/robot_arm_sim/install/moveit_resources_panda_description:/home/stephenq0503/Desktop/robot_arm_sim/install/moveit_resources_fanuc_description:/home/stephenq0503/Desktop/robot_arm_sim/install/six_dof_arm:/home/stephenq0503/Desktop/robot_arm_sim/install/gazebo_ros2_control:/opt/ros/humble /usr/bin/cmake --build /home/stephenq0503/Desktop/robot_arm_sim/build/moveit_resources -- -j8 -l8
[2.067s] Invoking command in '/home/stephenq0503/Desktop/robot_arm_sim/build/moveit_resources': AMENT_PREFIX_PATH=/home/stephenq0503/Desktop/robot_arm_sim/install/moveit_resources_panda_moveit_config:/home/stephenq0503/Desktop/robot_arm_sim/install/moveit_resources_fanuc_moveit_config:/home/stephenq0503/Desktop/robot_arm_sim/install/moveit_resources_pr2_description:/home/stephenq0503/Desktop/robot_arm_sim/install/moveit_resources_panda_description:/home/stephenq0503/Desktop/robot_arm_sim/install/moveit_resources_fanuc_description:${AMENT_PREFIX_PATH} CMAKE_PREFIX_PATH=/home/stephenq0503/Desktop/robot_arm_sim/install/moveit_resources_panda_moveit_config:/home/stephenq0503/Desktop/robot_arm_sim/install/moveit_resources_fanuc_moveit_config:/home/stephenq0503/Desktop/robot_arm_sim/install/moveit_resources_pr2_description:/home/stephenq0503/Desktop/robot_arm_sim/install/moveit_resources_panda_description:/home/stephenq0503/Desktop/robot_arm_sim/install/moveit_resources_fanuc_description:/home/stephenq0503/Desktop/robot_arm_sim/install/six_dof_arm:/home/stephenq0503/Desktop/robot_arm_sim/install/gazebo_ros2_control:/opt/ros/humble /usr/bin/cmake --install /home/stephenq0503/Desktop/robot_arm_sim/build/moveit_resources
[2.089s] -- Install configuration: ""
[2.090s] -- Installing: /home/stephenq0503/Desktop/robot_arm_sim/install/moveit_resources/share/ament_index/resource_index/package_run_dependencies/moveit_resources
[2.090s] -- Installing: /home/stephenq0503/Desktop/robot_arm_sim/install/moveit_resources/share/ament_index/resource_index/parent_prefix_path/moveit_resources
[2.091s] -- Installing: /home/stephenq0503/Desktop/robot_arm_sim/install/moveit_resources/share/moveit_resources/environment/ament_prefix_path.sh
[2.091s] -- Installing: /home/stephenq0503/Desktop/robot_arm_sim/install/moveit_resources/share/moveit_resources/environment/ament_prefix_path.dsv
[2.092s] -- Installing: /home/stephenq0503/Desktop/robot_arm_sim/install/moveit_resources/share/moveit_resources/environment/path.sh
[2.092s] -- Installing: /home/stephenq0503/Desktop/robot_arm_sim/install/moveit_resources/share/moveit_resources/environment/path.dsv
[2.092s] -- Installing: /home/stephenq0503/Desktop/robot_arm_sim/install/moveit_resources/share/moveit_resources/local_setup.bash
[2.092s] -- Installing: /home/stephenq0503/Desktop/robot_arm_sim/install/moveit_resources/share/moveit_resources/local_setup.sh
[2.093s] -- Installing: /home/stephenq0503/Desktop/robot_arm_sim/install/moveit_resources/share/moveit_resources/local_setup.zsh
[2.093s] -- Installing: /home/stephenq0503/Desktop/robot_arm_sim/install/moveit_resources/share/moveit_resources/local_setup.dsv
[2.093s] -- Installing: /home/stephenq0503/Desktop/robot_arm_sim/install/moveit_resources/share/moveit_resources/package.dsv
[2.094s] -- Installing: /home/stephenq0503/Desktop/robot_arm_sim/install/moveit_resources/share/ament_index/resource_index/packages/moveit_resources
[2.094s] -- Installing: /home/stephenq0503/Desktop/robot_arm_sim/install/moveit_resources/share/moveit_resources/cmake/moveit_resourcesConfig.cmake
[2.094s] -- Installing: /home/stephenq0503/Desktop/robot_arm_sim/install/moveit_resources/share/moveit_resources/cmake/moveit_resourcesConfig-version.cmake
[2.095s] -- Installing: /home/stephenq0503/Desktop/robot_arm_sim/install/moveit_resources/share/moveit_resources/package.xml
[2.107s] Invoked command in '/home/stephenq0503/Desktop/robot_arm_sim/build/moveit_resources' returned '0': AMENT_PREFIX_PATH=/home/stephenq0503/Desktop/robot_arm_sim/install/moveit_resources_panda_moveit_config:/home/stephenq0503/Desktop/robot_arm_sim/install/moveit_resources_fanuc_moveit_config:/home/stephenq0503/Desktop/robot_arm_sim/install/moveit_resources_pr2_description:/home/stephenq0503/Desktop/robot_arm_sim/install/moveit_resources_panda_description:/home/stephenq0503/Desktop/robot_arm_sim/install/moveit_resources_fanuc_description:${AMENT_PREFIX_PATH} CMAKE_PREFIX_PATH=/home/stephenq0503/Desktop/robot_arm_sim/install/moveit_resources_panda_moveit_config:/home/stephenq0503/Desktop/robot_arm_sim/install/moveit_resources_fanuc_moveit_config:/home/stephenq0503/Desktop/robot_arm_sim/install/moveit_resources_pr2_description:/home/stephenq0503/Desktop/robot_arm_sim/install/moveit_resources_panda_description:/home/stephenq0503/Desktop/robot_arm_sim/install/moveit_resources_fanuc_description:/home/stephenq0503/Desktop/robot_arm_sim/install/six_dof_arm:/home/stephenq0503/Desktop/robot_arm_sim/install/gazebo_ros2_control:/opt/ros/humble /usr/bin/cmake --install /home/stephenq0503/Desktop/robot_arm_sim/build/moveit_resources
