[0.834s] Invoking command in '/home/stephenq0503/Desktop/robot_arm_sim/build/moveit_resources_fanuc_description': CMAKE_PREFIX_PATH=${CMAKE_PREFIX_PATH}:/opt/ros/humble /usr/bin/cmake /home/stephenq0503/Desktop/robot_arm_sim/src/moveit_resources/fanuc_description -DCMAKE_INSTALL_PREFIX=/home/stephenq0503/Desktop/robot_arm_sim/install/moveit_resources_fanuc_description
[0.986s] -- The C compiler identification is GNU 11.4.0
[1.207s] -- The CXX compiler identification is GNU 11.4.0
[1.223s] -- Detecting C compiler ABI info
[1.398s] -- Detecting C compiler ABI info - done
[1.422s] -- Check for working C compiler: /usr/bin/cc - skipped
[1.429s] -- Detecting C compile features
[1.430s] -- Detecting C compile features - done
[1.438s] -- Detecting CXX compiler ABI info
[1.658s] -- Detecting CXX compiler ABI info - done
[1.686s] -- Check for working CXX compiler: /usr/bin/c++ - skipped
[1.686s] -- Detecting CXX compile features
[1.688s] -- Detecting CXX compile features - done
[1.700s] -- Found ament_cmake: 1.3.7 (/opt/ros/humble/share/ament_cmake/cmake)
[2.134s] -- Found Python3: /usr/bin/python3.10 (found version "3.10.12") found components: Interpreter 
[2.532s] -- Configuring done
[2.538s] -- Generating done
[2.541s] -- Build files have been written to: /home/stephenq0503/Desktop/robot_arm_sim/build/moveit_resources_fanuc_description
[2.572s] Invoked command in '/home/stephenq0503/Desktop/robot_arm_sim/build/moveit_resources_fanuc_description' returned '0': CMAKE_PREFIX_PATH=${CMAKE_PREFIX_PATH}:/opt/ros/humble /usr/bin/cmake /home/stephenq0503/Desktop/robot_arm_sim/src/moveit_resources/fanuc_description -DCMAKE_INSTALL_PREFIX=/home/stephenq0503/Desktop/robot_arm_sim/install/moveit_resources_fanuc_description
[2.574s] Invoking command in '/home/stephenq0503/Desktop/robot_arm_sim/build/moveit_resources_fanuc_description': CMAKE_PREFIX_PATH=${CMAKE_PREFIX_PATH}:/opt/ros/humble /usr/bin/cmake --build /home/stephenq0503/Desktop/robot_arm_sim/build/moveit_resources_fanuc_description -- -j8 -l8
[2.755s] Invoked command in '/home/stephenq0503/Desktop/robot_arm_sim/build/moveit_resources_fanuc_description' returned '0': CMAKE_PREFIX_PATH=${CMAKE_PREFIX_PATH}:/opt/ros/humble /usr/bin/cmake --build /home/stephenq0503/Desktop/robot_arm_sim/build/moveit_resources_fanuc_description -- -j8 -l8
[3.158s] Invoking command in '/home/stephenq0503/Desktop/robot_arm_sim/build/moveit_resources_fanuc_description': CMAKE_PREFIX_PATH=${CMAKE_PREFIX_PATH}:/opt/ros/humble /usr/bin/cmake --install /home/stephenq0503/Desktop/robot_arm_sim/build/moveit_resources_fanuc_description
[3.361s] -- Install configuration: ""
[3.361s] -- Installing: /home/stephenq0503/Desktop/robot_arm_sim/install/moveit_resources_fanuc_description/share/ament_index/resource_index/package_run_dependencies/moveit_resources_fanuc_description
[3.361s] -- Installing: /home/stephenq0503/Desktop/robot_arm_sim/install/moveit_resources_fanuc_description/share/ament_index/resource_index/parent_prefix_path/moveit_resources_fanuc_description
[3.361s] -- Installing: /home/stephenq0503/Desktop/robot_arm_sim/install/moveit_resources_fanuc_description/share/moveit_resources_fanuc_description/environment/ament_prefix_path.sh
[3.361s] -- Installing: /home/stephenq0503/Desktop/robot_arm_sim/install/moveit_resources_fanuc_description/share/moveit_resources_fanuc_description/environment/ament_prefix_path.dsv
[3.361s] -- Installing: /home/stephenq0503/Desktop/robot_arm_sim/install/moveit_resources_fanuc_description/share/moveit_resources_fanuc_description/environment/path.sh
[3.362s] -- Installing: /home/stephenq0503/Desktop/robot_arm_sim/install/moveit_resources_fanuc_description/share/moveit_resources_fanuc_description/environment/path.dsv
[3.362s] -- Installing: /home/stephenq0503/Desktop/robot_arm_sim/install/moveit_resources_fanuc_description/share/moveit_resources_fanuc_description/local_setup.bash
[3.362s] -- Installing: /home/stephenq0503/Desktop/robot_arm_sim/install/moveit_resources_fanuc_description/share/moveit_resources_fanuc_description/local_setup.sh
[3.362s] -- Installing: /home/stephenq0503/Desktop/robot_arm_sim/install/moveit_resources_fanuc_description/share/moveit_resources_fanuc_description/local_setup.zsh
[3.362s] -- Installing: /home/stephenq0503/Desktop/robot_arm_sim/install/moveit_resources_fanuc_description/share/moveit_resources_fanuc_description/local_setup.dsv
[3.363s] -- Installing: /home/stephenq0503/Desktop/robot_arm_sim/install/moveit_resources_fanuc_description/share/moveit_resources_fanuc_description/package.dsv
[3.363s] -- Installing: /home/stephenq0503/Desktop/robot_arm_sim/install/moveit_resources_fanuc_description/share/ament_index/resource_index/packages/moveit_resources_fanuc_description
[3.363s] -- Installing: /home/stephenq0503/Desktop/robot_arm_sim/install/moveit_resources_fanuc_description/share/moveit_resources_fanuc_description/cmake/moveit_resources_fanuc_descriptionConfig.cmake
[3.363s] -- Installing: /home/stephenq0503/Desktop/robot_arm_sim/install/moveit_resources_fanuc_description/share/moveit_resources_fanuc_description/cmake/moveit_resources_fanuc_descriptionConfig-version.cmake
[3.363s] -- Installing: /home/stephenq0503/Desktop/robot_arm_sim/install/moveit_resources_fanuc_description/share/moveit_resources_fanuc_description/package.xml
[3.363s] -- Installing: /home/stephenq0503/Desktop/robot_arm_sim/install/moveit_resources_fanuc_description/share/moveit_resources_fanuc_description/meshes
[3.363s] -- Installing: /home/stephenq0503/Desktop/robot_arm_sim/install/moveit_resources_fanuc_description/share/moveit_resources_fanuc_description/meshes/visual
[3.364s] -- Installing: /home/stephenq0503/Desktop/robot_arm_sim/install/moveit_resources_fanuc_description/share/moveit_resources_fanuc_description/meshes/visual/link_3.stl
[3.364s] -- Installing: /home/stephenq0503/Desktop/robot_arm_sim/install/moveit_resources_fanuc_description/share/moveit_resources_fanuc_description/meshes/visual/base_link.stl
[3.365s] -- Installing: /home/stephenq0503/Desktop/robot_arm_sim/install/moveit_resources_fanuc_description/share/moveit_resources_fanuc_description/meshes/visual/link_5.stl
[3.365s] -- Installing: /home/stephenq0503/Desktop/robot_arm_sim/install/moveit_resources_fanuc_description/share/moveit_resources_fanuc_description/meshes/visual/link_4.stl
[3.366s] -- Installing: /home/stephenq0503/Desktop/robot_arm_sim/install/moveit_resources_fanuc_description/share/moveit_resources_fanuc_description/meshes/visual/link_6.stl
[3.366s] -- Installing: /home/stephenq0503/Desktop/robot_arm_sim/install/moveit_resources_fanuc_description/share/moveit_resources_fanuc_description/meshes/visual/link_2.stl
[3.366s] -- Installing: /home/stephenq0503/Desktop/robot_arm_sim/install/moveit_resources_fanuc_description/share/moveit_resources_fanuc_description/meshes/visual/link_1.stl
[3.366s] -- Installing: /home/stephenq0503/Desktop/robot_arm_sim/install/moveit_resources_fanuc_description/share/moveit_resources_fanuc_description/meshes/collision
[3.367s] -- Installing: /home/stephenq0503/Desktop/robot_arm_sim/install/moveit_resources_fanuc_description/share/moveit_resources_fanuc_description/meshes/collision/link_3.stl
[3.367s] -- Installing: /home/stephenq0503/Desktop/robot_arm_sim/install/moveit_resources_fanuc_description/share/moveit_resources_fanuc_description/meshes/collision/base_link.stl
[3.367s] -- Installing: /home/stephenq0503/Desktop/robot_arm_sim/install/moveit_resources_fanuc_description/share/moveit_resources_fanuc_description/meshes/collision/link_5.stl
[3.367s] -- Installing: /home/stephenq0503/Desktop/robot_arm_sim/install/moveit_resources_fanuc_description/share/moveit_resources_fanuc_description/meshes/collision/link_4.stl
[3.368s] -- Installing: /home/stephenq0503/Desktop/robot_arm_sim/install/moveit_resources_fanuc_description/share/moveit_resources_fanuc_description/meshes/collision/link_6.stl
[3.368s] -- Installing: /home/stephenq0503/Desktop/robot_arm_sim/install/moveit_resources_fanuc_description/share/moveit_resources_fanuc_description/meshes/collision/link_2.stl
[3.368s] -- Installing: /home/stephenq0503/Desktop/robot_arm_sim/install/moveit_resources_fanuc_description/share/moveit_resources_fanuc_description/meshes/collision/link_1.stl
[3.369s] -- Installing: /home/stephenq0503/Desktop/robot_arm_sim/install/moveit_resources_fanuc_description/share/moveit_resources_fanuc_description/urdf
[3.369s] -- Installing: /home/stephenq0503/Desktop/robot_arm_sim/install/moveit_resources_fanuc_description/share/moveit_resources_fanuc_description/urdf/fanuc.urdf
[3.406s] Invoked command in '/home/stephenq0503/Desktop/robot_arm_sim/build/moveit_resources_fanuc_description' returned '0': CMAKE_PREFIX_PATH=${CMAKE_PREFIX_PATH}:/opt/ros/humble /usr/bin/cmake --install /home/stephenq0503/Desktop/robot_arm_sim/build/moveit_resources_fanuc_description
